                                 Started job on |	May 05 11:19:22
                             Started mapping on |	May 05 11:19:24
                                    Finished on |	May 05 11:22:06
       Mapping speed, Million of reads per hour |	3.16

                          Number of input reads |	142363
                      Average input read length |	202
                                    UNIQUE READS:
                   Uniquely mapped reads number |	40711
                        Uniquely mapped reads % |	28.60%
                          Average mapped length |	196.10
                       Number of splices: Total |	88693
            Number of splices: Annotated (sjdb) |	87534
                       Number of splices: GT/AG |	88636
                       Number of splices: GC/AG |	57
                       Number of splices: AT/AC |	0
               Number of splices: Non-canonical |	0
                      Mismatch rate per base, % |	0.70%
                         Deletion rate per base |	0.36%
                        Deletion average length |	1.00
                        Insertion rate per base |	0.00%
                       Insertion average length |	1.07
                             MULTI-MAPPING READS:
        Number of reads mapped to multiple loci |	59
             % of reads mapped to multiple loci |	0.04%
        Number of reads mapped to too many loci |	6
             % of reads mapped to too many loci |	0.00%
                                  UNMAPPED READS:
       % of reads unmapped: too many mismatches |	0.41%
                 % of reads unmapped: too short |	70.94%
                     % of reads unmapped: other |	0.00%
                                  CHIMERIC READS:
                       Number of chimeric reads |	5
                            % of chimeric reads |	0.00%
