                                 Started job on |	May 09 07:16:08
                             Started mapping on |	May 09 07:16:09
                                    Finished on |	May 09 07:19:19
       Mapping speed, Million of reads per hour |	3.58

                          Number of input reads |	188938
                      Average input read length |	202
                                    UNIQUE READS:
                   Uniquely mapped reads number |	54468
                        Uniquely mapped reads % |	28.83%
                          Average mapped length |	194.56
                       Number of splices: Total |	156280
            Number of splices: Annotated (sjdb) |	155398
                       Number of splices: GT/AG |	156079
                       Number of splices: GC/AG |	201
                       Number of splices: AT/AC |	0
               Number of splices: Non-canonical |	0
                      Mismatch rate per base, % |	0.77%
                         Deletion rate per base |	0.31%
                        Deletion average length |	1.00
                        Insertion rate per base |	0.11%
                       Insertion average length |	11.34
                             MULTI-MAPPING READS:
        Number of reads mapped to multiple loci |	138
             % of reads mapped to multiple loci |	0.07%
        Number of reads mapped to too many loci |	4
             % of reads mapped to too many loci |	0.00%
                                  UNMAPPED READS:
       % of reads unmapped: too many mismatches |	0.57%
                 % of reads unmapped: too short |	70.53%
                     % of reads unmapped: other |	0.00%
                                  CHIMERIC READS:
                       Number of chimeric reads |	13
                            % of chimeric reads |	0.01%
