                                 Started job on |	May 08 12:07:46
                             Started mapping on |	May 08 12:07:48
                                    Finished on |	May 08 12:11:45
       Mapping speed, Million of reads per hour |	2.47

                          Number of input reads |	162931
                      Average input read length |	202
                                    UNIQUE READS:
                   Uniquely mapped reads number |	43443
                        Uniquely mapped reads % |	26.66%
                          Average mapped length |	194.69
                       Number of splices: Total |	123325
            Number of splices: Annotated (sjdb) |	122598
                       Number of splices: GT/AG |	123196
                       Number of splices: GC/AG |	129
                       Number of splices: AT/AC |	0
               Number of splices: Non-canonical |	0
                      Mismatch rate per base, % |	0.77%
                         Deletion rate per base |	0.31%
                        Deletion average length |	1.01
                        Insertion rate per base |	0.10%
                       Insertion average length |	11.39
                             MULTI-MAPPING READS:
        Number of reads mapped to multiple loci |	136
             % of reads mapped to multiple loci |	0.08%
        Number of reads mapped to too many loci |	8
             % of reads mapped to too many loci |	0.00%
                                  UNMAPPED READS:
       % of reads unmapped: too many mismatches |	0.47%
                 % of reads unmapped: too short |	72.78%
                     % of reads unmapped: other |	0.00%
                                  CHIMERIC READS:
                       Number of chimeric reads |	8
                            % of chimeric reads |	0.00%
