                                 Started job on |	May 11 11:58:20
                             Started mapping on |	May 11 11:58:22
                                    Finished on |	May 11 12:01:14
       Mapping speed, Million of reads per hour |	3.61

                          Number of input reads |	172494
                      Average input read length |	202
                                    UNIQUE READS:
                   Uniquely mapped reads number |	48882
                        Uniquely mapped reads % |	28.34%
                          Average mapped length |	196.12
                       Number of splices: Total |	104677
            Number of splices: Annotated (sjdb) |	103428
                       Number of splices: GT/AG |	104560
                       Number of splices: GC/AG |	117
                       Number of splices: AT/AC |	0
               Number of splices: Non-canonical |	0
                      Mismatch rate per base, % |	0.70%
                         Deletion rate per base |	0.35%
                        Deletion average length |	1.00
                        Insertion rate per base |	0.00%
                       Insertion average length |	1.26
                             MULTI-MAPPING READS:
        Number of reads mapped to multiple loci |	59
             % of reads mapped to multiple loci |	0.03%
        Number of reads mapped to too many loci |	18
             % of reads mapped to too many loci |	0.01%
                                  UNMAPPED READS:
       % of reads unmapped: too many mismatches |	0.49%
                 % of reads unmapped: too short |	71.13%
                     % of reads unmapped: other |	0.00%
                                  CHIMERIC READS:
                       Number of chimeric reads |	4
                            % of chimeric reads |	0.00%
