                                 Started job on |	May 05 08:59:38
                             Started mapping on |	May 05 08:59:40
                                    Finished on |	May 05 09:02:35
       Mapping speed, Million of reads per hour |	6.15

                          Number of input reads |	299049
                      Average input read length |	202
                                    UNIQUE READS:
                   Uniquely mapped reads number |	54719
                        Uniquely mapped reads % |	18.30%
                          Average mapped length |	196.59
                       Number of splices: Total |	119789
            Number of splices: Annotated (sjdb) |	118409
                       Number of splices: GT/AG |	119723
                       Number of splices: GC/AG |	66
                       Number of splices: AT/AC |	0
               Number of splices: Non-canonical |	0
                      Mismatch rate per base, % |	0.68%
                         Deletion rate per base |	0.37%
                        Deletion average length |	1.00
                        Insertion rate per base |	0.00%
                       Insertion average length |	1.02
                             MULTI-MAPPING READS:
        Number of reads mapped to multiple loci |	67
             % of reads mapped to multiple loci |	0.02%
        Number of reads mapped to too many loci |	12
             % of reads mapped to too many loci |	0.00%
                                  UNMAPPED READS:
       % of reads unmapped: too many mismatches |	0.28%
                 % of reads unmapped: too short |	81.39%
                     % of reads unmapped: other |	0.00%
                                  CHIMERIC READS:
                       Number of chimeric reads |	0
                            % of chimeric reads |	0.00%
