                                 Started job on |	May 11 10:29:56
                             Started mapping on |	May 11 10:29:57
                                    Finished on |	May 11 10:32:38
       Mapping speed, Million of reads per hour |	5.29

                          Number of input reads |	236621
                      Average input read length |	202
                                    UNIQUE READS:
                   Uniquely mapped reads number |	58770
                        Uniquely mapped reads % |	24.84%
                          Average mapped length |	196.43
                       Number of splices: Total |	126821
            Number of splices: Annotated (sjdb) |	125583
                       Number of splices: GT/AG |	126745
                       Number of splices: GC/AG |	76
                       Number of splices: AT/AC |	0
               Number of splices: Non-canonical |	0
                      Mismatch rate per base, % |	0.69%
                         Deletion rate per base |	0.36%
                        Deletion average length |	1.00
                        Insertion rate per base |	0.00%
                       Insertion average length |	1.15
                             MULTI-MAPPING READS:
        Number of reads mapped to multiple loci |	71
             % of reads mapped to multiple loci |	0.03%
        Number of reads mapped to too many loci |	8
             % of reads mapped to too many loci |	0.00%
                                  UNMAPPED READS:
       % of reads unmapped: too many mismatches |	0.40%
                 % of reads unmapped: too short |	74.73%
                     % of reads unmapped: other |	0.00%
                                  CHIMERIC READS:
                       Number of chimeric reads |	4
                            % of chimeric reads |	0.00%
