                                 Started job on |	May 08 08:36:30
                             Started mapping on |	May 08 08:36:31
                                    Finished on |	May 08 08:39:18
       Mapping speed, Million of reads per hour |	5.27

                          Number of input reads |	244668
                      Average input read length |	202
                                    UNIQUE READS:
                   Uniquely mapped reads number |	60564
                        Uniquely mapped reads % |	24.75%
                          Average mapped length |	195.21
                       Number of splices: Total |	176336
            Number of splices: Annotated (sjdb) |	175465
                       Number of splices: GT/AG |	176175
                       Number of splices: GC/AG |	161
                       Number of splices: AT/AC |	0
               Number of splices: Non-canonical |	0
                      Mismatch rate per base, % |	0.74%
                         Deletion rate per base |	0.33%
                        Deletion average length |	1.00
                        Insertion rate per base |	0.08%
                       Insertion average length |	11.32
                             MULTI-MAPPING READS:
        Number of reads mapped to multiple loci |	144
             % of reads mapped to multiple loci |	0.06%
        Number of reads mapped to too many loci |	3
             % of reads mapped to too many loci |	0.00%
                                  UNMAPPED READS:
       % of reads unmapped: too many mismatches |	0.43%
                 % of reads unmapped: too short |	74.75%
                     % of reads unmapped: other |	0.00%
                                  CHIMERIC READS:
                       Number of chimeric reads |	11
                            % of chimeric reads |	0.00%
