                                 Started job on |	May 09 10:33:30
                             Started mapping on |	May 09 10:33:41
                                    Finished on |	May 09 10:36:49
       Mapping speed, Million of reads per hour |	4.39

                          Number of input reads |	229068
                      Average input read length |	202
                                    UNIQUE READS:
                   Uniquely mapped reads number |	54180
                        Uniquely mapped reads % |	23.65%
                          Average mapped length |	195.26
                       Number of splices: Total |	159062
            Number of splices: Annotated (sjdb) |	158141
                       Number of splices: GT/AG |	158891
                       Number of splices: GC/AG |	171
                       Number of splices: AT/AC |	0
               Number of splices: Non-canonical |	0
                      Mismatch rate per base, % |	0.75%
                         Deletion rate per base |	0.32%
                        Deletion average length |	1.00
                        Insertion rate per base |	0.08%
                       Insertion average length |	11.13
                             MULTI-MAPPING READS:
        Number of reads mapped to multiple loci |	115
             % of reads mapped to multiple loci |	0.05%
        Number of reads mapped to too many loci |	1
             % of reads mapped to too many loci |	0.00%
                                  UNMAPPED READS:
       % of reads unmapped: too many mismatches |	0.45%
                 % of reads unmapped: too short |	75.84%
                     % of reads unmapped: other |	0.00%
                                  CHIMERIC READS:
                       Number of chimeric reads |	4
                            % of chimeric reads |	0.00%
