                                 Started job on |	May 08 12:26:01
                             Started mapping on |	May 08 12:26:02
                                    Finished on |	May 08 12:28:56
       Mapping speed, Million of reads per hour |	6.47

                          Number of input reads |	312586
                      Average input read length |	202
                                    UNIQUE READS:
                   Uniquely mapped reads number |	71052
                        Uniquely mapped reads % |	22.73%
                          Average mapped length |	195.02
                       Number of splices: Total |	208511
            Number of splices: Annotated (sjdb) |	207375
                       Number of splices: GT/AG |	208391
                       Number of splices: GC/AG |	120
                       Number of splices: AT/AC |	0
               Number of splices: Non-canonical |	0
                      Mismatch rate per base, % |	0.70%
                         Deletion rate per base |	0.32%
                        Deletion average length |	1.01
                        Insertion rate per base |	0.09%
                       Insertion average length |	11.15
                             MULTI-MAPPING READS:
        Number of reads mapped to multiple loci |	137
             % of reads mapped to multiple loci |	0.04%
        Number of reads mapped to too many loci |	9
             % of reads mapped to too many loci |	0.00%
                                  UNMAPPED READS:
       % of reads unmapped: too many mismatches |	0.39%
                 % of reads unmapped: too short |	76.83%
                     % of reads unmapped: other |	0.00%
                                  CHIMERIC READS:
                       Number of chimeric reads |	18
                            % of chimeric reads |	0.01%
