                                 Started job on |	May 08 23:38:41
                             Started mapping on |	May 08 23:38:42
                                    Finished on |	May 08 23:41:06
       Mapping speed, Million of reads per hour |	3.22

                          Number of input reads |	128873
                      Average input read length |	202
                                    UNIQUE READS:
                   Uniquely mapped reads number |	31713
                        Uniquely mapped reads % |	24.61%
                          Average mapped length |	194.95
                       Number of splices: Total |	89508
            Number of splices: Annotated (sjdb) |	88947
                       Number of splices: GT/AG |	89389
                       Number of splices: GC/AG |	119
                       Number of splices: AT/AC |	0
               Number of splices: Non-canonical |	0
                      Mismatch rate per base, % |	0.72%
                         Deletion rate per base |	0.31%
                        Deletion average length |	1.01
                        Insertion rate per base |	0.08%
                       Insertion average length |	11.15
                             MULTI-MAPPING READS:
        Number of reads mapped to multiple loci |	55
             % of reads mapped to multiple loci |	0.04%
        Number of reads mapped to too many loci |	2
             % of reads mapped to too many loci |	0.00%
                                  UNMAPPED READS:
       % of reads unmapped: too many mismatches |	0.48%
                 % of reads unmapped: too short |	74.87%
                     % of reads unmapped: other |	0.00%
                                  CHIMERIC READS:
                       Number of chimeric reads |	6
                            % of chimeric reads |	0.00%
