                                 Started job on |	May 11 02:31:39
                             Started mapping on |	May 11 02:31:40
                                    Finished on |	May 11 02:34:36
       Mapping speed, Million of reads per hour |	7.42

                          Number of input reads |	362922
                      Average input read length |	202
                                    UNIQUE READS:
                   Uniquely mapped reads number |	86182
                        Uniquely mapped reads % |	23.75%
                          Average mapped length |	196.65
                       Number of splices: Total |	186249
            Number of splices: Annotated (sjdb) |	184597
                       Number of splices: GT/AG |	186197
                       Number of splices: GC/AG |	52
                       Number of splices: AT/AC |	0
               Number of splices: Non-canonical |	0
                      Mismatch rate per base, % |	0.77%
                         Deletion rate per base |	0.38%
                        Deletion average length |	1.00
                        Insertion rate per base |	0.00%
                       Insertion average length |	1.04
                             MULTI-MAPPING READS:
        Number of reads mapped to multiple loci |	100
             % of reads mapped to multiple loci |	0.03%
        Number of reads mapped to too many loci |	17
             % of reads mapped to too many loci |	0.00%
                                  UNMAPPED READS:
       % of reads unmapped: too many mismatches |	0.57%
                 % of reads unmapped: too short |	75.65%
                     % of reads unmapped: other |	0.00%
                                  CHIMERIC READS:
                       Number of chimeric reads |	7
                            % of chimeric reads |	0.00%
