                                 Started job on |	May 09 02:46:27
                             Started mapping on |	May 09 02:46:34
                                    Finished on |	May 09 02:49:35
       Mapping speed, Million of reads per hour |	3.63

                          Number of input reads |	182627
                      Average input read length |	202
                                    UNIQUE READS:
                   Uniquely mapped reads number |	47384
                        Uniquely mapped reads % |	25.95%
                          Average mapped length |	194.77
                       Number of splices: Total |	135415
            Number of splices: Annotated (sjdb) |	134644
                       Number of splices: GT/AG |	135313
                       Number of splices: GC/AG |	102
                       Number of splices: AT/AC |	0
               Number of splices: Non-canonical |	0
                      Mismatch rate per base, % |	0.70%
                         Deletion rate per base |	0.30%
                        Deletion average length |	1.01
                        Insertion rate per base |	0.09%
                       Insertion average length |	11.26
                             MULTI-MAPPING READS:
        Number of reads mapped to multiple loci |	114
             % of reads mapped to multiple loci |	0.06%
        Number of reads mapped to too many loci |	4
             % of reads mapped to too many loci |	0.00%
                                  UNMAPPED READS:
       % of reads unmapped: too many mismatches |	0.43%
                 % of reads unmapped: too short |	73.56%
                     % of reads unmapped: other |	0.00%
                                  CHIMERIC READS:
                       Number of chimeric reads |	9
                            % of chimeric reads |	0.00%
