                                 Started job on |	May 05 18:25:45
                             Started mapping on |	May 05 18:25:46
                                    Finished on |	May 05 18:27:40
       Mapping speed, Million of reads per hour |	5.67

                          Number of input reads |	179569
                      Average input read length |	202
                                    UNIQUE READS:
                   Uniquely mapped reads number |	43433
                        Uniquely mapped reads % |	24.19%
                          Average mapped length |	195.95
                       Number of splices: Total |	94218
            Number of splices: Annotated (sjdb) |	93197
                       Number of splices: GT/AG |	94184
                       Number of splices: GC/AG |	34
                       Number of splices: AT/AC |	0
               Number of splices: Non-canonical |	0
                      Mismatch rate per base, % |	0.75%
                         Deletion rate per base |	0.35%
                        Deletion average length |	1.00
                        Insertion rate per base |	0.00%
                       Insertion average length |	1.00
                             MULTI-MAPPING READS:
        Number of reads mapped to multiple loci |	73
             % of reads mapped to multiple loci |	0.04%
        Number of reads mapped to too many loci |	6
             % of reads mapped to too many loci |	0.00%
                                  UNMAPPED READS:
       % of reads unmapped: too many mismatches |	0.43%
                 % of reads unmapped: too short |	75.33%
                     % of reads unmapped: other |	0.00%
                                  CHIMERIC READS:
                       Number of chimeric reads |	3
                            % of chimeric reads |	0.00%
