                                 Started job on |	May 08 22:58:30
                             Started mapping on |	May 08 22:58:31
                                    Finished on |	May 08 23:00:32
       Mapping speed, Million of reads per hour |	4.68

                          Number of input reads |	157360
                      Average input read length |	202
                                    UNIQUE READS:
                   Uniquely mapped reads number |	45224
                        Uniquely mapped reads % |	28.74%
                          Average mapped length |	194.66
                       Number of splices: Total |	129862
            Number of splices: Annotated (sjdb) |	129025
                       Number of splices: GT/AG |	129738
                       Number of splices: GC/AG |	124
                       Number of splices: AT/AC |	0
               Number of splices: Non-canonical |	0
                      Mismatch rate per base, % |	0.73%
                         Deletion rate per base |	0.30%
                        Deletion average length |	1.01
                        Insertion rate per base |	0.11%
                       Insertion average length |	11.44
                             MULTI-MAPPING READS:
        Number of reads mapped to multiple loci |	85
             % of reads mapped to multiple loci |	0.05%
        Number of reads mapped to too many loci |	9
             % of reads mapped to too many loci |	0.01%
                                  UNMAPPED READS:
       % of reads unmapped: too many mismatches |	0.48%
                 % of reads unmapped: too short |	70.72%
                     % of reads unmapped: other |	0.00%
                                  CHIMERIC READS:
                       Number of chimeric reads |	10
                            % of chimeric reads |	0.01%
