                                 Started job on |	May 04 07:11:35
                             Started mapping on |	May 04 07:11:37
                                    Finished on |	May 04 07:13:31
       Mapping speed, Million of reads per hour |	7.81

                          Number of input reads |	247303
                      Average input read length |	202
                                    UNIQUE READS:
                   Uniquely mapped reads number |	65605
                        Uniquely mapped reads % |	26.53%
                          Average mapped length |	196.15
                       Number of splices: Total |	141098
            Number of splices: Annotated (sjdb) |	139482
                       Number of splices: GT/AG |	141022
                       Number of splices: GC/AG |	76
                       Number of splices: AT/AC |	0
               Number of splices: Non-canonical |	0
                      Mismatch rate per base, % |	0.69%
                         Deletion rate per base |	0.36%
                        Deletion average length |	1.00
                        Insertion rate per base |	0.00%
                       Insertion average length |	1.26
                             MULTI-MAPPING READS:
        Number of reads mapped to multiple loci |	79
             % of reads mapped to multiple loci |	0.03%
        Number of reads mapped to too many loci |	11
             % of reads mapped to too many loci |	0.00%
                                  UNMAPPED READS:
       % of reads unmapped: too many mismatches |	0.41%
                 % of reads unmapped: too short |	73.02%
                     % of reads unmapped: other |	0.00%
                                  CHIMERIC READS:
                       Number of chimeric reads |	6
                            % of chimeric reads |	0.00%
