                                 Started job on |	May 10 18:35:39
                             Started mapping on |	May 10 18:35:40
                                    Finished on |	May 10 18:37:59
       Mapping speed, Million of reads per hour |	7.31

                          Number of input reads |	282130
                      Average input read length |	202
                                    UNIQUE READS:
                   Uniquely mapped reads number |	67147
                        Uniquely mapped reads % |	23.80%
                          Average mapped length |	194.77
                       Number of splices: Total |	194199
            Number of splices: Annotated (sjdb) |	193170
                       Number of splices: GT/AG |	194038
                       Number of splices: GC/AG |	161
                       Number of splices: AT/AC |	0
               Number of splices: Non-canonical |	0
                      Mismatch rate per base, % |	0.75%
                         Deletion rate per base |	0.31%
                        Deletion average length |	1.00
                        Insertion rate per base |	0.08%
                       Insertion average length |	11.36
                             MULTI-MAPPING READS:
        Number of reads mapped to multiple loci |	139
             % of reads mapped to multiple loci |	0.05%
        Number of reads mapped to too many loci |	9
             % of reads mapped to too many loci |	0.00%
                                  UNMAPPED READS:
       % of reads unmapped: too many mismatches |	0.45%
                 % of reads unmapped: too short |	75.69%
                     % of reads unmapped: other |	0.00%
                                  CHIMERIC READS:
                       Number of chimeric reads |	17
                            % of chimeric reads |	0.01%
