                                 Started job on |	May 10 10:17:31
                             Started mapping on |	May 10 10:17:33
                                    Finished on |	May 10 10:20:30
       Mapping speed, Million of reads per hour |	4.12

                          Number of input reads |	202689
                      Average input read length |	202
                                    UNIQUE READS:
                   Uniquely mapped reads number |	62287
                        Uniquely mapped reads % |	30.73%
                          Average mapped length |	196.16
                       Number of splices: Total |	134327
            Number of splices: Annotated (sjdb) |	132791
                       Number of splices: GT/AG |	134222
                       Number of splices: GC/AG |	105
                       Number of splices: AT/AC |	0
               Number of splices: Non-canonical |	0
                      Mismatch rate per base, % |	0.71%
                         Deletion rate per base |	0.35%
                        Deletion average length |	1.00
                        Insertion rate per base |	0.00%
                       Insertion average length |	1.02
                             MULTI-MAPPING READS:
        Number of reads mapped to multiple loci |	91
             % of reads mapped to multiple loci |	0.04%
        Number of reads mapped to too many loci |	10
             % of reads mapped to too many loci |	0.00%
                                  UNMAPPED READS:
       % of reads unmapped: too many mismatches |	0.59%
                 % of reads unmapped: too short |	68.63%
                     % of reads unmapped: other |	0.00%
                                  CHIMERIC READS:
                       Number of chimeric reads |	4
                            % of chimeric reads |	0.00%
