                                 Started job on |	May 08 04:26:33
                             Started mapping on |	May 08 04:26:36
                                    Finished on |	May 08 04:28:41
       Mapping speed, Million of reads per hour |	10.91

                          Number of input reads |	378973
                      Average input read length |	202
                                    UNIQUE READS:
                   Uniquely mapped reads number |	96594
                        Uniquely mapped reads % |	25.49%
                          Average mapped length |	195.00
                       Number of splices: Total |	279986
            Number of splices: Annotated (sjdb) |	278467
                       Number of splices: GT/AG |	279764
                       Number of splices: GC/AG |	222
                       Number of splices: AT/AC |	0
               Number of splices: Non-canonical |	0
                      Mismatch rate per base, % |	0.74%
                         Deletion rate per base |	0.32%
                        Deletion average length |	1.00
                        Insertion rate per base |	0.06%
                       Insertion average length |	10.85
                             MULTI-MAPPING READS:
        Number of reads mapped to multiple loci |	213
             % of reads mapped to multiple loci |	0.06%
        Number of reads mapped to too many loci |	12
             % of reads mapped to too many loci |	0.00%
                                  UNMAPPED READS:
       % of reads unmapped: too many mismatches |	0.46%
                 % of reads unmapped: too short |	73.99%
                     % of reads unmapped: other |	0.00%
                                  CHIMERIC READS:
                       Number of chimeric reads |	18
                            % of chimeric reads |	0.00%
