                                 Started job on |	May 08 06:19:44
                             Started mapping on |	May 08 06:19:46
                                    Finished on |	May 08 06:22:08
       Mapping speed, Million of reads per hour |	6.95

                          Number of input reads |	274100
                      Average input read length |	202
                                    UNIQUE READS:
                   Uniquely mapped reads number |	68303
                        Uniquely mapped reads % |	24.92%
                          Average mapped length |	194.82
                       Number of splices: Total |	199003
            Number of splices: Annotated (sjdb) |	197880
                       Number of splices: GT/AG |	198859
                       Number of splices: GC/AG |	144
                       Number of splices: AT/AC |	0
               Number of splices: Non-canonical |	0
                      Mismatch rate per base, % |	0.81%
                         Deletion rate per base |	0.33%
                        Deletion average length |	1.01
                        Insertion rate per base |	0.07%
                       Insertion average length |	11.19
                             MULTI-MAPPING READS:
        Number of reads mapped to multiple loci |	140
             % of reads mapped to multiple loci |	0.05%
        Number of reads mapped to too many loci |	15
             % of reads mapped to too many loci |	0.01%
                                  UNMAPPED READS:
       % of reads unmapped: too many mismatches |	0.60%
                 % of reads unmapped: too short |	74.43%
                     % of reads unmapped: other |	0.00%
                                  CHIMERIC READS:
                       Number of chimeric reads |	15
                            % of chimeric reads |	0.01%
