                                 Started job on |	May 06 19:08:15
                             Started mapping on |	May 06 19:08:17
                                    Finished on |	May 06 19:11:08
       Mapping speed, Million of reads per hour |	4.81

                          Number of input reads |	228483
                      Average input read length |	202
                                    UNIQUE READS:
                   Uniquely mapped reads number |	44745
                        Uniquely mapped reads % |	19.58%
                          Average mapped length |	195.00
                       Number of splices: Total |	130118
            Number of splices: Annotated (sjdb) |	129495
                       Number of splices: GT/AG |	129995
                       Number of splices: GC/AG |	123
                       Number of splices: AT/AC |	0
               Number of splices: Non-canonical |	0
                      Mismatch rate per base, % |	0.74%
                         Deletion rate per base |	0.33%
                        Deletion average length |	1.00
                        Insertion rate per base |	0.08%
                       Insertion average length |	11.07
                             MULTI-MAPPING READS:
        Number of reads mapped to multiple loci |	97
             % of reads mapped to multiple loci |	0.04%
        Number of reads mapped to too many loci |	8
             % of reads mapped to too many loci |	0.00%
                                  UNMAPPED READS:
       % of reads unmapped: too many mismatches |	0.34%
                 % of reads unmapped: too short |	80.03%
                     % of reads unmapped: other |	0.00%
                                  CHIMERIC READS:
                       Number of chimeric reads |	9
                            % of chimeric reads |	0.00%
