                                 Started job on |	May 04 04:17:42
                             Started mapping on |	May 04 04:17:43
                                    Finished on |	May 04 04:19:59
       Mapping speed, Million of reads per hour |	5.66

                          Number of input reads |	213933
                      Average input read length |	202
                                    UNIQUE READS:
                   Uniquely mapped reads number |	60475
                        Uniquely mapped reads % |	28.27%
                          Average mapped length |	196.09
                       Number of splices: Total |	129544
            Number of splices: Annotated (sjdb) |	127752
                       Number of splices: GT/AG |	129446
                       Number of splices: GC/AG |	98
                       Number of splices: AT/AC |	0
               Number of splices: Non-canonical |	0
                      Mismatch rate per base, % |	0.70%
                         Deletion rate per base |	0.35%
                        Deletion average length |	1.00
                        Insertion rate per base |	0.00%
                       Insertion average length |	1.22
                             MULTI-MAPPING READS:
        Number of reads mapped to multiple loci |	71
             % of reads mapped to multiple loci |	0.03%
        Number of reads mapped to too many loci |	16
             % of reads mapped to too many loci |	0.01%
                                  UNMAPPED READS:
       % of reads unmapped: too many mismatches |	0.40%
                 % of reads unmapped: too short |	71.29%
                     % of reads unmapped: other |	0.00%
                                  CHIMERIC READS:
                       Number of chimeric reads |	6
                            % of chimeric reads |	0.00%
