                                 Started job on |	May 11 05:14:25
                             Started mapping on |	May 11 05:14:26
                                    Finished on |	May 11 05:16:19
       Mapping speed, Million of reads per hour |	11.00

                          Number of input reads |	345143
                      Average input read length |	202
                                    UNIQUE READS:
                   Uniquely mapped reads number |	84570
                        Uniquely mapped reads % |	24.50%
                          Average mapped length |	196.60
                       Number of splices: Total |	182355
            Number of splices: Annotated (sjdb) |	180637
                       Number of splices: GT/AG |	182268
                       Number of splices: GC/AG |	87
                       Number of splices: AT/AC |	0
               Number of splices: Non-canonical |	0
                      Mismatch rate per base, % |	0.68%
                         Deletion rate per base |	0.36%
                        Deletion average length |	1.00
                        Insertion rate per base |	0.00%
                       Insertion average length |	1.14
                             MULTI-MAPPING READS:
        Number of reads mapped to multiple loci |	115
             % of reads mapped to multiple loci |	0.03%
        Number of reads mapped to too many loci |	14
             % of reads mapped to too many loci |	0.00%
                                  UNMAPPED READS:
       % of reads unmapped: too many mismatches |	0.40%
                 % of reads unmapped: too short |	75.06%
                     % of reads unmapped: other |	0.00%
                                  CHIMERIC READS:
                       Number of chimeric reads |	6
                            % of chimeric reads |	0.00%
