                                 Started job on |	May 05 10:32:13
                             Started mapping on |	May 05 10:32:14
                                    Finished on |	May 05 10:34:57
       Mapping speed, Million of reads per hour |	4.48

                          Number of input reads |	202744
                      Average input read length |	202
                                    UNIQUE READS:
                   Uniquely mapped reads number |	32298
                        Uniquely mapped reads % |	15.93%
                          Average mapped length |	196.48
                       Number of splices: Total |	69536
            Number of splices: Annotated (sjdb) |	68680
                       Number of splices: GT/AG |	69501
                       Number of splices: GC/AG |	35
                       Number of splices: AT/AC |	0
               Number of splices: Non-canonical |	0
                      Mismatch rate per base, % |	0.69%
                         Deletion rate per base |	0.37%
                        Deletion average length |	1.00
                        Insertion rate per base |	0.00%
                       Insertion average length |	1.36
                             MULTI-MAPPING READS:
        Number of reads mapped to multiple loci |	45
             % of reads mapped to multiple loci |	0.02%
        Number of reads mapped to too many loci |	2
             % of reads mapped to too many loci |	0.00%
                                  UNMAPPED READS:
       % of reads unmapped: too many mismatches |	0.25%
                 % of reads unmapped: too short |	83.80%
                     % of reads unmapped: other |	0.00%
                                  CHIMERIC READS:
                       Number of chimeric reads |	4
                            % of chimeric reads |	0.00%
