                                 Started job on |	May 09 14:58:34
                             Started mapping on |	May 09 14:58:35
                                    Finished on |	May 09 15:00:49
       Mapping speed, Million of reads per hour |	8.34

                          Number of input reads |	310615
                      Average input read length |	202
                                    UNIQUE READS:
                   Uniquely mapped reads number |	77825
                        Uniquely mapped reads % |	25.06%
                          Average mapped length |	195.02
                       Number of splices: Total |	228689
            Number of splices: Annotated (sjdb) |	227572
                       Number of splices: GT/AG |	228468
                       Number of splices: GC/AG |	221
                       Number of splices: AT/AC |	0
               Number of splices: Non-canonical |	0
                      Mismatch rate per base, % |	0.72%
                         Deletion rate per base |	0.32%
                        Deletion average length |	1.00
                        Insertion rate per base |	0.07%
                       Insertion average length |	11.08
                             MULTI-MAPPING READS:
        Number of reads mapped to multiple loci |	161
             % of reads mapped to multiple loci |	0.05%
        Number of reads mapped to too many loci |	8
             % of reads mapped to too many loci |	0.00%
                                  UNMAPPED READS:
       % of reads unmapped: too many mismatches |	0.43%
                 % of reads unmapped: too short |	74.46%
                     % of reads unmapped: other |	0.00%
                                  CHIMERIC READS:
                       Number of chimeric reads |	9
                            % of chimeric reads |	0.00%
