                                 Started job on |	May 07 05:25:34
                             Started mapping on |	May 07 05:25:36
                                    Finished on |	May 07 05:29:59
       Mapping speed, Million of reads per hour |	3.85

                          Number of input reads |	281101
                      Average input read length |	202
                                    UNIQUE READS:
                   Uniquely mapped reads number |	64225
                        Uniquely mapped reads % |	22.85%
                          Average mapped length |	195.15
                       Number of splices: Total |	184396
            Number of splices: Annotated (sjdb) |	183373
                       Number of splices: GT/AG |	184170
                       Number of splices: GC/AG |	226
                       Number of splices: AT/AC |	0
               Number of splices: Non-canonical |	0
                      Mismatch rate per base, % |	0.75%
                         Deletion rate per base |	0.33%
                        Deletion average length |	1.00
                        Insertion rate per base |	0.08%
                       Insertion average length |	11.22
                             MULTI-MAPPING READS:
        Number of reads mapped to multiple loci |	112
             % of reads mapped to multiple loci |	0.04%
        Number of reads mapped to too many loci |	11
             % of reads mapped to too many loci |	0.00%
                                  UNMAPPED READS:
       % of reads unmapped: too many mismatches |	0.40%
                 % of reads unmapped: too short |	76.71%
                     % of reads unmapped: other |	0.00%
                                  CHIMERIC READS:
                       Number of chimeric reads |	12
                            % of chimeric reads |	0.00%
