                                 Started job on |	May 08 22:54:06
                             Started mapping on |	May 08 22:54:07
                                    Finished on |	May 08 22:56:29
       Mapping speed, Million of reads per hour |	4.08

                          Number of input reads |	160837
                      Average input read length |	202
                                    UNIQUE READS:
                   Uniquely mapped reads number |	49662
                        Uniquely mapped reads % |	30.88%
                          Average mapped length |	194.53
                       Number of splices: Total |	136139
            Number of splices: Annotated (sjdb) |	135230
                       Number of splices: GT/AG |	136025
                       Number of splices: GC/AG |	114
                       Number of splices: AT/AC |	0
               Number of splices: Non-canonical |	0
                      Mismatch rate per base, % |	0.75%
                         Deletion rate per base |	0.29%
                        Deletion average length |	1.00
                        Insertion rate per base |	0.09%
                       Insertion average length |	11.25
                             MULTI-MAPPING READS:
        Number of reads mapped to multiple loci |	108
             % of reads mapped to multiple loci |	0.07%
        Number of reads mapped to too many loci |	9
             % of reads mapped to too many loci |	0.01%
                                  UNMAPPED READS:
       % of reads unmapped: too many mismatches |	0.58%
                 % of reads unmapped: too short |	68.47%
                     % of reads unmapped: other |	0.00%
                                  CHIMERIC READS:
                       Number of chimeric reads |	6
                            % of chimeric reads |	0.00%
