                                 Started job on |	May 10 17:37:38
                             Started mapping on |	May 10 17:37:39
                                    Finished on |	May 10 17:39:43
       Mapping speed, Million of reads per hour |	7.50

                          Number of input reads |	258467
                      Average input read length |	202
                                    UNIQUE READS:
                   Uniquely mapped reads number |	77265
                        Uniquely mapped reads % |	29.89%
                          Average mapped length |	194.32
                       Number of splices: Total |	219651
            Number of splices: Annotated (sjdb) |	218500
                       Number of splices: GT/AG |	219309
                       Number of splices: GC/AG |	342
                       Number of splices: AT/AC |	0
               Number of splices: Non-canonical |	0
                      Mismatch rate per base, % |	0.78%
                         Deletion rate per base |	0.30%
                        Deletion average length |	1.00
                        Insertion rate per base |	0.09%
                       Insertion average length |	11.24
                             MULTI-MAPPING READS:
        Number of reads mapped to multiple loci |	187
             % of reads mapped to multiple loci |	0.07%
        Number of reads mapped to too many loci |	9
             % of reads mapped to too many loci |	0.00%
                                  UNMAPPED READS:
       % of reads unmapped: too many mismatches |	0.60%
                 % of reads unmapped: too short |	69.43%
                     % of reads unmapped: other |	0.00%
                                  CHIMERIC READS:
                       Number of chimeric reads |	16
                            % of chimeric reads |	0.01%
