                                 Started job on |	May 08 23:41:07
                             Started mapping on |	May 08 23:41:08
                                    Finished on |	May 08 23:42:25
       Mapping speed, Million of reads per hour |	3.75

                          Number of input reads |	80228
                      Average input read length |	202
                                    UNIQUE READS:
                   Uniquely mapped reads number |	21479
                        Uniquely mapped reads % |	26.77%
                          Average mapped length |	195.00
                       Number of splices: Total |	62310
            Number of splices: Annotated (sjdb) |	61994
                       Number of splices: GT/AG |	62233
                       Number of splices: GC/AG |	77
                       Number of splices: AT/AC |	0
               Number of splices: Non-canonical |	0
                      Mismatch rate per base, % |	0.72%
                         Deletion rate per base |	0.31%
                        Deletion average length |	1.01
                        Insertion rate per base |	0.09%
                       Insertion average length |	11.25
                             MULTI-MAPPING READS:
        Number of reads mapped to multiple loci |	45
             % of reads mapped to multiple loci |	0.06%
        Number of reads mapped to too many loci |	3
             % of reads mapped to too many loci |	0.00%
                                  UNMAPPED READS:
       % of reads unmapped: too many mismatches |	0.47%
                 % of reads unmapped: too short |	72.70%
                     % of reads unmapped: other |	0.00%
                                  CHIMERIC READS:
                       Number of chimeric reads |	9
                            % of chimeric reads |	0.01%
