                                 Started job on |	May 06 19:17:59
                             Started mapping on |	May 06 19:18:00
                                    Finished on |	May 06 19:20:22
       Mapping speed, Million of reads per hour |	7.33

                          Number of input reads |	288938
                      Average input read length |	202
                                    UNIQUE READS:
                   Uniquely mapped reads number |	73413
                        Uniquely mapped reads % |	25.41%
                          Average mapped length |	195.03
                       Number of splices: Total |	213326
            Number of splices: Annotated (sjdb) |	212295
                       Number of splices: GT/AG |	213078
                       Number of splices: GC/AG |	248
                       Number of splices: AT/AC |	0
               Number of splices: Non-canonical |	0
                      Mismatch rate per base, % |	0.73%
                         Deletion rate per base |	0.32%
                        Deletion average length |	1.00
                        Insertion rate per base |	0.10%
                       Insertion average length |	11.30
                             MULTI-MAPPING READS:
        Number of reads mapped to multiple loci |	175
             % of reads mapped to multiple loci |	0.06%
        Number of reads mapped to too many loci |	9
             % of reads mapped to too many loci |	0.00%
                                  UNMAPPED READS:
       % of reads unmapped: too many mismatches |	0.43%
                 % of reads unmapped: too short |	74.10%
                     % of reads unmapped: other |	0.00%
                                  CHIMERIC READS:
                       Number of chimeric reads |	12
                            % of chimeric reads |	0.00%
