                                 Started job on |	May 10 19:57:44
                             Started mapping on |	May 10 19:57:45
                                    Finished on |	May 10 19:59:54
       Mapping speed, Million of reads per hour |	7.98

                          Number of input reads |	285874
                      Average input read length |	202
                                    UNIQUE READS:
                   Uniquely mapped reads number |	55713
                        Uniquely mapped reads % |	19.49%
                          Average mapped length |	194.62
                       Number of splices: Total |	163766
            Number of splices: Annotated (sjdb) |	163012
                       Number of splices: GT/AG |	163629
                       Number of splices: GC/AG |	137
                       Number of splices: AT/AC |	0
               Number of splices: Non-canonical |	0
                      Mismatch rate per base, % |	0.75%
                         Deletion rate per base |	0.32%
                        Deletion average length |	1.00
                        Insertion rate per base |	0.10%
                       Insertion average length |	11.40
                             MULTI-MAPPING READS:
        Number of reads mapped to multiple loci |	117
             % of reads mapped to multiple loci |	0.04%
        Number of reads mapped to too many loci |	6
             % of reads mapped to too many loci |	0.00%
                                  UNMAPPED READS:
       % of reads unmapped: too many mismatches |	0.37%
                 % of reads unmapped: too short |	80.10%
                     % of reads unmapped: other |	0.00%
                                  CHIMERIC READS:
                       Number of chimeric reads |	14
                            % of chimeric reads |	0.00%
