                                 Started job on |	May 10 04:25:29
                             Started mapping on |	May 10 04:25:30
                                    Finished on |	May 10 04:27:22
       Mapping speed, Million of reads per hour |	10.57

                          Number of input reads |	328824
                      Average input read length |	202
                                    UNIQUE READS:
                   Uniquely mapped reads number |	98170
                        Uniquely mapped reads % |	29.85%
                          Average mapped length |	196.23
                       Number of splices: Total |	212024
            Number of splices: Annotated (sjdb) |	209597
                       Number of splices: GT/AG |	211826
                       Number of splices: GC/AG |	198
                       Number of splices: AT/AC |	0
               Number of splices: Non-canonical |	0
                      Mismatch rate per base, % |	0.71%
                         Deletion rate per base |	0.35%
                        Deletion average length |	1.00
                        Insertion rate per base |	0.00%
                       Insertion average length |	1.09
                             MULTI-MAPPING READS:
        Number of reads mapped to multiple loci |	135
             % of reads mapped to multiple loci |	0.04%
        Number of reads mapped to too many loci |	12
             % of reads mapped to too many loci |	0.00%
                                  UNMAPPED READS:
       % of reads unmapped: too many mismatches |	0.51%
                 % of reads unmapped: too short |	69.59%
                     % of reads unmapped: other |	0.00%
                                  CHIMERIC READS:
                       Number of chimeric reads |	6
                            % of chimeric reads |	0.00%
