                                 Started job on |	May 04 11:05:17
                             Started mapping on |	May 04 11:05:18
                                    Finished on |	May 04 11:07:49
       Mapping speed, Million of reads per hour |	5.36

                          Number of input reads |	224685
                      Average input read length |	202
                                    UNIQUE READS:
                   Uniquely mapped reads number |	44445
                        Uniquely mapped reads % |	19.78%
                          Average mapped length |	196.45
                       Number of splices: Total |	94383
            Number of splices: Annotated (sjdb) |	93309
                       Number of splices: GT/AG |	94344
                       Number of splices: GC/AG |	39
                       Number of splices: AT/AC |	0
               Number of splices: Non-canonical |	0
                      Mismatch rate per base, % |	0.68%
                         Deletion rate per base |	0.36%
                        Deletion average length |	1.00
                        Insertion rate per base |	0.00%
                       Insertion average length |	1.73
                             MULTI-MAPPING READS:
        Number of reads mapped to multiple loci |	46
             % of reads mapped to multiple loci |	0.02%
        Number of reads mapped to too many loci |	6
             % of reads mapped to too many loci |	0.00%
                                  UNMAPPED READS:
       % of reads unmapped: too many mismatches |	0.29%
                 % of reads unmapped: too short |	79.91%
                     % of reads unmapped: other |	0.00%
                                  CHIMERIC READS:
                       Number of chimeric reads |	4
                            % of chimeric reads |	0.00%
