                                 Started job on |	May 09 12:47:40
                             Started mapping on |	May 09 12:47:41
                                    Finished on |	May 09 12:50:38
       Mapping speed, Million of reads per hour |	6.15

                          Number of input reads |	302427
                      Average input read length |	202
                                    UNIQUE READS:
                   Uniquely mapped reads number |	75581
                        Uniquely mapped reads % |	24.99%
                          Average mapped length |	194.78
                       Number of splices: Total |	219873
            Number of splices: Annotated (sjdb) |	218547
                       Number of splices: GT/AG |	219663
                       Number of splices: GC/AG |	210
                       Number of splices: AT/AC |	0
               Number of splices: Non-canonical |	0
                      Mismatch rate per base, % |	0.82%
                         Deletion rate per base |	0.32%
                        Deletion average length |	1.00
                        Insertion rate per base |	0.08%
                       Insertion average length |	11.25
                             MULTI-MAPPING READS:
        Number of reads mapped to multiple loci |	160
             % of reads mapped to multiple loci |	0.05%
        Number of reads mapped to too many loci |	15
             % of reads mapped to too many loci |	0.00%
                                  UNMAPPED READS:
       % of reads unmapped: too many mismatches |	0.66%
                 % of reads unmapped: too short |	74.29%
                     % of reads unmapped: other |	0.00%
                                  CHIMERIC READS:
                       Number of chimeric reads |	11
                            % of chimeric reads |	0.00%
