                                 Started job on |	May 06 20:59:15
                             Started mapping on |	May 06 20:59:16
                                    Finished on |	May 06 21:02:13
       Mapping speed, Million of reads per hour |	6.69

                          Number of input reads |	329109
                      Average input read length |	202
                                    UNIQUE READS:
                   Uniquely mapped reads number |	70713
                        Uniquely mapped reads % |	21.49%
                          Average mapped length |	195.04
                       Number of splices: Total |	203873
            Number of splices: Annotated (sjdb) |	202805
                       Number of splices: GT/AG |	203672
                       Number of splices: GC/AG |	201
                       Number of splices: AT/AC |	0
               Number of splices: Non-canonical |	0
                      Mismatch rate per base, % |	0.74%
                         Deletion rate per base |	0.32%
                        Deletion average length |	1.00
                        Insertion rate per base |	0.10%
                       Insertion average length |	11.42
                             MULTI-MAPPING READS:
        Number of reads mapped to multiple loci |	165
             % of reads mapped to multiple loci |	0.05%
        Number of reads mapped to too many loci |	9
             % of reads mapped to too many loci |	0.00%
                                  UNMAPPED READS:
       % of reads unmapped: too many mismatches |	0.38%
                 % of reads unmapped: too short |	78.08%
                     % of reads unmapped: other |	0.00%
                                  CHIMERIC READS:
                       Number of chimeric reads |	17
                            % of chimeric reads |	0.01%
