                                 Started job on |	May 10 05:26:49
                             Started mapping on |	May 10 05:26:50
                                    Finished on |	May 10 05:29:12
       Mapping speed, Million of reads per hour |	8.39

                          Number of input reads |	331028
                      Average input read length |	202
                                    UNIQUE READS:
                   Uniquely mapped reads number |	99277
                        Uniquely mapped reads % |	29.99%
                          Average mapped length |	196.22
                       Number of splices: Total |	214090
            Number of splices: Annotated (sjdb) |	211681
                       Number of splices: GT/AG |	213945
                       Number of splices: GC/AG |	145
                       Number of splices: AT/AC |	0
               Number of splices: Non-canonical |	0
                      Mismatch rate per base, % |	0.70%
                         Deletion rate per base |	0.35%
                        Deletion average length |	1.00
                        Insertion rate per base |	0.00%
                       Insertion average length |	1.41
                             MULTI-MAPPING READS:
        Number of reads mapped to multiple loci |	114
             % of reads mapped to multiple loci |	0.03%
        Number of reads mapped to too many loci |	15
             % of reads mapped to too many loci |	0.00%
                                  UNMAPPED READS:
       % of reads unmapped: too many mismatches |	0.52%
                 % of reads unmapped: too short |	69.45%
                     % of reads unmapped: other |	0.00%
                                  CHIMERIC READS:
                       Number of chimeric reads |	5
                            % of chimeric reads |	0.00%
