                                 Started job on |	May 09 13:32:19
                             Started mapping on |	May 09 13:32:20
                                    Finished on |	May 09 13:35:53
       Mapping speed, Million of reads per hour |	5.57

                          Number of input reads |	329297
                      Average input read length |	202
                                    UNIQUE READS:
                   Uniquely mapped reads number |	78656
                        Uniquely mapped reads % |	23.89%
                          Average mapped length |	194.95
                       Number of splices: Total |	228044
            Number of splices: Annotated (sjdb) |	226892
                       Number of splices: GT/AG |	227831
                       Number of splices: GC/AG |	213
                       Number of splices: AT/AC |	0
               Number of splices: Non-canonical |	0
                      Mismatch rate per base, % |	0.82%
                         Deletion rate per base |	0.33%
                        Deletion average length |	1.00
                        Insertion rate per base |	0.06%
                       Insertion average length |	11.13
                             MULTI-MAPPING READS:
        Number of reads mapped to multiple loci |	141
             % of reads mapped to multiple loci |	0.04%
        Number of reads mapped to too many loci |	12
             % of reads mapped to too many loci |	0.00%
                                  UNMAPPED READS:
       % of reads unmapped: too many mismatches |	0.64%
                 % of reads unmapped: too short |	75.43%
                     % of reads unmapped: other |	0.00%
                                  CHIMERIC READS:
                       Number of chimeric reads |	14
                            % of chimeric reads |	0.00%
