                                 Started job on |	May 08 05:54:37
                             Started mapping on |	May 08 05:54:38
                                    Finished on |	May 08 05:57:49
       Mapping speed, Million of reads per hour |	6.39

                          Number of input reads |	338919
                      Average input read length |	202
                                    UNIQUE READS:
                   Uniquely mapped reads number |	75313
                        Uniquely mapped reads % |	22.22%
                          Average mapped length |	194.92
                       Number of splices: Total |	219129
            Number of splices: Annotated (sjdb) |	217904
                       Number of splices: GT/AG |	218966
                       Number of splices: GC/AG |	163
                       Number of splices: AT/AC |	0
               Number of splices: Non-canonical |	0
                      Mismatch rate per base, % |	0.83%
                         Deletion rate per base |	0.33%
                        Deletion average length |	1.00
                        Insertion rate per base |	0.07%
                       Insertion average length |	11.07
                             MULTI-MAPPING READS:
        Number of reads mapped to multiple loci |	189
             % of reads mapped to multiple loci |	0.06%
        Number of reads mapped to too many loci |	13
             % of reads mapped to too many loci |	0.00%
                                  UNMAPPED READS:
       % of reads unmapped: too many mismatches |	0.56%
                 % of reads unmapped: too short |	77.16%
                     % of reads unmapped: other |	0.00%
                                  CHIMERIC READS:
                       Number of chimeric reads |	12
                            % of chimeric reads |	0.00%
