                                 Started job on |	May 11 16:40:22
                             Started mapping on |	May 11 16:40:24
                                    Finished on |	May 11 16:42:07
       Mapping speed, Million of reads per hour |	9.43

                          Number of input reads |	269808
                      Average input read length |	202
                                    UNIQUE READS:
                   Uniquely mapped reads number |	79569
                        Uniquely mapped reads % |	29.49%
                          Average mapped length |	196.23
                       Number of splices: Total |	171099
            Number of splices: Annotated (sjdb) |	169189
                       Number of splices: GT/AG |	170910
                       Number of splices: GC/AG |	189
                       Number of splices: AT/AC |	0
               Number of splices: Non-canonical |	0
                      Mismatch rate per base, % |	0.72%
                         Deletion rate per base |	0.36%
                        Deletion average length |	1.00
                        Insertion rate per base |	0.00%
                       Insertion average length |	1.17
                             MULTI-MAPPING READS:
        Number of reads mapped to multiple loci |	125
             % of reads mapped to multiple loci |	0.05%
        Number of reads mapped to too many loci |	8
             % of reads mapped to too many loci |	0.00%
                                  UNMAPPED READS:
       % of reads unmapped: too many mismatches |	0.51%
                 % of reads unmapped: too short |	69.95%
                     % of reads unmapped: other |	0.00%
                                  CHIMERIC READS:
                       Number of chimeric reads |	13
                            % of chimeric reads |	0.00%
