                                 Started job on |	May 04 06:55:05
                             Started mapping on |	May 04 06:55:07
                                    Finished on |	May 04 06:57:15
       Mapping speed, Million of reads per hour |	6.21

                          Number of input reads |	220910
                      Average input read length |	202
                                    UNIQUE READS:
                   Uniquely mapped reads number |	62114
                        Uniquely mapped reads % |	28.12%
                          Average mapped length |	196.32
                       Number of splices: Total |	134402
            Number of splices: Annotated (sjdb) |	132746
                       Number of splices: GT/AG |	134282
                       Number of splices: GC/AG |	120
                       Number of splices: AT/AC |	0
               Number of splices: Non-canonical |	0
                      Mismatch rate per base, % |	0.68%
                         Deletion rate per base |	0.35%
                        Deletion average length |	1.00
                        Insertion rate per base |	0.00%
                       Insertion average length |	1.30
                             MULTI-MAPPING READS:
        Number of reads mapped to multiple loci |	76
             % of reads mapped to multiple loci |	0.03%
        Number of reads mapped to too many loci |	8
             % of reads mapped to too many loci |	0.00%
                                  UNMAPPED READS:
       % of reads unmapped: too many mismatches |	0.42%
                 % of reads unmapped: too short |	71.42%
                     % of reads unmapped: other |	0.00%
                                  CHIMERIC READS:
                       Number of chimeric reads |	3
                            % of chimeric reads |	0.00%
