                                 Started job on |	May 04 06:27:20
                             Started mapping on |	May 04 06:27:21
                                    Finished on |	May 04 06:29:57
       Mapping speed, Million of reads per hour |	6.35

                          Number of input reads |	275130
                      Average input read length |	202
                                    UNIQUE READS:
                   Uniquely mapped reads number |	66704
                        Uniquely mapped reads % |	24.24%
                          Average mapped length |	196.41
                       Number of splices: Total |	142612
            Number of splices: Annotated (sjdb) |	140744
                       Number of splices: GT/AG |	142545
                       Number of splices: GC/AG |	67
                       Number of splices: AT/AC |	0
               Number of splices: Non-canonical |	0
                      Mismatch rate per base, % |	0.67%
                         Deletion rate per base |	0.36%
                        Deletion average length |	1.00
                        Insertion rate per base |	0.00%
                       Insertion average length |	1.04
                             MULTI-MAPPING READS:
        Number of reads mapped to multiple loci |	78
             % of reads mapped to multiple loci |	0.03%
        Number of reads mapped to too many loci |	11
             % of reads mapped to too many loci |	0.00%
                                  UNMAPPED READS:
       % of reads unmapped: too many mismatches |	0.31%
                 % of reads unmapped: too short |	75.42%
                     % of reads unmapped: other |	0.00%
                                  CHIMERIC READS:
                       Number of chimeric reads |	4
                            % of chimeric reads |	0.00%
