                                 Started job on |	May 10 18:45:05
                             Started mapping on |	May 10 18:45:06
                                    Finished on |	May 10 18:47:23
       Mapping speed, Million of reads per hour |	7.73

                          Number of input reads |	294033
                      Average input read length |	202
                                    UNIQUE READS:
                   Uniquely mapped reads number |	75626
                        Uniquely mapped reads % |	25.72%
                          Average mapped length |	194.51
                       Number of splices: Total |	210787
            Number of splices: Annotated (sjdb) |	209787
                       Number of splices: GT/AG |	210598
                       Number of splices: GC/AG |	189
                       Number of splices: AT/AC |	0
               Number of splices: Non-canonical |	0
                      Mismatch rate per base, % |	0.77%
                         Deletion rate per base |	0.31%
                        Deletion average length |	1.00
                        Insertion rate per base |	0.06%
                       Insertion average length |	11.07
                             MULTI-MAPPING READS:
        Number of reads mapped to multiple loci |	157
             % of reads mapped to multiple loci |	0.05%
        Number of reads mapped to too many loci |	10
             % of reads mapped to too many loci |	0.00%
                                  UNMAPPED READS:
       % of reads unmapped: too many mismatches |	0.51%
                 % of reads unmapped: too short |	73.71%
                     % of reads unmapped: other |	0.00%
                                  CHIMERIC READS:
                       Number of chimeric reads |	18
                            % of chimeric reads |	0.01%
