                                 Started job on |	May 11 20:56:09
                             Started mapping on |	May 11 20:56:10
                                    Finished on |	May 11 20:58:40
       Mapping speed, Million of reads per hour |	7.15

                          Number of input reads |	297887
                      Average input read length |	202
                                    UNIQUE READS:
                   Uniquely mapped reads number |	81259
                        Uniquely mapped reads % |	27.28%
                          Average mapped length |	196.37
                       Number of splices: Total |	174979
            Number of splices: Annotated (sjdb) |	172883
                       Number of splices: GT/AG |	174846
                       Number of splices: GC/AG |	133
                       Number of splices: AT/AC |	0
               Number of splices: Non-canonical |	0
                      Mismatch rate per base, % |	0.72%
                         Deletion rate per base |	0.36%
                        Deletion average length |	1.00
                        Insertion rate per base |	0.00%
                       Insertion average length |	1.00
                             MULTI-MAPPING READS:
        Number of reads mapped to multiple loci |	113
             % of reads mapped to multiple loci |	0.04%
        Number of reads mapped to too many loci |	7
             % of reads mapped to too many loci |	0.00%
                                  UNMAPPED READS:
       % of reads unmapped: too many mismatches |	0.49%
                 % of reads unmapped: too short |	72.19%
                     % of reads unmapped: other |	0.00%
                                  CHIMERIC READS:
                       Number of chimeric reads |	9
                            % of chimeric reads |	0.00%
