                                 Started job on |	May 08 20:07:01
                             Started mapping on |	May 08 20:07:02
                                    Finished on |	May 08 20:09:44
       Mapping speed, Million of reads per hour |	3.95

                          Number of input reads |	177564
                      Average input read length |	202
                                    UNIQUE READS:
                   Uniquely mapped reads number |	40088
                        Uniquely mapped reads % |	22.58%
                          Average mapped length |	195.34
                       Number of splices: Total |	115113
            Number of splices: Annotated (sjdb) |	114461
                       Number of splices: GT/AG |	115026
                       Number of splices: GC/AG |	87
                       Number of splices: AT/AC |	0
               Number of splices: Non-canonical |	0
                      Mismatch rate per base, % |	0.70%
                         Deletion rate per base |	0.31%
                        Deletion average length |	1.00
                        Insertion rate per base |	0.07%
                       Insertion average length |	11.49
                             MULTI-MAPPING READS:
        Number of reads mapped to multiple loci |	69
             % of reads mapped to multiple loci |	0.04%
        Number of reads mapped to too many loci |	6
             % of reads mapped to too many loci |	0.00%
                                  UNMAPPED READS:
       % of reads unmapped: too many mismatches |	0.35%
                 % of reads unmapped: too short |	77.03%
                     % of reads unmapped: other |	0.00%
                                  CHIMERIC READS:
                       Number of chimeric reads |	10
                            % of chimeric reads |	0.01%
