                                 Started job on |	May 10 06:05:15
                             Started mapping on |	May 10 06:05:16
                                    Finished on |	May 10 06:07:03
       Mapping speed, Million of reads per hour |	11.14

                          Number of input reads |	331051
                      Average input read length |	202
                                    UNIQUE READS:
                   Uniquely mapped reads number |	106924
                        Uniquely mapped reads % |	32.30%
                          Average mapped length |	196.14
                       Number of splices: Total |	229979
            Number of splices: Annotated (sjdb) |	227075
                       Number of splices: GT/AG |	229759
                       Number of splices: GC/AG |	220
                       Number of splices: AT/AC |	0
               Number of splices: Non-canonical |	0
                      Mismatch rate per base, % |	0.71%
                         Deletion rate per base |	0.35%
                        Deletion average length |	1.00
                        Insertion rate per base |	0.00%
                       Insertion average length |	1.03
                             MULTI-MAPPING READS:
        Number of reads mapped to multiple loci |	134
             % of reads mapped to multiple loci |	0.04%
        Number of reads mapped to too many loci |	24
             % of reads mapped to too many loci |	0.01%
                                  UNMAPPED READS:
       % of reads unmapped: too many mismatches |	0.52%
                 % of reads unmapped: too short |	67.14%
                     % of reads unmapped: other |	0.00%
                                  CHIMERIC READS:
                       Number of chimeric reads |	10
                            % of chimeric reads |	0.00%
