                                 Started job on |	May 04 04:47:23
                             Started mapping on |	May 04 04:47:24
                                    Finished on |	May 04 04:49:34
       Mapping speed, Million of reads per hour |	7.85

                          Number of input reads |	283577
                      Average input read length |	202
                                    UNIQUE READS:
                   Uniquely mapped reads number |	80681
                        Uniquely mapped reads % |	28.45%
                          Average mapped length |	195.95
                       Number of splices: Total |	172145
            Number of splices: Annotated (sjdb) |	169833
                       Number of splices: GT/AG |	172013
                       Number of splices: GC/AG |	132
                       Number of splices: AT/AC |	0
               Number of splices: Non-canonical |	0
                      Mismatch rate per base, % |	0.69%
                         Deletion rate per base |	0.35%
                        Deletion average length |	1.00
                        Insertion rate per base |	0.00%
                       Insertion average length |	1.12
                             MULTI-MAPPING READS:
        Number of reads mapped to multiple loci |	98
             % of reads mapped to multiple loci |	0.03%
        Number of reads mapped to too many loci |	20
             % of reads mapped to too many loci |	0.01%
                                  UNMAPPED READS:
       % of reads unmapped: too many mismatches |	0.43%
                 % of reads unmapped: too short |	71.08%
                     % of reads unmapped: other |	0.00%
                                  CHIMERIC READS:
                       Number of chimeric reads |	8
                            % of chimeric reads |	0.00%
