                                 Started job on |	May 05 19:33:01
                             Started mapping on |	May 05 19:33:02
                                    Finished on |	May 05 19:35:42
       Mapping speed, Million of reads per hour |	7.29

                          Number of input reads |	323849
                      Average input read length |	202
                                    UNIQUE READS:
                   Uniquely mapped reads number |	60900
                        Uniquely mapped reads % |	18.81%
                          Average mapped length |	196.28
                       Number of splices: Total |	131811
            Number of splices: Annotated (sjdb) |	130466
                       Number of splices: GT/AG |	131769
                       Number of splices: GC/AG |	42
                       Number of splices: AT/AC |	0
               Number of splices: Non-canonical |	0
                      Mismatch rate per base, % |	0.74%
                         Deletion rate per base |	0.36%
                        Deletion average length |	1.00
                        Insertion rate per base |	0.00%
                       Insertion average length |	1.25
                             MULTI-MAPPING READS:
        Number of reads mapped to multiple loci |	74
             % of reads mapped to multiple loci |	0.02%
        Number of reads mapped to too many loci |	9
             % of reads mapped to too many loci |	0.00%
                                  UNMAPPED READS:
       % of reads unmapped: too many mismatches |	0.32%
                 % of reads unmapped: too short |	80.85%
                     % of reads unmapped: other |	0.00%
                                  CHIMERIC READS:
                       Number of chimeric reads |	3
                            % of chimeric reads |	0.00%
