                                 Started job on |	May 04 09:58:28
                             Started mapping on |	May 04 09:58:29
                                    Finished on |	May 04 10:01:34
       Mapping speed, Million of reads per hour |	4.51

                          Number of input reads |	231854
                      Average input read length |	202
                                    UNIQUE READS:
                   Uniquely mapped reads number |	50717
                        Uniquely mapped reads % |	21.87%
                          Average mapped length |	196.39
                       Number of splices: Total |	108170
            Number of splices: Annotated (sjdb) |	106760
                       Number of splices: GT/AG |	108120
                       Number of splices: GC/AG |	50
                       Number of splices: AT/AC |	0
               Number of splices: Non-canonical |	0
                      Mismatch rate per base, % |	0.69%
                         Deletion rate per base |	0.36%
                        Deletion average length |	1.00
                        Insertion rate per base |	0.00%
                       Insertion average length |	1.06
                             MULTI-MAPPING READS:
        Number of reads mapped to multiple loci |	55
             % of reads mapped to multiple loci |	0.02%
        Number of reads mapped to too many loci |	8
             % of reads mapped to too many loci |	0.00%
                                  UNMAPPED READS:
       % of reads unmapped: too many mismatches |	0.32%
                 % of reads unmapped: too short |	77.78%
                     % of reads unmapped: other |	0.00%
                                  CHIMERIC READS:
                       Number of chimeric reads |	4
                            % of chimeric reads |	0.00%
