                                 Started job on |	May 09 16:01:09
                             Started mapping on |	May 09 16:01:10
                                    Finished on |	May 09 16:03:54
       Mapping speed, Million of reads per hour |	5.54

                          Number of input reads |	252307
                      Average input read length |	202
                                    UNIQUE READS:
                   Uniquely mapped reads number |	62640
                        Uniquely mapped reads % |	24.83%
                          Average mapped length |	195.02
                       Number of splices: Total |	179274
            Number of splices: Annotated (sjdb) |	178242
                       Number of splices: GT/AG |	179048
                       Number of splices: GC/AG |	226
                       Number of splices: AT/AC |	0
               Number of splices: Non-canonical |	0
                      Mismatch rate per base, % |	0.75%
                         Deletion rate per base |	0.32%
                        Deletion average length |	1.00
                        Insertion rate per base |	0.08%
                       Insertion average length |	11.26
                             MULTI-MAPPING READS:
        Number of reads mapped to multiple loci |	133
             % of reads mapped to multiple loci |	0.05%
        Number of reads mapped to too many loci |	4
             % of reads mapped to too many loci |	0.00%
                                  UNMAPPED READS:
       % of reads unmapped: too many mismatches |	0.45%
                 % of reads unmapped: too short |	74.67%
                     % of reads unmapped: other |	0.00%
                                  CHIMERIC READS:
                       Number of chimeric reads |	10
                            % of chimeric reads |	0.00%
