                                 Started job on |	May 10 19:11:48
                             Started mapping on |	May 10 19:11:48
                                    Finished on |	May 10 19:14:22
       Mapping speed, Million of reads per hour |	7.05

                          Number of input reads |	301591
                      Average input read length |	202
                                    UNIQUE READS:
                   Uniquely mapped reads number |	80955
                        Uniquely mapped reads % |	26.84%
                          Average mapped length |	194.96
                       Number of splices: Total |	231447
            Number of splices: Annotated (sjdb) |	230371
                       Number of splices: GT/AG |	231290
                       Number of splices: GC/AG |	157
                       Number of splices: AT/AC |	0
               Number of splices: Non-canonical |	0
                      Mismatch rate per base, % |	0.74%
                         Deletion rate per base |	0.31%
                        Deletion average length |	1.00
                        Insertion rate per base |	0.07%
                       Insertion average length |	11.16
                             MULTI-MAPPING READS:
        Number of reads mapped to multiple loci |	142
             % of reads mapped to multiple loci |	0.05%
        Number of reads mapped to too many loci |	10
             % of reads mapped to too many loci |	0.00%
                                  UNMAPPED READS:
       % of reads unmapped: too many mismatches |	0.50%
                 % of reads unmapped: too short |	72.60%
                     % of reads unmapped: other |	0.01%
                                  CHIMERIC READS:
                       Number of chimeric reads |	15
                            % of chimeric reads |	0.00%
