                                 Started job on |	May 11 05:38:34
                             Started mapping on |	May 11 05:38:35
                                    Finished on |	May 11 05:40:43
       Mapping speed, Million of reads per hour |	9.38

                          Number of input reads |	333489
                      Average input read length |	202
                                    UNIQUE READS:
                   Uniquely mapped reads number |	81411
                        Uniquely mapped reads % |	24.41%
                          Average mapped length |	196.66
                       Number of splices: Total |	174160
            Number of splices: Annotated (sjdb) |	172649
                       Number of splices: GT/AG |	174091
                       Number of splices: GC/AG |	69
                       Number of splices: AT/AC |	0
               Number of splices: Non-canonical |	0
                      Mismatch rate per base, % |	0.78%
                         Deletion rate per base |	0.38%
                        Deletion average length |	1.00
                        Insertion rate per base |	0.00%
                       Insertion average length |	1.09
                             MULTI-MAPPING READS:
        Number of reads mapped to multiple loci |	99
             % of reads mapped to multiple loci |	0.03%
        Number of reads mapped to too many loci |	14
             % of reads mapped to too many loci |	0.00%
                                  UNMAPPED READS:
       % of reads unmapped: too many mismatches |	0.58%
                 % of reads unmapped: too short |	74.98%
                     % of reads unmapped: other |	0.00%
                                  CHIMERIC READS:
                       Number of chimeric reads |	5
                            % of chimeric reads |	0.00%
