                                 Started job on |	May 09 14:37:29
                             Started mapping on |	May 09 14:37:30
                                    Finished on |	May 09 14:40:12
       Mapping speed, Million of reads per hour |	7.25

                          Number of input reads |	326178
                      Average input read length |	202
                                    UNIQUE READS:
                   Uniquely mapped reads number |	74083
                        Uniquely mapped reads % |	22.71%
                          Average mapped length |	195.26
                       Number of splices: Total |	214391
            Number of splices: Annotated (sjdb) |	213167
                       Number of splices: GT/AG |	214245
                       Number of splices: GC/AG |	146
                       Number of splices: AT/AC |	0
               Number of splices: Non-canonical |	0
                      Mismatch rate per base, % |	0.82%
                         Deletion rate per base |	0.34%
                        Deletion average length |	1.00
                        Insertion rate per base |	0.06%
                       Insertion average length |	11.21
                             MULTI-MAPPING READS:
        Number of reads mapped to multiple loci |	136
             % of reads mapped to multiple loci |	0.04%
        Number of reads mapped to too many loci |	11
             % of reads mapped to too many loci |	0.00%
                                  UNMAPPED READS:
       % of reads unmapped: too many mismatches |	0.59%
                 % of reads unmapped: too short |	76.65%
                     % of reads unmapped: other |	0.00%
                                  CHIMERIC READS:
                       Number of chimeric reads |	20
                            % of chimeric reads |	0.01%
