                                 Started job on |	May 10 04:08:28
                             Started mapping on |	May 10 04:08:30
                                    Finished on |	May 10 04:10:55
       Mapping speed, Million of reads per hour |	8.46

                          Number of input reads |	340671
                      Average input read length |	202
                                    UNIQUE READS:
                   Uniquely mapped reads number |	110871
                        Uniquely mapped reads % |	32.54%
                          Average mapped length |	196.06
                       Number of splices: Total |	239641
            Number of splices: Annotated (sjdb) |	236884
                       Number of splices: GT/AG |	239408
                       Number of splices: GC/AG |	233
                       Number of splices: AT/AC |	0
               Number of splices: Non-canonical |	0
                      Mismatch rate per base, % |	0.71%
                         Deletion rate per base |	0.35%
                        Deletion average length |	1.00
                        Insertion rate per base |	0.00%
                       Insertion average length |	1.01
                             MULTI-MAPPING READS:
        Number of reads mapped to multiple loci |	154
             % of reads mapped to multiple loci |	0.05%
        Number of reads mapped to too many loci |	15
             % of reads mapped to too many loci |	0.00%
                                  UNMAPPED READS:
       % of reads unmapped: too many mismatches |	0.55%
                 % of reads unmapped: too short |	66.85%
                     % of reads unmapped: other |	0.00%
                                  CHIMERIC READS:
                       Number of chimeric reads |	5
                            % of chimeric reads |	0.00%
