                                 Started job on |	May 06 21:40:13
                             Started mapping on |	May 06 21:40:14
                                    Finished on |	May 06 21:42:23
       Mapping speed, Million of reads per hour |	8.05

                          Number of input reads |	288342
                      Average input read length |	202
                                    UNIQUE READS:
                   Uniquely mapped reads number |	72170
                        Uniquely mapped reads % |	25.03%
                          Average mapped length |	194.83
                       Number of splices: Total |	209356
            Number of splices: Annotated (sjdb) |	208231
                       Number of splices: GT/AG |	209163
                       Number of splices: GC/AG |	193
                       Number of splices: AT/AC |	0
               Number of splices: Non-canonical |	0
                      Mismatch rate per base, % |	0.73%
                         Deletion rate per base |	0.32%
                        Deletion average length |	1.01
                        Insertion rate per base |	0.09%
                       Insertion average length |	11.32
                             MULTI-MAPPING READS:
        Number of reads mapped to multiple loci |	168
             % of reads mapped to multiple loci |	0.06%
        Number of reads mapped to too many loci |	5
             % of reads mapped to too many loci |	0.00%
                                  UNMAPPED READS:
       % of reads unmapped: too many mismatches |	0.42%
                 % of reads unmapped: too short |	74.49%
                     % of reads unmapped: other |	0.00%
                                  CHIMERIC READS:
                       Number of chimeric reads |	18
                            % of chimeric reads |	0.01%
