                                 Started job on |	May 10 05:31:33
                             Started mapping on |	May 10 05:31:34
                                    Finished on |	May 10 05:33:51
       Mapping speed, Million of reads per hour |	7.50

                          Number of input reads |	285272
                      Average input read length |	202
                                    UNIQUE READS:
                   Uniquely mapped reads number |	92802
                        Uniquely mapped reads % |	32.53%
                          Average mapped length |	196.09
                       Number of splices: Total |	200217
            Number of splices: Annotated (sjdb) |	197695
                       Number of splices: GT/AG |	200062
                       Number of splices: GC/AG |	155
                       Number of splices: AT/AC |	0
               Number of splices: Non-canonical |	0
                      Mismatch rate per base, % |	0.71%
                         Deletion rate per base |	0.35%
                        Deletion average length |	1.00
                        Insertion rate per base |	0.00%
                       Insertion average length |	1.16
                             MULTI-MAPPING READS:
        Number of reads mapped to multiple loci |	100
             % of reads mapped to multiple loci |	0.04%
        Number of reads mapped to too many loci |	18
             % of reads mapped to too many loci |	0.01%
                                  UNMAPPED READS:
       % of reads unmapped: too many mismatches |	0.58%
                 % of reads unmapped: too short |	66.85%
                     % of reads unmapped: other |	0.00%
                                  CHIMERIC READS:
                       Number of chimeric reads |	5
                            % of chimeric reads |	0.00%
