                                 Started job on |	May 10 07:14:35
                             Started mapping on |	May 10 07:14:36
                                    Finished on |	May 10 07:16:42
       Mapping speed, Million of reads per hour |	7.98

                          Number of input reads |	279428
                      Average input read length |	202
                                    UNIQUE READS:
                   Uniquely mapped reads number |	86369
                        Uniquely mapped reads % |	30.91%
                          Average mapped length |	196.10
                       Number of splices: Total |	186164
            Number of splices: Annotated (sjdb) |	184049
                       Number of splices: GT/AG |	185981
                       Number of splices: GC/AG |	183
                       Number of splices: AT/AC |	0
               Number of splices: Non-canonical |	0
                      Mismatch rate per base, % |	0.71%
                         Deletion rate per base |	0.35%
                        Deletion average length |	1.00
                        Insertion rate per base |	0.00%
                       Insertion average length |	1.69
                             MULTI-MAPPING READS:
        Number of reads mapped to multiple loci |	131
             % of reads mapped to multiple loci |	0.05%
        Number of reads mapped to too many loci |	23
             % of reads mapped to too many loci |	0.01%
                                  UNMAPPED READS:
       % of reads unmapped: too many mismatches |	0.53%
                 % of reads unmapped: too short |	68.50%
                     % of reads unmapped: other |	0.00%
                                  CHIMERIC READS:
                       Number of chimeric reads |	9
                            % of chimeric reads |	0.00%
