                                 Started job on |	May 11 16:05:58
                             Started mapping on |	May 11 16:05:59
                                    Finished on |	May 11 16:08:08
       Mapping speed, Million of reads per hour |	11.10

                          Number of input reads |	397587
                      Average input read length |	202
                                    UNIQUE READS:
                   Uniquely mapped reads number |	115085
                        Uniquely mapped reads % |	28.95%
                          Average mapped length |	196.35
                       Number of splices: Total |	248321
            Number of splices: Annotated (sjdb) |	245531
                       Number of splices: GT/AG |	248126
                       Number of splices: GC/AG |	195
                       Number of splices: AT/AC |	0
               Number of splices: Non-canonical |	0
                      Mismatch rate per base, % |	0.72%
                         Deletion rate per base |	0.36%
                        Deletion average length |	1.00
                        Insertion rate per base |	0.00%
                       Insertion average length |	1.25
                             MULTI-MAPPING READS:
        Number of reads mapped to multiple loci |	160
             % of reads mapped to multiple loci |	0.04%
        Number of reads mapped to too many loci |	25
             % of reads mapped to too many loci |	0.01%
                                  UNMAPPED READS:
       % of reads unmapped: too many mismatches |	0.52%
                 % of reads unmapped: too short |	70.49%
                     % of reads unmapped: other |	0.00%
                                  CHIMERIC READS:
                       Number of chimeric reads |	8
                            % of chimeric reads |	0.00%
