                                 Started job on |	May 06 19:23:42
                             Started mapping on |	May 06 19:23:43
                                    Finished on |	May 06 19:26:50
       Mapping speed, Million of reads per hour |	5.22

                          Number of input reads |	271184
                      Average input read length |	202
                                    UNIQUE READS:
                   Uniquely mapped reads number |	51569
                        Uniquely mapped reads % |	19.02%
                          Average mapped length |	195.03
                       Number of splices: Total |	155192
            Number of splices: Annotated (sjdb) |	154459
                       Number of splices: GT/AG |	155115
                       Number of splices: GC/AG |	77
                       Number of splices: AT/AC |	0
               Number of splices: Non-canonical |	0
                      Mismatch rate per base, % |	0.74%
                         Deletion rate per base |	0.33%
                        Deletion average length |	1.00
                        Insertion rate per base |	0.11%
                       Insertion average length |	11.43
                             MULTI-MAPPING READS:
        Number of reads mapped to multiple loci |	123
             % of reads mapped to multiple loci |	0.05%
        Number of reads mapped to too many loci |	5
             % of reads mapped to too many loci |	0.00%
                                  UNMAPPED READS:
       % of reads unmapped: too many mismatches |	0.35%
                 % of reads unmapped: too short |	80.58%
                     % of reads unmapped: other |	0.00%
                                  CHIMERIC READS:
                       Number of chimeric reads |	10
                            % of chimeric reads |	0.00%
