                                 Started job on |	May 08 22:02:52
                             Started mapping on |	May 08 22:02:53
                                    Finished on |	May 08 22:05:50
       Mapping speed, Million of reads per hour |	5.29

                          Number of input reads |	260165
                      Average input read length |	202
                                    UNIQUE READS:
                   Uniquely mapped reads number |	74641
                        Uniquely mapped reads % |	28.69%
                          Average mapped length |	195.03
                       Number of splices: Total |	215158
            Number of splices: Annotated (sjdb) |	213864
                       Number of splices: GT/AG |	215033
                       Number of splices: GC/AG |	125
                       Number of splices: AT/AC |	0
               Number of splices: Non-canonical |	0
                      Mismatch rate per base, % |	0.71%
                         Deletion rate per base |	0.30%
                        Deletion average length |	1.00
                        Insertion rate per base |	0.09%
                       Insertion average length |	11.27
                             MULTI-MAPPING READS:
        Number of reads mapped to multiple loci |	165
             % of reads mapped to multiple loci |	0.06%
        Number of reads mapped to too many loci |	11
             % of reads mapped to too many loci |	0.00%
                                  UNMAPPED READS:
       % of reads unmapped: too many mismatches |	0.51%
                 % of reads unmapped: too short |	70.74%
                     % of reads unmapped: other |	0.00%
                                  CHIMERIC READS:
                       Number of chimeric reads |	12
                            % of chimeric reads |	0.00%
