                                 Started job on |	May 08 21:59:38
                             Started mapping on |	May 08 21:59:40
                                    Finished on |	May 08 22:03:37
       Mapping speed, Million of reads per hour |	4.33

                          Number of input reads |	285087
                      Average input read length |	202
                                    UNIQUE READS:
                   Uniquely mapped reads number |	57254
                        Uniquely mapped reads % |	20.08%
                          Average mapped length |	195.36
                       Number of splices: Total |	167479
            Number of splices: Annotated (sjdb) |	166596
                       Number of splices: GT/AG |	167390
                       Number of splices: GC/AG |	89
                       Number of splices: AT/AC |	0
               Number of splices: Non-canonical |	0
                      Mismatch rate per base, % |	0.70%
                         Deletion rate per base |	0.33%
                        Deletion average length |	1.00
                        Insertion rate per base |	0.08%
                       Insertion average length |	11.23
                             MULTI-MAPPING READS:
        Number of reads mapped to multiple loci |	131
             % of reads mapped to multiple loci |	0.05%
        Number of reads mapped to too many loci |	9
             % of reads mapped to too many loci |	0.00%
                                  UNMAPPED READS:
       % of reads unmapped: too many mismatches |	0.34%
                 % of reads unmapped: too short |	79.52%
                     % of reads unmapped: other |	0.00%
                                  CHIMERIC READS:
                       Number of chimeric reads |	8
                            % of chimeric reads |	0.00%
