                                 Started job on |	May 05 20:29:33
                             Started mapping on |	May 05 20:29:34
                                    Finished on |	May 05 20:32:19
       Mapping speed, Million of reads per hour |	4.03

                          Number of input reads |	184601
                      Average input read length |	202
                                    UNIQUE READS:
                   Uniquely mapped reads number |	34934
                        Uniquely mapped reads % |	18.92%
                          Average mapped length |	196.15
                       Number of splices: Total |	76269
            Number of splices: Annotated (sjdb) |	75385
                       Number of splices: GT/AG |	76257
                       Number of splices: GC/AG |	12
                       Number of splices: AT/AC |	0
               Number of splices: Non-canonical |	0
                      Mismatch rate per base, % |	0.73%
                         Deletion rate per base |	0.35%
                        Deletion average length |	1.00
                        Insertion rate per base |	0.00%
                       Insertion average length |	1.34
                             MULTI-MAPPING READS:
        Number of reads mapped to multiple loci |	46
             % of reads mapped to multiple loci |	0.02%
        Number of reads mapped to too many loci |	2
             % of reads mapped to too many loci |	0.00%
                                  UNMAPPED READS:
       % of reads unmapped: too many mismatches |	0.34%
                 % of reads unmapped: too short |	80.71%
                     % of reads unmapped: other |	0.00%
                                  CHIMERIC READS:
                       Number of chimeric reads |	2
                            % of chimeric reads |	0.00%
