                                 Started job on |	May 08 23:20:59
                             Started mapping on |	May 08 23:21:00
                                    Finished on |	May 08 23:24:09
       Mapping speed, Million of reads per hour |	3.36

                          Number of input reads |	176334
                      Average input read length |	202
                                    UNIQUE READS:
                   Uniquely mapped reads number |	37183
                        Uniquely mapped reads % |	21.09%
                          Average mapped length |	195.18
                       Number of splices: Total |	109338
            Number of splices: Annotated (sjdb) |	108764
                       Number of splices: GT/AG |	109263
                       Number of splices: GC/AG |	75
                       Number of splices: AT/AC |	0
               Number of splices: Non-canonical |	0
                      Mismatch rate per base, % |	0.70%
                         Deletion rate per base |	0.33%
                        Deletion average length |	1.00
                        Insertion rate per base |	0.08%
                       Insertion average length |	11.13
                             MULTI-MAPPING READS:
        Number of reads mapped to multiple loci |	75
             % of reads mapped to multiple loci |	0.04%
        Number of reads mapped to too many loci |	7
             % of reads mapped to too many loci |	0.00%
                                  UNMAPPED READS:
       % of reads unmapped: too many mismatches |	0.35%
                 % of reads unmapped: too short |	78.52%
                     % of reads unmapped: other |	0.00%
                                  CHIMERIC READS:
                       Number of chimeric reads |	6
                            % of chimeric reads |	0.00%
