                                 Started job on |	May 11 17:17:41
                             Started mapping on |	May 11 17:17:42
                                    Finished on |	May 11 17:20:17
       Mapping speed, Million of reads per hour |	4.37

                          Number of input reads |	188358
                      Average input read length |	202
                                    UNIQUE READS:
                   Uniquely mapped reads number |	51585
                        Uniquely mapped reads % |	27.39%
                          Average mapped length |	196.61
                       Number of splices: Total |	111500
            Number of splices: Annotated (sjdb) |	110303
                       Number of splices: GT/AG |	111413
                       Number of splices: GC/AG |	87
                       Number of splices: AT/AC |	0
               Number of splices: Non-canonical |	0
                      Mismatch rate per base, % |	0.72%
                         Deletion rate per base |	0.36%
                        Deletion average length |	1.00
                        Insertion rate per base |	0.00%
                       Insertion average length |	1.22
                             MULTI-MAPPING READS:
        Number of reads mapped to multiple loci |	65
             % of reads mapped to multiple loci |	0.03%
        Number of reads mapped to too many loci |	4
             % of reads mapped to too many loci |	0.00%
                                  UNMAPPED READS:
       % of reads unmapped: too many mismatches |	0.49%
                 % of reads unmapped: too short |	72.08%
                     % of reads unmapped: other |	0.00%
                                  CHIMERIC READS:
                       Number of chimeric reads |	3
                            % of chimeric reads |	0.00%
