                                 Started job on |	May 10 11:15:16
                             Started mapping on |	May 10 11:15:17
                                    Finished on |	May 10 11:18:05
       Mapping speed, Million of reads per hour |	3.18

                          Number of input reads |	148187
                      Average input read length |	202
                                    UNIQUE READS:
                   Uniquely mapped reads number |	45345
                        Uniquely mapped reads % |	30.60%
                          Average mapped length |	196.31
                       Number of splices: Total |	97816
            Number of splices: Annotated (sjdb) |	96593
                       Number of splices: GT/AG |	97731
                       Number of splices: GC/AG |	85
                       Number of splices: AT/AC |	0
               Number of splices: Non-canonical |	0
                      Mismatch rate per base, % |	0.72%
                         Deletion rate per base |	0.36%
                        Deletion average length |	1.00
                        Insertion rate per base |	0.00%
                       Insertion average length |	1.48
                             MULTI-MAPPING READS:
        Number of reads mapped to multiple loci |	63
             % of reads mapped to multiple loci |	0.04%
        Number of reads mapped to too many loci |	8
             % of reads mapped to too many loci |	0.01%
                                  UNMAPPED READS:
       % of reads unmapped: too many mismatches |	0.53%
                 % of reads unmapped: too short |	68.82%
                     % of reads unmapped: other |	0.00%
                                  CHIMERIC READS:
                       Number of chimeric reads |	5
                            % of chimeric reads |	0.00%
