                                 Started job on |	May 11 16:39:33
                             Started mapping on |	May 11 16:39:34
                                    Finished on |	May 11 16:41:59
       Mapping speed, Million of reads per hour |	8.03

                          Number of input reads |	323503
                      Average input read length |	202
                                    UNIQUE READS:
                   Uniquely mapped reads number |	92957
                        Uniquely mapped reads % |	28.73%
                          Average mapped length |	196.40
                       Number of splices: Total |	200654
            Number of splices: Annotated (sjdb) |	198424
                       Number of splices: GT/AG |	200498
                       Number of splices: GC/AG |	156
                       Number of splices: AT/AC |	0
               Number of splices: Non-canonical |	0
                      Mismatch rate per base, % |	0.71%
                         Deletion rate per base |	0.36%
                        Deletion average length |	1.00
                        Insertion rate per base |	0.00%
                       Insertion average length |	1.15
                             MULTI-MAPPING READS:
        Number of reads mapped to multiple loci |	137
             % of reads mapped to multiple loci |	0.04%
        Number of reads mapped to too many loci |	6
             % of reads mapped to too many loci |	0.00%
                                  UNMAPPED READS:
       % of reads unmapped: too many mismatches |	0.49%
                 % of reads unmapped: too short |	70.73%
                     % of reads unmapped: other |	0.00%
                                  CHIMERIC READS:
                       Number of chimeric reads |	9
                            % of chimeric reads |	0.00%
