                                 Started job on |	May 08 20:09:45
                             Started mapping on |	May 08 20:09:46
                                    Finished on |	May 08 20:12:36
       Mapping speed, Million of reads per hour |	5.74

                          Number of input reads |	271238
                      Average input read length |	202
                                    UNIQUE READS:
                   Uniquely mapped reads number |	73374
                        Uniquely mapped reads % |	27.05%
                          Average mapped length |	194.89
                       Number of splices: Total |	214653
            Number of splices: Annotated (sjdb) |	213561
                       Number of splices: GT/AG |	214481
                       Number of splices: GC/AG |	172
                       Number of splices: AT/AC |	0
               Number of splices: Non-canonical |	0
                      Mismatch rate per base, % |	0.71%
                         Deletion rate per base |	0.31%
                        Deletion average length |	1.00
                        Insertion rate per base |	0.09%
                       Insertion average length |	11.22
                             MULTI-MAPPING READS:
        Number of reads mapped to multiple loci |	135
             % of reads mapped to multiple loci |	0.05%
        Number of reads mapped to too many loci |	12
             % of reads mapped to too many loci |	0.00%
                                  UNMAPPED READS:
       % of reads unmapped: too many mismatches |	0.46%
                 % of reads unmapped: too short |	72.43%
                     % of reads unmapped: other |	0.00%
                                  CHIMERIC READS:
                       Number of chimeric reads |	11
                            % of chimeric reads |	0.00%
