                                 Started job on |	May 05 21:36:41
                             Started mapping on |	May 05 21:36:43
                                    Finished on |	May 05 21:38:41
       Mapping speed, Million of reads per hour |	11.67

                          Number of input reads |	382636
                      Average input read length |	202
                                    UNIQUE READS:
                   Uniquely mapped reads number |	75578
                        Uniquely mapped reads % |	19.75%
                          Average mapped length |	196.20
                       Number of splices: Total |	162378
            Number of splices: Annotated (sjdb) |	160917
                       Number of splices: GT/AG |	162338
                       Number of splices: GC/AG |	40
                       Number of splices: AT/AC |	0
               Number of splices: Non-canonical |	0
                      Mismatch rate per base, % |	0.73%
                         Deletion rate per base |	0.36%
                        Deletion average length |	1.00
                        Insertion rate per base |	0.00%
                       Insertion average length |	1.03
                             MULTI-MAPPING READS:
        Number of reads mapped to multiple loci |	92
             % of reads mapped to multiple loci |	0.02%
        Number of reads mapped to too many loci |	9
             % of reads mapped to too many loci |	0.00%
                                  UNMAPPED READS:
       % of reads unmapped: too many mismatches |	0.33%
                 % of reads unmapped: too short |	79.89%
                     % of reads unmapped: other |	0.00%
                                  CHIMERIC READS:
                       Number of chimeric reads |	6
                            % of chimeric reads |	0.00%
