                                 Started job on |	May 09 00:43:27
                             Started mapping on |	May 09 00:43:28
                                    Finished on |	May 09 00:45:47
       Mapping speed, Million of reads per hour |	9.40

                          Number of input reads |	362978
                      Average input read length |	202
                                    UNIQUE READS:
                   Uniquely mapped reads number |	73307
                        Uniquely mapped reads % |	20.20%
                          Average mapped length |	195.05
                       Number of splices: Total |	214133
            Number of splices: Annotated (sjdb) |	212930
                       Number of splices: GT/AG |	213972
                       Number of splices: GC/AG |	161
                       Number of splices: AT/AC |	0
               Number of splices: Non-canonical |	0
                      Mismatch rate per base, % |	0.70%
                         Deletion rate per base |	0.33%
                        Deletion average length |	1.01
                        Insertion rate per base |	0.08%
                       Insertion average length |	11.33
                             MULTI-MAPPING READS:
        Number of reads mapped to multiple loci |	153
             % of reads mapped to multiple loci |	0.04%
        Number of reads mapped to too many loci |	6
             % of reads mapped to too many loci |	0.00%
                                  UNMAPPED READS:
       % of reads unmapped: too many mismatches |	0.34%
                 % of reads unmapped: too short |	79.42%
                     % of reads unmapped: other |	0.00%
                                  CHIMERIC READS:
                       Number of chimeric reads |	18
                            % of chimeric reads |	0.00%
