                                 Started job on |	May 07 02:32:26
                             Started mapping on |	May 07 02:32:29
                                    Finished on |	May 07 02:35:22
       Mapping speed, Million of reads per hour |	5.15

                          Number of input reads |	247665
                      Average input read length |	202
                                    UNIQUE READS:
                   Uniquely mapped reads number |	49848
                        Uniquely mapped reads % |	20.13%
                          Average mapped length |	194.68
                       Number of splices: Total |	146482
            Number of splices: Annotated (sjdb) |	145820
                       Number of splices: GT/AG |	146339
                       Number of splices: GC/AG |	143
                       Number of splices: AT/AC |	0
               Number of splices: Non-canonical |	0
                      Mismatch rate per base, % |	0.75%
                         Deletion rate per base |	0.32%
                        Deletion average length |	1.01
                        Insertion rate per base |	0.09%
                       Insertion average length |	11.37
                             MULTI-MAPPING READS:
        Number of reads mapped to multiple loci |	134
             % of reads mapped to multiple loci |	0.05%
        Number of reads mapped to too many loci |	10
             % of reads mapped to too many loci |	0.00%
                                  UNMAPPED READS:
       % of reads unmapped: too many mismatches |	0.36%
                 % of reads unmapped: too short |	79.45%
                     % of reads unmapped: other |	0.00%
                                  CHIMERIC READS:
                       Number of chimeric reads |	10
                            % of chimeric reads |	0.00%
