                                 Started job on |	May 07 01:12:47
                             Started mapping on |	May 07 01:12:49
                                    Finished on |	May 07 01:16:34
       Mapping speed, Million of reads per hour |	5.83

                          Number of input reads |	364232
                      Average input read length |	202
                                    UNIQUE READS:
                   Uniquely mapped reads number |	76458
                        Uniquely mapped reads % |	20.99%
                          Average mapped length |	194.68
                       Number of splices: Total |	221817
            Number of splices: Annotated (sjdb) |	220412
                       Number of splices: GT/AG |	221580
                       Number of splices: GC/AG |	237
                       Number of splices: AT/AC |	0
               Number of splices: Non-canonical |	0
                      Mismatch rate per base, % |	0.76%
                         Deletion rate per base |	0.32%
                        Deletion average length |	1.00
                        Insertion rate per base |	0.09%
                       Insertion average length |	11.45
                             MULTI-MAPPING READS:
        Number of reads mapped to multiple loci |	197
             % of reads mapped to multiple loci |	0.05%
        Number of reads mapped to too many loci |	16
             % of reads mapped to too many loci |	0.00%
                                  UNMAPPED READS:
       % of reads unmapped: too many mismatches |	0.39%
                 % of reads unmapped: too short |	78.56%
                     % of reads unmapped: other |	0.00%
                                  CHIMERIC READS:
                       Number of chimeric reads |	16
                            % of chimeric reads |	0.00%
