                                 Started job on |	May 05 20:26:45
                             Started mapping on |	May 05 20:26:46
                                    Finished on |	May 05 20:29:32
       Mapping speed, Million of reads per hour |	3.12

                          Number of input reads |	143713
                      Average input read length |	202
                                    UNIQUE READS:
                   Uniquely mapped reads number |	32284
                        Uniquely mapped reads % |	22.46%
                          Average mapped length |	195.92
                       Number of splices: Total |	69773
            Number of splices: Annotated (sjdb) |	68968
                       Number of splices: GT/AG |	69748
                       Number of splices: GC/AG |	25
                       Number of splices: AT/AC |	0
               Number of splices: Non-canonical |	0
                      Mismatch rate per base, % |	0.74%
                         Deletion rate per base |	0.35%
                        Deletion average length |	1.00
                        Insertion rate per base |	0.00%
                       Insertion average length |	2.00
                             MULTI-MAPPING READS:
        Number of reads mapped to multiple loci |	42
             % of reads mapped to multiple loci |	0.03%
        Number of reads mapped to too many loci |	4
             % of reads mapped to too many loci |	0.00%
                                  UNMAPPED READS:
       % of reads unmapped: too many mismatches |	0.39%
                 % of reads unmapped: too short |	77.11%
                     % of reads unmapped: other |	0.00%
                                  CHIMERIC READS:
                       Number of chimeric reads |	1
                            % of chimeric reads |	0.00%
