                                 Started job on |	May 07 01:51:57
                             Started mapping on |	May 07 01:51:59
                                    Finished on |	May 07 01:55:01
       Mapping speed, Million of reads per hour |	5.91

                          Number of input reads |	298566
                      Average input read length |	202
                                    UNIQUE READS:
                   Uniquely mapped reads number |	66591
                        Uniquely mapped reads % |	22.30%
                          Average mapped length |	195.00
                       Number of splices: Total |	196691
            Number of splices: Annotated (sjdb) |	195781
                       Number of splices: GT/AG |	196512
                       Number of splices: GC/AG |	179
                       Number of splices: AT/AC |	0
               Number of splices: Non-canonical |	0
                      Mismatch rate per base, % |	0.74%
                         Deletion rate per base |	0.32%
                        Deletion average length |	1.00
                        Insertion rate per base |	0.08%
                       Insertion average length |	11.37
                             MULTI-MAPPING READS:
        Number of reads mapped to multiple loci |	135
             % of reads mapped to multiple loci |	0.05%
        Number of reads mapped to too many loci |	14
             % of reads mapped to too many loci |	0.00%
                                  UNMAPPED READS:
       % of reads unmapped: too many mismatches |	0.38%
                 % of reads unmapped: too short |	77.26%
                     % of reads unmapped: other |	0.00%
                                  CHIMERIC READS:
                       Number of chimeric reads |	15
                            % of chimeric reads |	0.01%
