                                 Started job on |	May 04 10:32:23
                             Started mapping on |	May 04 10:32:24
                                    Finished on |	May 04 10:34:32
       Mapping speed, Million of reads per hour |	6.00

                          Number of input reads |	213457
                      Average input read length |	202
                                    UNIQUE READS:
                   Uniquely mapped reads number |	41575
                        Uniquely mapped reads % |	19.48%
                          Average mapped length |	196.58
                       Number of splices: Total |	88590
            Number of splices: Annotated (sjdb) |	87498
                       Number of splices: GT/AG |	88551
                       Number of splices: GC/AG |	39
                       Number of splices: AT/AC |	0
               Number of splices: Non-canonical |	0
                      Mismatch rate per base, % |	0.70%
                         Deletion rate per base |	0.36%
                        Deletion average length |	1.00
                        Insertion rate per base |	0.00%
                       Insertion average length |	1.03
                             MULTI-MAPPING READS:
        Number of reads mapped to multiple loci |	59
             % of reads mapped to multiple loci |	0.03%
        Number of reads mapped to too many loci |	4
             % of reads mapped to too many loci |	0.00%
                                  UNMAPPED READS:
       % of reads unmapped: too many mismatches |	0.32%
                 % of reads unmapped: too short |	80.17%
                     % of reads unmapped: other |	0.00%
                                  CHIMERIC READS:
                       Number of chimeric reads |	3
                            % of chimeric reads |	0.00%
