                                 Started job on |	May 11 15:45:08
                             Started mapping on |	May 11 15:45:09
                                    Finished on |	May 11 15:47:42
       Mapping speed, Million of reads per hour |	9.33

                          Number of input reads |	396426
                      Average input read length |	202
                                    UNIQUE READS:
                   Uniquely mapped reads number |	126719
                        Uniquely mapped reads % |	31.97%
                          Average mapped length |	196.27
                       Number of splices: Total |	273558
            Number of splices: Annotated (sjdb) |	270206
                       Number of splices: GT/AG |	273283
                       Number of splices: GC/AG |	275
                       Number of splices: AT/AC |	0
               Number of splices: Non-canonical |	0
                      Mismatch rate per base, % |	0.73%
                         Deletion rate per base |	0.36%
                        Deletion average length |	1.00
                        Insertion rate per base |	0.00%
                       Insertion average length |	1.03
                             MULTI-MAPPING READS:
        Number of reads mapped to multiple loci |	169
             % of reads mapped to multiple loci |	0.04%
        Number of reads mapped to too many loci |	23
             % of reads mapped to too many loci |	0.01%
                                  UNMAPPED READS:
       % of reads unmapped: too many mismatches |	0.58%
                 % of reads unmapped: too short |	67.41%
                     % of reads unmapped: other |	0.00%
                                  CHIMERIC READS:
                       Number of chimeric reads |	8
                            % of chimeric reads |	0.00%
