                                 Started job on |	May 05 22:09:40
                             Started mapping on |	May 05 22:09:42
                                    Finished on |	May 05 22:12:27
       Mapping speed, Million of reads per hour |	8.97

                          Number of input reads |	411146
                      Average input read length |	202
                                    UNIQUE READS:
                   Uniquely mapped reads number |	97093
                        Uniquely mapped reads % |	23.62%
                          Average mapped length |	196.07
                       Number of splices: Total |	210340
            Number of splices: Annotated (sjdb) |	208037
                       Number of splices: GT/AG |	210293
                       Number of splices: GC/AG |	47
                       Number of splices: AT/AC |	0
               Number of splices: Non-canonical |	0
                      Mismatch rate per base, % |	0.75%
                         Deletion rate per base |	0.35%
                        Deletion average length |	1.00
                        Insertion rate per base |	0.00%
                       Insertion average length |	1.11
                             MULTI-MAPPING READS:
        Number of reads mapped to multiple loci |	139
             % of reads mapped to multiple loci |	0.03%
        Number of reads mapped to too many loci |	13
             % of reads mapped to too many loci |	0.00%
                                  UNMAPPED READS:
       % of reads unmapped: too many mismatches |	0.42%
                 % of reads unmapped: too short |	75.92%
                     % of reads unmapped: other |	0.00%
                                  CHIMERIC READS:
                       Number of chimeric reads |	4
                            % of chimeric reads |	0.00%
