                                 Started job on |	May 08 19:07:14
                             Started mapping on |	May 08 19:07:14
                                    Finished on |	May 08 19:10:07
       Mapping speed, Million of reads per hour |	7.48

                          Number of input reads |	359358
                      Average input read length |	202
                                    UNIQUE READS:
                   Uniquely mapped reads number |	103631
                        Uniquely mapped reads % |	28.84%
                          Average mapped length |	194.80
                       Number of splices: Total |	298376
            Number of splices: Annotated (sjdb) |	296770
                       Number of splices: GT/AG |	298127
                       Number of splices: GC/AG |	249
                       Number of splices: AT/AC |	0
               Number of splices: Non-canonical |	0
                      Mismatch rate per base, % |	0.71%
                         Deletion rate per base |	0.30%
                        Deletion average length |	1.00
                        Insertion rate per base |	0.10%
                       Insertion average length |	11.39
                             MULTI-MAPPING READS:
        Number of reads mapped to multiple loci |	219
             % of reads mapped to multiple loci |	0.06%
        Number of reads mapped to too many loci |	7
             % of reads mapped to too many loci |	0.00%
                                  UNMAPPED READS:
       % of reads unmapped: too many mismatches |	0.51%
                 % of reads unmapped: too short |	70.59%
                     % of reads unmapped: other |	0.00%
                                  CHIMERIC READS:
                       Number of chimeric reads |	15
                            % of chimeric reads |	0.00%
