                                 Started job on |	May 09 12:56:35
                             Started mapping on |	May 09 12:56:36
                                    Finished on |	May 09 13:00:27
       Mapping speed, Million of reads per hour |	5.37

                          Number of input reads |	344458
                      Average input read length |	202
                                    UNIQUE READS:
                   Uniquely mapped reads number |	75945
                        Uniquely mapped reads % |	22.05%
                          Average mapped length |	195.44
                       Number of splices: Total |	222259
            Number of splices: Annotated (sjdb) |	221273
                       Number of splices: GT/AG |	222047
                       Number of splices: GC/AG |	212
                       Number of splices: AT/AC |	0
               Number of splices: Non-canonical |	0
                      Mismatch rate per base, % |	0.80%
                         Deletion rate per base |	0.34%
                        Deletion average length |	1.00
                        Insertion rate per base |	0.08%
                       Insertion average length |	11.19
                             MULTI-MAPPING READS:
        Number of reads mapped to multiple loci |	158
             % of reads mapped to multiple loci |	0.05%
        Number of reads mapped to too many loci |	12
             % of reads mapped to too many loci |	0.00%
                                  UNMAPPED READS:
       % of reads unmapped: too many mismatches |	0.57%
                 % of reads unmapped: too short |	77.33%
                     % of reads unmapped: other |	0.00%
                                  CHIMERIC READS:
                       Number of chimeric reads |	8
                            % of chimeric reads |	0.00%
