                                 Started job on |	May 05 06:34:30
                             Started mapping on |	May 05 06:34:31
                                    Finished on |	May 05 06:37:54
       Mapping speed, Million of reads per hour |	6.53

                          Number of input reads |	367976
                      Average input read length |	202
                                    UNIQUE READS:
                   Uniquely mapped reads number |	65960
                        Uniquely mapped reads % |	17.93%
                          Average mapped length |	196.57
                       Number of splices: Total |	143296
            Number of splices: Annotated (sjdb) |	141735
                       Number of splices: GT/AG |	143189
                       Number of splices: GC/AG |	107
                       Number of splices: AT/AC |	0
               Number of splices: Non-canonical |	0
                      Mismatch rate per base, % |	0.78%
                         Deletion rate per base |	0.39%
                        Deletion average length |	1.00
                        Insertion rate per base |	0.00%
                       Insertion average length |	1.13
                             MULTI-MAPPING READS:
        Number of reads mapped to multiple loci |	88
             % of reads mapped to multiple loci |	0.02%
        Number of reads mapped to too many loci |	18
             % of reads mapped to too many loci |	0.00%
                                  UNMAPPED READS:
       % of reads unmapped: too many mismatches |	0.42%
                 % of reads unmapped: too short |	81.62%
                     % of reads unmapped: other |	0.00%
                                  CHIMERIC READS:
                       Number of chimeric reads |	8
                            % of chimeric reads |	0.00%
