                                 Started job on |	May 08 03:01:48
                             Started mapping on |	May 08 03:01:50
                                    Finished on |	May 08 03:05:20
       Mapping speed, Million of reads per hour |	5.20

                          Number of input reads |	303186
                      Average input read length |	202
                                    UNIQUE READS:
                   Uniquely mapped reads number |	88737
                        Uniquely mapped reads % |	29.27%
                          Average mapped length |	194.74
                       Number of splices: Total |	253856
            Number of splices: Annotated (sjdb) |	252515
                       Number of splices: GT/AG |	253650
                       Number of splices: GC/AG |	206
                       Number of splices: AT/AC |	0
               Number of splices: Non-canonical |	0
                      Mismatch rate per base, % |	0.75%
                         Deletion rate per base |	0.31%
                        Deletion average length |	1.00
                        Insertion rate per base |	0.07%
                       Insertion average length |	11.10
                             MULTI-MAPPING READS:
        Number of reads mapped to multiple loci |	216
             % of reads mapped to multiple loci |	0.07%
        Number of reads mapped to too many loci |	20
             % of reads mapped to too many loci |	0.01%
                                  UNMAPPED READS:
       % of reads unmapped: too many mismatches |	0.49%
                 % of reads unmapped: too short |	70.16%
                     % of reads unmapped: other |	0.00%
                                  CHIMERIC READS:
                       Number of chimeric reads |	12
                            % of chimeric reads |	0.00%
