                                 Started job on |	May 08 06:34:19
                             Started mapping on |	May 08 06:34:21
                                    Finished on |	May 08 06:37:02
       Mapping speed, Million of reads per hour |	6.97

                          Number of input reads |	311878
                      Average input read length |	202
                                    UNIQUE READS:
                   Uniquely mapped reads number |	77079
                        Uniquely mapped reads % |	24.71%
                          Average mapped length |	195.04
                       Number of splices: Total |	220971
            Number of splices: Annotated (sjdb) |	219880
                       Number of splices: GT/AG |	220774
                       Number of splices: GC/AG |	197
                       Number of splices: AT/AC |	0
               Number of splices: Non-canonical |	0
                      Mismatch rate per base, % |	0.82%
                         Deletion rate per base |	0.33%
                        Deletion average length |	1.00
                        Insertion rate per base |	0.07%
                       Insertion average length |	11.07
                             MULTI-MAPPING READS:
        Number of reads mapped to multiple loci |	152
             % of reads mapped to multiple loci |	0.05%
        Number of reads mapped to too many loci |	19
             % of reads mapped to too many loci |	0.01%
                                  UNMAPPED READS:
       % of reads unmapped: too many mismatches |	0.63%
                 % of reads unmapped: too short |	74.60%
                     % of reads unmapped: other |	0.00%
                                  CHIMERIC READS:
                       Number of chimeric reads |	7
                            % of chimeric reads |	0.00%
