                                 Started job on |	May 05 13:35:46
                             Started mapping on |	May 05 13:35:47
                                    Finished on |	May 05 13:38:02
       Mapping speed, Million of reads per hour |	9.12

                          Number of input reads |	342136
                      Average input read length |	202
                                    UNIQUE READS:
                   Uniquely mapped reads number |	51050
                        Uniquely mapped reads % |	14.92%
                          Average mapped length |	196.09
                       Number of splices: Total |	110622
            Number of splices: Annotated (sjdb) |	109457
                       Number of splices: GT/AG |	110606
                       Number of splices: GC/AG |	16
                       Number of splices: AT/AC |	0
               Number of splices: Non-canonical |	0
                      Mismatch rate per base, % |	0.74%
                         Deletion rate per base |	0.36%
                        Deletion average length |	1.00
                        Insertion rate per base |	0.00%
                       Insertion average length |	1.05
                             MULTI-MAPPING READS:
        Number of reads mapped to multiple loci |	63
             % of reads mapped to multiple loci |	0.02%
        Number of reads mapped to too many loci |	6
             % of reads mapped to too many loci |	0.00%
                                  UNMAPPED READS:
       % of reads unmapped: too many mismatches |	0.24%
                 % of reads unmapped: too short |	84.82%
                     % of reads unmapped: other |	0.00%
                                  CHIMERIC READS:
                       Number of chimeric reads |	2
                            % of chimeric reads |	0.00%
