                                 Started job on |	May 11 16:51:20
                             Started mapping on |	May 11 16:51:21
                                    Finished on |	May 11 16:53:23
       Mapping speed, Million of reads per hour |	8.34

                          Number of input reads |	282533
                      Average input read length |	202
                                    UNIQUE READS:
                   Uniquely mapped reads number |	91945
                        Uniquely mapped reads % |	32.54%
                          Average mapped length |	196.27
                       Number of splices: Total |	199149
            Number of splices: Annotated (sjdb) |	196746
                       Number of splices: GT/AG |	198978
                       Number of splices: GC/AG |	171
                       Number of splices: AT/AC |	0
               Number of splices: Non-canonical |	0
                      Mismatch rate per base, % |	0.72%
                         Deletion rate per base |	0.36%
                        Deletion average length |	1.00
                        Insertion rate per base |	0.00%
                       Insertion average length |	1.26
                             MULTI-MAPPING READS:
        Number of reads mapped to multiple loci |	122
             % of reads mapped to multiple loci |	0.04%
        Number of reads mapped to too many loci |	12
             % of reads mapped to too many loci |	0.00%
                                  UNMAPPED READS:
       % of reads unmapped: too many mismatches |	0.54%
                 % of reads unmapped: too short |	66.87%
                     % of reads unmapped: other |	0.00%
                                  CHIMERIC READS:
                       Number of chimeric reads |	6
                            % of chimeric reads |	0.00%
