                                 Started job on |	May 06 22:38:03
                             Started mapping on |	May 06 22:38:05
                                    Finished on |	May 06 22:42:36
       Mapping speed, Million of reads per hour |	3.47

                          Number of input reads |	261081
                      Average input read length |	202
                                    UNIQUE READS:
                   Uniquely mapped reads number |	50256
                        Uniquely mapped reads % |	19.25%
                          Average mapped length |	194.80
                       Number of splices: Total |	149232
            Number of splices: Annotated (sjdb) |	148540
                       Number of splices: GT/AG |	149070
                       Number of splices: GC/AG |	162
                       Number of splices: AT/AC |	0
               Number of splices: Non-canonical |	0
                      Mismatch rate per base, % |	0.75%
                         Deletion rate per base |	0.33%
                        Deletion average length |	1.00
                        Insertion rate per base |	0.11%
                       Insertion average length |	11.50
                             MULTI-MAPPING READS:
        Number of reads mapped to multiple loci |	126
             % of reads mapped to multiple loci |	0.05%
        Number of reads mapped to too many loci |	11
             % of reads mapped to too many loci |	0.00%
                                  UNMAPPED READS:
       % of reads unmapped: too many mismatches |	0.37%
                 % of reads unmapped: too short |	80.32%
                     % of reads unmapped: other |	0.00%
                                  CHIMERIC READS:
                       Number of chimeric reads |	10
                            % of chimeric reads |	0.00%
