                                 Started job on |	May 10 06:45:17
                             Started mapping on |	May 10 06:45:18
                                    Finished on |	May 10 06:49:24
       Mapping speed, Million of reads per hour |	4.12

                          Number of input reads |	281251
                      Average input read length |	202
                                    UNIQUE READS:
                   Uniquely mapped reads number |	79545
                        Uniquely mapped reads % |	28.28%
                          Average mapped length |	196.16
                       Number of splices: Total |	171411
            Number of splices: Annotated (sjdb) |	169483
                       Number of splices: GT/AG |	171210
                       Number of splices: GC/AG |	201
                       Number of splices: AT/AC |	0
               Number of splices: Non-canonical |	0
                      Mismatch rate per base, % |	0.72%
                         Deletion rate per base |	0.35%
                        Deletion average length |	1.00
                        Insertion rate per base |	0.00%
                       Insertion average length |	1.11
                             MULTI-MAPPING READS:
        Number of reads mapped to multiple loci |	110
             % of reads mapped to multiple loci |	0.04%
        Number of reads mapped to too many loci |	19
             % of reads mapped to too many loci |	0.01%
                                  UNMAPPED READS:
       % of reads unmapped: too many mismatches |	0.51%
                 % of reads unmapped: too short |	71.16%
                     % of reads unmapped: other |	0.00%
                                  CHIMERIC READS:
                       Number of chimeric reads |	10
                            % of chimeric reads |	0.00%
