                                 Started job on |	May 09 19:13:43
                             Started mapping on |	May 09 19:13:44
                                    Finished on |	May 09 19:16:51
       Mapping speed, Million of reads per hour |	5.71

                          Number of input reads |	296434
                      Average input read length |	202
                                    UNIQUE READS:
                   Uniquely mapped reads number |	93742
                        Uniquely mapped reads % |	31.62%
                          Average mapped length |	194.96
                       Number of splices: Total |	266915
            Number of splices: Annotated (sjdb) |	265501
                       Number of splices: GT/AG |	266675
                       Number of splices: GC/AG |	240
                       Number of splices: AT/AC |	0
               Number of splices: Non-canonical |	0
                      Mismatch rate per base, % |	0.71%
                         Deletion rate per base |	0.32%
                        Deletion average length |	1.01
                        Insertion rate per base |	0.10%
                       Insertion average length |	11.19
                             MULTI-MAPPING READS:
        Number of reads mapped to multiple loci |	274
             % of reads mapped to multiple loci |	0.09%
        Number of reads mapped to too many loci |	16
             % of reads mapped to too many loci |	0.01%
                                  UNMAPPED READS:
       % of reads unmapped: too many mismatches |	0.51%
                 % of reads unmapped: too short |	67.77%
                     % of reads unmapped: other |	0.00%
                                  CHIMERIC READS:
                       Number of chimeric reads |	20
                            % of chimeric reads |	0.01%
