                                 Started job on |	May 10 07:27:32
                             Started mapping on |	May 10 07:27:34
                                    Finished on |	May 10 07:30:15
       Mapping speed, Million of reads per hour |	7.40

                          Number of input reads |	331080
                      Average input read length |	202
                                    UNIQUE READS:
                   Uniquely mapped reads number |	82039
                        Uniquely mapped reads % |	24.78%
                          Average mapped length |	196.40
                       Number of splices: Total |	176495
            Number of splices: Annotated (sjdb) |	174594
                       Number of splices: GT/AG |	176303
                       Number of splices: GC/AG |	192
                       Number of splices: AT/AC |	0
               Number of splices: Non-canonical |	0
                      Mismatch rate per base, % |	0.70%
                         Deletion rate per base |	0.36%
                        Deletion average length |	1.00
                        Insertion rate per base |	0.00%
                       Insertion average length |	1.04
                             MULTI-MAPPING READS:
        Number of reads mapped to multiple loci |	97
             % of reads mapped to multiple loci |	0.03%
        Number of reads mapped to too many loci |	15
             % of reads mapped to too many loci |	0.00%
                                  UNMAPPED READS:
       % of reads unmapped: too many mismatches |	0.41%
                 % of reads unmapped: too short |	74.77%
                     % of reads unmapped: other |	0.00%
                                  CHIMERIC READS:
                       Number of chimeric reads |	4
                            % of chimeric reads |	0.00%
