                                 Started job on |	May 08 07:42:48
                             Started mapping on |	May 08 07:42:50
                                    Finished on |	May 08 07:45:38
       Mapping speed, Million of reads per hour |	5.59

                          Number of input reads |	260648
                      Average input read length |	202
                                    UNIQUE READS:
                   Uniquely mapped reads number |	62324
                        Uniquely mapped reads % |	23.91%
                          Average mapped length |	194.89
                       Number of splices: Total |	179416
            Number of splices: Annotated (sjdb) |	178503
                       Number of splices: GT/AG |	179248
                       Number of splices: GC/AG |	168
                       Number of splices: AT/AC |	0
               Number of splices: Non-canonical |	0
                      Mismatch rate per base, % |	0.75%
                         Deletion rate per base |	0.32%
                        Deletion average length |	1.00
                        Insertion rate per base |	0.09%
                       Insertion average length |	11.44
                             MULTI-MAPPING READS:
        Number of reads mapped to multiple loci |	150
             % of reads mapped to multiple loci |	0.06%
        Number of reads mapped to too many loci |	17
             % of reads mapped to too many loci |	0.01%
                                  UNMAPPED READS:
       % of reads unmapped: too many mismatches |	0.41%
                 % of reads unmapped: too short |	75.62%
                     % of reads unmapped: other |	0.00%
                                  CHIMERIC READS:
                       Number of chimeric reads |	15
                            % of chimeric reads |	0.01%
