                                 Started job on |	May 11 02:19:18
                             Started mapping on |	May 11 02:19:19
                                    Finished on |	May 11 02:21:55
       Mapping speed, Million of reads per hour |	9.37

                          Number of input reads |	406047
                      Average input read length |	202
                                    UNIQUE READS:
                   Uniquely mapped reads number |	103282
                        Uniquely mapped reads % |	25.44%
                          Average mapped length |	196.78
                       Number of splices: Total |	222324
            Number of splices: Annotated (sjdb) |	220103
                       Number of splices: GT/AG |	222252
                       Number of splices: GC/AG |	72
                       Number of splices: AT/AC |	0
               Number of splices: Non-canonical |	0
                      Mismatch rate per base, % |	0.77%
                         Deletion rate per base |	0.38%
                        Deletion average length |	1.00
                        Insertion rate per base |	0.00%
                       Insertion average length |	1.05
                             MULTI-MAPPING READS:
        Number of reads mapped to multiple loci |	111
             % of reads mapped to multiple loci |	0.03%
        Number of reads mapped to too many loci |	10
             % of reads mapped to too many loci |	0.00%
                                  UNMAPPED READS:
       % of reads unmapped: too many mismatches |	0.63%
                 % of reads unmapped: too short |	73.91%
                     % of reads unmapped: other |	0.00%
                                  CHIMERIC READS:
                       Number of chimeric reads |	6
                            % of chimeric reads |	0.00%
