                                 Started job on |	May 10 16:23:06
                             Started mapping on |	May 10 16:23:06
                                    Finished on |	May 10 16:25:55
       Mapping speed, Million of reads per hour |	5.36

                          Number of input reads |	251521
                      Average input read length |	202
                                    UNIQUE READS:
                   Uniquely mapped reads number |	69029
                        Uniquely mapped reads % |	27.44%
                          Average mapped length |	194.90
                       Number of splices: Total |	196375
            Number of splices: Annotated (sjdb) |	195330
                       Number of splices: GT/AG |	196183
                       Number of splices: GC/AG |	192
                       Number of splices: AT/AC |	0
               Number of splices: Non-canonical |	0
                      Mismatch rate per base, % |	0.75%
                         Deletion rate per base |	0.32%
                        Deletion average length |	1.01
                        Insertion rate per base |	0.09%
                       Insertion average length |	11.01
                             MULTI-MAPPING READS:
        Number of reads mapped to multiple loci |	179
             % of reads mapped to multiple loci |	0.07%
        Number of reads mapped to too many loci |	12
             % of reads mapped to too many loci |	0.00%
                                  UNMAPPED READS:
       % of reads unmapped: too many mismatches |	0.50%
                 % of reads unmapped: too short |	71.98%
                     % of reads unmapped: other |	0.00%
                                  CHIMERIC READS:
                       Number of chimeric reads |	21
                            % of chimeric reads |	0.01%
