                                 Started job on |	May 09 06:34:39
                             Started mapping on |	May 09 06:34:40
                                    Finished on |	May 09 06:38:41
       Mapping speed, Million of reads per hour |	5.76

                          Number of input reads |	385484
                      Average input read length |	202
                                    UNIQUE READS:
                   Uniquely mapped reads number |	75238
                        Uniquely mapped reads % |	19.52%
                          Average mapped length |	194.93
                       Number of splices: Total |	220948
            Number of splices: Annotated (sjdb) |	219841
                       Number of splices: GT/AG |	220804
                       Number of splices: GC/AG |	144
                       Number of splices: AT/AC |	0
               Number of splices: Non-canonical |	0
                      Mismatch rate per base, % |	0.70%
                         Deletion rate per base |	0.33%
                        Deletion average length |	1.00
                        Insertion rate per base |	0.08%
                       Insertion average length |	10.99
                             MULTI-MAPPING READS:
        Number of reads mapped to multiple loci |	160
             % of reads mapped to multiple loci |	0.04%
        Number of reads mapped to too many loci |	5
             % of reads mapped to too many loci |	0.00%
                                  UNMAPPED READS:
       % of reads unmapped: too many mismatches |	0.35%
                 % of reads unmapped: too short |	80.09%
                     % of reads unmapped: other |	0.00%
                                  CHIMERIC READS:
                       Number of chimeric reads |	10
                            % of chimeric reads |	0.00%
