                                 Started job on |	May 11 14:36:08
                             Started mapping on |	May 11 14:36:09
                                    Finished on |	May 11 14:38:09
       Mapping speed, Million of reads per hour |	10.23

                          Number of input reads |	341060
                      Average input read length |	202
                                    UNIQUE READS:
                   Uniquely mapped reads number |	110429
                        Uniquely mapped reads % |	32.38%
                          Average mapped length |	196.42
                       Number of splices: Total |	239850
            Number of splices: Annotated (sjdb) |	237554
                       Number of splices: GT/AG |	239700
                       Number of splices: GC/AG |	150
                       Number of splices: AT/AC |	0
               Number of splices: Non-canonical |	0
                      Mismatch rate per base, % |	0.70%
                         Deletion rate per base |	0.36%
                        Deletion average length |	1.00
                        Insertion rate per base |	0.00%
                       Insertion average length |	1.02
                             MULTI-MAPPING READS:
        Number of reads mapped to multiple loci |	133
             % of reads mapped to multiple loci |	0.04%
        Number of reads mapped to too many loci |	11
             % of reads mapped to too many loci |	0.00%
                                  UNMAPPED READS:
       % of reads unmapped: too many mismatches |	0.54%
                 % of reads unmapped: too short |	67.04%
                     % of reads unmapped: other |	0.00%
                                  CHIMERIC READS:
                       Number of chimeric reads |	7
                            % of chimeric reads |	0.00%
