                                 Started job on |	May 10 07:03:02
                             Started mapping on |	May 10 07:03:03
                                    Finished on |	May 10 07:05:25
       Mapping speed, Million of reads per hour |	8.51

                          Number of input reads |	335792
                      Average input read length |	202
                                    UNIQUE READS:
                   Uniquely mapped reads number |	114564
                        Uniquely mapped reads % |	34.12%
                          Average mapped length |	196.12
                       Number of splices: Total |	247395
            Number of splices: Annotated (sjdb) |	244184
                       Number of splices: GT/AG |	247161
                       Number of splices: GC/AG |	234
                       Number of splices: AT/AC |	0
               Number of splices: Non-canonical |	0
                      Mismatch rate per base, % |	0.71%
                         Deletion rate per base |	0.35%
                        Deletion average length |	1.00
                        Insertion rate per base |	0.00%
                       Insertion average length |	1.39
                             MULTI-MAPPING READS:
        Number of reads mapped to multiple loci |	159
             % of reads mapped to multiple loci |	0.05%
        Number of reads mapped to too many loci |	24
             % of reads mapped to too many loci |	0.01%
                                  UNMAPPED READS:
       % of reads unmapped: too many mismatches |	0.58%
                 % of reads unmapped: too short |	65.24%
                     % of reads unmapped: other |	0.00%
                                  CHIMERIC READS:
                       Number of chimeric reads |	9
                            % of chimeric reads |	0.00%
