                                 Started job on |	May 08 15:29:44
                             Started mapping on |	May 08 15:29:45
                                    Finished on |	May 08 15:32:33
       Mapping speed, Million of reads per hour |	7.68

                          Number of input reads |	358284
                      Average input read length |	202
                                    UNIQUE READS:
                   Uniquely mapped reads number |	87798
                        Uniquely mapped reads % |	24.51%
                          Average mapped length |	194.74
                       Number of splices: Total |	257386
            Number of splices: Annotated (sjdb) |	255745
                       Number of splices: GT/AG |	257121
                       Number of splices: GC/AG |	265
                       Number of splices: AT/AC |	0
               Number of splices: Non-canonical |	0
                      Mismatch rate per base, % |	0.72%
                         Deletion rate per base |	0.31%
                        Deletion average length |	1.00
                        Insertion rate per base |	0.09%
                       Insertion average length |	11.19
                             MULTI-MAPPING READS:
        Number of reads mapped to multiple loci |	191
             % of reads mapped to multiple loci |	0.05%
        Number of reads mapped to too many loci |	6
             % of reads mapped to too many loci |	0.00%
                                  UNMAPPED READS:
       % of reads unmapped: too many mismatches |	0.41%
                 % of reads unmapped: too short |	75.03%
                     % of reads unmapped: other |	0.00%
                                  CHIMERIC READS:
                       Number of chimeric reads |	14
                            % of chimeric reads |	0.00%
