                                 Started job on |	May 07 03:38:08
                             Started mapping on |	May 07 03:38:10
                                    Finished on |	May 07 03:41:38
       Mapping speed, Million of reads per hour |	3.19

                          Number of input reads |	184424
                      Average input read length |	202
                                    UNIQUE READS:
                   Uniquely mapped reads number |	40994
                        Uniquely mapped reads % |	22.23%
                          Average mapped length |	194.84
                       Number of splices: Total |	118847
            Number of splices: Annotated (sjdb) |	118279
                       Number of splices: GT/AG |	118758
                       Number of splices: GC/AG |	89
                       Number of splices: AT/AC |	0
               Number of splices: Non-canonical |	0
                      Mismatch rate per base, % |	0.75%
                         Deletion rate per base |	0.32%
                        Deletion average length |	1.00
                        Insertion rate per base |	0.08%
                       Insertion average length |	11.40
                             MULTI-MAPPING READS:
        Number of reads mapped to multiple loci |	102
             % of reads mapped to multiple loci |	0.06%
        Number of reads mapped to too many loci |	11
             % of reads mapped to too many loci |	0.01%
                                  UNMAPPED READS:
       % of reads unmapped: too many mismatches |	0.44%
                 % of reads unmapped: too short |	77.27%
                     % of reads unmapped: other |	0.00%
                                  CHIMERIC READS:
                       Number of chimeric reads |	11
                            % of chimeric reads |	0.01%
