                                 Started job on |	May 08 22:03:39
                             Started mapping on |	May 08 22:03:40
                                    Finished on |	May 08 22:07:36
       Mapping speed, Million of reads per hour |	4.66

                          Number of input reads |	305235
                      Average input read length |	202
                                    UNIQUE READS:
                   Uniquely mapped reads number |	66550
                        Uniquely mapped reads % |	21.80%
                          Average mapped length |	195.06
                       Number of splices: Total |	195056
            Number of splices: Annotated (sjdb) |	193981
                       Number of splices: GT/AG |	194947
                       Number of splices: GC/AG |	109
                       Number of splices: AT/AC |	0
               Number of splices: Non-canonical |	0
                      Mismatch rate per base, % |	0.72%
                         Deletion rate per base |	0.32%
                        Deletion average length |	1.00
                        Insertion rate per base |	0.10%
                       Insertion average length |	11.34
                             MULTI-MAPPING READS:
        Number of reads mapped to multiple loci |	176
             % of reads mapped to multiple loci |	0.06%
        Number of reads mapped to too many loci |	9
             % of reads mapped to too many loci |	0.00%
                                  UNMAPPED READS:
       % of reads unmapped: too many mismatches |	0.36%
                 % of reads unmapped: too short |	77.77%
                     % of reads unmapped: other |	0.00%
                                  CHIMERIC READS:
                       Number of chimeric reads |	14
                            % of chimeric reads |	0.00%
