                                 Started job on |	May 10 12:22:39
                             Started mapping on |	May 10 12:22:39
                                    Finished on |	May 10 12:25:29
       Mapping speed, Million of reads per hour |	2.98

                          Number of input reads |	140854
                      Average input read length |	202
                                    UNIQUE READS:
                   Uniquely mapped reads number |	38231
                        Uniquely mapped reads % |	27.14%
                          Average mapped length |	194.73
                       Number of splices: Total |	109606
            Number of splices: Annotated (sjdb) |	109014
                       Number of splices: GT/AG |	109492
                       Number of splices: GC/AG |	114
                       Number of splices: AT/AC |	0
               Number of splices: Non-canonical |	0
                      Mismatch rate per base, % |	0.78%
                         Deletion rate per base |	0.31%
                        Deletion average length |	1.00
                        Insertion rate per base |	0.07%
                       Insertion average length |	11.11
                             MULTI-MAPPING READS:
        Number of reads mapped to multiple loci |	87
             % of reads mapped to multiple loci |	0.06%
        Number of reads mapped to too many loci |	3
             % of reads mapped to too many loci |	0.00%
                                  UNMAPPED READS:
       % of reads unmapped: too many mismatches |	0.57%
                 % of reads unmapped: too short |	72.22%
                     % of reads unmapped: other |	0.00%
                                  CHIMERIC READS:
                       Number of chimeric reads |	6
                            % of chimeric reads |	0.00%
