                                 Started job on |	May 10 12:39:59
                             Started mapping on |	May 10 12:40:00
                                    Finished on |	May 10 12:42:40
       Mapping speed, Million of reads per hour |	3.82

                          Number of input reads |	169917
                      Average input read length |	202
                                    UNIQUE READS:
                   Uniquely mapped reads number |	49111
                        Uniquely mapped reads % |	28.90%
                          Average mapped length |	194.89
                       Number of splices: Total |	139326
            Number of splices: Annotated (sjdb) |	138518
                       Number of splices: GT/AG |	139142
                       Number of splices: GC/AG |	184
                       Number of splices: AT/AC |	0
               Number of splices: Non-canonical |	0
                      Mismatch rate per base, % |	0.78%
                         Deletion rate per base |	0.31%
                        Deletion average length |	1.00
                        Insertion rate per base |	0.09%
                       Insertion average length |	11.49
                             MULTI-MAPPING READS:
        Number of reads mapped to multiple loci |	113
             % of reads mapped to multiple loci |	0.07%
        Number of reads mapped to too many loci |	12
             % of reads mapped to too many loci |	0.01%
                                  UNMAPPED READS:
       % of reads unmapped: too many mismatches |	0.59%
                 % of reads unmapped: too short |	70.43%
                     % of reads unmapped: other |	0.00%
                                  CHIMERIC READS:
                       Number of chimeric reads |	11
                            % of chimeric reads |	0.01%
