                                 Started job on |	May 07 04:48:29
                             Started mapping on |	May 07 04:48:34
                                    Finished on |	May 07 04:51:40
       Mapping speed, Million of reads per hour |	2.96

                          Number of input reads |	152891
                      Average input read length |	202
                                    UNIQUE READS:
                   Uniquely mapped reads number |	30706
                        Uniquely mapped reads % |	20.08%
                          Average mapped length |	195.12
                       Number of splices: Total |	88556
            Number of splices: Annotated (sjdb) |	88064
                       Number of splices: GT/AG |	88460
                       Number of splices: GC/AG |	96
                       Number of splices: AT/AC |	0
               Number of splices: Non-canonical |	0
                      Mismatch rate per base, % |	0.77%
                         Deletion rate per base |	0.33%
                        Deletion average length |	1.00
                        Insertion rate per base |	0.08%
                       Insertion average length |	11.46
                             MULTI-MAPPING READS:
        Number of reads mapped to multiple loci |	67
             % of reads mapped to multiple loci |	0.04%
        Number of reads mapped to too many loci |	8
             % of reads mapped to too many loci |	0.01%
                                  UNMAPPED READS:
       % of reads unmapped: too many mismatches |	0.39%
                 % of reads unmapped: too short |	79.48%
                     % of reads unmapped: other |	0.00%
                                  CHIMERIC READS:
                       Number of chimeric reads |	8
                            % of chimeric reads |	0.01%
