                                 Started job on |	May 08 13:09:05
                             Started mapping on |	May 08 13:09:06
                                    Finished on |	May 08 13:11:32
       Mapping speed, Million of reads per hour |	8.39

                          Number of input reads |	340414
                      Average input read length |	202
                                    UNIQUE READS:
                   Uniquely mapped reads number |	72619
                        Uniquely mapped reads % |	21.33%
                          Average mapped length |	195.14
                       Number of splices: Total |	213437
            Number of splices: Annotated (sjdb) |	212419
                       Number of splices: GT/AG |	213289
                       Number of splices: GC/AG |	148
                       Number of splices: AT/AC |	0
               Number of splices: Non-canonical |	0
                      Mismatch rate per base, % |	0.71%
                         Deletion rate per base |	0.32%
                        Deletion average length |	1.00
                        Insertion rate per base |	0.07%
                       Insertion average length |	10.98
                             MULTI-MAPPING READS:
        Number of reads mapped to multiple loci |	168
             % of reads mapped to multiple loci |	0.05%
        Number of reads mapped to too many loci |	12
             % of reads mapped to too many loci |	0.00%
                                  UNMAPPED READS:
       % of reads unmapped: too many mismatches |	0.39%
                 % of reads unmapped: too short |	78.22%
                     % of reads unmapped: other |	0.00%
                                  CHIMERIC READS:
                       Number of chimeric reads |	11
                            % of chimeric reads |	0.00%
