                                 Started job on |	May 05 22:29:16
                             Started mapping on |	May 05 22:29:17
                                    Finished on |	May 05 22:31:43
       Mapping speed, Million of reads per hour |	4.55

                          Number of input reads |	184716
                      Average input read length |	202
                                    UNIQUE READS:
                   Uniquely mapped reads number |	49099
                        Uniquely mapped reads % |	26.58%
                          Average mapped length |	195.99
                       Number of splices: Total |	107694
            Number of splices: Annotated (sjdb) |	106578
                       Number of splices: GT/AG |	107653
                       Number of splices: GC/AG |	41
                       Number of splices: AT/AC |	0
               Number of splices: Non-canonical |	0
                      Mismatch rate per base, % |	0.74%
                         Deletion rate per base |	0.35%
                        Deletion average length |	1.00
                        Insertion rate per base |	0.00%
                       Insertion average length |	1.09
                             MULTI-MAPPING READS:
        Number of reads mapped to multiple loci |	60
             % of reads mapped to multiple loci |	0.03%
        Number of reads mapped to too many loci |	7
             % of reads mapped to too many loci |	0.00%
                                  UNMAPPED READS:
       % of reads unmapped: too many mismatches |	0.42%
                 % of reads unmapped: too short |	72.96%
                     % of reads unmapped: other |	0.00%
                                  CHIMERIC READS:
                       Number of chimeric reads |	2
                            % of chimeric reads |	0.00%
