                                 Started job on |	May 07 00:39:29
                             Started mapping on |	May 07 00:39:30
                                    Finished on |	May 07 00:43:45
       Mapping speed, Million of reads per hour |	4.13

                          Number of input reads |	292651
                      Average input read length |	202
                                    UNIQUE READS:
                   Uniquely mapped reads number |	61297
                        Uniquely mapped reads % |	20.95%
                          Average mapped length |	194.94
                       Number of splices: Total |	179317
            Number of splices: Annotated (sjdb) |	178332
                       Number of splices: GT/AG |	179184
                       Number of splices: GC/AG |	133
                       Number of splices: AT/AC |	0
               Number of splices: Non-canonical |	0
                      Mismatch rate per base, % |	0.75%
                         Deletion rate per base |	0.32%
                        Deletion average length |	1.01
                        Insertion rate per base |	0.09%
                       Insertion average length |	11.34
                             MULTI-MAPPING READS:
        Number of reads mapped to multiple loci |	157
             % of reads mapped to multiple loci |	0.05%
        Number of reads mapped to too many loci |	8
             % of reads mapped to too many loci |	0.00%
                                  UNMAPPED READS:
       % of reads unmapped: too many mismatches |	0.36%
                 % of reads unmapped: too short |	78.64%
                     % of reads unmapped: other |	0.00%
                                  CHIMERIC READS:
                       Number of chimeric reads |	16
                            % of chimeric reads |	0.01%
