                                 Started job on |	May 10 16:28:32
                             Started mapping on |	May 10 16:28:33
                                    Finished on |	May 10 16:31:24
       Mapping speed, Million of reads per hour |	7.04

                          Number of input reads |	334266
                      Average input read length |	202
                                    UNIQUE READS:
                   Uniquely mapped reads number |	85760
                        Uniquely mapped reads % |	25.66%
                          Average mapped length |	194.95
                       Number of splices: Total |	251049
            Number of splices: Annotated (sjdb) |	249675
                       Number of splices: GT/AG |	250912
                       Number of splices: GC/AG |	137
                       Number of splices: AT/AC |	0
               Number of splices: Non-canonical |	0
                      Mismatch rate per base, % |	0.76%
                         Deletion rate per base |	0.31%
                        Deletion average length |	1.00
                        Insertion rate per base |	0.07%
                       Insertion average length |	11.40
                             MULTI-MAPPING READS:
        Number of reads mapped to multiple loci |	186
             % of reads mapped to multiple loci |	0.06%
        Number of reads mapped to too many loci |	8
             % of reads mapped to too many loci |	0.00%
                                  UNMAPPED READS:
       % of reads unmapped: too many mismatches |	0.49%
                 % of reads unmapped: too short |	73.79%
                     % of reads unmapped: other |	0.00%
                                  CHIMERIC READS:
                       Number of chimeric reads |	6
                            % of chimeric reads |	0.00%
