                                 Started job on |	May 11 20:27:44
                             Started mapping on |	May 11 20:27:46
                                    Finished on |	May 11 20:30:21
       Mapping speed, Million of reads per hour |	6.62

                          Number of input reads |	284983
                      Average input read length |	202
                                    UNIQUE READS:
                   Uniquely mapped reads number |	101922
                        Uniquely mapped reads % |	35.76%
                          Average mapped length |	195.99
                       Number of splices: Total |	219507
            Number of splices: Annotated (sjdb) |	216637
                       Number of splices: GT/AG |	219273
                       Number of splices: GC/AG |	234
                       Number of splices: AT/AC |	0
               Number of splices: Non-canonical |	0
                      Mismatch rate per base, % |	0.73%
                         Deletion rate per base |	0.35%
                        Deletion average length |	1.00
                        Insertion rate per base |	0.00%
                       Insertion average length |	1.15
                             MULTI-MAPPING READS:
        Number of reads mapped to multiple loci |	138
             % of reads mapped to multiple loci |	0.05%
        Number of reads mapped to too many loci |	23
             % of reads mapped to too many loci |	0.01%
                                  UNMAPPED READS:
       % of reads unmapped: too many mismatches |	0.61%
                 % of reads unmapped: too short |	63.57%
                     % of reads unmapped: other |	0.00%
                                  CHIMERIC READS:
                       Number of chimeric reads |	10
                            % of chimeric reads |	0.00%
