                                 Started job on |	May 05 19:41:59
                             Started mapping on |	May 05 19:42:00
                                    Finished on |	May 05 19:44:39
       Mapping speed, Million of reads per hour |	6.28

                          Number of input reads |	277229
                      Average input read length |	202
                                    UNIQUE READS:
                   Uniquely mapped reads number |	63418
                        Uniquely mapped reads % |	22.88%
                          Average mapped length |	196.01
                       Number of splices: Total |	137629
            Number of splices: Annotated (sjdb) |	136073
                       Number of splices: GT/AG |	137584
                       Number of splices: GC/AG |	45
                       Number of splices: AT/AC |	0
               Number of splices: Non-canonical |	0
                      Mismatch rate per base, % |	0.74%
                         Deletion rate per base |	0.35%
                        Deletion average length |	1.00
                        Insertion rate per base |	0.00%
                       Insertion average length |	1.04
                             MULTI-MAPPING READS:
        Number of reads mapped to multiple loci |	96
             % of reads mapped to multiple loci |	0.03%
        Number of reads mapped to too many loci |	14
             % of reads mapped to too many loci |	0.01%
                                  UNMAPPED READS:
       % of reads unmapped: too many mismatches |	0.40%
                 % of reads unmapped: too short |	76.69%
                     % of reads unmapped: other |	0.00%
                                  CHIMERIC READS:
                       Number of chimeric reads |	8
                            % of chimeric reads |	0.00%
