                                 Started job on |	May 11 10:58:55
                             Started mapping on |	May 11 10:58:56
                                    Finished on |	May 11 11:01:31
       Mapping speed, Million of reads per hour |	5.20

                          Number of input reads |	224055
                      Average input read length |	202
                                    UNIQUE READS:
                   Uniquely mapped reads number |	66801
                        Uniquely mapped reads % |	29.81%
                          Average mapped length |	196.15
                       Number of splices: Total |	143945
            Number of splices: Annotated (sjdb) |	142099
                       Number of splices: GT/AG |	143805
                       Number of splices: GC/AG |	140
                       Number of splices: AT/AC |	0
               Number of splices: Non-canonical |	0
                      Mismatch rate per base, % |	0.70%
                         Deletion rate per base |	0.35%
                        Deletion average length |	1.00
                        Insertion rate per base |	0.00%
                       Insertion average length |	1.20
                             MULTI-MAPPING READS:
        Number of reads mapped to multiple loci |	86
             % of reads mapped to multiple loci |	0.04%
        Number of reads mapped to too many loci |	8
             % of reads mapped to too many loci |	0.00%
                                  UNMAPPED READS:
       % of reads unmapped: too many mismatches |	0.52%
                 % of reads unmapped: too short |	69.62%
                     % of reads unmapped: other |	0.00%
                                  CHIMERIC READS:
                       Number of chimeric reads |	6
                            % of chimeric reads |	0.00%
