                                 Started job on |	May 08 10:52:51
                             Started mapping on |	May 08 10:52:52
                                    Finished on |	May 08 10:56:20
       Mapping speed, Million of reads per hour |	3.93

                          Number of input reads |	227172
                      Average input read length |	202
                                    UNIQUE READS:
                   Uniquely mapped reads number |	64099
                        Uniquely mapped reads % |	28.22%
                          Average mapped length |	194.88
                       Number of splices: Total |	183811
            Number of splices: Annotated (sjdb) |	182808
                       Number of splices: GT/AG |	183659
                       Number of splices: GC/AG |	152
                       Number of splices: AT/AC |	0
               Number of splices: Non-canonical |	0
                      Mismatch rate per base, % |	0.74%
                         Deletion rate per base |	0.31%
                        Deletion average length |	1.00
                        Insertion rate per base |	0.09%
                       Insertion average length |	11.25
                             MULTI-MAPPING READS:
        Number of reads mapped to multiple loci |	157
             % of reads mapped to multiple loci |	0.07%
        Number of reads mapped to too many loci |	15
             % of reads mapped to too many loci |	0.01%
                                  UNMAPPED READS:
       % of reads unmapped: too many mismatches |	0.47%
                 % of reads unmapped: too short |	71.24%
                     % of reads unmapped: other |	0.00%
                                  CHIMERIC READS:
                       Number of chimeric reads |	10
                            % of chimeric reads |	0.00%
