                                 Started job on |	May 08 04:22:09
                             Started mapping on |	May 08 04:22:10
                                    Finished on |	May 08 04:24:40
       Mapping speed, Million of reads per hour |	6.85

                          Number of input reads |	285267
                      Average input read length |	202
                                    UNIQUE READS:
                   Uniquely mapped reads number |	72421
                        Uniquely mapped reads % |	25.39%
                          Average mapped length |	195.73
                       Number of splices: Total |	218440
            Number of splices: Annotated (sjdb) |	217496
                       Number of splices: GT/AG |	218316
                       Number of splices: GC/AG |	124
                       Number of splices: AT/AC |	0
               Number of splices: Non-canonical |	0
                      Mismatch rate per base, % |	0.67%
                         Deletion rate per base |	0.33%
                        Deletion average length |	1.00
                        Insertion rate per base |	0.07%
                       Insertion average length |	10.94
                             MULTI-MAPPING READS:
        Number of reads mapped to multiple loci |	132
             % of reads mapped to multiple loci |	0.05%
        Number of reads mapped to too many loci |	3
             % of reads mapped to too many loci |	0.00%
                                  UNMAPPED READS:
       % of reads unmapped: too many mismatches |	0.37%
                 % of reads unmapped: too short |	74.19%
                     % of reads unmapped: other |	0.00%
                                  CHIMERIC READS:
                       Number of chimeric reads |	14
                            % of chimeric reads |	0.00%
