                                 Started job on |	May 11 05:47:26
                             Started mapping on |	May 11 05:47:27
                                    Finished on |	May 11 05:50:18
       Mapping speed, Million of reads per hour |	6.97

                          Number of input reads |	331309
                      Average input read length |	202
                                    UNIQUE READS:
                   Uniquely mapped reads number |	79074
                        Uniquely mapped reads % |	23.87%
                          Average mapped length |	196.55
                       Number of splices: Total |	170095
            Number of splices: Annotated (sjdb) |	168313
                       Number of splices: GT/AG |	169986
                       Number of splices: GC/AG |	109
                       Number of splices: AT/AC |	0
               Number of splices: Non-canonical |	0
                      Mismatch rate per base, % |	0.76%
                         Deletion rate per base |	0.38%
                        Deletion average length |	1.00
                        Insertion rate per base |	0.00%
                       Insertion average length |	1.15
                             MULTI-MAPPING READS:
        Number of reads mapped to multiple loci |	102
             % of reads mapped to multiple loci |	0.03%
        Number of reads mapped to too many loci |	18
             % of reads mapped to too many loci |	0.01%
                                  UNMAPPED READS:
       % of reads unmapped: too many mismatches |	0.62%
                 % of reads unmapped: too short |	75.47%
                     % of reads unmapped: other |	0.00%
                                  CHIMERIC READS:
                       Number of chimeric reads |	6
                            % of chimeric reads |	0.00%
