                                 Started job on |	May 04 09:31:16
                             Started mapping on |	May 04 09:31:18
                                    Finished on |	May 04 09:33:38
       Mapping speed, Million of reads per hour |	4.19

                          Number of input reads |	163015
                      Average input read length |	202
                                    UNIQUE READS:
                   Uniquely mapped reads number |	35511
                        Uniquely mapped reads % |	21.78%
                          Average mapped length |	196.50
                       Number of splices: Total |	76167
            Number of splices: Annotated (sjdb) |	75239
                       Number of splices: GT/AG |	76134
                       Number of splices: GC/AG |	33
                       Number of splices: AT/AC |	0
               Number of splices: Non-canonical |	0
                      Mismatch rate per base, % |	0.68%
                         Deletion rate per base |	0.36%
                        Deletion average length |	1.00
                        Insertion rate per base |	0.00%
                       Insertion average length |	1.10
                             MULTI-MAPPING READS:
        Number of reads mapped to multiple loci |	44
             % of reads mapped to multiple loci |	0.03%
        Number of reads mapped to too many loci |	5
             % of reads mapped to too many loci |	0.00%
                                  UNMAPPED READS:
       % of reads unmapped: too many mismatches |	0.36%
                 % of reads unmapped: too short |	77.82%
                     % of reads unmapped: other |	0.00%
                                  CHIMERIC READS:
                       Number of chimeric reads |	2
                            % of chimeric reads |	0.00%
