                                 Started job on |	May 11 16:37:50
                             Started mapping on |	May 11 16:37:51
                                    Finished on |	May 11 16:40:20
       Mapping speed, Million of reads per hour |	6.53

                          Number of input reads |	270176
                      Average input read length |	202
                                    UNIQUE READS:
                   Uniquely mapped reads number |	87455
                        Uniquely mapped reads % |	32.37%
                          Average mapped length |	196.16
                       Number of splices: Total |	187730
            Number of splices: Annotated (sjdb) |	185466
                       Number of splices: GT/AG |	187564
                       Number of splices: GC/AG |	166
                       Number of splices: AT/AC |	0
               Number of splices: Non-canonical |	0
                      Mismatch rate per base, % |	0.72%
                         Deletion rate per base |	0.35%
                        Deletion average length |	1.00
                        Insertion rate per base |	0.00%
                       Insertion average length |	1.04
                             MULTI-MAPPING READS:
        Number of reads mapped to multiple loci |	138
             % of reads mapped to multiple loci |	0.05%
        Number of reads mapped to too many loci |	13
             % of reads mapped to too many loci |	0.00%
                                  UNMAPPED READS:
       % of reads unmapped: too many mismatches |	0.58%
                 % of reads unmapped: too short |	66.99%
                     % of reads unmapped: other |	0.00%
                                  CHIMERIC READS:
                       Number of chimeric reads |	12
                            % of chimeric reads |	0.00%
