                                 Started job on |	May 10 09:57:31
                             Started mapping on |	May 10 09:57:32
                                    Finished on |	May 10 09:59:51
       Mapping speed, Million of reads per hour |	4.88

                          Number of input reads |	188587
                      Average input read length |	202
                                    UNIQUE READS:
                   Uniquely mapped reads number |	53405
                        Uniquely mapped reads % |	28.32%
                          Average mapped length |	196.44
                       Number of splices: Total |	114935
            Number of splices: Annotated (sjdb) |	113564
                       Number of splices: GT/AG |	114816
                       Number of splices: GC/AG |	119
                       Number of splices: AT/AC |	0
               Number of splices: Non-canonical |	0
                      Mismatch rate per base, % |	0.71%
                         Deletion rate per base |	0.36%
                        Deletion average length |	1.00
                        Insertion rate per base |	0.00%
                       Insertion average length |	1.14
                             MULTI-MAPPING READS:
        Number of reads mapped to multiple loci |	60
             % of reads mapped to multiple loci |	0.03%
        Number of reads mapped to too many loci |	8
             % of reads mapped to too many loci |	0.00%
                                  UNMAPPED READS:
       % of reads unmapped: too many mismatches |	0.56%
                 % of reads unmapped: too short |	71.09%
                     % of reads unmapped: other |	0.00%
                                  CHIMERIC READS:
                       Number of chimeric reads |	1
                            % of chimeric reads |	0.00%
