                                 Started job on |	May 11 15:40:59
                             Started mapping on |	May 11 15:41:01
                                    Finished on |	May 11 15:43:24
       Mapping speed, Million of reads per hour |	6.90

                          Number of input reads |	274051
                      Average input read length |	202
                                    UNIQUE READS:
                   Uniquely mapped reads number |	90252
                        Uniquely mapped reads % |	32.93%
                          Average mapped length |	196.22
                       Number of splices: Total |	194856
            Number of splices: Annotated (sjdb) |	192706
                       Number of splices: GT/AG |	194671
                       Number of splices: GC/AG |	185
                       Number of splices: AT/AC |	0
               Number of splices: Non-canonical |	0
                      Mismatch rate per base, % |	0.72%
                         Deletion rate per base |	0.36%
                        Deletion average length |	1.00
                        Insertion rate per base |	0.00%
                       Insertion average length |	1.06
                             MULTI-MAPPING READS:
        Number of reads mapped to multiple loci |	150
             % of reads mapped to multiple loci |	0.05%
        Number of reads mapped to too many loci |	15
             % of reads mapped to too many loci |	0.01%
                                  UNMAPPED READS:
       % of reads unmapped: too many mismatches |	0.56%
                 % of reads unmapped: too short |	66.45%
                     % of reads unmapped: other |	0.00%
                                  CHIMERIC READS:
                       Number of chimeric reads |	8
                            % of chimeric reads |	0.00%
