                                 Started job on |	May 09 01:05:14
                             Started mapping on |	May 09 01:05:16
                                    Finished on |	May 09 01:08:30
       Mapping speed, Million of reads per hour |	5.52

                          Number of input reads |	297678
                      Average input read length |	202
                                    UNIQUE READS:
                   Uniquely mapped reads number |	70267
                        Uniquely mapped reads % |	23.61%
                          Average mapped length |	194.87
                       Number of splices: Total |	203314
            Number of splices: Annotated (sjdb) |	202278
                       Number of splices: GT/AG |	203143
                       Number of splices: GC/AG |	171
                       Number of splices: AT/AC |	0
               Number of splices: Non-canonical |	0
                      Mismatch rate per base, % |	0.70%
                         Deletion rate per base |	0.32%
                        Deletion average length |	1.01
                        Insertion rate per base |	0.10%
                       Insertion average length |	11.28
                             MULTI-MAPPING READS:
        Number of reads mapped to multiple loci |	143
             % of reads mapped to multiple loci |	0.05%
        Number of reads mapped to too many loci |	9
             % of reads mapped to too many loci |	0.00%
                                  UNMAPPED READS:
       % of reads unmapped: too many mismatches |	0.37%
                 % of reads unmapped: too short |	75.97%
                     % of reads unmapped: other |	0.00%
                                  CHIMERIC READS:
                       Number of chimeric reads |	13
                            % of chimeric reads |	0.00%
