                                 Started job on |	May 11 15:16:42
                             Started mapping on |	May 11 15:16:44
                                    Finished on |	May 11 15:18:57
       Mapping speed, Million of reads per hour |	9.32

                          Number of input reads |	344488
                      Average input read length |	202
                                    UNIQUE READS:
                   Uniquely mapped reads number |	112976
                        Uniquely mapped reads % |	32.80%
                          Average mapped length |	196.14
                       Number of splices: Total |	243492
            Number of splices: Annotated (sjdb) |	240665
                       Number of splices: GT/AG |	243279
                       Number of splices: GC/AG |	213
                       Number of splices: AT/AC |	0
               Number of splices: Non-canonical |	0
                      Mismatch rate per base, % |	0.74%
                         Deletion rate per base |	0.35%
                        Deletion average length |	1.00
                        Insertion rate per base |	0.00%
                       Insertion average length |	1.11
                             MULTI-MAPPING READS:
        Number of reads mapped to multiple loci |	172
             % of reads mapped to multiple loci |	0.05%
        Number of reads mapped to too many loci |	27
             % of reads mapped to too many loci |	0.01%
                                  UNMAPPED READS:
       % of reads unmapped: too many mismatches |	0.63%
                 % of reads unmapped: too short |	66.51%
                     % of reads unmapped: other |	0.00%
                                  CHIMERIC READS:
                       Number of chimeric reads |	10
                            % of chimeric reads |	0.00%
