                                 Started job on |	May 08 18:41:22
                             Started mapping on |	May 08 18:41:23
                                    Finished on |	May 08 18:43:54
       Mapping speed, Million of reads per hour |	6.64

                          Number of input reads |	278535
                      Average input read length |	202
                                    UNIQUE READS:
                   Uniquely mapped reads number |	87498
                        Uniquely mapped reads % |	31.41%
                          Average mapped length |	194.97
                       Number of splices: Total |	243172
            Number of splices: Annotated (sjdb) |	241652
                       Number of splices: GT/AG |	242895
                       Number of splices: GC/AG |	277
                       Number of splices: AT/AC |	0
               Number of splices: Non-canonical |	0
                      Mismatch rate per base, % |	0.71%
                         Deletion rate per base |	0.30%
                        Deletion average length |	1.00
                        Insertion rate per base |	0.07%
                       Insertion average length |	11.25
                             MULTI-MAPPING READS:
        Number of reads mapped to multiple loci |	170
             % of reads mapped to multiple loci |	0.06%
        Number of reads mapped to too many loci |	17
             % of reads mapped to too many loci |	0.01%
                                  UNMAPPED READS:
       % of reads unmapped: too many mismatches |	0.46%
                 % of reads unmapped: too short |	68.06%
                     % of reads unmapped: other |	0.00%
                                  CHIMERIC READS:
                       Number of chimeric reads |	16
                            % of chimeric reads |	0.01%
