                                 Started job on |	May 08 21:00:40
                             Started mapping on |	May 08 21:00:41
                                    Finished on |	May 08 21:02:50
       Mapping speed, Million of reads per hour |	8.27

                          Number of input reads |	296267
                      Average input read length |	202
                                    UNIQUE READS:
                   Uniquely mapped reads number |	84653
                        Uniquely mapped reads % |	28.57%
                          Average mapped length |	194.83
                       Number of splices: Total |	248517
            Number of splices: Annotated (sjdb) |	247204
                       Number of splices: GT/AG |	248238
                       Number of splices: GC/AG |	279
                       Number of splices: AT/AC |	0
               Number of splices: Non-canonical |	0
                      Mismatch rate per base, % |	0.71%
                         Deletion rate per base |	0.30%
                        Deletion average length |	1.00
                        Insertion rate per base |	0.09%
                       Insertion average length |	11.32
                             MULTI-MAPPING READS:
        Number of reads mapped to multiple loci |	173
             % of reads mapped to multiple loci |	0.06%
        Number of reads mapped to too many loci |	7
             % of reads mapped to too many loci |	0.00%
                                  UNMAPPED READS:
       % of reads unmapped: too many mismatches |	0.45%
                 % of reads unmapped: too short |	70.92%
                     % of reads unmapped: other |	0.00%
                                  CHIMERIC READS:
                       Number of chimeric reads |	10
                            % of chimeric reads |	0.00%
