                                 Started job on |	May 11 16:46:37
                             Started mapping on |	May 11 16:46:39
                                    Finished on |	May 11 16:49:20
       Mapping speed, Million of reads per hour |	8.09

                          Number of input reads |	361599
                      Average input read length |	202
                                    UNIQUE READS:
                   Uniquely mapped reads number |	100005
                        Uniquely mapped reads % |	27.66%
                          Average mapped length |	196.32
                       Number of splices: Total |	215675
            Number of splices: Annotated (sjdb) |	213344
                       Number of splices: GT/AG |	215496
                       Number of splices: GC/AG |	179
                       Number of splices: AT/AC |	0
               Number of splices: Non-canonical |	0
                      Mismatch rate per base, % |	0.74%
                         Deletion rate per base |	0.36%
                        Deletion average length |	1.00
                        Insertion rate per base |	0.00%
                       Insertion average length |	1.07
                             MULTI-MAPPING READS:
        Number of reads mapped to multiple loci |	159
             % of reads mapped to multiple loci |	0.04%
        Number of reads mapped to too many loci |	18
             % of reads mapped to too many loci |	0.00%
                                  UNMAPPED READS:
       % of reads unmapped: too many mismatches |	0.51%
                 % of reads unmapped: too short |	71.79%
                     % of reads unmapped: other |	0.00%
                                  CHIMERIC READS:
                       Number of chimeric reads |	6
                            % of chimeric reads |	0.00%
