                                 Started job on |	May 07 03:22:59
                             Started mapping on |	May 07 03:23:05
                                    Finished on |	May 07 03:26:51
       Mapping speed, Million of reads per hour |	2.83

                          Number of input reads |	177367
                      Average input read length |	202
                                    UNIQUE READS:
                   Uniquely mapped reads number |	35868
                        Uniquely mapped reads % |	20.22%
                          Average mapped length |	195.05
                       Number of splices: Total |	104238
            Number of splices: Annotated (sjdb) |	103702
                       Number of splices: GT/AG |	104112
                       Number of splices: GC/AG |	126
                       Number of splices: AT/AC |	0
               Number of splices: Non-canonical |	0
                      Mismatch rate per base, % |	0.75%
                         Deletion rate per base |	0.32%
                        Deletion average length |	1.00
                        Insertion rate per base |	0.10%
                       Insertion average length |	11.34
                             MULTI-MAPPING READS:
        Number of reads mapped to multiple loci |	91
             % of reads mapped to multiple loci |	0.05%
        Number of reads mapped to too many loci |	7
             % of reads mapped to too many loci |	0.00%
                                  UNMAPPED READS:
       % of reads unmapped: too many mismatches |	0.37%
                 % of reads unmapped: too short |	79.36%
                     % of reads unmapped: other |	0.00%
                                  CHIMERIC READS:
                       Number of chimeric reads |	11
                            % of chimeric reads |	0.01%
