                                 Started job on |	May 05 22:44:56
                             Started mapping on |	May 05 22:44:57
                                    Finished on |	May 05 22:47:19
       Mapping speed, Million of reads per hour |	7.09

                          Number of input reads |	279663
                      Average input read length |	202
                                    UNIQUE READS:
                   Uniquely mapped reads number |	62200
                        Uniquely mapped reads % |	22.24%
                          Average mapped length |	196.00
                       Number of splices: Total |	134481
            Number of splices: Annotated (sjdb) |	133134
                       Number of splices: GT/AG |	134419
                       Number of splices: GC/AG |	62
                       Number of splices: AT/AC |	0
               Number of splices: Non-canonical |	0
                      Mismatch rate per base, % |	0.74%
                         Deletion rate per base |	0.35%
                        Deletion average length |	1.00
                        Insertion rate per base |	0.00%
                       Insertion average length |	1.69
                             MULTI-MAPPING READS:
        Number of reads mapped to multiple loci |	89
             % of reads mapped to multiple loci |	0.03%
        Number of reads mapped to too many loci |	9
             % of reads mapped to too many loci |	0.00%
                                  UNMAPPED READS:
       % of reads unmapped: too many mismatches |	0.38%
                 % of reads unmapped: too short |	77.35%
                     % of reads unmapped: other |	0.00%
                                  CHIMERIC READS:
                       Number of chimeric reads |	6
                            % of chimeric reads |	0.00%
