                                 Started job on |	May 10 08:19:04
                             Started mapping on |	May 10 08:19:06
                                    Finished on |	May 10 08:20:50
       Mapping speed, Million of reads per hour |	10.08

                          Number of input reads |	291110
                      Average input read length |	202
                                    UNIQUE READS:
                   Uniquely mapped reads number |	83875
                        Uniquely mapped reads % |	28.81%
                          Average mapped length |	196.31
                       Number of splices: Total |	180341
            Number of splices: Annotated (sjdb) |	178288
                       Number of splices: GT/AG |	180147
                       Number of splices: GC/AG |	194
                       Number of splices: AT/AC |	0
               Number of splices: Non-canonical |	0
                      Mismatch rate per base, % |	0.70%
                         Deletion rate per base |	0.35%
                        Deletion average length |	1.00
                        Insertion rate per base |	0.00%
                       Insertion average length |	1.17
                             MULTI-MAPPING READS:
        Number of reads mapped to multiple loci |	108
             % of reads mapped to multiple loci |	0.04%
        Number of reads mapped to too many loci |	7
             % of reads mapped to too many loci |	0.00%
                                  UNMAPPED READS:
       % of reads unmapped: too many mismatches |	0.46%
                 % of reads unmapped: too short |	70.68%
                     % of reads unmapped: other |	0.00%
                                  CHIMERIC READS:
                       Number of chimeric reads |	7
                            % of chimeric reads |	0.00%
