                                 Started job on |	May 10 08:41:11
                             Started mapping on |	May 10 08:41:13
                                    Finished on |	May 10 08:43:05
       Mapping speed, Million of reads per hour |	8.24

                          Number of input reads |	256251
                      Average input read length |	202
                                    UNIQUE READS:
                   Uniquely mapped reads number |	75894
                        Uniquely mapped reads % |	29.62%
                          Average mapped length |	196.42
                       Number of splices: Total |	163499
            Number of splices: Annotated (sjdb) |	161736
                       Number of splices: GT/AG |	163346
                       Number of splices: GC/AG |	153
                       Number of splices: AT/AC |	0
               Number of splices: Non-canonical |	0
                      Mismatch rate per base, % |	0.69%
                         Deletion rate per base |	0.36%
                        Deletion average length |	1.00
                        Insertion rate per base |	0.00%
                       Insertion average length |	1.28
                             MULTI-MAPPING READS:
        Number of reads mapped to multiple loci |	93
             % of reads mapped to multiple loci |	0.04%
        Number of reads mapped to too many loci |	14
             % of reads mapped to too many loci |	0.01%
                                  UNMAPPED READS:
       % of reads unmapped: too many mismatches |	0.49%
                 % of reads unmapped: too short |	69.85%
                     % of reads unmapped: other |	0.00%
                                  CHIMERIC READS:
                       Number of chimeric reads |	2
                            % of chimeric reads |	0.00%
