                                 Started job on |	May 09 16:54:35
                             Started mapping on |	May 09 16:54:36
                                    Finished on |	May 09 16:57:02
       Mapping speed, Million of reads per hour |	7.37

                          Number of input reads |	298909
                      Average input read length |	202
                                    UNIQUE READS:
                   Uniquely mapped reads number |	82677
                        Uniquely mapped reads % |	27.66%
                          Average mapped length |	194.75
                       Number of splices: Total |	243623
            Number of splices: Annotated (sjdb) |	242402
                       Number of splices: GT/AG |	243365
                       Number of splices: GC/AG |	258
                       Number of splices: AT/AC |	0
               Number of splices: Non-canonical |	0
                      Mismatch rate per base, % |	0.75%
                         Deletion rate per base |	0.31%
                        Deletion average length |	1.00
                        Insertion rate per base |	0.11%
                       Insertion average length |	11.33
                             MULTI-MAPPING READS:
        Number of reads mapped to multiple loci |	189
             % of reads mapped to multiple loci |	0.06%
        Number of reads mapped to too many loci |	11
             % of reads mapped to too many loci |	0.00%
                                  UNMAPPED READS:
       % of reads unmapped: too many mismatches |	0.52%
                 % of reads unmapped: too short |	71.76%
                     % of reads unmapped: other |	0.00%
                                  CHIMERIC READS:
                       Number of chimeric reads |	12
                            % of chimeric reads |	0.00%
