                                 Started job on |	May 11 19:51:21
                             Started mapping on |	May 11 19:51:22
                                    Finished on |	May 11 19:53:59
       Mapping speed, Million of reads per hour |	7.23

                          Number of input reads |	315198
                      Average input read length |	202
                                    UNIQUE READS:
                   Uniquely mapped reads number |	88624
                        Uniquely mapped reads % |	28.12%
                          Average mapped length |	196.36
                       Number of splices: Total |	190977
            Number of splices: Annotated (sjdb) |	188870
                       Number of splices: GT/AG |	190813
                       Number of splices: GC/AG |	164
                       Number of splices: AT/AC |	0
               Number of splices: Non-canonical |	0
                      Mismatch rate per base, % |	0.72%
                         Deletion rate per base |	0.36%
                        Deletion average length |	1.01
                        Insertion rate per base |	0.00%
                       Insertion average length |	1.37
                             MULTI-MAPPING READS:
        Number of reads mapped to multiple loci |	144
             % of reads mapped to multiple loci |	0.05%
        Number of reads mapped to too many loci |	25
             % of reads mapped to too many loci |	0.01%
                                  UNMAPPED READS:
       % of reads unmapped: too many mismatches |	0.51%
                 % of reads unmapped: too short |	71.32%
                     % of reads unmapped: other |	0.00%
                                  CHIMERIC READS:
                       Number of chimeric reads |	10
                            % of chimeric reads |	0.00%
