                                 Started job on |	May 08 21:38:26
                             Started mapping on |	May 08 21:38:27
                                    Finished on |	May 08 21:42:11
       Mapping speed, Million of reads per hour |	4.83

                          Number of input reads |	300432
                      Average input read length |	202
                                    UNIQUE READS:
                   Uniquely mapped reads number |	64749
                        Uniquely mapped reads % |	21.55%
                          Average mapped length |	194.78
                       Number of splices: Total |	187610
            Number of splices: Annotated (sjdb) |	186626
                       Number of splices: GT/AG |	187465
                       Number of splices: GC/AG |	145
                       Number of splices: AT/AC |	0
               Number of splices: Non-canonical |	0
                      Mismatch rate per base, % |	0.72%
                         Deletion rate per base |	0.32%
                        Deletion average length |	1.00
                        Insertion rate per base |	0.10%
                       Insertion average length |	11.29
                             MULTI-MAPPING READS:
        Number of reads mapped to multiple loci |	169
             % of reads mapped to multiple loci |	0.06%
        Number of reads mapped to too many loci |	13
             % of reads mapped to too many loci |	0.00%
                                  UNMAPPED READS:
       % of reads unmapped: too many mismatches |	0.40%
                 % of reads unmapped: too short |	77.99%
                     % of reads unmapped: other |	0.00%
                                  CHIMERIC READS:
                       Number of chimeric reads |	13
                            % of chimeric reads |	0.00%
