                                 Started job on |	May 09 01:41:07
                             Started mapping on |	May 09 01:41:08
                                    Finished on |	May 09 01:43:42
       Mapping speed, Million of reads per hour |	8.40

                          Number of input reads |	359412
                      Average input read length |	202
                                    UNIQUE READS:
                   Uniquely mapped reads number |	6550
                        Uniquely mapped reads % |	1.82%
                          Average mapped length |	190.27
                       Number of splices: Total |	14270
            Number of splices: Annotated (sjdb) |	13950
                       Number of splices: GT/AG |	14270
                       Number of splices: GC/AG |	0
                       Number of splices: AT/AC |	0
               Number of splices: Non-canonical |	0
                      Mismatch rate per base, % |	0.93%
                         Deletion rate per base |	0.25%
                        Deletion average length |	1.00
                        Insertion rate per base |	0.03%
                       Insertion average length |	8.00
                             MULTI-MAPPING READS:
        Number of reads mapped to multiple loci |	18
             % of reads mapped to multiple loci |	0.01%
        Number of reads mapped to too many loci |	4
             % of reads mapped to too many loci |	0.00%
                                  UNMAPPED READS:
       % of reads unmapped: too many mismatches |	0.04%
                 % of reads unmapped: too short |	98.13%
                     % of reads unmapped: other |	0.00%
                                  CHIMERIC READS:
                       Number of chimeric reads |	5
                            % of chimeric reads |	0.00%
