                                 Started job on |	May 08 22:18:50
                             Started mapping on |	May 08 22:18:52
                                    Finished on |	May 08 22:21:26
       Mapping speed, Million of reads per hour |	6.49

                          Number of input reads |	277490
                      Average input read length |	202
                                    UNIQUE READS:
                   Uniquely mapped reads number |	77913
                        Uniquely mapped reads % |	28.08%
                          Average mapped length |	194.66
                       Number of splices: Total |	223023
            Number of splices: Annotated (sjdb) |	221826
                       Number of splices: GT/AG |	222742
                       Number of splices: GC/AG |	281
                       Number of splices: AT/AC |	0
               Number of splices: Non-canonical |	0
                      Mismatch rate per base, % |	0.73%
                         Deletion rate per base |	0.30%
                        Deletion average length |	1.00
                        Insertion rate per base |	0.12%
                       Insertion average length |	11.42
                             MULTI-MAPPING READS:
        Number of reads mapped to multiple loci |	188
             % of reads mapped to multiple loci |	0.07%
        Number of reads mapped to too many loci |	17
             % of reads mapped to too many loci |	0.01%
                                  UNMAPPED READS:
       % of reads unmapped: too many mismatches |	0.50%
                 % of reads unmapped: too short |	71.35%
                     % of reads unmapped: other |	0.00%
                                  CHIMERIC READS:
                       Number of chimeric reads |	12
                            % of chimeric reads |	0.00%
