                                 Started job on |	May 08 21:18:53
                             Started mapping on |	May 08 21:18:54
                                    Finished on |	May 08 21:21:32
       Mapping speed, Million of reads per hour |	3.99

                          Number of input reads |	175004
                      Average input read length |	202
                                    UNIQUE READS:
                   Uniquely mapped reads number |	43115
                        Uniquely mapped reads % |	24.64%
                          Average mapped length |	195.13
                       Number of splices: Total |	126567
            Number of splices: Annotated (sjdb) |	125901
                       Number of splices: GT/AG |	126476
                       Number of splices: GC/AG |	91
                       Number of splices: AT/AC |	0
               Number of splices: Non-canonical |	0
                      Mismatch rate per base, % |	0.70%
                         Deletion rate per base |	0.31%
                        Deletion average length |	1.00
                        Insertion rate per base |	0.10%
                       Insertion average length |	11.27
                             MULTI-MAPPING READS:
        Number of reads mapped to multiple loci |	100
             % of reads mapped to multiple loci |	0.06%
        Number of reads mapped to too many loci |	7
             % of reads mapped to too many loci |	0.00%
                                  UNMAPPED READS:
       % of reads unmapped: too many mismatches |	0.40%
                 % of reads unmapped: too short |	74.90%
                     % of reads unmapped: other |	0.00%
                                  CHIMERIC READS:
                       Number of chimeric reads |	2
                            % of chimeric reads |	0.00%
