                                 Started job on |	May 05 20:06:27
                             Started mapping on |	May 05 20:06:28
                                    Finished on |	May 05 20:08:24
       Mapping speed, Million of reads per hour |	8.98

                          Number of input reads |	289374
                      Average input read length |	202
                                    UNIQUE READS:
                   Uniquely mapped reads number |	45861
                        Uniquely mapped reads % |	15.85%
                          Average mapped length |	196.42
                       Number of splices: Total |	99731
            Number of splices: Annotated (sjdb) |	98518
                       Number of splices: GT/AG |	99713
                       Number of splices: GC/AG |	18
                       Number of splices: AT/AC |	0
               Number of splices: Non-canonical |	0
                      Mismatch rate per base, % |	0.75%
                         Deletion rate per base |	0.36%
                        Deletion average length |	1.00
                        Insertion rate per base |	0.00%
                       Insertion average length |	1.35
                             MULTI-MAPPING READS:
        Number of reads mapped to multiple loci |	55
             % of reads mapped to multiple loci |	0.02%
        Number of reads mapped to too many loci |	4
             % of reads mapped to too many loci |	0.00%
                                  UNMAPPED READS:
       % of reads unmapped: too many mismatches |	0.27%
                 % of reads unmapped: too short |	83.86%
                     % of reads unmapped: other |	0.00%
                                  CHIMERIC READS:
                       Number of chimeric reads |	6
                            % of chimeric reads |	0.00%
