                                 Started job on |	May 11 16:49:07
                             Started mapping on |	May 11 16:49:08
                                    Finished on |	May 11 16:51:18
       Mapping speed, Million of reads per hour |	5.86

                          Number of input reads |	211543
                      Average input read length |	202
                                    UNIQUE READS:
                   Uniquely mapped reads number |	61114
                        Uniquely mapped reads % |	28.89%
                          Average mapped length |	196.35
                       Number of splices: Total |	132095
            Number of splices: Annotated (sjdb) |	130624
                       Number of splices: GT/AG |	131985
                       Number of splices: GC/AG |	110
                       Number of splices: AT/AC |	0
               Number of splices: Non-canonical |	0
                      Mismatch rate per base, % |	0.72%
                         Deletion rate per base |	0.36%
                        Deletion average length |	1.00
                        Insertion rate per base |	0.00%
                       Insertion average length |	1.11
                             MULTI-MAPPING READS:
        Number of reads mapped to multiple loci |	79
             % of reads mapped to multiple loci |	0.04%
        Number of reads mapped to too many loci |	9
             % of reads mapped to too many loci |	0.00%
                                  UNMAPPED READS:
       % of reads unmapped: too many mismatches |	0.51%
                 % of reads unmapped: too short |	70.56%
                     % of reads unmapped: other |	0.00%
                                  CHIMERIC READS:
                       Number of chimeric reads |	4
                            % of chimeric reads |	0.00%
