                                 Started job on |	May 05 23:35:22
                             Started mapping on |	May 05 23:35:28
                                    Finished on |	May 05 23:38:42
       Mapping speed, Million of reads per hour |	2.37

                          Number of input reads |	127908
                      Average input read length |	202
                                    UNIQUE READS:
                   Uniquely mapped reads number |	25770
                        Uniquely mapped reads % |	20.15%
                          Average mapped length |	195.98
                       Number of splices: Total |	56147
            Number of splices: Annotated (sjdb) |	55574
                       Number of splices: GT/AG |	56126
                       Number of splices: GC/AG |	21
                       Number of splices: AT/AC |	0
               Number of splices: Non-canonical |	0
                      Mismatch rate per base, % |	0.75%
                         Deletion rate per base |	0.35%
                        Deletion average length |	1.00
                        Insertion rate per base |	0.00%
                       Insertion average length |	1.00
                             MULTI-MAPPING READS:
        Number of reads mapped to multiple loci |	17
             % of reads mapped to multiple loci |	0.01%
        Number of reads mapped to too many loci |	9
             % of reads mapped to too many loci |	0.01%
                                  UNMAPPED READS:
       % of reads unmapped: too many mismatches |	0.32%
                 % of reads unmapped: too short |	79.51%
                     % of reads unmapped: other |	0.00%
                                  CHIMERIC READS:
                       Number of chimeric reads |	0
                            % of chimeric reads |	0.00%
