                                 Started job on |	May 09 03:10:34
                             Started mapping on |	May 09 03:10:36
                                    Finished on |	May 09 03:15:12
       Mapping speed, Million of reads per hour |	1.58

                          Number of input reads |	120997
                      Average input read length |	202
                                    UNIQUE READS:
                   Uniquely mapped reads number |	24921
                        Uniquely mapped reads % |	20.60%
                          Average mapped length |	195.05
                       Number of splices: Total |	72425
            Number of splices: Annotated (sjdb) |	72063
                       Number of splices: GT/AG |	72354
                       Number of splices: GC/AG |	71
                       Number of splices: AT/AC |	0
               Number of splices: Non-canonical |	0
                      Mismatch rate per base, % |	0.71%
                         Deletion rate per base |	0.32%
                        Deletion average length |	1.01
                        Insertion rate per base |	0.11%
                       Insertion average length |	11.49
                             MULTI-MAPPING READS:
        Number of reads mapped to multiple loci |	72
             % of reads mapped to multiple loci |	0.06%
        Number of reads mapped to too many loci |	5
             % of reads mapped to too many loci |	0.00%
                                  UNMAPPED READS:
       % of reads unmapped: too many mismatches |	0.34%
                 % of reads unmapped: too short |	79.00%
                     % of reads unmapped: other |	0.00%
                                  CHIMERIC READS:
                       Number of chimeric reads |	3
                            % of chimeric reads |	0.00%
