                                 Started job on |	May 10 12:28:53
                             Started mapping on |	May 10 12:29:00
                                    Finished on |	May 10 12:31:56
       Mapping speed, Million of reads per hour |	2.78

                          Number of input reads |	136069
                      Average input read length |	202
                                    UNIQUE READS:
                   Uniquely mapped reads number |	39938
                        Uniquely mapped reads % |	29.35%
                          Average mapped length |	194.85
                       Number of splices: Total |	112009
            Number of splices: Annotated (sjdb) |	111389
                       Number of splices: GT/AG |	111895
                       Number of splices: GC/AG |	114
                       Number of splices: AT/AC |	0
               Number of splices: Non-canonical |	0
                      Mismatch rate per base, % |	0.78%
                         Deletion rate per base |	0.31%
                        Deletion average length |	1.00
                        Insertion rate per base |	0.08%
                       Insertion average length |	11.31
                             MULTI-MAPPING READS:
        Number of reads mapped to multiple loci |	95
             % of reads mapped to multiple loci |	0.07%
        Number of reads mapped to too many loci |	8
             % of reads mapped to too many loci |	0.01%
                                  UNMAPPED READS:
       % of reads unmapped: too many mismatches |	0.62%
                 % of reads unmapped: too short |	69.95%
                     % of reads unmapped: other |	0.00%
                                  CHIMERIC READS:
                       Number of chimeric reads |	8
                            % of chimeric reads |	0.01%
