                                 Started job on |	May 10 11:06:01
                             Started mapping on |	May 10 11:06:03
                                    Finished on |	May 10 11:08:33
       Mapping speed, Million of reads per hour |	3.11

                          Number of input reads |	129737
                      Average input read length |	202
                                    UNIQUE READS:
                   Uniquely mapped reads number |	39599
                        Uniquely mapped reads % |	30.52%
                          Average mapped length |	196.07
                       Number of splices: Total |	85541
            Number of splices: Annotated (sjdb) |	84473
                       Number of splices: GT/AG |	85440
                       Number of splices: GC/AG |	101
                       Number of splices: AT/AC |	0
               Number of splices: Non-canonical |	0
                      Mismatch rate per base, % |	0.73%
                         Deletion rate per base |	0.35%
                        Deletion average length |	1.00
                        Insertion rate per base |	0.00%
                       Insertion average length |	1.07
                             MULTI-MAPPING READS:
        Number of reads mapped to multiple loci |	53
             % of reads mapped to multiple loci |	0.04%
        Number of reads mapped to too many loci |	14
             % of reads mapped to too many loci |	0.01%
                                  UNMAPPED READS:
       % of reads unmapped: too many mismatches |	0.57%
                 % of reads unmapped: too short |	68.86%
                     % of reads unmapped: other |	0.00%
                                  CHIMERIC READS:
                       Number of chimeric reads |	3
                            % of chimeric reads |	0.00%
