                                 Started job on |	May 07 04:57:58
                             Started mapping on |	May 07 04:58:02
                                    Finished on |	May 07 05:00:56
       Mapping speed, Million of reads per hour |	2.83

                          Number of input reads |	136638
                      Average input read length |	202
                                    UNIQUE READS:
                   Uniquely mapped reads number |	31611
                        Uniquely mapped reads % |	23.13%
                          Average mapped length |	194.78
                       Number of splices: Total |	90183
            Number of splices: Annotated (sjdb) |	89666
                       Number of splices: GT/AG |	90086
                       Number of splices: GC/AG |	97
                       Number of splices: AT/AC |	0
               Number of splices: Non-canonical |	0
                      Mismatch rate per base, % |	0.76%
                         Deletion rate per base |	0.32%
                        Deletion average length |	1.01
                        Insertion rate per base |	0.09%
                       Insertion average length |	11.19
                             MULTI-MAPPING READS:
        Number of reads mapped to multiple loci |	69
             % of reads mapped to multiple loci |	0.05%
        Number of reads mapped to too many loci |	6
             % of reads mapped to too many loci |	0.00%
                                  UNMAPPED READS:
       % of reads unmapped: too many mismatches |	0.41%
                 % of reads unmapped: too short |	76.40%
                     % of reads unmapped: other |	0.00%
                                  CHIMERIC READS:
                       Number of chimeric reads |	3
                            % of chimeric reads |	0.00%
