                                 Started job on |	May 10 11:03:35
                             Started mapping on |	May 10 11:03:37
                                    Finished on |	May 10 11:06:00
       Mapping speed, Million of reads per hour |	4.18

                          Number of input reads |	166225
                      Average input read length |	202
                                    UNIQUE READS:
                   Uniquely mapped reads number |	50665
                        Uniquely mapped reads % |	30.48%
                          Average mapped length |	196.15
                       Number of splices: Total |	109281
            Number of splices: Annotated (sjdb) |	107957
                       Number of splices: GT/AG |	109177
                       Number of splices: GC/AG |	104
                       Number of splices: AT/AC |	0
               Number of splices: Non-canonical |	0
                      Mismatch rate per base, % |	0.72%
                         Deletion rate per base |	0.35%
                        Deletion average length |	1.00
                        Insertion rate per base |	0.00%
                       Insertion average length |	1.02
                             MULTI-MAPPING READS:
        Number of reads mapped to multiple loci |	83
             % of reads mapped to multiple loci |	0.05%
        Number of reads mapped to too many loci |	10
             % of reads mapped to too many loci |	0.01%
                                  UNMAPPED READS:
       % of reads unmapped: too many mismatches |	0.56%
                 % of reads unmapped: too short |	68.90%
                     % of reads unmapped: other |	0.00%
                                  CHIMERIC READS:
                       Number of chimeric reads |	5
                            % of chimeric reads |	0.00%
