                                 Started job on |	May 04 08:56:10
                             Started mapping on |	May 04 08:56:12
                                    Finished on |	May 04 08:57:47
       Mapping speed, Million of reads per hour |	15.19

                          Number of input reads |	400938
                      Average input read length |	202
                                    UNIQUE READS:
                   Uniquely mapped reads number |	85764
                        Uniquely mapped reads % |	21.39%
                          Average mapped length |	196.44
                       Number of splices: Total |	184753
            Number of splices: Annotated (sjdb) |	182475
                       Number of splices: GT/AG |	184693
                       Number of splices: GC/AG |	60
                       Number of splices: AT/AC |	0
               Number of splices: Non-canonical |	0
                      Mismatch rate per base, % |	0.66%
                         Deletion rate per base |	0.36%
                        Deletion average length |	1.00
                        Insertion rate per base |	0.00%
                       Insertion average length |	1.08
                             MULTI-MAPPING READS:
        Number of reads mapped to multiple loci |	85
             % of reads mapped to multiple loci |	0.02%
        Number of reads mapped to too many loci |	11
             % of reads mapped to too many loci |	0.00%
                                  UNMAPPED READS:
       % of reads unmapped: too many mismatches |	0.28%
                 % of reads unmapped: too short |	78.31%
                     % of reads unmapped: other |	0.00%
                                  CHIMERIC READS:
                       Number of chimeric reads |	5
                            % of chimeric reads |	0.00%
