                                 Started job on |	May 07 02:12:04
                             Started mapping on |	May 07 02:12:06
                                    Finished on |	May 07 02:14:01
       Mapping speed, Million of reads per hour |	10.36

                          Number of input reads |	331060
                      Average input read length |	202
                                    UNIQUE READS:
                   Uniquely mapped reads number |	75999
                        Uniquely mapped reads % |	22.96%
                          Average mapped length |	194.81
                       Number of splices: Total |	229268
            Number of splices: Annotated (sjdb) |	228285
                       Number of splices: GT/AG |	229061
                       Number of splices: GC/AG |	207
                       Number of splices: AT/AC |	0
               Number of splices: Non-canonical |	0
                      Mismatch rate per base, % |	0.74%
                         Deletion rate per base |	0.32%
                        Deletion average length |	1.00
                        Insertion rate per base |	0.09%
                       Insertion average length |	11.28
                             MULTI-MAPPING READS:
        Number of reads mapped to multiple loci |	185
             % of reads mapped to multiple loci |	0.06%
        Number of reads mapped to too many loci |	7
             % of reads mapped to too many loci |	0.00%
                                  UNMAPPED READS:
       % of reads unmapped: too many mismatches |	0.37%
                 % of reads unmapped: too short |	76.61%
                     % of reads unmapped: other |	0.00%
                                  CHIMERIC READS:
                       Number of chimeric reads |	12
                            % of chimeric reads |	0.00%
