                                 Started job on |	May 10 08:48:22
                             Started mapping on |	May 10 08:48:23
                                    Finished on |	May 10 08:49:55
       Mapping speed, Million of reads per hour |	12.88

                          Number of input reads |	329052
                      Average input read length |	202
                                    UNIQUE READS:
                   Uniquely mapped reads number |	97017
                        Uniquely mapped reads % |	29.48%
                          Average mapped length |	196.40
                       Number of splices: Total |	210384
            Number of splices: Annotated (sjdb) |	208216
                       Number of splices: GT/AG |	210158
                       Number of splices: GC/AG |	226
                       Number of splices: AT/AC |	0
               Number of splices: Non-canonical |	0
                      Mismatch rate per base, % |	0.69%
                         Deletion rate per base |	0.35%
                        Deletion average length |	1.00
                        Insertion rate per base |	0.00%
                       Insertion average length |	1.03
                             MULTI-MAPPING READS:
        Number of reads mapped to multiple loci |	114
             % of reads mapped to multiple loci |	0.03%
        Number of reads mapped to too many loci |	18
             % of reads mapped to too many loci |	0.01%
                                  UNMAPPED READS:
       % of reads unmapped: too many mismatches |	0.47%
                 % of reads unmapped: too short |	70.01%
                     % of reads unmapped: other |	0.00%
                                  CHIMERIC READS:
                       Number of chimeric reads |	8
                            % of chimeric reads |	0.00%
