                                 Started job on |	May 09 06:20:17
                             Started mapping on |	May 09 06:20:18
                                    Finished on |	May 09 06:23:19
       Mapping speed, Million of reads per hour |	5.30

                          Number of input reads |	266474
                      Average input read length |	202
                                    UNIQUE READS:
                   Uniquely mapped reads number |	79368
                        Uniquely mapped reads % |	29.78%
                          Average mapped length |	194.77
                       Number of splices: Total |	226244
            Number of splices: Annotated (sjdb) |	224890
                       Number of splices: GT/AG |	225997
                       Number of splices: GC/AG |	247
                       Number of splices: AT/AC |	0
               Number of splices: Non-canonical |	0
                      Mismatch rate per base, % |	0.73%
                         Deletion rate per base |	0.30%
                        Deletion average length |	1.00
                        Insertion rate per base |	0.09%
                       Insertion average length |	11.23
                             MULTI-MAPPING READS:
        Number of reads mapped to multiple loci |	158
             % of reads mapped to multiple loci |	0.06%
        Number of reads mapped to too many loci |	7
             % of reads mapped to too many loci |	0.00%
                                  UNMAPPED READS:
       % of reads unmapped: too many mismatches |	0.52%
                 % of reads unmapped: too short |	69.64%
                     % of reads unmapped: other |	0.00%
                                  CHIMERIC READS:
                       Number of chimeric reads |	9
                            % of chimeric reads |	0.00%
