                                 Started job on |	May 05 12:05:24
                             Started mapping on |	May 05 12:05:26
                                    Finished on |	May 05 12:07:59
       Mapping speed, Million of reads per hour |	6.64

                          Number of input reads |	282084
                      Average input read length |	202
                                    UNIQUE READS:
                   Uniquely mapped reads number |	53134
                        Uniquely mapped reads % |	18.84%
                          Average mapped length |	195.99
                       Number of splices: Total |	114617
            Number of splices: Annotated (sjdb) |	113409
                       Number of splices: GT/AG |	114590
                       Number of splices: GC/AG |	27
                       Number of splices: AT/AC |	0
               Number of splices: Non-canonical |	0
                      Mismatch rate per base, % |	0.75%
                         Deletion rate per base |	0.35%
                        Deletion average length |	1.00
                        Insertion rate per base |	0.00%
                       Insertion average length |	1.00
                             MULTI-MAPPING READS:
        Number of reads mapped to multiple loci |	56
             % of reads mapped to multiple loci |	0.02%
        Number of reads mapped to too many loci |	15
             % of reads mapped to too many loci |	0.01%
                                  UNMAPPED READS:
       % of reads unmapped: too many mismatches |	0.34%
                 % of reads unmapped: too short |	80.80%
                     % of reads unmapped: other |	0.00%
                                  CHIMERIC READS:
                       Number of chimeric reads |	3
                            % of chimeric reads |	0.00%
