                                 Started job on |	May 08 22:21:27
                             Started mapping on |	May 08 22:21:28
                                    Finished on |	May 08 22:23:32
       Mapping speed, Million of reads per hour |	7.79

                          Number of input reads |	268481
                      Average input read length |	202
                                    UNIQUE READS:
                   Uniquely mapped reads number |	82300
                        Uniquely mapped reads % |	30.65%
                          Average mapped length |	194.56
                       Number of splices: Total |	235924
            Number of splices: Annotated (sjdb) |	234525
                       Number of splices: GT/AG |	235654
                       Number of splices: GC/AG |	270
                       Number of splices: AT/AC |	0
               Number of splices: Non-canonical |	0
                      Mismatch rate per base, % |	0.73%
                         Deletion rate per base |	0.30%
                        Deletion average length |	1.00
                        Insertion rate per base |	0.10%
                       Insertion average length |	11.40
                             MULTI-MAPPING READS:
        Number of reads mapped to multiple loci |	184
             % of reads mapped to multiple loci |	0.07%
        Number of reads mapped to too many loci |	11
             % of reads mapped to too many loci |	0.00%
                                  UNMAPPED READS:
       % of reads unmapped: too many mismatches |	0.52%
                 % of reads unmapped: too short |	68.75%
                     % of reads unmapped: other |	0.00%
                                  CHIMERIC READS:
                       Number of chimeric reads |	13
                            % of chimeric reads |	0.00%
