                                 Started job on |	May 08 21:35:29
                             Started mapping on |	May 08 21:35:30
                                    Finished on |	May 08 21:38:25
       Mapping speed, Million of reads per hour |	5.81

                          Number of input reads |	282650
                      Average input read length |	202
                                    UNIQUE READS:
                   Uniquely mapped reads number |	68018
                        Uniquely mapped reads % |	24.06%
                          Average mapped length |	194.78
                       Number of splices: Total |	196549
            Number of splices: Annotated (sjdb) |	195435
                       Number of splices: GT/AG |	196435
                       Number of splices: GC/AG |	114
                       Number of splices: AT/AC |	0
               Number of splices: Non-canonical |	0
                      Mismatch rate per base, % |	0.71%
                         Deletion rate per base |	0.32%
                        Deletion average length |	1.00
                        Insertion rate per base |	0.08%
                       Insertion average length |	11.33
                             MULTI-MAPPING READS:
        Number of reads mapped to multiple loci |	147
             % of reads mapped to multiple loci |	0.05%
        Number of reads mapped to too many loci |	11
             % of reads mapped to too many loci |	0.00%
                                  UNMAPPED READS:
       % of reads unmapped: too many mismatches |	0.43%
                 % of reads unmapped: too short |	75.45%
                     % of reads unmapped: other |	0.00%
                                  CHIMERIC READS:
                       Number of chimeric reads |	21
                            % of chimeric reads |	0.01%
