                                 Started job on |	May 08 21:05:06
                             Started mapping on |	May 08 21:05:07
                                    Finished on |	May 08 21:07:18
       Mapping speed, Million of reads per hour |	5.66

                          Number of input reads |	206018
                      Average input read length |	202
                                    UNIQUE READS:
                   Uniquely mapped reads number |	44963
                        Uniquely mapped reads % |	21.82%
                          Average mapped length |	195.11
                       Number of splices: Total |	133105
            Number of splices: Annotated (sjdb) |	132464
                       Number of splices: GT/AG |	133011
                       Number of splices: GC/AG |	94
                       Number of splices: AT/AC |	0
               Number of splices: Non-canonical |	0
                      Mismatch rate per base, % |	0.71%
                         Deletion rate per base |	0.32%
                        Deletion average length |	1.00
                        Insertion rate per base |	0.10%
                       Insertion average length |	11.36
                             MULTI-MAPPING READS:
        Number of reads mapped to multiple loci |	91
             % of reads mapped to multiple loci |	0.04%
        Number of reads mapped to too many loci |	6
             % of reads mapped to too many loci |	0.00%
                                  UNMAPPED READS:
       % of reads unmapped: too many mismatches |	0.38%
                 % of reads unmapped: too short |	77.75%
                     % of reads unmapped: other |	0.00%
                                  CHIMERIC READS:
                       Number of chimeric reads |	6
                            % of chimeric reads |	0.00%
