                                 Started job on |	May 08 17:47:56
                             Started mapping on |	May 08 17:47:58
                                    Finished on |	May 08 17:50:36
       Mapping speed, Million of reads per hour |	7.23

                          Number of input reads |	317440
                      Average input read length |	202
                                    UNIQUE READS:
                   Uniquely mapped reads number |	69652
                        Uniquely mapped reads % |	21.94%
                          Average mapped length |	194.65
                       Number of splices: Total |	202220
            Number of splices: Annotated (sjdb) |	201022
                       Number of splices: GT/AG |	202086
                       Number of splices: GC/AG |	134
                       Number of splices: AT/AC |	0
               Number of splices: Non-canonical |	0
                      Mismatch rate per base, % |	0.71%
                         Deletion rate per base |	0.32%
                        Deletion average length |	1.01
                        Insertion rate per base |	0.07%
                       Insertion average length |	11.00
                             MULTI-MAPPING READS:
        Number of reads mapped to multiple loci |	154
             % of reads mapped to multiple loci |	0.05%
        Number of reads mapped to too many loci |	8
             % of reads mapped to too many loci |	0.00%
                                  UNMAPPED READS:
       % of reads unmapped: too many mismatches |	0.37%
                 % of reads unmapped: too short |	77.63%
                     % of reads unmapped: other |	0.00%
                                  CHIMERIC READS:
                       Number of chimeric reads |	11
                            % of chimeric reads |	0.00%
