                                 Started job on |	May 08 22:26:29
                             Started mapping on |	May 08 22:26:30
                                    Finished on |	May 08 22:29:13
       Mapping speed, Million of reads per hour |	6.45

                          Number of input reads |	292025
                      Average input read length |	202
                                    UNIQUE READS:
                   Uniquely mapped reads number |	86562
                        Uniquely mapped reads % |	29.64%
                          Average mapped length |	194.62
                       Number of splices: Total |	245412
            Number of splices: Annotated (sjdb) |	243757
                       Number of splices: GT/AG |	245116
                       Number of splices: GC/AG |	296
                       Number of splices: AT/AC |	0
               Number of splices: Non-canonical |	0
                      Mismatch rate per base, % |	0.72%
                         Deletion rate per base |	0.29%
                        Deletion average length |	1.00
                        Insertion rate per base |	0.07%
                       Insertion average length |	11.28
                             MULTI-MAPPING READS:
        Number of reads mapped to multiple loci |	185
             % of reads mapped to multiple loci |	0.06%
        Number of reads mapped to too many loci |	15
             % of reads mapped to too many loci |	0.01%
                                  UNMAPPED READS:
       % of reads unmapped: too many mismatches |	0.47%
                 % of reads unmapped: too short |	69.81%
                     % of reads unmapped: other |	0.00%
                                  CHIMERIC READS:
                       Number of chimeric reads |	13
                            % of chimeric reads |	0.00%
