                                 Started job on |	May 05 18:57:31
                             Started mapping on |	May 05 18:57:33
                                    Finished on |	May 05 19:00:17
       Mapping speed, Million of reads per hour |	6.08

                          Number of input reads |	277174
                      Average input read length |	202
                                    UNIQUE READS:
                   Uniquely mapped reads number |	59245
                        Uniquely mapped reads % |	21.37%
                          Average mapped length |	196.15
                       Number of splices: Total |	129040
            Number of splices: Annotated (sjdb) |	127514
                       Number of splices: GT/AG |	129001
                       Number of splices: GC/AG |	39
                       Number of splices: AT/AC |	0
               Number of splices: Non-canonical |	0
                      Mismatch rate per base, % |	0.75%
                         Deletion rate per base |	0.35%
                        Deletion average length |	1.00
                        Insertion rate per base |	0.00%
                       Insertion average length |	1.15
                             MULTI-MAPPING READS:
        Number of reads mapped to multiple loci |	98
             % of reads mapped to multiple loci |	0.04%
        Number of reads mapped to too many loci |	12
             % of reads mapped to too many loci |	0.00%
                                  UNMAPPED READS:
       % of reads unmapped: too many mismatches |	0.37%
                 % of reads unmapped: too short |	78.22%
                     % of reads unmapped: other |	0.00%
                                  CHIMERIC READS:
                       Number of chimeric reads |	6
                            % of chimeric reads |	0.00%
