                                 Started job on |	May 08 19:15:15
                             Started mapping on |	May 08 19:15:16
                                    Finished on |	May 08 19:17:41
       Mapping speed, Million of reads per hour |	8.09

                          Number of input reads |	325944
                      Average input read length |	202
                                    UNIQUE READS:
                   Uniquely mapped reads number |	83834
                        Uniquely mapped reads % |	25.72%
                          Average mapped length |	194.80
                       Number of splices: Total |	243353
            Number of splices: Annotated (sjdb) |	242047
                       Number of splices: GT/AG |	243206
                       Number of splices: GC/AG |	147
                       Number of splices: AT/AC |	0
               Number of splices: Non-canonical |	0
                      Mismatch rate per base, % |	0.73%
                         Deletion rate per base |	0.30%
                        Deletion average length |	1.00
                        Insertion rate per base |	0.07%
                       Insertion average length |	11.14
                             MULTI-MAPPING READS:
        Number of reads mapped to multiple loci |	189
             % of reads mapped to multiple loci |	0.06%
        Number of reads mapped to too many loci |	12
             % of reads mapped to too many loci |	0.00%
                                  UNMAPPED READS:
       % of reads unmapped: too many mismatches |	0.47%
                 % of reads unmapped: too short |	73.74%
                     % of reads unmapped: other |	0.00%
                                  CHIMERIC READS:
                       Number of chimeric reads |	18
                            % of chimeric reads |	0.01%
