                                 Started job on |	May 05 21:27:05
                             Started mapping on |	May 05 21:27:07
                                    Finished on |	May 05 21:29:51
       Mapping speed, Million of reads per hour |	7.69

                          Number of input reads |	350528
                      Average input read length |	202
                                    UNIQUE READS:
                   Uniquely mapped reads number |	70337
                        Uniquely mapped reads % |	20.07%
                          Average mapped length |	196.08
                       Number of splices: Total |	152189
            Number of splices: Annotated (sjdb) |	150690
                       Number of splices: GT/AG |	152159
                       Number of splices: GC/AG |	30
                       Number of splices: AT/AC |	0
               Number of splices: Non-canonical |	0
                      Mismatch rate per base, % |	0.76%
                         Deletion rate per base |	0.35%
                        Deletion average length |	1.00
                        Insertion rate per base |	0.00%
                       Insertion average length |	1.17
                             MULTI-MAPPING READS:
        Number of reads mapped to multiple loci |	94
             % of reads mapped to multiple loci |	0.03%
        Number of reads mapped to too many loci |	9
             % of reads mapped to too many loci |	0.00%
                                  UNMAPPED READS:
       % of reads unmapped: too many mismatches |	0.36%
                 % of reads unmapped: too short |	79.54%
                     % of reads unmapped: other |	0.00%
                                  CHIMERIC READS:
                       Number of chimeric reads |	4
                            % of chimeric reads |	0.00%
