                                 Started job on |	May 09 01:14:28
                             Started mapping on |	May 09 01:14:30
                                    Finished on |	May 09 01:17:13
       Mapping speed, Million of reads per hour |	7.88

                          Number of input reads |	356816
                      Average input read length |	202
                                    UNIQUE READS:
                   Uniquely mapped reads number |	68212
                        Uniquely mapped reads % |	19.12%
                          Average mapped length |	194.81
                       Number of splices: Total |	199202
            Number of splices: Annotated (sjdb) |	198125
                       Number of splices: GT/AG |	199066
                       Number of splices: GC/AG |	136
                       Number of splices: AT/AC |	0
               Number of splices: Non-canonical |	0
                      Mismatch rate per base, % |	0.73%
                         Deletion rate per base |	0.32%
                        Deletion average length |	1.00
                        Insertion rate per base |	0.08%
                       Insertion average length |	11.33
                             MULTI-MAPPING READS:
        Number of reads mapped to multiple loci |	143
             % of reads mapped to multiple loci |	0.04%
        Number of reads mapped to too many loci |	16
             % of reads mapped to too many loci |	0.00%
                                  UNMAPPED READS:
       % of reads unmapped: too many mismatches |	0.38%
                 % of reads unmapped: too short |	80.46%
                     % of reads unmapped: other |	0.00%
                                  CHIMERIC READS:
                       Number of chimeric reads |	18
                            % of chimeric reads |	0.01%
