                                 Started job on |	May 09 03:01:48
                             Started mapping on |	May 09 03:01:50
                                    Finished on |	May 09 03:06:53
       Mapping speed, Million of reads per hour |	2.90

                          Number of input reads |	243957
                      Average input read length |	202
                                    UNIQUE READS:
                   Uniquely mapped reads number |	42949
                        Uniquely mapped reads % |	17.61%
                          Average mapped length |	194.89
                       Number of splices: Total |	124856
            Number of splices: Annotated (sjdb) |	124217
                       Number of splices: GT/AG |	124762
                       Number of splices: GC/AG |	94
                       Number of splices: AT/AC |	0
               Number of splices: Non-canonical |	0
                      Mismatch rate per base, % |	0.71%
                         Deletion rate per base |	0.33%
                        Deletion average length |	1.00
                        Insertion rate per base |	0.09%
                       Insertion average length |	11.15
                             MULTI-MAPPING READS:
        Number of reads mapped to multiple loci |	117
             % of reads mapped to multiple loci |	0.05%
        Number of reads mapped to too many loci |	4
             % of reads mapped to too many loci |	0.00%
                                  UNMAPPED READS:
       % of reads unmapped: too many mismatches |	0.28%
                 % of reads unmapped: too short |	82.06%
                     % of reads unmapped: other |	0.00%
                                  CHIMERIC READS:
                       Number of chimeric reads |	5
                            % of chimeric reads |	0.00%
