                                 Started job on |	May 08 06:09:35
                             Started mapping on |	May 08 06:09:37
                                    Finished on |	May 08 06:12:53
       Mapping speed, Million of reads per hour |	6.36

                          Number of input reads |	346090
                      Average input read length |	202
                                    UNIQUE READS:
                   Uniquely mapped reads number |	85633
                        Uniquely mapped reads % |	24.74%
                          Average mapped length |	194.97
                       Number of splices: Total |	245644
            Number of splices: Annotated (sjdb) |	244261
                       Number of splices: GT/AG |	245449
                       Number of splices: GC/AG |	195
                       Number of splices: AT/AC |	0
               Number of splices: Non-canonical |	0
                      Mismatch rate per base, % |	0.82%
                         Deletion rate per base |	0.33%
                        Deletion average length |	1.00
                        Insertion rate per base |	0.06%
                       Insertion average length |	11.10
                             MULTI-MAPPING READS:
        Number of reads mapped to multiple loci |	188
             % of reads mapped to multiple loci |	0.05%
        Number of reads mapped to too many loci |	21
             % of reads mapped to too many loci |	0.01%
                                  UNMAPPED READS:
       % of reads unmapped: too many mismatches |	0.64%
                 % of reads unmapped: too short |	74.55%
                     % of reads unmapped: other |	0.00%
                                  CHIMERIC READS:
                       Number of chimeric reads |	22
                            % of chimeric reads |	0.01%
