                                 Started job on |	May 05 23:09:41
                             Started mapping on |	May 05 23:09:43
                                    Finished on |	May 05 23:12:34
       Mapping speed, Million of reads per hour |	5.39

                          Number of input reads |	255860
                      Average input read length |	202
                                    UNIQUE READS:
                   Uniquely mapped reads number |	46214
                        Uniquely mapped reads % |	18.06%
                          Average mapped length |	196.38
                       Number of splices: Total |	102496
            Number of splices: Annotated (sjdb) |	101512
                       Number of splices: GT/AG |	102472
                       Number of splices: GC/AG |	24
                       Number of splices: AT/AC |	0
               Number of splices: Non-canonical |	0
                      Mismatch rate per base, % |	0.74%
                         Deletion rate per base |	0.36%
                        Deletion average length |	1.00
                        Insertion rate per base |	0.00%
                       Insertion average length |	1.00
                             MULTI-MAPPING READS:
        Number of reads mapped to multiple loci |	73
             % of reads mapped to multiple loci |	0.03%
        Number of reads mapped to too many loci |	4
             % of reads mapped to too many loci |	0.00%
                                  UNMAPPED READS:
       % of reads unmapped: too many mismatches |	0.28%
                 % of reads unmapped: too short |	81.63%
                     % of reads unmapped: other |	0.00%
                                  CHIMERIC READS:
                       Number of chimeric reads |	4
                            % of chimeric reads |	0.00%
