                                 Started job on |	May 06 01:09:32
                             Started mapping on |	May 06 01:09:34
                                    Finished on |	May 06 01:12:25
       Mapping speed, Million of reads per hour |	6.95

                          Number of input reads |	330122
                      Average input read length |	202
                                    UNIQUE READS:
                   Uniquely mapped reads number |	40574
                        Uniquely mapped reads % |	12.29%
                          Average mapped length |	196.48
                       Number of splices: Total |	89294
            Number of splices: Annotated (sjdb) |	88453
                       Number of splices: GT/AG |	89277
                       Number of splices: GC/AG |	17
                       Number of splices: AT/AC |	0
               Number of splices: Non-canonical |	0
                      Mismatch rate per base, % |	0.75%
                         Deletion rate per base |	0.36%
                        Deletion average length |	1.00
                        Insertion rate per base |	0.00%
                       Insertion average length |	1.00
                             MULTI-MAPPING READS:
        Number of reads mapped to multiple loci |	56
             % of reads mapped to multiple loci |	0.02%
        Number of reads mapped to too many loci |	1
             % of reads mapped to too many loci |	0.00%
                                  UNMAPPED READS:
       % of reads unmapped: too many mismatches |	0.22%
                 % of reads unmapped: too short |	87.47%
                     % of reads unmapped: other |	0.00%
                                  CHIMERIC READS:
                       Number of chimeric reads |	4
                            % of chimeric reads |	0.00%
