                                 Started job on |	May 08 15:58:19
                             Started mapping on |	May 08 15:58:20
                                    Finished on |	May 08 16:00:55
       Mapping speed, Million of reads per hour |	6.73

                          Number of input reads |	289735
                      Average input read length |	202
                                    UNIQUE READS:
                   Uniquely mapped reads number |	65601
                        Uniquely mapped reads % |	22.64%
                          Average mapped length |	195.14
                       Number of splices: Total |	190540
            Number of splices: Annotated (sjdb) |	189544
                       Number of splices: GT/AG |	190354
                       Number of splices: GC/AG |	186
                       Number of splices: AT/AC |	0
               Number of splices: Non-canonical |	0
                      Mismatch rate per base, % |	0.70%
                         Deletion rate per base |	0.32%
                        Deletion average length |	1.00
                        Insertion rate per base |	0.09%
                       Insertion average length |	11.28
                             MULTI-MAPPING READS:
        Number of reads mapped to multiple loci |	133
             % of reads mapped to multiple loci |	0.05%
        Number of reads mapped to too many loci |	5
             % of reads mapped to too many loci |	0.00%
                                  UNMAPPED READS:
       % of reads unmapped: too many mismatches |	0.38%
                 % of reads unmapped: too short |	76.93%
                     % of reads unmapped: other |	0.00%
                                  CHIMERIC READS:
                       Number of chimeric reads |	10
                            % of chimeric reads |	0.00%
