                                 Started job on |	May 06 01:20:57
                             Started mapping on |	May 06 01:20:58
                                    Finished on |	May 06 01:23:31
       Mapping speed, Million of reads per hour |	8.76

                          Number of input reads |	372291
                      Average input read length |	202
                                    UNIQUE READS:
                   Uniquely mapped reads number |	61710
                        Uniquely mapped reads % |	16.58%
                          Average mapped length |	196.40
                       Number of splices: Total |	133292
            Number of splices: Annotated (sjdb) |	132078
                       Number of splices: GT/AG |	133258
                       Number of splices: GC/AG |	34
                       Number of splices: AT/AC |	0
               Number of splices: Non-canonical |	0
                      Mismatch rate per base, % |	0.74%
                         Deletion rate per base |	0.36%
                        Deletion average length |	1.00
                        Insertion rate per base |	0.00%
                       Insertion average length |	1.10
                             MULTI-MAPPING READS:
        Number of reads mapped to multiple loci |	89
             % of reads mapped to multiple loci |	0.02%
        Number of reads mapped to too many loci |	9
             % of reads mapped to too many loci |	0.00%
                                  UNMAPPED READS:
       % of reads unmapped: too many mismatches |	0.29%
                 % of reads unmapped: too short |	83.10%
                     % of reads unmapped: other |	0.00%
                                  CHIMERIC READS:
                       Number of chimeric reads |	2
                            % of chimeric reads |	0.00%
