                                 Started job on |	May 09 05:27:54
                             Started mapping on |	May 09 05:27:57
                                    Finished on |	May 09 05:32:55
       Mapping speed, Million of reads per hour |	3.17

                          Number of input reads |	262749
                      Average input read length |	202
                                    UNIQUE READS:
                   Uniquely mapped reads number |	55054
                        Uniquely mapped reads % |	20.95%
                          Average mapped length |	195.17
                       Number of splices: Total |	161158
            Number of splices: Annotated (sjdb) |	160309
                       Number of splices: GT/AG |	161035
                       Number of splices: GC/AG |	123
                       Number of splices: AT/AC |	0
               Number of splices: Non-canonical |	0
                      Mismatch rate per base, % |	0.70%
                         Deletion rate per base |	0.33%
                        Deletion average length |	1.00
                        Insertion rate per base |	0.08%
                       Insertion average length |	11.21
                             MULTI-MAPPING READS:
        Number of reads mapped to multiple loci |	130
             % of reads mapped to multiple loci |	0.05%
        Number of reads mapped to too many loci |	5
             % of reads mapped to too many loci |	0.00%
                                  UNMAPPED READS:
       % of reads unmapped: too many mismatches |	0.37%
                 % of reads unmapped: too short |	78.63%
                     % of reads unmapped: other |	0.00%
                                  CHIMERIC READS:
                       Number of chimeric reads |	9
                            % of chimeric reads |	0.00%
