                                 Started job on |	May 11 09:39:53
                             Started mapping on |	May 11 09:39:54
                                    Finished on |	May 11 09:42:38
       Mapping speed, Million of reads per hour |	6.68

                          Number of input reads |	304336
                      Average input read length |	202
                                    UNIQUE READS:
                   Uniquely mapped reads number |	66239
                        Uniquely mapped reads % |	21.77%
                          Average mapped length |	196.57
                       Number of splices: Total |	142846
            Number of splices: Annotated (sjdb) |	141411
                       Number of splices: GT/AG |	142798
                       Number of splices: GC/AG |	48
                       Number of splices: AT/AC |	0
               Number of splices: Non-canonical |	0
                      Mismatch rate per base, % |	0.69%
                         Deletion rate per base |	0.36%
                        Deletion average length |	1.00
                        Insertion rate per base |	0.00%
                       Insertion average length |	1.27
                             MULTI-MAPPING READS:
        Number of reads mapped to multiple loci |	78
             % of reads mapped to multiple loci |	0.03%
        Number of reads mapped to too many loci |	10
             % of reads mapped to too many loci |	0.00%
                                  UNMAPPED READS:
       % of reads unmapped: too many mismatches |	0.36%
                 % of reads unmapped: too short |	77.85%
                     % of reads unmapped: other |	0.00%
                                  CHIMERIC READS:
                       Number of chimeric reads |	1
                            % of chimeric reads |	0.00%
