                                 Started job on |	May 10 10:35:10
                             Started mapping on |	May 10 10:35:11
                                    Finished on |	May 10 10:38:04
       Mapping speed, Million of reads per hour |	4.10

                          Number of input reads |	197188
                      Average input read length |	202
                                    UNIQUE READS:
                   Uniquely mapped reads number |	51636
                        Uniquely mapped reads % |	26.19%
                          Average mapped length |	196.37
                       Number of splices: Total |	111063
            Number of splices: Annotated (sjdb) |	109682
                       Number of splices: GT/AG |	110949
                       Number of splices: GC/AG |	114
                       Number of splices: AT/AC |	0
               Number of splices: Non-canonical |	0
                      Mismatch rate per base, % |	0.71%
                         Deletion rate per base |	0.36%
                        Deletion average length |	1.00
                        Insertion rate per base |	0.00%
                       Insertion average length |	1.29
                             MULTI-MAPPING READS:
        Number of reads mapped to multiple loci |	70
             % of reads mapped to multiple loci |	0.04%
        Number of reads mapped to too many loci |	20
             % of reads mapped to too many loci |	0.01%
                                  UNMAPPED READS:
       % of reads unmapped: too many mismatches |	0.47%
                 % of reads unmapped: too short |	73.30%
                     % of reads unmapped: other |	0.00%
                                  CHIMERIC READS:
                       Number of chimeric reads |	4
                            % of chimeric reads |	0.00%
