                                 Started job on |	May 10 13:03:20
                             Started mapping on |	May 10 13:03:20
                                    Finished on |	May 10 13:06:40
       Mapping speed, Million of reads per hour |	3.30

                          Number of input reads |	183265
                      Average input read length |	202
                                    UNIQUE READS:
                   Uniquely mapped reads number |	49126
                        Uniquely mapped reads % |	26.81%
                          Average mapped length |	195.08
                       Number of splices: Total |	143700
            Number of splices: Annotated (sjdb) |	142987
                       Number of splices: GT/AG |	143532
                       Number of splices: GC/AG |	168
                       Number of splices: AT/AC |	0
               Number of splices: Non-canonical |	0
                      Mismatch rate per base, % |	0.75%
                         Deletion rate per base |	0.32%
                        Deletion average length |	1.00
                        Insertion rate per base |	0.08%
                       Insertion average length |	11.13
                             MULTI-MAPPING READS:
        Number of reads mapped to multiple loci |	123
             % of reads mapped to multiple loci |	0.07%
        Number of reads mapped to too many loci |	5
             % of reads mapped to too many loci |	0.00%
                                  UNMAPPED READS:
       % of reads unmapped: too many mismatches |	0.52%
                 % of reads unmapped: too short |	72.60%
                     % of reads unmapped: other |	0.00%
                                  CHIMERIC READS:
                       Number of chimeric reads |	11
                            % of chimeric reads |	0.01%
