                                 Started job on |	May 07 01:08:57
                             Started mapping on |	May 07 01:08:58
                                    Finished on |	May 07 01:12:46
       Mapping speed, Million of reads per hour |	4.92

                          Number of input reads |	311750
                      Average input read length |	202
                                    UNIQUE READS:
                   Uniquely mapped reads number |	69730
                        Uniquely mapped reads % |	22.37%
                          Average mapped length |	194.96
                       Number of splices: Total |	203122
            Number of splices: Annotated (sjdb) |	202131
                       Number of splices: GT/AG |	202891
                       Number of splices: GC/AG |	231
                       Number of splices: AT/AC |	0
               Number of splices: Non-canonical |	0
                      Mismatch rate per base, % |	0.74%
                         Deletion rate per base |	0.32%
                        Deletion average length |	1.00
                        Insertion rate per base |	0.08%
                       Insertion average length |	11.09
                             MULTI-MAPPING READS:
        Number of reads mapped to multiple loci |	154
             % of reads mapped to multiple loci |	0.05%
        Number of reads mapped to too many loci |	18
             % of reads mapped to too many loci |	0.01%
                                  UNMAPPED READS:
       % of reads unmapped: too many mismatches |	0.40%
                 % of reads unmapped: too short |	77.18%
                     % of reads unmapped: other |	0.00%
                                  CHIMERIC READS:
                       Number of chimeric reads |	19
                            % of chimeric reads |	0.01%
