                                 Started job on |	May 07 00:22:32
                             Started mapping on |	May 07 00:22:34
                                    Finished on |	May 07 00:27:05
       Mapping speed, Million of reads per hour |	3.80

                          Number of input reads |	286155
                      Average input read length |	202
                                    UNIQUE READS:
                   Uniquely mapped reads number |	59361
                        Uniquely mapped reads % |	20.74%
                          Average mapped length |	194.84
                       Number of splices: Total |	172356
            Number of splices: Annotated (sjdb) |	171528
                       Number of splices: GT/AG |	172204
                       Number of splices: GC/AG |	152
                       Number of splices: AT/AC |	0
               Number of splices: Non-canonical |	0
                      Mismatch rate per base, % |	0.75%
                         Deletion rate per base |	0.32%
                        Deletion average length |	1.01
                        Insertion rate per base |	0.08%
                       Insertion average length |	11.05
                             MULTI-MAPPING READS:
        Number of reads mapped to multiple loci |	144
             % of reads mapped to multiple loci |	0.05%
        Number of reads mapped to too many loci |	4
             % of reads mapped to too many loci |	0.00%
                                  UNMAPPED READS:
       % of reads unmapped: too many mismatches |	0.37%
                 % of reads unmapped: too short |	78.83%
                     % of reads unmapped: other |	0.00%
                                  CHIMERIC READS:
                       Number of chimeric reads |	16
                            % of chimeric reads |	0.01%
