                                 Started job on |	May 04 10:40:06
                             Started mapping on |	May 04 10:40:07
                                    Finished on |	May 04 10:42:53
       Mapping speed, Million of reads per hour |	5.43

                          Number of input reads |	250274
                      Average input read length |	202
                                    UNIQUE READS:
                   Uniquely mapped reads number |	53879
                        Uniquely mapped reads % |	21.53%
                          Average mapped length |	196.55
                       Number of splices: Total |	114952
            Number of splices: Annotated (sjdb) |	113638
                       Number of splices: GT/AG |	114903
                       Number of splices: GC/AG |	49
                       Number of splices: AT/AC |	0
               Number of splices: Non-canonical |	0
                      Mismatch rate per base, % |	0.68%
                         Deletion rate per base |	0.37%
                        Deletion average length |	1.00
                        Insertion rate per base |	0.00%
                       Insertion average length |	1.09
                             MULTI-MAPPING READS:
        Number of reads mapped to multiple loci |	62
             % of reads mapped to multiple loci |	0.02%
        Number of reads mapped to too many loci |	17
             % of reads mapped to too many loci |	0.01%
                                  UNMAPPED READS:
       % of reads unmapped: too many mismatches |	0.34%
                 % of reads unmapped: too short |	78.10%
                     % of reads unmapped: other |	0.00%
                                  CHIMERIC READS:
                       Number of chimeric reads |	5
                            % of chimeric reads |	0.00%
