                                 Started job on |	May 10 09:26:31
                             Started mapping on |	May 10 09:26:32
                                    Finished on |	May 10 09:29:35
       Mapping speed, Million of reads per hour |	4.04

                          Number of input reads |	205304
                      Average input read length |	202
                                    UNIQUE READS:
                   Uniquely mapped reads number |	55757
                        Uniquely mapped reads % |	27.16%
                          Average mapped length |	196.45
                       Number of splices: Total |	119915
            Number of splices: Annotated (sjdb) |	118544
                       Number of splices: GT/AG |	119814
                       Number of splices: GC/AG |	101
                       Number of splices: AT/AC |	0
               Number of splices: Non-canonical |	0
                      Mismatch rate per base, % |	0.72%
                         Deletion rate per base |	0.36%
                        Deletion average length |	1.00
                        Insertion rate per base |	0.00%
                       Insertion average length |	1.24
                             MULTI-MAPPING READS:
        Number of reads mapped to multiple loci |	69
             % of reads mapped to multiple loci |	0.03%
        Number of reads mapped to too many loci |	15
             % of reads mapped to too many loci |	0.01%
                                  UNMAPPED READS:
       % of reads unmapped: too many mismatches |	0.54%
                 % of reads unmapped: too short |	72.26%
                     % of reads unmapped: other |	0.00%
                                  CHIMERIC READS:
                       Number of chimeric reads |	3
                            % of chimeric reads |	0.00%
