                                 Started job on |	May 09 04:22:29
                             Started mapping on |	May 09 04:22:30
                                    Finished on |	May 09 04:24:34
       Mapping speed, Million of reads per hour |	8.90

                          Number of input reads |	306579
                      Average input read length |	202
                                    UNIQUE READS:
                   Uniquely mapped reads number |	85402
                        Uniquely mapped reads % |	27.86%
                          Average mapped length |	194.88
                       Number of splices: Total |	245343
            Number of splices: Annotated (sjdb) |	244035
                       Number of splices: GT/AG |	245088
                       Number of splices: GC/AG |	255
                       Number of splices: AT/AC |	0
               Number of splices: Non-canonical |	0
                      Mismatch rate per base, % |	0.71%
                         Deletion rate per base |	0.30%
                        Deletion average length |	1.00
                        Insertion rate per base |	0.10%
                       Insertion average length |	11.24
                             MULTI-MAPPING READS:
        Number of reads mapped to multiple loci |	214
             % of reads mapped to multiple loci |	0.07%
        Number of reads mapped to too many loci |	6
             % of reads mapped to too many loci |	0.00%
                                  UNMAPPED READS:
       % of reads unmapped: too many mismatches |	0.47%
                 % of reads unmapped: too short |	71.60%
                     % of reads unmapped: other |	0.00%
                                  CHIMERIC READS:
                       Number of chimeric reads |	18
                            % of chimeric reads |	0.01%
