                                 Started job on |	May 05 15:16:33
                             Started mapping on |	May 05 15:16:34
                                    Finished on |	May 05 15:18:35
       Mapping speed, Million of reads per hour |	9.13

                          Number of input reads |	306984
                      Average input read length |	202
                                    UNIQUE READS:
                   Uniquely mapped reads number |	73800
                        Uniquely mapped reads % |	24.04%
                          Average mapped length |	195.85
                       Number of splices: Total |	160645
            Number of splices: Annotated (sjdb) |	158843
                       Number of splices: GT/AG |	160582
                       Number of splices: GC/AG |	63
                       Number of splices: AT/AC |	0
               Number of splices: Non-canonical |	0
                      Mismatch rate per base, % |	0.75%
                         Deletion rate per base |	0.35%
                        Deletion average length |	1.00
                        Insertion rate per base |	0.00%
                       Insertion average length |	1.16
                             MULTI-MAPPING READS:
        Number of reads mapped to multiple loci |	119
             % of reads mapped to multiple loci |	0.04%
        Number of reads mapped to too many loci |	13
             % of reads mapped to too many loci |	0.00%
                                  UNMAPPED READS:
       % of reads unmapped: too many mismatches |	0.41%
                 % of reads unmapped: too short |	75.51%
                     % of reads unmapped: other |	0.00%
                                  CHIMERIC READS:
                       Number of chimeric reads |	4
                            % of chimeric reads |	0.00%
