                                 Started job on |	May 09 02:38:10
                             Started mapping on |	May 09 02:38:11
                                    Finished on |	May 09 02:40:32
       Mapping speed, Million of reads per hour |	6.51

                          Number of input reads |	254810
                      Average input read length |	202
                                    UNIQUE READS:
                   Uniquely mapped reads number |	67515
                        Uniquely mapped reads % |	26.50%
                          Average mapped length |	194.87
                       Number of splices: Total |	196427
            Number of splices: Annotated (sjdb) |	195289
                       Number of splices: GT/AG |	196233
                       Number of splices: GC/AG |	194
                       Number of splices: AT/AC |	0
               Number of splices: Non-canonical |	0
                      Mismatch rate per base, % |	0.71%
                         Deletion rate per base |	0.30%
                        Deletion average length |	1.00
                        Insertion rate per base |	0.11%
                       Insertion average length |	11.43
                             MULTI-MAPPING READS:
        Number of reads mapped to multiple loci |	153
             % of reads mapped to multiple loci |	0.06%
        Number of reads mapped to too many loci |	6
             % of reads mapped to too many loci |	0.00%
                                  UNMAPPED READS:
       % of reads unmapped: too many mismatches |	0.42%
                 % of reads unmapped: too short |	73.02%
                     % of reads unmapped: other |	0.00%
                                  CHIMERIC READS:
                       Number of chimeric reads |	14
                            % of chimeric reads |	0.01%
