                                 Started job on |	May 09 07:49:57
                             Started mapping on |	May 09 07:49:59
                                    Finished on |	May 09 07:53:07
       Mapping speed, Million of reads per hour |	4.82

                          Number of input reads |	251615
                      Average input read length |	202
                                    UNIQUE READS:
                   Uniquely mapped reads number |	48418
                        Uniquely mapped reads % |	19.24%
                          Average mapped length |	195.18
                       Number of splices: Total |	137651
            Number of splices: Annotated (sjdb) |	136827
                       Number of splices: GT/AG |	137550
                       Number of splices: GC/AG |	101
                       Number of splices: AT/AC |	0
               Number of splices: Non-canonical |	0
                      Mismatch rate per base, % |	0.73%
                         Deletion rate per base |	0.33%
                        Deletion average length |	1.01
                        Insertion rate per base |	0.08%
                       Insertion average length |	11.09
                             MULTI-MAPPING READS:
        Number of reads mapped to multiple loci |	121
             % of reads mapped to multiple loci |	0.05%
        Number of reads mapped to too many loci |	7
             % of reads mapped to too many loci |	0.00%
                                  UNMAPPED READS:
       % of reads unmapped: too many mismatches |	0.34%
                 % of reads unmapped: too short |	80.36%
                     % of reads unmapped: other |	0.00%
                                  CHIMERIC READS:
                       Number of chimeric reads |	9
                            % of chimeric reads |	0.00%
