                                 Started job on |	May 10 13:20:16
                             Started mapping on |	May 10 13:20:17
                                    Finished on |	May 10 13:23:00
       Mapping speed, Million of reads per hour |	4.04

                          Number of input reads |	183048
                      Average input read length |	202
                                    UNIQUE READS:
                   Uniquely mapped reads number |	50076
                        Uniquely mapped reads % |	27.36%
                          Average mapped length |	194.79
                       Number of splices: Total |	143394
            Number of splices: Annotated (sjdb) |	142642
                       Number of splices: GT/AG |	143223
                       Number of splices: GC/AG |	171
                       Number of splices: AT/AC |	0
               Number of splices: Non-canonical |	0
                      Mismatch rate per base, % |	0.78%
                         Deletion rate per base |	0.31%
                        Deletion average length |	1.00
                        Insertion rate per base |	0.09%
                       Insertion average length |	11.43
                             MULTI-MAPPING READS:
        Number of reads mapped to multiple loci |	115
             % of reads mapped to multiple loci |	0.06%
        Number of reads mapped to too many loci |	6
             % of reads mapped to too many loci |	0.00%
                                  UNMAPPED READS:
       % of reads unmapped: too many mismatches |	0.57%
                 % of reads unmapped: too short |	72.01%
                     % of reads unmapped: other |	0.00%
                                  CHIMERIC READS:
                       Number of chimeric reads |	7
                            % of chimeric reads |	0.00%
