                                 Started job on |	May 07 01:49:09
                             Started mapping on |	May 07 01:49:11
                                    Finished on |	May 07 01:51:55
       Mapping speed, Million of reads per hour |	7.01

                          Number of input reads |	319465
                      Average input read length |	202
                                    UNIQUE READS:
                   Uniquely mapped reads number |	68932
                        Uniquely mapped reads % |	21.58%
                          Average mapped length |	194.70
                       Number of splices: Total |	199775
            Number of splices: Annotated (sjdb) |	198690
                       Number of splices: GT/AG |	199588
                       Number of splices: GC/AG |	187
                       Number of splices: AT/AC |	0
               Number of splices: Non-canonical |	0
                      Mismatch rate per base, % |	0.74%
                         Deletion rate per base |	0.32%
                        Deletion average length |	1.00
                        Insertion rate per base |	0.10%
                       Insertion average length |	11.36
                             MULTI-MAPPING READS:
        Number of reads mapped to multiple loci |	175
             % of reads mapped to multiple loci |	0.05%
        Number of reads mapped to too many loci |	17
             % of reads mapped to too many loci |	0.01%
                                  UNMAPPED READS:
       % of reads unmapped: too many mismatches |	0.37%
                 % of reads unmapped: too short |	77.99%
                     % of reads unmapped: other |	0.00%
                                  CHIMERIC READS:
                       Number of chimeric reads |	20
                            % of chimeric reads |	0.01%
