                                 Started job on |	May 10 04:41:46
                             Started mapping on |	May 10 04:41:47
                                    Finished on |	May 10 04:44:04
       Mapping speed, Million of reads per hour |	8.17

                          Number of input reads |	310812
                      Average input read length |	202
                                    UNIQUE READS:
                   Uniquely mapped reads number |	94842
                        Uniquely mapped reads % |	30.51%
                          Average mapped length |	196.24
                       Number of splices: Total |	204318
            Number of splices: Annotated (sjdb) |	201773
                       Number of splices: GT/AG |	204162
                       Number of splices: GC/AG |	156
                       Number of splices: AT/AC |	0
               Number of splices: Non-canonical |	0
                      Mismatch rate per base, % |	0.70%
                         Deletion rate per base |	0.35%
                        Deletion average length |	1.00
                        Insertion rate per base |	0.00%
                       Insertion average length |	1.09
                             MULTI-MAPPING READS:
        Number of reads mapped to multiple loci |	110
             % of reads mapped to multiple loci |	0.04%
        Number of reads mapped to too many loci |	16
             % of reads mapped to too many loci |	0.01%
                                  UNMAPPED READS:
       % of reads unmapped: too many mismatches |	0.57%
                 % of reads unmapped: too short |	68.88%
                     % of reads unmapped: other |	0.00%
                                  CHIMERIC READS:
                       Number of chimeric reads |	10
                            % of chimeric reads |	0.00%
