                                 Started job on |	May 11 11:39:59
                             Started mapping on |	May 11 11:40:01
                                    Finished on |	May 11 11:42:19
       Mapping speed, Million of reads per hour |	7.45

                          Number of input reads |	285597
                      Average input read length |	202
                                    UNIQUE READS:
                   Uniquely mapped reads number |	82342
                        Uniquely mapped reads % |	28.83%
                          Average mapped length |	196.45
                       Number of splices: Total |	177621
            Number of splices: Annotated (sjdb) |	175745
                       Number of splices: GT/AG |	177505
                       Number of splices: GC/AG |	116
                       Number of splices: AT/AC |	0
               Number of splices: Non-canonical |	0
                      Mismatch rate per base, % |	0.71%
                         Deletion rate per base |	0.36%
                        Deletion average length |	1.00
                        Insertion rate per base |	0.00%
                       Insertion average length |	1.12
                             MULTI-MAPPING READS:
        Number of reads mapped to multiple loci |	121
             % of reads mapped to multiple loci |	0.04%
        Number of reads mapped to too many loci |	14
             % of reads mapped to too many loci |	0.00%
                                  UNMAPPED READS:
       % of reads unmapped: too many mismatches |	0.52%
                 % of reads unmapped: too short |	70.60%
                     % of reads unmapped: other |	0.00%
                                  CHIMERIC READS:
                       Number of chimeric reads |	6
                            % of chimeric reads |	0.00%
