                                 Started job on |	May 11 12:07:34
                             Started mapping on |	May 11 12:07:35
                                    Finished on |	May 11 12:10:00
       Mapping speed, Million of reads per hour |	5.96

                          Number of input reads |	240128
                      Average input read length |	202
                                    UNIQUE READS:
                   Uniquely mapped reads number |	62944
                        Uniquely mapped reads % |	26.21%
                          Average mapped length |	196.41
                       Number of splices: Total |	135840
            Number of splices: Annotated (sjdb) |	134395
                       Number of splices: GT/AG |	135748
                       Number of splices: GC/AG |	92
                       Number of splices: AT/AC |	0
               Number of splices: Non-canonical |	0
                      Mismatch rate per base, % |	0.72%
                         Deletion rate per base |	0.36%
                        Deletion average length |	1.00
                        Insertion rate per base |	0.00%
                       Insertion average length |	1.84
                             MULTI-MAPPING READS:
        Number of reads mapped to multiple loci |	73
             % of reads mapped to multiple loci |	0.03%
        Number of reads mapped to too many loci |	8
             % of reads mapped to too many loci |	0.00%
                                  UNMAPPED READS:
       % of reads unmapped: too many mismatches |	0.49%
                 % of reads unmapped: too short |	73.26%
                     % of reads unmapped: other |	0.00%
                                  CHIMERIC READS:
                       Number of chimeric reads |	2
                            % of chimeric reads |	0.00%
