                                 Started job on |	May 06 02:13:46
                             Started mapping on |	May 06 02:13:47
                                    Finished on |	May 06 02:16:22
       Mapping speed, Million of reads per hour |	5.54

                          Number of input reads |	238647
                      Average input read length |	202
                                    UNIQUE READS:
                   Uniquely mapped reads number |	53177
                        Uniquely mapped reads % |	22.28%
                          Average mapped length |	195.97
                       Number of splices: Total |	115052
            Number of splices: Annotated (sjdb) |	113763
                       Number of splices: GT/AG |	115000
                       Number of splices: GC/AG |	52
                       Number of splices: AT/AC |	0
               Number of splices: Non-canonical |	0
                      Mismatch rate per base, % |	0.76%
                         Deletion rate per base |	0.35%
                        Deletion average length |	1.00
                        Insertion rate per base |	0.00%
                       Insertion average length |	1.28
                             MULTI-MAPPING READS:
        Number of reads mapped to multiple loci |	77
             % of reads mapped to multiple loci |	0.03%
        Number of reads mapped to too many loci |	6
             % of reads mapped to too many loci |	0.00%
                                  UNMAPPED READS:
       % of reads unmapped: too many mismatches |	0.40%
                 % of reads unmapped: too short |	77.28%
                     % of reads unmapped: other |	0.00%
                                  CHIMERIC READS:
                       Number of chimeric reads |	4
                            % of chimeric reads |	0.00%
