                                 Started job on |	May 08 14:34:22
                             Started mapping on |	May 08 14:34:23
                                    Finished on |	May 08 14:37:03
       Mapping speed, Million of reads per hour |	5.74

                          Number of input reads |	254964
                      Average input read length |	202
                                    UNIQUE READS:
                   Uniquely mapped reads number |	66370
                        Uniquely mapped reads % |	26.03%
                          Average mapped length |	195.18
                       Number of splices: Total |	190459
            Number of splices: Annotated (sjdb) |	189324
                       Number of splices: GT/AG |	190235
                       Number of splices: GC/AG |	224
                       Number of splices: AT/AC |	0
               Number of splices: Non-canonical |	0
                      Mismatch rate per base, % |	0.72%
                         Deletion rate per base |	0.31%
                        Deletion average length |	1.00
                        Insertion rate per base |	0.12%
                       Insertion average length |	11.46
                             MULTI-MAPPING READS:
        Number of reads mapped to multiple loci |	152
             % of reads mapped to multiple loci |	0.06%
        Number of reads mapped to too many loci |	8
             % of reads mapped to too many loci |	0.00%
                                  UNMAPPED READS:
       % of reads unmapped: too many mismatches |	0.45%
                 % of reads unmapped: too short |	73.46%
                     % of reads unmapped: other |	0.00%
                                  CHIMERIC READS:
                       Number of chimeric reads |	5
                            % of chimeric reads |	0.00%
