                                 Started job on |	May 06 01:58:50
                             Started mapping on |	May 06 01:58:52
                                    Finished on |	May 06 02:01:18
       Mapping speed, Million of reads per hour |	9.14

                          Number of input reads |	370590
                      Average input read length |	202
                                    UNIQUE READS:
                   Uniquely mapped reads number |	75822
                        Uniquely mapped reads % |	20.46%
                          Average mapped length |	196.25
                       Number of splices: Total |	164460
            Number of splices: Annotated (sjdb) |	162628
                       Number of splices: GT/AG |	164414
                       Number of splices: GC/AG |	46
                       Number of splices: AT/AC |	0
               Number of splices: Non-canonical |	0
                      Mismatch rate per base, % |	0.73%
                         Deletion rate per base |	0.36%
                        Deletion average length |	1.00
                        Insertion rate per base |	0.00%
                       Insertion average length |	1.17
                             MULTI-MAPPING READS:
        Number of reads mapped to multiple loci |	113
             % of reads mapped to multiple loci |	0.03%
        Number of reads mapped to too many loci |	9
             % of reads mapped to too many loci |	0.00%
                                  UNMAPPED READS:
       % of reads unmapped: too many mismatches |	0.36%
                 % of reads unmapped: too short |	79.15%
                     % of reads unmapped: other |	0.00%
                                  CHIMERIC READS:
                       Number of chimeric reads |	7
                            % of chimeric reads |	0.00%
