                                 Started job on |	May 09 11:05:32
                             Started mapping on |	May 09 11:05:36
                                    Finished on |	May 09 11:08:16
       Mapping speed, Million of reads per hour |	6.46

                          Number of input reads |	287044
                      Average input read length |	202
                                    UNIQUE READS:
                   Uniquely mapped reads number |	70279
                        Uniquely mapped reads % |	24.48%
                          Average mapped length |	194.47
                       Number of splices: Total |	202610
            Number of splices: Annotated (sjdb) |	201567
                       Number of splices: GT/AG |	202444
                       Number of splices: GC/AG |	165
                       Number of splices: AT/AC |	0
               Number of splices: Non-canonical |	1
                      Mismatch rate per base, % |	0.76%
                         Deletion rate per base |	0.31%
                        Deletion average length |	1.00
                        Insertion rate per base |	0.09%
                       Insertion average length |	11.27
                             MULTI-MAPPING READS:
        Number of reads mapped to multiple loci |	154
             % of reads mapped to multiple loci |	0.05%
        Number of reads mapped to too many loci |	11
             % of reads mapped to too many loci |	0.00%
                                  UNMAPPED READS:
       % of reads unmapped: too many mismatches |	0.46%
                 % of reads unmapped: too short |	75.00%
                     % of reads unmapped: other |	0.00%
                                  CHIMERIC READS:
                       Number of chimeric reads |	20
                            % of chimeric reads |	0.01%
