                                 Started job on |	May 10 15:42:05
                             Started mapping on |	May 10 15:42:06
                                    Finished on |	May 10 15:44:20
       Mapping speed, Million of reads per hour |	9.12

                          Number of input reads |	339302
                      Average input read length |	202
                                    UNIQUE READS:
                   Uniquely mapped reads number |	82976
                        Uniquely mapped reads % |	24.45%
                          Average mapped length |	194.75
                       Number of splices: Total |	237598
            Number of splices: Annotated (sjdb) |	236388
                       Number of splices: GT/AG |	237174
                       Number of splices: GC/AG |	424
                       Number of splices: AT/AC |	0
               Number of splices: Non-canonical |	0
                      Mismatch rate per base, % |	0.76%
                         Deletion rate per base |	0.32%
                        Deletion average length |	1.01
                        Insertion rate per base |	0.13%
                       Insertion average length |	11.53
                             MULTI-MAPPING READS:
        Number of reads mapped to multiple loci |	193
             % of reads mapped to multiple loci |	0.06%
        Number of reads mapped to too many loci |	5
             % of reads mapped to too many loci |	0.00%
                                  UNMAPPED READS:
       % of reads unmapped: too many mismatches |	0.45%
                 % of reads unmapped: too short |	75.04%
                     % of reads unmapped: other |	0.00%
                                  CHIMERIC READS:
                       Number of chimeric reads |	19
                            % of chimeric reads |	0.01%
