                                 Started job on |	May 10 13:14:53
                             Started mapping on |	May 10 13:14:56
                                    Finished on |	May 10 13:17:39
       Mapping speed, Million of reads per hour |	4.24

                          Number of input reads |	191958
                      Average input read length |	202
                                    UNIQUE READS:
                   Uniquely mapped reads number |	47336
                        Uniquely mapped reads % |	24.66%
                          Average mapped length |	194.94
                       Number of splices: Total |	137788
            Number of splices: Annotated (sjdb) |	137111
                       Number of splices: GT/AG |	137552
                       Number of splices: GC/AG |	236
                       Number of splices: AT/AC |	0
               Number of splices: Non-canonical |	0
                      Mismatch rate per base, % |	0.76%
                         Deletion rate per base |	0.32%
                        Deletion average length |	1.01
                        Insertion rate per base |	0.11%
                       Insertion average length |	11.23
                             MULTI-MAPPING READS:
        Number of reads mapped to multiple loci |	113
             % of reads mapped to multiple loci |	0.06%
        Number of reads mapped to too many loci |	7
             % of reads mapped to too many loci |	0.00%
                                  UNMAPPED READS:
       % of reads unmapped: too many mismatches |	0.49%
                 % of reads unmapped: too short |	74.79%
                     % of reads unmapped: other |	0.00%
                                  CHIMERIC READS:
                       Number of chimeric reads |	6
                            % of chimeric reads |	0.00%
