                                 Started job on |	May 05 21:18:07
                             Started mapping on |	May 05 21:18:08
                                    Finished on |	May 05 21:20:26
       Mapping speed, Million of reads per hour |	9.41

                          Number of input reads |	360671
                      Average input read length |	202
                                    UNIQUE READS:
                   Uniquely mapped reads number |	63351
                        Uniquely mapped reads % |	17.56%
                          Average mapped length |	196.22
                       Number of splices: Total |	137731
            Number of splices: Annotated (sjdb) |	136240
                       Number of splices: GT/AG |	137697
                       Number of splices: GC/AG |	34
                       Number of splices: AT/AC |	0
               Number of splices: Non-canonical |	0
                      Mismatch rate per base, % |	0.73%
                         Deletion rate per base |	0.35%
                        Deletion average length |	1.00
                        Insertion rate per base |	0.00%
                       Insertion average length |	1.32
                             MULTI-MAPPING READS:
        Number of reads mapped to multiple loci |	89
             % of reads mapped to multiple loci |	0.02%
        Number of reads mapped to too many loci |	6
             % of reads mapped to too many loci |	0.00%
                                  UNMAPPED READS:
       % of reads unmapped: too many mismatches |	0.31%
                 % of reads unmapped: too short |	82.10%
                     % of reads unmapped: other |	0.00%
                                  CHIMERIC READS:
                       Number of chimeric reads |	4
                            % of chimeric reads |	0.00%
