                                 Started job on |	May 08 16:21:56
                             Started mapping on |	May 08 16:21:57
                                    Finished on |	May 08 16:24:51
       Mapping speed, Million of reads per hour |	5.06

                          Number of input reads |	244389
                      Average input read length |	202
                                    UNIQUE READS:
                   Uniquely mapped reads number |	59257
                        Uniquely mapped reads % |	24.25%
                          Average mapped length |	194.98
                       Number of splices: Total |	176296
            Number of splices: Annotated (sjdb) |	175548
                       Number of splices: GT/AG |	176104
                       Number of splices: GC/AG |	192
                       Number of splices: AT/AC |	0
               Number of splices: Non-canonical |	0
                      Mismatch rate per base, % |	0.70%
                         Deletion rate per base |	0.31%
                        Deletion average length |	1.00
                        Insertion rate per base |	0.10%
                       Insertion average length |	11.41
                             MULTI-MAPPING READS:
        Number of reads mapped to multiple loci |	129
             % of reads mapped to multiple loci |	0.05%
        Number of reads mapped to too many loci |	8
             % of reads mapped to too many loci |	0.00%
                                  UNMAPPED READS:
       % of reads unmapped: too many mismatches |	0.36%
                 % of reads unmapped: too short |	75.33%
                     % of reads unmapped: other |	0.00%
                                  CHIMERIC READS:
                       Number of chimeric reads |	12
                            % of chimeric reads |	0.00%
