                                 Started job on |	May 10 10:02:43
                             Started mapping on |	May 10 10:02:45
                                    Finished on |	May 10 10:05:13
       Mapping speed, Million of reads per hour |	4.74

                          Number of input reads |	194777
                      Average input read length |	202
                                    UNIQUE READS:
                   Uniquely mapped reads number |	53436
                        Uniquely mapped reads % |	27.43%
                          Average mapped length |	196.35
                       Number of splices: Total |	115012
            Number of splices: Annotated (sjdb) |	113672
                       Number of splices: GT/AG |	114895
                       Number of splices: GC/AG |	117
                       Number of splices: AT/AC |	0
               Number of splices: Non-canonical |	0
                      Mismatch rate per base, % |	0.72%
                         Deletion rate per base |	0.36%
                        Deletion average length |	1.00
                        Insertion rate per base |	0.00%
                       Insertion average length |	1.00
                             MULTI-MAPPING READS:
        Number of reads mapped to multiple loci |	63
             % of reads mapped to multiple loci |	0.03%
        Number of reads mapped to too many loci |	14
             % of reads mapped to too many loci |	0.01%
                                  UNMAPPED READS:
       % of reads unmapped: too many mismatches |	0.50%
                 % of reads unmapped: too short |	72.03%
                     % of reads unmapped: other |	0.00%
                                  CHIMERIC READS:
                       Number of chimeric reads |	3
                            % of chimeric reads |	0.00%
