                                 Started job on |	May 08 20:08:39
                             Started mapping on |	May 08 20:08:40
                                    Finished on |	May 08 20:11:51
       Mapping speed, Million of reads per hour |	3.83

                          Number of input reads |	202950
                      Average input read length |	202
                                    UNIQUE READS:
                   Uniquely mapped reads number |	48325
                        Uniquely mapped reads % |	23.81%
                          Average mapped length |	195.01
                       Number of splices: Total |	138507
            Number of splices: Annotated (sjdb) |	137740
                       Number of splices: GT/AG |	138375
                       Number of splices: GC/AG |	132
                       Number of splices: AT/AC |	0
               Number of splices: Non-canonical |	0
                      Mismatch rate per base, % |	0.72%
                         Deletion rate per base |	0.32%
                        Deletion average length |	1.00
                        Insertion rate per base |	0.08%
                       Insertion average length |	11.26
                             MULTI-MAPPING READS:
        Number of reads mapped to multiple loci |	113
             % of reads mapped to multiple loci |	0.06%
        Number of reads mapped to too many loci |	7
             % of reads mapped to too many loci |	0.00%
                                  UNMAPPED READS:
       % of reads unmapped: too many mismatches |	0.43%
                 % of reads unmapped: too short |	75.70%
                     % of reads unmapped: other |	0.00%
                                  CHIMERIC READS:
                       Number of chimeric reads |	11
                            % of chimeric reads |	0.01%
