                                 Started job on |	May 10 12:20:29
                             Started mapping on |	May 10 12:20:31
                                    Finished on |	May 10 12:22:37
       Mapping speed, Million of reads per hour |	4.56

                          Number of input reads |	159681
                      Average input read length |	202
                                    UNIQUE READS:
                   Uniquely mapped reads number |	40837
                        Uniquely mapped reads % |	25.57%
                          Average mapped length |	194.64
                       Number of splices: Total |	119430
            Number of splices: Annotated (sjdb) |	118768
                       Number of splices: GT/AG |	119333
                       Number of splices: GC/AG |	97
                       Number of splices: AT/AC |	0
               Number of splices: Non-canonical |	0
                      Mismatch rate per base, % |	0.76%
                         Deletion rate per base |	0.32%
                        Deletion average length |	1.00
                        Insertion rate per base |	0.07%
                       Insertion average length |	11.46
                             MULTI-MAPPING READS:
        Number of reads mapped to multiple loci |	107
             % of reads mapped to multiple loci |	0.07%
        Number of reads mapped to too many loci |	10
             % of reads mapped to too many loci |	0.01%
                                  UNMAPPED READS:
       % of reads unmapped: too many mismatches |	0.46%
                 % of reads unmapped: too short |	73.89%
                     % of reads unmapped: other |	0.00%
                                  CHIMERIC READS:
                       Number of chimeric reads |	7
                            % of chimeric reads |	0.00%
