                                 Started job on |	May 06 03:00:58
                             Started mapping on |	May 06 03:01:00
                                    Finished on |	May 06 03:03:32
       Mapping speed, Million of reads per hour |	6.85

                          Number of input reads |	289355
                      Average input read length |	202
                                    UNIQUE READS:
                   Uniquely mapped reads number |	63690
                        Uniquely mapped reads % |	22.01%
                          Average mapped length |	196.09
                       Number of splices: Total |	138656
            Number of splices: Annotated (sjdb) |	137147
                       Number of splices: GT/AG |	138627
                       Number of splices: GC/AG |	29
                       Number of splices: AT/AC |	0
               Number of splices: Non-canonical |	0
                      Mismatch rate per base, % |	0.78%
                         Deletion rate per base |	0.35%
                        Deletion average length |	1.00
                        Insertion rate per base |	0.00%
                       Insertion average length |	1.15
                             MULTI-MAPPING READS:
        Number of reads mapped to multiple loci |	83
             % of reads mapped to multiple loci |	0.03%
        Number of reads mapped to too many loci |	4
             % of reads mapped to too many loci |	0.00%
                                  UNMAPPED READS:
       % of reads unmapped: too many mismatches |	0.44%
                 % of reads unmapped: too short |	77.52%
                     % of reads unmapped: other |	0.00%
                                  CHIMERIC READS:
                       Number of chimeric reads |	2
                            % of chimeric reads |	0.00%
