                                 Started job on |	May 05 18:34:55
                             Started mapping on |	May 05 18:34:57
                                    Finished on |	May 05 18:37:22
       Mapping speed, Million of reads per hour |	4.85

                          Number of input reads |	195541
                      Average input read length |	202
                                    UNIQUE READS:
                   Uniquely mapped reads number |	44759
                        Uniquely mapped reads % |	22.89%
                          Average mapped length |	196.03
                       Number of splices: Total |	97473
            Number of splices: Annotated (sjdb) |	96402
                       Number of splices: GT/AG |	97435
                       Number of splices: GC/AG |	38
                       Number of splices: AT/AC |	0
               Number of splices: Non-canonical |	0
                      Mismatch rate per base, % |	0.78%
                         Deletion rate per base |	0.35%
                        Deletion average length |	1.00
                        Insertion rate per base |	0.00%
                       Insertion average length |	1.21
                             MULTI-MAPPING READS:
        Number of reads mapped to multiple loci |	72
             % of reads mapped to multiple loci |	0.04%
        Number of reads mapped to too many loci |	12
             % of reads mapped to too many loci |	0.01%
                                  UNMAPPED READS:
       % of reads unmapped: too many mismatches |	0.44%
                 % of reads unmapped: too short |	76.63%
                     % of reads unmapped: other |	0.00%
                                  CHIMERIC READS:
                       Number of chimeric reads |	5
                            % of chimeric reads |	0.00%
