                                 Started job on |	May 09 10:11:29
                             Started mapping on |	May 09 10:11:30
                                    Finished on |	May 09 10:14:34
       Mapping speed, Million of reads per hour |	4.94

                          Number of input reads |	252476
                      Average input read length |	202
                                    UNIQUE READS:
                   Uniquely mapped reads number |	58519
                        Uniquely mapped reads % |	23.18%
                          Average mapped length |	195.17
                       Number of splices: Total |	172645
            Number of splices: Annotated (sjdb) |	171677
                       Number of splices: GT/AG |	172511
                       Number of splices: GC/AG |	134
                       Number of splices: AT/AC |	0
               Number of splices: Non-canonical |	0
                      Mismatch rate per base, % |	0.74%
                         Deletion rate per base |	0.32%
                        Deletion average length |	1.00
                        Insertion rate per base |	0.06%
                       Insertion average length |	11.08
                             MULTI-MAPPING READS:
        Number of reads mapped to multiple loci |	112
             % of reads mapped to multiple loci |	0.04%
        Number of reads mapped to too many loci |	4
             % of reads mapped to too many loci |	0.00%
                                  UNMAPPED READS:
       % of reads unmapped: too many mismatches |	0.45%
                 % of reads unmapped: too short |	76.33%
                     % of reads unmapped: other |	0.00%
                                  CHIMERIC READS:
                       Number of chimeric reads |	8
                            % of chimeric reads |	0.00%
