                                 Started job on |	May 05 23:04:19
                             Started mapping on |	May 05 23:04:20
                                    Finished on |	May 05 23:06:54
       Mapping speed, Million of reads per hour |	5.28

                          Number of input reads |	225776
                      Average input read length |	202
                                    UNIQUE READS:
                   Uniquely mapped reads number |	48423
                        Uniquely mapped reads % |	21.45%
                          Average mapped length |	195.96
                       Number of splices: Total |	105304
            Number of splices: Annotated (sjdb) |	104090
                       Number of splices: GT/AG |	105277
                       Number of splices: GC/AG |	27
                       Number of splices: AT/AC |	0
               Number of splices: Non-canonical |	0
                      Mismatch rate per base, % |	0.76%
                         Deletion rate per base |	0.35%
                        Deletion average length |	1.00
                        Insertion rate per base |	0.00%
                       Insertion average length |	1.00
                             MULTI-MAPPING READS:
        Number of reads mapped to multiple loci |	68
             % of reads mapped to multiple loci |	0.03%
        Number of reads mapped to too many loci |	10
             % of reads mapped to too many loci |	0.00%
                                  UNMAPPED READS:
       % of reads unmapped: too many mismatches |	0.38%
                 % of reads unmapped: too short |	78.14%
                     % of reads unmapped: other |	0.00%
                                  CHIMERIC READS:
                       Number of chimeric reads |	4
                            % of chimeric reads |	0.00%
