                                 Started job on |	May 08 05:48:59
                             Started mapping on |	May 08 05:49:01
                                    Finished on |	May 08 05:51:36
       Mapping speed, Million of reads per hour |	10.68

                          Number of input reads |	460043
                      Average input read length |	202
                                    UNIQUE READS:
                   Uniquely mapped reads number |	97742
                        Uniquely mapped reads % |	21.25%
                          Average mapped length |	195.11
                       Number of splices: Total |	283395
            Number of splices: Annotated (sjdb) |	281850
                       Number of splices: GT/AG |	283132
                       Number of splices: GC/AG |	263
                       Number of splices: AT/AC |	0
               Number of splices: Non-canonical |	0
                      Mismatch rate per base, % |	0.81%
                         Deletion rate per base |	0.34%
                        Deletion average length |	1.00
                        Insertion rate per base |	0.06%
                       Insertion average length |	11.06
                             MULTI-MAPPING READS:
        Number of reads mapped to multiple loci |	211
             % of reads mapped to multiple loci |	0.05%
        Number of reads mapped to too many loci |	24
             % of reads mapped to too many loci |	0.01%
                                  UNMAPPED READS:
       % of reads unmapped: too many mismatches |	0.53%
                 % of reads unmapped: too short |	78.17%
                     % of reads unmapped: other |	0.00%
                                  CHIMERIC READS:
                       Number of chimeric reads |	16
                            % of chimeric reads |	0.00%
