                                 Started job on |	May 09 13:39:17
                             Started mapping on |	May 09 13:39:18
                                    Finished on |	May 09 13:41:44
       Mapping speed, Million of reads per hour |	10.21

                          Number of input reads |	414027
                      Average input read length |	202
                                    UNIQUE READS:
                   Uniquely mapped reads number |	88215
                        Uniquely mapped reads % |	21.31%
                          Average mapped length |	195.16
                       Number of splices: Total |	255399
            Number of splices: Annotated (sjdb) |	254045
                       Number of splices: GT/AG |	255188
                       Number of splices: GC/AG |	211
                       Number of splices: AT/AC |	0
               Number of splices: Non-canonical |	0
                      Mismatch rate per base, % |	0.81%
                         Deletion rate per base |	0.34%
                        Deletion average length |	1.00
                        Insertion rate per base |	0.06%
                       Insertion average length |	11.15
                             MULTI-MAPPING READS:
        Number of reads mapped to multiple loci |	175
             % of reads mapped to multiple loci |	0.04%
        Number of reads mapped to too many loci |	7
             % of reads mapped to too many loci |	0.00%
                                  UNMAPPED READS:
       % of reads unmapped: too many mismatches |	0.56%
                 % of reads unmapped: too short |	78.09%
                     % of reads unmapped: other |	0.00%
                                  CHIMERIC READS:
                       Number of chimeric reads |	17
                            % of chimeric reads |	0.00%
