                                 Started job on |	May 10 12:59:37
                             Started mapping on |	May 10 12:59:38
                                    Finished on |	May 10 13:03:18
       Mapping speed, Million of reads per hour |	2.45

                          Number of input reads |	149560
                      Average input read length |	202
                                    UNIQUE READS:
                   Uniquely mapped reads number |	39983
                        Uniquely mapped reads % |	26.73%
                          Average mapped length |	194.80
                       Number of splices: Total |	114284
            Number of splices: Annotated (sjdb) |	113658
                       Number of splices: GT/AG |	114167
                       Number of splices: GC/AG |	117
                       Number of splices: AT/AC |	0
               Number of splices: Non-canonical |	0
                      Mismatch rate per base, % |	0.77%
                         Deletion rate per base |	0.32%
                        Deletion average length |	1.00
                        Insertion rate per base |	0.10%
                       Insertion average length |	11.20
                             MULTI-MAPPING READS:
        Number of reads mapped to multiple loci |	86
             % of reads mapped to multiple loci |	0.06%
        Number of reads mapped to too many loci |	11
             % of reads mapped to too many loci |	0.01%
                                  UNMAPPED READS:
       % of reads unmapped: too many mismatches |	0.55%
                 % of reads unmapped: too short |	72.65%
                     % of reads unmapped: other |	0.00%
                                  CHIMERIC READS:
                       Number of chimeric reads |	6
                            % of chimeric reads |	0.00%
