                                 Started job on |	May 04 07:49:02
                             Started mapping on |	May 04 07:49:04
                                    Finished on |	May 04 07:51:17
       Mapping speed, Million of reads per hour |	7.76

                          Number of input reads |	286545
                      Average input read length |	202
                                    UNIQUE READS:
                   Uniquely mapped reads number |	68885
                        Uniquely mapped reads % |	24.04%
                          Average mapped length |	196.29
                       Number of splices: Total |	147436
            Number of splices: Annotated (sjdb) |	145546
                       Number of splices: GT/AG |	147361
                       Number of splices: GC/AG |	75
                       Number of splices: AT/AC |	0
               Number of splices: Non-canonical |	0
                      Mismatch rate per base, % |	0.68%
                         Deletion rate per base |	0.36%
                        Deletion average length |	1.01
                        Insertion rate per base |	0.00%
                       Insertion average length |	1.24
                             MULTI-MAPPING READS:
        Number of reads mapped to multiple loci |	109
             % of reads mapped to multiple loci |	0.04%
        Number of reads mapped to too many loci |	16
             % of reads mapped to too many loci |	0.01%
                                  UNMAPPED READS:
       % of reads unmapped: too many mismatches |	0.33%
                 % of reads unmapped: too short |	75.58%
                     % of reads unmapped: other |	0.00%
                                  CHIMERIC READS:
                       Number of chimeric reads |	3
                            % of chimeric reads |	0.00%
