                                 Started job on |	May 08 14:25:52
                             Started mapping on |	May 08 14:25:53
                                    Finished on |	May 08 14:28:34
       Mapping speed, Million of reads per hour |	5.92

                          Number of input reads |	264608
                      Average input read length |	202
                                    UNIQUE READS:
                   Uniquely mapped reads number |	75219
                        Uniquely mapped reads % |	28.43%
                          Average mapped length |	194.60
                       Number of splices: Total |	210861
            Number of splices: Annotated (sjdb) |	209489
                       Number of splices: GT/AG |	210663
                       Number of splices: GC/AG |	198
                       Number of splices: AT/AC |	0
               Number of splices: Non-canonical |	0
                      Mismatch rate per base, % |	0.72%
                         Deletion rate per base |	0.30%
                        Deletion average length |	1.00
                        Insertion rate per base |	0.08%
                       Insertion average length |	11.34
                             MULTI-MAPPING READS:
        Number of reads mapped to multiple loci |	151
             % of reads mapped to multiple loci |	0.06%
        Number of reads mapped to too many loci |	9
             % of reads mapped to too many loci |	0.00%
                                  UNMAPPED READS:
       % of reads unmapped: too many mismatches |	0.47%
                 % of reads unmapped: too short |	71.04%
                     % of reads unmapped: other |	0.00%
                                  CHIMERIC READS:
                       Number of chimeric reads |	19
                            % of chimeric reads |	0.01%
