                                 Started job on |	May 11 14:21:50
                             Started mapping on |	May 11 14:21:51
                                    Finished on |	May 11 14:24:19
       Mapping speed, Million of reads per hour |	7.41

                          Number of input reads |	304437
                      Average input read length |	202
                                    UNIQUE READS:
                   Uniquely mapped reads number |	86385
                        Uniquely mapped reads % |	28.38%
                          Average mapped length |	196.33
                       Number of splices: Total |	184467
            Number of splices: Annotated (sjdb) |	182176
                       Number of splices: GT/AG |	184342
                       Number of splices: GC/AG |	125
                       Number of splices: AT/AC |	0
               Number of splices: Non-canonical |	0
                      Mismatch rate per base, % |	0.71%
                         Deletion rate per base |	0.36%
                        Deletion average length |	1.00
                        Insertion rate per base |	0.00%
                       Insertion average length |	1.15
                             MULTI-MAPPING READS:
        Number of reads mapped to multiple loci |	135
             % of reads mapped to multiple loci |	0.04%
        Number of reads mapped to too many loci |	13
             % of reads mapped to too many loci |	0.00%
                                  UNMAPPED READS:
       % of reads unmapped: too many mismatches |	0.48%
                 % of reads unmapped: too short |	71.10%
                     % of reads unmapped: other |	0.00%
                                  CHIMERIC READS:
                       Number of chimeric reads |	8
                            % of chimeric reads |	0.00%
