                                 Started job on |	May 05 23:41:37
                             Started mapping on |	May 05 23:41:38
                                    Finished on |	May 05 23:44:26
       Mapping speed, Million of reads per hour |	6.15

                          Number of input reads |	286829
                      Average input read length |	202
                                    UNIQUE READS:
                   Uniquely mapped reads number |	52485
                        Uniquely mapped reads % |	18.30%
                          Average mapped length |	196.32
                       Number of splices: Total |	113791
            Number of splices: Annotated (sjdb) |	112531
                       Number of splices: GT/AG |	113747
                       Number of splices: GC/AG |	44
                       Number of splices: AT/AC |	0
               Number of splices: Non-canonical |	0
                      Mismatch rate per base, % |	0.73%
                         Deletion rate per base |	0.36%
                        Deletion average length |	1.00
                        Insertion rate per base |	0.00%
                       Insertion average length |	1.27
                             MULTI-MAPPING READS:
        Number of reads mapped to multiple loci |	74
             % of reads mapped to multiple loci |	0.03%
        Number of reads mapped to too many loci |	13
             % of reads mapped to too many loci |	0.00%
                                  UNMAPPED READS:
       % of reads unmapped: too many mismatches |	0.28%
                 % of reads unmapped: too short |	81.39%
                     % of reads unmapped: other |	0.00%
                                  CHIMERIC READS:
                       Number of chimeric reads |	6
                            % of chimeric reads |	0.00%
