                                 Started job on |	May 04 12:56:13
                             Started mapping on |	May 04 12:56:14
                                    Finished on |	May 04 12:58:55
       Mapping speed, Million of reads per hour |	6.66

                          Number of input reads |	297730
                      Average input read length |	202
                                    UNIQUE READS:
                   Uniquely mapped reads number |	66992
                        Uniquely mapped reads % |	22.50%
                          Average mapped length |	196.57
                       Number of splices: Total |	144520
            Number of splices: Annotated (sjdb) |	142978
                       Number of splices: GT/AG |	144433
                       Number of splices: GC/AG |	87
                       Number of splices: AT/AC |	0
               Number of splices: Non-canonical |	0
                      Mismatch rate per base, % |	0.68%
                         Deletion rate per base |	0.36%
                        Deletion average length |	1.01
                        Insertion rate per base |	0.00%
                       Insertion average length |	1.06
                             MULTI-MAPPING READS:
        Number of reads mapped to multiple loci |	85
             % of reads mapped to multiple loci |	0.03%
        Number of reads mapped to too many loci |	16
             % of reads mapped to too many loci |	0.01%
                                  UNMAPPED READS:
       % of reads unmapped: too many mismatches |	0.31%
                 % of reads unmapped: too short |	77.16%
                     % of reads unmapped: other |	0.00%
                                  CHIMERIC READS:
                       Number of chimeric reads |	6
                            % of chimeric reads |	0.00%
