                                 Started job on |	May 08 05:39:01
                             Started mapping on |	May 08 05:39:02
                                    Finished on |	May 08 05:42:25
       Mapping speed, Million of reads per hour |	7.06

                          Number of input reads |	397860
                      Average input read length |	202
                                    UNIQUE READS:
                   Uniquely mapped reads number |	94972
                        Uniquely mapped reads % |	23.87%
                          Average mapped length |	194.90
                       Number of splices: Total |	278171
            Number of splices: Annotated (sjdb) |	276598
                       Number of splices: GT/AG |	277958
                       Number of splices: GC/AG |	213
                       Number of splices: AT/AC |	0
               Number of splices: Non-canonical |	0
                      Mismatch rate per base, % |	0.81%
                         Deletion rate per base |	0.33%
                        Deletion average length |	1.00
                        Insertion rate per base |	0.07%
                       Insertion average length |	11.19
                             MULTI-MAPPING READS:
        Number of reads mapped to multiple loci |	219
             % of reads mapped to multiple loci |	0.06%
        Number of reads mapped to too many loci |	17
             % of reads mapped to too many loci |	0.00%
                                  UNMAPPED READS:
       % of reads unmapped: too many mismatches |	0.57%
                 % of reads unmapped: too short |	75.50%
                     % of reads unmapped: other |	0.00%
                                  CHIMERIC READS:
                       Number of chimeric reads |	21
                            % of chimeric reads |	0.01%
