                                 Started job on |	May 11 06:21:25
                             Started mapping on |	May 11 06:21:26
                                    Finished on |	May 11 06:24:29
       Mapping speed, Million of reads per hour |	7.31

                          Number of input reads |	371613
                      Average input read length |	202
                                    UNIQUE READS:
                   Uniquely mapped reads number |	91569
                        Uniquely mapped reads % |	24.64%
                          Average mapped length |	196.48
                       Number of splices: Total |	197338
            Number of splices: Annotated (sjdb) |	195139
                       Number of splices: GT/AG |	197210
                       Number of splices: GC/AG |	128
                       Number of splices: AT/AC |	0
               Number of splices: Non-canonical |	0
                      Mismatch rate per base, % |	0.76%
                         Deletion rate per base |	0.38%
                        Deletion average length |	1.00
                        Insertion rate per base |	0.00%
                       Insertion average length |	1.11
                             MULTI-MAPPING READS:
        Number of reads mapped to multiple loci |	118
             % of reads mapped to multiple loci |	0.03%
        Number of reads mapped to too many loci |	27
             % of reads mapped to too many loci |	0.01%
                                  UNMAPPED READS:
       % of reads unmapped: too many mismatches |	0.60%
                 % of reads unmapped: too short |	74.72%
                     % of reads unmapped: other |	0.00%
                                  CHIMERIC READS:
                       Number of chimeric reads |	8
                            % of chimeric reads |	0.00%
