                                 Started job on |	May 05 05:48:38
                             Started mapping on |	May 05 05:48:40
                                    Finished on |	May 05 05:52:03
       Mapping speed, Million of reads per hour |	7.33

                          Number of input reads |	413455
                      Average input read length |	202
                                    UNIQUE READS:
                   Uniquely mapped reads number |	59732
                        Uniquely mapped reads % |	14.45%
                          Average mapped length |	196.82
                       Number of splices: Total |	129896
            Number of splices: Annotated (sjdb) |	128734
                       Number of splices: GT/AG |	129841
                       Number of splices: GC/AG |	55
                       Number of splices: AT/AC |	0
               Number of splices: Non-canonical |	0
                      Mismatch rate per base, % |	0.77%
                         Deletion rate per base |	0.39%
                        Deletion average length |	1.00
                        Insertion rate per base |	0.00%
                       Insertion average length |	1.18
                             MULTI-MAPPING READS:
        Number of reads mapped to multiple loci |	64
             % of reads mapped to multiple loci |	0.02%
        Number of reads mapped to too many loci |	13
             % of reads mapped to too many loci |	0.00%
                                  UNMAPPED READS:
       % of reads unmapped: too many mismatches |	0.32%
                 % of reads unmapped: too short |	85.21%
                     % of reads unmapped: other |	0.00%
                                  CHIMERIC READS:
                       Number of chimeric reads |	4
                            % of chimeric reads |	0.00%
