                                 Started job on |	May 09 13:49:02
                             Started mapping on |	May 09 13:49:03
                                    Finished on |	May 09 13:52:43
       Mapping speed, Million of reads per hour |	5.98

                          Number of input reads |	365323
                      Average input read length |	202
                                    UNIQUE READS:
                   Uniquely mapped reads number |	77722
                        Uniquely mapped reads % |	21.27%
                          Average mapped length |	195.02
                       Number of splices: Total |	231512
            Number of splices: Annotated (sjdb) |	230346
                       Number of splices: GT/AG |	231365
                       Number of splices: GC/AG |	147
                       Number of splices: AT/AC |	0
               Number of splices: Non-canonical |	0
                      Mismatch rate per base, % |	0.80%
                         Deletion rate per base |	0.34%
                        Deletion average length |	1.00
                        Insertion rate per base |	0.06%
                       Insertion average length |	10.94
                             MULTI-MAPPING READS:
        Number of reads mapped to multiple loci |	156
             % of reads mapped to multiple loci |	0.04%
        Number of reads mapped to too many loci |	11
             % of reads mapped to too many loci |	0.00%
                                  UNMAPPED READS:
       % of reads unmapped: too many mismatches |	0.56%
                 % of reads unmapped: too short |	78.12%
                     % of reads unmapped: other |	0.00%
                                  CHIMERIC READS:
                       Number of chimeric reads |	7
                            % of chimeric reads |	0.00%
