                                 Started job on |	May 07 06:57:20
                             Started mapping on |	May 07 06:57:22
                                    Finished on |	May 07 07:03:23
       Mapping speed, Million of reads per hour |	2.98

                          Number of input reads |	298567
                      Average input read length |	202
                                    UNIQUE READS:
                   Uniquely mapped reads number |	70820
                        Uniquely mapped reads % |	23.72%
                          Average mapped length |	194.99
                       Number of splices: Total |	206068
            Number of splices: Annotated (sjdb) |	204948
                       Number of splices: GT/AG |	205888
                       Number of splices: GC/AG |	180
                       Number of splices: AT/AC |	0
               Number of splices: Non-canonical |	0
                      Mismatch rate per base, % |	0.74%
                         Deletion rate per base |	0.33%
                        Deletion average length |	1.00
                        Insertion rate per base |	0.09%
                       Insertion average length |	11.33
                             MULTI-MAPPING READS:
        Number of reads mapped to multiple loci |	166
             % of reads mapped to multiple loci |	0.06%
        Number of reads mapped to too many loci |	10
             % of reads mapped to too many loci |	0.00%
                                  UNMAPPED READS:
       % of reads unmapped: too many mismatches |	0.40%
                 % of reads unmapped: too short |	75.82%
                     % of reads unmapped: other |	0.00%
                                  CHIMERIC READS:
                       Number of chimeric reads |	15
                            % of chimeric reads |	0.01%
