                                 Started job on |	May 10 15:15:20
                             Started mapping on |	May 10 15:15:22
                                    Finished on |	May 10 15:17:06
       Mapping speed, Million of reads per hour |	10.97

                          Number of input reads |	316795
                      Average input read length |	202
                                    UNIQUE READS:
                   Uniquely mapped reads number |	91228
                        Uniquely mapped reads % |	28.80%
                          Average mapped length |	196.10
                       Number of splices: Total |	197478
            Number of splices: Annotated (sjdb) |	195010
                       Number of splices: GT/AG |	197260
                       Number of splices: GC/AG |	218
                       Number of splices: AT/AC |	0
               Number of splices: Non-canonical |	0
                      Mismatch rate per base, % |	0.72%
                         Deletion rate per base |	0.35%
                        Deletion average length |	1.01
                        Insertion rate per base |	0.00%
                       Insertion average length |	1.01
                             MULTI-MAPPING READS:
        Number of reads mapped to multiple loci |	139
             % of reads mapped to multiple loci |	0.04%
        Number of reads mapped to too many loci |	26
             % of reads mapped to too many loci |	0.01%
                                  UNMAPPED READS:
       % of reads unmapped: too many mismatches |	0.50%
                 % of reads unmapped: too short |	70.65%
                     % of reads unmapped: other |	0.00%
                                  CHIMERIC READS:
                       Number of chimeric reads |	6
                            % of chimeric reads |	0.00%
