                                 Started job on |	May 04 15:09:32
                             Started mapping on |	May 04 15:09:34
                                    Finished on |	May 04 15:12:05
       Mapping speed, Million of reads per hour |	6.10

                          Number of input reads |	255936
                      Average input read length |	202
                                    UNIQUE READS:
                   Uniquely mapped reads number |	56207
                        Uniquely mapped reads % |	21.96%
                          Average mapped length |	196.66
                       Number of splices: Total |	121467
            Number of splices: Annotated (sjdb) |	120025
                       Number of splices: GT/AG |	121392
                       Number of splices: GC/AG |	75
                       Number of splices: AT/AC |	0
               Number of splices: Non-canonical |	0
                      Mismatch rate per base, % |	0.66%
                         Deletion rate per base |	0.36%
                        Deletion average length |	1.00
                        Insertion rate per base |	0.00%
                       Insertion average length |	1.71
                             MULTI-MAPPING READS:
        Number of reads mapped to multiple loci |	57
             % of reads mapped to multiple loci |	0.02%
        Number of reads mapped to too many loci |	8
             % of reads mapped to too many loci |	0.00%
                                  UNMAPPED READS:
       % of reads unmapped: too many mismatches |	0.28%
                 % of reads unmapped: too short |	77.73%
                     % of reads unmapped: other |	0.00%
                                  CHIMERIC READS:
                       Number of chimeric reads |	3
                            % of chimeric reads |	0.00%
