                                 Started job on |	May 10 07:56:39
                             Started mapping on |	May 10 07:56:40
                                    Finished on |	May 10 07:59:43
       Mapping speed, Million of reads per hour |	7.47

                          Number of input reads |	379740
                      Average input read length |	202
                                    UNIQUE READS:
                   Uniquely mapped reads number |	108201
                        Uniquely mapped reads % |	28.49%
                          Average mapped length |	194.48
                       Number of splices: Total |	311530
            Number of splices: Annotated (sjdb) |	310038
                       Number of splices: GT/AG |	311214
                       Number of splices: GC/AG |	316
                       Number of splices: AT/AC |	0
               Number of splices: Non-canonical |	0
                      Mismatch rate per base, % |	0.78%
                         Deletion rate per base |	0.31%
                        Deletion average length |	1.00
                        Insertion rate per base |	0.10%
                       Insertion average length |	11.45
                             MULTI-MAPPING READS:
        Number of reads mapped to multiple loci |	291
             % of reads mapped to multiple loci |	0.08%
        Number of reads mapped to too many loci |	11
             % of reads mapped to too many loci |	0.00%
                                  UNMAPPED READS:
       % of reads unmapped: too many mismatches |	0.57%
                 % of reads unmapped: too short |	70.85%
                     % of reads unmapped: other |	0.00%
                                  CHIMERIC READS:
                       Number of chimeric reads |	29
                            % of chimeric reads |	0.01%
