                                 Started job on |	May 07 05:50:33
                             Started mapping on |	May 07 05:50:34
                                    Finished on |	May 07 05:54:57
       Mapping speed, Million of reads per hour |	1.88

                          Number of input reads |	137386
                      Average input read length |	202
                                    UNIQUE READS:
                   Uniquely mapped reads number |	32116
                        Uniquely mapped reads % |	23.38%
                          Average mapped length |	194.73
                       Number of splices: Total |	92352
            Number of splices: Annotated (sjdb) |	91788
                       Number of splices: GT/AG |	92269
                       Number of splices: GC/AG |	83
                       Number of splices: AT/AC |	0
               Number of splices: Non-canonical |	0
                      Mismatch rate per base, % |	0.76%
                         Deletion rate per base |	0.31%
                        Deletion average length |	1.00
                        Insertion rate per base |	0.08%
                       Insertion average length |	11.38
                             MULTI-MAPPING READS:
        Number of reads mapped to multiple loci |	69
             % of reads mapped to multiple loci |	0.05%
        Number of reads mapped to too many loci |	5
             % of reads mapped to too many loci |	0.00%
                                  UNMAPPED READS:
       % of reads unmapped: too many mismatches |	0.40%
                 % of reads unmapped: too short |	76.17%
                     % of reads unmapped: other |	0.00%
                                  CHIMERIC READS:
                       Number of chimeric reads |	8
                            % of chimeric reads |	0.01%
