                                 Started job on |	May 10 18:05:17
                             Started mapping on |	May 10 18:05:18
                                    Finished on |	May 10 18:07:23
       Mapping speed, Million of reads per hour |	9.13

                          Number of input reads |	316964
                      Average input read length |	202
                                    UNIQUE READS:
                   Uniquely mapped reads number |	76228
                        Uniquely mapped reads % |	24.05%
                          Average mapped length |	195.24
                       Number of splices: Total |	214899
            Number of splices: Annotated (sjdb) |	213758
                       Number of splices: GT/AG |	214765
                       Number of splices: GC/AG |	134
                       Number of splices: AT/AC |	0
               Number of splices: Non-canonical |	0
                      Mismatch rate per base, % |	0.73%
                         Deletion rate per base |	0.32%
                        Deletion average length |	1.00
                        Insertion rate per base |	0.06%
                       Insertion average length |	10.88
                             MULTI-MAPPING READS:
        Number of reads mapped to multiple loci |	143
             % of reads mapped to multiple loci |	0.05%
        Number of reads mapped to too many loci |	3
             % of reads mapped to too many loci |	0.00%
                                  UNMAPPED READS:
       % of reads unmapped: too many mismatches |	0.44%
                 % of reads unmapped: too short |	75.46%
                     % of reads unmapped: other |	0.00%
                                  CHIMERIC READS:
                       Number of chimeric reads |	6
                            % of chimeric reads |	0.00%
