                                 Started job on |	May 09 06:06:35
                             Started mapping on |	May 09 06:06:36
                                    Finished on |	May 09 06:09:48
       Mapping speed, Million of reads per hour |	5.46

                          Number of input reads |	291411
                      Average input read length |	202
                                    UNIQUE READS:
                   Uniquely mapped reads number |	54160
                        Uniquely mapped reads % |	18.59%
                          Average mapped length |	195.15
                       Number of splices: Total |	153830
            Number of splices: Annotated (sjdb) |	152994
                       Number of splices: GT/AG |	153725
                       Number of splices: GC/AG |	105
                       Number of splices: AT/AC |	0
               Number of splices: Non-canonical |	0
                      Mismatch rate per base, % |	0.71%
                         Deletion rate per base |	0.33%
                        Deletion average length |	1.00
                        Insertion rate per base |	0.07%
                       Insertion average length |	10.70
                             MULTI-MAPPING READS:
        Number of reads mapped to multiple loci |	115
             % of reads mapped to multiple loci |	0.04%
        Number of reads mapped to too many loci |	10
             % of reads mapped to too many loci |	0.00%
                                  UNMAPPED READS:
       % of reads unmapped: too many mismatches |	0.33%
                 % of reads unmapped: too short |	81.04%
                     % of reads unmapped: other |	0.00%
                                  CHIMERIC READS:
                       Number of chimeric reads |	9
                            % of chimeric reads |	0.00%
