                                 Started job on |	May 11 11:47:19
                             Started mapping on |	May 11 11:47:21
                                    Finished on |	May 11 11:49:59
       Mapping speed, Million of reads per hour |	4.88

                          Number of input reads |	214046
                      Average input read length |	202
                                    UNIQUE READS:
                   Uniquely mapped reads number |	57611
                        Uniquely mapped reads % |	26.92%
                          Average mapped length |	196.26
                       Number of splices: Total |	123725
            Number of splices: Annotated (sjdb) |	122372
                       Number of splices: GT/AG |	123597
                       Number of splices: GC/AG |	128
                       Number of splices: AT/AC |	0
               Number of splices: Non-canonical |	0
                      Mismatch rate per base, % |	0.69%
                         Deletion rate per base |	0.36%
                        Deletion average length |	1.00
                        Insertion rate per base |	0.00%
                       Insertion average length |	1.09
                             MULTI-MAPPING READS:
        Number of reads mapped to multiple loci |	70
             % of reads mapped to multiple loci |	0.03%
        Number of reads mapped to too many loci |	10
             % of reads mapped to too many loci |	0.00%
                                  UNMAPPED READS:
       % of reads unmapped: too many mismatches |	0.45%
                 % of reads unmapped: too short |	72.60%
                     % of reads unmapped: other |	0.00%
                                  CHIMERIC READS:
                       Number of chimeric reads |	2
                            % of chimeric reads |	0.00%
