                                 Started job on |	May 10 14:07:22
                             Started mapping on |	May 10 14:07:23
                                    Finished on |	May 10 14:10:13
       Mapping speed, Million of reads per hour |	9.36

                          Number of input reads |	441941
                      Average input read length |	202
                                    UNIQUE READS:
                   Uniquely mapped reads number |	86985
                        Uniquely mapped reads % |	19.68%
                          Average mapped length |	196.28
                       Number of splices: Total |	187770
            Number of splices: Annotated (sjdb) |	185417
                       Number of splices: GT/AG |	187635
                       Number of splices: GC/AG |	135
                       Number of splices: AT/AC |	0
               Number of splices: Non-canonical |	0
                      Mismatch rate per base, % |	0.71%
                         Deletion rate per base |	0.36%
                        Deletion average length |	1.00
                        Insertion rate per base |	0.00%
                       Insertion average length |	1.20
                             MULTI-MAPPING READS:
        Number of reads mapped to multiple loci |	111
             % of reads mapped to multiple loci |	0.03%
        Number of reads mapped to too many loci |	10
             % of reads mapped to too many loci |	0.00%
                                  UNMAPPED READS:
       % of reads unmapped: too many mismatches |	0.35%
                 % of reads unmapped: too short |	79.94%
                     % of reads unmapped: other |	0.00%
                                  CHIMERIC READS:
                       Number of chimeric reads |	4
                            % of chimeric reads |	0.00%
