                                 Started job on |	May 04 14:14:45
                             Started mapping on |	May 04 14:14:46
                                    Finished on |	May 04 14:17:01
       Mapping speed, Million of reads per hour |	12.24

                          Number of input reads |	458944
                      Average input read length |	202
                                    UNIQUE READS:
                   Uniquely mapped reads number |	81104
                        Uniquely mapped reads % |	17.67%
                          Average mapped length |	196.66
                       Number of splices: Total |	173658
            Number of splices: Annotated (sjdb) |	171682
                       Number of splices: GT/AG |	173537
                       Number of splices: GC/AG |	121
                       Number of splices: AT/AC |	0
               Number of splices: Non-canonical |	0
                      Mismatch rate per base, % |	0.68%
                         Deletion rate per base |	0.37%
                        Deletion average length |	1.00
                        Insertion rate per base |	0.00%
                       Insertion average length |	1.00
                             MULTI-MAPPING READS:
        Number of reads mapped to multiple loci |	102
             % of reads mapped to multiple loci |	0.02%
        Number of reads mapped to too many loci |	9
             % of reads mapped to too many loci |	0.00%
                                  UNMAPPED READS:
       % of reads unmapped: too many mismatches |	0.26%
                 % of reads unmapped: too short |	82.04%
                     % of reads unmapped: other |	0.00%
                                  CHIMERIC READS:
                       Number of chimeric reads |	7
                            % of chimeric reads |	0.00%
