                                 Started job on |	May 08 17:21:17
                             Started mapping on |	May 08 17:21:18
                                    Finished on |	May 08 17:24:00
       Mapping speed, Million of reads per hour |	4.37

                          Number of input reads |	196509
                      Average input read length |	202
                                    UNIQUE READS:
                   Uniquely mapped reads number |	54372
                        Uniquely mapped reads % |	27.67%
                          Average mapped length |	194.68
                       Number of splices: Total |	157034
            Number of splices: Annotated (sjdb) |	156096
                       Number of splices: GT/AG |	156859
                       Number of splices: GC/AG |	175
                       Number of splices: AT/AC |	0
               Number of splices: Non-canonical |	0
                      Mismatch rate per base, % |	0.72%
                         Deletion rate per base |	0.30%
                        Deletion average length |	1.00
                        Insertion rate per base |	0.11%
                       Insertion average length |	11.35
                             MULTI-MAPPING READS:
        Number of reads mapped to multiple loci |	116
             % of reads mapped to multiple loci |	0.06%
        Number of reads mapped to too many loci |	6
             % of reads mapped to too many loci |	0.00%
                                  UNMAPPED READS:
       % of reads unmapped: too many mismatches |	0.44%
                 % of reads unmapped: too short |	71.83%
                     % of reads unmapped: other |	0.00%
                                  CHIMERIC READS:
                       Number of chimeric reads |	10
                            % of chimeric reads |	0.01%
