                                 Started job on |	May 08 16:51:01
                             Started mapping on |	May 08 16:51:02
                                    Finished on |	May 08 16:53:32
       Mapping speed, Million of reads per hour |	5.71

                          Number of input reads |	237962
                      Average input read length |	202
                                    UNIQUE READS:
                   Uniquely mapped reads number |	58892
                        Uniquely mapped reads % |	24.75%
                          Average mapped length |	195.15
                       Number of splices: Total |	172466
            Number of splices: Annotated (sjdb) |	171539
                       Number of splices: GT/AG |	172325
                       Number of splices: GC/AG |	141
                       Number of splices: AT/AC |	0
               Number of splices: Non-canonical |	0
                      Mismatch rate per base, % |	0.69%
                         Deletion rate per base |	0.31%
                        Deletion average length |	1.00
                        Insertion rate per base |	0.10%
                       Insertion average length |	11.32
                             MULTI-MAPPING READS:
        Number of reads mapped to multiple loci |	110
             % of reads mapped to multiple loci |	0.05%
        Number of reads mapped to too many loci |	0
             % of reads mapped to too many loci |	0.00%
                                  UNMAPPED READS:
       % of reads unmapped: too many mismatches |	0.41%
                 % of reads unmapped: too short |	74.80%
                     % of reads unmapped: other |	0.00%
                                  CHIMERIC READS:
                       Number of chimeric reads |	10
                            % of chimeric reads |	0.00%
