                                 Started job on |	May 09 07:04:35
                             Started mapping on |	May 09 07:04:36
                                    Finished on |	May 09 07:06:23
       Mapping speed, Million of reads per hour |	9.45

                          Number of input reads |	280777
                      Average input read length |	202
                                    UNIQUE READS:
                   Uniquely mapped reads number |	78750
                        Uniquely mapped reads % |	28.05%
                          Average mapped length |	195.07
                       Number of splices: Total |	219826
            Number of splices: Annotated (sjdb) |	218382
                       Number of splices: GT/AG |	219628
                       Number of splices: GC/AG |	198
                       Number of splices: AT/AC |	0
               Number of splices: Non-canonical |	0
                      Mismatch rate per base, % |	0.72%
                         Deletion rate per base |	0.30%
                        Deletion average length |	1.00
                        Insertion rate per base |	0.06%
                       Insertion average length |	11.11
                             MULTI-MAPPING READS:
        Number of reads mapped to multiple loci |	162
             % of reads mapped to multiple loci |	0.06%
        Number of reads mapped to too many loci |	10
             % of reads mapped to too many loci |	0.00%
                                  UNMAPPED READS:
       % of reads unmapped: too many mismatches |	0.49%
                 % of reads unmapped: too short |	71.40%
                     % of reads unmapped: other |	0.00%
                                  CHIMERIC READS:
                       Number of chimeric reads |	17
                            % of chimeric reads |	0.01%
