                                 Started job on |	May 09 02:13:09
                             Started mapping on |	May 09 02:13:11
                                    Finished on |	May 09 02:16:00
       Mapping speed, Million of reads per hour |	6.49

                          Number of input reads |	304614
                      Average input read length |	202
                                    UNIQUE READS:
                   Uniquely mapped reads number |	82168
                        Uniquely mapped reads % |	26.97%
                          Average mapped length |	194.89
                       Number of splices: Total |	236016
            Number of splices: Annotated (sjdb) |	234658
                       Number of splices: GT/AG |	235802
                       Number of splices: GC/AG |	214
                       Number of splices: AT/AC |	0
               Number of splices: Non-canonical |	0
                      Mismatch rate per base, % |	0.72%
                         Deletion rate per base |	0.30%
                        Deletion average length |	1.00
                        Insertion rate per base |	0.08%
                       Insertion average length |	11.39
                             MULTI-MAPPING READS:
        Number of reads mapped to multiple loci |	147
             % of reads mapped to multiple loci |	0.05%
        Number of reads mapped to too many loci |	10
             % of reads mapped to too many loci |	0.00%
                                  UNMAPPED READS:
       % of reads unmapped: too many mismatches |	0.45%
                 % of reads unmapped: too short |	72.53%
                     % of reads unmapped: other |	0.00%
                                  CHIMERIC READS:
                       Number of chimeric reads |	10
                            % of chimeric reads |	0.00%
