                                 Started job on |	May 09 05:00:46
                             Started mapping on |	May 09 05:00:51
                                    Finished on |	May 09 05:03:43
       Mapping speed, Million of reads per hour |	4.76

                          Number of input reads |	227510
                      Average input read length |	202
                                    UNIQUE READS:
                   Uniquely mapped reads number |	34824
                        Uniquely mapped reads % |	15.31%
                          Average mapped length |	195.42
                       Number of splices: Total |	102592
            Number of splices: Annotated (sjdb) |	102044
                       Number of splices: GT/AG |	102529
                       Number of splices: GC/AG |	63
                       Number of splices: AT/AC |	0
               Number of splices: Non-canonical |	0
                      Mismatch rate per base, % |	0.68%
                         Deletion rate per base |	0.33%
                        Deletion average length |	1.00
                        Insertion rate per base |	0.07%
                       Insertion average length |	10.75
                             MULTI-MAPPING READS:
        Number of reads mapped to multiple loci |	64
             % of reads mapped to multiple loci |	0.03%
        Number of reads mapped to too many loci |	5
             % of reads mapped to too many loci |	0.00%
                                  UNMAPPED READS:
       % of reads unmapped: too many mismatches |	0.26%
                 % of reads unmapped: too short |	84.40%
                     % of reads unmapped: other |	0.00%
                                  CHIMERIC READS:
                       Number of chimeric reads |	5
                            % of chimeric reads |	0.00%
