                                 Started job on |	May 10 11:42:37
                             Started mapping on |	May 10 11:42:39
                                    Finished on |	May 10 11:45:42
       Mapping speed, Million of reads per hour |	6.45

                          Number of input reads |	328001
                      Average input read length |	202
                                    UNIQUE READS:
                   Uniquely mapped reads number |	92876
                        Uniquely mapped reads % |	28.32%
                          Average mapped length |	194.64
                       Number of splices: Total |	266449
            Number of splices: Annotated (sjdb) |	264867
                       Number of splices: GT/AG |	266191
                       Number of splices: GC/AG |	258
                       Number of splices: AT/AC |	0
               Number of splices: Non-canonical |	0
                      Mismatch rate per base, % |	0.78%
                         Deletion rate per base |	0.31%
                        Deletion average length |	1.00
                        Insertion rate per base |	0.08%
                       Insertion average length |	11.27
                             MULTI-MAPPING READS:
        Number of reads mapped to multiple loci |	227
             % of reads mapped to multiple loci |	0.07%
        Number of reads mapped to too many loci |	9
             % of reads mapped to too many loci |	0.00%
                                  UNMAPPED READS:
       % of reads unmapped: too many mismatches |	0.55%
                 % of reads unmapped: too short |	71.06%
                     % of reads unmapped: other |	0.00%
                                  CHIMERIC READS:
                       Number of chimeric reads |	19
                            % of chimeric reads |	0.01%
