                                 Started job on |	May 09 07:56:24
                             Started mapping on |	May 09 07:56:25
                                    Finished on |	May 09 07:59:19
       Mapping speed, Million of reads per hour |	4.44

                          Number of input reads |	214693
                      Average input read length |	202
                                    UNIQUE READS:
                   Uniquely mapped reads number |	53399
                        Uniquely mapped reads % |	24.87%
                          Average mapped length |	194.83
                       Number of splices: Total |	154487
            Number of splices: Annotated (sjdb) |	153783
                       Number of splices: GT/AG |	154301
                       Number of splices: GC/AG |	186
                       Number of splices: AT/AC |	0
               Number of splices: Non-canonical |	0
                      Mismatch rate per base, % |	0.76%
                         Deletion rate per base |	0.31%
                        Deletion average length |	1.00
                        Insertion rate per base |	0.09%
                       Insertion average length |	11.11
                             MULTI-MAPPING READS:
        Number of reads mapped to multiple loci |	102
             % of reads mapped to multiple loci |	0.05%
        Number of reads mapped to too many loci |	7
             % of reads mapped to too many loci |	0.00%
                                  UNMAPPED READS:
       % of reads unmapped: too many mismatches |	0.46%
                 % of reads unmapped: too short |	74.61%
                     % of reads unmapped: other |	0.00%
                                  CHIMERIC READS:
                       Number of chimeric reads |	10
                            % of chimeric reads |	0.00%
