                                 Started job on |	May 10 05:02:51
                             Started mapping on |	May 10 05:02:52
                                    Finished on |	May 10 05:05:29
       Mapping speed, Million of reads per hour |	6.07

                          Number of input reads |	264630
                      Average input read length |	202
                                    UNIQUE READS:
                   Uniquely mapped reads number |	75751
                        Uniquely mapped reads % |	28.63%
                          Average mapped length |	196.34
                       Number of splices: Total |	164029
            Number of splices: Annotated (sjdb) |	162096
                       Number of splices: GT/AG |	163893
                       Number of splices: GC/AG |	136
                       Number of splices: AT/AC |	0
               Number of splices: Non-canonical |	0
                      Mismatch rate per base, % |	0.70%
                         Deletion rate per base |	0.35%
                        Deletion average length |	1.00
                        Insertion rate per base |	0.00%
                       Insertion average length |	1.06
                             MULTI-MAPPING READS:
        Number of reads mapped to multiple loci |	86
             % of reads mapped to multiple loci |	0.03%
        Number of reads mapped to too many loci |	16
             % of reads mapped to too many loci |	0.01%
                                  UNMAPPED READS:
       % of reads unmapped: too many mismatches |	0.45%
                 % of reads unmapped: too short |	70.89%
                     % of reads unmapped: other |	0.00%
                                  CHIMERIC READS:
                       Number of chimeric reads |	8
                            % of chimeric reads |	0.00%
