                                 Started job on |	May 08 17:06:51
                             Started mapping on |	May 08 17:06:52
                                    Finished on |	May 08 17:09:27
       Mapping speed, Million of reads per hour |	5.38

                          Number of input reads |	231440
                      Average input read length |	202
                                    UNIQUE READS:
                   Uniquely mapped reads number |	59507
                        Uniquely mapped reads % |	25.71%
                          Average mapped length |	194.85
                       Number of splices: Total |	171456
            Number of splices: Annotated (sjdb) |	170627
                       Number of splices: GT/AG |	171266
                       Number of splices: GC/AG |	190
                       Number of splices: AT/AC |	0
               Number of splices: Non-canonical |	0
                      Mismatch rate per base, % |	0.71%
                         Deletion rate per base |	0.31%
                        Deletion average length |	1.00
                        Insertion rate per base |	0.09%
                       Insertion average length |	11.25
                             MULTI-MAPPING READS:
        Number of reads mapped to multiple loci |	135
             % of reads mapped to multiple loci |	0.06%
        Number of reads mapped to too many loci |	9
             % of reads mapped to too many loci |	0.00%
                                  UNMAPPED READS:
       % of reads unmapped: too many mismatches |	0.45%
                 % of reads unmapped: too short |	73.78%
                     % of reads unmapped: other |	0.00%
                                  CHIMERIC READS:
                       Number of chimeric reads |	13
                            % of chimeric reads |	0.01%
