                                 Started job on |	May 09 03:47:18
                             Started mapping on |	May 09 03:47:20
                                    Finished on |	May 09 03:51:54
       Mapping speed, Million of reads per hour |	2.35

                          Number of input reads |	178654
                      Average input read length |	202
                                    UNIQUE READS:
                   Uniquely mapped reads number |	36798
                        Uniquely mapped reads % |	20.60%
                          Average mapped length |	195.03
                       Number of splices: Total |	108791
            Number of splices: Annotated (sjdb) |	108242
                       Number of splices: GT/AG |	108700
                       Number of splices: GC/AG |	91
                       Number of splices: AT/AC |	0
               Number of splices: Non-canonical |	0
                      Mismatch rate per base, % |	0.71%
                         Deletion rate per base |	0.32%
                        Deletion average length |	1.00
                        Insertion rate per base |	0.08%
                       Insertion average length |	11.24
                             MULTI-MAPPING READS:
        Number of reads mapped to multiple loci |	82
             % of reads mapped to multiple loci |	0.05%
        Number of reads mapped to too many loci |	3
             % of reads mapped to too many loci |	0.00%
                                  UNMAPPED READS:
       % of reads unmapped: too many mismatches |	0.36%
                 % of reads unmapped: too short |	79.00%
                     % of reads unmapped: other |	0.00%
                                  CHIMERIC READS:
                       Number of chimeric reads |	10
                            % of chimeric reads |	0.01%
