                                 Started job on |	May 07 09:02:34
                             Started mapping on |	May 07 09:02:36
                                    Finished on |	May 07 09:05:39
       Mapping speed, Million of reads per hour |	5.44

                          Number of input reads |	276434
                      Average input read length |	202
                                    UNIQUE READS:
                   Uniquely mapped reads number |	61488
                        Uniquely mapped reads % |	22.24%
                          Average mapped length |	195.12
                       Number of splices: Total |	175363
            Number of splices: Annotated (sjdb) |	174373
                       Number of splices: GT/AG |	175173
                       Number of splices: GC/AG |	190
                       Number of splices: AT/AC |	0
               Number of splices: Non-canonical |	0
                      Mismatch rate per base, % |	0.73%
                         Deletion rate per base |	0.32%
                        Deletion average length |	1.00
                        Insertion rate per base |	0.10%
                       Insertion average length |	11.55
                             MULTI-MAPPING READS:
        Number of reads mapped to multiple loci |	155
             % of reads mapped to multiple loci |	0.06%
        Number of reads mapped to too many loci |	8
             % of reads mapped to too many loci |	0.00%
                                  UNMAPPED READS:
       % of reads unmapped: too many mismatches |	0.39%
                 % of reads unmapped: too short |	77.31%
                     % of reads unmapped: other |	0.00%
                                  CHIMERIC READS:
                       Number of chimeric reads |	16
                            % of chimeric reads |	0.01%
