                                 Started job on |	May 04 12:43:28
                             Started mapping on |	May 04 12:43:30
                                    Finished on |	May 04 12:47:13
       Mapping speed, Million of reads per hour |	6.39

                          Number of input reads |	396074
                      Average input read length |	202
                                    UNIQUE READS:
                   Uniquely mapped reads number |	71170
                        Uniquely mapped reads % |	17.97%
                          Average mapped length |	196.77
                       Number of splices: Total |	152385
            Number of splices: Annotated (sjdb) |	150916
                       Number of splices: GT/AG |	152322
                       Number of splices: GC/AG |	63
                       Number of splices: AT/AC |	0
               Number of splices: Non-canonical |	0
                      Mismatch rate per base, % |	0.67%
                         Deletion rate per base |	0.37%
                        Deletion average length |	1.00
                        Insertion rate per base |	0.00%
                       Insertion average length |	1.16
                             MULTI-MAPPING READS:
        Number of reads mapped to multiple loci |	73
             % of reads mapped to multiple loci |	0.02%
        Number of reads mapped to too many loci |	11
             % of reads mapped to too many loci |	0.00%
                                  UNMAPPED READS:
       % of reads unmapped: too many mismatches |	0.25%
                 % of reads unmapped: too short |	81.76%
                     % of reads unmapped: other |	0.00%
                                  CHIMERIC READS:
                       Number of chimeric reads |	1
                            % of chimeric reads |	0.00%
