                                 Started job on |	May 11 13:39:35
                             Started mapping on |	May 11 13:39:36
                                    Finished on |	May 11 13:41:51
       Mapping speed, Million of reads per hour |	5.23

                          Number of input reads |	196113
                      Average input read length |	202
                                    UNIQUE READS:
                   Uniquely mapped reads number |	52029
                        Uniquely mapped reads % |	26.53%
                          Average mapped length |	196.42
                       Number of splices: Total |	112652
            Number of splices: Annotated (sjdb) |	111669
                       Number of splices: GT/AG |	112579
                       Number of splices: GC/AG |	73
                       Number of splices: AT/AC |	0
               Number of splices: Non-canonical |	0
                      Mismatch rate per base, % |	0.72%
                         Deletion rate per base |	0.36%
                        Deletion average length |	1.00
                        Insertion rate per base |	0.00%
                       Insertion average length |	1.47
                             MULTI-MAPPING READS:
        Number of reads mapped to multiple loci |	67
             % of reads mapped to multiple loci |	0.03%
        Number of reads mapped to too many loci |	9
             % of reads mapped to too many loci |	0.00%
                                  UNMAPPED READS:
       % of reads unmapped: too many mismatches |	0.49%
                 % of reads unmapped: too short |	72.94%
                     % of reads unmapped: other |	0.00%
                                  CHIMERIC READS:
                       Number of chimeric reads |	5
                            % of chimeric reads |	0.00%
