                                 Started job on |	May 09 04:35:37
                             Started mapping on |	May 09 04:35:38
                                    Finished on |	May 09 04:39:55
       Mapping speed, Million of reads per hour |	2.61

                          Number of input reads |	186471
                      Average input read length |	202
                                    UNIQUE READS:
                   Uniquely mapped reads number |	41008
                        Uniquely mapped reads % |	21.99%
                          Average mapped length |	194.94
                       Number of splices: Total |	119411
            Number of splices: Annotated (sjdb) |	118766
                       Number of splices: GT/AG |	119318
                       Number of splices: GC/AG |	93
                       Number of splices: AT/AC |	0
               Number of splices: Non-canonical |	0
                      Mismatch rate per base, % |	0.70%
                         Deletion rate per base |	0.32%
                        Deletion average length |	1.00
                        Insertion rate per base |	0.10%
                       Insertion average length |	11.03
                             MULTI-MAPPING READS:
        Number of reads mapped to multiple loci |	87
             % of reads mapped to multiple loci |	0.05%
        Number of reads mapped to too many loci |	9
             % of reads mapped to too many loci |	0.00%
                                  UNMAPPED READS:
       % of reads unmapped: too many mismatches |	0.37%
                 % of reads unmapped: too short |	77.59%
                     % of reads unmapped: other |	0.00%
                                  CHIMERIC READS:
                       Number of chimeric reads |	5
                            % of chimeric reads |	0.00%
