                                 Started job on |	May 10 09:43:49
                             Started mapping on |	May 10 09:43:50
                                    Finished on |	May 10 09:45:44
       Mapping speed, Million of reads per hour |	7.71

                          Number of input reads |	244058
                      Average input read length |	202
                                    UNIQUE READS:
                   Uniquely mapped reads number |	59739
                        Uniquely mapped reads % |	24.48%
                          Average mapped length |	195.04
                       Number of splices: Total |	172897
            Number of splices: Annotated (sjdb) |	171891
                       Number of splices: GT/AG |	172782
                       Number of splices: GC/AG |	115
                       Number of splices: AT/AC |	0
               Number of splices: Non-canonical |	0
                      Mismatch rate per base, % |	0.74%
                         Deletion rate per base |	0.32%
                        Deletion average length |	1.00
                        Insertion rate per base |	0.07%
                       Insertion average length |	11.16
                             MULTI-MAPPING READS:
        Number of reads mapped to multiple loci |	102
             % of reads mapped to multiple loci |	0.04%
        Number of reads mapped to too many loci |	7
             % of reads mapped to too many loci |	0.00%
                                  UNMAPPED READS:
       % of reads unmapped: too many mismatches |	0.47%
                 % of reads unmapped: too short |	75.01%
                     % of reads unmapped: other |	0.00%
                                  CHIMERIC READS:
                       Number of chimeric reads |	12
                            % of chimeric reads |	0.00%
