                                 Started job on |	May 04 12:05:00
                             Started mapping on |	May 04 12:05:02
                                    Finished on |	May 04 12:07:44
       Mapping speed, Million of reads per hour |	6.85

                          Number of input reads |	308163
                      Average input read length |	202
                                    UNIQUE READS:
                   Uniquely mapped reads number |	63639
                        Uniquely mapped reads % |	20.65%
                          Average mapped length |	196.74
                       Number of splices: Total |	137098
            Number of splices: Annotated (sjdb) |	135698
                       Number of splices: GT/AG |	137024
                       Number of splices: GC/AG |	74
                       Number of splices: AT/AC |	0
               Number of splices: Non-canonical |	0
                      Mismatch rate per base, % |	0.69%
                         Deletion rate per base |	0.37%
                        Deletion average length |	1.00
                        Insertion rate per base |	0.00%
                       Insertion average length |	1.04
                             MULTI-MAPPING READS:
        Number of reads mapped to multiple loci |	65
             % of reads mapped to multiple loci |	0.02%
        Number of reads mapped to too many loci |	8
             % of reads mapped to too many loci |	0.00%
                                  UNMAPPED READS:
       % of reads unmapped: too many mismatches |	0.30%
                 % of reads unmapped: too short |	79.03%
                     % of reads unmapped: other |	0.00%
                                  CHIMERIC READS:
                       Number of chimeric reads |	2
                            % of chimeric reads |	0.00%
