                                 Started job on |	May 07 10:15:20
                             Started mapping on |	May 07 10:15:22
                                    Finished on |	May 07 10:18:11
       Mapping speed, Million of reads per hour |	6.62

                          Number of input reads |	310808
                      Average input read length |	202
                                    UNIQUE READS:
                   Uniquely mapped reads number |	75515
                        Uniquely mapped reads % |	24.30%
                          Average mapped length |	194.88
                       Number of splices: Total |	218834
            Number of splices: Annotated (sjdb) |	217730
                       Number of splices: GT/AG |	218566
                       Number of splices: GC/AG |	268
                       Number of splices: AT/AC |	0
               Number of splices: Non-canonical |	0
                      Mismatch rate per base, % |	0.73%
                         Deletion rate per base |	0.32%
                        Deletion average length |	1.00
                        Insertion rate per base |	0.10%
                       Insertion average length |	11.41
                             MULTI-MAPPING READS:
        Number of reads mapped to multiple loci |	197
             % of reads mapped to multiple loci |	0.06%
        Number of reads mapped to too many loci |	11
             % of reads mapped to too many loci |	0.00%
                                  UNMAPPED READS:
       % of reads unmapped: too many mismatches |	0.41%
                 % of reads unmapped: too short |	75.23%
                     % of reads unmapped: other |	0.00%
                                  CHIMERIC READS:
                       Number of chimeric reads |	21
                            % of chimeric reads |	0.01%
