                                 Started job on |	May 04 14:24:04
                             Started mapping on |	May 04 14:24:05
                                    Finished on |	May 04 14:26:48
       Mapping speed, Million of reads per hour |	8.69

                          Number of input reads |	393366
                      Average input read length |	202
                                    UNIQUE READS:
                   Uniquely mapped reads number |	82902
                        Uniquely mapped reads % |	21.08%
                          Average mapped length |	196.65
                       Number of splices: Total |	178055
            Number of splices: Annotated (sjdb) |	176125
                       Number of splices: GT/AG |	177952
                       Number of splices: GC/AG |	103
                       Number of splices: AT/AC |	0
               Number of splices: Non-canonical |	0
                      Mismatch rate per base, % |	0.68%
                         Deletion rate per base |	0.36%
                        Deletion average length |	1.00
                        Insertion rate per base |	0.00%
                       Insertion average length |	1.24
                             MULTI-MAPPING READS:
        Number of reads mapped to multiple loci |	112
             % of reads mapped to multiple loci |	0.03%
        Number of reads mapped to too many loci |	11
             % of reads mapped to too many loci |	0.00%
                                  UNMAPPED READS:
       % of reads unmapped: too many mismatches |	0.29%
                 % of reads unmapped: too short |	78.60%
                     % of reads unmapped: other |	0.00%
                                  CHIMERIC READS:
                       Number of chimeric reads |	5
                            % of chimeric reads |	0.00%
