                                 Started job on |	May 10 11:38:03
                             Started mapping on |	May 10 11:38:05
                                    Finished on |	May 10 11:40:44
       Mapping speed, Million of reads per hour |	7.60

                          Number of input reads |	335689
                      Average input read length |	202
                                    UNIQUE READS:
                   Uniquely mapped reads number |	98779
                        Uniquely mapped reads % |	29.43%
                          Average mapped length |	196.14
                       Number of splices: Total |	214160
            Number of splices: Annotated (sjdb) |	211704
                       Number of splices: GT/AG |	213938
                       Number of splices: GC/AG |	222
                       Number of splices: AT/AC |	0
               Number of splices: Non-canonical |	0
                      Mismatch rate per base, % |	0.70%
                         Deletion rate per base |	0.35%
                        Deletion average length |	1.00
                        Insertion rate per base |	0.00%
                       Insertion average length |	1.62
                             MULTI-MAPPING READS:
        Number of reads mapped to multiple loci |	130
             % of reads mapped to multiple loci |	0.04%
        Number of reads mapped to too many loci |	31
             % of reads mapped to too many loci |	0.01%
                                  UNMAPPED READS:
       % of reads unmapped: too many mismatches |	0.53%
                 % of reads unmapped: too short |	70.00%
                     % of reads unmapped: other |	0.00%
                                  CHIMERIC READS:
                       Number of chimeric reads |	7
                            % of chimeric reads |	0.00%
