                                 Started job on |	May 06 02:34:06
                             Started mapping on |	May 06 02:34:07
                                    Finished on |	May 06 02:36:39
       Mapping speed, Million of reads per hour |	9.55

                          Number of input reads |	403272
                      Average input read length |	202
                                    UNIQUE READS:
                   Uniquely mapped reads number |	102595
                        Uniquely mapped reads % |	25.44%
                          Average mapped length |	195.89
                       Number of splices: Total |	222525
            Number of splices: Annotated (sjdb) |	220241
                       Number of splices: GT/AG |	222460
                       Number of splices: GC/AG |	65
                       Number of splices: AT/AC |	0
               Number of splices: Non-canonical |	0
                      Mismatch rate per base, % |	0.75%
                         Deletion rate per base |	0.35%
                        Deletion average length |	1.00
                        Insertion rate per base |	0.00%
                       Insertion average length |	1.28
                             MULTI-MAPPING READS:
        Number of reads mapped to multiple loci |	146
             % of reads mapped to multiple loci |	0.04%
        Number of reads mapped to too many loci |	15
             % of reads mapped to too many loci |	0.00%
                                  UNMAPPED READS:
       % of reads unmapped: too many mismatches |	0.44%
                 % of reads unmapped: too short |	74.08%
                     % of reads unmapped: other |	0.00%
                                  CHIMERIC READS:
                       Number of chimeric reads |	8
                            % of chimeric reads |	0.00%
