                                 Started job on |	May 09 06:13:13
                             Started mapping on |	May 09 06:13:15
                                    Finished on |	May 09 06:17:56
       Mapping speed, Million of reads per hour |	3.78

                          Number of input reads |	295421
                      Average input read length |	202
                                    UNIQUE READS:
                   Uniquely mapped reads number |	57700
                        Uniquely mapped reads % |	19.53%
                          Average mapped length |	195.30
                       Number of splices: Total |	168489
            Number of splices: Annotated (sjdb) |	167468
                       Number of splices: GT/AG |	168347
                       Number of splices: GC/AG |	142
                       Number of splices: AT/AC |	0
               Number of splices: Non-canonical |	0
                      Mismatch rate per base, % |	0.69%
                         Deletion rate per base |	0.33%
                        Deletion average length |	1.00
                        Insertion rate per base |	0.08%
                       Insertion average length |	11.09
                             MULTI-MAPPING READS:
        Number of reads mapped to multiple loci |	104
             % of reads mapped to multiple loci |	0.04%
        Number of reads mapped to too many loci |	5
             % of reads mapped to too many loci |	0.00%
                                  UNMAPPED READS:
       % of reads unmapped: too many mismatches |	0.33%
                 % of reads unmapped: too short |	80.10%
                     % of reads unmapped: other |	0.00%
                                  CHIMERIC READS:
                       Number of chimeric reads |	11
                            % of chimeric reads |	0.00%
