                                 Started job on |	May 09 07:33:25
                             Started mapping on |	May 09 07:33:26
                                    Finished on |	May 09 07:37:00
       Mapping speed, Million of reads per hour |	6.35

                          Number of input reads |	377713
                      Average input read length |	202
                                    UNIQUE READS:
                   Uniquely mapped reads number |	75617
                        Uniquely mapped reads % |	20.02%
                          Average mapped length |	194.98
                       Number of splices: Total |	218515
            Number of splices: Annotated (sjdb) |	217202
                       Number of splices: GT/AG |	218337
                       Number of splices: GC/AG |	178
                       Number of splices: AT/AC |	0
               Number of splices: Non-canonical |	0
                      Mismatch rate per base, % |	0.71%
                         Deletion rate per base |	0.32%
                        Deletion average length |	1.00
                        Insertion rate per base |	0.08%
                       Insertion average length |	11.16
                             MULTI-MAPPING READS:
        Number of reads mapped to multiple loci |	170
             % of reads mapped to multiple loci |	0.05%
        Number of reads mapped to too many loci |	9
             % of reads mapped to too many loci |	0.00%
                                  UNMAPPED READS:
       % of reads unmapped: too many mismatches |	0.34%
                 % of reads unmapped: too short |	79.59%
                     % of reads unmapped: other |	0.00%
                                  CHIMERIC READS:
                       Number of chimeric reads |	11
                            % of chimeric reads |	0.00%
