                                 Started job on |	May 11 14:42:08
                             Started mapping on |	May 11 14:42:09
                                    Finished on |	May 11 14:44:31
       Mapping speed, Million of reads per hour |	7.06

                          Number of input reads |	278326
                      Average input read length |	202
                                    UNIQUE READS:
                   Uniquely mapped reads number |	77856
                        Uniquely mapped reads % |	27.97%
                          Average mapped length |	196.29
                       Number of splices: Total |	166920
            Number of splices: Annotated (sjdb) |	165105
                       Number of splices: GT/AG |	166791
                       Number of splices: GC/AG |	129
                       Number of splices: AT/AC |	0
               Number of splices: Non-canonical |	0
                      Mismatch rate per base, % |	0.72%
                         Deletion rate per base |	0.36%
                        Deletion average length |	1.00
                        Insertion rate per base |	0.00%
                       Insertion average length |	1.41
                             MULTI-MAPPING READS:
        Number of reads mapped to multiple loci |	99
             % of reads mapped to multiple loci |	0.04%
        Number of reads mapped to too many loci |	15
             % of reads mapped to too many loci |	0.01%
                                  UNMAPPED READS:
       % of reads unmapped: too many mismatches |	0.46%
                 % of reads unmapped: too short |	71.52%
                     % of reads unmapped: other |	0.00%
                                  CHIMERIC READS:
                       Number of chimeric reads |	7
                            % of chimeric reads |	0.00%
