                                 Started job on |	May 09 05:51:56
                             Started mapping on |	May 09 05:51:58
                                    Finished on |	May 09 05:54:55
       Mapping speed, Million of reads per hour |	5.29

                          Number of input reads |	260208
                      Average input read length |	202
                                    UNIQUE READS:
                   Uniquely mapped reads number |	69394
                        Uniquely mapped reads % |	26.67%
                          Average mapped length |	194.97
                       Number of splices: Total |	205578
            Number of splices: Annotated (sjdb) |	204536
                       Number of splices: GT/AG |	205422
                       Number of splices: GC/AG |	156
                       Number of splices: AT/AC |	0
               Number of splices: Non-canonical |	0
                      Mismatch rate per base, % |	0.71%
                         Deletion rate per base |	0.31%
                        Deletion average length |	1.00
                        Insertion rate per base |	0.09%
                       Insertion average length |	11.31
                             MULTI-MAPPING READS:
        Number of reads mapped to multiple loci |	134
             % of reads mapped to multiple loci |	0.05%
        Number of reads mapped to too many loci |	9
             % of reads mapped to too many loci |	0.00%
                                  UNMAPPED READS:
       % of reads unmapped: too many mismatches |	0.46%
                 % of reads unmapped: too short |	72.81%
                     % of reads unmapped: other |	0.00%
                                  CHIMERIC READS:
                       Number of chimeric reads |	18
                            % of chimeric reads |	0.01%
