                                 Started job on |	May 11 13:08:59
                             Started mapping on |	May 11 13:09:01
                                    Finished on |	May 11 13:11:26
       Mapping speed, Million of reads per hour |	7.44

                          Number of input reads |	299489
                      Average input read length |	202
                                    UNIQUE READS:
                   Uniquely mapped reads number |	91113
                        Uniquely mapped reads % |	30.42%
                          Average mapped length |	196.28
                       Number of splices: Total |	196948
            Number of splices: Annotated (sjdb) |	194716
                       Number of splices: GT/AG |	196801
                       Number of splices: GC/AG |	147
                       Number of splices: AT/AC |	0
               Number of splices: Non-canonical |	0
                      Mismatch rate per base, % |	0.72%
                         Deletion rate per base |	0.36%
                        Deletion average length |	1.00
                        Insertion rate per base |	0.00%
                       Insertion average length |	1.13
                             MULTI-MAPPING READS:
        Number of reads mapped to multiple loci |	134
             % of reads mapped to multiple loci |	0.04%
        Number of reads mapped to too many loci |	18
             % of reads mapped to too many loci |	0.01%
                                  UNMAPPED READS:
       % of reads unmapped: too many mismatches |	0.54%
                 % of reads unmapped: too short |	68.99%
                     % of reads unmapped: other |	0.00%
                                  CHIMERIC READS:
                       Number of chimeric reads |	8
                            % of chimeric reads |	0.00%
