                                 Started job on |	May 07 09:52:18
                             Started mapping on |	May 07 09:52:19
                                    Finished on |	May 07 09:55:08
       Mapping speed, Million of reads per hour |	8.06

                          Number of input reads |	378427
                      Average input read length |	202
                                    UNIQUE READS:
                   Uniquely mapped reads number |	81468
                        Uniquely mapped reads % |	21.53%
                          Average mapped length |	195.09
                       Number of splices: Total |	240353
            Number of splices: Annotated (sjdb) |	239083
                       Number of splices: GT/AG |	240136
                       Number of splices: GC/AG |	217
                       Number of splices: AT/AC |	0
               Number of splices: Non-canonical |	0
                      Mismatch rate per base, % |	0.72%
                         Deletion rate per base |	0.33%
                        Deletion average length |	1.00
                        Insertion rate per base |	0.08%
                       Insertion average length |	11.35
                             MULTI-MAPPING READS:
        Number of reads mapped to multiple loci |	168
             % of reads mapped to multiple loci |	0.04%
        Number of reads mapped to too many loci |	9
             % of reads mapped to too many loci |	0.00%
                                  UNMAPPED READS:
       % of reads unmapped: too many mismatches |	0.37%
                 % of reads unmapped: too short |	78.06%
                     % of reads unmapped: other |	0.00%
                                  CHIMERIC READS:
                       Number of chimeric reads |	24
                            % of chimeric reads |	0.01%
