                                 Started job on |	May 08 14:55:30
                             Started mapping on |	May 08 14:55:31
                                    Finished on |	May 08 14:58:24
       Mapping speed, Million of reads per hour |	3.99

                          Number of input reads |	191511
                      Average input read length |	202
                                    UNIQUE READS:
                   Uniquely mapped reads number |	50685
                        Uniquely mapped reads % |	26.47%
                          Average mapped length |	194.94
                       Number of splices: Total |	147851
            Number of splices: Annotated (sjdb) |	147042
                       Number of splices: GT/AG |	147719
                       Number of splices: GC/AG |	132
                       Number of splices: AT/AC |	0
               Number of splices: Non-canonical |	0
                      Mismatch rate per base, % |	0.72%
                         Deletion rate per base |	0.31%
                        Deletion average length |	1.00
                        Insertion rate per base |	0.09%
                       Insertion average length |	11.44
                             MULTI-MAPPING READS:
        Number of reads mapped to multiple loci |	113
             % of reads mapped to multiple loci |	0.06%
        Number of reads mapped to too many loci |	7
             % of reads mapped to too many loci |	0.00%
                                  UNMAPPED READS:
       % of reads unmapped: too many mismatches |	0.46%
                 % of reads unmapped: too short |	73.01%
                     % of reads unmapped: other |	0.00%
                                  CHIMERIC READS:
                       Number of chimeric reads |	14
                            % of chimeric reads |	0.01%
