                                 Started job on |	May 08 18:19:48
                             Started mapping on |	May 08 18:19:48
                                    Finished on |	May 08 18:21:51
       Mapping speed, Million of reads per hour |	6.06

                          Number of input reads |	206994
                      Average input read length |	202
                                    UNIQUE READS:
                   Uniquely mapped reads number |	57999
                        Uniquely mapped reads % |	28.02%
                          Average mapped length |	194.84
                       Number of splices: Total |	166853
            Number of splices: Annotated (sjdb) |	165897
                       Number of splices: GT/AG |	166700
                       Number of splices: GC/AG |	153
                       Number of splices: AT/AC |	0
               Number of splices: Non-canonical |	0
                      Mismatch rate per base, % |	0.71%
                         Deletion rate per base |	0.30%
                        Deletion average length |	1.00
                        Insertion rate per base |	0.09%
                       Insertion average length |	11.17
                             MULTI-MAPPING READS:
        Number of reads mapped to multiple loci |	141
             % of reads mapped to multiple loci |	0.07%
        Number of reads mapped to too many loci |	8
             % of reads mapped to too many loci |	0.00%
                                  UNMAPPED READS:
       % of reads unmapped: too many mismatches |	0.45%
                 % of reads unmapped: too short |	71.46%
                     % of reads unmapped: other |	0.00%
                                  CHIMERIC READS:
                       Number of chimeric reads |	12
                            % of chimeric reads |	0.01%
