                                 Started job on |	May 10 14:12:06
                             Started mapping on |	May 10 14:12:08
                                    Finished on |	May 10 14:14:10
       Mapping speed, Million of reads per hour |	10.14

                          Number of input reads |	343526
                      Average input read length |	202
                                    UNIQUE READS:
                   Uniquely mapped reads number |	71101
                        Uniquely mapped reads % |	20.70%
                          Average mapped length |	195.59
                       Number of splices: Total |	155670
            Number of splices: Annotated (sjdb) |	153519
                       Number of splices: GT/AG |	155557
                       Number of splices: GC/AG |	113
                       Number of splices: AT/AC |	0
               Number of splices: Non-canonical |	0
                      Mismatch rate per base, % |	0.75%
                         Deletion rate per base |	0.34%
                        Deletion average length |	1.00
                        Insertion rate per base |	0.00%
                       Insertion average length |	1.04
                             MULTI-MAPPING READS:
        Number of reads mapped to multiple loci |	10334
             % of reads mapped to multiple loci |	3.01%
        Number of reads mapped to too many loci |	18
             % of reads mapped to too many loci |	0.01%
                                  UNMAPPED READS:
       % of reads unmapped: too many mismatches |	0.39%
                 % of reads unmapped: too short |	75.90%
                     % of reads unmapped: other |	0.00%
                                  CHIMERIC READS:
                       Number of chimeric reads |	2
                            % of chimeric reads |	0.00%
