                                 Started job on |	May 10 22:27:32
                             Started mapping on |	May 10 22:27:34
                                    Finished on |	May 10 22:30:17
       Mapping speed, Million of reads per hour |	7.79

                          Number of input reads |	352781
                      Average input read length |	202
                                    UNIQUE READS:
                   Uniquely mapped reads number |	69835
                        Uniquely mapped reads % |	19.80%
                          Average mapped length |	196.49
                       Number of splices: Total |	152170
            Number of splices: Annotated (sjdb) |	150615
                       Number of splices: GT/AG |	152065
                       Number of splices: GC/AG |	105
                       Number of splices: AT/AC |	0
               Number of splices: Non-canonical |	0
                      Mismatch rate per base, % |	0.69%
                         Deletion rate per base |	0.36%
                        Deletion average length |	1.00
                        Insertion rate per base |	0.00%
                       Insertion average length |	1.11
                             MULTI-MAPPING READS:
        Number of reads mapped to multiple loci |	86
             % of reads mapped to multiple loci |	0.02%
        Number of reads mapped to too many loci |	5
             % of reads mapped to too many loci |	0.00%
                                  UNMAPPED READS:
       % of reads unmapped: too many mismatches |	0.33%
                 % of reads unmapped: too short |	79.84%
                     % of reads unmapped: other |	0.00%
                                  CHIMERIC READS:
                       Number of chimeric reads |	9
                            % of chimeric reads |	0.00%
