                                 Started job on |	May 06 00:40:53
                             Started mapping on |	May 06 00:40:54
                                    Finished on |	May 06 00:43:23
       Mapping speed, Million of reads per hour |	6.47

                          Number of input reads |	267629
                      Average input read length |	202
                                    UNIQUE READS:
                   Uniquely mapped reads number |	33835
                        Uniquely mapped reads % |	12.64%
                          Average mapped length |	196.30
                       Number of splices: Total |	73869
            Number of splices: Annotated (sjdb) |	73102
                       Number of splices: GT/AG |	73854
                       Number of splices: GC/AG |	15
                       Number of splices: AT/AC |	0
               Number of splices: Non-canonical |	0
                      Mismatch rate per base, % |	0.74%
                         Deletion rate per base |	0.36%
                        Deletion average length |	1.00
                        Insertion rate per base |	0.00%
                       Insertion average length |	1.00
                             MULTI-MAPPING READS:
        Number of reads mapped to multiple loci |	54
             % of reads mapped to multiple loci |	0.02%
        Number of reads mapped to too many loci |	6
             % of reads mapped to too many loci |	0.00%
                                  UNMAPPED READS:
       % of reads unmapped: too many mismatches |	0.21%
                 % of reads unmapped: too short |	87.13%
                     % of reads unmapped: other |	0.00%
                                  CHIMERIC READS:
                       Number of chimeric reads |	3
                            % of chimeric reads |	0.00%
