                                 Started job on |	May 04 11:58:00
                             Started mapping on |	May 04 11:58:01
                                    Finished on |	May 04 12:00:10
       Mapping speed, Million of reads per hour |	6.60

                          Number of input reads |	236647
                      Average input read length |	202
                                    UNIQUE READS:
                   Uniquely mapped reads number |	54058
                        Uniquely mapped reads % |	22.84%
                          Average mapped length |	196.49
                       Number of splices: Total |	117088
            Number of splices: Annotated (sjdb) |	115763
                       Number of splices: GT/AG |	117035
                       Number of splices: GC/AG |	53
                       Number of splices: AT/AC |	0
               Number of splices: Non-canonical |	0
                      Mismatch rate per base, % |	0.68%
                         Deletion rate per base |	0.36%
                        Deletion average length |	1.00
                        Insertion rate per base |	0.00%
                       Insertion average length |	1.10
                             MULTI-MAPPING READS:
        Number of reads mapped to multiple loci |	56
             % of reads mapped to multiple loci |	0.02%
        Number of reads mapped to too many loci |	9
             % of reads mapped to too many loci |	0.00%
                                  UNMAPPED READS:
       % of reads unmapped: too many mismatches |	0.33%
                 % of reads unmapped: too short |	76.80%
                     % of reads unmapped: other |	0.00%
                                  CHIMERIC READS:
                       Number of chimeric reads |	4
                            % of chimeric reads |	0.00%
