                                 Started job on |	May 07 09:38:26
                             Started mapping on |	May 07 09:38:27
                                    Finished on |	May 07 09:41:47
       Mapping speed, Million of reads per hour |	6.27

                          Number of input reads |	348121
                      Average input read length |	202
                                    UNIQUE READS:
                   Uniquely mapped reads number |	76104
                        Uniquely mapped reads % |	21.86%
                          Average mapped length |	194.82
                       Number of splices: Total |	223798
            Number of splices: Annotated (sjdb) |	222624
                       Number of splices: GT/AG |	223600
                       Number of splices: GC/AG |	198
                       Number of splices: AT/AC |	0
               Number of splices: Non-canonical |	0
                      Mismatch rate per base, % |	0.75%
                         Deletion rate per base |	0.32%
                        Deletion average length |	1.00
                        Insertion rate per base |	0.09%
                       Insertion average length |	11.22
                             MULTI-MAPPING READS:
        Number of reads mapped to multiple loci |	184
             % of reads mapped to multiple loci |	0.05%
        Number of reads mapped to too many loci |	11
             % of reads mapped to too many loci |	0.00%
                                  UNMAPPED READS:
       % of reads unmapped: too many mismatches |	0.38%
                 % of reads unmapped: too short |	77.70%
                     % of reads unmapped: other |	0.00%
                                  CHIMERIC READS:
                       Number of chimeric reads |	11
                            % of chimeric reads |	0.00%
