                                 Started job on |	May 11 14:52:01
                             Started mapping on |	May 11 14:52:02
                                    Finished on |	May 11 14:54:30
       Mapping speed, Million of reads per hour |	5.99

                          Number of input reads |	246187
                      Average input read length |	202
                                    UNIQUE READS:
                   Uniquely mapped reads number |	72070
                        Uniquely mapped reads % |	29.27%
                          Average mapped length |	196.23
                       Number of splices: Total |	155198
            Number of splices: Annotated (sjdb) |	153454
                       Number of splices: GT/AG |	155069
                       Number of splices: GC/AG |	129
                       Number of splices: AT/AC |	0
               Number of splices: Non-canonical |	0
                      Mismatch rate per base, % |	0.72%
                         Deletion rate per base |	0.36%
                        Deletion average length |	1.00
                        Insertion rate per base |	0.00%
                       Insertion average length |	1.06
                             MULTI-MAPPING READS:
        Number of reads mapped to multiple loci |	93
             % of reads mapped to multiple loci |	0.04%
        Number of reads mapped to too many loci |	16
             % of reads mapped to too many loci |	0.01%
                                  UNMAPPED READS:
       % of reads unmapped: too many mismatches |	0.50%
                 % of reads unmapped: too short |	70.19%
                     % of reads unmapped: other |	0.00%
                                  CHIMERIC READS:
                       Number of chimeric reads |	3
                            % of chimeric reads |	0.00%
