                                 Started job on |	May 05 23:21:35
                             Started mapping on |	May 05 23:21:37
                                    Finished on |	May 05 23:24:05
       Mapping speed, Million of reads per hour |	4.76

                          Number of input reads |	195611
                      Average input read length |	202
                                    UNIQUE READS:
                   Uniquely mapped reads number |	43381
                        Uniquely mapped reads % |	22.18%
                          Average mapped length |	196.07
                       Number of splices: Total |	94253
            Number of splices: Annotated (sjdb) |	93182
                       Number of splices: GT/AG |	94232
                       Number of splices: GC/AG |	21
                       Number of splices: AT/AC |	0
               Number of splices: Non-canonical |	0
                      Mismatch rate per base, % |	0.75%
                         Deletion rate per base |	0.35%
                        Deletion average length |	1.00
                        Insertion rate per base |	0.00%
                       Insertion average length |	1.05
                             MULTI-MAPPING READS:
        Number of reads mapped to multiple loci |	54
             % of reads mapped to multiple loci |	0.03%
        Number of reads mapped to too many loci |	6
             % of reads mapped to too many loci |	0.00%
                                  UNMAPPED READS:
       % of reads unmapped: too many mismatches |	0.37%
                 % of reads unmapped: too short |	77.42%
                     % of reads unmapped: other |	0.00%
                                  CHIMERIC READS:
                       Number of chimeric reads |	1
                            % of chimeric reads |	0.00%
