                                 Started job on |	May 10 13:10:02
                             Started mapping on |	May 10 13:10:04
                                    Finished on |	May 10 13:12:54
       Mapping speed, Million of reads per hour |	3.46

                          Number of input reads |	163479
                      Average input read length |	202
                                    UNIQUE READS:
                   Uniquely mapped reads number |	39436
                        Uniquely mapped reads % |	24.12%
                          Average mapped length |	196.46
                       Number of splices: Total |	85012
            Number of splices: Annotated (sjdb) |	84126
                       Number of splices: GT/AG |	84951
                       Number of splices: GC/AG |	61
                       Number of splices: AT/AC |	0
               Number of splices: Non-canonical |	0
                      Mismatch rate per base, % |	0.71%
                         Deletion rate per base |	0.36%
                        Deletion average length |	1.00
                        Insertion rate per base |	0.00%
                       Insertion average length |	1.10
                             MULTI-MAPPING READS:
        Number of reads mapped to multiple loci |	50
             % of reads mapped to multiple loci |	0.03%
        Number of reads mapped to too many loci |	8
             % of reads mapped to too many loci |	0.00%
                                  UNMAPPED READS:
       % of reads unmapped: too many mismatches |	0.42%
                 % of reads unmapped: too short |	75.42%
                     % of reads unmapped: other |	0.00%
                                  CHIMERIC READS:
                       Number of chimeric reads |	3
                            % of chimeric reads |	0.00%
