                                 Started job on |	May 07 07:03:25
                             Started mapping on |	May 07 07:03:27
                                    Finished on |	May 07 07:08:05
       Mapping speed, Million of reads per hour |	2.78

                          Number of input reads |	214495
                      Average input read length |	202
                                    UNIQUE READS:
                   Uniquely mapped reads number |	53639
                        Uniquely mapped reads % |	25.01%
                          Average mapped length |	194.85
                       Number of splices: Total |	153818
            Number of splices: Annotated (sjdb) |	152976
                       Number of splices: GT/AG |	153653
                       Number of splices: GC/AG |	165
                       Number of splices: AT/AC |	0
               Number of splices: Non-canonical |	0
                      Mismatch rate per base, % |	0.74%
                         Deletion rate per base |	0.32%
                        Deletion average length |	1.00
                        Insertion rate per base |	0.09%
                       Insertion average length |	11.17
                             MULTI-MAPPING READS:
        Number of reads mapped to multiple loci |	141
             % of reads mapped to multiple loci |	0.07%
        Number of reads mapped to too many loci |	2
             % of reads mapped to too many loci |	0.00%
                                  UNMAPPED READS:
       % of reads unmapped: too many mismatches |	0.44%
                 % of reads unmapped: too short |	74.49%
                     % of reads unmapped: other |	0.00%
                                  CHIMERIC READS:
                       Number of chimeric reads |	9
                            % of chimeric reads |	0.00%
