                                 Started job on |	May 04 15:16:07
                             Started mapping on |	May 04 15:16:09
                                    Finished on |	May 04 15:18:39
       Mapping speed, Million of reads per hour |	7.57

                          Number of input reads |	315424
                      Average input read length |	202
                                    UNIQUE READS:
                   Uniquely mapped reads number |	65061
                        Uniquely mapped reads % |	20.63%
                          Average mapped length |	196.65
                       Number of splices: Total |	139638
            Number of splices: Annotated (sjdb) |	138157
                       Number of splices: GT/AG |	139583
                       Number of splices: GC/AG |	55
                       Number of splices: AT/AC |	0
               Number of splices: Non-canonical |	0
                      Mismatch rate per base, % |	0.68%
                         Deletion rate per base |	0.36%
                        Deletion average length |	1.00
                        Insertion rate per base |	0.00%
                       Insertion average length |	1.37
                             MULTI-MAPPING READS:
        Number of reads mapped to multiple loci |	72
             % of reads mapped to multiple loci |	0.02%
        Number of reads mapped to too many loci |	12
             % of reads mapped to too many loci |	0.00%
                                  UNMAPPED READS:
       % of reads unmapped: too many mismatches |	0.33%
                 % of reads unmapped: too short |	79.02%
                     % of reads unmapped: other |	0.00%
                                  CHIMERIC READS:
                       Number of chimeric reads |	2
                            % of chimeric reads |	0.00%
