                                 Started job on |	May 06 03:20:15
                             Started mapping on |	May 06 03:20:16
                                    Finished on |	May 06 03:22:25
       Mapping speed, Million of reads per hour |	8.37

                          Number of input reads |	299920
                      Average input read length |	202
                                    UNIQUE READS:
                   Uniquely mapped reads number |	79705
                        Uniquely mapped reads % |	26.58%
                          Average mapped length |	195.84
                       Number of splices: Total |	169773
            Number of splices: Annotated (sjdb) |	167808
                       Number of splices: GT/AG |	169718
                       Number of splices: GC/AG |	55
                       Number of splices: AT/AC |	0
               Number of splices: Non-canonical |	0
                      Mismatch rate per base, % |	0.74%
                         Deletion rate per base |	0.35%
                        Deletion average length |	1.00
                        Insertion rate per base |	0.00%
                       Insertion average length |	1.09
                             MULTI-MAPPING READS:
        Number of reads mapped to multiple loci |	99
             % of reads mapped to multiple loci |	0.03%
        Number of reads mapped to too many loci |	12
             % of reads mapped to too many loci |	0.00%
                                  UNMAPPED READS:
       % of reads unmapped: too many mismatches |	0.46%
                 % of reads unmapped: too short |	72.93%
                     % of reads unmapped: other |	0.00%
                                  CHIMERIC READS:
                       Number of chimeric reads |	8
                            % of chimeric reads |	0.00%
