                                 Started job on |	May 08 22:56:30
                             Started mapping on |	May 08 22:56:31
                                    Finished on |	May 08 22:58:28
       Mapping speed, Million of reads per hour |	2.87

                          Number of input reads |	93397
                      Average input read length |	202
                                    UNIQUE READS:
                   Uniquely mapped reads number |	28530
                        Uniquely mapped reads % |	30.55%
                          Average mapped length |	194.72
                       Number of splices: Total |	79600
            Number of splices: Annotated (sjdb) |	79102
                       Number of splices: GT/AG |	79516
                       Number of splices: GC/AG |	84
                       Number of splices: AT/AC |	0
               Number of splices: Non-canonical |	0
                      Mismatch rate per base, % |	0.74%
                         Deletion rate per base |	0.30%
                        Deletion average length |	1.00
                        Insertion rate per base |	0.08%
                       Insertion average length |	11.14
                             MULTI-MAPPING READS:
        Number of reads mapped to multiple loci |	68
             % of reads mapped to multiple loci |	0.07%
        Number of reads mapped to too many loci |	2
             % of reads mapped to too many loci |	0.00%
                                  UNMAPPED READS:
       % of reads unmapped: too many mismatches |	0.56%
                 % of reads unmapped: too short |	68.81%
                     % of reads unmapped: other |	0.01%
                                  CHIMERIC READS:
                       Number of chimeric reads |	3
                            % of chimeric reads |	0.00%
