                                 Started job on |	May 04 13:46:33
                             Started mapping on |	May 04 13:46:34
                                    Finished on |	May 04 13:49:07
       Mapping speed, Million of reads per hour |	4.75

                          Number of input reads |	201870
                      Average input read length |	202
                                    UNIQUE READS:
                   Uniquely mapped reads number |	33463
                        Uniquely mapped reads % |	16.58%
                          Average mapped length |	196.74
                       Number of splices: Total |	71343
            Number of splices: Annotated (sjdb) |	70570
                       Number of splices: GT/AG |	71308
                       Number of splices: GC/AG |	35
                       Number of splices: AT/AC |	0
               Number of splices: Non-canonical |	0
                      Mismatch rate per base, % |	0.66%
                         Deletion rate per base |	0.37%
                        Deletion average length |	1.00
                        Insertion rate per base |	0.00%
                       Insertion average length |	1.35
                             MULTI-MAPPING READS:
        Number of reads mapped to multiple loci |	28
             % of reads mapped to multiple loci |	0.01%
        Number of reads mapped to too many loci |	2
             % of reads mapped to too many loci |	0.00%
                                  UNMAPPED READS:
       % of reads unmapped: too many mismatches |	0.21%
                 % of reads unmapped: too short |	83.20%
                     % of reads unmapped: other |	0.00%
                                  CHIMERIC READS:
                       Number of chimeric reads |	0
                            % of chimeric reads |	0.00%
