                                 Started job on |	May 10 07:53:05
                             Started mapping on |	May 10 07:53:06
                                    Finished on |	May 10 07:56:19
       Mapping speed, Million of reads per hour |	5.25

                          Number of input reads |	281486
                      Average input read length |	202
                                    UNIQUE READS:
                   Uniquely mapped reads number |	84753
                        Uniquely mapped reads % |	30.11%
                          Average mapped length |	194.98
                       Number of splices: Total |	240711
            Number of splices: Annotated (sjdb) |	239515
                       Number of splices: GT/AG |	240468
                       Number of splices: GC/AG |	243
                       Number of splices: AT/AC |	0
               Number of splices: Non-canonical |	0
                      Mismatch rate per base, % |	0.76%
                         Deletion rate per base |	0.31%
                        Deletion average length |	1.01
                        Insertion rate per base |	0.07%
                       Insertion average length |	11.12
                             MULTI-MAPPING READS:
        Number of reads mapped to multiple loci |	159
             % of reads mapped to multiple loci |	0.06%
        Number of reads mapped to too many loci |	12
             % of reads mapped to too many loci |	0.00%
                                  UNMAPPED READS:
       % of reads unmapped: too many mismatches |	0.57%
                 % of reads unmapped: too short |	69.26%
                     % of reads unmapped: other |	0.00%
                                  CHIMERIC READS:
                       Number of chimeric reads |	16
                            % of chimeric reads |	0.01%
