                                 Started job on |	May 10 14:23:40
                             Started mapping on |	May 10 14:23:41
                                    Finished on |	May 10 14:26:06
       Mapping speed, Million of reads per hour |	9.65

                          Number of input reads |	388798
                      Average input read length |	202
                                    UNIQUE READS:
                   Uniquely mapped reads number |	82127
                        Uniquely mapped reads % |	21.12%
                          Average mapped length |	196.49
                       Number of splices: Total |	175733
            Number of splices: Annotated (sjdb) |	174071
                       Number of splices: GT/AG |	175544
                       Number of splices: GC/AG |	189
                       Number of splices: AT/AC |	0
               Number of splices: Non-canonical |	0
                      Mismatch rate per base, % |	0.70%
                         Deletion rate per base |	0.36%
                        Deletion average length |	1.00
                        Insertion rate per base |	0.00%
                       Insertion average length |	1.08
                             MULTI-MAPPING READS:
        Number of reads mapped to multiple loci |	125
             % of reads mapped to multiple loci |	0.03%
        Number of reads mapped to too many loci |	11
             % of reads mapped to too many loci |	0.00%
                                  UNMAPPED READS:
       % of reads unmapped: too many mismatches |	0.37%
                 % of reads unmapped: too short |	78.47%
                     % of reads unmapped: other |	0.00%
                                  CHIMERIC READS:
                       Number of chimeric reads |	5
                            % of chimeric reads |	0.00%
