                                 Started job on |	May 06 01:26:16
                             Started mapping on |	May 06 01:26:18
                                    Finished on |	May 06 01:29:31
       Mapping speed, Million of reads per hour |	6.43

                          Number of input reads |	344725
                      Average input read length |	202
                                    UNIQUE READS:
                   Uniquely mapped reads number |	66982
                        Uniquely mapped reads % |	19.43%
                          Average mapped length |	196.29
                       Number of splices: Total |	145433
            Number of splices: Annotated (sjdb) |	143735
                       Number of splices: GT/AG |	145384
                       Number of splices: GC/AG |	49
                       Number of splices: AT/AC |	0
               Number of splices: Non-canonical |	0
                      Mismatch rate per base, % |	0.75%
                         Deletion rate per base |	0.36%
                        Deletion average length |	1.00
                        Insertion rate per base |	0.00%
                       Insertion average length |	1.00
                             MULTI-MAPPING READS:
        Number of reads mapped to multiple loci |	76
             % of reads mapped to multiple loci |	0.02%
        Number of reads mapped to too many loci |	14
             % of reads mapped to too many loci |	0.00%
                                  UNMAPPED READS:
       % of reads unmapped: too many mismatches |	0.34%
                 % of reads unmapped: too short |	80.21%
                     % of reads unmapped: other |	0.00%
                                  CHIMERIC READS:
                       Number of chimeric reads |	2
                            % of chimeric reads |	0.00%
