                                 Started job on |	May 11 13:10:44
                             Started mapping on |	May 11 13:10:44
                                    Finished on |	May 11 13:12:25
       Mapping speed, Million of reads per hour |	10.23

                          Number of input reads |	286895
                      Average input read length |	202
                                    UNIQUE READS:
                   Uniquely mapped reads number |	79879
                        Uniquely mapped reads % |	27.84%
                          Average mapped length |	196.42
                       Number of splices: Total |	171807
            Number of splices: Annotated (sjdb) |	170128
                       Number of splices: GT/AG |	171650
                       Number of splices: GC/AG |	157
                       Number of splices: AT/AC |	0
               Number of splices: Non-canonical |	0
                      Mismatch rate per base, % |	0.72%
                         Deletion rate per base |	0.36%
                        Deletion average length |	1.00
                        Insertion rate per base |	0.00%
                       Insertion average length |	1.20
                             MULTI-MAPPING READS:
        Number of reads mapped to multiple loci |	130
             % of reads mapped to multiple loci |	0.05%
        Number of reads mapped to too many loci |	30
             % of reads mapped to too many loci |	0.01%
                                  UNMAPPED READS:
       % of reads unmapped: too many mismatches |	0.49%
                 % of reads unmapped: too short |	71.61%
                     % of reads unmapped: other |	0.00%
                                  CHIMERIC READS:
                       Number of chimeric reads |	8
                            % of chimeric reads |	0.00%
