                                 Started job on |	May 05 23:49:21
                             Started mapping on |	May 05 23:49:22
                                    Finished on |	May 05 23:52:13
       Mapping speed, Million of reads per hour |	3.89

                          Number of input reads |	184806
                      Average input read length |	202
                                    UNIQUE READS:
                   Uniquely mapped reads number |	41110
                        Uniquely mapped reads % |	22.24%
                          Average mapped length |	195.90
                       Number of splices: Total |	89111
            Number of splices: Annotated (sjdb) |	88032
                       Number of splices: GT/AG |	89085
                       Number of splices: GC/AG |	26
                       Number of splices: AT/AC |	0
               Number of splices: Non-canonical |	0
                      Mismatch rate per base, % |	0.76%
                         Deletion rate per base |	0.35%
                        Deletion average length |	1.01
                        Insertion rate per base |	0.00%
                       Insertion average length |	1.07
                             MULTI-MAPPING READS:
        Number of reads mapped to multiple loci |	55
             % of reads mapped to multiple loci |	0.03%
        Number of reads mapped to too many loci |	9
             % of reads mapped to too many loci |	0.00%
                                  UNMAPPED READS:
       % of reads unmapped: too many mismatches |	0.36%
                 % of reads unmapped: too short |	77.36%
                     % of reads unmapped: other |	0.00%
                                  CHIMERIC READS:
                       Number of chimeric reads |	0
                            % of chimeric reads |	0.00%
