                                 Started job on |	May 09 04:50:35
                             Started mapping on |	May 09 04:50:36
                                    Finished on |	May 09 04:53:24
       Mapping speed, Million of reads per hour |	5.55

                          Number of input reads |	258912
                      Average input read length |	202
                                    UNIQUE READS:
                   Uniquely mapped reads number |	67742
                        Uniquely mapped reads % |	26.16%
                          Average mapped length |	194.95
                       Number of splices: Total |	199585
            Number of splices: Annotated (sjdb) |	198753
                       Number of splices: GT/AG |	199453
                       Number of splices: GC/AG |	132
                       Number of splices: AT/AC |	0
               Number of splices: Non-canonical |	0
                      Mismatch rate per base, % |	0.70%
                         Deletion rate per base |	0.31%
                        Deletion average length |	1.01
                        Insertion rate per base |	0.09%
                       Insertion average length |	11.37
                             MULTI-MAPPING READS:
        Number of reads mapped to multiple loci |	150
             % of reads mapped to multiple loci |	0.06%
        Number of reads mapped to too many loci |	7
             % of reads mapped to too many loci |	0.00%
                                  UNMAPPED READS:
       % of reads unmapped: too many mismatches |	0.47%
                 % of reads unmapped: too short |	73.31%
                     % of reads unmapped: other |	0.00%
                                  CHIMERIC READS:
                       Number of chimeric reads |	12
                            % of chimeric reads |	0.00%
