                                 Started job on |	May 11 14:07:08
                             Started mapping on |	May 11 14:07:09
                                    Finished on |	May 11 14:09:20
       Mapping speed, Million of reads per hour |	8.20

                          Number of input reads |	298512
                      Average input read length |	202
                                    UNIQUE READS:
                   Uniquely mapped reads number |	77031
                        Uniquely mapped reads % |	25.80%
                          Average mapped length |	196.44
                       Number of splices: Total |	166032
            Number of splices: Annotated (sjdb) |	164346
                       Number of splices: GT/AG |	165956
                       Number of splices: GC/AG |	76
                       Number of splices: AT/AC |	0
               Number of splices: Non-canonical |	0
                      Mismatch rate per base, % |	0.72%
                         Deletion rate per base |	0.36%
                        Deletion average length |	1.00
                        Insertion rate per base |	0.00%
                       Insertion average length |	1.94
                             MULTI-MAPPING READS:
        Number of reads mapped to multiple loci |	94
             % of reads mapped to multiple loci |	0.03%
        Number of reads mapped to too many loci |	12
             % of reads mapped to too many loci |	0.00%
                                  UNMAPPED READS:
       % of reads unmapped: too many mismatches |	0.46%
                 % of reads unmapped: too short |	73.70%
                     % of reads unmapped: other |	0.00%
                                  CHIMERIC READS:
                       Number of chimeric reads |	7
                            % of chimeric reads |	0.00%
