                                 Started job on |	May 08 16:39:53
                             Started mapping on |	May 08 16:39:55
                                    Finished on |	May 08 16:42:58
       Mapping speed, Million of reads per hour |	5.48

                          Number of input reads |	278503
                      Average input read length |	202
                                    UNIQUE READS:
                   Uniquely mapped reads number |	67770
                        Uniquely mapped reads % |	24.33%
                          Average mapped length |	195.13
                       Number of splices: Total |	201176
            Number of splices: Annotated (sjdb) |	200157
                       Number of splices: GT/AG |	201023
                       Number of splices: GC/AG |	153
                       Number of splices: AT/AC |	0
               Number of splices: Non-canonical |	0
                      Mismatch rate per base, % |	0.68%
                         Deletion rate per base |	0.31%
                        Deletion average length |	1.00
                        Insertion rate per base |	0.09%
                       Insertion average length |	11.32
                             MULTI-MAPPING READS:
        Number of reads mapped to multiple loci |	157
             % of reads mapped to multiple loci |	0.06%
        Number of reads mapped to too many loci |	10
             % of reads mapped to too many loci |	0.00%
                                  UNMAPPED READS:
       % of reads unmapped: too many mismatches |	0.35%
                 % of reads unmapped: too short |	75.25%
                     % of reads unmapped: other |	0.00%
                                  CHIMERIC READS:
                       Number of chimeric reads |	16
                            % of chimeric reads |	0.01%
