                                 Started job on |	May 04 13:07:31
                             Started mapping on |	May 04 13:07:32
                                    Finished on |	May 04 13:09:37
       Mapping speed, Million of reads per hour |	4.65

                          Number of input reads |	161481
                      Average input read length |	202
                                    UNIQUE READS:
                   Uniquely mapped reads number |	34611
                        Uniquely mapped reads % |	21.43%
                          Average mapped length |	196.50
                       Number of splices: Total |	74876
            Number of splices: Annotated (sjdb) |	73938
                       Number of splices: GT/AG |	74835
                       Number of splices: GC/AG |	41
                       Number of splices: AT/AC |	0
               Number of splices: Non-canonical |	0
                      Mismatch rate per base, % |	0.69%
                         Deletion rate per base |	0.36%
                        Deletion average length |	1.01
                        Insertion rate per base |	0.00%
                       Insertion average length |	1.00
                             MULTI-MAPPING READS:
        Number of reads mapped to multiple loci |	40
             % of reads mapped to multiple loci |	0.02%
        Number of reads mapped to too many loci |	11
             % of reads mapped to too many loci |	0.01%
                                  UNMAPPED READS:
       % of reads unmapped: too many mismatches |	0.31%
                 % of reads unmapped: too short |	78.22%
                     % of reads unmapped: other |	0.00%
                                  CHIMERIC READS:
                       Number of chimeric reads |	1
                            % of chimeric reads |	0.00%
