                                 Started job on |	May 10 13:07:53
                             Started mapping on |	May 10 13:07:54
                                    Finished on |	May 10 13:10:01
       Mapping speed, Million of reads per hour |	4.78

                          Number of input reads |	168645
                      Average input read length |	202
                                    UNIQUE READS:
                   Uniquely mapped reads number |	41827
                        Uniquely mapped reads % |	24.80%
                          Average mapped length |	196.32
                       Number of splices: Total |	90849
            Number of splices: Annotated (sjdb) |	90008
                       Number of splices: GT/AG |	90778
                       Number of splices: GC/AG |	71
                       Number of splices: AT/AC |	0
               Number of splices: Non-canonical |	0
                      Mismatch rate per base, % |	0.72%
                         Deletion rate per base |	0.35%
                        Deletion average length |	1.00
                        Insertion rate per base |	0.00%
                       Insertion average length |	1.32
                             MULTI-MAPPING READS:
        Number of reads mapped to multiple loci |	65
             % of reads mapped to multiple loci |	0.04%
        Number of reads mapped to too many loci |	12
             % of reads mapped to too many loci |	0.01%
                                  UNMAPPED READS:
       % of reads unmapped: too many mismatches |	0.43%
                 % of reads unmapped: too short |	74.72%
                     % of reads unmapped: other |	0.00%
                                  CHIMERIC READS:
                       Number of chimeric reads |	2
                            % of chimeric reads |	0.00%
