                                 Started job on |	May 07 08:31:11
                             Started mapping on |	May 07 08:31:12
                                    Finished on |	May 07 08:33:45
       Mapping speed, Million of reads per hour |	3.83

                          Number of input reads |	162937
                      Average input read length |	202
                                    UNIQUE READS:
                   Uniquely mapped reads number |	34232
                        Uniquely mapped reads % |	21.01%
                          Average mapped length |	195.09
                       Number of splices: Total |	101216
            Number of splices: Annotated (sjdb) |	100761
                       Number of splices: GT/AG |	101136
                       Number of splices: GC/AG |	80
                       Number of splices: AT/AC |	0
               Number of splices: Non-canonical |	0
                      Mismatch rate per base, % |	0.75%
                         Deletion rate per base |	0.33%
                        Deletion average length |	1.00
                        Insertion rate per base |	0.08%
                       Insertion average length |	11.13
                             MULTI-MAPPING READS:
        Number of reads mapped to multiple loci |	86
             % of reads mapped to multiple loci |	0.05%
        Number of reads mapped to too many loci |	4
             % of reads mapped to too many loci |	0.00%
                                  UNMAPPED READS:
       % of reads unmapped: too many mismatches |	0.38%
                 % of reads unmapped: too short |	78.55%
                     % of reads unmapped: other |	0.00%
                                  CHIMERIC READS:
                       Number of chimeric reads |	8
                            % of chimeric reads |	0.00%
