                                 Started job on |	May 10 06:21:24
                             Started mapping on |	May 10 06:21:32
                                    Finished on |	May 10 06:24:57
       Mapping speed, Million of reads per hour |	5.65

                          Number of input reads |	321501
                      Average input read length |	202
                                    UNIQUE READS:
                   Uniquely mapped reads number |	82712
                        Uniquely mapped reads % |	25.73%
                          Average mapped length |	194.91
                       Number of splices: Total |	239431
            Number of splices: Annotated (sjdb) |	238221
                       Number of splices: GT/AG |	239277
                       Number of splices: GC/AG |	154
                       Number of splices: AT/AC |	0
               Number of splices: Non-canonical |	0
                      Mismatch rate per base, % |	0.75%
                         Deletion rate per base |	0.32%
                        Deletion average length |	1.00
                        Insertion rate per base |	0.07%
                       Insertion average length |	10.96
                             MULTI-MAPPING READS:
        Number of reads mapped to multiple loci |	152
             % of reads mapped to multiple loci |	0.05%
        Number of reads mapped to too many loci |	12
             % of reads mapped to too many loci |	0.00%
                                  UNMAPPED READS:
       % of reads unmapped: too many mismatches |	0.50%
                 % of reads unmapped: too short |	73.72%
                     % of reads unmapped: other |	0.00%
                                  CHIMERIC READS:
                       Number of chimeric reads |	19
                            % of chimeric reads |	0.01%
