                                 Started job on |	May 10 16:17:39
                             Started mapping on |	May 10 16:17:41
                                    Finished on |	May 10 16:20:41
       Mapping speed, Million of reads per hour |	6.60

                          Number of input reads |	330047
                      Average input read length |	202
                                    UNIQUE READS:
                   Uniquely mapped reads number |	58914
                        Uniquely mapped reads % |	17.85%
                          Average mapped length |	196.34
                       Number of splices: Total |	127666
            Number of splices: Annotated (sjdb) |	126187
                       Number of splices: GT/AG |	127555
                       Number of splices: GC/AG |	111
                       Number of splices: AT/AC |	0
               Number of splices: Non-canonical |	0
                      Mismatch rate per base, % |	0.71%
                         Deletion rate per base |	0.36%
                        Deletion average length |	1.00
                        Insertion rate per base |	0.00%
                       Insertion average length |	1.02
                             MULTI-MAPPING READS:
        Number of reads mapped to multiple loci |	73
             % of reads mapped to multiple loci |	0.02%
        Number of reads mapped to too many loci |	10
             % of reads mapped to too many loci |	0.00%
                                  UNMAPPED READS:
       % of reads unmapped: too many mismatches |	0.31%
                 % of reads unmapped: too short |	81.82%
                     % of reads unmapped: other |	0.00%
                                  CHIMERIC READS:
                       Number of chimeric reads |	2
                            % of chimeric reads |	0.00%
