                                 Started job on |	May 07 09:27:24
                             Started mapping on |	May 07 09:27:26
                                    Finished on |	May 07 09:30:22
       Mapping speed, Million of reads per hour |	7.13

                          Number of input reads |	348801
                      Average input read length |	202
                                    UNIQUE READS:
                   Uniquely mapped reads number |	67484
                        Uniquely mapped reads % |	19.35%
                          Average mapped length |	195.18
                       Number of splices: Total |	201008
            Number of splices: Annotated (sjdb) |	200030
                       Number of splices: GT/AG |	200811
                       Number of splices: GC/AG |	197
                       Number of splices: AT/AC |	0
               Number of splices: Non-canonical |	0
                      Mismatch rate per base, % |	0.73%
                         Deletion rate per base |	0.33%
                        Deletion average length |	1.00
                        Insertion rate per base |	0.08%
                       Insertion average length |	11.45
                             MULTI-MAPPING READS:
        Number of reads mapped to multiple loci |	153
             % of reads mapped to multiple loci |	0.04%
        Number of reads mapped to too many loci |	9
             % of reads mapped to too many loci |	0.00%
                                  UNMAPPED READS:
       % of reads unmapped: too many mismatches |	0.31%
                 % of reads unmapped: too short |	80.29%
                     % of reads unmapped: other |	0.00%
                                  CHIMERIC READS:
                       Number of chimeric reads |	16
                            % of chimeric reads |	0.00%
