                                 Started job on |	May 04 14:59:57
                             Started mapping on |	May 04 14:59:59
                                    Finished on |	May 04 15:02:13
       Mapping speed, Million of reads per hour |	7.73

                          Number of input reads |	287686
                      Average input read length |	202
                                    UNIQUE READS:
                   Uniquely mapped reads number |	69991
                        Uniquely mapped reads % |	24.33%
                          Average mapped length |	196.56
                       Number of splices: Total |	150725
            Number of splices: Annotated (sjdb) |	149233
                       Number of splices: GT/AG |	150640
                       Number of splices: GC/AG |	85
                       Number of splices: AT/AC |	0
               Number of splices: Non-canonical |	0
                      Mismatch rate per base, % |	0.67%
                         Deletion rate per base |	0.36%
                        Deletion average length |	1.00
                        Insertion rate per base |	0.00%
                       Insertion average length |	1.06
                             MULTI-MAPPING READS:
        Number of reads mapped to multiple loci |	81
             % of reads mapped to multiple loci |	0.03%
        Number of reads mapped to too many loci |	9
             % of reads mapped to too many loci |	0.00%
                                  UNMAPPED READS:
       % of reads unmapped: too many mismatches |	0.37%
                 % of reads unmapped: too short |	75.27%
                     % of reads unmapped: other |	0.00%
                                  CHIMERIC READS:
                       Number of chimeric reads |	6
                            % of chimeric reads |	0.00%
