                                 Started job on |	May 04 11:54:57
                             Started mapping on |	May 04 11:54:58
                                    Finished on |	May 04 11:57:58
       Mapping speed, Million of reads per hour |	5.99

                          Number of input reads |	299503
                      Average input read length |	202
                                    UNIQUE READS:
                   Uniquely mapped reads number |	70182
                        Uniquely mapped reads % |	23.43%
                          Average mapped length |	196.27
                       Number of splices: Total |	150113
            Number of splices: Annotated (sjdb) |	148237
                       Number of splices: GT/AG |	150041
                       Number of splices: GC/AG |	72
                       Number of splices: AT/AC |	0
               Number of splices: Non-canonical |	0
                      Mismatch rate per base, % |	0.69%
                         Deletion rate per base |	0.36%
                        Deletion average length |	1.00
                        Insertion rate per base |	0.00%
                       Insertion average length |	1.14
                             MULTI-MAPPING READS:
        Number of reads mapped to multiple loci |	89
             % of reads mapped to multiple loci |	0.03%
        Number of reads mapped to too many loci |	11
             % of reads mapped to too many loci |	0.00%
                                  UNMAPPED READS:
       % of reads unmapped: too many mismatches |	0.35%
                 % of reads unmapped: too short |	76.18%
                     % of reads unmapped: other |	0.00%
                                  CHIMERIC READS:
                       Number of chimeric reads |	4
                            % of chimeric reads |	0.00%
