                                 Started job on |	May 04 05:13:04
                             Started mapping on |	May 04 05:13:05
                                    Finished on |	May 04 05:15:19
       Mapping speed, Million of reads per hour |	7.78

                          Number of input reads |	289668
                      Average input read length |	202
                                    UNIQUE READS:
                   Uniquely mapped reads number |	77015
                        Uniquely mapped reads % |	26.59%
                          Average mapped length |	196.24
                       Number of splices: Total |	164872
            Number of splices: Annotated (sjdb) |	162689
                       Number of splices: GT/AG |	164763
                       Number of splices: GC/AG |	109
                       Number of splices: AT/AC |	0
               Number of splices: Non-canonical |	0
                      Mismatch rate per base, % |	0.68%
                         Deletion rate per base |	0.36%
                        Deletion average length |	1.00
                        Insertion rate per base |	0.00%
                       Insertion average length |	1.10
                             MULTI-MAPPING READS:
        Number of reads mapped to multiple loci |	75
             % of reads mapped to multiple loci |	0.03%
        Number of reads mapped to too many loci |	17
             % of reads mapped to too many loci |	0.01%
                                  UNMAPPED READS:
       % of reads unmapped: too many mismatches |	0.36%
                 % of reads unmapped: too short |	73.03%
                     % of reads unmapped: other |	0.00%
                                  CHIMERIC READS:
                       Number of chimeric reads |	6
                            % of chimeric reads |	0.00%
