                                 Started job on |	May 07 06:51:09
                             Started mapping on |	May 07 06:51:11
                                    Finished on |	May 07 06:57:18
       Mapping speed, Million of reads per hour |	3.40

                          Number of input reads |	346990
                      Average input read length |	202
                                    UNIQUE READS:
                   Uniquely mapped reads number |	71555
                        Uniquely mapped reads % |	20.62%
                          Average mapped length |	195.14
                       Number of splices: Total |	190659
            Number of splices: Annotated (sjdb) |	189362
                       Number of splices: GT/AG |	190537
                       Number of splices: GC/AG |	122
                       Number of splices: AT/AC |	0
               Number of splices: Non-canonical |	0
                      Mismatch rate per base, % |	0.76%
                         Deletion rate per base |	0.33%
                        Deletion average length |	1.00
                        Insertion rate per base |	0.06%
                       Insertion average length |	11.02
                             MULTI-MAPPING READS:
        Number of reads mapped to multiple loci |	187
             % of reads mapped to multiple loci |	0.05%
        Number of reads mapped to too many loci |	12
             % of reads mapped to too many loci |	0.00%
                                  UNMAPPED READS:
       % of reads unmapped: too many mismatches |	0.39%
                 % of reads unmapped: too short |	78.93%
                     % of reads unmapped: other |	0.00%
                                  CHIMERIC READS:
                       Number of chimeric reads |	13
                            % of chimeric reads |	0.00%
