                                 Started job on |	May 10 13:34:34
                             Started mapping on |	May 10 13:34:35
                                    Finished on |	May 10 13:37:02
       Mapping speed, Million of reads per hour |	5.17

                          Number of input reads |	211153
                      Average input read length |	202
                                    UNIQUE READS:
                   Uniquely mapped reads number |	56694
                        Uniquely mapped reads % |	26.85%
                          Average mapped length |	196.28
                       Number of splices: Total |	122948
            Number of splices: Annotated (sjdb) |	121457
                       Number of splices: GT/AG |	122842
                       Number of splices: GC/AG |	106
                       Number of splices: AT/AC |	0
               Number of splices: Non-canonical |	0
                      Mismatch rate per base, % |	0.71%
                         Deletion rate per base |	0.35%
                        Deletion average length |	1.00
                        Insertion rate per base |	0.00%
                       Insertion average length |	1.08
                             MULTI-MAPPING READS:
        Number of reads mapped to multiple loci |	84
             % of reads mapped to multiple loci |	0.04%
        Number of reads mapped to too many loci |	13
             % of reads mapped to too many loci |	0.01%
                                  UNMAPPED READS:
       % of reads unmapped: too many mismatches |	0.46%
                 % of reads unmapped: too short |	72.64%
                     % of reads unmapped: other |	0.00%
                                  CHIMERIC READS:
                       Number of chimeric reads |	1
                            % of chimeric reads |	0.00%
