                                 Started job on |	May 06 00:24:39
                             Started mapping on |	May 06 00:24:41
                                    Finished on |	May 06 00:26:59
       Mapping speed, Million of reads per hour |	7.66

                          Number of input reads |	293590
                      Average input read length |	202
                                    UNIQUE READS:
                   Uniquely mapped reads number |	59058
                        Uniquely mapped reads % |	20.12%
                          Average mapped length |	196.32
                       Number of splices: Total |	128903
            Number of splices: Annotated (sjdb) |	127658
                       Number of splices: GT/AG |	128884
                       Number of splices: GC/AG |	19
                       Number of splices: AT/AC |	0
               Number of splices: Non-canonical |	0
                      Mismatch rate per base, % |	0.73%
                         Deletion rate per base |	0.35%
                        Deletion average length |	1.00
                        Insertion rate per base |	0.00%
                       Insertion average length |	1.00
                             MULTI-MAPPING READS:
        Number of reads mapped to multiple loci |	76
             % of reads mapped to multiple loci |	0.03%
        Number of reads mapped to too many loci |	3
             % of reads mapped to too many loci |	0.00%
                                  UNMAPPED READS:
       % of reads unmapped: too many mismatches |	0.33%
                 % of reads unmapped: too short |	79.53%
                     % of reads unmapped: other |	0.00%
                                  CHIMERIC READS:
                       Number of chimeric reads |	3
                            % of chimeric reads |	0.00%
