                                 Started job on |	May 08 16:53:33
                             Started mapping on |	May 08 16:53:34
                                    Finished on |	May 08 16:55:57
       Mapping speed, Million of reads per hour |	6.36

                          Number of input reads |	252683
                      Average input read length |	202
                                    UNIQUE READS:
                   Uniquely mapped reads number |	56980
                        Uniquely mapped reads % |	22.55%
                          Average mapped length |	195.06
                       Number of splices: Total |	168351
            Number of splices: Annotated (sjdb) |	167598
                       Number of splices: GT/AG |	168207
                       Number of splices: GC/AG |	144
                       Number of splices: AT/AC |	0
               Number of splices: Non-canonical |	0
                      Mismatch rate per base, % |	0.71%
                         Deletion rate per base |	0.31%
                        Deletion average length |	1.00
                        Insertion rate per base |	0.08%
                       Insertion average length |	11.36
                             MULTI-MAPPING READS:
        Number of reads mapped to multiple loci |	103
             % of reads mapped to multiple loci |	0.04%
        Number of reads mapped to too many loci |	0
             % of reads mapped to too many loci |	0.00%
                                  UNMAPPED READS:
       % of reads unmapped: too many mismatches |	0.38%
                 % of reads unmapped: too short |	77.03%
                     % of reads unmapped: other |	0.00%
                                  CHIMERIC READS:
                       Number of chimeric reads |	9
                            % of chimeric reads |	0.00%
