                                 Started job on |	May 04 14:41:45
                             Started mapping on |	May 04 14:41:46
                                    Finished on |	May 04 14:44:22
       Mapping speed, Million of reads per hour |	8.20

                          Number of input reads |	355364
                      Average input read length |	202
                                    UNIQUE READS:
                   Uniquely mapped reads number |	79424
                        Uniquely mapped reads % |	22.35%
                          Average mapped length |	196.60
                       Number of splices: Total |	170084
            Number of splices: Annotated (sjdb) |	168131
                       Number of splices: GT/AG |	169988
                       Number of splices: GC/AG |	96
                       Number of splices: AT/AC |	0
               Number of splices: Non-canonical |	0
                      Mismatch rate per base, % |	0.67%
                         Deletion rate per base |	0.36%
                        Deletion average length |	1.00
                        Insertion rate per base |	0.00%
                       Insertion average length |	1.06
                             MULTI-MAPPING READS:
        Number of reads mapped to multiple loci |	80
             % of reads mapped to multiple loci |	0.02%
        Number of reads mapped to too many loci |	11
             % of reads mapped to too many loci |	0.00%
                                  UNMAPPED READS:
       % of reads unmapped: too many mismatches |	0.33%
                 % of reads unmapped: too short |	77.29%
                     % of reads unmapped: other |	0.00%
                                  CHIMERIC READS:
                       Number of chimeric reads |	5
                            % of chimeric reads |	0.00%
