                                 Started job on |	May 10 12:51:53
                             Started mapping on |	May 10 12:51:54
                                    Finished on |	May 10 12:53:54
       Mapping speed, Million of reads per hour |	9.91

                          Number of input reads |	330302
                      Average input read length |	202
                                    UNIQUE READS:
                   Uniquely mapped reads number |	82759
                        Uniquely mapped reads % |	25.06%
                          Average mapped length |	196.41
                       Number of splices: Total |	179063
            Number of splices: Annotated (sjdb) |	177256
                       Number of splices: GT/AG |	178925
                       Number of splices: GC/AG |	138
                       Number of splices: AT/AC |	0
               Number of splices: Non-canonical |	0
                      Mismatch rate per base, % |	0.70%
                         Deletion rate per base |	0.36%
                        Deletion average length |	1.00
                        Insertion rate per base |	0.00%
                       Insertion average length |	1.25
                             MULTI-MAPPING READS:
        Number of reads mapped to multiple loci |	95
             % of reads mapped to multiple loci |	0.03%
        Number of reads mapped to too many loci |	16
             % of reads mapped to too many loci |	0.00%
                                  UNMAPPED READS:
       % of reads unmapped: too many mismatches |	0.44%
                 % of reads unmapped: too short |	74.48%
                     % of reads unmapped: other |	0.00%
                                  CHIMERIC READS:
                       Number of chimeric reads |	8
                            % of chimeric reads |	0.00%
