                                 Started job on |	May 07 08:08:47
                             Started mapping on |	May 07 08:08:48
                                    Finished on |	May 07 08:11:53
       Mapping speed, Million of reads per hour |	6.50

                          Number of input reads |	334079
                      Average input read length |	202
                                    UNIQUE READS:
                   Uniquely mapped reads number |	64710
                        Uniquely mapped reads % |	19.37%
                          Average mapped length |	194.90
                       Number of splices: Total |	188363
            Number of splices: Annotated (sjdb) |	187308
                       Number of splices: GT/AG |	188173
                       Number of splices: GC/AG |	190
                       Number of splices: AT/AC |	0
               Number of splices: Non-canonical |	0
                      Mismatch rate per base, % |	0.73%
                         Deletion rate per base |	0.33%
                        Deletion average length |	1.00
                        Insertion rate per base |	0.09%
                       Insertion average length |	11.22
                             MULTI-MAPPING READS:
        Number of reads mapped to multiple loci |	127
             % of reads mapped to multiple loci |	0.04%
        Number of reads mapped to too many loci |	3
             % of reads mapped to too many loci |	0.00%
                                  UNMAPPED READS:
       % of reads unmapped: too many mismatches |	0.33%
                 % of reads unmapped: too short |	80.26%
                     % of reads unmapped: other |	0.00%
                                  CHIMERIC READS:
                       Number of chimeric reads |	16
                            % of chimeric reads |	0.00%
