                                 Started job on |	May 08 10:25:59
                             Started mapping on |	May 08 10:26:00
                                    Finished on |	May 08 10:28:38
       Mapping speed, Million of reads per hour |	6.46

                          Number of input reads |	283720
                      Average input read length |	202
                                    UNIQUE READS:
                   Uniquely mapped reads number |	97292
                        Uniquely mapped reads % |	34.29%
                          Average mapped length |	194.91
                       Number of splices: Total |	283856
            Number of splices: Annotated (sjdb) |	282578
                       Number of splices: GT/AG |	283622
                       Number of splices: GC/AG |	234
                       Number of splices: AT/AC |	0
               Number of splices: Non-canonical |	0
                      Mismatch rate per base, % |	0.70%
                         Deletion rate per base |	0.31%
                        Deletion average length |	1.00
                        Insertion rate per base |	0.10%
                       Insertion average length |	11.33
                             MULTI-MAPPING READS:
        Number of reads mapped to multiple loci |	199
             % of reads mapped to multiple loci |	0.07%
        Number of reads mapped to too many loci |	4
             % of reads mapped to too many loci |	0.00%
                                  UNMAPPED READS:
       % of reads unmapped: too many mismatches |	0.51%
                 % of reads unmapped: too short |	65.12%
                     % of reads unmapped: other |	0.00%
                                  CHIMERIC READS:
                       Number of chimeric reads |	11
                            % of chimeric reads |	0.00%
