                                 Started job on |	May 08 14:28:36
                             Started mapping on |	May 08 14:28:36
                                    Finished on |	May 08 14:31:23
       Mapping speed, Million of reads per hour |	7.82

                          Number of input reads |	362714
                      Average input read length |	202
                                    UNIQUE READS:
                   Uniquely mapped reads number |	103277
                        Uniquely mapped reads % |	28.47%
                          Average mapped length |	194.72
                       Number of splices: Total |	300121
            Number of splices: Annotated (sjdb) |	298635
                       Number of splices: GT/AG |	299885
                       Number of splices: GC/AG |	236
                       Number of splices: AT/AC |	0
               Number of splices: Non-canonical |	0
                      Mismatch rate per base, % |	0.73%
                         Deletion rate per base |	0.30%
                        Deletion average length |	1.00
                        Insertion rate per base |	0.10%
                       Insertion average length |	11.37
                             MULTI-MAPPING READS:
        Number of reads mapped to multiple loci |	225
             % of reads mapped to multiple loci |	0.06%
        Number of reads mapped to too many loci |	14
             % of reads mapped to too many loci |	0.00%
                                  UNMAPPED READS:
       % of reads unmapped: too many mismatches |	0.50%
                 % of reads unmapped: too short |	70.96%
                     % of reads unmapped: other |	0.00%
                                  CHIMERIC READS:
                       Number of chimeric reads |	17
                            % of chimeric reads |	0.00%
