                                 Started job on |	May 11 11:41:23
                             Started mapping on |	May 11 11:41:24
                                    Finished on |	May 11 11:44:18
       Mapping speed, Million of reads per hour |	3.81

                          Number of input reads |	184311
                      Average input read length |	202
                                    UNIQUE READS:
                   Uniquely mapped reads number |	50325
                        Uniquely mapped reads % |	27.30%
                          Average mapped length |	196.33
                       Number of splices: Total |	107918
            Number of splices: Annotated (sjdb) |	106652
                       Number of splices: GT/AG |	107791
                       Number of splices: GC/AG |	127
                       Number of splices: AT/AC |	0
               Number of splices: Non-canonical |	0
                      Mismatch rate per base, % |	0.70%
                         Deletion rate per base |	0.35%
                        Deletion average length |	1.00
                        Insertion rate per base |	0.00%
                       Insertion average length |	1.08
                             MULTI-MAPPING READS:
        Number of reads mapped to multiple loci |	54
             % of reads mapped to multiple loci |	0.03%
        Number of reads mapped to too many loci |	5
             % of reads mapped to too many loci |	0.00%
                                  UNMAPPED READS:
       % of reads unmapped: too many mismatches |	0.47%
                 % of reads unmapped: too short |	72.19%
                     % of reads unmapped: other |	0.00%
                                  CHIMERIC READS:
                       Number of chimeric reads |	1
                            % of chimeric reads |	0.00%
