                                 Started job on |	May 11 15:02:43
                             Started mapping on |	May 11 15:02:44
                                    Finished on |	May 11 15:04:44
       Mapping speed, Million of reads per hour |	7.20

                          Number of input reads |	239957
                      Average input read length |	202
                                    UNIQUE READS:
                   Uniquely mapped reads number |	51742
                        Uniquely mapped reads % |	21.56%
                          Average mapped length |	196.47
                       Number of splices: Total |	111700
            Number of splices: Annotated (sjdb) |	110714
                       Number of splices: GT/AG |	111580
                       Number of splices: GC/AG |	120
                       Number of splices: AT/AC |	0
               Number of splices: Non-canonical |	0
                      Mismatch rate per base, % |	0.73%
                         Deletion rate per base |	0.36%
                        Deletion average length |	1.00
                        Insertion rate per base |	0.00%
                       Insertion average length |	1.06
                             MULTI-MAPPING READS:
        Number of reads mapped to multiple loci |	76
             % of reads mapped to multiple loci |	0.03%
        Number of reads mapped to too many loci |	11
             % of reads mapped to too many loci |	0.00%
                                  UNMAPPED READS:
       % of reads unmapped: too many mismatches |	0.39%
                 % of reads unmapped: too short |	78.01%
                     % of reads unmapped: other |	0.00%
                                  CHIMERIC READS:
                       Number of chimeric reads |	5
                            % of chimeric reads |	0.00%
