                                 Started job on |	May 07 11:03:26
                             Started mapping on |	May 07 11:03:27
                                    Finished on |	May 07 11:06:02
       Mapping speed, Million of reads per hour |	5.51

                          Number of input reads |	237171
                      Average input read length |	202
                                    UNIQUE READS:
                   Uniquely mapped reads number |	49474
                        Uniquely mapped reads % |	20.86%
                          Average mapped length |	194.86
                       Number of splices: Total |	143488
            Number of splices: Annotated (sjdb) |	142721
                       Number of splices: GT/AG |	143351
                       Number of splices: GC/AG |	137
                       Number of splices: AT/AC |	0
               Number of splices: Non-canonical |	0
                      Mismatch rate per base, % |	0.74%
                         Deletion rate per base |	0.32%
                        Deletion average length |	1.00
                        Insertion rate per base |	0.09%
                       Insertion average length |	11.51
                             MULTI-MAPPING READS:
        Number of reads mapped to multiple loci |	129
             % of reads mapped to multiple loci |	0.05%
        Number of reads mapped to too many loci |	8
             % of reads mapped to too many loci |	0.00%
                                  UNMAPPED READS:
       % of reads unmapped: too many mismatches |	0.37%
                 % of reads unmapped: too short |	78.72%
                     % of reads unmapped: other |	0.00%
                                  CHIMERIC READS:
                       Number of chimeric reads |	9
                            % of chimeric reads |	0.00%
