                                 Started job on |	May 05 09:38:37
                             Started mapping on |	May 05 09:38:38
                                    Finished on |	May 05 09:40:59
       Mapping speed, Million of reads per hour |	3.91

                          Number of input reads |	153070
                      Average input read length |	202
                                    UNIQUE READS:
                   Uniquely mapped reads number |	25912
                        Uniquely mapped reads % |	16.93%
                          Average mapped length |	196.57
                       Number of splices: Total |	57210
            Number of splices: Annotated (sjdb) |	56570
                       Number of splices: GT/AG |	57174
                       Number of splices: GC/AG |	36
                       Number of splices: AT/AC |	0
               Number of splices: Non-canonical |	0
                      Mismatch rate per base, % |	0.69%
                         Deletion rate per base |	0.37%
                        Deletion average length |	1.00
                        Insertion rate per base |	0.00%
                       Insertion average length |	1.05
                             MULTI-MAPPING READS:
        Number of reads mapped to multiple loci |	23
             % of reads mapped to multiple loci |	0.02%
        Number of reads mapped to too many loci |	5
             % of reads mapped to too many loci |	0.00%
                                  UNMAPPED READS:
       % of reads unmapped: too many mismatches |	0.24%
                 % of reads unmapped: too short |	82.82%
                     % of reads unmapped: other |	0.00%
                                  CHIMERIC READS:
                       Number of chimeric reads |	2
                            % of chimeric reads |	0.00%
