                                 Started job on |	May 07 06:00:47
                             Started mapping on |	May 07 06:00:48
                                    Finished on |	May 07 06:05:59
       Mapping speed, Million of reads per hour |	2.63

                          Number of input reads |	227079
                      Average input read length |	202
                                    UNIQUE READS:
                   Uniquely mapped reads number |	54927
                        Uniquely mapped reads % |	24.19%
                          Average mapped length |	194.55
                       Number of splices: Total |	158276
            Number of splices: Annotated (sjdb) |	157436
                       Number of splices: GT/AG |	158125
                       Number of splices: GC/AG |	151
                       Number of splices: AT/AC |	0
               Number of splices: Non-canonical |	0
                      Mismatch rate per base, % |	0.76%
                         Deletion rate per base |	0.31%
                        Deletion average length |	1.00
                        Insertion rate per base |	0.10%
                       Insertion average length |	11.39
                             MULTI-MAPPING READS:
        Number of reads mapped to multiple loci |	138
             % of reads mapped to multiple loci |	0.06%
        Number of reads mapped to too many loci |	11
             % of reads mapped to too many loci |	0.00%
                                  UNMAPPED READS:
       % of reads unmapped: too many mismatches |	0.46%
                 % of reads unmapped: too short |	75.29%
                     % of reads unmapped: other |	0.00%
                                  CHIMERIC READS:
                       Number of chimeric reads |	9
                            % of chimeric reads |	0.00%
