                                 Started job on |	May 10 11:40:45
                             Started mapping on |	May 10 11:40:46
                                    Finished on |	May 10 11:43:08
       Mapping speed, Million of reads per hour |	6.76

                          Number of input reads |	266511
                      Average input read length |	202
                                    UNIQUE READS:
                   Uniquely mapped reads number |	78827
                        Uniquely mapped reads % |	29.58%
                          Average mapped length |	196.09
                       Number of splices: Total |	170724
            Number of splices: Annotated (sjdb) |	168720
                       Number of splices: GT/AG |	170593
                       Number of splices: GC/AG |	131
                       Number of splices: AT/AC |	0
               Number of splices: Non-canonical |	0
                      Mismatch rate per base, % |	0.71%
                         Deletion rate per base |	0.35%
                        Deletion average length |	1.00
                        Insertion rate per base |	0.00%
                       Insertion average length |	1.04
                             MULTI-MAPPING READS:
        Number of reads mapped to multiple loci |	114
             % of reads mapped to multiple loci |	0.04%
        Number of reads mapped to too many loci |	12
             % of reads mapped to too many loci |	0.00%
                                  UNMAPPED READS:
       % of reads unmapped: too many mismatches |	0.53%
                 % of reads unmapped: too short |	69.85%
                     % of reads unmapped: other |	0.00%
                                  CHIMERIC READS:
                       Number of chimeric reads |	7
                            % of chimeric reads |	0.00%
