                                 Started job on |	May 08 10:54:19
                             Started mapping on |	May 08 10:54:20
                                    Finished on |	May 08 10:57:08
       Mapping speed, Million of reads per hour |	6.44

                          Number of input reads |	300455
                      Average input read length |	202
                                    UNIQUE READS:
                   Uniquely mapped reads number |	79873
                        Uniquely mapped reads % |	26.58%
                          Average mapped length |	195.57
                       Number of splices: Total |	235078
            Number of splices: Annotated (sjdb) |	233768
                       Number of splices: GT/AG |	234997
                       Number of splices: GC/AG |	81
                       Number of splices: AT/AC |	0
               Number of splices: Non-canonical |	0
                      Mismatch rate per base, % |	0.69%
                         Deletion rate per base |	0.33%
                        Deletion average length |	1.00
                        Insertion rate per base |	0.08%
                       Insertion average length |	11.30
                             MULTI-MAPPING READS:
        Number of reads mapped to multiple loci |	130
             % of reads mapped to multiple loci |	0.04%
        Number of reads mapped to too many loci |	10
             % of reads mapped to too many loci |	0.00%
                                  UNMAPPED READS:
       % of reads unmapped: too many mismatches |	0.41%
                 % of reads unmapped: too short |	72.96%
                     % of reads unmapped: other |	0.00%
                                  CHIMERIC READS:
                       Number of chimeric reads |	10
                            % of chimeric reads |	0.00%
