                                 Started job on |	May 04 20:45:20
                             Started mapping on |	May 04 20:45:21
                                    Finished on |	May 04 20:47:45
       Mapping speed, Million of reads per hour |	8.32

                          Number of input reads |	332803
                      Average input read length |	202
                                    UNIQUE READS:
                   Uniquely mapped reads number |	76163
                        Uniquely mapped reads % |	22.89%
                          Average mapped length |	196.56
                       Number of splices: Total |	161912
            Number of splices: Annotated (sjdb) |	160141
                       Number of splices: GT/AG |	161848
                       Number of splices: GC/AG |	64
                       Number of splices: AT/AC |	0
               Number of splices: Non-canonical |	0
                      Mismatch rate per base, % |	0.67%
                         Deletion rate per base |	0.37%
                        Deletion average length |	1.00
                        Insertion rate per base |	0.00%
                       Insertion average length |	1.48
                             MULTI-MAPPING READS:
        Number of reads mapped to multiple loci |	76
             % of reads mapped to multiple loci |	0.02%
        Number of reads mapped to too many loci |	6
             % of reads mapped to too many loci |	0.00%
                                  UNMAPPED READS:
       % of reads unmapped: too many mismatches |	0.33%
                 % of reads unmapped: too short |	76.76%
                     % of reads unmapped: other |	0.00%
                                  CHIMERIC READS:
                       Number of chimeric reads |	7
                            % of chimeric reads |	0.00%
