                                 Started job on |	May 07 08:05:35
                             Started mapping on |	May 07 08:05:36
                                    Finished on |	May 07 08:08:44
       Mapping speed, Million of reads per hour |	4.42

                          Number of input reads |	230739
                      Average input read length |	202
                                    UNIQUE READS:
                   Uniquely mapped reads number |	46019
                        Uniquely mapped reads % |	19.94%
                          Average mapped length |	194.93
                       Number of splices: Total |	136344
            Number of splices: Annotated (sjdb) |	135660
                       Number of splices: GT/AG |	136241
                       Number of splices: GC/AG |	103
                       Number of splices: AT/AC |	0
               Number of splices: Non-canonical |	0
                      Mismatch rate per base, % |	0.73%
                         Deletion rate per base |	0.33%
                        Deletion average length |	1.00
                        Insertion rate per base |	0.09%
                       Insertion average length |	11.41
                             MULTI-MAPPING READS:
        Number of reads mapped to multiple loci |	85
             % of reads mapped to multiple loci |	0.04%
        Number of reads mapped to too many loci |	4
             % of reads mapped to too many loci |	0.00%
                                  UNMAPPED READS:
       % of reads unmapped: too many mismatches |	0.33%
                 % of reads unmapped: too short |	79.69%
                     % of reads unmapped: other |	0.00%
                                  CHIMERIC READS:
                       Number of chimeric reads |	8
                            % of chimeric reads |	0.00%
