                                 Started job on |	May 10 12:49:53
                             Started mapping on |	May 10 12:49:55
                                    Finished on |	May 10 12:51:51
       Mapping speed, Million of reads per hour |	7.28

                          Number of input reads |	234606
                      Average input read length |	202
                                    UNIQUE READS:
                   Uniquely mapped reads number |	65472
                        Uniquely mapped reads % |	27.91%
                          Average mapped length |	196.34
                       Number of splices: Total |	141778
            Number of splices: Annotated (sjdb) |	140205
                       Number of splices: GT/AG |	141693
                       Number of splices: GC/AG |	85
                       Number of splices: AT/AC |	0
               Number of splices: Non-canonical |	0
                      Mismatch rate per base, % |	0.71%
                         Deletion rate per base |	0.36%
                        Deletion average length |	1.00
                        Insertion rate per base |	0.00%
                       Insertion average length |	1.12
                             MULTI-MAPPING READS:
        Number of reads mapped to multiple loci |	87
             % of reads mapped to multiple loci |	0.04%
        Number of reads mapped to too many loci |	6
             % of reads mapped to too many loci |	0.00%
                                  UNMAPPED READS:
       % of reads unmapped: too many mismatches |	0.48%
                 % of reads unmapped: too short |	71.57%
                     % of reads unmapped: other |	0.00%
                                  CHIMERIC READS:
                       Number of chimeric reads |	2
                            % of chimeric reads |	0.00%
