                                 Started job on |	May 10 09:34:38
                             Started mapping on |	May 10 09:34:39
                                    Finished on |	May 10 09:37:50
       Mapping speed, Million of reads per hour |	5.98

                          Number of input reads |	317232
                      Average input read length |	202
                                    UNIQUE READS:
                   Uniquely mapped reads number |	91802
                        Uniquely mapped reads % |	28.94%
                          Average mapped length |	194.92
                       Number of splices: Total |	272072
            Number of splices: Annotated (sjdb) |	270684
                       Number of splices: GT/AG |	271937
                       Number of splices: GC/AG |	135
                       Number of splices: AT/AC |	0
               Number of splices: Non-canonical |	0
                      Mismatch rate per base, % |	0.73%
                         Deletion rate per base |	0.32%
                        Deletion average length |	1.00
                        Insertion rate per base |	0.06%
                       Insertion average length |	11.09
                             MULTI-MAPPING READS:
        Number of reads mapped to multiple loci |	185
             % of reads mapped to multiple loci |	0.06%
        Number of reads mapped to too many loci |	7
             % of reads mapped to too many loci |	0.00%
                                  UNMAPPED READS:
       % of reads unmapped: too many mismatches |	0.49%
                 % of reads unmapped: too short |	70.51%
                     % of reads unmapped: other |	0.00%
                                  CHIMERIC READS:
                       Number of chimeric reads |	19
                            % of chimeric reads |	0.01%
