                                 Started job on |	May 08 18:12:20
                             Started mapping on |	May 08 18:12:21
                                    Finished on |	May 08 18:14:26
       Mapping speed, Million of reads per hour |	5.65

                          Number of input reads |	196030
                      Average input read length |	202
                                    UNIQUE READS:
                   Uniquely mapped reads number |	50558
                        Uniquely mapped reads % |	25.79%
                          Average mapped length |	194.56
                       Number of splices: Total |	143128
            Number of splices: Annotated (sjdb) |	142425
                       Number of splices: GT/AG |	143012
                       Number of splices: GC/AG |	116
                       Number of splices: AT/AC |	0
               Number of splices: Non-canonical |	0
                      Mismatch rate per base, % |	0.73%
                         Deletion rate per base |	0.30%
                        Deletion average length |	1.01
                        Insertion rate per base |	0.06%
                       Insertion average length |	10.91
                             MULTI-MAPPING READS:
        Number of reads mapped to multiple loci |	98
             % of reads mapped to multiple loci |	0.05%
        Number of reads mapped to too many loci |	8
             % of reads mapped to too many loci |	0.00%
                                  UNMAPPED READS:
       % of reads unmapped: too many mismatches |	0.42%
                 % of reads unmapped: too short |	73.73%
                     % of reads unmapped: other |	0.00%
                                  CHIMERIC READS:
                       Number of chimeric reads |	12
                            % of chimeric reads |	0.01%
