                                 Started job on |	May 11 09:39:44
                             Started mapping on |	May 11 09:39:45
                                    Finished on |	May 11 09:41:24
       Mapping speed, Million of reads per hour |	7.63

                          Number of input reads |	209864
                      Average input read length |	202
                                    UNIQUE READS:
                   Uniquely mapped reads number |	60672
                        Uniquely mapped reads % |	28.91%
                          Average mapped length |	196.26
                       Number of splices: Total |	130468
            Number of splices: Annotated (sjdb) |	128991
                       Number of splices: GT/AG |	130379
                       Number of splices: GC/AG |	89
                       Number of splices: AT/AC |	0
               Number of splices: Non-canonical |	0
                      Mismatch rate per base, % |	0.71%
                         Deletion rate per base |	0.36%
                        Deletion average length |	1.00
                        Insertion rate per base |	0.00%
                       Insertion average length |	1.09
                             MULTI-MAPPING READS:
        Number of reads mapped to multiple loci |	91
             % of reads mapped to multiple loci |	0.04%
        Number of reads mapped to too many loci |	10
             % of reads mapped to too many loci |	0.00%
                                  UNMAPPED READS:
       % of reads unmapped: too many mismatches |	0.47%
                 % of reads unmapped: too short |	70.57%
                     % of reads unmapped: other |	0.00%
                                  CHIMERIC READS:
                       Number of chimeric reads |	7
                            % of chimeric reads |	0.00%
