                                 Started job on |	May 08 11:27:08
                             Started mapping on |	May 08 11:27:09
                                    Finished on |	May 08 11:29:49
       Mapping speed, Million of reads per hour |	7.80

                          Number of input reads |	346696
                      Average input read length |	202
                                    UNIQUE READS:
                   Uniquely mapped reads number |	100917
                        Uniquely mapped reads % |	29.11%
                          Average mapped length |	195.32
                       Number of splices: Total |	305148
            Number of splices: Annotated (sjdb) |	303875
                       Number of splices: GT/AG |	304988
                       Number of splices: GC/AG |	160
                       Number of splices: AT/AC |	0
               Number of splices: Non-canonical |	0
                      Mismatch rate per base, % |	0.68%
                         Deletion rate per base |	0.32%
                        Deletion average length |	1.00
                        Insertion rate per base |	0.08%
                       Insertion average length |	11.37
                             MULTI-MAPPING READS:
        Number of reads mapped to multiple loci |	190
             % of reads mapped to multiple loci |	0.05%
        Number of reads mapped to too many loci |	3
             % of reads mapped to too many loci |	0.00%
                                  UNMAPPED READS:
       % of reads unmapped: too many mismatches |	0.46%
                 % of reads unmapped: too short |	70.37%
                     % of reads unmapped: other |	0.00%
                                  CHIMERIC READS:
                       Number of chimeric reads |	16
                            % of chimeric reads |	0.00%
