                                 Started job on |	May 07 10:23:58
                             Started mapping on |	May 07 10:23:59
                                    Finished on |	May 07 10:26:37
       Mapping speed, Million of reads per hour |	7.71

                          Number of input reads |	338574
                      Average input read length |	202
                                    UNIQUE READS:
                   Uniquely mapped reads number |	69342
                        Uniquely mapped reads % |	20.48%
                          Average mapped length |	194.88
                       Number of splices: Total |	201086
            Number of splices: Annotated (sjdb) |	200077
                       Number of splices: GT/AG |	200908
                       Number of splices: GC/AG |	178
                       Number of splices: AT/AC |	0
               Number of splices: Non-canonical |	0
                      Mismatch rate per base, % |	0.73%
                         Deletion rate per base |	0.33%
                        Deletion average length |	1.00
                        Insertion rate per base |	0.08%
                       Insertion average length |	11.41
                             MULTI-MAPPING READS:
        Number of reads mapped to multiple loci |	170
             % of reads mapped to multiple loci |	0.05%
        Number of reads mapped to too many loci |	7
             % of reads mapped to too many loci |	0.00%
                                  UNMAPPED READS:
       % of reads unmapped: too many mismatches |	0.35%
                 % of reads unmapped: too short |	79.12%
                     % of reads unmapped: other |	0.00%
                                  CHIMERIC READS:
                       Number of chimeric reads |	26
                            % of chimeric reads |	0.01%
