                                 Started job on |	May 06 06:42:12
                             Started mapping on |	May 06 06:42:13
                                    Finished on |	May 06 06:43:52
       Mapping speed, Million of reads per hour |	11.77

                          Number of input reads |	323705
                      Average input read length |	202
                                    UNIQUE READS:
                   Uniquely mapped reads number |	97313
                        Uniquely mapped reads % |	30.06%
                          Average mapped length |	195.90
                       Number of splices: Total |	208726
            Number of splices: Annotated (sjdb) |	206378
                       Number of splices: GT/AG |	208656
                       Number of splices: GC/AG |	70
                       Number of splices: AT/AC |	0
               Number of splices: Non-canonical |	0
                      Mismatch rate per base, % |	0.74%
                         Deletion rate per base |	0.34%
                        Deletion average length |	1.00
                        Insertion rate per base |	0.00%
                       Insertion average length |	1.04
                             MULTI-MAPPING READS:
        Number of reads mapped to multiple loci |	116
             % of reads mapped to multiple loci |	0.04%
        Number of reads mapped to too many loci |	15
             % of reads mapped to too many loci |	0.00%
                                  UNMAPPED READS:
       % of reads unmapped: too many mismatches |	0.48%
                 % of reads unmapped: too short |	69.41%
                     % of reads unmapped: other |	0.00%
                                  CHIMERIC READS:
                       Number of chimeric reads |	2
                            % of chimeric reads |	0.00%
