                                 Started job on |	May 11 08:05:45
                             Started mapping on |	May 11 08:05:47
                                    Finished on |	May 11 08:07:13
       Mapping speed, Million of reads per hour |	12.98

                          Number of input reads |	310049
                      Average input read length |	202
                                    UNIQUE READS:
                   Uniquely mapped reads number |	94809
                        Uniquely mapped reads % |	30.58%
                          Average mapped length |	196.29
                       Number of splices: Total |	203454
            Number of splices: Annotated (sjdb) |	201170
                       Number of splices: GT/AG |	203331
                       Number of splices: GC/AG |	123
                       Number of splices: AT/AC |	0
               Number of splices: Non-canonical |	0
                      Mismatch rate per base, % |	0.71%
                         Deletion rate per base |	0.36%
                        Deletion average length |	1.00
                        Insertion rate per base |	0.00%
                       Insertion average length |	1.45
                             MULTI-MAPPING READS:
        Number of reads mapped to multiple loci |	126
             % of reads mapped to multiple loci |	0.04%
        Number of reads mapped to too many loci |	19
             % of reads mapped to too many loci |	0.01%
                                  UNMAPPED READS:
       % of reads unmapped: too many mismatches |	0.52%
                 % of reads unmapped: too short |	68.85%
                     % of reads unmapped: other |	0.00%
                                  CHIMERIC READS:
                       Number of chimeric reads |	9
                            % of chimeric reads |	0.00%
