                                 Started job on |	May 10 08:15:10
                             Started mapping on |	May 10 08:15:11
                                    Finished on |	May 10 08:18:03
       Mapping speed, Million of reads per hour |	7.49

                          Number of input reads |	357817
                      Average input read length |	202
                                    UNIQUE READS:
                   Uniquely mapped reads number |	98340
                        Uniquely mapped reads % |	27.48%
                          Average mapped length |	194.88
                       Number of splices: Total |	281188
            Number of splices: Annotated (sjdb) |	279756
                       Number of splices: GT/AG |	280909
                       Number of splices: GC/AG |	279
                       Number of splices: AT/AC |	0
               Number of splices: Non-canonical |	0
                      Mismatch rate per base, % |	0.74%
                         Deletion rate per base |	0.32%
                        Deletion average length |	1.00
                        Insertion rate per base |	0.07%
                       Insertion average length |	11.29
                             MULTI-MAPPING READS:
        Number of reads mapped to multiple loci |	198
             % of reads mapped to multiple loci |	0.06%
        Number of reads mapped to too many loci |	4
             % of reads mapped to too many loci |	0.00%
                                  UNMAPPED READS:
       % of reads unmapped: too many mismatches |	0.52%
                 % of reads unmapped: too short |	71.94%
                     % of reads unmapped: other |	0.00%
                                  CHIMERIC READS:
                       Number of chimeric reads |	14
                            % of chimeric reads |	0.00%
