                                 Started job on |	May 07 08:41:57
                             Started mapping on |	May 07 08:41:58
                                    Finished on |	May 07 08:45:48
       Mapping speed, Million of reads per hour |	3.74

                          Number of input reads |	238630
                      Average input read length |	202
                                    UNIQUE READS:
                   Uniquely mapped reads number |	43128
                        Uniquely mapped reads % |	18.07%
                          Average mapped length |	194.84
                       Number of splices: Total |	130321
            Number of splices: Annotated (sjdb) |	129816
                       Number of splices: GT/AG |	130216
                       Number of splices: GC/AG |	105
                       Number of splices: AT/AC |	0
               Number of splices: Non-canonical |	0
                      Mismatch rate per base, % |	0.73%
                         Deletion rate per base |	0.33%
                        Deletion average length |	1.00
                        Insertion rate per base |	0.08%
                       Insertion average length |	11.49
                             MULTI-MAPPING READS:
        Number of reads mapped to multiple loci |	95
             % of reads mapped to multiple loci |	0.04%
        Number of reads mapped to too many loci |	1
             % of reads mapped to too many loci |	0.00%
                                  UNMAPPED READS:
       % of reads unmapped: too many mismatches |	0.31%
                 % of reads unmapped: too short |	81.57%
                     % of reads unmapped: other |	0.00%
                                  CHIMERIC READS:
                       Number of chimeric reads |	17
                            % of chimeric reads |	0.01%
