                                 Started job on |	May 06 13:18:36
                             Started mapping on |	May 06 13:18:38
                                    Finished on |	May 06 13:21:26
       Mapping speed, Million of reads per hour |	8.26

                          Number of input reads |	385287
                      Average input read length |	202
                                    UNIQUE READS:
                   Uniquely mapped reads number |	90694
                        Uniquely mapped reads % |	23.54%
                          Average mapped length |	196.14
                       Number of splices: Total |	195021
            Number of splices: Annotated (sjdb) |	192991
                       Number of splices: GT/AG |	194955
                       Number of splices: GC/AG |	66
                       Number of splices: AT/AC |	0
               Number of splices: Non-canonical |	0
                      Mismatch rate per base, % |	0.82%
                         Deletion rate per base |	0.36%
                        Deletion average length |	1.00
                        Insertion rate per base |	0.00%
                       Insertion average length |	1.22
                             MULTI-MAPPING READS:
        Number of reads mapped to multiple loci |	115
             % of reads mapped to multiple loci |	0.03%
        Number of reads mapped to too many loci |	8
             % of reads mapped to too many loci |	0.00%
                                  UNMAPPED READS:
       % of reads unmapped: too many mismatches |	0.59%
                 % of reads unmapped: too short |	75.84%
                     % of reads unmapped: other |	0.00%
                                  CHIMERIC READS:
                       Number of chimeric reads |	5
                            % of chimeric reads |	0.00%
