                                 Started job on |	May 10 09:55:40
                             Started mapping on |	May 10 09:55:41
                                    Finished on |	May 10 09:58:30
       Mapping speed, Million of reads per hour |	4.89

                          Number of input reads |	229583
                      Average input read length |	202
                                    UNIQUE READS:
                   Uniquely mapped reads number |	62884
                        Uniquely mapped reads % |	27.39%
                          Average mapped length |	194.88
                       Number of splices: Total |	185358
            Number of splices: Annotated (sjdb) |	184469
                       Number of splices: GT/AG |	185216
                       Number of splices: GC/AG |	142
                       Number of splices: AT/AC |	0
               Number of splices: Non-canonical |	0
                      Mismatch rate per base, % |	0.76%
                         Deletion rate per base |	0.31%
                        Deletion average length |	1.00
                        Insertion rate per base |	0.07%
                       Insertion average length |	11.28
                             MULTI-MAPPING READS:
        Number of reads mapped to multiple loci |	127
             % of reads mapped to multiple loci |	0.06%
        Number of reads mapped to too many loci |	7
             % of reads mapped to too many loci |	0.00%
                                  UNMAPPED READS:
       % of reads unmapped: too many mismatches |	0.52%
                 % of reads unmapped: too short |	72.03%
                     % of reads unmapped: other |	0.00%
                                  CHIMERIC READS:
                       Number of chimeric reads |	10
                            % of chimeric reads |	0.00%
