                                 Started job on |	May 04 13:18:54
                             Started mapping on |	May 04 13:18:55
                                    Finished on |	May 04 13:21:08
       Mapping speed, Million of reads per hour |	6.39

                          Number of input reads |	236223
                      Average input read length |	202
                                    UNIQUE READS:
                   Uniquely mapped reads number |	44125
                        Uniquely mapped reads % |	18.68%
                          Average mapped length |	196.77
                       Number of splices: Total |	95320
            Number of splices: Annotated (sjdb) |	94335
                       Number of splices: GT/AG |	95290
                       Number of splices: GC/AG |	30
                       Number of splices: AT/AC |	0
               Number of splices: Non-canonical |	0
                      Mismatch rate per base, % |	0.68%
                         Deletion rate per base |	0.37%
                        Deletion average length |	1.00
                        Insertion rate per base |	0.00%
                       Insertion average length |	1.52
                             MULTI-MAPPING READS:
        Number of reads mapped to multiple loci |	44
             % of reads mapped to multiple loci |	0.02%
        Number of reads mapped to too many loci |	8
             % of reads mapped to too many loci |	0.00%
                                  UNMAPPED READS:
       % of reads unmapped: too many mismatches |	0.30%
                 % of reads unmapped: too short |	81.00%
                     % of reads unmapped: other |	0.00%
                                  CHIMERIC READS:
                       Number of chimeric reads |	3
                            % of chimeric reads |	0.00%
