                                 Started job on |	May 10 11:28:23
                             Started mapping on |	May 10 11:28:25
                                    Finished on |	May 10 11:31:25
       Mapping speed, Million of reads per hour |	6.23

                          Number of input reads |	311649
                      Average input read length |	202
                                    UNIQUE READS:
                   Uniquely mapped reads number |	90547
                        Uniquely mapped reads % |	29.05%
                          Average mapped length |	196.30
                       Number of splices: Total |	195650
            Number of splices: Annotated (sjdb) |	193456
                       Number of splices: GT/AG |	195506
                       Number of splices: GC/AG |	144
                       Number of splices: AT/AC |	0
               Number of splices: Non-canonical |	0
                      Mismatch rate per base, % |	0.71%
                         Deletion rate per base |	0.35%
                        Deletion average length |	1.00
                        Insertion rate per base |	0.00%
                       Insertion average length |	1.15
                             MULTI-MAPPING READS:
        Number of reads mapped to multiple loci |	104
             % of reads mapped to multiple loci |	0.03%
        Number of reads mapped to too many loci |	21
             % of reads mapped to too many loci |	0.01%
                                  UNMAPPED READS:
       % of reads unmapped: too many mismatches |	0.46%
                 % of reads unmapped: too short |	70.45%
                     % of reads unmapped: other |	0.00%
                                  CHIMERIC READS:
                       Number of chimeric reads |	7
                            % of chimeric reads |	0.00%
