                                 Started job on |	May 04 14:47:23
                             Started mapping on |	May 04 14:47:25
                                    Finished on |	May 04 14:49:13
       Mapping speed, Million of reads per hour |	11.38

                          Number of input reads |	341431
                      Average input read length |	202
                                    UNIQUE READS:
                   Uniquely mapped reads number |	68363
                        Uniquely mapped reads % |	20.02%
                          Average mapped length |	196.65
                       Number of splices: Total |	146289
            Number of splices: Annotated (sjdb) |	144621
                       Number of splices: GT/AG |	146180
                       Number of splices: GC/AG |	109
                       Number of splices: AT/AC |	0
               Number of splices: Non-canonical |	0
                      Mismatch rate per base, % |	0.66%
                         Deletion rate per base |	0.37%
                        Deletion average length |	1.00
                        Insertion rate per base |	0.00%
                       Insertion average length |	1.05
                             MULTI-MAPPING READS:
        Number of reads mapped to multiple loci |	92
             % of reads mapped to multiple loci |	0.03%
        Number of reads mapped to too many loci |	11
             % of reads mapped to too many loci |	0.00%
                                  UNMAPPED READS:
       % of reads unmapped: too many mismatches |	0.29%
                 % of reads unmapped: too short |	79.66%
                     % of reads unmapped: other |	0.00%
                                  CHIMERIC READS:
                       Number of chimeric reads |	6
                            % of chimeric reads |	0.00%
