                                 Started job on |	May 10 10:19:44
                             Started mapping on |	May 10 10:19:45
                                    Finished on |	May 10 10:23:13
       Mapping speed, Million of reads per hour |	2.31

                          Number of input reads |	133354
                      Average input read length |	202
                                    UNIQUE READS:
                   Uniquely mapped reads number |	37897
                        Uniquely mapped reads % |	28.42%
                          Average mapped length |	194.88
                       Number of splices: Total |	109288
            Number of splices: Annotated (sjdb) |	108662
                       Number of splices: GT/AG |	109224
                       Number of splices: GC/AG |	64
                       Number of splices: AT/AC |	0
               Number of splices: Non-canonical |	0
                      Mismatch rate per base, % |	0.76%
                         Deletion rate per base |	0.31%
                        Deletion average length |	1.00
                        Insertion rate per base |	0.08%
                       Insertion average length |	11.14
                             MULTI-MAPPING READS:
        Number of reads mapped to multiple loci |	80
             % of reads mapped to multiple loci |	0.06%
        Number of reads mapped to too many loci |	9
             % of reads mapped to too many loci |	0.01%
                                  UNMAPPED READS:
       % of reads unmapped: too many mismatches |	0.55%
                 % of reads unmapped: too short |	70.96%
                     % of reads unmapped: other |	0.00%
                                  CHIMERIC READS:
                       Number of chimeric reads |	5
                            % of chimeric reads |	0.00%
