                                 Started job on |	May 08 18:16:51
                             Started mapping on |	May 08 18:16:52
                                    Finished on |	May 08 18:19:40
       Mapping speed, Million of reads per hour |	6.73

                          Number of input reads |	313980
                      Average input read length |	202
                                    UNIQUE READS:
                   Uniquely mapped reads number |	74216
                        Uniquely mapped reads % |	23.64%
                          Average mapped length |	194.92
                       Number of splices: Total |	215674
            Number of splices: Annotated (sjdb) |	214464
                       Number of splices: GT/AG |	215512
                       Number of splices: GC/AG |	162
                       Number of splices: AT/AC |	0
               Number of splices: Non-canonical |	0
                      Mismatch rate per base, % |	0.71%
                         Deletion rate per base |	0.32%
                        Deletion average length |	1.00
                        Insertion rate per base |	0.08%
                       Insertion average length |	11.16
                             MULTI-MAPPING READS:
        Number of reads mapped to multiple loci |	188
             % of reads mapped to multiple loci |	0.06%
        Number of reads mapped to too many loci |	13
             % of reads mapped to too many loci |	0.00%
                                  UNMAPPED READS:
       % of reads unmapped: too many mismatches |	0.40%
                 % of reads unmapped: too short |	75.89%
                     % of reads unmapped: other |	0.00%
                                  CHIMERIC READS:
                       Number of chimeric reads |	17
                            % of chimeric reads |	0.01%
