                                 Started job on |	May 08 14:00:53
                             Started mapping on |	May 08 14:00:54
                                    Finished on |	May 08 14:03:19
       Mapping speed, Million of reads per hour |	7.01

                          Number of input reads |	282265
                      Average input read length |	202
                                    UNIQUE READS:
                   Uniquely mapped reads number |	98600
                        Uniquely mapped reads % |	34.93%
                          Average mapped length |	195.01
                       Number of splices: Total |	283412
            Number of splices: Annotated (sjdb) |	282014
                       Number of splices: GT/AG |	283180
                       Number of splices: GC/AG |	232
                       Number of splices: AT/AC |	0
               Number of splices: Non-canonical |	0
                      Mismatch rate per base, % |	0.72%
                         Deletion rate per base |	0.31%
                        Deletion average length |	1.00
                        Insertion rate per base |	0.09%
                       Insertion average length |	11.20
                             MULTI-MAPPING READS:
        Number of reads mapped to multiple loci |	182
             % of reads mapped to multiple loci |	0.06%
        Number of reads mapped to too many loci |	8
             % of reads mapped to too many loci |	0.00%
                                  UNMAPPED READS:
       % of reads unmapped: too many mismatches |	0.63%
                 % of reads unmapped: too short |	64.37%
                     % of reads unmapped: other |	0.00%
                                  CHIMERIC READS:
                       Number of chimeric reads |	17
                            % of chimeric reads |	0.01%
