                                 Started job on |	May 10 07:44:32
                             Started mapping on |	May 10 07:44:33
                                    Finished on |	May 10 07:47:49
       Mapping speed, Million of reads per hour |	2.89

                          Number of input reads |	157408
                      Average input read length |	202
                                    UNIQUE READS:
                   Uniquely mapped reads number |	22777
                        Uniquely mapped reads % |	14.47%
                          Average mapped length |	194.60
                       Number of splices: Total |	67950
            Number of splices: Annotated (sjdb) |	67613
                       Number of splices: GT/AG |	67924
                       Number of splices: GC/AG |	26
                       Number of splices: AT/AC |	0
               Number of splices: Non-canonical |	0
                      Mismatch rate per base, % |	0.74%
                         Deletion rate per base |	0.33%
                        Deletion average length |	1.00
                        Insertion rate per base |	0.10%
                       Insertion average length |	11.52
                             MULTI-MAPPING READS:
        Number of reads mapped to multiple loci |	39
             % of reads mapped to multiple loci |	0.02%
        Number of reads mapped to too many loci |	1
             % of reads mapped to too many loci |	0.00%
                                  UNMAPPED READS:
       % of reads unmapped: too many mismatches |	0.25%
                 % of reads unmapped: too short |	85.25%
                     % of reads unmapped: other |	0.00%
                                  CHIMERIC READS:
                       Number of chimeric reads |	8
                            % of chimeric reads |	0.01%
