                                 Started job on |	May 09 11:13:55
                             Started mapping on |	May 09 11:13:56
                                    Finished on |	May 09 11:16:55
       Mapping speed, Million of reads per hour |	5.17

                          Number of input reads |	256856
                      Average input read length |	202
                                    UNIQUE READS:
                   Uniquely mapped reads number |	70509
                        Uniquely mapped reads % |	27.45%
                          Average mapped length |	195.08
                       Number of splices: Total |	202575
            Number of splices: Annotated (sjdb) |	201435
                       Number of splices: GT/AG |	202407
                       Number of splices: GC/AG |	168
                       Number of splices: AT/AC |	0
               Number of splices: Non-canonical |	0
                      Mismatch rate per base, % |	0.74%
                         Deletion rate per base |	0.32%
                        Deletion average length |	1.01
                        Insertion rate per base |	0.07%
                       Insertion average length |	11.20
                             MULTI-MAPPING READS:
        Number of reads mapped to multiple loci |	154
             % of reads mapped to multiple loci |	0.06%
        Number of reads mapped to too many loci |	11
             % of reads mapped to too many loci |	0.00%
                                  UNMAPPED READS:
       % of reads unmapped: too many mismatches |	0.51%
                 % of reads unmapped: too short |	71.98%
                     % of reads unmapped: other |	0.00%
                                  CHIMERIC READS:
                       Number of chimeric reads |	6
                            % of chimeric reads |	0.00%
