                                 Started job on |	May 06 03:41:55
                             Started mapping on |	May 06 03:41:57
                                    Finished on |	May 06 03:43:24
       Mapping speed, Million of reads per hour |	11.87

                          Number of input reads |	286805
                      Average input read length |	202
                                    UNIQUE READS:
                   Uniquely mapped reads number |	72243
                        Uniquely mapped reads % |	25.19%
                          Average mapped length |	195.85
                       Number of splices: Total |	153971
            Number of splices: Annotated (sjdb) |	152282
                       Number of splices: GT/AG |	153940
                       Number of splices: GC/AG |	31
                       Number of splices: AT/AC |	0
               Number of splices: Non-canonical |	0
                      Mismatch rate per base, % |	0.74%
                         Deletion rate per base |	0.35%
                        Deletion average length |	1.00
                        Insertion rate per base |	0.00%
                       Insertion average length |	1.72
                             MULTI-MAPPING READS:
        Number of reads mapped to multiple loci |	101
             % of reads mapped to multiple loci |	0.04%
        Number of reads mapped to too many loci |	4
             % of reads mapped to too many loci |	0.00%
                                  UNMAPPED READS:
       % of reads unmapped: too many mismatches |	0.45%
                 % of reads unmapped: too short |	74.33%
                     % of reads unmapped: other |	0.00%
                                  CHIMERIC READS:
                       Number of chimeric reads |	2
                            % of chimeric reads |	0.00%
