                                 Started job on |	May 07 02:14:05
                             Started mapping on |	May 07 02:14:07
                                    Finished on |	May 07 02:16:36
       Mapping speed, Million of reads per hour |	7.17

                          Number of input reads |	296824
                      Average input read length |	202
                                    UNIQUE READS:
                   Uniquely mapped reads number |	60915
                        Uniquely mapped reads % |	20.52%
                          Average mapped length |	194.96
                       Number of splices: Total |	176825
            Number of splices: Annotated (sjdb) |	175924
                       Number of splices: GT/AG |	176604
                       Number of splices: GC/AG |	221
                       Number of splices: AT/AC |	0
               Number of splices: Non-canonical |	0
                      Mismatch rate per base, % |	0.73%
                         Deletion rate per base |	0.32%
                        Deletion average length |	1.00
                        Insertion rate per base |	0.07%
                       Insertion average length |	10.98
                             MULTI-MAPPING READS:
        Number of reads mapped to multiple loci |	133
             % of reads mapped to multiple loci |	0.04%
        Number of reads mapped to too many loci |	8
             % of reads mapped to too many loci |	0.00%
                                  UNMAPPED READS:
       % of reads unmapped: too many mismatches |	0.34%
                 % of reads unmapped: too short |	79.09%
                     % of reads unmapped: other |	0.00%
                                  CHIMERIC READS:
                       Number of chimeric reads |	16
                            % of chimeric reads |	0.01%
