                                 Started job on |	May 08 17:24:02
                             Started mapping on |	May 08 17:24:03
                                    Finished on |	May 08 17:26:52
       Mapping speed, Million of reads per hour |	4.44

                          Number of input reads |	208594
                      Average input read length |	202
                                    UNIQUE READS:
                   Uniquely mapped reads number |	49617
                        Uniquely mapped reads % |	23.79%
                          Average mapped length |	194.82
                       Number of splices: Total |	143116
            Number of splices: Annotated (sjdb) |	142275
                       Number of splices: GT/AG |	142971
                       Number of splices: GC/AG |	145
                       Number of splices: AT/AC |	0
               Number of splices: Non-canonical |	0
                      Mismatch rate per base, % |	0.72%
                         Deletion rate per base |	0.30%
                        Deletion average length |	1.00
                        Insertion rate per base |	0.10%
                       Insertion average length |	11.29
                             MULTI-MAPPING READS:
        Number of reads mapped to multiple loci |	112
             % of reads mapped to multiple loci |	0.05%
        Number of reads mapped to too many loci |	7
             % of reads mapped to too many loci |	0.00%
                                  UNMAPPED READS:
       % of reads unmapped: too many mismatches |	0.41%
                 % of reads unmapped: too short |	75.74%
                     % of reads unmapped: other |	0.00%
                                  CHIMERIC READS:
                       Number of chimeric reads |	12
                            % of chimeric reads |	0.01%
