                                 Started job on |	May 11 14:12:07
                             Started mapping on |	May 11 14:12:08
                                    Finished on |	May 11 14:14:48
       Mapping speed, Million of reads per hour |	5.46

                          Number of input reads |	242744
                      Average input read length |	202
                                    UNIQUE READS:
                   Uniquely mapped reads number |	69437
                        Uniquely mapped reads % |	28.61%
                          Average mapped length |	196.21
                       Number of splices: Total |	149820
            Number of splices: Annotated (sjdb) |	148000
                       Number of splices: GT/AG |	149683
                       Number of splices: GC/AG |	137
                       Number of splices: AT/AC |	0
               Number of splices: Non-canonical |	0
                      Mismatch rate per base, % |	0.73%
                         Deletion rate per base |	0.36%
                        Deletion average length |	1.00
                        Insertion rate per base |	0.00%
                       Insertion average length |	1.04
                             MULTI-MAPPING READS:
        Number of reads mapped to multiple loci |	96
             % of reads mapped to multiple loci |	0.04%
        Number of reads mapped to too many loci |	12
             % of reads mapped to too many loci |	0.00%
                                  UNMAPPED READS:
       % of reads unmapped: too many mismatches |	0.49%
                 % of reads unmapped: too short |	70.86%
                     % of reads unmapped: other |	0.00%
                                  CHIMERIC READS:
                       Number of chimeric reads |	4
                            % of chimeric reads |	0.00%
