                                 Started job on |	May 05 23:52:16
                             Started mapping on |	May 05 23:52:18
                                    Finished on |	May 05 23:55:03
       Mapping speed, Million of reads per hour |	5.17

                          Number of input reads |	236736
                      Average input read length |	202
                                    UNIQUE READS:
                   Uniquely mapped reads number |	63249
                        Uniquely mapped reads % |	26.72%
                          Average mapped length |	195.90
                       Number of splices: Total |	137332
            Number of splices: Annotated (sjdb) |	135803
                       Number of splices: GT/AG |	137292
                       Number of splices: GC/AG |	40
                       Number of splices: AT/AC |	0
               Number of splices: Non-canonical |	0
                      Mismatch rate per base, % |	0.75%
                         Deletion rate per base |	0.35%
                        Deletion average length |	1.00
                        Insertion rate per base |	0.00%
                       Insertion average length |	1.18
                             MULTI-MAPPING READS:
        Number of reads mapped to multiple loci |	78
             % of reads mapped to multiple loci |	0.03%
        Number of reads mapped to too many loci |	11
             % of reads mapped to too many loci |	0.00%
                                  UNMAPPED READS:
       % of reads unmapped: too many mismatches |	0.44%
                 % of reads unmapped: too short |	72.81%
                     % of reads unmapped: other |	0.00%
                                  CHIMERIC READS:
                       Number of chimeric reads |	5
                            % of chimeric reads |	0.00%
