                                 Started job on |	May 10 08:49:57
                             Started mapping on |	May 10 08:49:58
                                    Finished on |	May 10 08:52:08
       Mapping speed, Million of reads per hour |	8.47

                          Number of input reads |	305788
                      Average input read length |	202
                                    UNIQUE READS:
                   Uniquely mapped reads number |	77590
                        Uniquely mapped reads % |	25.37%
                          Average mapped length |	196.40
                       Number of splices: Total |	166878
            Number of splices: Annotated (sjdb) |	165001
                       Number of splices: GT/AG |	166722
                       Number of splices: GC/AG |	156
                       Number of splices: AT/AC |	0
               Number of splices: Non-canonical |	0
                      Mismatch rate per base, % |	0.70%
                         Deletion rate per base |	0.36%
                        Deletion average length |	1.00
                        Insertion rate per base |	0.00%
                       Insertion average length |	1.38
                             MULTI-MAPPING READS:
        Number of reads mapped to multiple loci |	97
             % of reads mapped to multiple loci |	0.03%
        Number of reads mapped to too many loci |	13
             % of reads mapped to too many loci |	0.00%
                                  UNMAPPED READS:
       % of reads unmapped: too many mismatches |	0.39%
                 % of reads unmapped: too short |	74.20%
                     % of reads unmapped: other |	0.00%
                                  CHIMERIC READS:
                       Number of chimeric reads |	5
                            % of chimeric reads |	0.00%
