                                 Started job on |	May 05 22:52:25
                             Started mapping on |	May 05 22:52:26
                                    Finished on |	May 05 22:55:08
       Mapping speed, Million of reads per hour |	3.16

                          Number of input reads |	142068
                      Average input read length |	202
                                    UNIQUE READS:
                   Uniquely mapped reads number |	39512
                        Uniquely mapped reads % |	27.81%
                          Average mapped length |	195.99
                       Number of splices: Total |	85935
            Number of splices: Annotated (sjdb) |	84985
                       Number of splices: GT/AG |	85901
                       Number of splices: GC/AG |	34
                       Number of splices: AT/AC |	0
               Number of splices: Non-canonical |	0
                      Mismatch rate per base, % |	0.74%
                         Deletion rate per base |	0.35%
                        Deletion average length |	1.01
                        Insertion rate per base |	0.00%
                       Insertion average length |	1.00
                             MULTI-MAPPING READS:
        Number of reads mapped to multiple loci |	62
             % of reads mapped to multiple loci |	0.04%
        Number of reads mapped to too many loci |	4
             % of reads mapped to too many loci |	0.00%
                                  UNMAPPED READS:
       % of reads unmapped: too many mismatches |	0.46%
                 % of reads unmapped: too short |	71.68%
                     % of reads unmapped: other |	0.00%
                                  CHIMERIC READS:
                       Number of chimeric reads |	2
                            % of chimeric reads |	0.00%
