                                 Started job on |	May 09 11:19:46
                             Started mapping on |	May 09 11:19:49
                                    Finished on |	May 09 11:23:22
       Mapping speed, Million of reads per hour |	4.00

                          Number of input reads |	236591
                      Average input read length |	202
                                    UNIQUE READS:
                   Uniquely mapped reads number |	48715
                        Uniquely mapped reads % |	20.59%
                          Average mapped length |	195.10
                       Number of splices: Total |	139562
            Number of splices: Annotated (sjdb) |	138839
                       Number of splices: GT/AG |	139464
                       Number of splices: GC/AG |	98
                       Number of splices: AT/AC |	0
               Number of splices: Non-canonical |	0
                      Mismatch rate per base, % |	0.75%
                         Deletion rate per base |	0.33%
                        Deletion average length |	1.00
                        Insertion rate per base |	0.06%
                       Insertion average length |	10.97
                             MULTI-MAPPING READS:
        Number of reads mapped to multiple loci |	100
             % of reads mapped to multiple loci |	0.04%
        Number of reads mapped to too many loci |	9
             % of reads mapped to too many loci |	0.00%
                                  UNMAPPED READS:
       % of reads unmapped: too many mismatches |	0.40%
                 % of reads unmapped: too short |	78.96%
                     % of reads unmapped: other |	0.00%
                                  CHIMERIC READS:
                       Number of chimeric reads |	9
                            % of chimeric reads |	0.00%
