                                 Started job on |	May 06 03:59:16
                             Started mapping on |	May 06 03:59:18
                                    Finished on |	May 06 04:00:48
       Mapping speed, Million of reads per hour |	6.63

                          Number of input reads |	165716
                      Average input read length |	202
                                    UNIQUE READS:
                   Uniquely mapped reads number |	43159
                        Uniquely mapped reads % |	26.04%
                          Average mapped length |	195.92
                       Number of splices: Total |	92675
            Number of splices: Annotated (sjdb) |	91634
                       Number of splices: GT/AG |	92637
                       Number of splices: GC/AG |	38
                       Number of splices: AT/AC |	0
               Number of splices: Non-canonical |	0
                      Mismatch rate per base, % |	0.74%
                         Deletion rate per base |	0.34%
                        Deletion average length |	1.00
                        Insertion rate per base |	0.00%
                       Insertion average length |	1.00
                             MULTI-MAPPING READS:
        Number of reads mapped to multiple loci |	67
             % of reads mapped to multiple loci |	0.04%
        Number of reads mapped to too many loci |	4
             % of reads mapped to too many loci |	0.00%
                                  UNMAPPED READS:
       % of reads unmapped: too many mismatches |	0.46%
                 % of reads unmapped: too short |	73.45%
                     % of reads unmapped: other |	0.00%
                                  CHIMERIC READS:
                       Number of chimeric reads |	3
                            % of chimeric reads |	0.00%
