                                 Started job on |	May 09 11:57:36
                             Started mapping on |	May 09 11:57:38
                                    Finished on |	May 09 12:02:24
       Mapping speed, Million of reads per hour |	4.02

                          Number of input reads |	319212
                      Average input read length |	202
                                    UNIQUE READS:
                   Uniquely mapped reads number |	87111
                        Uniquely mapped reads % |	27.29%
                          Average mapped length |	195.03
                       Number of splices: Total |	249546
            Number of splices: Annotated (sjdb) |	248112
                       Number of splices: GT/AG |	249340
                       Number of splices: GC/AG |	206
                       Number of splices: AT/AC |	0
               Number of splices: Non-canonical |	0
                      Mismatch rate per base, % |	0.71%
                         Deletion rate per base |	0.32%
                        Deletion average length |	1.01
                        Insertion rate per base |	0.09%
                       Insertion average length |	11.18
                             MULTI-MAPPING READS:
        Number of reads mapped to multiple loci |	210
             % of reads mapped to multiple loci |	0.07%
        Number of reads mapped to too many loci |	14
             % of reads mapped to too many loci |	0.00%
                                  UNMAPPED READS:
       % of reads unmapped: too many mismatches |	0.45%
                 % of reads unmapped: too short |	72.19%
                     % of reads unmapped: other |	0.00%
                                  CHIMERIC READS:
                       Number of chimeric reads |	11
                            % of chimeric reads |	0.00%
