                                 Started job on |	May 11 16:19:58
                             Started mapping on |	May 11 16:19:59
                                    Finished on |	May 11 16:22:18
       Mapping speed, Million of reads per hour |	11.30

                          Number of input reads |	436145
                      Average input read length |	202
                                    UNIQUE READS:
                   Uniquely mapped reads number |	136604
                        Uniquely mapped reads % |	31.32%
                          Average mapped length |	196.18
                       Number of splices: Total |	294980
            Number of splices: Annotated (sjdb) |	291501
                       Number of splices: GT/AG |	294756
                       Number of splices: GC/AG |	224
                       Number of splices: AT/AC |	0
               Number of splices: Non-canonical |	0
                      Mismatch rate per base, % |	0.74%
                         Deletion rate per base |	0.36%
                        Deletion average length |	1.00
                        Insertion rate per base |	0.00%
                       Insertion average length |	1.05
                             MULTI-MAPPING READS:
        Number of reads mapped to multiple loci |	205
             % of reads mapped to multiple loci |	0.05%
        Number of reads mapped to too many loci |	22
             % of reads mapped to too many loci |	0.01%
                                  UNMAPPED READS:
       % of reads unmapped: too many mismatches |	0.60%
                 % of reads unmapped: too short |	68.03%
                     % of reads unmapped: other |	0.00%
                                  CHIMERIC READS:
                       Number of chimeric reads |	7
                            % of chimeric reads |	0.00%
