                                 Started job on |	May 08 19:47:03
                             Started mapping on |	May 08 19:47:04
                                    Finished on |	May 08 19:49:43
       Mapping speed, Million of reads per hour |	8.28

                          Number of input reads |	365732
                      Average input read length |	202
                                    UNIQUE READS:
                   Uniquely mapped reads number |	94764
                        Uniquely mapped reads % |	25.91%
                          Average mapped length |	194.82
                       Number of splices: Total |	277059
            Number of splices: Annotated (sjdb) |	275618
                       Number of splices: GT/AG |	276793
                       Number of splices: GC/AG |	266
                       Number of splices: AT/AC |	0
               Number of splices: Non-canonical |	0
                      Mismatch rate per base, % |	0.72%
                         Deletion rate per base |	0.31%
                        Deletion average length |	1.00
                        Insertion rate per base |	0.10%
                       Insertion average length |	11.30
                             MULTI-MAPPING READS:
        Number of reads mapped to multiple loci |	189
             % of reads mapped to multiple loci |	0.05%
        Number of reads mapped to too many loci |	11
             % of reads mapped to too many loci |	0.00%
                                  UNMAPPED READS:
       % of reads unmapped: too many mismatches |	0.47%
                 % of reads unmapped: too short |	73.57%
                     % of reads unmapped: other |	0.00%
                                  CHIMERIC READS:
                       Number of chimeric reads |	21
                            % of chimeric reads |	0.01%
