                                 Started job on |	May 11 12:21:38
                             Started mapping on |	May 11 12:21:39
                                    Finished on |	May 11 12:23:39
       Mapping speed, Million of reads per hour |	8.95

                          Number of input reads |	298339
                      Average input read length |	202
                                    UNIQUE READS:
                   Uniquely mapped reads number |	97013
                        Uniquely mapped reads % |	32.52%
                          Average mapped length |	196.12
                       Number of splices: Total |	208756
            Number of splices: Annotated (sjdb) |	206355
                       Number of splices: GT/AG |	208612
                       Number of splices: GC/AG |	144
                       Number of splices: AT/AC |	0
               Number of splices: Non-canonical |	0
                      Mismatch rate per base, % |	0.73%
                         Deletion rate per base |	0.35%
                        Deletion average length |	1.00
                        Insertion rate per base |	0.00%
                       Insertion average length |	1.07
                             MULTI-MAPPING READS:
        Number of reads mapped to multiple loci |	140
             % of reads mapped to multiple loci |	0.05%
        Number of reads mapped to too many loci |	13
             % of reads mapped to too many loci |	0.00%
                                  UNMAPPED READS:
       % of reads unmapped: too many mismatches |	0.58%
                 % of reads unmapped: too short |	66.85%
                     % of reads unmapped: other |	0.00%
                                  CHIMERIC READS:
                       Number of chimeric reads |	12
                            % of chimeric reads |	0.00%
