                                 Started job on |	May 08 12:40:29
                             Started mapping on |	May 08 12:40:30
                                    Finished on |	May 08 12:43:16
       Mapping speed, Million of reads per hour |	6.17

                          Number of input reads |	284680
                      Average input read length |	202
                                    UNIQUE READS:
                   Uniquely mapped reads number |	62793
                        Uniquely mapped reads % |	22.06%
                          Average mapped length |	195.24
                       Number of splices: Total |	179069
            Number of splices: Annotated (sjdb) |	178065
                       Number of splices: GT/AG |	178861
                       Number of splices: GC/AG |	208
                       Number of splices: AT/AC |	0
               Number of splices: Non-canonical |	0
                      Mismatch rate per base, % |	0.72%
                         Deletion rate per base |	0.33%
                        Deletion average length |	1.00
                        Insertion rate per base |	0.08%
                       Insertion average length |	11.37
                             MULTI-MAPPING READS:
        Number of reads mapped to multiple loci |	149
             % of reads mapped to multiple loci |	0.05%
        Number of reads mapped to too many loci |	13
             % of reads mapped to too many loci |	0.00%
                                  UNMAPPED READS:
       % of reads unmapped: too many mismatches |	0.40%
                 % of reads unmapped: too short |	77.49%
                     % of reads unmapped: other |	0.00%
                                  CHIMERIC READS:
                       Number of chimeric reads |	9
                            % of chimeric reads |	0.00%
