                                 Started job on |	May 05 11:00:20
                             Started mapping on |	May 05 11:00:21
                                    Finished on |	May 05 11:02:57
       Mapping speed, Million of reads per hour |	3.40

                          Number of input reads |	147154
                      Average input read length |	202
                                    UNIQUE READS:
                   Uniquely mapped reads number |	32006
                        Uniquely mapped reads % |	21.75%
                          Average mapped length |	196.48
                       Number of splices: Total |	70113
            Number of splices: Annotated (sjdb) |	69441
                       Number of splices: GT/AG |	70076
                       Number of splices: GC/AG |	37
                       Number of splices: AT/AC |	0
               Number of splices: Non-canonical |	0
                      Mismatch rate per base, % |	0.68%
                         Deletion rate per base |	0.36%
                        Deletion average length |	1.00
                        Insertion rate per base |	0.00%
                       Insertion average length |	1.04
                             MULTI-MAPPING READS:
        Number of reads mapped to multiple loci |	35
             % of reads mapped to multiple loci |	0.02%
        Number of reads mapped to too many loci |	7
             % of reads mapped to too many loci |	0.00%
                                  UNMAPPED READS:
       % of reads unmapped: too many mismatches |	0.33%
                 % of reads unmapped: too short |	77.89%
                     % of reads unmapped: other |	0.00%
                                  CHIMERIC READS:
                       Number of chimeric reads |	8
                            % of chimeric reads |	0.01%
