                                 Started job on |	May 08 09:02:15
                             Started mapping on |	May 08 09:02:17
                                    Finished on |	May 08 09:05:22
       Mapping speed, Million of reads per hour |	6.93

                          Number of input reads |	356287
                      Average input read length |	202
                                    UNIQUE READS:
                   Uniquely mapped reads number |	89128
                        Uniquely mapped reads % |	25.02%
                          Average mapped length |	194.93
                       Number of splices: Total |	260856
            Number of splices: Annotated (sjdb) |	259577
                       Number of splices: GT/AG |	260679
                       Number of splices: GC/AG |	177
                       Number of splices: AT/AC |	0
               Number of splices: Non-canonical |	0
                      Mismatch rate per base, % |	0.74%
                         Deletion rate per base |	0.32%
                        Deletion average length |	1.00
                        Insertion rate per base |	0.09%
                       Insertion average length |	11.38
                             MULTI-MAPPING READS:
        Number of reads mapped to multiple loci |	207
             % of reads mapped to multiple loci |	0.06%
        Number of reads mapped to too many loci |	14
             % of reads mapped to too many loci |	0.00%
                                  UNMAPPED READS:
       % of reads unmapped: too many mismatches |	0.46%
                 % of reads unmapped: too short |	74.46%
                     % of reads unmapped: other |	0.00%
                                  CHIMERIC READS:
                       Number of chimeric reads |	14
                            % of chimeric reads |	0.00%
