                                 Started job on |	May 05 11:14:00
                             Started mapping on |	May 05 11:14:02
                                    Finished on |	May 05 11:16:36
       Mapping speed, Million of reads per hour |	3.18

                          Number of input reads |	135929
                      Average input read length |	202
                                    UNIQUE READS:
                   Uniquely mapped reads number |	38705
                        Uniquely mapped reads % |	28.47%
                          Average mapped length |	196.24
                       Number of splices: Total |	84522
            Number of splices: Annotated (sjdb) |	83404
                       Number of splices: GT/AG |	84470
                       Number of splices: GC/AG |	52
                       Number of splices: AT/AC |	0
               Number of splices: Non-canonical |	0
                      Mismatch rate per base, % |	0.69%
                         Deletion rate per base |	0.36%
                        Deletion average length |	1.00
                        Insertion rate per base |	0.00%
                       Insertion average length |	1.00
                             MULTI-MAPPING READS:
        Number of reads mapped to multiple loci |	58
             % of reads mapped to multiple loci |	0.04%
        Number of reads mapped to too many loci |	8
             % of reads mapped to too many loci |	0.01%
                                  UNMAPPED READS:
       % of reads unmapped: too many mismatches |	0.40%
                 % of reads unmapped: too short |	71.08%
                     % of reads unmapped: other |	0.00%
                                  CHIMERIC READS:
                       Number of chimeric reads |	3
                            % of chimeric reads |	0.00%
