                                 Started job on |	May 11 10:32:41
                             Started mapping on |	May 11 10:32:42
                                    Finished on |	May 11 10:35:44
       Mapping speed, Million of reads per hour |	3.19

                          Number of input reads |	161081
                      Average input read length |	202
                                    UNIQUE READS:
                   Uniquely mapped reads number |	38915
                        Uniquely mapped reads % |	24.16%
                          Average mapped length |	196.49
                       Number of splices: Total |	84154
            Number of splices: Annotated (sjdb) |	83193
                       Number of splices: GT/AG |	84080
                       Number of splices: GC/AG |	74
                       Number of splices: AT/AC |	0
               Number of splices: Non-canonical |	0
                      Mismatch rate per base, % |	0.70%
                         Deletion rate per base |	0.36%
                        Deletion average length |	1.00
                        Insertion rate per base |	0.00%
                       Insertion average length |	1.03
                             MULTI-MAPPING READS:
        Number of reads mapped to multiple loci |	44
             % of reads mapped to multiple loci |	0.03%
        Number of reads mapped to too many loci |	7
             % of reads mapped to too many loci |	0.00%
                                  UNMAPPED READS:
       % of reads unmapped: too many mismatches |	0.41%
                 % of reads unmapped: too short |	75.40%
                     % of reads unmapped: other |	0.00%
                                  CHIMERIC READS:
                       Number of chimeric reads |	2
                            % of chimeric reads |	0.00%
