                                 Started job on |	May 10 02:40:16
                             Started mapping on |	May 10 02:40:17
                                    Finished on |	May 10 02:43:27
       Mapping speed, Million of reads per hour |	4.97

                          Number of input reads |	262101
                      Average input read length |	202
                                    UNIQUE READS:
                   Uniquely mapped reads number |	71188
                        Uniquely mapped reads % |	27.16%
                          Average mapped length |	195.06
                       Number of splices: Total |	200149
            Number of splices: Annotated (sjdb) |	199011
                       Number of splices: GT/AG |	199949
                       Number of splices: GC/AG |	200
                       Number of splices: AT/AC |	0
               Number of splices: Non-canonical |	0
                      Mismatch rate per base, % |	0.75%
                         Deletion rate per base |	0.32%
                        Deletion average length |	1.00
                        Insertion rate per base |	0.07%
                       Insertion average length |	11.17
                             MULTI-MAPPING READS:
        Number of reads mapped to multiple loci |	142
             % of reads mapped to multiple loci |	0.05%
        Number of reads mapped to too many loci |	9
             % of reads mapped to too many loci |	0.00%
                                  UNMAPPED READS:
       % of reads unmapped: too many mismatches |	0.48%
                 % of reads unmapped: too short |	72.30%
                     % of reads unmapped: other |	0.00%
                                  CHIMERIC READS:
                       Number of chimeric reads |	5
                            % of chimeric reads |	0.00%
