                                 Started job on |	May 10 17:06:02
                             Started mapping on |	May 10 17:06:03
                                    Finished on |	May 10 17:08:26
       Mapping speed, Million of reads per hour |	6.63

                          Number of input reads |	263339
                      Average input read length |	202
                                    UNIQUE READS:
                   Uniquely mapped reads number |	74254
                        Uniquely mapped reads % |	28.20%
                          Average mapped length |	196.12
                       Number of splices: Total |	160844
            Number of splices: Annotated (sjdb) |	158757
                       Number of splices: GT/AG |	160715
                       Number of splices: GC/AG |	129
                       Number of splices: AT/AC |	0
               Number of splices: Non-canonical |	0
                      Mismatch rate per base, % |	0.69%
                         Deletion rate per base |	0.35%
                        Deletion average length |	1.00
                        Insertion rate per base |	0.00%
                       Insertion average length |	1.04
                             MULTI-MAPPING READS:
        Number of reads mapped to multiple loci |	99
             % of reads mapped to multiple loci |	0.04%
        Number of reads mapped to too many loci |	15
             % of reads mapped to too many loci |	0.01%
                                  UNMAPPED READS:
       % of reads unmapped: too many mismatches |	0.46%
                 % of reads unmapped: too short |	71.30%
                     % of reads unmapped: other |	0.00%
                                  CHIMERIC READS:
                       Number of chimeric reads |	5
                            % of chimeric reads |	0.00%
