                                 Started job on |	May 10 07:03:30
                             Started mapping on |	May 10 07:03:31
                                    Finished on |	May 10 07:06:02
       Mapping speed, Million of reads per hour |	4.95

                          Number of input reads |	207816
                      Average input read length |	202
                                    UNIQUE READS:
                   Uniquely mapped reads number |	60418
                        Uniquely mapped reads % |	29.07%
                          Average mapped length |	194.42
                       Number of splices: Total |	168960
            Number of splices: Annotated (sjdb) |	167801
                       Number of splices: GT/AG |	168820
                       Number of splices: GC/AG |	140
                       Number of splices: AT/AC |	0
               Number of splices: Non-canonical |	0
                      Mismatch rate per base, % |	0.78%
                         Deletion rate per base |	0.30%
                        Deletion average length |	1.00
                        Insertion rate per base |	0.08%
                       Insertion average length |	11.27
                             MULTI-MAPPING READS:
        Number of reads mapped to multiple loci |	135
             % of reads mapped to multiple loci |	0.06%
        Number of reads mapped to too many loci |	5
             % of reads mapped to too many loci |	0.00%
                                  UNMAPPED READS:
       % of reads unmapped: too many mismatches |	0.54%
                 % of reads unmapped: too short |	70.32%
                     % of reads unmapped: other |	0.00%
                                  CHIMERIC READS:
                       Number of chimeric reads |	13
                            % of chimeric reads |	0.01%
