                                 Started job on |	May 04 15:38:05
                             Started mapping on |	May 04 15:38:07
                                    Finished on |	May 04 15:40:00
       Mapping speed, Million of reads per hour |	7.63

                          Number of input reads |	239591
                      Average input read length |	202
                                    UNIQUE READS:
                   Uniquely mapped reads number |	54191
                        Uniquely mapped reads % |	22.62%
                          Average mapped length |	196.39
                       Number of splices: Total |	115816
            Number of splices: Annotated (sjdb) |	114302
                       Number of splices: GT/AG |	115734
                       Number of splices: GC/AG |	82
                       Number of splices: AT/AC |	0
               Number of splices: Non-canonical |	0
                      Mismatch rate per base, % |	0.69%
                         Deletion rate per base |	0.36%
                        Deletion average length |	1.00
                        Insertion rate per base |	0.00%
                       Insertion average length |	1.04
                             MULTI-MAPPING READS:
        Number of reads mapped to multiple loci |	66
             % of reads mapped to multiple loci |	0.03%
        Number of reads mapped to too many loci |	9
             % of reads mapped to too many loci |	0.00%
                                  UNMAPPED READS:
       % of reads unmapped: too many mismatches |	0.35%
                 % of reads unmapped: too short |	77.00%
                     % of reads unmapped: other |	0.00%
                                  CHIMERIC READS:
                       Number of chimeric reads |	5
                            % of chimeric reads |	0.00%
