                                 Started job on |	May 08 11:52:43
                             Started mapping on |	May 08 11:52:43
                                    Finished on |	May 08 11:55:42
       Mapping speed, Million of reads per hour |	6.29

                          Number of input reads |	312763
                      Average input read length |	202
                                    UNIQUE READS:
                   Uniquely mapped reads number |	76449
                        Uniquely mapped reads % |	24.44%
                          Average mapped length |	195.47
                       Number of splices: Total |	225964
            Number of splices: Annotated (sjdb) |	224918
                       Number of splices: GT/AG |	225824
                       Number of splices: GC/AG |	140
                       Number of splices: AT/AC |	0
               Number of splices: Non-canonical |	0
                      Mismatch rate per base, % |	0.69%
                         Deletion rate per base |	0.33%
                        Deletion average length |	1.00
                        Insertion rate per base |	0.08%
                       Insertion average length |	11.27
                             MULTI-MAPPING READS:
        Number of reads mapped to multiple loci |	132
             % of reads mapped to multiple loci |	0.04%
        Number of reads mapped to too many loci |	3
             % of reads mapped to too many loci |	0.00%
                                  UNMAPPED READS:
       % of reads unmapped: too many mismatches |	0.41%
                 % of reads unmapped: too short |	75.10%
                     % of reads unmapped: other |	0.00%
                                  CHIMERIC READS:
                       Number of chimeric reads |	10
                            % of chimeric reads |	0.00%
