                                 Started job on |	May 10 05:50:52
                             Started mapping on |	May 10 05:51:00
                                    Finished on |	May 10 05:55:01
       Mapping speed, Million of reads per hour |	2.97

                          Number of input reads |	199145
                      Average input read length |	202
                                    UNIQUE READS:
                   Uniquely mapped reads number |	51421
                        Uniquely mapped reads % |	25.82%
                          Average mapped length |	194.81
                       Number of splices: Total |	147590
            Number of splices: Annotated (sjdb) |	146802
                       Number of splices: GT/AG |	147422
                       Number of splices: GC/AG |	168
                       Number of splices: AT/AC |	0
               Number of splices: Non-canonical |	0
                      Mismatch rate per base, % |	0.75%
                         Deletion rate per base |	0.31%
                        Deletion average length |	1.00
                        Insertion rate per base |	0.08%
                       Insertion average length |	11.39
                             MULTI-MAPPING READS:
        Number of reads mapped to multiple loci |	104
             % of reads mapped to multiple loci |	0.05%
        Number of reads mapped to too many loci |	10
             % of reads mapped to too many loci |	0.01%
                                  UNMAPPED READS:
       % of reads unmapped: too many mismatches |	0.49%
                 % of reads unmapped: too short |	73.63%
                     % of reads unmapped: other |	0.00%
                                  CHIMERIC READS:
                       Number of chimeric reads |	12
                            % of chimeric reads |	0.01%
