                                 Started job on |	May 07 16:39:30
                             Started mapping on |	May 07 16:39:31
                                    Finished on |	May 07 16:42:23
       Mapping speed, Million of reads per hour |	6.15

                          Number of input reads |	293772
                      Average input read length |	202
                                    UNIQUE READS:
                   Uniquely mapped reads number |	70731
                        Uniquely mapped reads % |	24.08%
                          Average mapped length |	194.69
                       Number of splices: Total |	205095
            Number of splices: Annotated (sjdb) |	203931
                       Number of splices: GT/AG |	204919
                       Number of splices: GC/AG |	176
                       Number of splices: AT/AC |	0
               Number of splices: Non-canonical |	0
                      Mismatch rate per base, % |	0.74%
                         Deletion rate per base |	0.32%
                        Deletion average length |	1.00
                        Insertion rate per base |	0.09%
                       Insertion average length |	11.34
                             MULTI-MAPPING READS:
        Number of reads mapped to multiple loci |	175
             % of reads mapped to multiple loci |	0.06%
        Number of reads mapped to too many loci |	8
             % of reads mapped to too many loci |	0.00%
                                  UNMAPPED READS:
       % of reads unmapped: too many mismatches |	0.42%
                 % of reads unmapped: too short |	75.44%
                     % of reads unmapped: other |	0.00%
                                  CHIMERIC READS:
                       Number of chimeric reads |	18
                            % of chimeric reads |	0.01%
