                                 Started job on |	May 04 18:17:54
                             Started mapping on |	May 04 18:17:55
                                    Finished on |	May 04 18:20:21
       Mapping speed, Million of reads per hour |	14.06

                          Number of input reads |	570177
                      Average input read length |	202
                                    UNIQUE READS:
                   Uniquely mapped reads number |	77158
                        Uniquely mapped reads % |	13.53%
                          Average mapped length |	196.86
                       Number of splices: Total |	163407
            Number of splices: Annotated (sjdb) |	161669
                       Number of splices: GT/AG |	163346
                       Number of splices: GC/AG |	61
                       Number of splices: AT/AC |	0
               Number of splices: Non-canonical |	0
                      Mismatch rate per base, % |	0.65%
                         Deletion rate per base |	0.38%
                        Deletion average length |	1.00
                        Insertion rate per base |	0.00%
                       Insertion average length |	1.19
                             MULTI-MAPPING READS:
        Number of reads mapped to multiple loci |	83
             % of reads mapped to multiple loci |	0.01%
        Number of reads mapped to too many loci |	9
             % of reads mapped to too many loci |	0.00%
                                  UNMAPPED READS:
       % of reads unmapped: too many mismatches |	0.20%
                 % of reads unmapped: too short |	86.26%
                     % of reads unmapped: other |	0.00%
                                  CHIMERIC READS:
                       Number of chimeric reads |	11
                            % of chimeric reads |	0.00%
