                                 Started job on |	May 10 18:22:38
                             Started mapping on |	May 10 18:22:40
                                    Finished on |	May 10 18:24:56
       Mapping speed, Million of reads per hour |	9.46

                          Number of input reads |	357197
                      Average input read length |	202
                                    UNIQUE READS:
                   Uniquely mapped reads number |	87986
                        Uniquely mapped reads % |	24.63%
                          Average mapped length |	196.44
                       Number of splices: Total |	190738
            Number of splices: Annotated (sjdb) |	188743
                       Number of splices: GT/AG |	190619
                       Number of splices: GC/AG |	119
                       Number of splices: AT/AC |	0
               Number of splices: Non-canonical |	0
                      Mismatch rate per base, % |	0.70%
                         Deletion rate per base |	0.36%
                        Deletion average length |	1.00
                        Insertion rate per base |	0.00%
                       Insertion average length |	1.20
                             MULTI-MAPPING READS:
        Number of reads mapped to multiple loci |	108
             % of reads mapped to multiple loci |	0.03%
        Number of reads mapped to too many loci |	12
             % of reads mapped to too many loci |	0.00%
                                  UNMAPPED READS:
       % of reads unmapped: too many mismatches |	0.41%
                 % of reads unmapped: too short |	74.92%
                     % of reads unmapped: other |	0.00%
                                  CHIMERIC READS:
                       Number of chimeric reads |	6
                            % of chimeric reads |	0.00%
