                                 Started job on |	May 04 17:10:24
                             Started mapping on |	May 04 17:10:26
                                    Finished on |	May 04 17:13:34
       Mapping speed, Million of reads per hour |	8.33

                          Number of input reads |	435084
                      Average input read length |	202
                                    UNIQUE READS:
                   Uniquely mapped reads number |	61245
                        Uniquely mapped reads % |	14.08%
                          Average mapped length |	197.11
                       Number of splices: Total |	129869
            Number of splices: Annotated (sjdb) |	128690
                       Number of splices: GT/AG |	129843
                       Number of splices: GC/AG |	26
                       Number of splices: AT/AC |	0
               Number of splices: Non-canonical |	0
                      Mismatch rate per base, % |	0.63%
                         Deletion rate per base |	0.38%
                        Deletion average length |	1.00
                        Insertion rate per base |	0.00%
                       Insertion average length |	1.38
                             MULTI-MAPPING READS:
        Number of reads mapped to multiple loci |	52
             % of reads mapped to multiple loci |	0.01%
        Number of reads mapped to too many loci |	6
             % of reads mapped to too many loci |	0.00%
                                  UNMAPPED READS:
       % of reads unmapped: too many mismatches |	0.18%
                 % of reads unmapped: too short |	85.73%
                     % of reads unmapped: other |	0.00%
                                  CHIMERIC READS:
                       Number of chimeric reads |	5
                            % of chimeric reads |	0.00%
