                                 Started job on |	May 10 03:27:37
                             Started mapping on |	May 10 03:27:38
                                    Finished on |	May 10 03:31:15
       Mapping speed, Million of reads per hour |	5.57

                          Number of input reads |	335525
                      Average input read length |	202
                                    UNIQUE READS:
                   Uniquely mapped reads number |	73404
                        Uniquely mapped reads % |	21.88%
                          Average mapped length |	194.76
                       Number of splices: Total |	213882
            Number of splices: Annotated (sjdb) |	212781
                       Number of splices: GT/AG |	213685
                       Number of splices: GC/AG |	197
                       Number of splices: AT/AC |	0
               Number of splices: Non-canonical |	0
                      Mismatch rate per base, % |	0.75%
                         Deletion rate per base |	0.32%
                        Deletion average length |	1.00
                        Insertion rate per base |	0.08%
                       Insertion average length |	11.01
                             MULTI-MAPPING READS:
        Number of reads mapped to multiple loci |	163
             % of reads mapped to multiple loci |	0.05%
        Number of reads mapped to too many loci |	9
             % of reads mapped to too many loci |	0.00%
                                  UNMAPPED READS:
       % of reads unmapped: too many mismatches |	0.42%
                 % of reads unmapped: too short |	77.65%
                     % of reads unmapped: other |	0.00%
                                  CHIMERIC READS:
                       Number of chimeric reads |	15
                            % of chimeric reads |	0.00%
