                                 Started job on |	May 10 18:39:35
                             Started mapping on |	May 10 18:39:37
                                    Finished on |	May 10 18:42:15
       Mapping speed, Million of reads per hour |	8.18

                          Number of input reads |	358805
                      Average input read length |	202
                                    UNIQUE READS:
                   Uniquely mapped reads number |	94089
                        Uniquely mapped reads % |	26.22%
                          Average mapped length |	195.36
                       Number of splices: Total |	202123
            Number of splices: Annotated (sjdb) |	198595
                       Number of splices: GT/AG |	202010
                       Number of splices: GC/AG |	113
                       Number of splices: AT/AC |	0
               Number of splices: Non-canonical |	0
                      Mismatch rate per base, % |	0.81%
                         Deletion rate per base |	0.35%
                        Deletion average length |	1.00
                        Insertion rate per base |	0.00%
                       Insertion average length |	1.04
                             MULTI-MAPPING READS:
        Number of reads mapped to multiple loci |	117
             % of reads mapped to multiple loci |	0.03%
        Number of reads mapped to too many loci |	11
             % of reads mapped to too many loci |	0.00%
                                  UNMAPPED READS:
       % of reads unmapped: too many mismatches |	0.47%
                 % of reads unmapped: too short |	73.27%
                     % of reads unmapped: other |	0.00%
                                  CHIMERIC READS:
                       Number of chimeric reads |	11
                            % of chimeric reads |	0.00%
