                                 Started job on |	May 10 18:09:43
                             Started mapping on |	May 10 18:09:45
                                    Finished on |	May 10 18:11:59
       Mapping speed, Million of reads per hour |	6.31

                          Number of input reads |	234723
                      Average input read length |	202
                                    UNIQUE READS:
                   Uniquely mapped reads number |	60088
                        Uniquely mapped reads % |	25.60%
                          Average mapped length |	196.20
                       Number of splices: Total |	130956
            Number of splices: Annotated (sjdb) |	129409
                       Number of splices: GT/AG |	130868
                       Number of splices: GC/AG |	88
                       Number of splices: AT/AC |	0
               Number of splices: Non-canonical |	0
                      Mismatch rate per base, % |	0.70%
                         Deletion rate per base |	0.36%
                        Deletion average length |	1.00
                        Insertion rate per base |	0.00%
                       Insertion average length |	1.02
                             MULTI-MAPPING READS:
        Number of reads mapped to multiple loci |	81
             % of reads mapped to multiple loci |	0.03%
        Number of reads mapped to too many loci |	15
             % of reads mapped to too many loci |	0.01%
                                  UNMAPPED READS:
       % of reads unmapped: too many mismatches |	0.43%
                 % of reads unmapped: too short |	73.93%
                     % of reads unmapped: other |	0.00%
                                  CHIMERIC READS:
                       Number of chimeric reads |	8
                            % of chimeric reads |	0.00%
