                                 Started job on |	May 06 03:35:32
                             Started mapping on |	May 06 03:35:34
                                    Finished on |	May 06 03:37:43
       Mapping speed, Million of reads per hour |	6.49

                          Number of input reads |	232717
                      Average input read length |	202
                                    UNIQUE READS:
                   Uniquely mapped reads number |	56334
                        Uniquely mapped reads % |	24.21%
                          Average mapped length |	195.70
                       Number of splices: Total |	122603
            Number of splices: Annotated (sjdb) |	121320
                       Number of splices: GT/AG |	122550
                       Number of splices: GC/AG |	53
                       Number of splices: AT/AC |	0
               Number of splices: Non-canonical |	0
                      Mismatch rate per base, % |	0.75%
                         Deletion rate per base |	0.35%
                        Deletion average length |	1.00
                        Insertion rate per base |	0.00%
                       Insertion average length |	2.40
                             MULTI-MAPPING READS:
        Number of reads mapped to multiple loci |	84
             % of reads mapped to multiple loci |	0.04%
        Number of reads mapped to too many loci |	5
             % of reads mapped to too many loci |	0.00%
                                  UNMAPPED READS:
       % of reads unmapped: too many mismatches |	0.44%
                 % of reads unmapped: too short |	75.32%
                     % of reads unmapped: other |	0.00%
                                  CHIMERIC READS:
                       Number of chimeric reads |	1
                            % of chimeric reads |	0.00%
