                                 Started job on |	May 04 10:57:56
                             Started mapping on |	May 04 10:57:58
                                    Finished on |	May 04 11:00:49
       Mapping speed, Million of reads per hour |	4.84

                          Number of input reads |	230008
                      Average input read length |	202
                                    UNIQUE READS:
                   Uniquely mapped reads number |	42162
                        Uniquely mapped reads % |	18.33%
                          Average mapped length |	196.20
                       Number of splices: Total |	90134
            Number of splices: Annotated (sjdb) |	88938
                       Number of splices: GT/AG |	90093
                       Number of splices: GC/AG |	41
                       Number of splices: AT/AC |	0
               Number of splices: Non-canonical |	0
                      Mismatch rate per base, % |	0.67%
                         Deletion rate per base |	0.37%
                        Deletion average length |	1.00
                        Insertion rate per base |	0.00%
                       Insertion average length |	1.02
                             MULTI-MAPPING READS:
        Number of reads mapped to multiple loci |	37
             % of reads mapped to multiple loci |	0.02%
        Number of reads mapped to too many loci |	4
             % of reads mapped to too many loci |	0.00%
                                  UNMAPPED READS:
       % of reads unmapped: too many mismatches |	0.30%
                 % of reads unmapped: too short |	81.36%
                     % of reads unmapped: other |	0.00%
                                  CHIMERIC READS:
                       Number of chimeric reads |	7
                            % of chimeric reads |	0.00%
