                                 Started job on |	May 07 04:42:51
                             Started mapping on |	May 07 04:42:52
                                    Finished on |	May 07 04:45:32
       Mapping speed, Million of reads per hour |	3.24

                          Number of input reads |	143825
                      Average input read length |	202
                                    UNIQUE READS:
                   Uniquely mapped reads number |	28220
                        Uniquely mapped reads % |	19.62%
                          Average mapped length |	195.12
                       Number of splices: Total |	83016
            Number of splices: Annotated (sjdb) |	82602
                       Number of splices: GT/AG |	82973
                       Number of splices: GC/AG |	43
                       Number of splices: AT/AC |	0
               Number of splices: Non-canonical |	0
                      Mismatch rate per base, % |	0.75%
                         Deletion rate per base |	0.32%
                        Deletion average length |	1.01
                        Insertion rate per base |	0.09%
                       Insertion average length |	11.29
                             MULTI-MAPPING READS:
        Number of reads mapped to multiple loci |	66
             % of reads mapped to multiple loci |	0.05%
        Number of reads mapped to too many loci |	4
             % of reads mapped to too many loci |	0.00%
                                  UNMAPPED READS:
       % of reads unmapped: too many mismatches |	0.35%
                 % of reads unmapped: too short |	79.98%
                     % of reads unmapped: other |	0.00%
                                  CHIMERIC READS:
                       Number of chimeric reads |	6
                            % of chimeric reads |	0.00%
