                                 Started job on |	May 09 15:50:47
                             Started mapping on |	May 09 15:50:48
                                    Finished on |	May 09 15:53:26
       Mapping speed, Million of reads per hour |	3.65

                          Number of input reads |	160206
                      Average input read length |	202
                                    UNIQUE READS:
                   Uniquely mapped reads number |	44032
                        Uniquely mapped reads % |	27.48%
                          Average mapped length |	195.07
                       Number of splices: Total |	127652
            Number of splices: Annotated (sjdb) |	126976
                       Number of splices: GT/AG |	127555
                       Number of splices: GC/AG |	97
                       Number of splices: AT/AC |	0
               Number of splices: Non-canonical |	0
                      Mismatch rate per base, % |	0.70%
                         Deletion rate per base |	0.32%
                        Deletion average length |	1.00
                        Insertion rate per base |	0.09%
                       Insertion average length |	10.91
                             MULTI-MAPPING READS:
        Number of reads mapped to multiple loci |	108
             % of reads mapped to multiple loci |	0.07%
        Number of reads mapped to too many loci |	7
             % of reads mapped to too many loci |	0.00%
                                  UNMAPPED READS:
       % of reads unmapped: too many mismatches |	0.47%
                 % of reads unmapped: too short |	71.98%
                     % of reads unmapped: other |	0.00%
                                  CHIMERIC READS:
                       Number of chimeric reads |	8
                            % of chimeric reads |	0.00%
