                                 Started job on |	May 08 23:54:16
                             Started mapping on |	May 08 23:54:17
                                    Finished on |	May 08 23:56:01
       Mapping speed, Million of reads per hour |	8.56

                          Number of input reads |	247341
                      Average input read length |	202
                                    UNIQUE READS:
                   Uniquely mapped reads number |	45891
                        Uniquely mapped reads % |	18.55%
                          Average mapped length |	195.25
                       Number of splices: Total |	133315
            Number of splices: Annotated (sjdb) |	132536
                       Number of splices: GT/AG |	133220
                       Number of splices: GC/AG |	95
                       Number of splices: AT/AC |	0
               Number of splices: Non-canonical |	0
                      Mismatch rate per base, % |	0.71%
                         Deletion rate per base |	0.33%
                        Deletion average length |	1.00
                        Insertion rate per base |	0.07%
                       Insertion average length |	11.11
                             MULTI-MAPPING READS:
        Number of reads mapped to multiple loci |	87
             % of reads mapped to multiple loci |	0.04%
        Number of reads mapped to too many loci |	4
             % of reads mapped to too many loci |	0.00%
                                  UNMAPPED READS:
       % of reads unmapped: too many mismatches |	0.35%
                 % of reads unmapped: too short |	81.06%
                     % of reads unmapped: other |	0.00%
                                  CHIMERIC READS:
                       Number of chimeric reads |	12
                            % of chimeric reads |	0.00%
