                                 Started job on |	May 10 16:37:17
                             Started mapping on |	May 10 16:37:18
                                    Finished on |	May 10 16:40:32
       Mapping speed, Million of reads per hour |	3.40

                          Number of input reads |	183215
                      Average input read length |	202
                                    UNIQUE READS:
                   Uniquely mapped reads number |	42237
                        Uniquely mapped reads % |	23.05%
                          Average mapped length |	196.37
                       Number of splices: Total |	91823
            Number of splices: Annotated (sjdb) |	90798
                       Number of splices: GT/AG |	91723
                       Number of splices: GC/AG |	100
                       Number of splices: AT/AC |	0
               Number of splices: Non-canonical |	0
                      Mismatch rate per base, % |	0.70%
                         Deletion rate per base |	0.36%
                        Deletion average length |	1.00
                        Insertion rate per base |	0.00%
                       Insertion average length |	1.13
                             MULTI-MAPPING READS:
        Number of reads mapped to multiple loci |	49
             % of reads mapped to multiple loci |	0.03%
        Number of reads mapped to too many loci |	4
             % of reads mapped to too many loci |	0.00%
                                  UNMAPPED READS:
       % of reads unmapped: too many mismatches |	0.41%
                 % of reads unmapped: too short |	76.50%
                     % of reads unmapped: other |	0.00%
                                  CHIMERIC READS:
                       Number of chimeric reads |	1
                            % of chimeric reads |	0.00%
