                                 Started job on |	May 10 07:06:05
                             Started mapping on |	May 10 07:06:06
                                    Finished on |	May 10 07:08:50
       Mapping speed, Million of reads per hour |	5.20

                          Number of input reads |	236687
                      Average input read length |	202
                                    UNIQUE READS:
                   Uniquely mapped reads number |	66357
                        Uniquely mapped reads % |	28.04%
                          Average mapped length |	194.78
                       Number of splices: Total |	186103
            Number of splices: Annotated (sjdb) |	185032
                       Number of splices: GT/AG |	185882
                       Number of splices: GC/AG |	221
                       Number of splices: AT/AC |	0
               Number of splices: Non-canonical |	0
                      Mismatch rate per base, % |	0.77%
                         Deletion rate per base |	0.31%
                        Deletion average length |	1.00
                        Insertion rate per base |	0.08%
                       Insertion average length |	11.23
                             MULTI-MAPPING READS:
        Number of reads mapped to multiple loci |	153
             % of reads mapped to multiple loci |	0.06%
        Number of reads mapped to too many loci |	7
             % of reads mapped to too many loci |	0.00%
                                  UNMAPPED READS:
       % of reads unmapped: too many mismatches |	0.54%
                 % of reads unmapped: too short |	71.36%
                     % of reads unmapped: other |	0.00%
                                  CHIMERIC READS:
                       Number of chimeric reads |	11
                            % of chimeric reads |	0.00%
