                                 Started job on |	May 09 09:34:57
                             Started mapping on |	May 09 09:34:58
                                    Finished on |	May 09 09:37:44
       Mapping speed, Million of reads per hour |	7.64

                          Number of input reads |	352133
                      Average input read length |	202
                                    UNIQUE READS:
                   Uniquely mapped reads number |	96278
                        Uniquely mapped reads % |	27.34%
                          Average mapped length |	195.26
                       Number of splices: Total |	281771
            Number of splices: Annotated (sjdb) |	280314
                       Number of splices: GT/AG |	281609
                       Number of splices: GC/AG |	162
                       Number of splices: AT/AC |	0
               Number of splices: Non-canonical |	0
                      Mismatch rate per base, % |	0.71%
                         Deletion rate per base |	0.32%
                        Deletion average length |	1.00
                        Insertion rate per base |	0.08%
                       Insertion average length |	10.95
                             MULTI-MAPPING READS:
        Number of reads mapped to multiple loci |	229
             % of reads mapped to multiple loci |	0.07%
        Number of reads mapped to too many loci |	19
             % of reads mapped to too many loci |	0.01%
                                  UNMAPPED READS:
       % of reads unmapped: too many mismatches |	0.50%
                 % of reads unmapped: too short |	72.09%
                     % of reads unmapped: other |	0.00%
                                  CHIMERIC READS:
                       Number of chimeric reads |	19
                            % of chimeric reads |	0.01%
