                                 Started job on |	May 06 04:24:45
                             Started mapping on |	May 06 04:24:47
                                    Finished on |	May 06 04:26:57
       Mapping speed, Million of reads per hour |	7.94

                          Number of input reads |	286600
                      Average input read length |	202
                                    UNIQUE READS:
                   Uniquely mapped reads number |	63468
                        Uniquely mapped reads % |	22.15%
                          Average mapped length |	196.07
                       Number of splices: Total |	135209
            Number of splices: Annotated (sjdb) |	133767
                       Number of splices: GT/AG |	135167
                       Number of splices: GC/AG |	42
                       Number of splices: AT/AC |	0
               Number of splices: Non-canonical |	0
                      Mismatch rate per base, % |	0.73%
                         Deletion rate per base |	0.36%
                        Deletion average length |	1.00
                        Insertion rate per base |	0.00%
                       Insertion average length |	1.10
                             MULTI-MAPPING READS:
        Number of reads mapped to multiple loci |	81
             % of reads mapped to multiple loci |	0.03%
        Number of reads mapped to too many loci |	9
             % of reads mapped to too many loci |	0.00%
                                  UNMAPPED READS:
       % of reads unmapped: too many mismatches |	0.37%
                 % of reads unmapped: too short |	77.45%
                     % of reads unmapped: other |	0.00%
                                  CHIMERIC READS:
                       Number of chimeric reads |	1
                            % of chimeric reads |	0.00%
