                                 Started job on |	May 04 18:02:31
                             Started mapping on |	May 04 18:02:32
                                    Finished on |	May 04 18:04:41
       Mapping speed, Million of reads per hour |	10.57

                          Number of input reads |	378701
                      Average input read length |	202
                                    UNIQUE READS:
                   Uniquely mapped reads number |	68638
                        Uniquely mapped reads % |	18.12%
                          Average mapped length |	196.74
                       Number of splices: Total |	146545
            Number of splices: Annotated (sjdb) |	145168
                       Number of splices: GT/AG |	146494
                       Number of splices: GC/AG |	51
                       Number of splices: AT/AC |	0
               Number of splices: Non-canonical |	0
                      Mismatch rate per base, % |	0.68%
                         Deletion rate per base |	0.37%
                        Deletion average length |	1.00
                        Insertion rate per base |	0.00%
                       Insertion average length |	1.07
                             MULTI-MAPPING READS:
        Number of reads mapped to multiple loci |	68
             % of reads mapped to multiple loci |	0.02%
        Number of reads mapped to too many loci |	11
             % of reads mapped to too many loci |	0.00%
                                  UNMAPPED READS:
       % of reads unmapped: too many mismatches |	0.29%
                 % of reads unmapped: too short |	81.56%
                     % of reads unmapped: other |	0.00%
                                  CHIMERIC READS:
                       Number of chimeric reads |	4
                            % of chimeric reads |	0.00%
