                                 Started job on |	May 04 16:46:45
                             Started mapping on |	May 04 16:46:46
                                    Finished on |	May 04 16:49:52
       Mapping speed, Million of reads per hour |	6.63

                          Number of input reads |	342731
                      Average input read length |	202
                                    UNIQUE READS:
                   Uniquely mapped reads number |	54184
                        Uniquely mapped reads % |	15.81%
                          Average mapped length |	196.81
                       Number of splices: Total |	114783
            Number of splices: Annotated (sjdb) |	113545
                       Number of splices: GT/AG |	114759
                       Number of splices: GC/AG |	24
                       Number of splices: AT/AC |	0
               Number of splices: Non-canonical |	0
                      Mismatch rate per base, % |	0.64%
                         Deletion rate per base |	0.37%
                        Deletion average length |	1.00
                        Insertion rate per base |	0.00%
                       Insertion average length |	1.00
                             MULTI-MAPPING READS:
        Number of reads mapped to multiple loci |	58
             % of reads mapped to multiple loci |	0.02%
        Number of reads mapped to too many loci |	4
             % of reads mapped to too many loci |	0.00%
                                  UNMAPPED READS:
       % of reads unmapped: too many mismatches |	0.23%
                 % of reads unmapped: too short |	83.94%
                     % of reads unmapped: other |	0.00%
                                  CHIMERIC READS:
                       Number of chimeric reads |	3
                            % of chimeric reads |	0.00%
