                                 Started job on |	May 08 17:51:13
                             Started mapping on |	May 08 17:51:14
                                    Finished on |	May 08 17:53:43
       Mapping speed, Million of reads per hour |	4.07

                          Number of input reads |	168276
                      Average input read length |	202
                                    UNIQUE READS:
                   Uniquely mapped reads number |	43491
                        Uniquely mapped reads % |	25.85%
                          Average mapped length |	194.91
                       Number of splices: Total |	125317
            Number of splices: Annotated (sjdb) |	124618
                       Number of splices: GT/AG |	125139
                       Number of splices: GC/AG |	178
                       Number of splices: AT/AC |	0
               Number of splices: Non-canonical |	0
                      Mismatch rate per base, % |	0.72%
                         Deletion rate per base |	0.30%
                        Deletion average length |	1.00
                        Insertion rate per base |	0.08%
                       Insertion average length |	11.35
                             MULTI-MAPPING READS:
        Number of reads mapped to multiple loci |	110
             % of reads mapped to multiple loci |	0.07%
        Number of reads mapped to too many loci |	5
             % of reads mapped to too many loci |	0.00%
                                  UNMAPPED READS:
       % of reads unmapped: too many mismatches |	0.45%
                 % of reads unmapped: too short |	73.63%
                     % of reads unmapped: other |	0.00%
                                  CHIMERIC READS:
                       Number of chimeric reads |	3
                            % of chimeric reads |	0.00%
