                                 Started job on |	May 04 16:34:41
                             Started mapping on |	May 04 16:34:43
                                    Finished on |	May 04 16:37:16
       Mapping speed, Million of reads per hour |	7.27

                          Number of input reads |	308969
                      Average input read length |	202
                                    UNIQUE READS:
                   Uniquely mapped reads number |	52025
                        Uniquely mapped reads % |	16.84%
                          Average mapped length |	196.74
                       Number of splices: Total |	110423
            Number of splices: Annotated (sjdb) |	109231
                       Number of splices: GT/AG |	110385
                       Number of splices: GC/AG |	38
                       Number of splices: AT/AC |	0
               Number of splices: Non-canonical |	0
                      Mismatch rate per base, % |	0.66%
                         Deletion rate per base |	0.37%
                        Deletion average length |	1.00
                        Insertion rate per base |	0.00%
                       Insertion average length |	1.00
                             MULTI-MAPPING READS:
        Number of reads mapped to multiple loci |	67
             % of reads mapped to multiple loci |	0.02%
        Number of reads mapped to too many loci |	8
             % of reads mapped to too many loci |	0.00%
                                  UNMAPPED READS:
       % of reads unmapped: too many mismatches |	0.22%
                 % of reads unmapped: too short |	82.92%
                     % of reads unmapped: other |	0.00%
                                  CHIMERIC READS:
                       Number of chimeric reads |	2
                            % of chimeric reads |	0.00%
