                                 Started job on |	May 05 20:00:15
                             Started mapping on |	May 05 20:00:16
                                    Finished on |	May 05 20:03:33
       Mapping speed, Million of reads per hour |	5.59

                          Number of input reads |	306064
                      Average input read length |	202
                                    UNIQUE READS:
                   Uniquely mapped reads number |	45526
                        Uniquely mapped reads % |	14.87%
                          Average mapped length |	196.33
                       Number of splices: Total |	100770
            Number of splices: Annotated (sjdb) |	99612
                       Number of splices: GT/AG |	100746
                       Number of splices: GC/AG |	24
                       Number of splices: AT/AC |	0
               Number of splices: Non-canonical |	0
                      Mismatch rate per base, % |	0.75%
                         Deletion rate per base |	0.36%
                        Deletion average length |	1.00
                        Insertion rate per base |	0.00%
                       Insertion average length |	1.00
                             MULTI-MAPPING READS:
        Number of reads mapped to multiple loci |	60
             % of reads mapped to multiple loci |	0.02%
        Number of reads mapped to too many loci |	6
             % of reads mapped to too many loci |	0.00%
                                  UNMAPPED READS:
       % of reads unmapped: too many mismatches |	0.26%
                 % of reads unmapped: too short |	84.84%
                     % of reads unmapped: other |	0.00%
                                  CHIMERIC READS:
                       Number of chimeric reads |	2
                            % of chimeric reads |	0.00%
