                                 Started job on |	May 08 13:30:48
                             Started mapping on |	May 08 13:30:50
                                    Finished on |	May 08 13:33:43
       Mapping speed, Million of reads per hour |	6.14

                          Number of input reads |	294979
                      Average input read length |	202
                                    UNIQUE READS:
                   Uniquely mapped reads number |	68337
                        Uniquely mapped reads % |	23.17%
                          Average mapped length |	195.01
                       Number of splices: Total |	199522
            Number of splices: Annotated (sjdb) |	198437
                       Number of splices: GT/AG |	199368
                       Number of splices: GC/AG |	154
                       Number of splices: AT/AC |	0
               Number of splices: Non-canonical |	0
                      Mismatch rate per base, % |	0.71%
                         Deletion rate per base |	0.32%
                        Deletion average length |	1.00
                        Insertion rate per base |	0.08%
                       Insertion average length |	10.98
                             MULTI-MAPPING READS:
        Number of reads mapped to multiple loci |	160
             % of reads mapped to multiple loci |	0.05%
        Number of reads mapped to too many loci |	9
             % of reads mapped to too many loci |	0.00%
                                  UNMAPPED READS:
       % of reads unmapped: too many mismatches |	0.45%
                 % of reads unmapped: too short |	76.33%
                     % of reads unmapped: other |	0.00%
                                  CHIMERIC READS:
                       Number of chimeric reads |	9
                            % of chimeric reads |	0.00%
