                                 Started job on |	May 09 12:53:43
                             Started mapping on |	May 09 12:53:44
                                    Finished on |	May 09 12:57:58
       Mapping speed, Million of reads per hour |	4.38

                          Number of input reads |	309122
                      Average input read length |	202
                                    UNIQUE READS:
                   Uniquely mapped reads number |	103091
                        Uniquely mapped reads % |	33.35%
                          Average mapped length |	194.82
                       Number of splices: Total |	294488
            Number of splices: Annotated (sjdb) |	292871
                       Number of splices: GT/AG |	294261
                       Number of splices: GC/AG |	227
                       Number of splices: AT/AC |	0
               Number of splices: Non-canonical |	0
                      Mismatch rate per base, % |	0.71%
                         Deletion rate per base |	0.31%
                        Deletion average length |	1.00
                        Insertion rate per base |	0.11%
                       Insertion average length |	11.26
                             MULTI-MAPPING READS:
        Number of reads mapped to multiple loci |	252
             % of reads mapped to multiple loci |	0.08%
        Number of reads mapped to too many loci |	15
             % of reads mapped to too many loci |	0.00%
                                  UNMAPPED READS:
       % of reads unmapped: too many mismatches |	0.58%
                 % of reads unmapped: too short |	65.98%
                     % of reads unmapped: other |	0.00%
                                  CHIMERIC READS:
                       Number of chimeric reads |	19
                            % of chimeric reads |	0.01%
