                                 Started job on |	May 10 03:36:32
                             Started mapping on |	May 10 03:36:34
                                    Finished on |	May 10 03:39:12
       Mapping speed, Million of reads per hour |	3.78

                          Number of input reads |	165851
                      Average input read length |	202
                                    UNIQUE READS:
                   Uniquely mapped reads number |	47685
                        Uniquely mapped reads % |	28.75%
                          Average mapped length |	194.78
                       Number of splices: Total |	136112
            Number of splices: Annotated (sjdb) |	135309
                       Number of splices: GT/AG |	135963
                       Number of splices: GC/AG |	149
                       Number of splices: AT/AC |	0
               Number of splices: Non-canonical |	0
                      Mismatch rate per base, % |	0.73%
                         Deletion rate per base |	0.31%
                        Deletion average length |	1.00
                        Insertion rate per base |	0.10%
                       Insertion average length |	11.27
                             MULTI-MAPPING READS:
        Number of reads mapped to multiple loci |	123
             % of reads mapped to multiple loci |	0.07%
        Number of reads mapped to too many loci |	9
             % of reads mapped to too many loci |	0.01%
                                  UNMAPPED READS:
       % of reads unmapped: too many mismatches |	0.50%
                 % of reads unmapped: too short |	70.67%
                     % of reads unmapped: other |	0.00%
                                  CHIMERIC READS:
                       Number of chimeric reads |	4
                            % of chimeric reads |	0.00%
