                                 Started job on |	May 10 23:34:19
                             Started mapping on |	May 10 23:34:19
                                    Finished on |	May 10 23:36:40
       Mapping speed, Million of reads per hour |	5.90

                          Number of input reads |	231275
                      Average input read length |	202
                                    UNIQUE READS:
                   Uniquely mapped reads number |	73503
                        Uniquely mapped reads % |	31.78%
                          Average mapped length |	196.15
                       Number of splices: Total |	158158
            Number of splices: Annotated (sjdb) |	156122
                       Number of splices: GT/AG |	158044
                       Number of splices: GC/AG |	114
                       Number of splices: AT/AC |	0
               Number of splices: Non-canonical |	0
                      Mismatch rate per base, % |	0.72%
                         Deletion rate per base |	0.36%
                        Deletion average length |	1.00
                        Insertion rate per base |	0.00%
                       Insertion average length |	1.05
                             MULTI-MAPPING READS:
        Number of reads mapped to multiple loci |	98
             % of reads mapped to multiple loci |	0.04%
        Number of reads mapped to too many loci |	4
             % of reads mapped to too many loci |	0.00%
                                  UNMAPPED READS:
       % of reads unmapped: too many mismatches |	0.55%
                 % of reads unmapped: too short |	67.62%
                     % of reads unmapped: other |	0.00%
                                  CHIMERIC READS:
                       Number of chimeric reads |	6
                            % of chimeric reads |	0.00%
