                                 Started job on |	May 04 23:15:57
                             Started mapping on |	May 04 23:15:58
                                    Finished on |	May 04 23:18:30
       Mapping speed, Million of reads per hour |	4.11

                          Number of input reads |	173380
                      Average input read length |	202
                                    UNIQUE READS:
                   Uniquely mapped reads number |	39442
                        Uniquely mapped reads % |	22.75%
                          Average mapped length |	196.05
                       Number of splices: Total |	83845
            Number of splices: Annotated (sjdb) |	82682
                       Number of splices: GT/AG |	83821
                       Number of splices: GC/AG |	24
                       Number of splices: AT/AC |	0
               Number of splices: Non-canonical |	0
                      Mismatch rate per base, % |	0.65%
                         Deletion rate per base |	0.37%
                        Deletion average length |	1.00
                        Insertion rate per base |	0.00%
                       Insertion average length |	1.43
                             MULTI-MAPPING READS:
        Number of reads mapped to multiple loci |	43
             % of reads mapped to multiple loci |	0.02%
        Number of reads mapped to too many loci |	2
             % of reads mapped to too many loci |	0.00%
                                  UNMAPPED READS:
       % of reads unmapped: too many mismatches |	0.27%
                 % of reads unmapped: too short |	76.95%
                     % of reads unmapped: other |	0.00%
                                  CHIMERIC READS:
                       Number of chimeric reads |	7
                            % of chimeric reads |	0.00%
