                                 Started job on |	May 10 11:18:07
                             Started mapping on |	May 10 11:18:08
                                    Finished on |	May 10 11:20:16
       Mapping speed, Million of reads per hour |	3.21

                          Number of input reads |	113995
                      Average input read length |	202
                                    UNIQUE READS:
                   Uniquely mapped reads number |	34264
                        Uniquely mapped reads % |	30.06%
                          Average mapped length |	196.05
                       Number of splices: Total |	74334
            Number of splices: Annotated (sjdb) |	73440
                       Number of splices: GT/AG |	74261
                       Number of splices: GC/AG |	73
                       Number of splices: AT/AC |	0
               Number of splices: Non-canonical |	0
                      Mismatch rate per base, % |	0.72%
                         Deletion rate per base |	0.35%
                        Deletion average length |	1.00
                        Insertion rate per base |	0.00%
                       Insertion average length |	1.06
                             MULTI-MAPPING READS:
        Number of reads mapped to multiple loci |	42
             % of reads mapped to multiple loci |	0.04%
        Number of reads mapped to too many loci |	15
             % of reads mapped to too many loci |	0.01%
                                  UNMAPPED READS:
       % of reads unmapped: too many mismatches |	0.61%
                 % of reads unmapped: too short |	69.28%
                     % of reads unmapped: other |	0.00%
                                  CHIMERIC READS:
                       Number of chimeric reads |	3
                            % of chimeric reads |	0.00%
