                                 Started job on |	May 05 15:02:06
                             Started mapping on |	May 05 15:02:08
                                    Finished on |	May 05 15:04:29
       Mapping speed, Million of reads per hour |	8.27

                          Number of input reads |	323955
                      Average input read length |	202
                                    UNIQUE READS:
                   Uniquely mapped reads number |	81480
                        Uniquely mapped reads % |	25.15%
                          Average mapped length |	195.65
                       Number of splices: Total |	176561
            Number of splices: Annotated (sjdb) |	174587
                       Number of splices: GT/AG |	176482
                       Number of splices: GC/AG |	79
                       Number of splices: AT/AC |	0
               Number of splices: Non-canonical |	0
                      Mismatch rate per base, % |	0.76%
                         Deletion rate per base |	0.35%
                        Deletion average length |	1.00
                        Insertion rate per base |	0.00%
                       Insertion average length |	1.06
                             MULTI-MAPPING READS:
        Number of reads mapped to multiple loci |	121
             % of reads mapped to multiple loci |	0.04%
        Number of reads mapped to too many loci |	12
             % of reads mapped to too many loci |	0.00%
                                  UNMAPPED READS:
       % of reads unmapped: too many mismatches |	0.41%
                 % of reads unmapped: too short |	74.39%
                     % of reads unmapped: other |	0.00%
                                  CHIMERIC READS:
                       Number of chimeric reads |	6
                            % of chimeric reads |	0.00%
