                                 Started job on |	May 09 21:39:44
                             Started mapping on |	May 09 21:39:45
                                    Finished on |	May 09 21:42:35
       Mapping speed, Million of reads per hour |	5.92

                          Number of input reads |	279698
                      Average input read length |	202
                                    UNIQUE READS:
                   Uniquely mapped reads number |	90095
                        Uniquely mapped reads % |	32.21%
                          Average mapped length |	194.55
                       Number of splices: Total |	258708
            Number of splices: Annotated (sjdb) |	257190
                       Number of splices: GT/AG |	258509
                       Number of splices: GC/AG |	199
                       Number of splices: AT/AC |	0
               Number of splices: Non-canonical |	0
                      Mismatch rate per base, % |	0.75%
                         Deletion rate per base |	0.30%
                        Deletion average length |	1.01
                        Insertion rate per base |	0.09%
                       Insertion average length |	11.29
                             MULTI-MAPPING READS:
        Number of reads mapped to multiple loci |	204
             % of reads mapped to multiple loci |	0.07%
        Number of reads mapped to too many loci |	5
             % of reads mapped to too many loci |	0.00%
                                  UNMAPPED READS:
       % of reads unmapped: too many mismatches |	0.59%
                 % of reads unmapped: too short |	67.12%
                     % of reads unmapped: other |	0.00%
                                  CHIMERIC READS:
                       Number of chimeric reads |	19
                            % of chimeric reads |	0.01%
