                                 Started job on |	May 08 06:08:07
                             Started mapping on |	May 08 06:08:08
                                    Finished on |	May 08 06:11:01
       Mapping speed, Million of reads per hour |	3.56

                          Number of input reads |	170957
                      Average input read length |	202
                                    UNIQUE READS:
                   Uniquely mapped reads number |	60069
                        Uniquely mapped reads % |	35.14%
                          Average mapped length |	195.12
                       Number of splices: Total |	174635
            Number of splices: Annotated (sjdb) |	173791
                       Number of splices: GT/AG |	174525
                       Number of splices: GC/AG |	110
                       Number of splices: AT/AC |	0
               Number of splices: Non-canonical |	0
                      Mismatch rate per base, % |	0.70%
                         Deletion rate per base |	0.31%
                        Deletion average length |	1.00
                        Insertion rate per base |	0.09%
                       Insertion average length |	11.22
                             MULTI-MAPPING READS:
        Number of reads mapped to multiple loci |	122
             % of reads mapped to multiple loci |	0.07%
        Number of reads mapped to too many loci |	3
             % of reads mapped to too many loci |	0.00%
                                  UNMAPPED READS:
       % of reads unmapped: too many mismatches |	0.57%
                 % of reads unmapped: too short |	64.22%
                     % of reads unmapped: other |	0.00%
                                  CHIMERIC READS:
                       Number of chimeric reads |	7
                            % of chimeric reads |	0.00%
