                                 Started job on |	May 09 02:54:37
                             Started mapping on |	May 09 02:54:38
                                    Finished on |	May 09 02:57:18
       Mapping speed, Million of reads per hour |	6.95

                          Number of input reads |	308999
                      Average input read length |	202
                                    UNIQUE READS:
                   Uniquely mapped reads number |	94843
                        Uniquely mapped reads % |	30.69%
                          Average mapped length |	194.58
                       Number of splices: Total |	270904
            Number of splices: Annotated (sjdb) |	269414
                       Number of splices: GT/AG |	270644
                       Number of splices: GC/AG |	260
                       Number of splices: AT/AC |	0
               Number of splices: Non-canonical |	0
                      Mismatch rate per base, % |	0.72%
                         Deletion rate per base |	0.29%
                        Deletion average length |	1.01
                        Insertion rate per base |	0.10%
                       Insertion average length |	11.40
                             MULTI-MAPPING READS:
        Number of reads mapped to multiple loci |	219
             % of reads mapped to multiple loci |	0.07%
        Number of reads mapped to too many loci |	6
             % of reads mapped to too many loci |	0.00%
                                  UNMAPPED READS:
       % of reads unmapped: too many mismatches |	0.51%
                 % of reads unmapped: too short |	68.72%
                     % of reads unmapped: other |	0.00%
                                  CHIMERIC READS:
                       Number of chimeric reads |	20
                            % of chimeric reads |	0.01%
