                                 Started job on |	May 10 04:36:46
                             Started mapping on |	May 10 04:36:47
                                    Finished on |	May 10 04:39:20
       Mapping speed, Million of reads per hour |	7.16

                          Number of input reads |	304109
                      Average input read length |	202
                                    UNIQUE READS:
                   Uniquely mapped reads number |	90799
                        Uniquely mapped reads % |	29.86%
                          Average mapped length |	196.20
                       Number of splices: Total |	195392
            Number of splices: Annotated (sjdb) |	192846
                       Number of splices: GT/AG |	195230
                       Number of splices: GC/AG |	162
                       Number of splices: AT/AC |	0
               Number of splices: Non-canonical |	0
                      Mismatch rate per base, % |	0.72%
                         Deletion rate per base |	0.35%
                        Deletion average length |	1.00
                        Insertion rate per base |	0.00%
                       Insertion average length |	1.20
                             MULTI-MAPPING READS:
        Number of reads mapped to multiple loci |	137
             % of reads mapped to multiple loci |	0.05%
        Number of reads mapped to too many loci |	17
             % of reads mapped to too many loci |	0.01%
                                  UNMAPPED READS:
       % of reads unmapped: too many mismatches |	0.57%
                 % of reads unmapped: too short |	69.52%
                     % of reads unmapped: other |	0.00%
                                  CHIMERIC READS:
                       Number of chimeric reads |	6
                            % of chimeric reads |	0.00%
