                                 Started job on |	May 10 07:20:51
                             Started mapping on |	May 10 07:20:53
                                    Finished on |	May 10 07:23:10
       Mapping speed, Million of reads per hour |	8.24

                          Number of input reads |	313691
                      Average input read length |	202
                                    UNIQUE READS:
                   Uniquely mapped reads number |	106059
                        Uniquely mapped reads % |	33.81%
                          Average mapped length |	195.80
                       Number of splices: Total |	227320
            Number of splices: Annotated (sjdb) |	224368
                       Number of splices: GT/AG |	227083
                       Number of splices: GC/AG |	237
                       Number of splices: AT/AC |	0
               Number of splices: Non-canonical |	0
                      Mismatch rate per base, % |	0.72%
                         Deletion rate per base |	0.35%
                        Deletion average length |	1.00
                        Insertion rate per base |	0.00%
                       Insertion average length |	1.05
                             MULTI-MAPPING READS:
        Number of reads mapped to multiple loci |	147
             % of reads mapped to multiple loci |	0.05%
        Number of reads mapped to too many loci |	32
             % of reads mapped to too many loci |	0.01%
                                  UNMAPPED READS:
       % of reads unmapped: too many mismatches |	0.56%
                 % of reads unmapped: too short |	65.58%
                     % of reads unmapped: other |	0.00%
                                  CHIMERIC READS:
                       Number of chimeric reads |	13
                            % of chimeric reads |	0.00%
