                                 Started job on |	May 08 14:11:59
                             Started mapping on |	May 08 14:12:00
                                    Finished on |	May 08 14:14:38
       Mapping speed, Million of reads per hour |	5.30

                          Number of input reads |	232668
                      Average input read length |	202
                                    UNIQUE READS:
                   Uniquely mapped reads number |	63569
                        Uniquely mapped reads % |	27.32%
                          Average mapped length |	194.84
                       Number of splices: Total |	185326
            Number of splices: Annotated (sjdb) |	184194
                       Number of splices: GT/AG |	185167
                       Number of splices: GC/AG |	159
                       Number of splices: AT/AC |	0
               Number of splices: Non-canonical |	0
                      Mismatch rate per base, % |	0.71%
                         Deletion rate per base |	0.30%
                        Deletion average length |	1.00
                        Insertion rate per base |	0.09%
                       Insertion average length |	11.42
                             MULTI-MAPPING READS:
        Number of reads mapped to multiple loci |	128
             % of reads mapped to multiple loci |	0.06%
        Number of reads mapped to too many loci |	6
             % of reads mapped to too many loci |	0.00%
                                  UNMAPPED READS:
       % of reads unmapped: too many mismatches |	0.44%
                 % of reads unmapped: too short |	72.18%
                     % of reads unmapped: other |	0.00%
                                  CHIMERIC READS:
                       Number of chimeric reads |	9
                            % of chimeric reads |	0.00%
