                                 Started job on |	May 07 13:09:56
                             Started mapping on |	May 07 13:09:57
                                    Finished on |	May 07 13:14:43
       Mapping speed, Million of reads per hour |	2.75

                          Number of input reads |	218204
                      Average input read length |	202
                                    UNIQUE READS:
                   Uniquely mapped reads number |	45436
                        Uniquely mapped reads % |	20.82%
                          Average mapped length |	194.86
                       Number of splices: Total |	132712
            Number of splices: Annotated (sjdb) |	132046
                       Number of splices: GT/AG |	132613
                       Number of splices: GC/AG |	99
                       Number of splices: AT/AC |	0
               Number of splices: Non-canonical |	0
                      Mismatch rate per base, % |	0.74%
                         Deletion rate per base |	0.33%
                        Deletion average length |	1.01
                        Insertion rate per base |	0.10%
                       Insertion average length |	11.36
                             MULTI-MAPPING READS:
        Number of reads mapped to multiple loci |	117
             % of reads mapped to multiple loci |	0.05%
        Number of reads mapped to too many loci |	6
             % of reads mapped to too many loci |	0.00%
                                  UNMAPPED READS:
       % of reads unmapped: too many mismatches |	0.33%
                 % of reads unmapped: too short |	78.79%
                     % of reads unmapped: other |	0.00%
                                  CHIMERIC READS:
                       Number of chimeric reads |	12
                            % of chimeric reads |	0.01%
