                                 Started job on |	May 11 19:36:31
                             Started mapping on |	May 11 19:36:32
                                    Finished on |	May 11 19:38:41
       Mapping speed, Million of reads per hour |	3.32

                          Number of input reads |	119050
                      Average input read length |	202
                                    UNIQUE READS:
                   Uniquely mapped reads number |	38561
                        Uniquely mapped reads % |	32.39%
                          Average mapped length |	196.15
                       Number of splices: Total |	83526
            Number of splices: Annotated (sjdb) |	82574
                       Number of splices: GT/AG |	83458
                       Number of splices: GC/AG |	68
                       Number of splices: AT/AC |	0
               Number of splices: Non-canonical |	0
                      Mismatch rate per base, % |	0.75%
                         Deletion rate per base |	0.35%
                        Deletion average length |	1.00
                        Insertion rate per base |	0.00%
                       Insertion average length |	1.44
                             MULTI-MAPPING READS:
        Number of reads mapped to multiple loci |	50
             % of reads mapped to multiple loci |	0.04%
        Number of reads mapped to too many loci |	12
             % of reads mapped to too many loci |	0.01%
                                  UNMAPPED READS:
       % of reads unmapped: too many mismatches |	0.67%
                 % of reads unmapped: too short |	66.88%
                     % of reads unmapped: other |	0.00%
                                  CHIMERIC READS:
                       Number of chimeric reads |	2
                            % of chimeric reads |	0.00%
