                                 Started job on |	May 04 04:54:13
                             Started mapping on |	May 04 04:54:15
                                    Finished on |	May 04 04:56:43
       Mapping speed, Million of reads per hour |	6.93

                          Number of input reads |	284799
                      Average input read length |	202
                                    UNIQUE READS:
                   Uniquely mapped reads number |	69175
                        Uniquely mapped reads % |	24.29%
                          Average mapped length |	196.42
                       Number of splices: Total |	148710
            Number of splices: Annotated (sjdb) |	147052
                       Number of splices: GT/AG |	148625
                       Number of splices: GC/AG |	85
                       Number of splices: AT/AC |	0
               Number of splices: Non-canonical |	0
                      Mismatch rate per base, % |	0.70%
                         Deletion rate per base |	0.36%
                        Deletion average length |	1.00
                        Insertion rate per base |	0.00%
                       Insertion average length |	1.22
                             MULTI-MAPPING READS:
        Number of reads mapped to multiple loci |	104
             % of reads mapped to multiple loci |	0.04%
        Number of reads mapped to too many loci |	7
             % of reads mapped to too many loci |	0.00%
                                  UNMAPPED READS:
       % of reads unmapped: too many mismatches |	0.39%
                 % of reads unmapped: too short |	75.28%
                     % of reads unmapped: other |	0.00%
                                  CHIMERIC READS:
                       Number of chimeric reads |	4
                            % of chimeric reads |	0.00%
