                                 Started job on |	May 07 18:33:51
                             Started mapping on |	May 07 18:33:52
                                    Finished on |	May 07 18:37:05
       Mapping speed, Million of reads per hour |	5.65

                          Number of input reads |	302910
                      Average input read length |	202
                                    UNIQUE READS:
                   Uniquely mapped reads number |	82767
                        Uniquely mapped reads % |	27.32%
                          Average mapped length |	194.81
                       Number of splices: Total |	239246
            Number of splices: Annotated (sjdb) |	237930
                       Number of splices: GT/AG |	239042
                       Number of splices: GC/AG |	204
                       Number of splices: AT/AC |	0
               Number of splices: Non-canonical |	0
                      Mismatch rate per base, % |	0.75%
                         Deletion rate per base |	0.31%
                        Deletion average length |	1.00
                        Insertion rate per base |	0.09%
                       Insertion average length |	11.29
                             MULTI-MAPPING READS:
        Number of reads mapped to multiple loci |	222
             % of reads mapped to multiple loci |	0.07%
        Number of reads mapped to too many loci |	11
             % of reads mapped to too many loci |	0.00%
                                  UNMAPPED READS:
       % of reads unmapped: too many mismatches |	0.49%
                 % of reads unmapped: too short |	72.10%
                     % of reads unmapped: other |	0.00%
                                  CHIMERIC READS:
                       Number of chimeric reads |	19
                            % of chimeric reads |	0.01%
