                                 Started job on |	May 09 12:07:42
                             Started mapping on |	May 09 12:07:44
                                    Finished on |	May 09 12:10:50
       Mapping speed, Million of reads per hour |	6.22

                          Number of input reads |	321323
                      Average input read length |	202
                                    UNIQUE READS:
                   Uniquely mapped reads number |	85362
                        Uniquely mapped reads % |	26.57%
                          Average mapped length |	194.65
                       Number of splices: Total |	246351
            Number of splices: Annotated (sjdb) |	245007
                       Number of splices: GT/AG |	246119
                       Number of splices: GC/AG |	232
                       Number of splices: AT/AC |	0
               Number of splices: Non-canonical |	0
                      Mismatch rate per base, % |	0.83%
                         Deletion rate per base |	0.32%
                        Deletion average length |	1.00
                        Insertion rate per base |	0.09%
                       Insertion average length |	11.51
                             MULTI-MAPPING READS:
        Number of reads mapped to multiple loci |	206
             % of reads mapped to multiple loci |	0.06%
        Number of reads mapped to too many loci |	20
             % of reads mapped to too many loci |	0.01%
                                  UNMAPPED READS:
       % of reads unmapped: too many mismatches |	0.71%
                 % of reads unmapped: too short |	72.66%
                     % of reads unmapped: other |	0.00%
                                  CHIMERIC READS:
                       Number of chimeric reads |	19
                            % of chimeric reads |	0.01%
