                                 Started job on |	May 04 12:32:45
                             Started mapping on |	May 04 12:32:46
                                    Finished on |	May 04 12:35:54
       Mapping speed, Million of reads per hour |	5.89

                          Number of input reads |	307529
                      Average input read length |	202
                                    UNIQUE READS:
                   Uniquely mapped reads number |	63594
                        Uniquely mapped reads % |	20.68%
                          Average mapped length |	196.65
                       Number of splices: Total |	137086
            Number of splices: Annotated (sjdb) |	135590
                       Number of splices: GT/AG |	137026
                       Number of splices: GC/AG |	60
                       Number of splices: AT/AC |	0
               Number of splices: Non-canonical |	0
                      Mismatch rate per base, % |	0.68%
                         Deletion rate per base |	0.37%
                        Deletion average length |	1.00
                        Insertion rate per base |	0.00%
                       Insertion average length |	1.04
                             MULTI-MAPPING READS:
        Number of reads mapped to multiple loci |	81
             % of reads mapped to multiple loci |	0.03%
        Number of reads mapped to too many loci |	10
             % of reads mapped to too many loci |	0.00%
                                  UNMAPPED READS:
       % of reads unmapped: too many mismatches |	0.31%
                 % of reads unmapped: too short |	78.99%
                     % of reads unmapped: other |	0.00%
                                  CHIMERIC READS:
                       Number of chimeric reads |	3
                            % of chimeric reads |	0.00%
