                                 Started job on |	May 06 04:04:34
                             Started mapping on |	May 06 04:04:35
                                    Finished on |	May 06 04:06:39
       Mapping speed, Million of reads per hour |	8.46

                          Number of input reads |	291361
                      Average input read length |	202
                                    UNIQUE READS:
                   Uniquely mapped reads number |	74708
                        Uniquely mapped reads % |	25.64%
                          Average mapped length |	195.94
                       Number of splices: Total |	160634
            Number of splices: Annotated (sjdb) |	158833
                       Number of splices: GT/AG |	160564
                       Number of splices: GC/AG |	70
                       Number of splices: AT/AC |	0
               Number of splices: Non-canonical |	0
                      Mismatch rate per base, % |	0.73%
                         Deletion rate per base |	0.35%
                        Deletion average length |	1.00
                        Insertion rate per base |	0.00%
                       Insertion average length |	1.15
                             MULTI-MAPPING READS:
        Number of reads mapped to multiple loci |	93
             % of reads mapped to multiple loci |	0.03%
        Number of reads mapped to too many loci |	9
             % of reads mapped to too many loci |	0.00%
                                  UNMAPPED READS:
       % of reads unmapped: too many mismatches |	0.42%
                 % of reads unmapped: too short |	73.90%
                     % of reads unmapped: other |	0.00%
                                  CHIMERIC READS:
                       Number of chimeric reads |	7
                            % of chimeric reads |	0.00%
