                                 Started job on |	May 05 17:49:02
                             Started mapping on |	May 05 17:49:04
                                    Finished on |	May 05 17:51:55
       Mapping speed, Million of reads per hour |	4.40

                          Number of input reads |	209039
                      Average input read length |	202
                                    UNIQUE READS:
                   Uniquely mapped reads number |	45438
                        Uniquely mapped reads % |	21.74%
                          Average mapped length |	196.16
                       Number of splices: Total |	98869
            Number of splices: Annotated (sjdb) |	97741
                       Number of splices: GT/AG |	98850
                       Number of splices: GC/AG |	19
                       Number of splices: AT/AC |	0
               Number of splices: Non-canonical |	0
                      Mismatch rate per base, % |	0.76%
                         Deletion rate per base |	0.35%
                        Deletion average length |	1.00
                        Insertion rate per base |	0.00%
                       Insertion average length |	1.14
                             MULTI-MAPPING READS:
        Number of reads mapped to multiple loci |	62
             % of reads mapped to multiple loci |	0.03%
        Number of reads mapped to too many loci |	8
             % of reads mapped to too many loci |	0.00%
                                  UNMAPPED READS:
       % of reads unmapped: too many mismatches |	0.38%
                 % of reads unmapped: too short |	77.85%
                     % of reads unmapped: other |	0.00%
                                  CHIMERIC READS:
                       Number of chimeric reads |	2
                            % of chimeric reads |	0.00%
