                                 Started job on |	May 06 04:35:17
                             Started mapping on |	May 06 04:35:18
                                    Finished on |	May 06 04:37:37
       Mapping speed, Million of reads per hour |	8.22

                          Number of input reads |	317546
                      Average input read length |	202
                                    UNIQUE READS:
                   Uniquely mapped reads number |	72515
                        Uniquely mapped reads % |	22.84%
                          Average mapped length |	196.10
                       Number of splices: Total |	154858
            Number of splices: Annotated (sjdb) |	153211
                       Number of splices: GT/AG |	154821
                       Number of splices: GC/AG |	37
                       Number of splices: AT/AC |	0
               Number of splices: Non-canonical |	0
                      Mismatch rate per base, % |	0.74%
                         Deletion rate per base |	0.35%
                        Deletion average length |	1.00
                        Insertion rate per base |	0.00%
                       Insertion average length |	1.02
                             MULTI-MAPPING READS:
        Number of reads mapped to multiple loci |	91
             % of reads mapped to multiple loci |	0.03%
        Number of reads mapped to too many loci |	3
             % of reads mapped to too many loci |	0.00%
                                  UNMAPPED READS:
       % of reads unmapped: too many mismatches |	0.38%
                 % of reads unmapped: too short |	76.75%
                     % of reads unmapped: other |	0.00%
                                  CHIMERIC READS:
                       Number of chimeric reads |	5
                            % of chimeric reads |	0.00%
