                                 Started job on |	May 06 06:30:02
                             Started mapping on |	May 06 06:30:03
                                    Finished on |	May 06 06:32:44
       Mapping speed, Million of reads per hour |	7.63

                          Number of input reads |	341136
                      Average input read length |	202
                                    UNIQUE READS:
                   Uniquely mapped reads number |	103209
                        Uniquely mapped reads % |	30.25%
                          Average mapped length |	195.89
                       Number of splices: Total |	222006
            Number of splices: Annotated (sjdb) |	219747
                       Number of splices: GT/AG |	221922
                       Number of splices: GC/AG |	84
                       Number of splices: AT/AC |	0
               Number of splices: Non-canonical |	0
                      Mismatch rate per base, % |	0.73%
                         Deletion rate per base |	0.34%
                        Deletion average length |	1.00
                        Insertion rate per base |	0.00%
                       Insertion average length |	1.05
                             MULTI-MAPPING READS:
        Number of reads mapped to multiple loci |	148
             % of reads mapped to multiple loci |	0.04%
        Number of reads mapped to too many loci |	20
             % of reads mapped to too many loci |	0.01%
                                  UNMAPPED READS:
       % of reads unmapped: too many mismatches |	0.45%
                 % of reads unmapped: too short |	69.24%
                     % of reads unmapped: other |	0.00%
                                  CHIMERIC READS:
                       Number of chimeric reads |	6
                            % of chimeric reads |	0.00%
