                                 Started job on |	May 08 12:59:03
                             Started mapping on |	May 08 12:59:04
                                    Finished on |	May 08 13:02:24
       Mapping speed, Million of reads per hour |	4.91

                          Number of input reads |	272526
                      Average input read length |	202
                                    UNIQUE READS:
                   Uniquely mapped reads number |	58592
                        Uniquely mapped reads % |	21.50%
                          Average mapped length |	195.27
                       Number of splices: Total |	174677
            Number of splices: Annotated (sjdb) |	173734
                       Number of splices: GT/AG |	174561
                       Number of splices: GC/AG |	116
                       Number of splices: AT/AC |	0
               Number of splices: Non-canonical |	0
                      Mismatch rate per base, % |	0.70%
                         Deletion rate per base |	0.33%
                        Deletion average length |	1.00
                        Insertion rate per base |	0.09%
                       Insertion average length |	11.26
                             MULTI-MAPPING READS:
        Number of reads mapped to multiple loci |	139
             % of reads mapped to multiple loci |	0.05%
        Number of reads mapped to too many loci |	6
             % of reads mapped to too many loci |	0.00%
                                  UNMAPPED READS:
       % of reads unmapped: too many mismatches |	0.37%
                 % of reads unmapped: too short |	78.08%
                     % of reads unmapped: other |	0.00%
                                  CHIMERIC READS:
                       Number of chimeric reads |	12
                            % of chimeric reads |	0.00%
