                                 Started job on |	May 10 07:14:18
                             Started mapping on |	May 10 07:14:20
                                    Finished on |	May 10 07:17:40
       Mapping speed, Million of reads per hour |	2.80

                          Number of input reads |	155549
                      Average input read length |	202
                                    UNIQUE READS:
                   Uniquely mapped reads number |	36426
                        Uniquely mapped reads % |	23.42%
                          Average mapped length |	194.72
                       Number of splices: Total |	107633
            Number of splices: Annotated (sjdb) |	106996
                       Number of splices: GT/AG |	107516
                       Number of splices: GC/AG |	117
                       Number of splices: AT/AC |	0
               Number of splices: Non-canonical |	0
                      Mismatch rate per base, % |	0.75%
                         Deletion rate per base |	0.31%
                        Deletion average length |	1.00
                        Insertion rate per base |	0.08%
                       Insertion average length |	11.26
                             MULTI-MAPPING READS:
        Number of reads mapped to multiple loci |	76
             % of reads mapped to multiple loci |	0.05%
        Number of reads mapped to too many loci |	2
             % of reads mapped to too many loci |	0.00%
                                  UNMAPPED READS:
       % of reads unmapped: too many mismatches |	0.40%
                 % of reads unmapped: too short |	76.13%
                     % of reads unmapped: other |	0.00%
                                  CHIMERIC READS:
                       Number of chimeric reads |	6
                            % of chimeric reads |	0.00%
