                                 Started job on |	May 07 11:21:08
                             Started mapping on |	May 07 11:21:09
                                    Finished on |	May 07 11:24:55
       Mapping speed, Million of reads per hour |	2.26

                          Number of input reads |	141762
                      Average input read length |	202
                                    UNIQUE READS:
                   Uniquely mapped reads number |	32447
                        Uniquely mapped reads % |	22.89%
                          Average mapped length |	194.57
                       Number of splices: Total |	94708
            Number of splices: Annotated (sjdb) |	94170
                       Number of splices: GT/AG |	94612
                       Number of splices: GC/AG |	96
                       Number of splices: AT/AC |	0
               Number of splices: Non-canonical |	0
                      Mismatch rate per base, % |	0.74%
                         Deletion rate per base |	0.32%
                        Deletion average length |	1.01
                        Insertion rate per base |	0.11%
                       Insertion average length |	11.31
                             MULTI-MAPPING READS:
        Number of reads mapped to multiple loci |	103
             % of reads mapped to multiple loci |	0.07%
        Number of reads mapped to too many loci |	7
             % of reads mapped to too many loci |	0.00%
                                  UNMAPPED READS:
       % of reads unmapped: too many mismatches |	0.36%
                 % of reads unmapped: too short |	76.67%
                     % of reads unmapped: other |	0.00%
                                  CHIMERIC READS:
                       Number of chimeric reads |	9
                            % of chimeric reads |	0.01%
