                                 Started job on |	May 10 03:33:56
                             Started mapping on |	May 10 03:33:57
                                    Finished on |	May 10 03:36:53
       Mapping speed, Million of reads per hour |	7.28

                          Number of input reads |	355910
                      Average input read length |	202
                                    UNIQUE READS:
                   Uniquely mapped reads number |	95553
                        Uniquely mapped reads % |	26.85%
                          Average mapped length |	195.00
                       Number of splices: Total |	273288
            Number of splices: Annotated (sjdb) |	271895
                       Number of splices: GT/AG |	272988
                       Number of splices: GC/AG |	300
                       Number of splices: AT/AC |	0
               Number of splices: Non-canonical |	0
                      Mismatch rate per base, % |	0.75%
                         Deletion rate per base |	0.32%
                        Deletion average length |	1.00
                        Insertion rate per base |	0.07%
                       Insertion average length |	10.99
                             MULTI-MAPPING READS:
        Number of reads mapped to multiple loci |	167
             % of reads mapped to multiple loci |	0.05%
        Number of reads mapped to too many loci |	10
             % of reads mapped to too many loci |	0.00%
                                  UNMAPPED READS:
       % of reads unmapped: too many mismatches |	0.50%
                 % of reads unmapped: too short |	72.60%
                     % of reads unmapped: other |	0.00%
                                  CHIMERIC READS:
                       Number of chimeric reads |	21
                            % of chimeric reads |	0.01%
