                                 Started job on |	May 04 18:31:14
                             Started mapping on |	May 04 18:31:15
                                    Finished on |	May 04 18:33:40
       Mapping speed, Million of reads per hour |	12.27

                          Number of input reads |	494080
                      Average input read length |	202
                                    UNIQUE READS:
                   Uniquely mapped reads number |	81633
                        Uniquely mapped reads % |	16.52%
                          Average mapped length |	196.95
                       Number of splices: Total |	174002
            Number of splices: Annotated (sjdb) |	172389
                       Number of splices: GT/AG |	173921
                       Number of splices: GC/AG |	81
                       Number of splices: AT/AC |	0
               Number of splices: Non-canonical |	0
                      Mismatch rate per base, % |	0.65%
                         Deletion rate per base |	0.37%
                        Deletion average length |	1.00
                        Insertion rate per base |	0.00%
                       Insertion average length |	1.04
                             MULTI-MAPPING READS:
        Number of reads mapped to multiple loci |	92
             % of reads mapped to multiple loci |	0.02%
        Number of reads mapped to too many loci |	8
             % of reads mapped to too many loci |	0.00%
                                  UNMAPPED READS:
       % of reads unmapped: too many mismatches |	0.23%
                 % of reads unmapped: too short |	83.23%
                     % of reads unmapped: other |	0.00%
                                  CHIMERIC READS:
                       Number of chimeric reads |	5
                            % of chimeric reads |	0.00%
