                                 Started job on |	May 10 04:58:57
                             Started mapping on |	May 10 04:58:57
                                    Finished on |	May 10 05:01:16
       Mapping speed, Million of reads per hour |	6.34

                          Number of input reads |	244657
                      Average input read length |	202
                                    UNIQUE READS:
                   Uniquely mapped reads number |	61596
                        Uniquely mapped reads % |	25.18%
                          Average mapped length |	194.76
                       Number of splices: Total |	177517
            Number of splices: Annotated (sjdb) |	176610
                       Number of splices: GT/AG |	177393
                       Number of splices: GC/AG |	124
                       Number of splices: AT/AC |	0
               Number of splices: Non-canonical |	0
                      Mismatch rate per base, % |	0.74%
                         Deletion rate per base |	0.31%
                        Deletion average length |	1.00
                        Insertion rate per base |	0.08%
                       Insertion average length |	11.21
                             MULTI-MAPPING READS:
        Number of reads mapped to multiple loci |	122
             % of reads mapped to multiple loci |	0.05%
        Number of reads mapped to too many loci |	6
             % of reads mapped to too many loci |	0.00%
                                  UNMAPPED READS:
       % of reads unmapped: too many mismatches |	0.47%
                 % of reads unmapped: too short |	74.30%
                     % of reads unmapped: other |	0.00%
                                  CHIMERIC READS:
                       Number of chimeric reads |	10
                            % of chimeric reads |	0.00%
