                                 Started job on |	May 09 10:50:16
                             Started mapping on |	May 09 10:50:18
                                    Finished on |	May 09 10:52:23
       Mapping speed, Million of reads per hour |	10.24

                          Number of input reads |	355552
                      Average input read length |	202
                                    UNIQUE READS:
                   Uniquely mapped reads number |	106762
                        Uniquely mapped reads % |	30.03%
                          Average mapped length |	194.94
                       Number of splices: Total |	300135
            Number of splices: Annotated (sjdb) |	298520
                       Number of splices: GT/AG |	299883
                       Number of splices: GC/AG |	252
                       Number of splices: AT/AC |	0
               Number of splices: Non-canonical |	0
                      Mismatch rate per base, % |	0.70%
                         Deletion rate per base |	0.31%
                        Deletion average length |	1.00
                        Insertion rate per base |	0.09%
                       Insertion average length |	11.14
                             MULTI-MAPPING READS:
        Number of reads mapped to multiple loci |	233
             % of reads mapped to multiple loci |	0.07%
        Number of reads mapped to too many loci |	26
             % of reads mapped to too many loci |	0.01%
                                  UNMAPPED READS:
       % of reads unmapped: too many mismatches |	0.51%
                 % of reads unmapped: too short |	69.39%
                     % of reads unmapped: other |	0.00%
                                  CHIMERIC READS:
                       Number of chimeric reads |	21
                            % of chimeric reads |	0.01%
