                                 Started job on |	May 06 06:00:15
                             Started mapping on |	May 06 06:00:17
                                    Finished on |	May 06 06:00:34
       Mapping speed, Million of reads per hour |	2.85

                          Number of input reads |	13467
                      Average input read length |	202
                                    UNIQUE READS:
                   Uniquely mapped reads number |	2437
                        Uniquely mapped reads % |	18.10%
                          Average mapped length |	195.44
                       Number of splices: Total |	5153
            Number of splices: Annotated (sjdb) |	5081
                       Number of splices: GT/AG |	5153
                       Number of splices: GC/AG |	0
                       Number of splices: AT/AC |	0
               Number of splices: Non-canonical |	0
                      Mismatch rate per base, % |	0.74%
                         Deletion rate per base |	0.34%
                        Deletion average length |	1.00
                        Insertion rate per base |	0.00%
                       Insertion average length |	0.00
                             MULTI-MAPPING READS:
        Number of reads mapped to multiple loci |	3
             % of reads mapped to multiple loci |	0.02%
        Number of reads mapped to too many loci |	0
             % of reads mapped to too many loci |	0.00%
                                  UNMAPPED READS:
       % of reads unmapped: too many mismatches |	0.31%
                 % of reads unmapped: too short |	81.57%
                     % of reads unmapped: other |	0.00%
                                  CHIMERIC READS:
                       Number of chimeric reads |	0
                            % of chimeric reads |	0.00%
