                                 Started job on |	May 08 11:04:37
                             Started mapping on |	May 08 11:04:38
                                    Finished on |	May 08 11:06:33
       Mapping speed, Million of reads per hour |	8.02

                          Number of input reads |	256296
                      Average input read length |	202
                                    UNIQUE READS:
                   Uniquely mapped reads number |	81052
                        Uniquely mapped reads % |	31.62%
                          Average mapped length |	195.19
                       Number of splices: Total |	239501
            Number of splices: Annotated (sjdb) |	238417
                       Number of splices: GT/AG |	239372
                       Number of splices: GC/AG |	129
                       Number of splices: AT/AC |	0
               Number of splices: Non-canonical |	0
                      Mismatch rate per base, % |	0.70%
                         Deletion rate per base |	0.32%
                        Deletion average length |	1.00
                        Insertion rate per base |	0.08%
                       Insertion average length |	11.18
                             MULTI-MAPPING READS:
        Number of reads mapped to multiple loci |	145
             % of reads mapped to multiple loci |	0.06%
        Number of reads mapped to too many loci |	4
             % of reads mapped to too many loci |	0.00%
                                  UNMAPPED READS:
       % of reads unmapped: too many mismatches |	0.50%
                 % of reads unmapped: too short |	67.81%
                     % of reads unmapped: other |	0.00%
                                  CHIMERIC READS:
                       Number of chimeric reads |	14
                            % of chimeric reads |	0.01%
