                                 Started job on |	May 07 17:00:06
                             Started mapping on |	May 07 17:00:07
                                    Finished on |	May 07 17:03:24
       Mapping speed, Million of reads per hour |	6.27

                          Number of input reads |	342947
                      Average input read length |	202
                                    UNIQUE READS:
                   Uniquely mapped reads number |	77797
                        Uniquely mapped reads % |	22.68%
                          Average mapped length |	194.65
                       Number of splices: Total |	222721
            Number of splices: Annotated (sjdb) |	221386
                       Number of splices: GT/AG |	222507
                       Number of splices: GC/AG |	214
                       Number of splices: AT/AC |	0
               Number of splices: Non-canonical |	0
                      Mismatch rate per base, % |	0.75%
                         Deletion rate per base |	0.32%
                        Deletion average length |	1.00
                        Insertion rate per base |	0.10%
                       Insertion average length |	11.38
                             MULTI-MAPPING READS:
        Number of reads mapped to multiple loci |	186
             % of reads mapped to multiple loci |	0.05%
        Number of reads mapped to too many loci |	15
             % of reads mapped to too many loci |	0.00%
                                  UNMAPPED READS:
       % of reads unmapped: too many mismatches |	0.42%
                 % of reads unmapped: too short |	76.84%
                     % of reads unmapped: other |	0.00%
                                  CHIMERIC READS:
                       Number of chimeric reads |	22
                            % of chimeric reads |	0.01%
