                                 Started job on |	May 07 16:53:58
                             Started mapping on |	May 07 16:53:59
                                    Finished on |	May 07 16:56:48
       Mapping speed, Million of reads per hour |	4.91

                          Number of input reads |	230498
                      Average input read length |	202
                                    UNIQUE READS:
                   Uniquely mapped reads number |	49566
                        Uniquely mapped reads % |	21.50%
                          Average mapped length |	194.88
                       Number of splices: Total |	146415
            Number of splices: Annotated (sjdb) |	145662
                       Number of splices: GT/AG |	146311
                       Number of splices: GC/AG |	104
                       Number of splices: AT/AC |	0
               Number of splices: Non-canonical |	0
                      Mismatch rate per base, % |	0.74%
                         Deletion rate per base |	0.33%
                        Deletion average length |	1.00
                        Insertion rate per base |	0.09%
                       Insertion average length |	11.39
                             MULTI-MAPPING READS:
        Number of reads mapped to multiple loci |	127
             % of reads mapped to multiple loci |	0.06%
        Number of reads mapped to too many loci |	6
             % of reads mapped to too many loci |	0.00%
                                  UNMAPPED READS:
       % of reads unmapped: too many mismatches |	0.38%
                 % of reads unmapped: too short |	78.05%
                     % of reads unmapped: other |	0.00%
                                  CHIMERIC READS:
                       Number of chimeric reads |	11
                            % of chimeric reads |	0.00%
