                                 Started job on |	May 10 15:36:35
                             Started mapping on |	May 10 15:36:36
                                    Finished on |	May 10 15:39:21
       Mapping speed, Million of reads per hour |	4.74

                          Number of input reads |	217153
                      Average input read length |	202
                                    UNIQUE READS:
                   Uniquely mapped reads number |	61020
                        Uniquely mapped reads % |	28.10%
                          Average mapped length |	196.19
                       Number of splices: Total |	132359
            Number of splices: Annotated (sjdb) |	130865
                       Number of splices: GT/AG |	132220
                       Number of splices: GC/AG |	139
                       Number of splices: AT/AC |	0
               Number of splices: Non-canonical |	0
                      Mismatch rate per base, % |	0.71%
                         Deletion rate per base |	0.35%
                        Deletion average length |	1.00
                        Insertion rate per base |	0.00%
                       Insertion average length |	1.06
                             MULTI-MAPPING READS:
        Number of reads mapped to multiple loci |	91
             % of reads mapped to multiple loci |	0.04%
        Number of reads mapped to too many loci |	16
             % of reads mapped to too many loci |	0.01%
                                  UNMAPPED READS:
       % of reads unmapped: too many mismatches |	0.47%
                 % of reads unmapped: too short |	71.38%
                     % of reads unmapped: other |	0.00%
                                  CHIMERIC READS:
                       Number of chimeric reads |	4
                            % of chimeric reads |	0.00%
