                                 Started job on |	May 08 11:58:17
                             Started mapping on |	May 08 11:58:18
                                    Finished on |	May 08 12:00:56
       Mapping speed, Million of reads per hour |	7.54

                          Number of input reads |	330951
                      Average input read length |	202
                                    UNIQUE READS:
                   Uniquely mapped reads number |	100550
                        Uniquely mapped reads % |	30.38%
                          Average mapped length |	195.41
                       Number of splices: Total |	299087
            Number of splices: Annotated (sjdb) |	297831
                       Number of splices: GT/AG |	298862
                       Number of splices: GC/AG |	225
                       Number of splices: AT/AC |	0
               Number of splices: Non-canonical |	0
                      Mismatch rate per base, % |	0.68%
                         Deletion rate per base |	0.32%
                        Deletion average length |	1.00
                        Insertion rate per base |	0.09%
                       Insertion average length |	11.04
                             MULTI-MAPPING READS:
        Number of reads mapped to multiple loci |	186
             % of reads mapped to multiple loci |	0.06%
        Number of reads mapped to too many loci |	4
             % of reads mapped to too many loci |	0.00%
                                  UNMAPPED READS:
       % of reads unmapped: too many mismatches |	0.50%
                 % of reads unmapped: too short |	69.06%
                     % of reads unmapped: other |	0.00%
                                  CHIMERIC READS:
                       Number of chimeric reads |	14
                            % of chimeric reads |	0.00%
