                                 Started job on |	May 10 11:31:26
                             Started mapping on |	May 10 11:31:28
                                    Finished on |	May 10 11:33:25
       Mapping speed, Million of reads per hour |	9.16

                          Number of input reads |	297744
                      Average input read length |	202
                                    UNIQUE READS:
                   Uniquely mapped reads number |	90345
                        Uniquely mapped reads % |	30.34%
                          Average mapped length |	196.08
                       Number of splices: Total |	194001
            Number of splices: Annotated (sjdb) |	191590
                       Number of splices: GT/AG |	193857
                       Number of splices: GC/AG |	144
                       Number of splices: AT/AC |	0
               Number of splices: Non-canonical |	0
                      Mismatch rate per base, % |	0.72%
                         Deletion rate per base |	0.35%
                        Deletion average length |	1.00
                        Insertion rate per base |	0.00%
                       Insertion average length |	1.11
                             MULTI-MAPPING READS:
        Number of reads mapped to multiple loci |	127
             % of reads mapped to multiple loci |	0.04%
        Number of reads mapped to too many loci |	17
             % of reads mapped to too many loci |	0.01%
                                  UNMAPPED READS:
       % of reads unmapped: too many mismatches |	0.52%
                 % of reads unmapped: too short |	69.09%
                     % of reads unmapped: other |	0.00%
                                  CHIMERIC READS:
                       Number of chimeric reads |	7
                            % of chimeric reads |	0.00%
