                                 Started job on |	May 11 16:26:52
                             Started mapping on |	May 11 16:26:53
                                    Finished on |	May 11 16:28:59
       Mapping speed, Million of reads per hour |	10.47

                          Number of input reads |	366514
                      Average input read length |	202
                                    UNIQUE READS:
                   Uniquely mapped reads number |	128938
                        Uniquely mapped reads % |	35.18%
                          Average mapped length |	196.01
                       Number of splices: Total |	279374
            Number of splices: Annotated (sjdb) |	275755
                       Number of splices: GT/AG |	279132
                       Number of splices: GC/AG |	242
                       Number of splices: AT/AC |	0
               Number of splices: Non-canonical |	0
                      Mismatch rate per base, % |	0.74%
                         Deletion rate per base |	0.35%
                        Deletion average length |	1.00
                        Insertion rate per base |	0.00%
                       Insertion average length |	1.23
                             MULTI-MAPPING READS:
        Number of reads mapped to multiple loci |	205
             % of reads mapped to multiple loci |	0.06%
        Number of reads mapped to too many loci |	21
             % of reads mapped to too many loci |	0.01%
                                  UNMAPPED READS:
       % of reads unmapped: too many mismatches |	0.66%
                 % of reads unmapped: too short |	64.10%
                     % of reads unmapped: other |	0.00%
                                  CHIMERIC READS:
                       Number of chimeric reads |	11
                            % of chimeric reads |	0.00%
