                                 Started job on |	May 08 10:28:39
                             Started mapping on |	May 08 10:28:40
                                    Finished on |	May 08 10:30:18
       Mapping speed, Million of reads per hour |	13.60

                          Number of input reads |	370139
                      Average input read length |	202
                                    UNIQUE READS:
                   Uniquely mapped reads number |	116048
                        Uniquely mapped reads % |	31.35%
                          Average mapped length |	194.92
                       Number of splices: Total |	336025
            Number of splices: Annotated (sjdb) |	334297
                       Number of splices: GT/AG |	335786
                       Number of splices: GC/AG |	239
                       Number of splices: AT/AC |	0
               Number of splices: Non-canonical |	0
                      Mismatch rate per base, % |	0.70%
                         Deletion rate per base |	0.31%
                        Deletion average length |	1.00
                        Insertion rate per base |	0.08%
                       Insertion average length |	11.28
                             MULTI-MAPPING READS:
        Number of reads mapped to multiple loci |	221
             % of reads mapped to multiple loci |	0.06%
        Number of reads mapped to too many loci |	7
             % of reads mapped to too many loci |	0.00%
                                  UNMAPPED READS:
       % of reads unmapped: too many mismatches |	0.53%
                 % of reads unmapped: too short |	68.05%
                     % of reads unmapped: other |	0.00%
                                  CHIMERIC READS:
                       Number of chimeric reads |	23
                            % of chimeric reads |	0.01%
