                                 Started job on |	May 11 09:49:58
                             Started mapping on |	May 11 09:49:59
                                    Finished on |	May 11 09:52:01
       Mapping speed, Million of reads per hour |	9.12

                          Number of input reads |	308899
                      Average input read length |	202
                                    UNIQUE READS:
                   Uniquely mapped reads number |	90623
                        Uniquely mapped reads % |	29.34%
                          Average mapped length |	196.26
                       Number of splices: Total |	195195
            Number of splices: Annotated (sjdb) |	193007
                       Number of splices: GT/AG |	195077
                       Number of splices: GC/AG |	118
                       Number of splices: AT/AC |	0
               Number of splices: Non-canonical |	0
                      Mismatch rate per base, % |	0.71%
                         Deletion rate per base |	0.36%
                        Deletion average length |	1.00
                        Insertion rate per base |	0.00%
                       Insertion average length |	1.08
                             MULTI-MAPPING READS:
        Number of reads mapped to multiple loci |	115
             % of reads mapped to multiple loci |	0.04%
        Number of reads mapped to too many loci |	13
             % of reads mapped to too many loci |	0.00%
                                  UNMAPPED READS:
       % of reads unmapped: too many mismatches |	0.53%
                 % of reads unmapped: too short |	70.10%
                     % of reads unmapped: other |	0.00%
                                  CHIMERIC READS:
                       Number of chimeric reads |	4
                            % of chimeric reads |	0.00%
