                                 Started job on |	May 09 04:53:26
                             Started mapping on |	May 09 04:53:27
                                    Finished on |	May 09 04:56:13
       Mapping speed, Million of reads per hour |	6.53

                          Number of input reads |	301241
                      Average input read length |	202
                                    UNIQUE READS:
                   Uniquely mapped reads number |	74747
                        Uniquely mapped reads % |	24.81%
                          Average mapped length |	194.54
                       Number of splices: Total |	221890
            Number of splices: Annotated (sjdb) |	220958
                       Number of splices: GT/AG |	221753
                       Number of splices: GC/AG |	137
                       Number of splices: AT/AC |	0
               Number of splices: Non-canonical |	0
                      Mismatch rate per base, % |	0.71%
                         Deletion rate per base |	0.30%
                        Deletion average length |	1.00
                        Insertion rate per base |	0.09%
                       Insertion average length |	11.42
                             MULTI-MAPPING READS:
        Number of reads mapped to multiple loci |	159
             % of reads mapped to multiple loci |	0.05%
        Number of reads mapped to too many loci |	3
             % of reads mapped to too many loci |	0.00%
                                  UNMAPPED READS:
       % of reads unmapped: too many mismatches |	0.42%
                 % of reads unmapped: too short |	74.72%
                     % of reads unmapped: other |	0.00%
                                  CHIMERIC READS:
                       Number of chimeric reads |	13
                            % of chimeric reads |	0.00%
