                                 Started job on |	May 08 13:40:55
                             Started mapping on |	May 08 13:40:56
                                    Finished on |	May 08 13:42:43
       Mapping speed, Million of reads per hour |	8.71

                          Number of input reads |	259000
                      Average input read length |	202
                                    UNIQUE READS:
                   Uniquely mapped reads number |	80611
                        Uniquely mapped reads % |	31.12%
                          Average mapped length |	195.08
                       Number of splices: Total |	224162
            Number of splices: Annotated (sjdb) |	222850
                       Number of splices: GT/AG |	224033
                       Number of splices: GC/AG |	129
                       Number of splices: AT/AC |	0
               Number of splices: Non-canonical |	0
                      Mismatch rate per base, % |	0.72%
                         Deletion rate per base |	0.32%
                        Deletion average length |	1.01
                        Insertion rate per base |	0.06%
                       Insertion average length |	10.88
                             MULTI-MAPPING READS:
        Number of reads mapped to multiple loci |	135
             % of reads mapped to multiple loci |	0.05%
        Number of reads mapped to too many loci |	2
             % of reads mapped to too many loci |	0.00%
                                  UNMAPPED READS:
       % of reads unmapped: too many mismatches |	0.57%
                 % of reads unmapped: too short |	68.25%
                     % of reads unmapped: other |	0.00%
                                  CHIMERIC READS:
                       Number of chimeric reads |	17
                            % of chimeric reads |	0.01%
