                                 Started job on |	May 09 08:50:59
                             Started mapping on |	May 09 08:51:00
                                    Finished on |	May 09 08:52:59
       Mapping speed, Million of reads per hour |	9.03

                          Number of input reads |	298347
                      Average input read length |	202
                                    UNIQUE READS:
                   Uniquely mapped reads number |	80820
                        Uniquely mapped reads % |	27.09%
                          Average mapped length |	195.11
                       Number of splices: Total |	225470
            Number of splices: Annotated (sjdb) |	224163
                       Number of splices: GT/AG |	225350
                       Number of splices: GC/AG |	120
                       Number of splices: AT/AC |	0
               Number of splices: Non-canonical |	0
                      Mismatch rate per base, % |	0.73%
                         Deletion rate per base |	0.32%
                        Deletion average length |	1.01
                        Insertion rate per base |	0.07%
                       Insertion average length |	10.75
                             MULTI-MAPPING READS:
        Number of reads mapped to multiple loci |	154
             % of reads mapped to multiple loci |	0.05%
        Number of reads mapped to too many loci |	13
             % of reads mapped to too many loci |	0.00%
                                  UNMAPPED READS:
       % of reads unmapped: too many mismatches |	0.52%
                 % of reads unmapped: too short |	72.33%
                     % of reads unmapped: other |	0.00%
                                  CHIMERIC READS:
                       Number of chimeric reads |	12
                            % of chimeric reads |	0.00%
