                                 Started job on |	May 10 19:59:56
                             Started mapping on |	May 10 19:59:57
                                    Finished on |	May 10 20:02:30
       Mapping speed, Million of reads per hour |	6.71

                          Number of input reads |	285043
                      Average input read length |	202
                                    UNIQUE READS:
                   Uniquely mapped reads number |	69941
                        Uniquely mapped reads % |	24.54%
                          Average mapped length |	194.77
                       Number of splices: Total |	192693
            Number of splices: Annotated (sjdb) |	191666
                       Number of splices: GT/AG |	192455
                       Number of splices: GC/AG |	238
                       Number of splices: AT/AC |	0
               Number of splices: Non-canonical |	0
                      Mismatch rate per base, % |	0.77%
                         Deletion rate per base |	0.32%
                        Deletion average length |	1.00
                        Insertion rate per base |	0.08%
                       Insertion average length |	11.12
                             MULTI-MAPPING READS:
        Number of reads mapped to multiple loci |	144
             % of reads mapped to multiple loci |	0.05%
        Number of reads mapped to too many loci |	9
             % of reads mapped to too many loci |	0.00%
                                  UNMAPPED READS:
       % of reads unmapped: too many mismatches |	0.44%
                 % of reads unmapped: too short |	74.96%
                     % of reads unmapped: other |	0.00%
                                  CHIMERIC READS:
                       Number of chimeric reads |	17
                            % of chimeric reads |	0.01%
