                                 Started job on |	May 06 05:54:57
                             Started mapping on |	May 06 05:54:59
                                    Finished on |	May 06 05:58:09
       Mapping speed, Million of reads per hour |	6.55

                          Number of input reads |	345921
                      Average input read length |	202
                                    UNIQUE READS:
                   Uniquely mapped reads number |	83832
                        Uniquely mapped reads % |	24.23%
                          Average mapped length |	196.14
                       Number of splices: Total |	180420
            Number of splices: Annotated (sjdb) |	178625
                       Number of splices: GT/AG |	180359
                       Number of splices: GC/AG |	61
                       Number of splices: AT/AC |	0
               Number of splices: Non-canonical |	0
                      Mismatch rate per base, % |	0.74%
                         Deletion rate per base |	0.35%
                        Deletion average length |	1.00
                        Insertion rate per base |	0.00%
                       Insertion average length |	1.16
                             MULTI-MAPPING READS:
        Number of reads mapped to multiple loci |	104
             % of reads mapped to multiple loci |	0.03%
        Number of reads mapped to too many loci |	11
             % of reads mapped to too many loci |	0.00%
                                  UNMAPPED READS:
       % of reads unmapped: too many mismatches |	0.40%
                 % of reads unmapped: too short |	75.33%
                     % of reads unmapped: other |	0.00%
                                  CHIMERIC READS:
                       Number of chimeric reads |	5
                            % of chimeric reads |	0.00%
