                                 Started job on |	May 08 14:04:58
                             Started mapping on |	May 08 14:04:59
                                    Finished on |	May 08 14:07:16
       Mapping speed, Million of reads per hour |	7.18

                          Number of input reads |	273223
                      Average input read length |	202
                                    UNIQUE READS:
                   Uniquely mapped reads number |	82051
                        Uniquely mapped reads % |	30.03%
                          Average mapped length |	195.03
                       Number of splices: Total |	235364
            Number of splices: Annotated (sjdb) |	234153
                       Number of splices: GT/AG |	235145
                       Number of splices: GC/AG |	219
                       Number of splices: AT/AC |	0
               Number of splices: Non-canonical |	0
                      Mismatch rate per base, % |	0.71%
                         Deletion rate per base |	0.31%
                        Deletion average length |	1.00
                        Insertion rate per base |	0.08%
                       Insertion average length |	11.27
                             MULTI-MAPPING READS:
        Number of reads mapped to multiple loci |	183
             % of reads mapped to multiple loci |	0.07%
        Number of reads mapped to too many loci |	3
             % of reads mapped to too many loci |	0.00%
                                  UNMAPPED READS:
       % of reads unmapped: too many mismatches |	0.54%
                 % of reads unmapped: too short |	69.36%
                     % of reads unmapped: other |	0.00%
                                  CHIMERIC READS:
                       Number of chimeric reads |	16
                            % of chimeric reads |	0.01%
