                                 Started job on |	May 09 01:22:59
                             Started mapping on |	May 09 01:23:00
                                    Finished on |	May 09 01:25:50
       Mapping speed, Million of reads per hour |	6.28

                          Number of input reads |	296561
                      Average input read length |	202
                                    UNIQUE READS:
                   Uniquely mapped reads number |	81851
                        Uniquely mapped reads % |	27.60%
                          Average mapped length |	194.76
                       Number of splices: Total |	239367
            Number of splices: Annotated (sjdb) |	238158
                       Number of splices: GT/AG |	239181
                       Number of splices: GC/AG |	186
                       Number of splices: AT/AC |	0
               Number of splices: Non-canonical |	0
                      Mismatch rate per base, % |	0.71%
                         Deletion rate per base |	0.30%
                        Deletion average length |	1.01
                        Insertion rate per base |	0.09%
                       Insertion average length |	11.18
                             MULTI-MAPPING READS:
        Number of reads mapped to multiple loci |	152
             % of reads mapped to multiple loci |	0.05%
        Number of reads mapped to too many loci |	21
             % of reads mapped to too many loci |	0.01%
                                  UNMAPPED READS:
       % of reads unmapped: too many mismatches |	0.44%
                 % of reads unmapped: too short |	71.90%
                     % of reads unmapped: other |	0.00%
                                  CHIMERIC READS:
                       Number of chimeric reads |	13
                            % of chimeric reads |	0.00%
