                                 Started job on |	May 04 18:48:48
                             Started mapping on |	May 04 18:48:50
                                    Finished on |	May 04 18:51:22
       Mapping speed, Million of reads per hour |	13.79

                          Number of input reads |	582353
                      Average input read length |	202
                                    UNIQUE READS:
                   Uniquely mapped reads number |	90208
                        Uniquely mapped reads % |	15.49%
                          Average mapped length |	196.84
                       Number of splices: Total |	190869
            Number of splices: Annotated (sjdb) |	188837
                       Number of splices: GT/AG |	190798
                       Number of splices: GC/AG |	71
                       Number of splices: AT/AC |	0
               Number of splices: Non-canonical |	0
                      Mismatch rate per base, % |	0.65%
                         Deletion rate per base |	0.38%
                        Deletion average length |	1.00
                        Insertion rate per base |	0.00%
                       Insertion average length |	1.02
                             MULTI-MAPPING READS:
        Number of reads mapped to multiple loci |	87
             % of reads mapped to multiple loci |	0.01%
        Number of reads mapped to too many loci |	8
             % of reads mapped to too many loci |	0.00%
                                  UNMAPPED READS:
       % of reads unmapped: too many mismatches |	0.22%
                 % of reads unmapped: too short |	84.27%
                     % of reads unmapped: other |	0.00%
                                  CHIMERIC READS:
                       Number of chimeric reads |	3
                            % of chimeric reads |	0.00%
