                                 Started job on |	May 10 18:52:12
                             Started mapping on |	May 10 18:52:13
                                    Finished on |	May 10 18:54:43
       Mapping speed, Million of reads per hour |	8.83

                          Number of input reads |	367717
                      Average input read length |	202
                                    UNIQUE READS:
                   Uniquely mapped reads number |	89911
                        Uniquely mapped reads % |	24.45%
                          Average mapped length |	196.44
                       Number of splices: Total |	195654
            Number of splices: Annotated (sjdb) |	193710
                       Number of splices: GT/AG |	195492
                       Number of splices: GC/AG |	162
                       Number of splices: AT/AC |	0
               Number of splices: Non-canonical |	0
                      Mismatch rate per base, % |	0.70%
                         Deletion rate per base |	0.36%
                        Deletion average length |	1.00
                        Insertion rate per base |	0.00%
                       Insertion average length |	1.08
                             MULTI-MAPPING READS:
        Number of reads mapped to multiple loci |	91
             % of reads mapped to multiple loci |	0.02%
        Number of reads mapped to too many loci |	20
             % of reads mapped to too many loci |	0.01%
                                  UNMAPPED READS:
       % of reads unmapped: too many mismatches |	0.43%
                 % of reads unmapped: too short |	75.09%
                     % of reads unmapped: other |	0.00%
                                  CHIMERIC READS:
                       Number of chimeric reads |	7
                            % of chimeric reads |	0.00%
