                                 Started job on |	May 10 04:44:30
                             Started mapping on |	May 10 04:44:31
                                    Finished on |	May 10 04:48:04
       Mapping speed, Million of reads per hour |	3.80

                          Number of input reads |	224885
                      Average input read length |	202
                                    UNIQUE READS:
                   Uniquely mapped reads number |	57853
                        Uniquely mapped reads % |	25.73%
                          Average mapped length |	194.68
                       Number of splices: Total |	164938
            Number of splices: Annotated (sjdb) |	163895
                       Number of splices: GT/AG |	164814
                       Number of splices: GC/AG |	124
                       Number of splices: AT/AC |	0
               Number of splices: Non-canonical |	0
                      Mismatch rate per base, % |	0.74%
                         Deletion rate per base |	0.32%
                        Deletion average length |	1.00
                        Insertion rate per base |	0.07%
                       Insertion average length |	11.19
                             MULTI-MAPPING READS:
        Number of reads mapped to multiple loci |	101
             % of reads mapped to multiple loci |	0.04%
        Number of reads mapped to too many loci |	10
             % of reads mapped to too many loci |	0.00%
                                  UNMAPPED READS:
       % of reads unmapped: too many mismatches |	0.44%
                 % of reads unmapped: too short |	73.78%
                     % of reads unmapped: other |	0.00%
                                  CHIMERIC READS:
                       Number of chimeric reads |	15
                            % of chimeric reads |	0.01%
