                                 Started job on |	May 07 15:24:20
                             Started mapping on |	May 07 15:24:22
                                    Finished on |	May 07 15:28:42
       Mapping speed, Million of reads per hour |	4.76

                          Number of input reads |	344093
                      Average input read length |	202
                                    UNIQUE READS:
                   Uniquely mapped reads number |	67888
                        Uniquely mapped reads % |	19.73%
                          Average mapped length |	194.98
                       Number of splices: Total |	199313
            Number of splices: Annotated (sjdb) |	198364
                       Number of splices: GT/AG |	199157
                       Number of splices: GC/AG |	156
                       Number of splices: AT/AC |	0
               Number of splices: Non-canonical |	0
                      Mismatch rate per base, % |	0.71%
                         Deletion rate per base |	0.33%
                        Deletion average length |	1.00
                        Insertion rate per base |	0.09%
                       Insertion average length |	11.33
                             MULTI-MAPPING READS:
        Number of reads mapped to multiple loci |	173
             % of reads mapped to multiple loci |	0.05%
        Number of reads mapped to too many loci |	10
             % of reads mapped to too many loci |	0.00%
                                  UNMAPPED READS:
       % of reads unmapped: too many mismatches |	0.34%
                 % of reads unmapped: too short |	79.87%
                     % of reads unmapped: other |	0.00%
                                  CHIMERIC READS:
                       Number of chimeric reads |	13
                            % of chimeric reads |	0.00%
