                                 Started job on |	May 07 10:11:58
                             Started mapping on |	May 07 10:11:59
                                    Finished on |	May 07 10:15:18
       Mapping speed, Million of reads per hour |	5.03

                          Number of input reads |	277881
                      Average input read length |	202
                                    UNIQUE READS:
                   Uniquely mapped reads number |	60796
                        Uniquely mapped reads % |	21.88%
                          Average mapped length |	195.17
                       Number of splices: Total |	175090
            Number of splices: Annotated (sjdb) |	174134
                       Number of splices: GT/AG |	174914
                       Number of splices: GC/AG |	176
                       Number of splices: AT/AC |	0
               Number of splices: Non-canonical |	0
                      Mismatch rate per base, % |	0.72%
                         Deletion rate per base |	0.33%
                        Deletion average length |	1.00
                        Insertion rate per base |	0.09%
                       Insertion average length |	11.37
                             MULTI-MAPPING READS:
        Number of reads mapped to multiple loci |	146
             % of reads mapped to multiple loci |	0.05%
        Number of reads mapped to too many loci |	9
             % of reads mapped to too many loci |	0.00%
                                  UNMAPPED READS:
       % of reads unmapped: too many mismatches |	0.36%
                 % of reads unmapped: too short |	77.70%
                     % of reads unmapped: other |	0.00%
                                  CHIMERIC READS:
                       Number of chimeric reads |	22
                            % of chimeric reads |	0.01%
