                                 Started job on |	May 04 18:22:40
                             Started mapping on |	May 04 18:22:42
                                    Finished on |	May 04 18:25:49
       Mapping speed, Million of reads per hour |	13.88

                          Number of input reads |	721075
                      Average input read length |	202
                                    UNIQUE READS:
                   Uniquely mapped reads number |	79531
                        Uniquely mapped reads % |	11.03%
                          Average mapped length |	196.76
                       Number of splices: Total |	166996
            Number of splices: Annotated (sjdb) |	164951
                       Number of splices: GT/AG |	166941
                       Number of splices: GC/AG |	55
                       Number of splices: AT/AC |	0
               Number of splices: Non-canonical |	0
                      Mismatch rate per base, % |	0.66%
                         Deletion rate per base |	0.38%
                        Deletion average length |	1.00
                        Insertion rate per base |	0.00%
                       Insertion average length |	1.03
                             MULTI-MAPPING READS:
        Number of reads mapped to multiple loci |	78
             % of reads mapped to multiple loci |	0.01%
        Number of reads mapped to too many loci |	5
             % of reads mapped to too many loci |	0.00%
                                  UNMAPPED READS:
       % of reads unmapped: too many mismatches |	0.16%
                 % of reads unmapped: too short |	88.80%
                     % of reads unmapped: other |	0.00%
                                  CHIMERIC READS:
                       Number of chimeric reads |	5
                            % of chimeric reads |	0.00%
