                                 Started job on |	May 07 14:27:20
                             Started mapping on |	May 07 14:27:21
                                    Finished on |	May 07 14:29:55
       Mapping speed, Million of reads per hour |	5.27

                          Number of input reads |	225314
                      Average input read length |	202
                                    UNIQUE READS:
                   Uniquely mapped reads number |	41983
                        Uniquely mapped reads % |	18.63%
                          Average mapped length |	195.05
                       Number of splices: Total |	122800
            Number of splices: Annotated (sjdb) |	122252
                       Number of splices: GT/AG |	122700
                       Number of splices: GC/AG |	100
                       Number of splices: AT/AC |	0
               Number of splices: Non-canonical |	0
                      Mismatch rate per base, % |	0.72%
                         Deletion rate per base |	0.33%
                        Deletion average length |	1.00
                        Insertion rate per base |	0.08%
                       Insertion average length |	11.25
                             MULTI-MAPPING READS:
        Number of reads mapped to multiple loci |	85
             % of reads mapped to multiple loci |	0.04%
        Number of reads mapped to too many loci |	9
             % of reads mapped to too many loci |	0.00%
                                  UNMAPPED READS:
       % of reads unmapped: too many mismatches |	0.32%
                 % of reads unmapped: too short |	81.00%
                     % of reads unmapped: other |	0.00%
                                  CHIMERIC READS:
                       Number of chimeric reads |	9
                            % of chimeric reads |	0.00%
