                                 Started job on |	May 09 10:36:08
                             Started mapping on |	May 09 10:36:10
                                    Finished on |	May 09 10:38:58
       Mapping speed, Million of reads per hour |	8.51

                          Number of input reads |	397036
                      Average input read length |	202
                                    UNIQUE READS:
                   Uniquely mapped reads number |	78208
                        Uniquely mapped reads % |	19.70%
                          Average mapped length |	195.39
                       Number of splices: Total |	230836
            Number of splices: Annotated (sjdb) |	229561
                       Number of splices: GT/AG |	230709
                       Number of splices: GC/AG |	127
                       Number of splices: AT/AC |	0
               Number of splices: Non-canonical |	0
                      Mismatch rate per base, % |	0.68%
                         Deletion rate per base |	0.33%
                        Deletion average length |	1.00
                        Insertion rate per base |	0.06%
                       Insertion average length |	10.74
                             MULTI-MAPPING READS:
        Number of reads mapped to multiple loci |	156
             % of reads mapped to multiple loci |	0.04%
        Number of reads mapped to too many loci |	4
             % of reads mapped to too many loci |	0.00%
                                  UNMAPPED READS:
       % of reads unmapped: too many mismatches |	0.35%
                 % of reads unmapped: too short |	79.91%
                     % of reads unmapped: other |	0.00%
                                  CHIMERIC READS:
                       Number of chimeric reads |	11
                            % of chimeric reads |	0.00%
