                                 Started job on |	May 11 09:31:12
                             Started mapping on |	May 11 09:31:12
                                    Finished on |	May 11 09:33:21
       Mapping speed, Million of reads per hour |	10.68

                          Number of input reads |	382550
                      Average input read length |	202
                                    UNIQUE READS:
                   Uniquely mapped reads number |	108426
                        Uniquely mapped reads % |	28.34%
                          Average mapped length |	196.37
                       Number of splices: Total |	232734
            Number of splices: Annotated (sjdb) |	229907
                       Number of splices: GT/AG |	232622
                       Number of splices: GC/AG |	112
                       Number of splices: AT/AC |	0
               Number of splices: Non-canonical |	0
                      Mismatch rate per base, % |	0.72%
                         Deletion rate per base |	0.36%
                        Deletion average length |	1.00
                        Insertion rate per base |	0.00%
                       Insertion average length |	1.04
                             MULTI-MAPPING READS:
        Number of reads mapped to multiple loci |	131
             % of reads mapped to multiple loci |	0.03%
        Number of reads mapped to too many loci |	15
             % of reads mapped to too many loci |	0.00%
                                  UNMAPPED READS:
       % of reads unmapped: too many mismatches |	0.49%
                 % of reads unmapped: too short |	71.13%
                     % of reads unmapped: other |	0.00%
                                  CHIMERIC READS:
                       Number of chimeric reads |	6
                            % of chimeric reads |	0.00%
