                                 Started job on |	May 09 09:10:39
                             Started mapping on |	May 09 09:10:41
                                    Finished on |	May 09 09:13:18
       Mapping speed, Million of reads per hour |	7.93

                          Number of input reads |	345840
                      Average input read length |	202
                                    UNIQUE READS:
                   Uniquely mapped reads number |	100390
                        Uniquely mapped reads % |	29.03%
                          Average mapped length |	194.77
                       Number of splices: Total |	285873
            Number of splices: Annotated (sjdb) |	284212
                       Number of splices: GT/AG |	285629
                       Number of splices: GC/AG |	244
                       Number of splices: AT/AC |	0
               Number of splices: Non-canonical |	0
                      Mismatch rate per base, % |	0.71%
                         Deletion rate per base |	0.31%
                        Deletion average length |	1.00
                        Insertion rate per base |	0.10%
                       Insertion average length |	11.28
                             MULTI-MAPPING READS:
        Number of reads mapped to multiple loci |	231
             % of reads mapped to multiple loci |	0.07%
        Number of reads mapped to too many loci |	24
             % of reads mapped to too many loci |	0.01%
                                  UNMAPPED READS:
       % of reads unmapped: too many mismatches |	0.52%
                 % of reads unmapped: too short |	70.38%
                     % of reads unmapped: other |	0.00%
                                  CHIMERIC READS:
                       Number of chimeric reads |	21
                            % of chimeric reads |	0.01%
