                                 Started job on |	May 07 16:28:17
                             Started mapping on |	May 07 16:28:18
                                    Finished on |	May 07 16:31:14
       Mapping speed, Million of reads per hour |	7.92

                          Number of input reads |	387384
                      Average input read length |	202
                                    UNIQUE READS:
                   Uniquely mapped reads number |	78057
                        Uniquely mapped reads % |	20.15%
                          Average mapped length |	195.04
                       Number of splices: Total |	229164
            Number of splices: Annotated (sjdb) |	228064
                       Number of splices: GT/AG |	228944
                       Number of splices: GC/AG |	220
                       Number of splices: AT/AC |	0
               Number of splices: Non-canonical |	0
                      Mismatch rate per base, % |	0.74%
                         Deletion rate per base |	0.33%
                        Deletion average length |	1.00
                        Insertion rate per base |	0.10%
                       Insertion average length |	11.58
                             MULTI-MAPPING READS:
        Number of reads mapped to multiple loci |	216
             % of reads mapped to multiple loci |	0.06%
        Number of reads mapped to too many loci |	10
             % of reads mapped to too many loci |	0.00%
                                  UNMAPPED READS:
       % of reads unmapped: too many mismatches |	0.35%
                 % of reads unmapped: too short |	79.44%
                     % of reads unmapped: other |	0.00%
                                  CHIMERIC READS:
                       Number of chimeric reads |	18
                            % of chimeric reads |	0.00%
