                                 Started job on |	May 10 18:28:22
                             Started mapping on |	May 10 18:28:23
                                    Finished on |	May 10 18:31:00
       Mapping speed, Million of reads per hour |	6.41

                          Number of input reads |	279583
                      Average input read length |	202
                                    UNIQUE READS:
                   Uniquely mapped reads number |	52570
                        Uniquely mapped reads % |	18.80%
                          Average mapped length |	194.68
                       Number of splices: Total |	156077
            Number of splices: Annotated (sjdb) |	155396
                       Number of splices: GT/AG |	156002
                       Number of splices: GC/AG |	75
                       Number of splices: AT/AC |	0
               Number of splices: Non-canonical |	0
                      Mismatch rate per base, % |	0.73%
                         Deletion rate per base |	0.32%
                        Deletion average length |	1.00
                        Insertion rate per base |	0.09%
                       Insertion average length |	11.15
                             MULTI-MAPPING READS:
        Number of reads mapped to multiple loci |	120
             % of reads mapped to multiple loci |	0.04%
        Number of reads mapped to too many loci |	8
             % of reads mapped to too many loci |	0.00%
                                  UNMAPPED READS:
       % of reads unmapped: too many mismatches |	0.35%
                 % of reads unmapped: too short |	80.79%
                     % of reads unmapped: other |	0.00%
                                  CHIMERIC READS:
                       Number of chimeric reads |	13
                            % of chimeric reads |	0.00%
