                                 Started job on |	May 08 03:04:58
                             Started mapping on |	May 08 03:04:59
                                    Finished on |	May 08 03:07:53
       Mapping speed, Million of reads per hour |	6.31

                          Number of input reads |	304768
                      Average input read length |	202
                                    UNIQUE READS:
                   Uniquely mapped reads number |	81713
                        Uniquely mapped reads % |	26.81%
                          Average mapped length |	195.39
                       Number of splices: Total |	239878
            Number of splices: Annotated (sjdb) |	238658
                       Number of splices: GT/AG |	239748
                       Number of splices: GC/AG |	130
                       Number of splices: AT/AC |	0
               Number of splices: Non-canonical |	0
                      Mismatch rate per base, % |	0.77%
                         Deletion rate per base |	0.34%
                        Deletion average length |	1.00
                        Insertion rate per base |	0.07%
                       Insertion average length |	11.20
                             MULTI-MAPPING READS:
        Number of reads mapped to multiple loci |	126
             % of reads mapped to multiple loci |	0.04%
        Number of reads mapped to too many loci |	4
             % of reads mapped to too many loci |	0.00%
                                  UNMAPPED READS:
       % of reads unmapped: too many mismatches |	0.65%
                 % of reads unmapped: too short |	72.50%
                     % of reads unmapped: other |	0.00%
                                  CHIMERIC READS:
                       Number of chimeric reads |	11
                            % of chimeric reads |	0.00%
