                                 Started job on |	May 09 09:09:07
                             Started mapping on |	May 09 09:09:09
                                    Finished on |	May 09 09:12:07
       Mapping speed, Million of reads per hour |	3.52

                          Number of input reads |	174134
                      Average input read length |	202
                                    UNIQUE READS:
                   Uniquely mapped reads number |	39179
                        Uniquely mapped reads % |	22.50%
                          Average mapped length |	194.79
                       Number of splices: Total |	115798
            Number of splices: Annotated (sjdb) |	115260
                       Number of splices: GT/AG |	115654
                       Number of splices: GC/AG |	144
                       Number of splices: AT/AC |	0
               Number of splices: Non-canonical |	0
                      Mismatch rate per base, % |	0.75%
                         Deletion rate per base |	0.32%
                        Deletion average length |	1.00
                        Insertion rate per base |	0.10%
                       Insertion average length |	11.22
                             MULTI-MAPPING READS:
        Number of reads mapped to multiple loci |	86
             % of reads mapped to multiple loci |	0.05%
        Number of reads mapped to too many loci |	3
             % of reads mapped to too many loci |	0.00%
                                  UNMAPPED READS:
       % of reads unmapped: too many mismatches |	0.41%
                 % of reads unmapped: too short |	77.04%
                     % of reads unmapped: other |	0.00%
                                  CHIMERIC READS:
                       Number of chimeric reads |	8
                            % of chimeric reads |	0.00%
