                                 Started job on |	May 10 07:00:23
                             Started mapping on |	May 10 07:00:24
                                    Finished on |	May 10 07:03:28
       Mapping speed, Million of reads per hour |	4.32

                          Number of input reads |	221018
                      Average input read length |	202
                                    UNIQUE READS:
                   Uniquely mapped reads number |	56898
                        Uniquely mapped reads % |	25.74%
                          Average mapped length |	194.62
                       Number of splices: Total |	161641
            Number of splices: Annotated (sjdb) |	160693
                       Number of splices: GT/AG |	161507
                       Number of splices: GC/AG |	134
                       Number of splices: AT/AC |	0
               Number of splices: Non-canonical |	0
                      Mismatch rate per base, % |	0.76%
                         Deletion rate per base |	0.31%
                        Deletion average length |	1.00
                        Insertion rate per base |	0.07%
                       Insertion average length |	11.28
                             MULTI-MAPPING READS:
        Number of reads mapped to multiple loci |	119
             % of reads mapped to multiple loci |	0.05%
        Number of reads mapped to too many loci |	4
             % of reads mapped to too many loci |	0.00%
                                  UNMAPPED READS:
       % of reads unmapped: too many mismatches |	0.47%
                 % of reads unmapped: too short |	73.73%
                     % of reads unmapped: other |	0.00%
                                  CHIMERIC READS:
                       Number of chimeric reads |	10
                            % of chimeric reads |	0.00%
