                                 Started job on |	May 08 13:25:03
                             Started mapping on |	May 08 13:25:05
                                    Finished on |	May 08 13:28:07
       Mapping speed, Million of reads per hour |	7.48

                          Number of input reads |	378051
                      Average input read length |	202
                                    UNIQUE READS:
                   Uniquely mapped reads number |	65606
                        Uniquely mapped reads % |	17.35%
                          Average mapped length |	195.24
                       Number of splices: Total |	191871
            Number of splices: Annotated (sjdb) |	190835
                       Number of splices: GT/AG |	191727
                       Number of splices: GC/AG |	144
                       Number of splices: AT/AC |	0
               Number of splices: Non-canonical |	0
                      Mismatch rate per base, % |	0.70%
                         Deletion rate per base |	0.33%
                        Deletion average length |	1.00
                        Insertion rate per base |	0.08%
                       Insertion average length |	11.02
                             MULTI-MAPPING READS:
        Number of reads mapped to multiple loci |	126
             % of reads mapped to multiple loci |	0.03%
        Number of reads mapped to too many loci |	4
             % of reads mapped to too many loci |	0.00%
                                  UNMAPPED READS:
       % of reads unmapped: too many mismatches |	0.29%
                 % of reads unmapped: too short |	82.32%
                     % of reads unmapped: other |	0.00%
                                  CHIMERIC READS:
                       Number of chimeric reads |	16
                            % of chimeric reads |	0.00%
