                                 Started job on |	May 04 18:59:52
                             Started mapping on |	May 04 18:59:53
                                    Finished on |	May 04 19:02:13
       Mapping speed, Million of reads per hour |	19.13

                          Number of input reads |	743849
                      Average input read length |	202
                                    UNIQUE READS:
                   Uniquely mapped reads number |	109860
                        Uniquely mapped reads % |	14.77%
                          Average mapped length |	196.83
                       Number of splices: Total |	232011
            Number of splices: Annotated (sjdb) |	229647
                       Number of splices: GT/AG |	231910
                       Number of splices: GC/AG |	101
                       Number of splices: AT/AC |	0
               Number of splices: Non-canonical |	0
                      Mismatch rate per base, % |	0.67%
                         Deletion rate per base |	0.37%
                        Deletion average length |	1.00
                        Insertion rate per base |	0.00%
                       Insertion average length |	1.14
                             MULTI-MAPPING READS:
        Number of reads mapped to multiple loci |	141
             % of reads mapped to multiple loci |	0.02%
        Number of reads mapped to too many loci |	12
             % of reads mapped to too many loci |	0.00%
                                  UNMAPPED READS:
       % of reads unmapped: too many mismatches |	0.21%
                 % of reads unmapped: too short |	85.00%
                     % of reads unmapped: other |	0.00%
                                  CHIMERIC READS:
                       Number of chimeric reads |	9
                            % of chimeric reads |	0.00%
