                                 Started job on |	May 04 19:35:08
                             Started mapping on |	May 04 19:35:10
                                    Finished on |	May 04 19:37:43
       Mapping speed, Million of reads per hour |	6.24

                          Number of input reads |	265133
                      Average input read length |	202
                                    UNIQUE READS:
                   Uniquely mapped reads number |	61454
                        Uniquely mapped reads % |	23.18%
                          Average mapped length |	196.37
                       Number of splices: Total |	131767
            Number of splices: Annotated (sjdb) |	129998
                       Number of splices: GT/AG |	131673
                       Number of splices: GC/AG |	94
                       Number of splices: AT/AC |	0
               Number of splices: Non-canonical |	0
                      Mismatch rate per base, % |	0.70%
                         Deletion rate per base |	0.36%
                        Deletion average length |	1.00
                        Insertion rate per base |	0.00%
                       Insertion average length |	1.03
                             MULTI-MAPPING READS:
        Number of reads mapped to multiple loci |	89
             % of reads mapped to multiple loci |	0.03%
        Number of reads mapped to too many loci |	8
             % of reads mapped to too many loci |	0.00%
                                  UNMAPPED READS:
       % of reads unmapped: too many mismatches |	0.35%
                 % of reads unmapped: too short |	76.43%
                     % of reads unmapped: other |	0.00%
                                  CHIMERIC READS:
                       Number of chimeric reads |	8
                            % of chimeric reads |	0.00%
