                                 Started job on |	May 04 15:58:11
                             Started mapping on |	May 04 15:58:12
                                    Finished on |	May 04 16:00:48
       Mapping speed, Million of reads per hour |	5.79

                          Number of input reads |	250895
                      Average input read length |	202
                                    UNIQUE READS:
                   Uniquely mapped reads number |	40381
                        Uniquely mapped reads % |	16.09%
                          Average mapped length |	196.75
                       Number of splices: Total |	85881
            Number of splices: Annotated (sjdb) |	84932
                       Number of splices: GT/AG |	85847
                       Number of splices: GC/AG |	34
                       Number of splices: AT/AC |	0
               Number of splices: Non-canonical |	0
                      Mismatch rate per base, % |	0.65%
                         Deletion rate per base |	0.37%
                        Deletion average length |	1.00
                        Insertion rate per base |	0.00%
                       Insertion average length |	1.16
                             MULTI-MAPPING READS:
        Number of reads mapped to multiple loci |	34
             % of reads mapped to multiple loci |	0.01%
        Number of reads mapped to too many loci |	5
             % of reads mapped to too many loci |	0.00%
                                  UNMAPPED READS:
       % of reads unmapped: too many mismatches |	0.23%
                 % of reads unmapped: too short |	83.66%
                     % of reads unmapped: other |	0.00%
                                  CHIMERIC READS:
                       Number of chimeric reads |	1
                            % of chimeric reads |	0.00%
