                                 Started job on |	May 10 03:36:54
                             Started mapping on |	May 10 03:36:55
                                    Finished on |	May 10 03:40:04
       Mapping speed, Million of reads per hour |	7.05

                          Number of input reads |	369915
                      Average input read length |	202
                                    UNIQUE READS:
                   Uniquely mapped reads number |	91709
                        Uniquely mapped reads % |	24.79%
                          Average mapped length |	194.92
                       Number of splices: Total |	268486
            Number of splices: Annotated (sjdb) |	267027
                       Number of splices: GT/AG |	268345
                       Number of splices: GC/AG |	140
                       Number of splices: AT/AC |	0
               Number of splices: Non-canonical |	1
                      Mismatch rate per base, % |	0.75%
                         Deletion rate per base |	0.32%
                        Deletion average length |	1.00
                        Insertion rate per base |	0.06%
                       Insertion average length |	11.16
                             MULTI-MAPPING READS:
        Number of reads mapped to multiple loci |	197
             % of reads mapped to multiple loci |	0.05%
        Number of reads mapped to too many loci |	9
             % of reads mapped to too many loci |	0.00%
                                  UNMAPPED READS:
       % of reads unmapped: too many mismatches |	0.47%
                 % of reads unmapped: too short |	74.68%
                     % of reads unmapped: other |	0.00%
                                  CHIMERIC READS:
                       Number of chimeric reads |	21
                            % of chimeric reads |	0.01%
