                                 Started job on |	May 04 19:02:15
                             Started mapping on |	May 04 19:02:16
                                    Finished on |	May 04 19:04:38
       Mapping speed, Million of reads per hour |	10.93

                          Number of input reads |	431260
                      Average input read length |	202
                                    UNIQUE READS:
                   Uniquely mapped reads number |	76949
                        Uniquely mapped reads % |	17.84%
                          Average mapped length |	196.56
                       Number of splices: Total |	162750
            Number of splices: Annotated (sjdb) |	160757
                       Number of splices: GT/AG |	162669
                       Number of splices: GC/AG |	81
                       Number of splices: AT/AC |	0
               Number of splices: Non-canonical |	0
                      Mismatch rate per base, % |	0.68%
                         Deletion rate per base |	0.37%
                        Deletion average length |	1.00
                        Insertion rate per base |	0.00%
                       Insertion average length |	1.12
                             MULTI-MAPPING READS:
        Number of reads mapped to multiple loci |	94
             % of reads mapped to multiple loci |	0.02%
        Number of reads mapped to too many loci |	13
             % of reads mapped to too many loci |	0.00%
                                  UNMAPPED READS:
       % of reads unmapped: too many mismatches |	0.27%
                 % of reads unmapped: too short |	81.86%
                     % of reads unmapped: other |	0.00%
                                  CHIMERIC READS:
                       Number of chimeric reads |	5
                            % of chimeric reads |	0.00%
