                                 Started job on |	May 10 05:20:19
                             Started mapping on |	May 10 05:20:20
                                    Finished on |	May 10 05:23:34
       Mapping speed, Million of reads per hour |	3.36

                          Number of input reads |	180996
                      Average input read length |	202
                                    UNIQUE READS:
                   Uniquely mapped reads number |	41398
                        Uniquely mapped reads % |	22.87%
                          Average mapped length |	194.52
                       Number of splices: Total |	122430
            Number of splices: Annotated (sjdb) |	121799
                       Number of splices: GT/AG |	122346
                       Number of splices: GC/AG |	84
                       Number of splices: AT/AC |	0
               Number of splices: Non-canonical |	0
                      Mismatch rate per base, % |	0.76%
                         Deletion rate per base |	0.31%
                        Deletion average length |	1.00
                        Insertion rate per base |	0.09%
                       Insertion average length |	11.18
                             MULTI-MAPPING READS:
        Number of reads mapped to multiple loci |	95
             % of reads mapped to multiple loci |	0.05%
        Number of reads mapped to too many loci |	9
             % of reads mapped to too many loci |	0.00%
                                  UNMAPPED READS:
       % of reads unmapped: too many mismatches |	0.43%
                 % of reads unmapped: too short |	76.64%
                     % of reads unmapped: other |	0.00%
                                  CHIMERIC READS:
                       Number of chimeric reads |	9
                            % of chimeric reads |	0.00%
