                                 Started job on |	May 07 17:10:06
                             Started mapping on |	May 07 17:10:08
                                    Finished on |	May 07 17:12:56
       Mapping speed, Million of reads per hour |	5.51

                          Number of input reads |	257052
                      Average input read length |	202
                                    UNIQUE READS:
                   Uniquely mapped reads number |	56271
                        Uniquely mapped reads % |	21.89%
                          Average mapped length |	194.96
                       Number of splices: Total |	165499
            Number of splices: Annotated (sjdb) |	164655
                       Number of splices: GT/AG |	165328
                       Number of splices: GC/AG |	171
                       Number of splices: AT/AC |	0
               Number of splices: Non-canonical |	0
                      Mismatch rate per base, % |	0.74%
                         Deletion rate per base |	0.33%
                        Deletion average length |	1.00
                        Insertion rate per base |	0.09%
                       Insertion average length |	11.36
                             MULTI-MAPPING READS:
        Number of reads mapped to multiple loci |	145
             % of reads mapped to multiple loci |	0.06%
        Number of reads mapped to too many loci |	7
             % of reads mapped to too many loci |	0.00%
                                  UNMAPPED READS:
       % of reads unmapped: too many mismatches |	0.39%
                 % of reads unmapped: too short |	77.66%
                     % of reads unmapped: other |	0.00%
                                  CHIMERIC READS:
                       Number of chimeric reads |	8
                            % of chimeric reads |	0.00%
