                                 Started job on |	May 10 02:19:57
                             Started mapping on |	May 10 02:19:58
                                    Finished on |	May 10 02:23:14
       Mapping speed, Million of reads per hour |	5.46

                          Number of input reads |	297064
                      Average input read length |	202
                                    UNIQUE READS:
                   Uniquely mapped reads number |	70518
                        Uniquely mapped reads % |	23.74%
                          Average mapped length |	194.77
                       Number of splices: Total |	208530
            Number of splices: Annotated (sjdb) |	207484
                       Number of splices: GT/AG |	208308
                       Number of splices: GC/AG |	222
                       Number of splices: AT/AC |	0
               Number of splices: Non-canonical |	0
                      Mismatch rate per base, % |	0.75%
                         Deletion rate per base |	0.32%
                        Deletion average length |	1.00
                        Insertion rate per base |	0.07%
                       Insertion average length |	11.08
                             MULTI-MAPPING READS:
        Number of reads mapped to multiple loci |	161
             % of reads mapped to multiple loci |	0.05%
        Number of reads mapped to too many loci |	8
             % of reads mapped to too many loci |	0.00%
                                  UNMAPPED READS:
       % of reads unmapped: too many mismatches |	0.46%
                 % of reads unmapped: too short |	75.75%
                     % of reads unmapped: other |	0.00%
                                  CHIMERIC READS:
                       Number of chimeric reads |	12
                            % of chimeric reads |	0.00%
