                                 Started job on |	May 07 13:26:30
                             Started mapping on |	May 07 13:26:32
                                    Finished on |	May 07 13:31:42
       Mapping speed, Million of reads per hour |	3.30

                          Number of input reads |	284232
                      Average input read length |	202
                                    UNIQUE READS:
                   Uniquely mapped reads number |	54280
                        Uniquely mapped reads % |	19.10%
                          Average mapped length |	194.62
                       Number of splices: Total |	156821
            Number of splices: Annotated (sjdb) |	155972
                       Number of splices: GT/AG |	156693
                       Number of splices: GC/AG |	128
                       Number of splices: AT/AC |	0
               Number of splices: Non-canonical |	0
                      Mismatch rate per base, % |	0.74%
                         Deletion rate per base |	0.32%
                        Deletion average length |	1.00
                        Insertion rate per base |	0.09%
                       Insertion average length |	11.41
                             MULTI-MAPPING READS:
        Number of reads mapped to multiple loci |	143
             % of reads mapped to multiple loci |	0.05%
        Number of reads mapped to too many loci |	12
             % of reads mapped to too many loci |	0.00%
                                  UNMAPPED READS:
       % of reads unmapped: too many mismatches |	0.33%
                 % of reads unmapped: too short |	80.52%
                     % of reads unmapped: other |	0.00%
                                  CHIMERIC READS:
                       Number of chimeric reads |	23
                            % of chimeric reads |	0.01%
