                                 Started job on |	May 04 16:43:57
                             Started mapping on |	May 04 16:43:58
                                    Finished on |	May 04 16:46:43
       Mapping speed, Million of reads per hour |	8.70

                          Number of input reads |	398951
                      Average input read length |	202
                                    UNIQUE READS:
                   Uniquely mapped reads number |	54514
                        Uniquely mapped reads % |	13.66%
                          Average mapped length |	196.79
                       Number of splices: Total |	115513
            Number of splices: Annotated (sjdb) |	114309
                       Number of splices: GT/AG |	115474
                       Number of splices: GC/AG |	39
                       Number of splices: AT/AC |	0
               Number of splices: Non-canonical |	0
                      Mismatch rate per base, % |	0.65%
                         Deletion rate per base |	0.37%
                        Deletion average length |	1.00
                        Insertion rate per base |	0.00%
                       Insertion average length |	1.37
                             MULTI-MAPPING READS:
        Number of reads mapped to multiple loci |	54
             % of reads mapped to multiple loci |	0.01%
        Number of reads mapped to too many loci |	2
             % of reads mapped to too many loci |	0.00%
                                  UNMAPPED READS:
       % of reads unmapped: too many mismatches |	0.18%
                 % of reads unmapped: too short |	86.14%
                     % of reads unmapped: other |	0.00%
                                  CHIMERIC READS:
                       Number of chimeric reads |	4
                            % of chimeric reads |	0.00%
