                                 Started job on |	May 04 18:33:42
                             Started mapping on |	May 04 18:33:43
                                    Finished on |	May 04 18:35:43
       Mapping speed, Million of reads per hour |	9.08

                          Number of input reads |	302748
                      Average input read length |	202
                                    UNIQUE READS:
                   Uniquely mapped reads number |	61583
                        Uniquely mapped reads % |	20.34%
                          Average mapped length |	196.62
                       Number of splices: Total |	132176
            Number of splices: Annotated (sjdb) |	130806
                       Number of splices: GT/AG |	132102
                       Number of splices: GC/AG |	74
                       Number of splices: AT/AC |	0
               Number of splices: Non-canonical |	0
                      Mismatch rate per base, % |	0.68%
                         Deletion rate per base |	0.36%
                        Deletion average length |	1.00
                        Insertion rate per base |	0.00%
                       Insertion average length |	1.03
                             MULTI-MAPPING READS:
        Number of reads mapped to multiple loci |	53
             % of reads mapped to multiple loci |	0.02%
        Number of reads mapped to too many loci |	12
             % of reads mapped to too many loci |	0.00%
                                  UNMAPPED READS:
       % of reads unmapped: too many mismatches |	0.30%
                 % of reads unmapped: too short |	79.33%
                     % of reads unmapped: other |	0.00%
                                  CHIMERIC READS:
                       Number of chimeric reads |	6
                            % of chimeric reads |	0.00%
