                                 Started job on |	May 10 03:24:37
                             Started mapping on |	May 10 03:24:38
                                    Finished on |	May 10 03:27:35
       Mapping speed, Million of reads per hour |	5.92

                          Number of input reads |	291192
                      Average input read length |	202
                                    UNIQUE READS:
                   Uniquely mapped reads number |	84343
                        Uniquely mapped reads % |	28.96%
                          Average mapped length |	194.76
                       Number of splices: Total |	245953
            Number of splices: Annotated (sjdb) |	244846
                       Number of splices: GT/AG |	245694
                       Number of splices: GC/AG |	259
                       Number of splices: AT/AC |	0
               Number of splices: Non-canonical |	0
                      Mismatch rate per base, % |	0.75%
                         Deletion rate per base |	0.31%
                        Deletion average length |	1.00
                        Insertion rate per base |	0.10%
                       Insertion average length |	11.42
                             MULTI-MAPPING READS:
        Number of reads mapped to multiple loci |	187
             % of reads mapped to multiple loci |	0.06%
        Number of reads mapped to too many loci |	8
             % of reads mapped to too many loci |	0.00%
                                  UNMAPPED READS:
       % of reads unmapped: too many mismatches |	0.49%
                 % of reads unmapped: too short |	70.48%
                     % of reads unmapped: other |	0.00%
                                  CHIMERIC READS:
                       Number of chimeric reads |	12
                            % of chimeric reads |	0.00%
