                                 Started job on |	May 10 18:42:16
                             Started mapping on |	May 10 18:42:18
                                    Finished on |	May 10 18:44:32
       Mapping speed, Million of reads per hour |	8.36

                          Number of input reads |	311188
                      Average input read length |	202
                                    UNIQUE READS:
                   Uniquely mapped reads number |	86905
                        Uniquely mapped reads % |	27.93%
                          Average mapped length |	196.37
                       Number of splices: Total |	188373
            Number of splices: Annotated (sjdb) |	186476
                       Number of splices: GT/AG |	188192
                       Number of splices: GC/AG |	181
                       Number of splices: AT/AC |	0
               Number of splices: Non-canonical |	0
                      Mismatch rate per base, % |	0.69%
                         Deletion rate per base |	0.36%
                        Deletion average length |	1.00
                        Insertion rate per base |	0.00%
                       Insertion average length |	1.08
                             MULTI-MAPPING READS:
        Number of reads mapped to multiple loci |	115
             % of reads mapped to multiple loci |	0.04%
        Number of reads mapped to too many loci |	13
             % of reads mapped to too many loci |	0.00%
                                  UNMAPPED READS:
       % of reads unmapped: too many mismatches |	0.45%
                 % of reads unmapped: too short |	71.58%
                     % of reads unmapped: other |	0.00%
                                  CHIMERIC READS:
                       Number of chimeric reads |	6
                            % of chimeric reads |	0.00%
