                                 Started job on |	May 08 13:28:08
                             Started mapping on |	May 08 13:28:10
                                    Finished on |	May 08 13:30:46
       Mapping speed, Million of reads per hour |	7.01

                          Number of input reads |	303689
                      Average input read length |	202
                                    UNIQUE READS:
                   Uniquely mapped reads number |	68226
                        Uniquely mapped reads % |	22.47%
                          Average mapped length |	194.89
                       Number of splices: Total |	201370
            Number of splices: Annotated (sjdb) |	200225
                       Number of splices: GT/AG |	201224
                       Number of splices: GC/AG |	146
                       Number of splices: AT/AC |	0
               Number of splices: Non-canonical |	0
                      Mismatch rate per base, % |	0.69%
                         Deletion rate per base |	0.32%
                        Deletion average length |	1.00
                        Insertion rate per base |	0.09%
                       Insertion average length |	11.15
                             MULTI-MAPPING READS:
        Number of reads mapped to multiple loci |	172
             % of reads mapped to multiple loci |	0.06%
        Number of reads mapped to too many loci |	7
             % of reads mapped to too many loci |	0.00%
                                  UNMAPPED READS:
       % of reads unmapped: too many mismatches |	0.38%
                 % of reads unmapped: too short |	77.10%
                     % of reads unmapped: other |	0.00%
                                  CHIMERIC READS:
                       Number of chimeric reads |	8
                            % of chimeric reads |	0.00%
