                                 Started job on |	May 09 01:08:32
                             Started mapping on |	May 09 01:08:33
                                    Finished on |	May 09 01:11:16
       Mapping speed, Million of reads per hour |	7.29

                          Number of input reads |	329915
                      Average input read length |	202
                                    UNIQUE READS:
                   Uniquely mapped reads number |	72931
                        Uniquely mapped reads % |	22.11%
                          Average mapped length |	194.88
                       Number of splices: Total |	209946
            Number of splices: Annotated (sjdb) |	208670
                       Number of splices: GT/AG |	209791
                       Number of splices: GC/AG |	155
                       Number of splices: AT/AC |	0
               Number of splices: Non-canonical |	0
                      Mismatch rate per base, % |	0.71%
                         Deletion rate per base |	0.32%
                        Deletion average length |	1.00
                        Insertion rate per base |	0.09%
                       Insertion average length |	11.19
                             MULTI-MAPPING READS:
        Number of reads mapped to multiple loci |	170
             % of reads mapped to multiple loci |	0.05%
        Number of reads mapped to too many loci |	14
             % of reads mapped to too many loci |	0.00%
                                  UNMAPPED READS:
       % of reads unmapped: too many mismatches |	0.38%
                 % of reads unmapped: too short |	77.46%
                     % of reads unmapped: other |	0.00%
                                  CHIMERIC READS:
                       Number of chimeric reads |	13
                            % of chimeric reads |	0.00%
