                                 Started job on |	May 11 10:15:12
                             Started mapping on |	May 11 10:15:13
                                    Finished on |	May 11 10:17:19
       Mapping speed, Million of reads per hour |	7.77

                          Number of input reads |	271785
                      Average input read length |	202
                                    UNIQUE READS:
                   Uniquely mapped reads number |	76118
                        Uniquely mapped reads % |	28.01%
                          Average mapped length |	196.21
                       Number of splices: Total |	163061
            Number of splices: Annotated (sjdb) |	161270
                       Number of splices: GT/AG |	162948
                       Number of splices: GC/AG |	113
                       Number of splices: AT/AC |	0
               Number of splices: Non-canonical |	0
                      Mismatch rate per base, % |	0.73%
                         Deletion rate per base |	0.36%
                        Deletion average length |	1.00
                        Insertion rate per base |	0.00%
                       Insertion average length |	1.20
                             MULTI-MAPPING READS:
        Number of reads mapped to multiple loci |	100
             % of reads mapped to multiple loci |	0.04%
        Number of reads mapped to too many loci |	18
             % of reads mapped to too many loci |	0.01%
                                  UNMAPPED READS:
       % of reads unmapped: too many mismatches |	0.51%
                 % of reads unmapped: too short |	71.44%
                     % of reads unmapped: other |	0.00%
                                  CHIMERIC READS:
                       Number of chimeric reads |	8
                            % of chimeric reads |	0.00%
