                                 Started job on |	May 06 04:44:04
                             Started mapping on |	May 06 04:44:06
                                    Finished on |	May 06 04:46:17
       Mapping speed, Million of reads per hour |	7.34

                          Number of input reads |	267194
                      Average input read length |	202
                                    UNIQUE READS:
                   Uniquely mapped reads number |	62869
                        Uniquely mapped reads % |	23.53%
                          Average mapped length |	196.12
                       Number of splices: Total |	135220
            Number of splices: Annotated (sjdb) |	133956
                       Number of splices: GT/AG |	135172
                       Number of splices: GC/AG |	48
                       Number of splices: AT/AC |	0
               Number of splices: Non-canonical |	0
                      Mismatch rate per base, % |	0.74%
                         Deletion rate per base |	0.35%
                        Deletion average length |	1.01
                        Insertion rate per base |	0.00%
                       Insertion average length |	1.09
                             MULTI-MAPPING READS:
        Number of reads mapped to multiple loci |	79
             % of reads mapped to multiple loci |	0.03%
        Number of reads mapped to too many loci |	10
             % of reads mapped to too many loci |	0.00%
                                  UNMAPPED READS:
       % of reads unmapped: too many mismatches |	0.42%
                 % of reads unmapped: too short |	76.01%
                     % of reads unmapped: other |	0.00%
                                  CHIMERIC READS:
                       Number of chimeric reads |	7
                            % of chimeric reads |	0.00%
