                                 Started job on |	May 08 11:40:21
                             Started mapping on |	May 08 11:40:22
                                    Finished on |	May 08 11:43:17
       Mapping speed, Million of reads per hour |	5.97

                          Number of input reads |	290334
                      Average input read length |	202
                                    UNIQUE READS:
                   Uniquely mapped reads number |	97603
                        Uniquely mapped reads % |	33.62%
                          Average mapped length |	194.84
                       Number of splices: Total |	285398
            Number of splices: Annotated (sjdb) |	284078
                       Number of splices: GT/AG |	285226
                       Number of splices: GC/AG |	172
                       Number of splices: AT/AC |	0
               Number of splices: Non-canonical |	0
                      Mismatch rate per base, % |	0.68%
                         Deletion rate per base |	0.31%
                        Deletion average length |	1.00
                        Insertion rate per base |	0.10%
                       Insertion average length |	11.29
                             MULTI-MAPPING READS:
        Number of reads mapped to multiple loci |	188
             % of reads mapped to multiple loci |	0.06%
        Number of reads mapped to too many loci |	6
             % of reads mapped to too many loci |	0.00%
                                  UNMAPPED READS:
       % of reads unmapped: too many mismatches |	0.51%
                 % of reads unmapped: too short |	65.81%
                     % of reads unmapped: other |	0.00%
                                  CHIMERIC READS:
                       Number of chimeric reads |	20
                            % of chimeric reads |	0.01%
