                                 Started job on |	May 11 11:03:34
                             Started mapping on |	May 11 11:03:34
                                    Finished on |	May 11 11:05:36
       Mapping speed, Million of reads per hour |	9.84

                          Number of input reads |	333442
                      Average input read length |	202
                                    UNIQUE READS:
                   Uniquely mapped reads number |	97104
                        Uniquely mapped reads % |	29.12%
                          Average mapped length |	196.27
                       Number of splices: Total |	208195
            Number of splices: Annotated (sjdb) |	206032
                       Number of splices: GT/AG |	208082
                       Number of splices: GC/AG |	113
                       Number of splices: AT/AC |	0
               Number of splices: Non-canonical |	0
                      Mismatch rate per base, % |	0.73%
                         Deletion rate per base |	0.36%
                        Deletion average length |	1.00
                        Insertion rate per base |	0.00%
                       Insertion average length |	1.05
                             MULTI-MAPPING READS:
        Number of reads mapped to multiple loci |	137
             % of reads mapped to multiple loci |	0.04%
        Number of reads mapped to too many loci |	22
             % of reads mapped to too many loci |	0.01%
                                  UNMAPPED READS:
       % of reads unmapped: too many mismatches |	0.53%
                 % of reads unmapped: too short |	70.30%
                     % of reads unmapped: other |	0.00%
                                  CHIMERIC READS:
                       Number of chimeric reads |	13
                            % of chimeric reads |	0.00%
