                                 Started job on |	May 06 03:52:00
                             Started mapping on |	May 06 03:52:02
                                    Finished on |	May 06 03:54:11
       Mapping speed, Million of reads per hour |	8.51

                          Number of input reads |	305013
                      Average input read length |	202
                                    UNIQUE READS:
                   Uniquely mapped reads number |	81209
                        Uniquely mapped reads % |	26.62%
                          Average mapped length |	195.75
                       Number of splices: Total |	174255
            Number of splices: Annotated (sjdb) |	172522
                       Number of splices: GT/AG |	174195
                       Number of splices: GC/AG |	60
                       Number of splices: AT/AC |	0
               Number of splices: Non-canonical |	0
                      Mismatch rate per base, % |	0.76%
                         Deletion rate per base |	0.34%
                        Deletion average length |	1.00
                        Insertion rate per base |	0.00%
                       Insertion average length |	1.19
                             MULTI-MAPPING READS:
        Number of reads mapped to multiple loci |	125
             % of reads mapped to multiple loci |	0.04%
        Number of reads mapped to too many loci |	12
             % of reads mapped to too many loci |	0.00%
                                  UNMAPPED READS:
       % of reads unmapped: too many mismatches |	0.46%
                 % of reads unmapped: too short |	72.87%
                     % of reads unmapped: other |	0.00%
                                  CHIMERIC READS:
                       Number of chimeric reads |	6
                            % of chimeric reads |	0.00%
