                                 Started job on |	May 10 18:26:02
                             Started mapping on |	May 10 18:26:03
                                    Finished on |	May 10 18:28:21
       Mapping speed, Million of reads per hour |	6.80

                          Number of input reads |	260735
                      Average input read length |	202
                                    UNIQUE READS:
                   Uniquely mapped reads number |	27504
                        Uniquely mapped reads % |	10.55%
                          Average mapped length |	193.14
                       Number of splices: Total |	76067
            Number of splices: Annotated (sjdb) |	75438
                       Number of splices: GT/AG |	76043
                       Number of splices: GC/AG |	24
                       Number of splices: AT/AC |	0
               Number of splices: Non-canonical |	0
                      Mismatch rate per base, % |	0.74%
                         Deletion rate per base |	0.30%
                        Deletion average length |	1.01
                        Insertion rate per base |	0.06%
                       Insertion average length |	10.77
                             MULTI-MAPPING READS:
        Number of reads mapped to multiple loci |	57
             % of reads mapped to multiple loci |	0.02%
        Number of reads mapped to too many loci |	5
             % of reads mapped to too many loci |	0.00%
                                  UNMAPPED READS:
       % of reads unmapped: too many mismatches |	0.19%
                 % of reads unmapped: too short |	89.24%
                     % of reads unmapped: other |	0.00%
                                  CHIMERIC READS:
                       Number of chimeric reads |	13
                            % of chimeric reads |	0.00%
