                                 Started job on |	May 08 12:27:54
                             Started mapping on |	May 08 12:27:55
                                    Finished on |	May 08 12:30:36
       Mapping speed, Million of reads per hour |	6.78

                          Number of input reads |	303041
                      Average input read length |	202
                                    UNIQUE READS:
                   Uniquely mapped reads number |	90964
                        Uniquely mapped reads % |	30.02%
                          Average mapped length |	195.19
                       Number of splices: Total |	269795
            Number of splices: Annotated (sjdb) |	268496
                       Number of splices: GT/AG |	269656
                       Number of splices: GC/AG |	139
                       Number of splices: AT/AC |	0
               Number of splices: Non-canonical |	0
                      Mismatch rate per base, % |	0.70%
                         Deletion rate per base |	0.32%
                        Deletion average length |	1.00
                        Insertion rate per base |	0.08%
                       Insertion average length |	11.35
                             MULTI-MAPPING READS:
        Number of reads mapped to multiple loci |	192
             % of reads mapped to multiple loci |	0.06%
        Number of reads mapped to too many loci |	2
             % of reads mapped to too many loci |	0.00%
                                  UNMAPPED READS:
       % of reads unmapped: too many mismatches |	0.49%
                 % of reads unmapped: too short |	69.43%
                     % of reads unmapped: other |	0.00%
                                  CHIMERIC READS:
                       Number of chimeric reads |	18
                            % of chimeric reads |	0.01%
