                                 Started job on |	May 06 04:37:38
                             Started mapping on |	May 06 04:37:39
                                    Finished on |	May 06 04:39:58
       Mapping speed, Million of reads per hour |	8.54

                          Number of input reads |	329796
                      Average input read length |	202
                                    UNIQUE READS:
                   Uniquely mapped reads number |	71264
                        Uniquely mapped reads % |	21.61%
                          Average mapped length |	196.18
                       Number of splices: Total |	153046
            Number of splices: Annotated (sjdb) |	151609
                       Number of splices: GT/AG |	153000
                       Number of splices: GC/AG |	46
                       Number of splices: AT/AC |	0
               Number of splices: Non-canonical |	0
                      Mismatch rate per base, % |	0.73%
                         Deletion rate per base |	0.35%
                        Deletion average length |	1.00
                        Insertion rate per base |	0.00%
                       Insertion average length |	1.47
                             MULTI-MAPPING READS:
        Number of reads mapped to multiple loci |	77
             % of reads mapped to multiple loci |	0.02%
        Number of reads mapped to too many loci |	8
             % of reads mapped to too many loci |	0.00%
                                  UNMAPPED READS:
       % of reads unmapped: too many mismatches |	0.36%
                 % of reads unmapped: too short |	78.01%
                     % of reads unmapped: other |	0.00%
                                  CHIMERIC READS:
                       Number of chimeric reads |	7
                            % of chimeric reads |	0.00%
