                                 Started job on |	May 07 15:38:30
                             Started mapping on |	May 07 15:38:31
                                    Finished on |	May 07 15:41:37
       Mapping speed, Million of reads per hour |	7.30

                          Number of input reads |	377058
                      Average input read length |	202
                                    UNIQUE READS:
                   Uniquely mapped reads number |	81384
                        Uniquely mapped reads % |	21.58%
                          Average mapped length |	195.03
                       Number of splices: Total |	239137
            Number of splices: Annotated (sjdb) |	237945
                       Number of splices: GT/AG |	238916
                       Number of splices: GC/AG |	221
                       Number of splices: AT/AC |	0
               Number of splices: Non-canonical |	0
                      Mismatch rate per base, % |	0.75%
                         Deletion rate per base |	0.33%
                        Deletion average length |	1.00
                        Insertion rate per base |	0.10%
                       Insertion average length |	11.27
                             MULTI-MAPPING READS:
        Number of reads mapped to multiple loci |	195
             % of reads mapped to multiple loci |	0.05%
        Number of reads mapped to too many loci |	5
             % of reads mapped to too many loci |	0.00%
                                  UNMAPPED READS:
       % of reads unmapped: too many mismatches |	0.37%
                 % of reads unmapped: too short |	77.99%
                     % of reads unmapped: other |	0.00%
                                  CHIMERIC READS:
                       Number of chimeric reads |	20
                            % of chimeric reads |	0.01%
