                                 Started job on |	May 06 05:44:57
                             Started mapping on |	May 06 05:44:58
                                    Finished on |	May 06 05:47:41
       Mapping speed, Million of reads per hour |	7.83

                          Number of input reads |	354707
                      Average input read length |	202
                                    UNIQUE READS:
                   Uniquely mapped reads number |	103781
                        Uniquely mapped reads % |	29.26%
                          Average mapped length |	195.86
                       Number of splices: Total |	224019
            Number of splices: Annotated (sjdb) |	221590
                       Number of splices: GT/AG |	223947
                       Number of splices: GC/AG |	72
                       Number of splices: AT/AC |	0
               Number of splices: Non-canonical |	0
                      Mismatch rate per base, % |	0.73%
                         Deletion rate per base |	0.34%
                        Deletion average length |	1.00
                        Insertion rate per base |	0.00%
                       Insertion average length |	1.03
                             MULTI-MAPPING READS:
        Number of reads mapped to multiple loci |	129
             % of reads mapped to multiple loci |	0.04%
        Number of reads mapped to too many loci |	8
             % of reads mapped to too many loci |	0.00%
                                  UNMAPPED READS:
       % of reads unmapped: too many mismatches |	0.49%
                 % of reads unmapped: too short |	70.22%
                     % of reads unmapped: other |	0.00%
                                  CHIMERIC READS:
                       Number of chimeric reads |	8
                            % of chimeric reads |	0.00%
