                                 Started job on |	May 10 15:49:32
                             Started mapping on |	May 10 15:49:33
                                    Finished on |	May 10 15:52:25
       Mapping speed, Million of reads per hour |	5.29

                          Number of input reads |	252913
                      Average input read length |	202
                                    UNIQUE READS:
                   Uniquely mapped reads number |	59133
                        Uniquely mapped reads % |	23.38%
                          Average mapped length |	196.42
                       Number of splices: Total |	127366
            Number of splices: Annotated (sjdb) |	125861
                       Number of splices: GT/AG |	127303
                       Number of splices: GC/AG |	63
                       Number of splices: AT/AC |	0
               Number of splices: Non-canonical |	0
                      Mismatch rate per base, % |	0.69%
                         Deletion rate per base |	0.35%
                        Deletion average length |	1.00
                        Insertion rate per base |	0.00%
                       Insertion average length |	1.56
                             MULTI-MAPPING READS:
        Number of reads mapped to multiple loci |	65
             % of reads mapped to multiple loci |	0.03%
        Number of reads mapped to too many loci |	10
             % of reads mapped to too many loci |	0.00%
                                  UNMAPPED READS:
       % of reads unmapped: too many mismatches |	0.37%
                 % of reads unmapped: too short |	76.22%
                     % of reads unmapped: other |	0.00%
                                  CHIMERIC READS:
                       Number of chimeric reads |	5
                            % of chimeric reads |	0.00%
