                                 Started job on |	May 07 11:46:15
                             Started mapping on |	May 07 11:46:16
                                    Finished on |	May 07 11:50:43
       Mapping speed, Million of reads per hour |	3.17

                          Number of input reads |	235095
                      Average input read length |	202
                                    UNIQUE READS:
                   Uniquely mapped reads number |	49172
                        Uniquely mapped reads % |	20.92%
                          Average mapped length |	194.62
                       Number of splices: Total |	139882
            Number of splices: Annotated (sjdb) |	138614
                       Number of splices: GT/AG |	139813
                       Number of splices: GC/AG |	69
                       Number of splices: AT/AC |	0
               Number of splices: Non-canonical |	0
                      Mismatch rate per base, % |	0.73%
                         Deletion rate per base |	0.32%
                        Deletion average length |	1.00
                        Insertion rate per base |	0.08%
                       Insertion average length |	11.15
                             MULTI-MAPPING READS:
        Number of reads mapped to multiple loci |	139
             % of reads mapped to multiple loci |	0.06%
        Number of reads mapped to too many loci |	11
             % of reads mapped to too many loci |	0.00%
                                  UNMAPPED READS:
       % of reads unmapped: too many mismatches |	0.32%
                 % of reads unmapped: too short |	78.70%
                     % of reads unmapped: other |	0.00%
                                  CHIMERIC READS:
                       Number of chimeric reads |	10
                            % of chimeric reads |	0.00%
