                                 Started job on |	May 06 08:32:24
                             Started mapping on |	May 06 08:32:26
                                    Finished on |	May 06 08:35:02
       Mapping speed, Million of reads per hour |	6.90

                          Number of input reads |	299193
                      Average input read length |	202
                                    UNIQUE READS:
                   Uniquely mapped reads number |	84655
                        Uniquely mapped reads % |	28.29%
                          Average mapped length |	195.87
                       Number of splices: Total |	182794
            Number of splices: Annotated (sjdb) |	180817
                       Number of splices: GT/AG |	182723
                       Number of splices: GC/AG |	71
                       Number of splices: AT/AC |	0
               Number of splices: Non-canonical |	0
                      Mismatch rate per base, % |	0.74%
                         Deletion rate per base |	0.35%
                        Deletion average length |	1.00
                        Insertion rate per base |	0.00%
                       Insertion average length |	1.21
                             MULTI-MAPPING READS:
        Number of reads mapped to multiple loci |	123
             % of reads mapped to multiple loci |	0.04%
        Number of reads mapped to too many loci |	17
             % of reads mapped to too many loci |	0.01%
                                  UNMAPPED READS:
       % of reads unmapped: too many mismatches |	0.50%
                 % of reads unmapped: too short |	71.16%
                     % of reads unmapped: other |	0.00%
                                  CHIMERIC READS:
                       Number of chimeric reads |	7
                            % of chimeric reads |	0.00%
