                                 Started job on |	May 11 06:21:44
                             Started mapping on |	May 11 06:21:45
                                    Finished on |	May 11 06:24:15
       Mapping speed, Million of reads per hour |	7.58

                          Number of input reads |	315664
                      Average input read length |	202
                                    UNIQUE READS:
                   Uniquely mapped reads number |	92783
                        Uniquely mapped reads % |	29.39%
                          Average mapped length |	196.27
                       Number of splices: Total |	199434
            Number of splices: Annotated (sjdb) |	196930
                       Number of splices: GT/AG |	199279
                       Number of splices: GC/AG |	155
                       Number of splices: AT/AC |	0
               Number of splices: Non-canonical |	0
                      Mismatch rate per base, % |	0.71%
                         Deletion rate per base |	0.36%
                        Deletion average length |	1.00
                        Insertion rate per base |	0.00%
                       Insertion average length |	1.11
                             MULTI-MAPPING READS:
        Number of reads mapped to multiple loci |	138
             % of reads mapped to multiple loci |	0.04%
        Number of reads mapped to too many loci |	16
             % of reads mapped to too many loci |	0.01%
                                  UNMAPPED READS:
       % of reads unmapped: too many mismatches |	0.53%
                 % of reads unmapped: too short |	70.03%
                     % of reads unmapped: other |	0.00%
                                  CHIMERIC READS:
                       Number of chimeric reads |	6
                            % of chimeric reads |	0.00%
