                                 Started job on |	May 08 08:19:03
                             Started mapping on |	May 08 08:19:04
                                    Finished on |	May 08 08:21:56
       Mapping speed, Million of reads per hour |	6.33

                          Number of input reads |	302461
                      Average input read length |	202
                                    UNIQUE READS:
                   Uniquely mapped reads number |	90890
                        Uniquely mapped reads % |	30.05%
                          Average mapped length |	195.23
                       Number of splices: Total |	262974
            Number of splices: Annotated (sjdb) |	261637
                       Number of splices: GT/AG |	262656
                       Number of splices: GC/AG |	318
                       Number of splices: AT/AC |	0
               Number of splices: Non-canonical |	0
                      Mismatch rate per base, % |	0.70%
                         Deletion rate per base |	0.32%
                        Deletion average length |	1.00
                        Insertion rate per base |	0.08%
                       Insertion average length |	11.23
                             MULTI-MAPPING READS:
        Number of reads mapped to multiple loci |	160
             % of reads mapped to multiple loci |	0.05%
        Number of reads mapped to too many loci |	4
             % of reads mapped to too many loci |	0.00%
                                  UNMAPPED READS:
       % of reads unmapped: too many mismatches |	0.49%
                 % of reads unmapped: too short |	69.41%
                     % of reads unmapped: other |	0.00%
                                  CHIMERIC READS:
                       Number of chimeric reads |	10
                            % of chimeric reads |	0.00%
