                                 Started job on |	May 08 06:21:50
                             Started mapping on |	May 08 06:21:51
                                    Finished on |	May 08 06:24:31
       Mapping speed, Million of reads per hour |	3.80

                          Number of input reads |	168857
                      Average input read length |	202
                                    UNIQUE READS:
                   Uniquely mapped reads number |	57020
                        Uniquely mapped reads % |	33.77%
                          Average mapped length |	194.72
                       Number of splices: Total |	165445
            Number of splices: Annotated (sjdb) |	164603
                       Number of splices: GT/AG |	165313
                       Number of splices: GC/AG |	132
                       Number of splices: AT/AC |	0
               Number of splices: Non-canonical |	0
                      Mismatch rate per base, % |	0.71%
                         Deletion rate per base |	0.31%
                        Deletion average length |	1.00
                        Insertion rate per base |	0.10%
                       Insertion average length |	11.33
                             MULTI-MAPPING READS:
        Number of reads mapped to multiple loci |	122
             % of reads mapped to multiple loci |	0.07%
        Number of reads mapped to too many loci |	4
             % of reads mapped to too many loci |	0.00%
                                  UNMAPPED READS:
       % of reads unmapped: too many mismatches |	0.57%
                 % of reads unmapped: too short |	65.59%
                     % of reads unmapped: other |	0.00%
                                  CHIMERIC READS:
                       Number of chimeric reads |	12
                            % of chimeric reads |	0.01%
