                                 Started job on |	May 06 10:20:27
                             Started mapping on |	May 06 10:20:31
                                    Finished on |	May 06 10:22:39
       Mapping speed, Million of reads per hour |	6.87

                          Number of input reads |	244369
                      Average input read length |	202
                                    UNIQUE READS:
                   Uniquely mapped reads number |	72036
                        Uniquely mapped reads % |	29.48%
                          Average mapped length |	195.78
                       Number of splices: Total |	154633
            Number of splices: Annotated (sjdb) |	152664
                       Number of splices: GT/AG |	154544
                       Number of splices: GC/AG |	89
                       Number of splices: AT/AC |	0
               Number of splices: Non-canonical |	0
                      Mismatch rate per base, % |	0.75%
                         Deletion rate per base |	0.34%
                        Deletion average length |	1.00
                        Insertion rate per base |	0.00%
                       Insertion average length |	1.21
                             MULTI-MAPPING READS:
        Number of reads mapped to multiple loci |	103
             % of reads mapped to multiple loci |	0.04%
        Number of reads mapped to too many loci |	7
             % of reads mapped to too many loci |	0.00%
                                  UNMAPPED READS:
       % of reads unmapped: too many mismatches |	0.52%
                 % of reads unmapped: too short |	69.96%
                     % of reads unmapped: other |	0.00%
                                  CHIMERIC READS:
                       Number of chimeric reads |	4
                            % of chimeric reads |	0.00%
