                                 Started job on |	May 11 04:39:15
                             Started mapping on |	May 11 04:39:16
                                    Finished on |	May 11 04:41:29
       Mapping speed, Million of reads per hour |	6.47

                          Number of input reads |	238853
                      Average input read length |	202
                                    UNIQUE READS:
                   Uniquely mapped reads number |	73843
                        Uniquely mapped reads % |	30.92%
                          Average mapped length |	196.13
                       Number of splices: Total |	158925
            Number of splices: Annotated (sjdb) |	156913
                       Number of splices: GT/AG |	158796
                       Number of splices: GC/AG |	129
                       Number of splices: AT/AC |	0
               Number of splices: Non-canonical |	0
                      Mismatch rate per base, % |	0.73%
                         Deletion rate per base |	0.36%
                        Deletion average length |	1.00
                        Insertion rate per base |	0.00%
                       Insertion average length |	1.13
                             MULTI-MAPPING READS:
        Number of reads mapped to multiple loci |	90
             % of reads mapped to multiple loci |	0.04%
        Number of reads mapped to too many loci |	14
             % of reads mapped to too many loci |	0.01%
                                  UNMAPPED READS:
       % of reads unmapped: too many mismatches |	0.55%
                 % of reads unmapped: too short |	68.49%
                     % of reads unmapped: other |	0.00%
                                  CHIMERIC READS:
                       Number of chimeric reads |	5
                            % of chimeric reads |	0.00%
