                                 Started job on |	May 08 13:33:47
                             Started mapping on |	May 08 13:33:48
                                    Finished on |	May 08 13:36:17
       Mapping speed, Million of reads per hour |	5.03

                          Number of input reads |	208160
                      Average input read length |	202
                                    UNIQUE READS:
                   Uniquely mapped reads number |	67396
                        Uniquely mapped reads % |	32.38%
                          Average mapped length |	195.14
                       Number of splices: Total |	192212
            Number of splices: Annotated (sjdb) |	191300
                       Number of splices: GT/AG |	192046
                       Number of splices: GC/AG |	166
                       Number of splices: AT/AC |	0
               Number of splices: Non-canonical |	0
                      Mismatch rate per base, % |	0.71%
                         Deletion rate per base |	0.31%
                        Deletion average length |	1.00
                        Insertion rate per base |	0.09%
                       Insertion average length |	11.24
                             MULTI-MAPPING READS:
        Number of reads mapped to multiple loci |	141
             % of reads mapped to multiple loci |	0.07%
        Number of reads mapped to too many loci |	2
             % of reads mapped to too many loci |	0.00%
                                  UNMAPPED READS:
       % of reads unmapped: too many mismatches |	0.53%
                 % of reads unmapped: too short |	67.03%
                     % of reads unmapped: other |	0.00%
                                  CHIMERIC READS:
                       Number of chimeric reads |	5
                            % of chimeric reads |	0.00%
