                                 Started job on |	May 11 13:39:58
                             Started mapping on |	May 11 13:39:59
                                    Finished on |	May 11 13:42:26
       Mapping speed, Million of reads per hour |	7.12

                          Number of input reads |	290859
                      Average input read length |	202
                                    UNIQUE READS:
                   Uniquely mapped reads number |	85864
                        Uniquely mapped reads % |	29.52%
                          Average mapped length |	196.38
                       Number of splices: Total |	184762
            Number of splices: Annotated (sjdb) |	182882
                       Number of splices: GT/AG |	184629
                       Number of splices: GC/AG |	133
                       Number of splices: AT/AC |	0
               Number of splices: Non-canonical |	0
                      Mismatch rate per base, % |	0.71%
                         Deletion rate per base |	0.36%
                        Deletion average length |	1.00
                        Insertion rate per base |	0.00%
                       Insertion average length |	1.09
                             MULTI-MAPPING READS:
        Number of reads mapped to multiple loci |	101
             % of reads mapped to multiple loci |	0.03%
        Number of reads mapped to too many loci |	13
             % of reads mapped to too many loci |	0.00%
                                  UNMAPPED READS:
       % of reads unmapped: too many mismatches |	0.49%
                 % of reads unmapped: too short |	69.94%
                     % of reads unmapped: other |	0.00%
                                  CHIMERIC READS:
                       Number of chimeric reads |	4
                            % of chimeric reads |	0.00%
