                                 Started job on |	May 08 13:17:50
                             Started mapping on |	May 08 13:17:51
                                    Finished on |	May 08 13:20:05
       Mapping speed, Million of reads per hour |	8.35

                          Number of input reads |	310894
                      Average input read length |	202
                                    UNIQUE READS:
                   Uniquely mapped reads number |	73872
                        Uniquely mapped reads % |	23.76%
                          Average mapped length |	195.06
                       Number of splices: Total |	208699
            Number of splices: Annotated (sjdb) |	207421
                       Number of splices: GT/AG |	208536
                       Number of splices: GC/AG |	163
                       Number of splices: AT/AC |	0
               Number of splices: Non-canonical |	0
                      Mismatch rate per base, % |	0.71%
                         Deletion rate per base |	0.32%
                        Deletion average length |	1.00
                        Insertion rate per base |	0.07%
                       Insertion average length |	11.20
                             MULTI-MAPPING READS:
        Number of reads mapped to multiple loci |	162
             % of reads mapped to multiple loci |	0.05%
        Number of reads mapped to too many loci |	9
             % of reads mapped to too many loci |	0.00%
                                  UNMAPPED READS:
       % of reads unmapped: too many mismatches |	0.43%
                 % of reads unmapped: too short |	75.76%
                     % of reads unmapped: other |	0.00%
                                  CHIMERIC READS:
                       Number of chimeric reads |	22
                            % of chimeric reads |	0.01%
