                                 Started job on |	May 05 12:10:41
                             Started mapping on |	May 05 12:10:43
                                    Finished on |	May 05 12:12:40
       Mapping speed, Million of reads per hour |	9.94

                          Number of input reads |	323028
                      Average input read length |	202
                                    UNIQUE READS:
                   Uniquely mapped reads number |	63320
                        Uniquely mapped reads % |	19.60%
                          Average mapped length |	196.11
                       Number of splices: Total |	136932
            Number of splices: Annotated (sjdb) |	135489
                       Number of splices: GT/AG |	136895
                       Number of splices: GC/AG |	37
                       Number of splices: AT/AC |	0
               Number of splices: Non-canonical |	0
                      Mismatch rate per base, % |	0.76%
                         Deletion rate per base |	0.35%
                        Deletion average length |	1.00
                        Insertion rate per base |	0.00%
                       Insertion average length |	1.05
                             MULTI-MAPPING READS:
        Number of reads mapped to multiple loci |	95
             % of reads mapped to multiple loci |	0.03%
        Number of reads mapped to too many loci |	9
             % of reads mapped to too many loci |	0.00%
                                  UNMAPPED READS:
       % of reads unmapped: too many mismatches |	0.35%
                 % of reads unmapped: too short |	80.02%
                     % of reads unmapped: other |	0.00%
                                  CHIMERIC READS:
                       Number of chimeric reads |	5
                            % of chimeric reads |	0.00%
