                                 Started job on |	May 04 15:53:15
                             Started mapping on |	May 04 15:53:16
                                    Finished on |	May 04 15:55:45
       Mapping speed, Million of reads per hour |	6.05

                          Number of input reads |	250321
                      Average input read length |	202
                                    UNIQUE READS:
                   Uniquely mapped reads number |	55302
                        Uniquely mapped reads % |	22.09%
                          Average mapped length |	196.34
                       Number of splices: Total |	118238
            Number of splices: Annotated (sjdb) |	116759
                       Number of splices: GT/AG |	118173
                       Number of splices: GC/AG |	65
                       Number of splices: AT/AC |	0
               Number of splices: Non-canonical |	0
                      Mismatch rate per base, % |	0.67%
                         Deletion rate per base |	0.36%
                        Deletion average length |	1.00
                        Insertion rate per base |	0.00%
                       Insertion average length |	1.03
                             MULTI-MAPPING READS:
        Number of reads mapped to multiple loci |	64
             % of reads mapped to multiple loci |	0.03%
        Number of reads mapped to too many loci |	12
             % of reads mapped to too many loci |	0.00%
                                  UNMAPPED READS:
       % of reads unmapped: too many mismatches |	0.32%
                 % of reads unmapped: too short |	77.55%
                     % of reads unmapped: other |	0.00%
                                  CHIMERIC READS:
                       Number of chimeric reads |	4
                            % of chimeric reads |	0.00%
