                                 Started job on |	May 10 15:57:55
                             Started mapping on |	May 10 15:57:57
                                    Finished on |	May 10 16:00:34
       Mapping speed, Million of reads per hour |	6.31

                          Number of input reads |	275061
                      Average input read length |	202
                                    UNIQUE READS:
                   Uniquely mapped reads number |	61930
                        Uniquely mapped reads % |	22.52%
                          Average mapped length |	196.15
                       Number of splices: Total |	133517
            Number of splices: Annotated (sjdb) |	131861
                       Number of splices: GT/AG |	133374
                       Number of splices: GC/AG |	143
                       Number of splices: AT/AC |	0
               Number of splices: Non-canonical |	0
                      Mismatch rate per base, % |	0.70%
                         Deletion rate per base |	0.35%
                        Deletion average length |	1.00
                        Insertion rate per base |	0.00%
                       Insertion average length |	1.05
                             MULTI-MAPPING READS:
        Number of reads mapped to multiple loci |	91
             % of reads mapped to multiple loci |	0.03%
        Number of reads mapped to too many loci |	7
             % of reads mapped to too many loci |	0.00%
                                  UNMAPPED READS:
       % of reads unmapped: too many mismatches |	0.38%
                 % of reads unmapped: too short |	77.07%
                     % of reads unmapped: other |	0.00%
                                  CHIMERIC READS:
                       Number of chimeric reads |	2
                            % of chimeric reads |	0.00%
