                                 Started job on |	May 09 09:46:58
                             Started mapping on |	May 09 09:46:59
                                    Finished on |	May 09 09:48:52
       Mapping speed, Million of reads per hour |	9.30

                          Number of input reads |	291881
                      Average input read length |	202
                                    UNIQUE READS:
                   Uniquely mapped reads number |	84729
                        Uniquely mapped reads % |	29.03%
                          Average mapped length |	194.81
                       Number of splices: Total |	242486
            Number of splices: Annotated (sjdb) |	241122
                       Number of splices: GT/AG |	242236
                       Number of splices: GC/AG |	250
                       Number of splices: AT/AC |	0
               Number of splices: Non-canonical |	0
                      Mismatch rate per base, % |	0.71%
                         Deletion rate per base |	0.31%
                        Deletion average length |	1.00
                        Insertion rate per base |	0.10%
                       Insertion average length |	11.38
                             MULTI-MAPPING READS:
        Number of reads mapped to multiple loci |	218
             % of reads mapped to multiple loci |	0.07%
        Number of reads mapped to too many loci |	12
             % of reads mapped to too many loci |	0.00%
                                  UNMAPPED READS:
       % of reads unmapped: too many mismatches |	0.54%
                 % of reads unmapped: too short |	70.35%
                     % of reads unmapped: other |	0.00%
                                  CHIMERIC READS:
                       Number of chimeric reads |	11
                            % of chimeric reads |	0.00%
