                                 Started job on |	May 04 05:56:15
                             Started mapping on |	May 04 05:56:16
                                    Finished on |	May 04 05:58:51
       Mapping speed, Million of reads per hour |	7.12

                          Number of input reads |	306616
                      Average input read length |	202
                                    UNIQUE READS:
                   Uniquely mapped reads number |	67932
                        Uniquely mapped reads % |	22.16%
                          Average mapped length |	196.61
                       Number of splices: Total |	146260
            Number of splices: Annotated (sjdb) |	144801
                       Number of splices: GT/AG |	146181
                       Number of splices: GC/AG |	79
                       Number of splices: AT/AC |	0
               Number of splices: Non-canonical |	0
                      Mismatch rate per base, % |	0.68%
                         Deletion rate per base |	0.36%
                        Deletion average length |	1.00
                        Insertion rate per base |	0.00%
                       Insertion average length |	1.03
                             MULTI-MAPPING READS:
        Number of reads mapped to multiple loci |	80
             % of reads mapped to multiple loci |	0.03%
        Number of reads mapped to too many loci |	7
             % of reads mapped to too many loci |	0.00%
                                  UNMAPPED READS:
       % of reads unmapped: too many mismatches |	0.33%
                 % of reads unmapped: too short |	77.48%
                     % of reads unmapped: other |	0.00%
                                  CHIMERIC READS:
                       Number of chimeric reads |	7
                            % of chimeric reads |	0.00%
