                                 Started job on |	May 06 17:27:59
                             Started mapping on |	May 06 17:28:01
                                    Finished on |	May 06 17:30:26
       Mapping speed, Million of reads per hour |	5.10

                          Number of input reads |	205554
                      Average input read length |	202
                                    UNIQUE READS:
                   Uniquely mapped reads number |	43001
                        Uniquely mapped reads % |	20.92%
                          Average mapped length |	195.97
                       Number of splices: Total |	92102
            Number of splices: Annotated (sjdb) |	91054
                       Number of splices: GT/AG |	92070
                       Number of splices: GC/AG |	32
                       Number of splices: AT/AC |	0
               Number of splices: Non-canonical |	0
                      Mismatch rate per base, % |	0.73%
                         Deletion rate per base |	0.35%
                        Deletion average length |	1.00
                        Insertion rate per base |	0.00%
                       Insertion average length |	1.12
                             MULTI-MAPPING READS:
        Number of reads mapped to multiple loci |	47
             % of reads mapped to multiple loci |	0.02%
        Number of reads mapped to too many loci |	1
             % of reads mapped to too many loci |	0.00%
                                  UNMAPPED READS:
       % of reads unmapped: too many mismatches |	0.36%
                 % of reads unmapped: too short |	78.70%
                     % of reads unmapped: other |	0.00%
                                  CHIMERIC READS:
                       Number of chimeric reads |	2
                            % of chimeric reads |	0.00%
