                                 Started job on |	May 10 17:22:20
                             Started mapping on |	May 10 17:22:21
                                    Finished on |	May 10 17:25:06
       Mapping speed, Million of reads per hour |	7.40

                          Number of input reads |	339300
                      Average input read length |	202
                                    UNIQUE READS:
                   Uniquely mapped reads number |	84940
                        Uniquely mapped reads % |	25.03%
                          Average mapped length |	196.50
                       Number of splices: Total |	183537
            Number of splices: Annotated (sjdb) |	181494
                       Number of splices: GT/AG |	183397
                       Number of splices: GC/AG |	140
                       Number of splices: AT/AC |	0
               Number of splices: Non-canonical |	0
                      Mismatch rate per base, % |	0.68%
                         Deletion rate per base |	0.36%
                        Deletion average length |	1.00
                        Insertion rate per base |	0.00%
                       Insertion average length |	1.12
                             MULTI-MAPPING READS:
        Number of reads mapped to multiple loci |	98
             % of reads mapped to multiple loci |	0.03%
        Number of reads mapped to too many loci |	9
             % of reads mapped to too many loci |	0.00%
                                  UNMAPPED READS:
       % of reads unmapped: too many mismatches |	0.41%
                 % of reads unmapped: too short |	74.52%
                     % of reads unmapped: other |	0.00%
                                  CHIMERIC READS:
                       Number of chimeric reads |	5
                            % of chimeric reads |	0.00%
