                                 Started job on |	May 05 10:24:54
                             Started mapping on |	May 05 10:24:55
                                    Finished on |	May 05 10:27:39
       Mapping speed, Million of reads per hour |	3.09

                          Number of input reads |	140949
                      Average input read length |	202
                                    UNIQUE READS:
                   Uniquely mapped reads number |	31842
                        Uniquely mapped reads % |	22.59%
                          Average mapped length |	196.33
                       Number of splices: Total |	69219
            Number of splices: Annotated (sjdb) |	68369
                       Number of splices: GT/AG |	69175
                       Number of splices: GC/AG |	44
                       Number of splices: AT/AC |	0
               Number of splices: Non-canonical |	0
                      Mismatch rate per base, % |	0.69%
                         Deletion rate per base |	0.36%
                        Deletion average length |	1.00
                        Insertion rate per base |	0.00%
                       Insertion average length |	1.06
                             MULTI-MAPPING READS:
        Number of reads mapped to multiple loci |	28
             % of reads mapped to multiple loci |	0.02%
        Number of reads mapped to too many loci |	5
             % of reads mapped to too many loci |	0.00%
                                  UNMAPPED READS:
       % of reads unmapped: too many mismatches |	0.33%
                 % of reads unmapped: too short |	77.05%
                     % of reads unmapped: other |	0.00%
                                  CHIMERIC READS:
                       Number of chimeric reads |	4
                            % of chimeric reads |	0.00%
