                                 Started job on |	May 08 10:56:21
                             Started mapping on |	May 08 10:56:23
                                    Finished on |	May 08 10:59:49
       Mapping speed, Million of reads per hour |	2.60

                          Number of input reads |	148893
                      Average input read length |	202
                                    UNIQUE READS:
                   Uniquely mapped reads number |	38554
                        Uniquely mapped reads % |	25.89%
                          Average mapped length |	195.00
                       Number of splices: Total |	111422
            Number of splices: Annotated (sjdb) |	110886
                       Number of splices: GT/AG |	111310
                       Number of splices: GC/AG |	112
                       Number of splices: AT/AC |	0
               Number of splices: Non-canonical |	0
                      Mismatch rate per base, % |	0.75%
                         Deletion rate per base |	0.32%
                        Deletion average length |	1.00
                        Insertion rate per base |	0.08%
                       Insertion average length |	11.37
                             MULTI-MAPPING READS:
        Number of reads mapped to multiple loci |	65
             % of reads mapped to multiple loci |	0.04%
        Number of reads mapped to too many loci |	2
             % of reads mapped to too many loci |	0.00%
                                  UNMAPPED READS:
       % of reads unmapped: too many mismatches |	0.44%
                 % of reads unmapped: too short |	73.62%
                     % of reads unmapped: other |	0.00%
                                  CHIMERIC READS:
                       Number of chimeric reads |	1
                            % of chimeric reads |	0.00%
