                                 Started job on |	May 10 04:35:33
                             Started mapping on |	May 10 04:35:34
                                    Finished on |	May 10 04:38:41
       Mapping speed, Million of reads per hour |	6.22

                          Number of input reads |	323138
                      Average input read length |	202
                                    UNIQUE READS:
                   Uniquely mapped reads number |	81786
                        Uniquely mapped reads % |	25.31%
                          Average mapped length |	194.37
                       Number of splices: Total |	242925
            Number of splices: Annotated (sjdb) |	241735
                       Number of splices: GT/AG |	242694
                       Number of splices: GC/AG |	231
                       Number of splices: AT/AC |	0
               Number of splices: Non-canonical |	0
                      Mismatch rate per base, % |	0.77%
                         Deletion rate per base |	0.30%
                        Deletion average length |	1.01
                        Insertion rate per base |	0.09%
                       Insertion average length |	11.31
                             MULTI-MAPPING READS:
        Number of reads mapped to multiple loci |	183
             % of reads mapped to multiple loci |	0.06%
        Number of reads mapped to too many loci |	7
             % of reads mapped to too many loci |	0.00%
                                  UNMAPPED READS:
       % of reads unmapped: too many mismatches |	0.49%
                 % of reads unmapped: too short |	74.14%
                     % of reads unmapped: other |	0.00%
                                  CHIMERIC READS:
                       Number of chimeric reads |	18
                            % of chimeric reads |	0.01%
