                                 Started job on |	May 07 14:59:26
                             Started mapping on |	May 07 14:59:28
                                    Finished on |	May 07 15:03:05
       Mapping speed, Million of reads per hour |	5.66

                          Number of input reads |	341456
                      Average input read length |	202
                                    UNIQUE READS:
                   Uniquely mapped reads number |	79052
                        Uniquely mapped reads % |	23.15%
                          Average mapped length |	194.61
                       Number of splices: Total |	233717
            Number of splices: Annotated (sjdb) |	232512
                       Number of splices: GT/AG |	233504
                       Number of splices: GC/AG |	213
                       Number of splices: AT/AC |	0
               Number of splices: Non-canonical |	0
                      Mismatch rate per base, % |	0.75%
                         Deletion rate per base |	0.31%
                        Deletion average length |	1.00
                        Insertion rate per base |	0.10%
                       Insertion average length |	11.44
                             MULTI-MAPPING READS:
        Number of reads mapped to multiple loci |	223
             % of reads mapped to multiple loci |	0.07%
        Number of reads mapped to too many loci |	8
             % of reads mapped to too many loci |	0.00%
                                  UNMAPPED READS:
       % of reads unmapped: too many mismatches |	0.42%
                 % of reads unmapped: too short |	76.36%
                     % of reads unmapped: other |	0.00%
                                  CHIMERIC READS:
                       Number of chimeric reads |	20
                            % of chimeric reads |	0.01%
