                                 Started job on |	May 10 03:51:53
                             Started mapping on |	May 10 03:51:54
                                    Finished on |	May 10 03:54:26
       Mapping speed, Million of reads per hour |	8.02

                          Number of input reads |	338613
                      Average input read length |	202
                                    UNIQUE READS:
                   Uniquely mapped reads number |	91782
                        Uniquely mapped reads % |	27.11%
                          Average mapped length |	194.49
                       Number of splices: Total |	264568
            Number of splices: Annotated (sjdb) |	263219
                       Number of splices: GT/AG |	264428
                       Number of splices: GC/AG |	140
                       Number of splices: AT/AC |	0
               Number of splices: Non-canonical |	0
                      Mismatch rate per base, % |	0.76%
                         Deletion rate per base |	0.31%
                        Deletion average length |	1.00
                        Insertion rate per base |	0.06%
                       Insertion average length |	10.91
                             MULTI-MAPPING READS:
        Number of reads mapped to multiple loci |	160
             % of reads mapped to multiple loci |	0.05%
        Number of reads mapped to too many loci |	10
             % of reads mapped to too many loci |	0.00%
                                  UNMAPPED READS:
       % of reads unmapped: too many mismatches |	0.53%
                 % of reads unmapped: too short |	72.31%
                     % of reads unmapped: other |	0.00%
                                  CHIMERIC READS:
                       Number of chimeric reads |	21
                            % of chimeric reads |	0.01%
