                                 Started job on |	May 09 15:44:03
                             Started mapping on |	May 09 15:44:05
                                    Finished on |	May 09 15:47:00
       Mapping speed, Million of reads per hour |	6.09

                          Number of input reads |	296194
                      Average input read length |	202
                                    UNIQUE READS:
                   Uniquely mapped reads number |	81618
                        Uniquely mapped reads % |	27.56%
                          Average mapped length |	195.15
                       Number of splices: Total |	237620
            Number of splices: Annotated (sjdb) |	236454
                       Number of splices: GT/AG |	237461
                       Number of splices: GC/AG |	159
                       Number of splices: AT/AC |	0
               Number of splices: Non-canonical |	0
                      Mismatch rate per base, % |	0.70%
                         Deletion rate per base |	0.32%
                        Deletion average length |	1.00
                        Insertion rate per base |	0.07%
                       Insertion average length |	11.16
                             MULTI-MAPPING READS:
        Number of reads mapped to multiple loci |	157
             % of reads mapped to multiple loci |	0.05%
        Number of reads mapped to too many loci |	4
             % of reads mapped to too many loci |	0.00%
                                  UNMAPPED READS:
       % of reads unmapped: too many mismatches |	0.48%
                 % of reads unmapped: too short |	71.91%
                     % of reads unmapped: other |	0.00%
                                  CHIMERIC READS:
                       Number of chimeric reads |	13
                            % of chimeric reads |	0.00%
