                                 Started job on |	May 09 14:18:47
                             Started mapping on |	May 09 14:18:53
                                    Finished on |	May 09 14:22:11
       Mapping speed, Million of reads per hour |	6.89

                          Number of input reads |	379054
                      Average input read length |	202
                                    UNIQUE READS:
                   Uniquely mapped reads number |	96394
                        Uniquely mapped reads % |	25.43%
                          Average mapped length |	194.93
                       Number of splices: Total |	283921
            Number of splices: Annotated (sjdb) |	282478
                       Number of splices: GT/AG |	283701
                       Number of splices: GC/AG |	220
                       Number of splices: AT/AC |	0
               Number of splices: Non-canonical |	0
                      Mismatch rate per base, % |	0.81%
                         Deletion rate per base |	0.34%
                        Deletion average length |	1.00
                        Insertion rate per base |	0.07%
                       Insertion average length |	11.17
                             MULTI-MAPPING READS:
        Number of reads mapped to multiple loci |	216
             % of reads mapped to multiple loci |	0.06%
        Number of reads mapped to too many loci |	14
             % of reads mapped to too many loci |	0.00%
                                  UNMAPPED READS:
       % of reads unmapped: too many mismatches |	0.66%
                 % of reads unmapped: too short |	73.84%
                     % of reads unmapped: other |	0.00%
                                  CHIMERIC READS:
                       Number of chimeric reads |	28
                            % of chimeric reads |	0.01%
