                                 Started job on |	May 06 05:29:14
                             Started mapping on |	May 06 05:29:16
                                    Finished on |	May 06 05:32:09
       Mapping speed, Million of reads per hour |	6.79

                          Number of input reads |	326080
                      Average input read length |	202
                                    UNIQUE READS:
                   Uniquely mapped reads number |	82569
                        Uniquely mapped reads % |	25.32%
                          Average mapped length |	196.01
                       Number of splices: Total |	176483
            Number of splices: Annotated (sjdb) |	174754
                       Number of splices: GT/AG |	176429
                       Number of splices: GC/AG |	54
                       Number of splices: AT/AC |	0
               Number of splices: Non-canonical |	0
                      Mismatch rate per base, % |	0.73%
                         Deletion rate per base |	0.35%
                        Deletion average length |	1.00
                        Insertion rate per base |	0.00%
                       Insertion average length |	1.28
                             MULTI-MAPPING READS:
        Number of reads mapped to multiple loci |	98
             % of reads mapped to multiple loci |	0.03%
        Number of reads mapped to too many loci |	5
             % of reads mapped to too many loci |	0.00%
                                  UNMAPPED READS:
       % of reads unmapped: too many mismatches |	0.42%
                 % of reads unmapped: too short |	74.23%
                     % of reads unmapped: other |	0.00%
                                  CHIMERIC READS:
                       Number of chimeric reads |	10
                            % of chimeric reads |	0.00%
