                                 Started job on |	May 10 06:50:10
                             Started mapping on |	May 10 06:50:11
                                    Finished on |	May 10 06:53:52
       Mapping speed, Million of reads per hour |	3.61

                          Number of input reads |	221464
                      Average input read length |	202
                                    UNIQUE READS:
                   Uniquely mapped reads number |	53599
                        Uniquely mapped reads % |	24.20%
                          Average mapped length |	194.70
                       Number of splices: Total |	152963
            Number of splices: Annotated (sjdb) |	151995
                       Number of splices: GT/AG |	152839
                       Number of splices: GC/AG |	124
                       Number of splices: AT/AC |	0
               Number of splices: Non-canonical |	0
                      Mismatch rate per base, % |	0.77%
                         Deletion rate per base |	0.31%
                        Deletion average length |	1.01
                        Insertion rate per base |	0.09%
                       Insertion average length |	11.07
                             MULTI-MAPPING READS:
        Number of reads mapped to multiple loci |	159
             % of reads mapped to multiple loci |	0.07%
        Number of reads mapped to too many loci |	6
             % of reads mapped to too many loci |	0.00%
                                  UNMAPPED READS:
       % of reads unmapped: too many mismatches |	0.46%
                 % of reads unmapped: too short |	75.27%
                     % of reads unmapped: other |	0.00%
                                  CHIMERIC READS:
                       Number of chimeric reads |	15
                            % of chimeric reads |	0.01%
