                                 Started job on |	May 08 12:03:28
                             Started mapping on |	May 08 12:03:29
                                    Finished on |	May 08 12:06:11
       Mapping speed, Million of reads per hour |	7.15

                          Number of input reads |	321745
                      Average input read length |	202
                                    UNIQUE READS:
                   Uniquely mapped reads number |	103190
                        Uniquely mapped reads % |	32.07%
                          Average mapped length |	195.38
                       Number of splices: Total |	302734
            Number of splices: Annotated (sjdb) |	301654
                       Number of splices: GT/AG |	302548
                       Number of splices: GC/AG |	186
                       Number of splices: AT/AC |	0
               Number of splices: Non-canonical |	0
                      Mismatch rate per base, % |	0.70%
                         Deletion rate per base |	0.32%
                        Deletion average length |	1.00
                        Insertion rate per base |	0.07%
                       Insertion average length |	11.14
                             MULTI-MAPPING READS:
        Number of reads mapped to multiple loci |	183
             % of reads mapped to multiple loci |	0.06%
        Number of reads mapped to too many loci |	6
             % of reads mapped to too many loci |	0.00%
                                  UNMAPPED READS:
       % of reads unmapped: too many mismatches |	0.52%
                 % of reads unmapped: too short |	67.34%
                     % of reads unmapped: other |	0.00%
                                  CHIMERIC READS:
                       Number of chimeric reads |	10
                            % of chimeric reads |	0.00%
