                                 Started job on |	May 09 08:55:36
                             Started mapping on |	May 09 08:55:38
                                    Finished on |	May 09 08:57:57
       Mapping speed, Million of reads per hour |	7.31

                          Number of input reads |	282283
                      Average input read length |	202
                                    UNIQUE READS:
                   Uniquely mapped reads number |	75440
                        Uniquely mapped reads % |	26.72%
                          Average mapped length |	195.14
                       Number of splices: Total |	220245
            Number of splices: Annotated (sjdb) |	219047
                       Number of splices: GT/AG |	220112
                       Number of splices: GC/AG |	133
                       Number of splices: AT/AC |	0
               Number of splices: Non-canonical |	0
                      Mismatch rate per base, % |	0.70%
                         Deletion rate per base |	0.32%
                        Deletion average length |	1.00
                        Insertion rate per base |	0.08%
                       Insertion average length |	11.29
                             MULTI-MAPPING READS:
        Number of reads mapped to multiple loci |	173
             % of reads mapped to multiple loci |	0.06%
        Number of reads mapped to too many loci |	8
             % of reads mapped to too many loci |	0.00%
                                  UNMAPPED READS:
       % of reads unmapped: too many mismatches |	0.47%
                 % of reads unmapped: too short |	72.74%
                     % of reads unmapped: other |	0.00%
                                  CHIMERIC READS:
                       Number of chimeric reads |	17
                            % of chimeric reads |	0.01%
