                                 Started job on |	May 05 14:34:29
                             Started mapping on |	May 05 14:34:31
                                    Finished on |	May 05 14:36:41
       Mapping speed, Million of reads per hour |	8.66

                          Number of input reads |	312776
                      Average input read length |	202
                                    UNIQUE READS:
                   Uniquely mapped reads number |	84061
                        Uniquely mapped reads % |	26.88%
                          Average mapped length |	195.58
                       Number of splices: Total |	181550
            Number of splices: Annotated (sjdb) |	179158
                       Number of splices: GT/AG |	181460
                       Number of splices: GC/AG |	90
                       Number of splices: AT/AC |	0
               Number of splices: Non-canonical |	0
                      Mismatch rate per base, % |	0.76%
                         Deletion rate per base |	0.34%
                        Deletion average length |	1.00
                        Insertion rate per base |	0.00%
                       Insertion average length |	1.07
                             MULTI-MAPPING READS:
        Number of reads mapped to multiple loci |	133
             % of reads mapped to multiple loci |	0.04%
        Number of reads mapped to too many loci |	17
             % of reads mapped to too many loci |	0.01%
                                  UNMAPPED READS:
       % of reads unmapped: too many mismatches |	0.46%
                 % of reads unmapped: too short |	72.62%
                     % of reads unmapped: other |	0.00%
                                  CHIMERIC READS:
                       Number of chimeric reads |	8
                            % of chimeric reads |	0.00%
