                                 Started job on |	May 07 15:41:39
                             Started mapping on |	May 07 15:41:40
                                    Finished on |	May 07 15:44:50
       Mapping speed, Million of reads per hour |	6.77

                          Number of input reads |	357269
                      Average input read length |	202
                                    UNIQUE READS:
                   Uniquely mapped reads number |	74459
                        Uniquely mapped reads % |	20.84%
                          Average mapped length |	194.78
                       Number of splices: Total |	220789
            Number of splices: Annotated (sjdb) |	219662
                       Number of splices: GT/AG |	220634
                       Number of splices: GC/AG |	154
                       Number of splices: AT/AC |	0
               Number of splices: Non-canonical |	1
                      Mismatch rate per base, % |	0.73%
                         Deletion rate per base |	0.33%
                        Deletion average length |	1.00
                        Insertion rate per base |	0.09%
                       Insertion average length |	11.41
                             MULTI-MAPPING READS:
        Number of reads mapped to multiple loci |	191
             % of reads mapped to multiple loci |	0.05%
        Number of reads mapped to too many loci |	13
             % of reads mapped to too many loci |	0.00%
                                  UNMAPPED READS:
       % of reads unmapped: too many mismatches |	0.33%
                 % of reads unmapped: too short |	78.77%
                     % of reads unmapped: other |	0.00%
                                  CHIMERIC READS:
                       Number of chimeric reads |	24
                            % of chimeric reads |	0.01%
