                                 Started job on |	May 06 10:10:32
                             Started mapping on |	May 06 10:10:34
                                    Finished on |	May 06 10:12:47
       Mapping speed, Million of reads per hour |	6.47

                          Number of input reads |	239036
                      Average input read length |	202
                                    UNIQUE READS:
                   Uniquely mapped reads number |	56777
                        Uniquely mapped reads % |	23.75%
                          Average mapped length |	195.75
                       Number of splices: Total |	121984
            Number of splices: Annotated (sjdb) |	120775
                       Number of splices: GT/AG |	121928
                       Number of splices: GC/AG |	56
                       Number of splices: AT/AC |	0
               Number of splices: Non-canonical |	0
                      Mismatch rate per base, % |	0.75%
                         Deletion rate per base |	0.35%
                        Deletion average length |	1.00
                        Insertion rate per base |	0.00%
                       Insertion average length |	1.10
                             MULTI-MAPPING READS:
        Number of reads mapped to multiple loci |	76
             % of reads mapped to multiple loci |	0.03%
        Number of reads mapped to too many loci |	10
             % of reads mapped to too many loci |	0.00%
                                  UNMAPPED READS:
       % of reads unmapped: too many mismatches |	0.44%
                 % of reads unmapped: too short |	75.78%
                     % of reads unmapped: other |	0.00%
                                  CHIMERIC READS:
                       Number of chimeric reads |	4
                            % of chimeric reads |	0.00%
