                                 Started job on |	May 11 04:49:00
                             Started mapping on |	May 11 04:49:01
                                    Finished on |	May 11 04:51:11
       Mapping speed, Million of reads per hour |	6.85

                          Number of input reads |	247252
                      Average input read length |	202
                                    UNIQUE READS:
                   Uniquely mapped reads number |	67603
                        Uniquely mapped reads % |	27.34%
                          Average mapped length |	196.40
                       Number of splices: Total |	146269
            Number of splices: Annotated (sjdb) |	144781
                       Number of splices: GT/AG |	146174
                       Number of splices: GC/AG |	95
                       Number of splices: AT/AC |	0
               Number of splices: Non-canonical |	0
                      Mismatch rate per base, % |	0.73%
                         Deletion rate per base |	0.36%
                        Deletion average length |	1.00
                        Insertion rate per base |	0.00%
                       Insertion average length |	1.08
                             MULTI-MAPPING READS:
        Number of reads mapped to multiple loci |	76
             % of reads mapped to multiple loci |	0.03%
        Number of reads mapped to too many loci |	8
             % of reads mapped to too many loci |	0.00%
                                  UNMAPPED READS:
       % of reads unmapped: too many mismatches |	0.49%
                 % of reads unmapped: too short |	72.13%
                     % of reads unmapped: other |	0.00%
                                  CHIMERIC READS:
                       Number of chimeric reads |	3
                            % of chimeric reads |	0.00%
