                                 Started job on |	May 04 19:07:22
                             Started mapping on |	May 04 19:07:23
                                    Finished on |	May 04 19:09:55
       Mapping speed, Million of reads per hour |	8.40

                          Number of input reads |	354471
                      Average input read length |	202
                                    UNIQUE READS:
                   Uniquely mapped reads number |	75889
                        Uniquely mapped reads % |	21.41%
                          Average mapped length |	196.64
                       Number of splices: Total |	162866
            Number of splices: Annotated (sjdb) |	161114
                       Number of splices: GT/AG |	162812
                       Number of splices: GC/AG |	54
                       Number of splices: AT/AC |	0
               Number of splices: Non-canonical |	0
                      Mismatch rate per base, % |	0.69%
                         Deletion rate per base |	0.37%
                        Deletion average length |	1.00
                        Insertion rate per base |	0.00%
                       Insertion average length |	1.08
                             MULTI-MAPPING READS:
        Number of reads mapped to multiple loci |	84
             % of reads mapped to multiple loci |	0.02%
        Number of reads mapped to too many loci |	5
             % of reads mapped to too many loci |	0.00%
                                  UNMAPPED READS:
       % of reads unmapped: too many mismatches |	0.35%
                 % of reads unmapped: too short |	78.22%
                     % of reads unmapped: other |	0.00%
                                  CHIMERIC READS:
                       Number of chimeric reads |	10
                            % of chimeric reads |	0.00%
