                                 Started job on |	May 07 17:54:05
                             Started mapping on |	May 07 17:54:07
                                    Finished on |	May 07 17:56:42
       Mapping speed, Million of reads per hour |	7.30

                          Number of input reads |	314191
                      Average input read length |	202
                                    UNIQUE READS:
                   Uniquely mapped reads number |	90270
                        Uniquely mapped reads % |	28.73%
                          Average mapped length |	194.80
                       Number of splices: Total |	254527
            Number of splices: Annotated (sjdb) |	253034
                       Number of splices: GT/AG |	254271
                       Number of splices: GC/AG |	256
                       Number of splices: AT/AC |	0
               Number of splices: Non-canonical |	0
                      Mismatch rate per base, % |	0.75%
                         Deletion rate per base |	0.31%
                        Deletion average length |	1.00
                        Insertion rate per base |	0.09%
                       Insertion average length |	11.23
                             MULTI-MAPPING READS:
        Number of reads mapped to multiple loci |	216
             % of reads mapped to multiple loci |	0.07%
        Number of reads mapped to too many loci |	16
             % of reads mapped to too many loci |	0.01%
                                  UNMAPPED READS:
       % of reads unmapped: too many mismatches |	0.53%
                 % of reads unmapped: too short |	70.66%
                     % of reads unmapped: other |	0.00%
                                  CHIMERIC READS:
                       Number of chimeric reads |	30
                            % of chimeric reads |	0.01%
