                                 Started job on |	May 05 10:09:15
                             Started mapping on |	May 05 10:09:16
                                    Finished on |	May 05 10:12:11
       Mapping speed, Million of reads per hour |	2.95

                          Number of input reads |	143540
                      Average input read length |	202
                                    UNIQUE READS:
                   Uniquely mapped reads number |	26832
                        Uniquely mapped reads % |	18.69%
                          Average mapped length |	196.34
                       Number of splices: Total |	59341
            Number of splices: Annotated (sjdb) |	58682
                       Number of splices: GT/AG |	59302
                       Number of splices: GC/AG |	39
                       Number of splices: AT/AC |	0
               Number of splices: Non-canonical |	0
                      Mismatch rate per base, % |	0.69%
                         Deletion rate per base |	0.36%
                        Deletion average length |	1.00
                        Insertion rate per base |	0.00%
                       Insertion average length |	1.00
                             MULTI-MAPPING READS:
        Number of reads mapped to multiple loci |	30
             % of reads mapped to multiple loci |	0.02%
        Number of reads mapped to too many loci |	6
             % of reads mapped to too many loci |	0.00%
                                  UNMAPPED READS:
       % of reads unmapped: too many mismatches |	0.24%
                 % of reads unmapped: too short |	81.04%
                     % of reads unmapped: other |	0.00%
                                  CHIMERIC READS:
                       Number of chimeric reads |	3
                            % of chimeric reads |	0.00%
