                                 Started job on |	May 10 19:55:11
                             Started mapping on |	May 10 19:55:13
                                    Finished on |	May 10 19:57:35
       Mapping speed, Million of reads per hour |	7.53

                          Number of input reads |	296929
                      Average input read length |	202
                                    UNIQUE READS:
                   Uniquely mapped reads number |	68026
                        Uniquely mapped reads % |	22.91%
                          Average mapped length |	196.44
                       Number of splices: Total |	147093
            Number of splices: Annotated (sjdb) |	145631
                       Number of splices: GT/AG |	147007
                       Number of splices: GC/AG |	86
                       Number of splices: AT/AC |	0
               Number of splices: Non-canonical |	0
                      Mismatch rate per base, % |	0.71%
                         Deletion rate per base |	0.36%
                        Deletion average length |	1.00
                        Insertion rate per base |	0.00%
                       Insertion average length |	1.05
                             MULTI-MAPPING READS:
        Number of reads mapped to multiple loci |	70
             % of reads mapped to multiple loci |	0.02%
        Number of reads mapped to too many loci |	14
             % of reads mapped to too many loci |	0.00%
                                  UNMAPPED READS:
       % of reads unmapped: too many mismatches |	0.38%
                 % of reads unmapped: too short |	76.68%
                     % of reads unmapped: other |	0.00%
                                  CHIMERIC READS:
                       Number of chimeric reads |	4
                            % of chimeric reads |	0.00%
