                                 Started job on |	May 09 15:47:02
                             Started mapping on |	May 09 15:47:04
                                    Finished on |	May 09 15:50:45
       Mapping speed, Million of reads per hour |	3.93

                          Number of input reads |	241148
                      Average input read length |	202
                                    UNIQUE READS:
                   Uniquely mapped reads number |	67571
                        Uniquely mapped reads % |	28.02%
                          Average mapped length |	195.17
                       Number of splices: Total |	197373
            Number of splices: Annotated (sjdb) |	196433
                       Number of splices: GT/AG |	197252
                       Number of splices: GC/AG |	121
                       Number of splices: AT/AC |	0
               Number of splices: Non-canonical |	0
                      Mismatch rate per base, % |	0.70%
                         Deletion rate per base |	0.32%
                        Deletion average length |	1.01
                        Insertion rate per base |	0.08%
                       Insertion average length |	11.18
                             MULTI-MAPPING READS:
        Number of reads mapped to multiple loci |	165
             % of reads mapped to multiple loci |	0.07%
        Number of reads mapped to too many loci |	3
             % of reads mapped to too many loci |	0.00%
                                  UNMAPPED READS:
       % of reads unmapped: too many mismatches |	0.47%
                 % of reads unmapped: too short |	71.44%
                     % of reads unmapped: other |	0.00%
                                  CHIMERIC READS:
                       Number of chimeric reads |	13
                            % of chimeric reads |	0.01%
