                                 Started job on |	May 09 22:24:53
                             Started mapping on |	May 09 22:24:54
                                    Finished on |	May 09 22:28:03
       Mapping speed, Million of reads per hour |	6.25

                          Number of input reads |	327895
                      Average input read length |	202
                                    UNIQUE READS:
                   Uniquely mapped reads number |	87554
                        Uniquely mapped reads % |	26.70%
                          Average mapped length |	194.54
                       Number of splices: Total |	254991
            Number of splices: Annotated (sjdb) |	253635
                       Number of splices: GT/AG |	254658
                       Number of splices: GC/AG |	333
                       Number of splices: AT/AC |	0
               Number of splices: Non-canonical |	0
                      Mismatch rate per base, % |	0.75%
                         Deletion rate per base |	0.31%
                        Deletion average length |	1.01
                        Insertion rate per base |	0.10%
                       Insertion average length |	11.22
                             MULTI-MAPPING READS:
        Number of reads mapped to multiple loci |	224
             % of reads mapped to multiple loci |	0.07%
        Number of reads mapped to too many loci |	11
             % of reads mapped to too many loci |	0.00%
                                  UNMAPPED READS:
       % of reads unmapped: too many mismatches |	0.49%
                 % of reads unmapped: too short |	72.73%
                     % of reads unmapped: other |	0.00%
                                  CHIMERIC READS:
                       Number of chimeric reads |	20
                            % of chimeric reads |	0.01%
