                                 Started job on |	May 10 22:52:52
                             Started mapping on |	May 10 22:52:54
                                    Finished on |	May 10 22:55:41
       Mapping speed, Million of reads per hour |	6.97

                          Number of input reads |	323227
                      Average input read length |	202
                                    UNIQUE READS:
                   Uniquely mapped reads number |	59663
                        Uniquely mapped reads % |	18.46%
                          Average mapped length |	196.26
                       Number of splices: Total |	128994
            Number of splices: Annotated (sjdb) |	127658
                       Number of splices: GT/AG |	128891
                       Number of splices: GC/AG |	103
                       Number of splices: AT/AC |	0
               Number of splices: Non-canonical |	0
                      Mismatch rate per base, % |	0.69%
                         Deletion rate per base |	0.36%
                        Deletion average length |	1.00
                        Insertion rate per base |	0.00%
                       Insertion average length |	1.02
                             MULTI-MAPPING READS:
        Number of reads mapped to multiple loci |	78
             % of reads mapped to multiple loci |	0.02%
        Number of reads mapped to too many loci |	10
             % of reads mapped to too many loci |	0.00%
                                  UNMAPPED READS:
       % of reads unmapped: too many mismatches |	0.30%
                 % of reads unmapped: too short |	81.21%
                     % of reads unmapped: other |	0.00%
                                  CHIMERIC READS:
                       Number of chimeric reads |	9
                            % of chimeric reads |	0.00%
