                                 Started job on |	May 04 20:33:39
                             Started mapping on |	May 04 20:33:40
                                    Finished on |	May 04 20:35:09
       Mapping speed, Million of reads per hour |	6.04

                          Number of input reads |	149240
                      Average input read length |	202
                                    UNIQUE READS:
                   Uniquely mapped reads number |	31719
                        Uniquely mapped reads % |	21.25%
                          Average mapped length |	196.57
                       Number of splices: Total |	66898
            Number of splices: Annotated (sjdb) |	66108
                       Number of splices: GT/AG |	66867
                       Number of splices: GC/AG |	31
                       Number of splices: AT/AC |	0
               Number of splices: Non-canonical |	0
                      Mismatch rate per base, % |	0.66%
                         Deletion rate per base |	0.37%
                        Deletion average length |	1.00
                        Insertion rate per base |	0.00%
                       Insertion average length |	1.03
                             MULTI-MAPPING READS:
        Number of reads mapped to multiple loci |	32
             % of reads mapped to multiple loci |	0.02%
        Number of reads mapped to too many loci |	4
             % of reads mapped to too many loci |	0.00%
                                  UNMAPPED READS:
       % of reads unmapped: too many mismatches |	0.30%
                 % of reads unmapped: too short |	78.42%
                     % of reads unmapped: other |	0.00%
                                  CHIMERIC READS:
                       Number of chimeric reads |	0
                            % of chimeric reads |	0.00%
