                                 Started job on |	May 08 09:46:45
                             Started mapping on |	May 08 09:46:46
                                    Finished on |	May 08 09:49:24
       Mapping speed, Million of reads per hour |	5.14

                          Number of input reads |	225603
                      Average input read length |	202
                                    UNIQUE READS:
                   Uniquely mapped reads number |	74139
                        Uniquely mapped reads % |	32.86%
                          Average mapped length |	195.21
                       Number of splices: Total |	217087
            Number of splices: Annotated (sjdb) |	215937
                       Number of splices: GT/AG |	216962
                       Number of splices: GC/AG |	125
                       Number of splices: AT/AC |	0
               Number of splices: Non-canonical |	0
                      Mismatch rate per base, % |	0.69%
                         Deletion rate per base |	0.31%
                        Deletion average length |	1.00
                        Insertion rate per base |	0.07%
                       Insertion average length |	11.13
                             MULTI-MAPPING READS:
        Number of reads mapped to multiple loci |	147
             % of reads mapped to multiple loci |	0.07%
        Number of reads mapped to too many loci |	4
             % of reads mapped to too many loci |	0.00%
                                  UNMAPPED READS:
       % of reads unmapped: too many mismatches |	0.56%
                 % of reads unmapped: too short |	66.51%
                     % of reads unmapped: other |	0.00%
                                  CHIMERIC READS:
                       Number of chimeric reads |	11
                            % of chimeric reads |	0.00%
