                                 Started job on |	May 11 07:37:14
                             Started mapping on |	May 11 07:37:15
                                    Finished on |	May 11 07:39:37
       Mapping speed, Million of reads per hour |	6.32

                          Number of input reads |	249311
                      Average input read length |	202
                                    UNIQUE READS:
                   Uniquely mapped reads number |	79909
                        Uniquely mapped reads % |	32.05%
                          Average mapped length |	196.17
                       Number of splices: Total |	172436
            Number of splices: Annotated (sjdb) |	170424
                       Number of splices: GT/AG |	172331
                       Number of splices: GC/AG |	105
                       Number of splices: AT/AC |	0
               Number of splices: Non-canonical |	0
                      Mismatch rate per base, % |	0.71%
                         Deletion rate per base |	0.36%
                        Deletion average length |	1.00
                        Insertion rate per base |	0.00%
                       Insertion average length |	1.02
                             MULTI-MAPPING READS:
        Number of reads mapped to multiple loci |	114
             % of reads mapped to multiple loci |	0.05%
        Number of reads mapped to too many loci |	8
             % of reads mapped to too many loci |	0.00%
                                  UNMAPPED READS:
       % of reads unmapped: too many mismatches |	0.55%
                 % of reads unmapped: too short |	67.35%
                     % of reads unmapped: other |	0.00%
                                  CHIMERIC READS:
                       Number of chimeric reads |	5
                            % of chimeric reads |	0.00%
