                                 Started job on |	May 11 05:05:25
                             Started mapping on |	May 11 05:05:26
                                    Finished on |	May 11 05:07:53
       Mapping speed, Million of reads per hour |	4.46

                          Number of input reads |	182258
                      Average input read length |	202
                                    UNIQUE READS:
                   Uniquely mapped reads number |	53532
                        Uniquely mapped reads % |	29.37%
                          Average mapped length |	196.37
                       Number of splices: Total |	115148
            Number of splices: Annotated (sjdb) |	113936
                       Number of splices: GT/AG |	115049
                       Number of splices: GC/AG |	99
                       Number of splices: AT/AC |	0
               Number of splices: Non-canonical |	0
                      Mismatch rate per base, % |	0.72%
                         Deletion rate per base |	0.36%
                        Deletion average length |	1.00
                        Insertion rate per base |	0.00%
                       Insertion average length |	1.03
                             MULTI-MAPPING READS:
        Number of reads mapped to multiple loci |	64
             % of reads mapped to multiple loci |	0.04%
        Number of reads mapped to too many loci |	12
             % of reads mapped to too many loci |	0.01%
                                  UNMAPPED READS:
       % of reads unmapped: too many mismatches |	0.52%
                 % of reads unmapped: too short |	70.07%
                     % of reads unmapped: other |	0.00%
                                  CHIMERIC READS:
                       Number of chimeric reads |	6
                            % of chimeric reads |	0.00%
