                                 Started job on |	May 08 08:03:23
                             Started mapping on |	May 08 08:03:24
                                    Finished on |	May 08 08:05:41
       Mapping speed, Million of reads per hour |	5.07

                          Number of input reads |	193075
                      Average input read length |	202
                                    UNIQUE READS:
                   Uniquely mapped reads number |	51798
                        Uniquely mapped reads % |	26.83%
                          Average mapped length |	195.28
                       Number of splices: Total |	154237
            Number of splices: Annotated (sjdb) |	153577
                       Number of splices: GT/AG |	154143
                       Number of splices: GC/AG |	94
                       Number of splices: AT/AC |	0
               Number of splices: Non-canonical |	0
                      Mismatch rate per base, % |	0.69%
                         Deletion rate per base |	0.32%
                        Deletion average length |	1.00
                        Insertion rate per base |	0.08%
                       Insertion average length |	11.22
                             MULTI-MAPPING READS:
        Number of reads mapped to multiple loci |	111
             % of reads mapped to multiple loci |	0.06%
        Number of reads mapped to too many loci |	5
             % of reads mapped to too many loci |	0.00%
                                  UNMAPPED READS:
       % of reads unmapped: too many mismatches |	0.44%
                 % of reads unmapped: too short |	72.67%
                     % of reads unmapped: other |	0.00%
                                  CHIMERIC READS:
                       Number of chimeric reads |	9
                            % of chimeric reads |	0.00%
