                                 Started job on |	May 10 22:14:38
                             Started mapping on |	May 10 22:14:39
                                    Finished on |	May 10 22:17:04
       Mapping speed, Million of reads per hour |	8.05

                          Number of input reads |	324135
                      Average input read length |	202
                                    UNIQUE READS:
                   Uniquely mapped reads number |	54957
                        Uniquely mapped reads % |	16.95%
                          Average mapped length |	196.48
                       Number of splices: Total |	118233
            Number of splices: Annotated (sjdb) |	116917
                       Number of splices: GT/AG |	118159
                       Number of splices: GC/AG |	74
                       Number of splices: AT/AC |	0
               Number of splices: Non-canonical |	0
                      Mismatch rate per base, % |	0.69%
                         Deletion rate per base |	0.36%
                        Deletion average length |	1.00
                        Insertion rate per base |	0.00%
                       Insertion average length |	1.29
                             MULTI-MAPPING READS:
        Number of reads mapped to multiple loci |	80
             % of reads mapped to multiple loci |	0.02%
        Number of reads mapped to too many loci |	11
             % of reads mapped to too many loci |	0.00%
                                  UNMAPPED READS:
       % of reads unmapped: too many mismatches |	0.27%
                 % of reads unmapped: too short |	82.75%
                     % of reads unmapped: other |	0.00%
                                  CHIMERIC READS:
                       Number of chimeric reads |	4
                            % of chimeric reads |	0.00%
