                                 Started job on |	May 10 21:20:03
                             Started mapping on |	May 10 21:20:04
                                    Finished on |	May 10 21:22:31
       Mapping speed, Million of reads per hour |	8.35

                          Number of input reads |	340831
                      Average input read length |	202
                                    UNIQUE READS:
                   Uniquely mapped reads number |	65381
                        Uniquely mapped reads % |	19.18%
                          Average mapped length |	196.65
                       Number of splices: Total |	140535
            Number of splices: Annotated (sjdb) |	139277
                       Number of splices: GT/AG |	140490
                       Number of splices: GC/AG |	45
                       Number of splices: AT/AC |	0
               Number of splices: Non-canonical |	0
                      Mismatch rate per base, % |	0.68%
                         Deletion rate per base |	0.37%
                        Deletion average length |	1.00
                        Insertion rate per base |	0.00%
                       Insertion average length |	1.28
                             MULTI-MAPPING READS:
        Number of reads mapped to multiple loci |	83
             % of reads mapped to multiple loci |	0.02%
        Number of reads mapped to too many loci |	7
             % of reads mapped to too many loci |	0.00%
                                  UNMAPPED READS:
       % of reads unmapped: too many mismatches |	0.33%
                 % of reads unmapped: too short |	80.46%
                     % of reads unmapped: other |	0.00%
                                  CHIMERIC READS:
                       Number of chimeric reads |	3
                            % of chimeric reads |	0.00%
