                                 Started job on |	May 06 09:10:03
                             Started mapping on |	May 06 09:10:04
                                    Finished on |	May 06 09:12:50
       Mapping speed, Million of reads per hour |	5.55

                          Number of input reads |	256061
                      Average input read length |	202
                                    UNIQUE READS:
                   Uniquely mapped reads number |	64633
                        Uniquely mapped reads % |	25.24%
                          Average mapped length |	195.98
                       Number of splices: Total |	138938
            Number of splices: Annotated (sjdb) |	137497
                       Number of splices: GT/AG |	138886
                       Number of splices: GC/AG |	52
                       Number of splices: AT/AC |	0
               Number of splices: Non-canonical |	0
                      Mismatch rate per base, % |	0.75%
                         Deletion rate per base |	0.35%
                        Deletion average length |	1.00
                        Insertion rate per base |	0.00%
                       Insertion average length |	1.11
                             MULTI-MAPPING READS:
        Number of reads mapped to multiple loci |	96
             % of reads mapped to multiple loci |	0.04%
        Number of reads mapped to too many loci |	8
             % of reads mapped to too many loci |	0.00%
                                  UNMAPPED READS:
       % of reads unmapped: too many mismatches |	0.48%
                 % of reads unmapped: too short |	74.24%
                     % of reads unmapped: other |	0.00%
                                  CHIMERIC READS:
                       Number of chimeric reads |	7
                            % of chimeric reads |	0.00%
