                                 Started job on |	May 09 17:09:54
                             Started mapping on |	May 09 17:09:55
                                    Finished on |	May 09 17:13:18
       Mapping speed, Million of reads per hour |	3.17

                          Number of input reads |	178881
                      Average input read length |	202
                                    UNIQUE READS:
                   Uniquely mapped reads number |	47477
                        Uniquely mapped reads % |	26.54%
                          Average mapped length |	194.80
                       Number of splices: Total |	136942
            Number of splices: Annotated (sjdb) |	136091
                       Number of splices: GT/AG |	136796
                       Number of splices: GC/AG |	146
                       Number of splices: AT/AC |	0
               Number of splices: Non-canonical |	0
                      Mismatch rate per base, % |	0.72%
                         Deletion rate per base |	0.31%
                        Deletion average length |	1.00
                        Insertion rate per base |	0.09%
                       Insertion average length |	11.22
                             MULTI-MAPPING READS:
        Number of reads mapped to multiple loci |	128
             % of reads mapped to multiple loci |	0.07%
        Number of reads mapped to too many loci |	6
             % of reads mapped to too many loci |	0.00%
                                  UNMAPPED READS:
       % of reads unmapped: too many mismatches |	0.49%
                 % of reads unmapped: too short |	72.89%
                     % of reads unmapped: other |	0.00%
                                  CHIMERIC READS:
                       Number of chimeric reads |	7
                            % of chimeric reads |	0.00%
