                                 Started job on |	May 08 07:54:57
                             Started mapping on |	May 08 07:54:58
                                    Finished on |	May 08 07:58:01
       Mapping speed, Million of reads per hour |	4.18

                          Number of input reads |	212445
                      Average input read length |	202
                                    UNIQUE READS:
                   Uniquely mapped reads number |	58117
                        Uniquely mapped reads % |	27.36%
                          Average mapped length |	195.35
                       Number of splices: Total |	173017
            Number of splices: Annotated (sjdb) |	172303
                       Number of splices: GT/AG |	172862
                       Number of splices: GC/AG |	155
                       Number of splices: AT/AC |	0
               Number of splices: Non-canonical |	0
                      Mismatch rate per base, % |	0.69%
                         Deletion rate per base |	0.32%
                        Deletion average length |	1.00
                        Insertion rate per base |	0.08%
                       Insertion average length |	11.23
                             MULTI-MAPPING READS:
        Number of reads mapped to multiple loci |	108
             % of reads mapped to multiple loci |	0.05%
        Number of reads mapped to too many loci |	2
             % of reads mapped to too many loci |	0.00%
                                  UNMAPPED READS:
       % of reads unmapped: too many mismatches |	0.48%
                 % of reads unmapped: too short |	72.10%
                     % of reads unmapped: other |	0.00%
                                  CHIMERIC READS:
                       Number of chimeric reads |	10
                            % of chimeric reads |	0.00%
