                                 Started job on |	May 09 22:06:02
                             Started mapping on |	May 09 22:06:03
                                    Finished on |	May 09 22:09:01
       Mapping speed, Million of reads per hour |	6.79

                          Number of input reads |	335951
                      Average input read length |	202
                                    UNIQUE READS:
                   Uniquely mapped reads number |	108724
                        Uniquely mapped reads % |	32.36%
                          Average mapped length |	194.97
                       Number of splices: Total |	304623
            Number of splices: Annotated (sjdb) |	302974
                       Number of splices: GT/AG |	304353
                       Number of splices: GC/AG |	270
                       Number of splices: AT/AC |	0
               Number of splices: Non-canonical |	0
                      Mismatch rate per base, % |	0.75%
                         Deletion rate per base |	0.31%
                        Deletion average length |	1.00
                        Insertion rate per base |	0.09%
                       Insertion average length |	11.28
                             MULTI-MAPPING READS:
        Number of reads mapped to multiple loci |	258
             % of reads mapped to multiple loci |	0.08%
        Number of reads mapped to too many loci |	11
             % of reads mapped to too many loci |	0.00%
                                  UNMAPPED READS:
       % of reads unmapped: too many mismatches |	0.57%
                 % of reads unmapped: too short |	66.99%
                     % of reads unmapped: other |	0.00%
                                  CHIMERIC READS:
                       Number of chimeric reads |	25
                            % of chimeric reads |	0.01%
