                                 Started job on |	May 09 17:01:55
                             Started mapping on |	May 09 17:01:57
                                    Finished on |	May 09 17:04:27
       Mapping speed, Million of reads per hour |	4.77

                          Number of input reads |	198609
                      Average input read length |	202
                                    UNIQUE READS:
                   Uniquely mapped reads number |	57965
                        Uniquely mapped reads % |	29.19%
                          Average mapped length |	194.94
                       Number of splices: Total |	166995
            Number of splices: Annotated (sjdb) |	166046
                       Number of splices: GT/AG |	166882
                       Number of splices: GC/AG |	113
                       Number of splices: AT/AC |	0
               Number of splices: Non-canonical |	0
                      Mismatch rate per base, % |	0.72%
                         Deletion rate per base |	0.31%
                        Deletion average length |	1.00
                        Insertion rate per base |	0.09%
                       Insertion average length |	11.23
                             MULTI-MAPPING READS:
        Number of reads mapped to multiple loci |	150
             % of reads mapped to multiple loci |	0.08%
        Number of reads mapped to too many loci |	12
             % of reads mapped to too many loci |	0.01%
                                  UNMAPPED READS:
       % of reads unmapped: too many mismatches |	0.53%
                 % of reads unmapped: too short |	70.21%
                     % of reads unmapped: other |	0.00%
                                  CHIMERIC READS:
                       Number of chimeric reads |	9
                            % of chimeric reads |	0.00%
