                                 Started job on |	May 10 01:38:14
                             Started mapping on |	May 10 01:38:14
                                    Finished on |	May 10 01:41:01
       Mapping speed, Million of reads per hour |	6.80

                          Number of input reads |	315236
                      Average input read length |	202
                                    UNIQUE READS:
                   Uniquely mapped reads number |	76837
                        Uniquely mapped reads % |	24.37%
                          Average mapped length |	194.98
                       Number of splices: Total |	224693
            Number of splices: Annotated (sjdb) |	223414
                       Number of splices: GT/AG |	224540
                       Number of splices: GC/AG |	153
                       Number of splices: AT/AC |	0
               Number of splices: Non-canonical |	0
                      Mismatch rate per base, % |	0.75%
                         Deletion rate per base |	0.31%
                        Deletion average length |	1.00
                        Insertion rate per base |	0.07%
                       Insertion average length |	11.28
                             MULTI-MAPPING READS:
        Number of reads mapped to multiple loci |	159
             % of reads mapped to multiple loci |	0.05%
        Number of reads mapped to too many loci |	13
             % of reads mapped to too many loci |	0.00%
                                  UNMAPPED READS:
       % of reads unmapped: too many mismatches |	0.47%
                 % of reads unmapped: too short |	75.10%
                     % of reads unmapped: other |	0.00%
                                  CHIMERIC READS:
                       Number of chimeric reads |	11
                            % of chimeric reads |	0.00%
