                                 Started job on |	May 07 17:51:06
                             Started mapping on |	May 07 17:51:07
                                    Finished on |	May 07 17:54:04
       Mapping speed, Million of reads per hour |	6.16

                          Number of input reads |	302968
                      Average input read length |	202
                                    UNIQUE READS:
                   Uniquely mapped reads number |	86396
                        Uniquely mapped reads % |	28.52%
                          Average mapped length |	194.63
                       Number of splices: Total |	245078
            Number of splices: Annotated (sjdb) |	243539
                       Number of splices: GT/AG |	244826
                       Number of splices: GC/AG |	252
                       Number of splices: AT/AC |	0
               Number of splices: Non-canonical |	0
                      Mismatch rate per base, % |	0.77%
                         Deletion rate per base |	0.31%
                        Deletion average length |	1.00
                        Insertion rate per base |	0.10%
                       Insertion average length |	11.39
                             MULTI-MAPPING READS:
        Number of reads mapped to multiple loci |	227
             % of reads mapped to multiple loci |	0.07%
        Number of reads mapped to too many loci |	24
             % of reads mapped to too many loci |	0.01%
                                  UNMAPPED READS:
       % of reads unmapped: too many mismatches |	0.54%
                 % of reads unmapped: too short |	70.87%
                     % of reads unmapped: other |	0.00%
                                  CHIMERIC READS:
                       Number of chimeric reads |	18
                            % of chimeric reads |	0.01%
