                                 Started job on |	May 11 06:47:09
                             Started mapping on |	May 11 06:47:10
                                    Finished on |	May 11 06:49:06
       Mapping speed, Million of reads per hour |	6.64

                          Number of input reads |	213805
                      Average input read length |	202
                                    UNIQUE READS:
                   Uniquely mapped reads number |	59884
                        Uniquely mapped reads % |	28.01%
                          Average mapped length |	196.32
                       Number of splices: Total |	129077
            Number of splices: Annotated (sjdb) |	127555
                       Number of splices: GT/AG |	128978
                       Number of splices: GC/AG |	99
                       Number of splices: AT/AC |	0
               Number of splices: Non-canonical |	0
                      Mismatch rate per base, % |	0.73%
                         Deletion rate per base |	0.36%
                        Deletion average length |	1.00
                        Insertion rate per base |	0.00%
                       Insertion average length |	1.11
                             MULTI-MAPPING READS:
        Number of reads mapped to multiple loci |	77
             % of reads mapped to multiple loci |	0.04%
        Number of reads mapped to too many loci |	11
             % of reads mapped to too many loci |	0.01%
                                  UNMAPPED READS:
       % of reads unmapped: too many mismatches |	0.52%
                 % of reads unmapped: too short |	71.43%
                     % of reads unmapped: other |	0.00%
                                  CHIMERIC READS:
                       Number of chimeric reads |	5
                            % of chimeric reads |	0.00%
