                                 Started job on |	May 09 15:02:44
                             Started mapping on |	May 09 15:02:45
                                    Finished on |	May 09 15:06:02
       Mapping speed, Million of reads per hour |	3.79

                          Number of input reads |	207237
                      Average input read length |	202
                                    UNIQUE READS:
                   Uniquely mapped reads number |	57130
                        Uniquely mapped reads % |	27.57%
                          Average mapped length |	194.87
                       Number of splices: Total |	164476
            Number of splices: Annotated (sjdb) |	163573
                       Number of splices: GT/AG |	164337
                       Number of splices: GC/AG |	139
                       Number of splices: AT/AC |	0
               Number of splices: Non-canonical |	0
                      Mismatch rate per base, % |	0.72%
                         Deletion rate per base |	0.32%
                        Deletion average length |	1.00
                        Insertion rate per base |	0.09%
                       Insertion average length |	11.21
                             MULTI-MAPPING READS:
        Number of reads mapped to multiple loci |	132
             % of reads mapped to multiple loci |	0.06%
        Number of reads mapped to too many loci |	11
             % of reads mapped to too many loci |	0.01%
                                  UNMAPPED READS:
       % of reads unmapped: too many mismatches |	0.52%
                 % of reads unmapped: too short |	71.85%
                     % of reads unmapped: other |	0.00%
                                  CHIMERIC READS:
                       Number of chimeric reads |	14
                            % of chimeric reads |	0.01%
