                                 Started job on |	May 04 06:38:01
                             Started mapping on |	May 04 06:38:03
                                    Finished on |	May 04 06:40:39
       Mapping speed, Million of reads per hour |	6.19

                          Number of input reads |	268142
                      Average input read length |	202
                                    UNIQUE READS:
                   Uniquely mapped reads number |	59317
                        Uniquely mapped reads % |	22.12%
                          Average mapped length |	196.61
                       Number of splices: Total |	126252
            Number of splices: Annotated (sjdb) |	124973
                       Number of splices: GT/AG |	126173
                       Number of splices: GC/AG |	79
                       Number of splices: AT/AC |	0
               Number of splices: Non-canonical |	0
                      Mismatch rate per base, % |	0.67%
                         Deletion rate per base |	0.36%
                        Deletion average length |	1.00
                        Insertion rate per base |	0.00%
                       Insertion average length |	1.27
                             MULTI-MAPPING READS:
        Number of reads mapped to multiple loci |	70
             % of reads mapped to multiple loci |	0.03%
        Number of reads mapped to too many loci |	10
             % of reads mapped to too many loci |	0.00%
                                  UNMAPPED READS:
       % of reads unmapped: too many mismatches |	0.30%
                 % of reads unmapped: too short |	77.55%
                     % of reads unmapped: other |	0.00%
                                  CHIMERIC READS:
                       Number of chimeric reads |	3
                            % of chimeric reads |	0.00%
