                                 Started job on |	May 04 21:40:28
                             Started mapping on |	May 04 21:40:30
                                    Finished on |	May 04 21:43:05
       Mapping speed, Million of reads per hour |	8.42

                          Number of input reads |	362313
                      Average input read length |	202
                                    UNIQUE READS:
                   Uniquely mapped reads number |	84794
                        Uniquely mapped reads % |	23.40%
                          Average mapped length |	196.70
                       Number of splices: Total |	182074
            Number of splices: Annotated (sjdb) |	180401
                       Number of splices: GT/AG |	181993
                       Number of splices: GC/AG |	81
                       Number of splices: AT/AC |	0
               Number of splices: Non-canonical |	0
                      Mismatch rate per base, % |	0.67%
                         Deletion rate per base |	0.37%
                        Deletion average length |	1.00
                        Insertion rate per base |	0.00%
                       Insertion average length |	1.14
                             MULTI-MAPPING READS:
        Number of reads mapped to multiple loci |	94
             % of reads mapped to multiple loci |	0.03%
        Number of reads mapped to too many loci |	9
             % of reads mapped to too many loci |	0.00%
                                  UNMAPPED READS:
       % of reads unmapped: too many mismatches |	0.35%
                 % of reads unmapped: too short |	76.21%
                     % of reads unmapped: other |	0.00%
                                  CHIMERIC READS:
                       Number of chimeric reads |	10
                            % of chimeric reads |	0.00%
