                                 Started job on |	May 09 16:17:17
                             Started mapping on |	May 09 16:17:18
                                    Finished on |	May 09 16:20:57
       Mapping speed, Million of reads per hour |	3.96

                          Number of input reads |	241153
                      Average input read length |	202
                                    UNIQUE READS:
                   Uniquely mapped reads number |	62136
                        Uniquely mapped reads % |	25.77%
                          Average mapped length |	195.09
                       Number of splices: Total |	181223
            Number of splices: Annotated (sjdb) |	180283
                       Number of splices: GT/AG |	181090
                       Number of splices: GC/AG |	133
                       Number of splices: AT/AC |	0
               Number of splices: Non-canonical |	0
                      Mismatch rate per base, % |	0.70%
                         Deletion rate per base |	0.32%
                        Deletion average length |	1.00
                        Insertion rate per base |	0.08%
                       Insertion average length |	11.06
                             MULTI-MAPPING READS:
        Number of reads mapped to multiple loci |	152
             % of reads mapped to multiple loci |	0.06%
        Number of reads mapped to too many loci |	3
             % of reads mapped to too many loci |	0.00%
                                  UNMAPPED READS:
       % of reads unmapped: too many mismatches |	0.47%
                 % of reads unmapped: too short |	73.70%
                     % of reads unmapped: other |	0.00%
                                  CHIMERIC READS:
                       Number of chimeric reads |	15
                            % of chimeric reads |	0.01%
