                                 Started job on |	May 10 22:01:37
                             Started mapping on |	May 10 22:01:38
                                    Finished on |	May 10 22:04:09
       Mapping speed, Million of reads per hour |	8.29

                          Number of input reads |	347725
                      Average input read length |	202
                                    UNIQUE READS:
                   Uniquely mapped reads number |	58351
                        Uniquely mapped reads % |	16.78%
                          Average mapped length |	196.57
                       Number of splices: Total |	127002
            Number of splices: Annotated (sjdb) |	125742
                       Number of splices: GT/AG |	126910
                       Number of splices: GC/AG |	92
                       Number of splices: AT/AC |	0
               Number of splices: Non-canonical |	0
                      Mismatch rate per base, % |	0.70%
                         Deletion rate per base |	0.36%
                        Deletion average length |	1.00
                        Insertion rate per base |	0.00%
                       Insertion average length |	1.02
                             MULTI-MAPPING READS:
        Number of reads mapped to multiple loci |	85
             % of reads mapped to multiple loci |	0.02%
        Number of reads mapped to too many loci |	8
             % of reads mapped to too many loci |	0.00%
                                  UNMAPPED READS:
       % of reads unmapped: too many mismatches |	0.25%
                 % of reads unmapped: too short |	82.94%
                     % of reads unmapped: other |	0.00%
                                  CHIMERIC READS:
                       Number of chimeric reads |	2
                            % of chimeric reads |	0.00%
