                                 Started job on |	May 07 20:42:45
                             Started mapping on |	May 07 20:42:46
                                    Finished on |	May 07 20:45:14
       Mapping speed, Million of reads per hour |	7.71

                          Number of input reads |	316938
                      Average input read length |	202
                                    UNIQUE READS:
                   Uniquely mapped reads number |	100917
                        Uniquely mapped reads % |	31.84%
                          Average mapped length |	194.92
                       Number of splices: Total |	276624
            Number of splices: Annotated (sjdb) |	274726
                       Number of splices: GT/AG |	276247
                       Number of splices: GC/AG |	377
                       Number of splices: AT/AC |	0
               Number of splices: Non-canonical |	0
                      Mismatch rate per base, % |	0.75%
                         Deletion rate per base |	0.31%
                        Deletion average length |	1.01
                        Insertion rate per base |	0.08%
                       Insertion average length |	11.15
                             MULTI-MAPPING READS:
        Number of reads mapped to multiple loci |	251
             % of reads mapped to multiple loci |	0.08%
        Number of reads mapped to too many loci |	23
             % of reads mapped to too many loci |	0.01%
                                  UNMAPPED READS:
       % of reads unmapped: too many mismatches |	0.57%
                 % of reads unmapped: too short |	67.50%
                     % of reads unmapped: other |	0.00%
                                  CHIMERIC READS:
                       Number of chimeric reads |	20
                            % of chimeric reads |	0.01%
