                                 Started job on |	May 07 16:31:16
                             Started mapping on |	May 07 16:31:18
                                    Finished on |	May 07 16:34:25
       Mapping speed, Million of reads per hour |	4.29

                          Number of input reads |	223059
                      Average input read length |	202
                                    UNIQUE READS:
                   Uniquely mapped reads number |	46539
                        Uniquely mapped reads % |	20.86%
                          Average mapped length |	194.78
                       Number of splices: Total |	135937
            Number of splices: Annotated (sjdb) |	135193
                       Number of splices: GT/AG |	135833
                       Number of splices: GC/AG |	104
                       Number of splices: AT/AC |	0
               Number of splices: Non-canonical |	0
                      Mismatch rate per base, % |	0.75%
                         Deletion rate per base |	0.33%
                        Deletion average length |	1.01
                        Insertion rate per base |	0.11%
                       Insertion average length |	11.43
                             MULTI-MAPPING READS:
        Number of reads mapped to multiple loci |	115
             % of reads mapped to multiple loci |	0.05%
        Number of reads mapped to too many loci |	7
             % of reads mapped to too many loci |	0.00%
                                  UNMAPPED READS:
       % of reads unmapped: too many mismatches |	0.37%
                 % of reads unmapped: too short |	78.71%
                     % of reads unmapped: other |	0.00%
                                  CHIMERIC READS:
                       Number of chimeric reads |	17
                            % of chimeric reads |	0.01%
