                                 Started job on |	May 08 07:20:09
                             Started mapping on |	May 08 07:20:10
                                    Finished on |	May 08 07:22:20
       Mapping speed, Million of reads per hour |	6.83

                          Number of input reads |	246797
                      Average input read length |	202
                                    UNIQUE READS:
                   Uniquely mapped reads number |	80151
                        Uniquely mapped reads % |	32.48%
                          Average mapped length |	195.30
                       Number of splices: Total |	234839
            Number of splices: Annotated (sjdb) |	233644
                       Number of splices: GT/AG |	234617
                       Number of splices: GC/AG |	222
                       Number of splices: AT/AC |	0
               Number of splices: Non-canonical |	0
                      Mismatch rate per base, % |	0.69%
                         Deletion rate per base |	0.32%
                        Deletion average length |	1.00
                        Insertion rate per base |	0.09%
                       Insertion average length |	11.31
                             MULTI-MAPPING READS:
        Number of reads mapped to multiple loci |	155
             % of reads mapped to multiple loci |	0.06%
        Number of reads mapped to too many loci |	5
             % of reads mapped to too many loci |	0.00%
                                  UNMAPPED READS:
       % of reads unmapped: too many mismatches |	0.52%
                 % of reads unmapped: too short |	66.93%
                     % of reads unmapped: other |	0.00%
                                  CHIMERIC READS:
                       Number of chimeric reads |	9
                            % of chimeric reads |	0.00%
