                                 Started job on |	May 10 17:09:09
                             Started mapping on |	May 10 17:09:10
                                    Finished on |	May 10 17:11:37
       Mapping speed, Million of reads per hour |	6.72

                          Number of input reads |	274515
                      Average input read length |	202
                                    UNIQUE READS:
                   Uniquely mapped reads number |	77549
                        Uniquely mapped reads % |	28.25%
                          Average mapped length |	194.68
                       Number of splices: Total |	226043
            Number of splices: Annotated (sjdb) |	224872
                       Number of splices: GT/AG |	225933
                       Number of splices: GC/AG |	110
                       Number of splices: AT/AC |	0
               Number of splices: Non-canonical |	0
                      Mismatch rate per base, % |	0.75%
                         Deletion rate per base |	0.30%
                        Deletion average length |	1.00
                        Insertion rate per base |	0.07%
                       Insertion average length |	11.11
                             MULTI-MAPPING READS:
        Number of reads mapped to multiple loci |	156
             % of reads mapped to multiple loci |	0.06%
        Number of reads mapped to too many loci |	7
             % of reads mapped to too many loci |	0.00%
                                  UNMAPPED READS:
       % of reads unmapped: too many mismatches |	0.51%
                 % of reads unmapped: too short |	71.18%
                     % of reads unmapped: other |	0.00%
                                  CHIMERIC READS:
                       Number of chimeric reads |	15
                            % of chimeric reads |	0.01%
