                                 Started job on |	May 09 14:15:23
                             Started mapping on |	May 09 14:15:26
                                    Finished on |	May 09 14:18:23
       Mapping speed, Million of reads per hour |	5.50

                          Number of input reads |	270462
                      Average input read length |	202
                                    UNIQUE READS:
                   Uniquely mapped reads number |	78227
                        Uniquely mapped reads % |	28.92%
                          Average mapped length |	194.99
                       Number of splices: Total |	223487
            Number of splices: Annotated (sjdb) |	222314
                       Number of splices: GT/AG |	223279
                       Number of splices: GC/AG |	208
                       Number of splices: AT/AC |	0
               Number of splices: Non-canonical |	0
                      Mismatch rate per base, % |	0.73%
                         Deletion rate per base |	0.32%
                        Deletion average length |	1.00
                        Insertion rate per base |	0.09%
                       Insertion average length |	11.18
                             MULTI-MAPPING READS:
        Number of reads mapped to multiple loci |	179
             % of reads mapped to multiple loci |	0.07%
        Number of reads mapped to too many loci |	11
             % of reads mapped to too many loci |	0.00%
                                  UNMAPPED READS:
       % of reads unmapped: too many mismatches |	0.55%
                 % of reads unmapped: too short |	70.46%
                     % of reads unmapped: other |	0.00%
                                  CHIMERIC READS:
                       Number of chimeric reads |	8
                            % of chimeric reads |	0.00%
