                                 Started job on |	May 10 18:54:45
                             Started mapping on |	May 10 18:54:46
                                    Finished on |	May 10 18:57:20
       Mapping speed, Million of reads per hour |	8.84

                          Number of input reads |	377978
                      Average input read length |	202
                                    UNIQUE READS:
                   Uniquely mapped reads number |	92585
                        Uniquely mapped reads % |	24.49%
                          Average mapped length |	196.29
                       Number of splices: Total |	200544
            Number of splices: Annotated (sjdb) |	198310
                       Number of splices: GT/AG |	200386
                       Number of splices: GC/AG |	158
                       Number of splices: AT/AC |	0
               Number of splices: Non-canonical |	0
                      Mismatch rate per base, % |	0.71%
                         Deletion rate per base |	0.36%
                        Deletion average length |	1.00
                        Insertion rate per base |	0.00%
                       Insertion average length |	1.19
                             MULTI-MAPPING READS:
        Number of reads mapped to multiple loci |	127
             % of reads mapped to multiple loci |	0.03%
        Number of reads mapped to too many loci |	29
             % of reads mapped to too many loci |	0.01%
                                  UNMAPPED READS:
       % of reads unmapped: too many mismatches |	0.42%
                 % of reads unmapped: too short |	75.04%
                     % of reads unmapped: other |	0.00%
                                  CHIMERIC READS:
                       Number of chimeric reads |	7
                            % of chimeric reads |	0.00%
