                                 Started job on |	May 10 20:22:03
                             Started mapping on |	May 10 20:22:05
                                    Finished on |	May 10 20:24:33
       Mapping speed, Million of reads per hour |	8.04

                          Number of input reads |	330703
                      Average input read length |	202
                                    UNIQUE READS:
                   Uniquely mapped reads number |	69497
                        Uniquely mapped reads % |	21.01%
                          Average mapped length |	196.44
                       Number of splices: Total |	149394
            Number of splices: Annotated (sjdb) |	147814
                       Number of splices: GT/AG |	149314
                       Number of splices: GC/AG |	80
                       Number of splices: AT/AC |	0
               Number of splices: Non-canonical |	0
                      Mismatch rate per base, % |	0.69%
                         Deletion rate per base |	0.36%
                        Deletion average length |	1.00
                        Insertion rate per base |	0.00%
                       Insertion average length |	1.12
                             MULTI-MAPPING READS:
        Number of reads mapped to multiple loci |	101
             % of reads mapped to multiple loci |	0.03%
        Number of reads mapped to too many loci |	11
             % of reads mapped to too many loci |	0.00%
                                  UNMAPPED READS:
       % of reads unmapped: too many mismatches |	0.36%
                 % of reads unmapped: too short |	78.59%
                     % of reads unmapped: other |	0.00%
                                  CHIMERIC READS:
                       Number of chimeric reads |	6
                            % of chimeric reads |	0.00%
