                                 Started job on |	May 07 19:45:24
                             Started mapping on |	May 07 19:45:25
                                    Finished on |	May 07 19:48:00
       Mapping speed, Million of reads per hour |	9.02

                          Number of input reads |	388229
                      Average input read length |	202
                                    UNIQUE READS:
                   Uniquely mapped reads number |	108497
                        Uniquely mapped reads % |	27.95%
                          Average mapped length |	194.86
                       Number of splices: Total |	316657
            Number of splices: Annotated (sjdb) |	314959
                       Number of splices: GT/AG |	316425
                       Number of splices: GC/AG |	232
                       Number of splices: AT/AC |	0
               Number of splices: Non-canonical |	0
                      Mismatch rate per base, % |	0.74%
                         Deletion rate per base |	0.31%
                        Deletion average length |	1.00
                        Insertion rate per base |	0.08%
                       Insertion average length |	11.28
                             MULTI-MAPPING READS:
        Number of reads mapped to multiple loci |	269
             % of reads mapped to multiple loci |	0.07%
        Number of reads mapped to too many loci |	12
             % of reads mapped to too many loci |	0.00%
                                  UNMAPPED READS:
       % of reads unmapped: too many mismatches |	0.49%
                 % of reads unmapped: too short |	71.49%
                     % of reads unmapped: other |	0.00%
                                  CHIMERIC READS:
                       Number of chimeric reads |	16
                            % of chimeric reads |	0.00%
