                                 Started job on |	May 10 21:01:57
                             Started mapping on |	May 10 21:01:59
                                    Finished on |	May 10 21:03:34
       Mapping speed, Million of reads per hour |	11.22

                          Number of input reads |	296058
                      Average input read length |	202
                                    UNIQUE READS:
                   Uniquely mapped reads number |	62439
                        Uniquely mapped reads % |	21.09%
                          Average mapped length |	196.28
                       Number of splices: Total |	134939
            Number of splices: Annotated (sjdb) |	133432
                       Number of splices: GT/AG |	134832
                       Number of splices: GC/AG |	107
                       Number of splices: AT/AC |	0
               Number of splices: Non-canonical |	0
                      Mismatch rate per base, % |	0.70%
                         Deletion rate per base |	0.36%
                        Deletion average length |	1.00
                        Insertion rate per base |	0.00%
                       Insertion average length |	1.05
                             MULTI-MAPPING READS:
        Number of reads mapped to multiple loci |	75
             % of reads mapped to multiple loci |	0.03%
        Number of reads mapped to too many loci |	13
             % of reads mapped to too many loci |	0.00%
                                  UNMAPPED READS:
       % of reads unmapped: too many mismatches |	0.37%
                 % of reads unmapped: too short |	78.51%
                     % of reads unmapped: other |	0.00%
                                  CHIMERIC READS:
                       Number of chimeric reads |	6
                            % of chimeric reads |	0.00%
