                                 Started job on |	May 10 23:01:10
                             Started mapping on |	May 10 23:01:11
                                    Finished on |	May 10 23:03:49
       Mapping speed, Million of reads per hour |	7.60

                          Number of input reads |	333474
                      Average input read length |	202
                                    UNIQUE READS:
                   Uniquely mapped reads number |	90557
                        Uniquely mapped reads % |	27.16%
                          Average mapped length |	196.08
                       Number of splices: Total |	196537
            Number of splices: Annotated (sjdb) |	194448
                       Number of splices: GT/AG |	196371
                       Number of splices: GC/AG |	166
                       Number of splices: AT/AC |	0
               Number of splices: Non-canonical |	0
                      Mismatch rate per base, % |	0.71%
                         Deletion rate per base |	0.35%
                        Deletion average length |	1.00
                        Insertion rate per base |	0.00%
                       Insertion average length |	1.19
                             MULTI-MAPPING READS:
        Number of reads mapped to multiple loci |	129
             % of reads mapped to multiple loci |	0.04%
        Number of reads mapped to too many loci |	17
             % of reads mapped to too many loci |	0.01%
                                  UNMAPPED READS:
       % of reads unmapped: too many mismatches |	0.46%
                 % of reads unmapped: too short |	72.34%
                     % of reads unmapped: other |	0.00%
                                  CHIMERIC READS:
                       Number of chimeric reads |	9
                            % of chimeric reads |	0.00%
