                                 Started job on |	May 09 22:15:44
                             Started mapping on |	May 09 22:15:44
                                    Finished on |	May 09 22:18:57
       Mapping speed, Million of reads per hour |	6.16

                          Number of input reads |	330164
                      Average input read length |	202
                                    UNIQUE READS:
                   Uniquely mapped reads number |	92854
                        Uniquely mapped reads % |	28.12%
                          Average mapped length |	194.94
                       Number of splices: Total |	267834
            Number of splices: Annotated (sjdb) |	266394
                       Number of splices: GT/AG |	267599
                       Number of splices: GC/AG |	235
                       Number of splices: AT/AC |	0
               Number of splices: Non-canonical |	0
                      Mismatch rate per base, % |	0.74%
                         Deletion rate per base |	0.31%
                        Deletion average length |	1.00
                        Insertion rate per base |	0.09%
                       Insertion average length |	11.33
                             MULTI-MAPPING READS:
        Number of reads mapped to multiple loci |	202
             % of reads mapped to multiple loci |	0.06%
        Number of reads mapped to too many loci |	12
             % of reads mapped to too many loci |	0.00%
                                  UNMAPPED READS:
       % of reads unmapped: too many mismatches |	0.51%
                 % of reads unmapped: too short |	71.30%
                     % of reads unmapped: other |	0.00%
                                  CHIMERIC READS:
                       Number of chimeric reads |	18
                            % of chimeric reads |	0.01%
