                                 Started job on |	May 10 01:21:07
                             Started mapping on |	May 10 01:21:07
                                    Finished on |	May 10 01:24:10
       Mapping speed, Million of reads per hour |	6.19

                          Number of input reads |	314483
                      Average input read length |	202
                                    UNIQUE READS:
                   Uniquely mapped reads number |	83440
                        Uniquely mapped reads % |	26.53%
                          Average mapped length |	194.83
                       Number of splices: Total |	247042
            Number of splices: Annotated (sjdb) |	245734
                       Number of splices: GT/AG |	246858
                       Number of splices: GC/AG |	184
                       Number of splices: AT/AC |	0
               Number of splices: Non-canonical |	0
                      Mismatch rate per base, % |	0.75%
                         Deletion rate per base |	0.31%
                        Deletion average length |	1.00
                        Insertion rate per base |	0.08%
                       Insertion average length |	11.47
                             MULTI-MAPPING READS:
        Number of reads mapped to multiple loci |	177
             % of reads mapped to multiple loci |	0.06%
        Number of reads mapped to too many loci |	8
             % of reads mapped to too many loci |	0.00%
                                  UNMAPPED READS:
       % of reads unmapped: too many mismatches |	0.52%
                 % of reads unmapped: too short |	72.89%
                     % of reads unmapped: other |	0.00%
                                  CHIMERIC READS:
                       Number of chimeric reads |	22
                            % of chimeric reads |	0.01%
