                                 Started job on |	May 04 22:47:58
                             Started mapping on |	May 04 22:47:59
                                    Finished on |	May 04 22:50:35
       Mapping speed, Million of reads per hour |	6.22

                          Number of input reads |	269337
                      Average input read length |	202
                                    UNIQUE READS:
                   Uniquely mapped reads number |	76421
                        Uniquely mapped reads % |	28.37%
                          Average mapped length |	196.14
                       Number of splices: Total |	163525
            Number of splices: Annotated (sjdb) |	161541
                       Number of splices: GT/AG |	163434
                       Number of splices: GC/AG |	91
                       Number of splices: AT/AC |	0
               Number of splices: Non-canonical |	0
                      Mismatch rate per base, % |	0.67%
                         Deletion rate per base |	0.36%
                        Deletion average length |	1.00
                        Insertion rate per base |	0.00%
                       Insertion average length |	1.09
                             MULTI-MAPPING READS:
        Number of reads mapped to multiple loci |	85
             % of reads mapped to multiple loci |	0.03%
        Number of reads mapped to too many loci |	11
             % of reads mapped to too many loci |	0.00%
                                  UNMAPPED READS:
       % of reads unmapped: too many mismatches |	0.42%
                 % of reads unmapped: too short |	71.17%
                     % of reads unmapped: other |	0.00%
                                  CHIMERIC READS:
                       Number of chimeric reads |	10
                            % of chimeric reads |	0.00%
