                                 Started job on |	May 10 20:24:35
                             Started mapping on |	May 10 20:24:36
                                    Finished on |	May 10 20:27:02
       Mapping speed, Million of reads per hour |	8.35

                          Number of input reads |	338699
                      Average input read length |	202
                                    UNIQUE READS:
                   Uniquely mapped reads number |	51011
                        Uniquely mapped reads % |	15.06%
                          Average mapped length |	196.49
                       Number of splices: Total |	110267
            Number of splices: Annotated (sjdb) |	109187
                       Number of splices: GT/AG |	110199
                       Number of splices: GC/AG |	68
                       Number of splices: AT/AC |	0
               Number of splices: Non-canonical |	0
                      Mismatch rate per base, % |	0.70%
                         Deletion rate per base |	0.36%
                        Deletion average length |	1.00
                        Insertion rate per base |	0.00%
                       Insertion average length |	1.10
                             MULTI-MAPPING READS:
        Number of reads mapped to multiple loci |	68
             % of reads mapped to multiple loci |	0.02%
        Number of reads mapped to too many loci |	9
             % of reads mapped to too many loci |	0.00%
                                  UNMAPPED READS:
       % of reads unmapped: too many mismatches |	0.27%
                 % of reads unmapped: too short |	84.65%
                     % of reads unmapped: other |	0.00%
                                  CHIMERIC READS:
                       Number of chimeric reads |	2
                            % of chimeric reads |	0.00%
