                                 Started job on |	May 04 21:55:10
                             Started mapping on |	May 04 21:55:11
                                    Finished on |	May 04 21:57:00
       Mapping speed, Million of reads per hour |	9.34

                          Number of input reads |	282709
                      Average input read length |	202
                                    UNIQUE READS:
                   Uniquely mapped reads number |	69231
                        Uniquely mapped reads % |	24.49%
                          Average mapped length |	196.53
                       Number of splices: Total |	148611
            Number of splices: Annotated (sjdb) |	146939
                       Number of splices: GT/AG |	148523
                       Number of splices: GC/AG |	88
                       Number of splices: AT/AC |	0
               Number of splices: Non-canonical |	0
                      Mismatch rate per base, % |	0.67%
                         Deletion rate per base |	0.36%
                        Deletion average length |	1.00
                        Insertion rate per base |	0.00%
                       Insertion average length |	1.07
                             MULTI-MAPPING READS:
        Number of reads mapped to multiple loci |	69
             % of reads mapped to multiple loci |	0.02%
        Number of reads mapped to too many loci |	8
             % of reads mapped to too many loci |	0.00%
                                  UNMAPPED READS:
       % of reads unmapped: too many mismatches |	0.33%
                 % of reads unmapped: too short |	75.16%
                     % of reads unmapped: other |	0.00%
                                  CHIMERIC READS:
                       Number of chimeric reads |	7
                            % of chimeric reads |	0.00%
