                                 Started job on |	May 07 18:37:07
                             Started mapping on |	May 07 18:37:08
                                    Finished on |	May 07 18:39:00
       Mapping speed, Million of reads per hour |	9.59

                          Number of input reads |	298386
                      Average input read length |	202
                                    UNIQUE READS:
                   Uniquely mapped reads number |	82546
                        Uniquely mapped reads % |	27.66%
                          Average mapped length |	194.86
                       Number of splices: Total |	237620
            Number of splices: Annotated (sjdb) |	236241
                       Number of splices: GT/AG |	237419
                       Number of splices: GC/AG |	201
                       Number of splices: AT/AC |	0
               Number of splices: Non-canonical |	0
                      Mismatch rate per base, % |	0.74%
                         Deletion rate per base |	0.32%
                        Deletion average length |	1.00
                        Insertion rate per base |	0.09%
                       Insertion average length |	11.43
                             MULTI-MAPPING READS:
        Number of reads mapped to multiple loci |	202
             % of reads mapped to multiple loci |	0.07%
        Number of reads mapped to too many loci |	15
             % of reads mapped to too many loci |	0.01%
                                  UNMAPPED READS:
       % of reads unmapped: too many mismatches |	0.48%
                 % of reads unmapped: too short |	71.78%
                     % of reads unmapped: other |	0.00%
                                  CHIMERIC READS:
                       Number of chimeric reads |	20
                            % of chimeric reads |	0.01%
