                                 Started job on |	May 04 20:37:32
                             Started mapping on |	May 04 20:37:33
                                    Finished on |	May 04 20:38:49
       Mapping speed, Million of reads per hour |	12.72

                          Number of input reads |	268437
                      Average input read length |	202
                                    UNIQUE READS:
                   Uniquely mapped reads number |	66774
                        Uniquely mapped reads % |	24.88%
                          Average mapped length |	196.49
                       Number of splices: Total |	143553
            Number of splices: Annotated (sjdb) |	141842
                       Number of splices: GT/AG |	143500
                       Number of splices: GC/AG |	53
                       Number of splices: AT/AC |	0
               Number of splices: Non-canonical |	0
                      Mismatch rate per base, % |	0.67%
                         Deletion rate per base |	0.37%
                        Deletion average length |	1.00
                        Insertion rate per base |	0.00%
                       Insertion average length |	1.23
                             MULTI-MAPPING READS:
        Number of reads mapped to multiple loci |	92
             % of reads mapped to multiple loci |	0.03%
        Number of reads mapped to too many loci |	10
             % of reads mapped to too many loci |	0.00%
                                  UNMAPPED READS:
       % of reads unmapped: too many mismatches |	0.35%
                 % of reads unmapped: too short |	74.73%
                     % of reads unmapped: other |	0.00%
                                  CHIMERIC READS:
                       Number of chimeric reads |	7
                            % of chimeric reads |	0.00%
