                                 Started job on |	May 04 20:20:28
                             Started mapping on |	May 04 20:20:29
                                    Finished on |	May 04 20:22:45
       Mapping speed, Million of reads per hour |	7.75

                          Number of input reads |	292907
                      Average input read length |	202
                                    UNIQUE READS:
                   Uniquely mapped reads number |	59562
                        Uniquely mapped reads % |	20.33%
                          Average mapped length |	196.48
                       Number of splices: Total |	126452
            Number of splices: Annotated (sjdb) |	124919
                       Number of splices: GT/AG |	126407
                       Number of splices: GC/AG |	45
                       Number of splices: AT/AC |	0
               Number of splices: Non-canonical |	0
                      Mismatch rate per base, % |	0.67%
                         Deletion rate per base |	0.37%
                        Deletion average length |	1.00
                        Insertion rate per base |	0.00%
                       Insertion average length |	1.07
                             MULTI-MAPPING READS:
        Number of reads mapped to multiple loci |	59
             % of reads mapped to multiple loci |	0.02%
        Number of reads mapped to too many loci |	10
             % of reads mapped to too many loci |	0.00%
                                  UNMAPPED READS:
       % of reads unmapped: too many mismatches |	0.31%
                 % of reads unmapped: too short |	79.33%
                     % of reads unmapped: other |	0.00%
                                  CHIMERIC READS:
                       Number of chimeric reads |	6
                            % of chimeric reads |	0.00%
