                                 Started job on |	May 06 21:21:29
                             Started mapping on |	May 06 21:21:30
                                    Finished on |	May 06 21:23:53
       Mapping speed, Million of reads per hour |	8.34

                          Number of input reads |	331305
                      Average input read length |	202
                                    UNIQUE READS:
                   Uniquely mapped reads number |	76910
                        Uniquely mapped reads % |	23.21%
                          Average mapped length |	195.03
                       Number of splices: Total |	225275
            Number of splices: Annotated (sjdb) |	224106
                       Number of splices: GT/AG |	225057
                       Number of splices: GC/AG |	218
                       Number of splices: AT/AC |	0
               Number of splices: Non-canonical |	0
                      Mismatch rate per base, % |	0.73%
                         Deletion rate per base |	0.33%
                        Deletion average length |	1.00
                        Insertion rate per base |	0.09%
                       Insertion average length |	11.38
                             MULTI-MAPPING READS:
        Number of reads mapped to multiple loci |	199
             % of reads mapped to multiple loci |	0.06%
        Number of reads mapped to too many loci |	8
             % of reads mapped to too many loci |	0.00%
                                  UNMAPPED READS:
       % of reads unmapped: too many mismatches |	0.39%
                 % of reads unmapped: too short |	76.33%
                     % of reads unmapped: other |	0.00%
                                  CHIMERIC READS:
                       Number of chimeric reads |	14
                            % of chimeric reads |	0.00%
