                                 Started job on |	May 10 00:57:26
                             Started mapping on |	May 10 00:57:27
                                    Finished on |	May 10 00:59:01
       Mapping speed, Million of reads per hour |	10.59

                          Number of input reads |	276431
                      Average input read length |	202
                                    UNIQUE READS:
                   Uniquely mapped reads number |	75523
                        Uniquely mapped reads % |	27.32%
                          Average mapped length |	194.74
                       Number of splices: Total |	217512
            Number of splices: Annotated (sjdb) |	216312
                       Number of splices: GT/AG |	217346
                       Number of splices: GC/AG |	166
                       Number of splices: AT/AC |	0
               Number of splices: Non-canonical |	0
                      Mismatch rate per base, % |	0.75%
                         Deletion rate per base |	0.31%
                        Deletion average length |	1.01
                        Insertion rate per base |	0.08%
                       Insertion average length |	11.38
                             MULTI-MAPPING READS:
        Number of reads mapped to multiple loci |	153
             % of reads mapped to multiple loci |	0.06%
        Number of reads mapped to too many loci |	7
             % of reads mapped to too many loci |	0.00%
                                  UNMAPPED READS:
       % of reads unmapped: too many mismatches |	0.52%
                 % of reads unmapped: too short |	72.10%
                     % of reads unmapped: other |	0.00%
                                  CHIMERIC READS:
                       Number of chimeric reads |	17
                            % of chimeric reads |	0.01%
