                                 Started job on |	May 10 05:45:18
                             Started mapping on |	May 10 05:45:19
                                    Finished on |	May 10 05:47:18
       Mapping speed, Million of reads per hour |	10.75

                          Number of input reads |	355418
                      Average input read length |	202
                                    UNIQUE READS:
                   Uniquely mapped reads number |	97965
                        Uniquely mapped reads % |	27.56%
                          Average mapped length |	196.37
                       Number of splices: Total |	211848
            Number of splices: Annotated (sjdb) |	209394
                       Number of splices: GT/AG |	211641
                       Number of splices: GC/AG |	207
                       Number of splices: AT/AC |	0
               Number of splices: Non-canonical |	0
                      Mismatch rate per base, % |	0.70%
                         Deletion rate per base |	0.36%
                        Deletion average length |	1.00
                        Insertion rate per base |	0.00%
                       Insertion average length |	1.08
                             MULTI-MAPPING READS:
        Number of reads mapped to multiple loci |	119
             % of reads mapped to multiple loci |	0.03%
        Number of reads mapped to too many loci |	17
             % of reads mapped to too many loci |	0.00%
                                  UNMAPPED READS:
       % of reads unmapped: too many mismatches |	0.46%
                 % of reads unmapped: too short |	71.94%
                     % of reads unmapped: other |	0.00%
                                  CHIMERIC READS:
                       Number of chimeric reads |	6
                            % of chimeric reads |	0.00%
