                                 Started job on |	May 09 23:00:48
                             Started mapping on |	May 09 23:00:49
                                    Finished on |	May 09 23:04:25
       Mapping speed, Million of reads per hour |	6.35

                          Number of input reads |	380902
                      Average input read length |	202
                                    UNIQUE READS:
                   Uniquely mapped reads number |	105008
                        Uniquely mapped reads % |	27.57%
                          Average mapped length |	194.98
                       Number of splices: Total |	304575
            Number of splices: Annotated (sjdb) |	303091
                       Number of splices: GT/AG |	304321
                       Number of splices: GC/AG |	254
                       Number of splices: AT/AC |	0
               Number of splices: Non-canonical |	0
                      Mismatch rate per base, % |	0.74%
                         Deletion rate per base |	0.32%
                        Deletion average length |	1.00
                        Insertion rate per base |	0.07%
                       Insertion average length |	11.19
                             MULTI-MAPPING READS:
        Number of reads mapped to multiple loci |	189
             % of reads mapped to multiple loci |	0.05%
        Number of reads mapped to too many loci |	9
             % of reads mapped to too many loci |	0.00%
                                  UNMAPPED READS:
       % of reads unmapped: too many mismatches |	0.50%
                 % of reads unmapped: too short |	71.88%
                     % of reads unmapped: other |	0.00%
                                  CHIMERIC READS:
                       Number of chimeric reads |	20
                            % of chimeric reads |	0.01%
