                                 Started job on |	May 09 22:58:13
                             Started mapping on |	May 09 22:58:14
                                    Finished on |	May 09 23:00:47
       Mapping speed, Million of reads per hour |	7.37

                          Number of input reads |	313424
                      Average input read length |	202
                                    UNIQUE READS:
                   Uniquely mapped reads number |	81202
                        Uniquely mapped reads % |	25.91%
                          Average mapped length |	195.05
                       Number of splices: Total |	242306
            Number of splices: Annotated (sjdb) |	241142
                       Number of splices: GT/AG |	242161
                       Number of splices: GC/AG |	145
                       Number of splices: AT/AC |	0
               Number of splices: Non-canonical |	0
                      Mismatch rate per base, % |	0.73%
                         Deletion rate per base |	0.32%
                        Deletion average length |	1.00
                        Insertion rate per base |	0.07%
                       Insertion average length |	11.22
                             MULTI-MAPPING READS:
        Number of reads mapped to multiple loci |	157
             % of reads mapped to multiple loci |	0.05%
        Number of reads mapped to too many loci |	5
             % of reads mapped to too many loci |	0.00%
                                  UNMAPPED READS:
       % of reads unmapped: too many mismatches |	0.46%
                 % of reads unmapped: too short |	73.58%
                     % of reads unmapped: other |	0.00%
                                  CHIMERIC READS:
                       Number of chimeric reads |	19
                            % of chimeric reads |	0.01%
