                                 Started job on |	May 10 20:07:31
                             Started mapping on |	May 10 20:07:32
                                    Finished on |	May 10 20:10:23
       Mapping speed, Million of reads per hour |	6.41

                          Number of input reads |	304311
                      Average input read length |	202
                                    UNIQUE READS:
                   Uniquely mapped reads number |	78057
                        Uniquely mapped reads % |	25.65%
                          Average mapped length |	194.75
                       Number of splices: Total |	222068
            Number of splices: Annotated (sjdb) |	220838
                       Number of splices: GT/AG |	221898
                       Number of splices: GC/AG |	170
                       Number of splices: AT/AC |	0
               Number of splices: Non-canonical |	0
                      Mismatch rate per base, % |	0.75%
                         Deletion rate per base |	0.31%
                        Deletion average length |	1.00
                        Insertion rate per base |	0.08%
                       Insertion average length |	11.23
                             MULTI-MAPPING READS:
        Number of reads mapped to multiple loci |	145
             % of reads mapped to multiple loci |	0.05%
        Number of reads mapped to too many loci |	7
             % of reads mapped to too many loci |	0.00%
                                  UNMAPPED READS:
       % of reads unmapped: too many mismatches |	0.47%
                 % of reads unmapped: too short |	73.83%
                     % of reads unmapped: other |	0.00%
                                  CHIMERIC READS:
                       Number of chimeric reads |	16
                            % of chimeric reads |	0.01%
