                                 Started job on |	May 10 22:25:33
                             Started mapping on |	May 10 22:25:36
                                    Finished on |	May 10 22:27:31
       Mapping speed, Million of reads per hour |	10.42

                          Number of input reads |	332941
                      Average input read length |	202
                                    UNIQUE READS:
                   Uniquely mapped reads number |	87864
                        Uniquely mapped reads % |	26.39%
                          Average mapped length |	196.24
                       Number of splices: Total |	190072
            Number of splices: Annotated (sjdb) |	188043
                       Number of splices: GT/AG |	189942
                       Number of splices: GC/AG |	130
                       Number of splices: AT/AC |	0
               Number of splices: Non-canonical |	0
                      Mismatch rate per base, % |	0.69%
                         Deletion rate per base |	0.36%
                        Deletion average length |	1.00
                        Insertion rate per base |	0.00%
                       Insertion average length |	1.16
                             MULTI-MAPPING READS:
        Number of reads mapped to multiple loci |	110
             % of reads mapped to multiple loci |	0.03%
        Number of reads mapped to too many loci |	12
             % of reads mapped to too many loci |	0.00%
                                  UNMAPPED READS:
       % of reads unmapped: too many mismatches |	0.43%
                 % of reads unmapped: too short |	73.14%
                     % of reads unmapped: other |	0.00%
                                  CHIMERIC READS:
                       Number of chimeric reads |	7
                            % of chimeric reads |	0.00%
