                                 Started job on |	May 07 20:32:17
                             Started mapping on |	May 07 20:32:18
                                    Finished on |	May 07 20:34:38
       Mapping speed, Million of reads per hour |	9.08

                          Number of input reads |	353248
                      Average input read length |	202
                                    UNIQUE READS:
                   Uniquely mapped reads number |	92126
                        Uniquely mapped reads % |	26.08%
                          Average mapped length |	194.82
                       Number of splices: Total |	267769
            Number of splices: Annotated (sjdb) |	266340
                       Number of splices: GT/AG |	267543
                       Number of splices: GC/AG |	226
                       Number of splices: AT/AC |	0
               Number of splices: Non-canonical |	0
                      Mismatch rate per base, % |	0.74%
                         Deletion rate per base |	0.31%
                        Deletion average length |	1.00
                        Insertion rate per base |	0.09%
                       Insertion average length |	11.29
                             MULTI-MAPPING READS:
        Number of reads mapped to multiple loci |	232
             % of reads mapped to multiple loci |	0.07%
        Number of reads mapped to too many loci |	18
             % of reads mapped to too many loci |	0.01%
                                  UNMAPPED READS:
       % of reads unmapped: too many mismatches |	0.45%
                 % of reads unmapped: too short |	73.40%
                     % of reads unmapped: other |	0.00%
                                  CHIMERIC READS:
                       Number of chimeric reads |	16
                            % of chimeric reads |	0.00%
