                                 Started job on |	May 10 19:12:53
                             Started mapping on |	May 10 19:12:54
                                    Finished on |	May 10 19:14:55
       Mapping speed, Million of reads per hour |	10.36

                          Number of input reads |	348116
                      Average input read length |	202
                                    UNIQUE READS:
                   Uniquely mapped reads number |	96551
                        Uniquely mapped reads % |	27.74%
                          Average mapped length |	196.21
                       Number of splices: Total |	208768
            Number of splices: Annotated (sjdb) |	206451
                       Number of splices: GT/AG |	208608
                       Number of splices: GC/AG |	160
                       Number of splices: AT/AC |	0
               Number of splices: Non-canonical |	0
                      Mismatch rate per base, % |	0.72%
                         Deletion rate per base |	0.36%
                        Deletion average length |	1.00
                        Insertion rate per base |	0.00%
                       Insertion average length |	1.19
                             MULTI-MAPPING READS:
        Number of reads mapped to multiple loci |	119
             % of reads mapped to multiple loci |	0.03%
        Number of reads mapped to too many loci |	16
             % of reads mapped to too many loci |	0.00%
                                  UNMAPPED READS:
       % of reads unmapped: too many mismatches |	0.50%
                 % of reads unmapped: too short |	71.73%
                     % of reads unmapped: other |	0.00%
                                  CHIMERIC READS:
                       Number of chimeric reads |	15
                            % of chimeric reads |	0.00%
