                                 Started job on |	May 10 02:46:59
                             Started mapping on |	May 10 02:47:00
                                    Finished on |	May 10 02:49:39
       Mapping speed, Million of reads per hour |	7.66

                          Number of input reads |	338428
                      Average input read length |	202
                                    UNIQUE READS:
                   Uniquely mapped reads number |	93979
                        Uniquely mapped reads % |	27.77%
                          Average mapped length |	194.57
                       Number of splices: Total |	267951
            Number of splices: Annotated (sjdb) |	266518
                       Number of splices: GT/AG |	267714
                       Number of splices: GC/AG |	237
                       Number of splices: AT/AC |	0
               Number of splices: Non-canonical |	0
                      Mismatch rate per base, % |	0.77%
                         Deletion rate per base |	0.31%
                        Deletion average length |	1.00
                        Insertion rate per base |	0.08%
                       Insertion average length |	11.09
                             MULTI-MAPPING READS:
        Number of reads mapped to multiple loci |	191
             % of reads mapped to multiple loci |	0.06%
        Number of reads mapped to too many loci |	19
             % of reads mapped to too many loci |	0.01%
                                  UNMAPPED READS:
       % of reads unmapped: too many mismatches |	0.55%
                 % of reads unmapped: too short |	71.61%
                     % of reads unmapped: other |	0.00%
                                  CHIMERIC READS:
                       Number of chimeric reads |	16
                            % of chimeric reads |	0.00%
