                                 Started job on |	May 05 08:15:31
                             Started mapping on |	May 05 08:15:33
                                    Finished on |	May 05 08:17:32
       Mapping speed, Million of reads per hour |	8.33

                          Number of input reads |	275292
                      Average input read length |	202
                                    UNIQUE READS:
                   Uniquely mapped reads number |	40810
                        Uniquely mapped reads % |	14.82%
                          Average mapped length |	196.68
                       Number of splices: Total |	89567
            Number of splices: Annotated (sjdb) |	88592
                       Number of splices: GT/AG |	89538
                       Number of splices: GC/AG |	29
                       Number of splices: AT/AC |	0
               Number of splices: Non-canonical |	0
                      Mismatch rate per base, % |	0.70%
                         Deletion rate per base |	0.37%
                        Deletion average length |	1.00
                        Insertion rate per base |	0.00%
                       Insertion average length |	1.07
                             MULTI-MAPPING READS:
        Number of reads mapped to multiple loci |	53
             % of reads mapped to multiple loci |	0.02%
        Number of reads mapped to too many loci |	14
             % of reads mapped to too many loci |	0.01%
                                  UNMAPPED READS:
       % of reads unmapped: too many mismatches |	0.25%
                 % of reads unmapped: too short |	84.90%
                     % of reads unmapped: other |	0.00%
                                  CHIMERIC READS:
                       Number of chimeric reads |	3
                            % of chimeric reads |	0.00%
