                                 Started job on |	May 10 08:38:32
                             Started mapping on |	May 10 08:38:33
                                    Finished on |	May 10 08:41:29
       Mapping speed, Million of reads per hour |	8.00

                          Number of input reads |	391106
                      Average input read length |	202
                                    UNIQUE READS:
                   Uniquely mapped reads number |	107331
                        Uniquely mapped reads % |	27.44%
                          Average mapped length |	194.80
                       Number of splices: Total |	304049
            Number of splices: Annotated (sjdb) |	302198
                       Number of splices: GT/AG |	303802
                       Number of splices: GC/AG |	247
                       Number of splices: AT/AC |	0
               Number of splices: Non-canonical |	0
                      Mismatch rate per base, % |	0.75%
                         Deletion rate per base |	0.31%
                        Deletion average length |	1.01
                        Insertion rate per base |	0.07%
                       Insertion average length |	11.12
                             MULTI-MAPPING READS:
        Number of reads mapped to multiple loci |	230
             % of reads mapped to multiple loci |	0.06%
        Number of reads mapped to too many loci |	16
             % of reads mapped to too many loci |	0.00%
                                  UNMAPPED READS:
       % of reads unmapped: too many mismatches |	0.52%
                 % of reads unmapped: too short |	71.97%
                     % of reads unmapped: other |	0.00%
                                  CHIMERIC READS:
                       Number of chimeric reads |	30
                            % of chimeric reads |	0.01%
