                                 Started job on |	May 09 04:10:38
                             Started mapping on |	May 09 04:10:39
                                    Finished on |	May 09 04:15:24
       Mapping speed, Million of reads per hour |	2.64

                          Number of input reads |	208963
                      Average input read length |	202
                                    UNIQUE READS:
                   Uniquely mapped reads number |	42331
                        Uniquely mapped reads % |	20.26%
                          Average mapped length |	194.82
                       Number of splices: Total |	122073
            Number of splices: Annotated (sjdb) |	121431
                       Number of splices: GT/AG |	122004
                       Number of splices: GC/AG |	69
                       Number of splices: AT/AC |	0
               Number of splices: Non-canonical |	0
                      Mismatch rate per base, % |	0.70%
                         Deletion rate per base |	0.32%
                        Deletion average length |	1.00
                        Insertion rate per base |	0.08%
                       Insertion average length |	11.36
                             MULTI-MAPPING READS:
        Number of reads mapped to multiple loci |	70
             % of reads mapped to multiple loci |	0.03%
        Number of reads mapped to too many loci |	7
             % of reads mapped to too many loci |	0.00%
                                  UNMAPPED READS:
       % of reads unmapped: too many mismatches |	0.36%
                 % of reads unmapped: too short |	79.35%
                     % of reads unmapped: other |	0.00%
                                  CHIMERIC READS:
                       Number of chimeric reads |	5
                            % of chimeric reads |	0.00%
