                                 Started job on |	May 08 11:11:43
                             Started mapping on |	May 08 11:11:45
                                    Finished on |	May 08 11:15:08
       Mapping speed, Million of reads per hour |	3.69

                          Number of input reads |	208326
                      Average input read length |	202
                                    UNIQUE READS:
                   Uniquely mapped reads number |	43062
                        Uniquely mapped reads % |	20.67%
                          Average mapped length |	195.26
                       Number of splices: Total |	117933
            Number of splices: Annotated (sjdb) |	117330
                       Number of splices: GT/AG |	117845
                       Number of splices: GC/AG |	88
                       Number of splices: AT/AC |	0
               Number of splices: Non-canonical |	0
                      Mismatch rate per base, % |	0.76%
                         Deletion rate per base |	0.33%
                        Deletion average length |	1.00
                        Insertion rate per base |	0.04%
                       Insertion average length |	10.71
                             MULTI-MAPPING READS:
        Number of reads mapped to multiple loci |	86
             % of reads mapped to multiple loci |	0.04%
        Number of reads mapped to too many loci |	8
             % of reads mapped to too many loci |	0.00%
                                  UNMAPPED READS:
       % of reads unmapped: too many mismatches |	0.39%
                 % of reads unmapped: too short |	78.90%
                     % of reads unmapped: other |	0.00%
                                  CHIMERIC READS:
                       Number of chimeric reads |	5
                            % of chimeric reads |	0.00%
