                                 Started job on |	May 08 08:34:19
                             Started mapping on |	May 08 08:34:21
                                    Finished on |	May 08 08:36:28
       Mapping speed, Million of reads per hour |	7.80

                          Number of input reads |	275146
                      Average input read length |	202
                                    UNIQUE READS:
                   Uniquely mapped reads number |	61346
                        Uniquely mapped reads % |	22.30%
                          Average mapped length |	194.87
                       Number of splices: Total |	180684
            Number of splices: Annotated (sjdb) |	179582
                       Number of splices: GT/AG |	180513
                       Number of splices: GC/AG |	171
                       Number of splices: AT/AC |	0
               Number of splices: Non-canonical |	0
                      Mismatch rate per base, % |	0.75%
                         Deletion rate per base |	0.32%
                        Deletion average length |	1.00
                        Insertion rate per base |	0.07%
                       Insertion average length |	11.27
                             MULTI-MAPPING READS:
        Number of reads mapped to multiple loci |	154
             % of reads mapped to multiple loci |	0.06%
        Number of reads mapped to too many loci |	7
             % of reads mapped to too many loci |	0.00%
                                  UNMAPPED READS:
       % of reads unmapped: too many mismatches |	0.41%
                 % of reads unmapped: too short |	77.24%
                     % of reads unmapped: other |	0.00%
                                  CHIMERIC READS:
                       Number of chimeric reads |	10
                            % of chimeric reads |	0.00%
