                                 Started job on |	May 06 07:03:36
                             Started mapping on |	May 06 07:03:41
                                    Finished on |	May 06 07:05:50
       Mapping speed, Million of reads per hour |	4.70

                          Number of input reads |	168550
                      Average input read length |	202
                                    UNIQUE READS:
                   Uniquely mapped reads number |	50275
                        Uniquely mapped reads % |	29.83%
                          Average mapped length |	195.75
                       Number of splices: Total |	108058
            Number of splices: Annotated (sjdb) |	106848
                       Number of splices: GT/AG |	107999
                       Number of splices: GC/AG |	59
                       Number of splices: AT/AC |	0
               Number of splices: Non-canonical |	0
                      Mismatch rate per base, % |	0.74%
                         Deletion rate per base |	0.34%
                        Deletion average length |	1.00
                        Insertion rate per base |	0.00%
                       Insertion average length |	1.29
                             MULTI-MAPPING READS:
        Number of reads mapped to multiple loci |	91
             % of reads mapped to multiple loci |	0.05%
        Number of reads mapped to too many loci |	12
             % of reads mapped to too many loci |	0.01%
                                  UNMAPPED READS:
       % of reads unmapped: too many mismatches |	0.51%
                 % of reads unmapped: too short |	69.60%
                     % of reads unmapped: other |	0.00%
                                  CHIMERIC READS:
                       Number of chimeric reads |	1
                            % of chimeric reads |	0.00%
