                                 Started job on |	May 08 15:03:20
                             Started mapping on |	May 08 15:03:21
                                    Finished on |	May 08 15:05:51
       Mapping speed, Million of reads per hour |	7.16

                          Number of input reads |	298455
                      Average input read length |	202
                                    UNIQUE READS:
                   Uniquely mapped reads number |	72356
                        Uniquely mapped reads % |	24.24%
                          Average mapped length |	195.07
                       Number of splices: Total |	208255
            Number of splices: Annotated (sjdb) |	206994
                       Number of splices: GT/AG |	208120
                       Number of splices: GC/AG |	135
                       Number of splices: AT/AC |	0
               Number of splices: Non-canonical |	0
                      Mismatch rate per base, % |	0.69%
                         Deletion rate per base |	0.32%
                        Deletion average length |	1.00
                        Insertion rate per base |	0.08%
                       Insertion average length |	11.19
                             MULTI-MAPPING READS:
        Number of reads mapped to multiple loci |	161
             % of reads mapped to multiple loci |	0.05%
        Number of reads mapped to too many loci |	14
             % of reads mapped to too many loci |	0.00%
                                  UNMAPPED READS:
       % of reads unmapped: too many mismatches |	0.41%
                 % of reads unmapped: too short |	75.29%
                     % of reads unmapped: other |	0.00%
                                  CHIMERIC READS:
                       Number of chimeric reads |	19
                            % of chimeric reads |	0.01%
