                                 Started job on |	May 10 20:13:48
                             Started mapping on |	May 10 20:13:50
                                    Finished on |	May 10 20:16:00
       Mapping speed, Million of reads per hour |	6.82

                          Number of input reads |	246317
                      Average input read length |	202
                                    UNIQUE READS:
                   Uniquely mapped reads number |	53692
                        Uniquely mapped reads % |	21.80%
                          Average mapped length |	196.52
                       Number of splices: Total |	114787
            Number of splices: Annotated (sjdb) |	113729
                       Number of splices: GT/AG |	114713
                       Number of splices: GC/AG |	74
                       Number of splices: AT/AC |	0
               Number of splices: Non-canonical |	0
                      Mismatch rate per base, % |	0.71%
                         Deletion rate per base |	0.36%
                        Deletion average length |	1.00
                        Insertion rate per base |	0.00%
                       Insertion average length |	1.09
                             MULTI-MAPPING READS:
        Number of reads mapped to multiple loci |	47
             % of reads mapped to multiple loci |	0.02%
        Number of reads mapped to too many loci |	7
             % of reads mapped to too many loci |	0.00%
                                  UNMAPPED READS:
       % of reads unmapped: too many mismatches |	0.37%
                 % of reads unmapped: too short |	77.81%
                     % of reads unmapped: other |	0.00%
                                  CHIMERIC READS:
                       Number of chimeric reads |	5
                            % of chimeric reads |	0.00%
