                                 Started job on |	May 11 11:13:54
                             Started mapping on |	May 11 11:13:55
                                    Finished on |	May 11 11:16:50
       Mapping speed, Million of reads per hour |	4.26

                          Number of input reads |	206857
                      Average input read length |	202
                                    UNIQUE READS:
                   Uniquely mapped reads number |	36770
                        Uniquely mapped reads % |	17.78%
                          Average mapped length |	196.45
                       Number of splices: Total |	78862
            Number of splices: Annotated (sjdb) |	78110
                       Number of splices: GT/AG |	78780
                       Number of splices: GC/AG |	82
                       Number of splices: AT/AC |	0
               Number of splices: Non-canonical |	0
                      Mismatch rate per base, % |	0.70%
                         Deletion rate per base |	0.36%
                        Deletion average length |	1.00
                        Insertion rate per base |	0.00%
                       Insertion average length |	1.31
                             MULTI-MAPPING READS:
        Number of reads mapped to multiple loci |	56
             % of reads mapped to multiple loci |	0.03%
        Number of reads mapped to too many loci |	8
             % of reads mapped to too many loci |	0.00%
                                  UNMAPPED READS:
       % of reads unmapped: too many mismatches |	0.29%
                 % of reads unmapped: too short |	81.90%
                     % of reads unmapped: other |	0.00%
                                  CHIMERIC READS:
                       Number of chimeric reads |	1
                            % of chimeric reads |	0.00%
