                                 Started job on |	May 09 14:49:24
                             Started mapping on |	May 09 14:49:25
                                    Finished on |	May 09 14:52:48
       Mapping speed, Million of reads per hour |	4.51

                          Number of input reads |	254460
                      Average input read length |	202
                                    UNIQUE READS:
                   Uniquely mapped reads number |	70276
                        Uniquely mapped reads % |	27.62%
                          Average mapped length |	195.01
                       Number of splices: Total |	204151
            Number of splices: Annotated (sjdb) |	203036
                       Number of splices: GT/AG |	203979
                       Number of splices: GC/AG |	172
                       Number of splices: AT/AC |	0
               Number of splices: Non-canonical |	0
                      Mismatch rate per base, % |	0.69%
                         Deletion rate per base |	0.31%
                        Deletion average length |	1.00
                        Insertion rate per base |	0.09%
                       Insertion average length |	11.18
                             MULTI-MAPPING READS:
        Number of reads mapped to multiple loci |	170
             % of reads mapped to multiple loci |	0.07%
        Number of reads mapped to too many loci |	6
             % of reads mapped to too many loci |	0.00%
                                  UNMAPPED READS:
       % of reads unmapped: too many mismatches |	0.45%
                 % of reads unmapped: too short |	71.87%
                     % of reads unmapped: other |	0.00%
                                  CHIMERIC READS:
                       Number of chimeric reads |	14
                            % of chimeric reads |	0.01%
