                                 Started job on |	May 06 07:31:58
                             Started mapping on |	May 06 07:32:00
                                    Finished on |	May 06 07:34:25
       Mapping speed, Million of reads per hour |	6.80

                          Number of input reads |	274008
                      Average input read length |	202
                                    UNIQUE READS:
                   Uniquely mapped reads number |	72721
                        Uniquely mapped reads % |	26.54%
                          Average mapped length |	195.99
                       Number of splices: Total |	155460
            Number of splices: Annotated (sjdb) |	153699
                       Number of splices: GT/AG |	155377
                       Number of splices: GC/AG |	83
                       Number of splices: AT/AC |	0
               Number of splices: Non-canonical |	0
                      Mismatch rate per base, % |	0.75%
                         Deletion rate per base |	0.34%
                        Deletion average length |	1.00
                        Insertion rate per base |	0.00%
                       Insertion average length |	1.19
                             MULTI-MAPPING READS:
        Number of reads mapped to multiple loci |	91
             % of reads mapped to multiple loci |	0.03%
        Number of reads mapped to too many loci |	10
             % of reads mapped to too many loci |	0.00%
                                  UNMAPPED READS:
       % of reads unmapped: too many mismatches |	0.47%
                 % of reads unmapped: too short |	72.96%
                     % of reads unmapped: other |	0.00%
                                  CHIMERIC READS:
                       Number of chimeric reads |	8
                            % of chimeric reads |	0.00%
