                                 Started job on |	May 11 09:05:55
                             Started mapping on |	May 11 09:05:56
                                    Finished on |	May 11 09:07:48
       Mapping speed, Million of reads per hour |	8.29

                          Number of input reads |	257821
                      Average input read length |	202
                                    UNIQUE READS:
                   Uniquely mapped reads number |	64991
                        Uniquely mapped reads % |	25.21%
                          Average mapped length |	196.67
                       Number of splices: Total |	140431
            Number of splices: Annotated (sjdb) |	138972
                       Number of splices: GT/AG |	140359
                       Number of splices: GC/AG |	72
                       Number of splices: AT/AC |	0
               Number of splices: Non-canonical |	0
                      Mismatch rate per base, % |	0.69%
                         Deletion rate per base |	0.36%
                        Deletion average length |	1.00
                        Insertion rate per base |	0.00%
                       Insertion average length |	1.18
                             MULTI-MAPPING READS:
        Number of reads mapped to multiple loci |	74
             % of reads mapped to multiple loci |	0.03%
        Number of reads mapped to too many loci |	16
             % of reads mapped to too many loci |	0.01%
                                  UNMAPPED READS:
       % of reads unmapped: too many mismatches |	0.43%
                 % of reads unmapped: too short |	74.33%
                     % of reads unmapped: other |	0.00%
                                  CHIMERIC READS:
                       Number of chimeric reads |	4
                            % of chimeric reads |	0.00%
