                                 Started job on |	May 06 08:49:59
                             Started mapping on |	May 06 08:50:04
                                    Finished on |	May 06 08:52:48
       Mapping speed, Million of reads per hour |	5.30

                          Number of input reads |	241604
                      Average input read length |	202
                                    UNIQUE READS:
                   Uniquely mapped reads number |	59265
                        Uniquely mapped reads % |	24.53%
                          Average mapped length |	196.11
                       Number of splices: Total |	127675
            Number of splices: Annotated (sjdb) |	126389
                       Number of splices: GT/AG |	127621
                       Number of splices: GC/AG |	54
                       Number of splices: AT/AC |	0
               Number of splices: Non-canonical |	0
                      Mismatch rate per base, % |	0.74%
                         Deletion rate per base |	0.35%
                        Deletion average length |	1.00
                        Insertion rate per base |	0.00%
                       Insertion average length |	1.41
                             MULTI-MAPPING READS:
        Number of reads mapped to multiple loci |	78
             % of reads mapped to multiple loci |	0.03%
        Number of reads mapped to too many loci |	10
             % of reads mapped to too many loci |	0.00%
                                  UNMAPPED READS:
       % of reads unmapped: too many mismatches |	0.41%
                 % of reads unmapped: too short |	75.03%
                     % of reads unmapped: other |	0.00%
                                  CHIMERIC READS:
                       Number of chimeric reads |	6
                            % of chimeric reads |	0.00%
