                                 Started job on |	May 10 00:19:50
                             Started mapping on |	May 10 00:19:51
                                    Finished on |	May 10 00:22:35
       Mapping speed, Million of reads per hour |	6.12

                          Number of input reads |	278787
                      Average input read length |	202
                                    UNIQUE READS:
                   Uniquely mapped reads number |	68866
                        Uniquely mapped reads % |	24.70%
                          Average mapped length |	195.12
                       Number of splices: Total |	210337
            Number of splices: Annotated (sjdb) |	209500
                       Number of splices: GT/AG |	210260
                       Number of splices: GC/AG |	77
                       Number of splices: AT/AC |	0
               Number of splices: Non-canonical |	0
                      Mismatch rate per base, % |	0.74%
                         Deletion rate per base |	0.32%
                        Deletion average length |	1.00
                        Insertion rate per base |	0.08%
                       Insertion average length |	11.18
                             MULTI-MAPPING READS:
        Number of reads mapped to multiple loci |	142
             % of reads mapped to multiple loci |	0.05%
        Number of reads mapped to too many loci |	6
             % of reads mapped to too many loci |	0.00%
                                  UNMAPPED READS:
       % of reads unmapped: too many mismatches |	0.44%
                 % of reads unmapped: too short |	74.80%
                     % of reads unmapped: other |	0.00%
                                  CHIMERIC READS:
                       Number of chimeric reads |	9
                            % of chimeric reads |	0.00%
