                                 Started job on |	May 11 05:20:46
                             Started mapping on |	May 11 05:20:47
                                    Finished on |	May 11 05:22:31
       Mapping speed, Million of reads per hour |	7.54

                          Number of input reads |	217755
                      Average input read length |	202
                                    UNIQUE READS:
                   Uniquely mapped reads number |	56375
                        Uniquely mapped reads % |	25.89%
                          Average mapped length |	196.33
                       Number of splices: Total |	120210
            Number of splices: Annotated (sjdb) |	118863
                       Number of splices: GT/AG |	120126
                       Number of splices: GC/AG |	84
                       Number of splices: AT/AC |	0
               Number of splices: Non-canonical |	0
                      Mismatch rate per base, % |	0.72%
                         Deletion rate per base |	0.36%
                        Deletion average length |	1.00
                        Insertion rate per base |	0.00%
                       Insertion average length |	1.06
                             MULTI-MAPPING READS:
        Number of reads mapped to multiple loci |	63
             % of reads mapped to multiple loci |	0.03%
        Number of reads mapped to too many loci |	16
             % of reads mapped to too many loci |	0.01%
                                  UNMAPPED READS:
       % of reads unmapped: too many mismatches |	0.48%
                 % of reads unmapped: too short |	73.59%
                     % of reads unmapped: other |	0.00%
                                  CHIMERIC READS:
                       Number of chimeric reads |	2
                            % of chimeric reads |	0.00%
