                                 Started job on |	May 08 07:10:54
                             Started mapping on |	May 08 07:10:55
                                    Finished on |	May 08 07:12:49
       Mapping speed, Million of reads per hour |	7.05

                          Number of input reads |	223240
                      Average input read length |	202
                                    UNIQUE READS:
                   Uniquely mapped reads number |	71069
                        Uniquely mapped reads % |	31.84%
                          Average mapped length |	194.93
                       Number of splices: Total |	202193
            Number of splices: Annotated (sjdb) |	201012
                       Number of splices: GT/AG |	202047
                       Number of splices: GC/AG |	146
                       Number of splices: AT/AC |	0
               Number of splices: Non-canonical |	0
                      Mismatch rate per base, % |	0.70%
                         Deletion rate per base |	0.31%
                        Deletion average length |	1.00
                        Insertion rate per base |	0.08%
                       Insertion average length |	11.08
                             MULTI-MAPPING READS:
        Number of reads mapped to multiple loci |	148
             % of reads mapped to multiple loci |	0.07%
        Number of reads mapped to too many loci |	3
             % of reads mapped to too many loci |	0.00%
                                  UNMAPPED READS:
       % of reads unmapped: too many mismatches |	0.55%
                 % of reads unmapped: too short |	67.55%
                     % of reads unmapped: other |	0.00%
                                  CHIMERIC READS:
                       Number of chimeric reads |	21
                            % of chimeric reads |	0.01%
