                                 Started job on |	May 06 09:37:39
                             Started mapping on |	May 06 09:37:41
                                    Finished on |	May 06 09:39:35
       Mapping speed, Million of reads per hour |	7.36

                          Number of input reads |	233034
                      Average input read length |	202
                                    UNIQUE READS:
                   Uniquely mapped reads number |	52187
                        Uniquely mapped reads % |	22.39%
                          Average mapped length |	195.94
                       Number of splices: Total |	111480
            Number of splices: Annotated (sjdb) |	110316
                       Number of splices: GT/AG |	111414
                       Number of splices: GC/AG |	66
                       Number of splices: AT/AC |	0
               Number of splices: Non-canonical |	0
                      Mismatch rate per base, % |	0.74%
                         Deletion rate per base |	0.35%
                        Deletion average length |	1.00
                        Insertion rate per base |	0.00%
                       Insertion average length |	1.12
                             MULTI-MAPPING READS:
        Number of reads mapped to multiple loci |	75
             % of reads mapped to multiple loci |	0.03%
        Number of reads mapped to too many loci |	9
             % of reads mapped to too many loci |	0.00%
                                  UNMAPPED READS:
       % of reads unmapped: too many mismatches |	0.39%
                 % of reads unmapped: too short |	77.18%
                     % of reads unmapped: other |	0.00%
                                  CHIMERIC READS:
                       Number of chimeric reads |	4
                            % of chimeric reads |	0.00%
