                                 Started job on |	May 09 16:33:36
                             Started mapping on |	May 09 16:33:37
                                    Finished on |	May 09 16:36:16
       Mapping speed, Million of reads per hour |	4.63

                          Number of input reads |	204462
                      Average input read length |	202
                                    UNIQUE READS:
                   Uniquely mapped reads number |	54599
                        Uniquely mapped reads % |	26.70%
                          Average mapped length |	195.01
                       Number of splices: Total |	158942
            Number of splices: Annotated (sjdb) |	158061
                       Number of splices: GT/AG |	158806
                       Number of splices: GC/AG |	136
                       Number of splices: AT/AC |	0
               Number of splices: Non-canonical |	0
                      Mismatch rate per base, % |	0.72%
                         Deletion rate per base |	0.32%
                        Deletion average length |	1.00
                        Insertion rate per base |	0.10%
                       Insertion average length |	11.43
                             MULTI-MAPPING READS:
        Number of reads mapped to multiple loci |	139
             % of reads mapped to multiple loci |	0.07%
        Number of reads mapped to too many loci |	5
             % of reads mapped to too many loci |	0.00%
                                  UNMAPPED READS:
       % of reads unmapped: too many mismatches |	0.47%
                 % of reads unmapped: too short |	72.75%
                     % of reads unmapped: other |	0.00%
                                  CHIMERIC READS:
                       Number of chimeric reads |	7
                            % of chimeric reads |	0.00%
