                                 Started job on |	May 06 09:12:51
                             Started mapping on |	May 06 09:12:53
                                    Finished on |	May 06 09:14:55
       Mapping speed, Million of reads per hour |	6.10

                          Number of input reads |	206800
                      Average input read length |	202
                                    UNIQUE READS:
                   Uniquely mapped reads number |	51220
                        Uniquely mapped reads % |	24.77%
                          Average mapped length |	196.05
                       Number of splices: Total |	110207
            Number of splices: Annotated (sjdb) |	109012
                       Number of splices: GT/AG |	110159
                       Number of splices: GC/AG |	48
                       Number of splices: AT/AC |	0
               Number of splices: Non-canonical |	0
                      Mismatch rate per base, % |	0.74%
                         Deletion rate per base |	0.35%
                        Deletion average length |	1.00
                        Insertion rate per base |	0.00%
                       Insertion average length |	1.23
                             MULTI-MAPPING READS:
        Number of reads mapped to multiple loci |	68
             % of reads mapped to multiple loci |	0.03%
        Number of reads mapped to too many loci |	6
             % of reads mapped to too many loci |	0.00%
                                  UNMAPPED READS:
       % of reads unmapped: too many mismatches |	0.43%
                 % of reads unmapped: too short |	74.77%
                     % of reads unmapped: other |	0.00%
                                  CHIMERIC READS:
                       Number of chimeric reads |	5
                            % of chimeric reads |	0.00%
