                                 Started job on |	May 05 11:28:11
                             Started mapping on |	May 05 11:28:12
                                    Finished on |	May 05 11:30:05
       Mapping speed, Million of reads per hour |	8.75

                          Number of input reads |	274629
                      Average input read length |	202
                                    UNIQUE READS:
                   Uniquely mapped reads number |	61248
                        Uniquely mapped reads % |	22.30%
                          Average mapped length |	196.02
                       Number of splices: Total |	129998
            Number of splices: Annotated (sjdb) |	128460
                       Number of splices: GT/AG |	129969
                       Number of splices: GC/AG |	29
                       Number of splices: AT/AC |	0
               Number of splices: Non-canonical |	0
                      Mismatch rate per base, % |	0.74%
                         Deletion rate per base |	0.35%
                        Deletion average length |	1.00
                        Insertion rate per base |	0.00%
                       Insertion average length |	1.03
                             MULTI-MAPPING READS:
        Number of reads mapped to multiple loci |	97
             % of reads mapped to multiple loci |	0.04%
        Number of reads mapped to too many loci |	9
             % of reads mapped to too many loci |	0.00%
                                  UNMAPPED READS:
       % of reads unmapped: too many mismatches |	0.39%
                 % of reads unmapped: too short |	77.27%
                     % of reads unmapped: other |	0.00%
                                  CHIMERIC READS:
                       Number of chimeric reads |	4
                            % of chimeric reads |	0.00%
