                                 Started job on |	May 09 14:21:56
                             Started mapping on |	May 09 14:21:58
                                    Finished on |	May 09 14:25:52
       Mapping speed, Million of reads per hour |	4.55

                          Number of input reads |	295686
                      Average input read length |	202
                                    UNIQUE READS:
                   Uniquely mapped reads number |	94118
                        Uniquely mapped reads % |	31.83%
                          Average mapped length |	194.70
                       Number of splices: Total |	272298
            Number of splices: Annotated (sjdb) |	270863
                       Number of splices: GT/AG |	272066
                       Number of splices: GC/AG |	232
                       Number of splices: AT/AC |	0
               Number of splices: Non-canonical |	0
                      Mismatch rate per base, % |	0.73%
                         Deletion rate per base |	0.31%
                        Deletion average length |	1.00
                        Insertion rate per base |	0.09%
                       Insertion average length |	11.27
                             MULTI-MAPPING READS:
        Number of reads mapped to multiple loci |	249
             % of reads mapped to multiple loci |	0.08%
        Number of reads mapped to too many loci |	13
             % of reads mapped to too many loci |	0.00%
                                  UNMAPPED READS:
       % of reads unmapped: too many mismatches |	0.60%
                 % of reads unmapped: too short |	67.49%
                     % of reads unmapped: other |	0.00%
                                  CHIMERIC READS:
                       Number of chimeric reads |	21
                            % of chimeric reads |	0.01%
