                                 Started job on |	May 08 09:51:56
                             Started mapping on |	May 08 09:51:57
                                    Finished on |	May 08 09:54:39
       Mapping speed, Million of reads per hour |	4.99

                          Number of input reads |	224742
                      Average input read length |	202
                                    UNIQUE READS:
                   Uniquely mapped reads number |	73353
                        Uniquely mapped reads % |	32.64%
                          Average mapped length |	195.60
                       Number of splices: Total |	208257
            Number of splices: Annotated (sjdb) |	207181
                       Number of splices: GT/AG |	208083
                       Number of splices: GC/AG |	174
                       Number of splices: AT/AC |	0
               Number of splices: Non-canonical |	0
                      Mismatch rate per base, % |	0.71%
                         Deletion rate per base |	0.32%
                        Deletion average length |	1.00
                        Insertion rate per base |	0.09%
                       Insertion average length |	11.31
                             MULTI-MAPPING READS:
        Number of reads mapped to multiple loci |	160
             % of reads mapped to multiple loci |	0.07%
        Number of reads mapped to too many loci |	5
             % of reads mapped to too many loci |	0.00%
                                  UNMAPPED READS:
       % of reads unmapped: too many mismatches |	0.53%
                 % of reads unmapped: too short |	66.76%
                     % of reads unmapped: other |	0.00%
                                  CHIMERIC READS:
                       Number of chimeric reads |	6
                            % of chimeric reads |	0.00%
