                                 Started job on |	May 05 09:33:49
                             Started mapping on |	May 05 09:33:50
                                    Finished on |	May 05 09:35:48
       Mapping speed, Million of reads per hour |	5.33

                          Number of input reads |	174677
                      Average input read length |	202
                                    UNIQUE READS:
                   Uniquely mapped reads number |	25336
                        Uniquely mapped reads % |	14.50%
                          Average mapped length |	196.85
                       Number of splices: Total |	55937
            Number of splices: Annotated (sjdb) |	55343
                       Number of splices: GT/AG |	55903
                       Number of splices: GC/AG |	34
                       Number of splices: AT/AC |	0
               Number of splices: Non-canonical |	0
                      Mismatch rate per base, % |	0.67%
                         Deletion rate per base |	0.37%
                        Deletion average length |	1.00
                        Insertion rate per base |	0.00%
                       Insertion average length |	1.50
                             MULTI-MAPPING READS:
        Number of reads mapped to multiple loci |	20
             % of reads mapped to multiple loci |	0.01%
        Number of reads mapped to too many loci |	4
             % of reads mapped to too many loci |	0.00%
                                  UNMAPPED READS:
       % of reads unmapped: too many mismatches |	0.21%
                 % of reads unmapped: too short |	85.27%
                     % of reads unmapped: other |	0.00%
                                  CHIMERIC READS:
                       Number of chimeric reads |	1
                            % of chimeric reads |	0.00%
