                                 Started job on |	May 10 21:34:08
                             Started mapping on |	May 10 21:34:09
                                    Finished on |	May 10 21:37:09
       Mapping speed, Million of reads per hour |	6.72

                          Number of input reads |	336195
                      Average input read length |	202
                                    UNIQUE READS:
                   Uniquely mapped reads number |	71085
                        Uniquely mapped reads % |	21.14%
                          Average mapped length |	196.48
                       Number of splices: Total |	153510
            Number of splices: Annotated (sjdb) |	152137
                       Number of splices: GT/AG |	153431
                       Number of splices: GC/AG |	79
                       Number of splices: AT/AC |	0
               Number of splices: Non-canonical |	0
                      Mismatch rate per base, % |	0.68%
                         Deletion rate per base |	0.36%
                        Deletion average length |	1.00
                        Insertion rate per base |	0.00%
                       Insertion average length |	1.15
                             MULTI-MAPPING READS:
        Number of reads mapped to multiple loci |	83
             % of reads mapped to multiple loci |	0.02%
        Number of reads mapped to too many loci |	11
             % of reads mapped to too many loci |	0.00%
                                  UNMAPPED READS:
       % of reads unmapped: too many mismatches |	0.33%
                 % of reads unmapped: too short |	78.50%
                     % of reads unmapped: other |	0.00%
                                  CHIMERIC READS:
                       Number of chimeric reads |	5
                            % of chimeric reads |	0.00%
