                                 Started job on |	May 04 21:26:32
                             Started mapping on |	May 04 21:26:33
                                    Finished on |	May 04 21:29:09
       Mapping speed, Million of reads per hour |	6.40

                          Number of input reads |	277132
                      Average input read length |	202
                                    UNIQUE READS:
                   Uniquely mapped reads number |	74264
                        Uniquely mapped reads % |	26.80%
                          Average mapped length |	196.38
                       Number of splices: Total |	160321
            Number of splices: Annotated (sjdb) |	158441
                       Number of splices: GT/AG |	160211
                       Number of splices: GC/AG |	110
                       Number of splices: AT/AC |	0
               Number of splices: Non-canonical |	0
                      Mismatch rate per base, % |	0.68%
                         Deletion rate per base |	0.36%
                        Deletion average length |	1.00
                        Insertion rate per base |	0.00%
                       Insertion average length |	1.03
                             MULTI-MAPPING READS:
        Number of reads mapped to multiple loci |	85
             % of reads mapped to multiple loci |	0.03%
        Number of reads mapped to too many loci |	7
             % of reads mapped to too many loci |	0.00%
                                  UNMAPPED READS:
       % of reads unmapped: too many mismatches |	0.37%
                 % of reads unmapped: too short |	72.80%
                     % of reads unmapped: other |	0.00%
                                  CHIMERIC READS:
                       Number of chimeric reads |	8
                            % of chimeric reads |	0.00%
