                                 Started job on |	May 07 19:30:43
                             Started mapping on |	May 07 19:30:44
                                    Finished on |	May 07 19:33:14
       Mapping speed, Million of reads per hour |	6.66

                          Number of input reads |	277676
                      Average input read length |	202
                                    UNIQUE READS:
                   Uniquely mapped reads number |	63269
                        Uniquely mapped reads % |	22.79%
                          Average mapped length |	194.84
                       Number of splices: Total |	187021
            Number of splices: Annotated (sjdb) |	186051
                       Number of splices: GT/AG |	186876
                       Number of splices: GC/AG |	145
                       Number of splices: AT/AC |	0
               Number of splices: Non-canonical |	0
                      Mismatch rate per base, % |	0.74%
                         Deletion rate per base |	0.32%
                        Deletion average length |	1.01
                        Insertion rate per base |	0.08%
                       Insertion average length |	11.20
                             MULTI-MAPPING READS:
        Number of reads mapped to multiple loci |	139
             % of reads mapped to multiple loci |	0.05%
        Number of reads mapped to too many loci |	8
             % of reads mapped to too many loci |	0.00%
                                  UNMAPPED READS:
       % of reads unmapped: too many mismatches |	0.42%
                 % of reads unmapped: too short |	76.75%
                     % of reads unmapped: other |	0.00%
                                  CHIMERIC READS:
                       Number of chimeric reads |	15
                            % of chimeric reads |	0.01%
