                                 Started job on |	May 06 13:42:40
                             Started mapping on |	May 06 13:42:41
                                    Finished on |	May 06 13:44:42
       Mapping speed, Million of reads per hour |	9.28

                          Number of input reads |	311997
                      Average input read length |	202
                                    UNIQUE READS:
                   Uniquely mapped reads number |	72486
                        Uniquely mapped reads % |	23.23%
                          Average mapped length |	196.10
                       Number of splices: Total |	157292
            Number of splices: Annotated (sjdb) |	155591
                       Number of splices: GT/AG |	157233
                       Number of splices: GC/AG |	59
                       Number of splices: AT/AC |	0
               Number of splices: Non-canonical |	0
                      Mismatch rate per base, % |	0.83%
                         Deletion rate per base |	0.37%
                        Deletion average length |	1.00
                        Insertion rate per base |	0.00%
                       Insertion average length |	1.13
                             MULTI-MAPPING READS:
        Number of reads mapped to multiple loci |	90
             % of reads mapped to multiple loci |	0.03%
        Number of reads mapped to too many loci |	22
             % of reads mapped to too many loci |	0.01%
                                  UNMAPPED READS:
       % of reads unmapped: too many mismatches |	0.61%
                 % of reads unmapped: too short |	76.12%
                     % of reads unmapped: other |	0.00%
                                  CHIMERIC READS:
                       Number of chimeric reads |	2
                            % of chimeric reads |	0.00%
