                                 Started job on |	May 04 22:42:59
                             Started mapping on |	May 04 22:43:00
                                    Finished on |	May 04 22:45:42
       Mapping speed, Million of reads per hour |	6.92

                          Number of input reads |	311542
                      Average input read length |	202
                                    UNIQUE READS:
                   Uniquely mapped reads number |	90690
                        Uniquely mapped reads % |	29.11%
                          Average mapped length |	196.29
                       Number of splices: Total |	196566
            Number of splices: Annotated (sjdb) |	194134
                       Number of splices: GT/AG |	196428
                       Number of splices: GC/AG |	138
                       Number of splices: AT/AC |	0
               Number of splices: Non-canonical |	0
                      Mismatch rate per base, % |	0.68%
                         Deletion rate per base |	0.36%
                        Deletion average length |	1.00
                        Insertion rate per base |	0.00%
                       Insertion average length |	1.35
                             MULTI-MAPPING READS:
        Number of reads mapped to multiple loci |	103
             % of reads mapped to multiple loci |	0.03%
        Number of reads mapped to too many loci |	14
             % of reads mapped to too many loci |	0.00%
                                  UNMAPPED READS:
       % of reads unmapped: too many mismatches |	0.39%
                 % of reads unmapped: too short |	70.46%
                     % of reads unmapped: other |	0.00%
                                  CHIMERIC READS:
                       Number of chimeric reads |	10
                            % of chimeric reads |	0.00%
