                                 Started job on |	May 04 21:37:50
                             Started mapping on |	May 04 21:37:52
                                    Finished on |	May 04 21:40:27
       Mapping speed, Million of reads per hour |	7.68

                          Number of input reads |	330684
                      Average input read length |	202
                                    UNIQUE READS:
                   Uniquely mapped reads number |	28080
                        Uniquely mapped reads % |	8.49%
                          Average mapped length |	196.05
                       Number of splices: Total |	58922
            Number of splices: Annotated (sjdb) |	58081
                       Number of splices: GT/AG |	58921
                       Number of splices: GC/AG |	1
                       Number of splices: AT/AC |	0
               Number of splices: Non-canonical |	0
                      Mismatch rate per base, % |	0.68%
                         Deletion rate per base |	0.36%
                        Deletion average length |	1.00
                        Insertion rate per base |	0.00%
                       Insertion average length |	1.00
                             MULTI-MAPPING READS:
        Number of reads mapped to multiple loci |	25
             % of reads mapped to multiple loci |	0.01%
        Number of reads mapped to too many loci |	0
             % of reads mapped to too many loci |	0.00%
                                  UNMAPPED READS:
       % of reads unmapped: too many mismatches |	0.12%
                 % of reads unmapped: too short |	91.38%
                     % of reads unmapped: other |	0.00%
                                  CHIMERIC READS:
                       Number of chimeric reads |	2
                            % of chimeric reads |	0.00%
