                                 Started job on |	May 07 19:50:54
                             Started mapping on |	May 07 19:50:56
                                    Finished on |	May 07 19:53:32
       Mapping speed, Million of reads per hour |	9.75

                          Number of input reads |	422570
                      Average input read length |	202
                                    UNIQUE READS:
                   Uniquely mapped reads number |	100395
                        Uniquely mapped reads % |	23.76%
                          Average mapped length |	194.91
                       Number of splices: Total |	293369
            Number of splices: Annotated (sjdb) |	291873
                       Number of splices: GT/AG |	293175
                       Number of splices: GC/AG |	194
                       Number of splices: AT/AC |	0
               Number of splices: Non-canonical |	0
                      Mismatch rate per base, % |	0.74%
                         Deletion rate per base |	0.32%
                        Deletion average length |	1.00
                        Insertion rate per base |	0.09%
                       Insertion average length |	11.31
                             MULTI-MAPPING READS:
        Number of reads mapped to multiple loci |	255
             % of reads mapped to multiple loci |	0.06%
        Number of reads mapped to too many loci |	19
             % of reads mapped to too many loci |	0.00%
                                  UNMAPPED READS:
       % of reads unmapped: too many mismatches |	0.43%
                 % of reads unmapped: too short |	75.75%
                     % of reads unmapped: other |	0.00%
                                  CHIMERIC READS:
                       Number of chimeric reads |	22
                            % of chimeric reads |	0.01%
