                                 Started job on |	May 07 19:33:15
                             Started mapping on |	May 07 19:33:17
                                    Finished on |	May 07 19:35:43
       Mapping speed, Million of reads per hour |	7.89

                          Number of input reads |	320048
                      Average input read length |	202
                                    UNIQUE READS:
                   Uniquely mapped reads number |	89520
                        Uniquely mapped reads % |	27.97%
                          Average mapped length |	194.91
                       Number of splices: Total |	257352
            Number of splices: Annotated (sjdb) |	255880
                       Number of splices: GT/AG |	257216
                       Number of splices: GC/AG |	136
                       Number of splices: AT/AC |	0
               Number of splices: Non-canonical |	0
                      Mismatch rate per base, % |	0.74%
                         Deletion rate per base |	0.32%
                        Deletion average length |	1.00
                        Insertion rate per base |	0.08%
                       Insertion average length |	11.31
                             MULTI-MAPPING READS:
        Number of reads mapped to multiple loci |	214
             % of reads mapped to multiple loci |	0.07%
        Number of reads mapped to too many loci |	17
             % of reads mapped to too many loci |	0.01%
                                  UNMAPPED READS:
       % of reads unmapped: too many mismatches |	0.47%
                 % of reads unmapped: too short |	71.48%
                     % of reads unmapped: other |	0.00%
                                  CHIMERIC READS:
                       Number of chimeric reads |	16
                            % of chimeric reads |	0.00%
