                                 Started job on |	May 04 21:22:11
                             Started mapping on |	May 04 21:22:13
                                    Finished on |	May 04 21:24:25
       Mapping speed, Million of reads per hour |	5.45

                          Number of input reads |	199949
                      Average input read length |	202
                                    UNIQUE READS:
                   Uniquely mapped reads number |	30518
                        Uniquely mapped reads % |	15.26%
                          Average mapped length |	196.39
                       Number of splices: Total |	64170
            Number of splices: Annotated (sjdb) |	63418
                       Number of splices: GT/AG |	64158
                       Number of splices: GC/AG |	12
                       Number of splices: AT/AC |	0
               Number of splices: Non-canonical |	0
                      Mismatch rate per base, % |	0.65%
                         Deletion rate per base |	0.38%
                        Deletion average length |	1.00
                        Insertion rate per base |	0.00%
                       Insertion average length |	1.00
                             MULTI-MAPPING READS:
        Number of reads mapped to multiple loci |	30
             % of reads mapped to multiple loci |	0.02%
        Number of reads mapped to too many loci |	1
             % of reads mapped to too many loci |	0.00%
                                  UNMAPPED READS:
       % of reads unmapped: too many mismatches |	0.23%
                 % of reads unmapped: too short |	84.49%
                     % of reads unmapped: other |	0.00%
                                  CHIMERIC READS:
                       Number of chimeric reads |	4
                            % of chimeric reads |	0.00%
