                                 Started job on |	May 11 19:23:15
                             Started mapping on |	May 11 19:23:16
                                    Finished on |	May 11 19:26:21
       Mapping speed, Million of reads per hour |	3.09

                          Number of input reads |	158594
                      Average input read length |	202
                                    UNIQUE READS:
                   Uniquely mapped reads number |	42549
                        Uniquely mapped reads % |	26.83%
                          Average mapped length |	196.60
                       Number of splices: Total |	92148
            Number of splices: Annotated (sjdb) |	91151
                       Number of splices: GT/AG |	92059
                       Number of splices: GC/AG |	89
                       Number of splices: AT/AC |	0
               Number of splices: Non-canonical |	0
                      Mismatch rate per base, % |	0.73%
                         Deletion rate per base |	0.37%
                        Deletion average length |	1.00
                        Insertion rate per base |	0.00%
                       Insertion average length |	1.14
                             MULTI-MAPPING READS:
        Number of reads mapped to multiple loci |	54
             % of reads mapped to multiple loci |	0.03%
        Number of reads mapped to too many loci |	5
             % of reads mapped to too many loci |	0.00%
                                  UNMAPPED READS:
       % of reads unmapped: too many mismatches |	0.51%
                 % of reads unmapped: too short |	72.62%
                     % of reads unmapped: other |	0.00%
                                  CHIMERIC READS:
                       Number of chimeric reads |	2
                            % of chimeric reads |	0.00%
