                                 Started job on |	May 08 11:15:09
                             Started mapping on |	May 08 11:15:10
                                    Finished on |	May 08 11:18:32
       Mapping speed, Million of reads per hour |	3.95

                          Number of input reads |	221705
                      Average input read length |	202
                                    UNIQUE READS:
                   Uniquely mapped reads number |	55273
                        Uniquely mapped reads % |	24.93%
                          Average mapped length |	195.18
                       Number of splices: Total |	156862
            Number of splices: Annotated (sjdb) |	155922
                       Number of splices: GT/AG |	156688
                       Number of splices: GC/AG |	174
                       Number of splices: AT/AC |	0
               Number of splices: Non-canonical |	0
                      Mismatch rate per base, % |	0.74%
                         Deletion rate per base |	0.32%
                        Deletion average length |	1.00
                        Insertion rate per base |	0.06%
                       Insertion average length |	10.97
                             MULTI-MAPPING READS:
        Number of reads mapped to multiple loci |	120
             % of reads mapped to multiple loci |	0.05%
        Number of reads mapped to too many loci |	7
             % of reads mapped to too many loci |	0.00%
                                  UNMAPPED READS:
       % of reads unmapped: too many mismatches |	0.41%
                 % of reads unmapped: too short |	74.60%
                     % of reads unmapped: other |	0.00%
                                  CHIMERIC READS:
                       Number of chimeric reads |	19
                            % of chimeric reads |	0.01%
