                                 Started job on |	May 10 23:24:52
                             Started mapping on |	May 10 23:24:54
                                    Finished on |	May 10 23:27:18
       Mapping speed, Million of reads per hour |	3.95

                          Number of input reads |	157826
                      Average input read length |	202
                                    UNIQUE READS:
                   Uniquely mapped reads number |	23003
                        Uniquely mapped reads % |	14.57%
                          Average mapped length |	196.50
                       Number of splices: Total |	49900
            Number of splices: Annotated (sjdb) |	49418
                       Number of splices: GT/AG |	49866
                       Number of splices: GC/AG |	34
                       Number of splices: AT/AC |	0
               Number of splices: Non-canonical |	0
                      Mismatch rate per base, % |	0.69%
                         Deletion rate per base |	0.36%
                        Deletion average length |	1.00
                        Insertion rate per base |	0.00%
                       Insertion average length |	1.12
                             MULTI-MAPPING READS:
        Number of reads mapped to multiple loci |	38
             % of reads mapped to multiple loci |	0.02%
        Number of reads mapped to too many loci |	2
             % of reads mapped to too many loci |	0.00%
                                  UNMAPPED READS:
       % of reads unmapped: too many mismatches |	0.25%
                 % of reads unmapped: too short |	85.15%
                     % of reads unmapped: other |	0.00%
                                  CHIMERIC READS:
                       Number of chimeric reads |	1
                            % of chimeric reads |	0.00%
