                                 Started job on |	May 05 17:32:22
                             Started mapping on |	May 05 17:32:24
                                    Finished on |	May 05 17:34:19
       Mapping speed, Million of reads per hour |	6.14

                          Number of input reads |	196192
                      Average input read length |	202
                                    UNIQUE READS:
                   Uniquely mapped reads number |	36276
                        Uniquely mapped reads % |	18.49%
                          Average mapped length |	196.38
                       Number of splices: Total |	78402
            Number of splices: Annotated (sjdb) |	77583
                       Number of splices: GT/AG |	78380
                       Number of splices: GC/AG |	22
                       Number of splices: AT/AC |	0
               Number of splices: Non-canonical |	0
                      Mismatch rate per base, % |	0.76%
                         Deletion rate per base |	0.36%
                        Deletion average length |	1.00
                        Insertion rate per base |	0.00%
                       Insertion average length |	1.12
                             MULTI-MAPPING READS:
        Number of reads mapped to multiple loci |	60
             % of reads mapped to multiple loci |	0.03%
        Number of reads mapped to too many loci |	6
             % of reads mapped to too many loci |	0.00%
                                  UNMAPPED READS:
       % of reads unmapped: too many mismatches |	0.35%
                 % of reads unmapped: too short |	81.13%
                     % of reads unmapped: other |	0.00%
                                  CHIMERIC READS:
                       Number of chimeric reads |	0
                            % of chimeric reads |	0.00%
