                                 Started job on |	May 11 07:13:04
                             Started mapping on |	May 11 07:13:05
                                    Finished on |	May 11 07:15:14
       Mapping speed, Million of reads per hour |	6.73

                          Number of input reads |	241040
                      Average input read length |	202
                                    UNIQUE READS:
                   Uniquely mapped reads number |	65892
                        Uniquely mapped reads % |	27.34%
                          Average mapped length |	196.48
                       Number of splices: Total |	142111
            Number of splices: Annotated (sjdb) |	140477
                       Number of splices: GT/AG |	142018
                       Number of splices: GC/AG |	93
                       Number of splices: AT/AC |	0
               Number of splices: Non-canonical |	0
                      Mismatch rate per base, % |	0.72%
                         Deletion rate per base |	0.36%
                        Deletion average length |	1.00
                        Insertion rate per base |	0.00%
                       Insertion average length |	1.15
                             MULTI-MAPPING READS:
        Number of reads mapped to multiple loci |	88
             % of reads mapped to multiple loci |	0.04%
        Number of reads mapped to too many loci |	12
             % of reads mapped to too many loci |	0.00%
                                  UNMAPPED READS:
       % of reads unmapped: too many mismatches |	0.46%
                 % of reads unmapped: too short |	72.16%
                     % of reads unmapped: other |	0.00%
                                  CHIMERIC READS:
                       Number of chimeric reads |	4
                            % of chimeric reads |	0.00%
