                                 Started job on |	May 11 07:30:56
                             Started mapping on |	May 11 07:30:58
                                    Finished on |	May 11 07:32:33
       Mapping speed, Million of reads per hour |	11.01

                          Number of input reads |	290537
                      Average input read length |	202
                                    UNIQUE READS:
                   Uniquely mapped reads number |	88299
                        Uniquely mapped reads % |	30.39%
                          Average mapped length |	196.18
                       Number of splices: Total |	190117
            Number of splices: Annotated (sjdb) |	187846
                       Number of splices: GT/AG |	189982
                       Number of splices: GC/AG |	135
                       Number of splices: AT/AC |	0
               Number of splices: Non-canonical |	0
                      Mismatch rate per base, % |	0.73%
                         Deletion rate per base |	0.36%
                        Deletion average length |	1.00
                        Insertion rate per base |	0.00%
                       Insertion average length |	1.10
                             MULTI-MAPPING READS:
        Number of reads mapped to multiple loci |	140
             % of reads mapped to multiple loci |	0.05%
        Number of reads mapped to too many loci |	17
             % of reads mapped to too many loci |	0.01%
                                  UNMAPPED READS:
       % of reads unmapped: too many mismatches |	0.58%
                 % of reads unmapped: too short |	68.97%
                     % of reads unmapped: other |	0.00%
                                  CHIMERIC READS:
                       Number of chimeric reads |	7
                            % of chimeric reads |	0.00%
