                                 Started job on |	May 09 08:30:32
                             Started mapping on |	May 09 08:30:33
                                    Finished on |	May 09 08:33:17
       Mapping speed, Million of reads per hour |	4.07

                          Number of input reads |	185345
                      Average input read length |	202
                                    UNIQUE READS:
                   Uniquely mapped reads number |	43393
                        Uniquely mapped reads % |	23.41%
                          Average mapped length |	194.68
                       Number of splices: Total |	125235
            Number of splices: Annotated (sjdb) |	124521
                       Number of splices: GT/AG |	125124
                       Number of splices: GC/AG |	111
                       Number of splices: AT/AC |	0
               Number of splices: Non-canonical |	0
                      Mismatch rate per base, % |	0.75%
                         Deletion rate per base |	0.31%
                        Deletion average length |	1.00
                        Insertion rate per base |	0.08%
                       Insertion average length |	11.29
                             MULTI-MAPPING READS:
        Number of reads mapped to multiple loci |	106
             % of reads mapped to multiple loci |	0.06%
        Number of reads mapped to too many loci |	4
             % of reads mapped to too many loci |	0.00%
                                  UNMAPPED READS:
       % of reads unmapped: too many mismatches |	0.41%
                 % of reads unmapped: too short |	76.12%
                     % of reads unmapped: other |	0.00%
                                  CHIMERIC READS:
                       Number of chimeric reads |	12
                            % of chimeric reads |	0.01%
