                                 Started job on |	May 11 13:32:55
                             Started mapping on |	May 11 13:32:56
                                    Finished on |	May 11 13:35:18
       Mapping speed, Million of reads per hour |	8.38

                          Number of input reads |	330348
                      Average input read length |	202
                                    UNIQUE READS:
                   Uniquely mapped reads number |	92901
                        Uniquely mapped reads % |	28.12%
                          Average mapped length |	196.35
                       Number of splices: Total |	199969
            Number of splices: Annotated (sjdb) |	197745
                       Number of splices: GT/AG |	199834
                       Number of splices: GC/AG |	135
                       Number of splices: AT/AC |	0
               Number of splices: Non-canonical |	0
                      Mismatch rate per base, % |	0.71%
                         Deletion rate per base |	0.36%
                        Deletion average length |	1.00
                        Insertion rate per base |	0.00%
                       Insertion average length |	1.11
                             MULTI-MAPPING READS:
        Number of reads mapped to multiple loci |	115
             % of reads mapped to multiple loci |	0.03%
        Number of reads mapped to too many loci |	13
             % of reads mapped to too many loci |	0.00%
                                  UNMAPPED READS:
       % of reads unmapped: too many mismatches |	0.47%
                 % of reads unmapped: too short |	71.36%
                     % of reads unmapped: other |	0.00%
                                  CHIMERIC READS:
                       Number of chimeric reads |	10
                            % of chimeric reads |	0.00%
