                                 Started job on |	May 09 13:51:27
                             Started mapping on |	May 09 13:51:28
                                    Finished on |	May 09 13:53:46
       Mapping speed, Million of reads per hour |	7.43

                          Number of input reads |	284997
                      Average input read length |	202
                                    UNIQUE READS:
                   Uniquely mapped reads number |	83125
                        Uniquely mapped reads % |	29.17%
                          Average mapped length |	194.82
                       Number of splices: Total |	242855
            Number of splices: Annotated (sjdb) |	241663
                       Number of splices: GT/AG |	242640
                       Number of splices: GC/AG |	215
                       Number of splices: AT/AC |	0
               Number of splices: Non-canonical |	0
                      Mismatch rate per base, % |	0.72%
                         Deletion rate per base |	0.32%
                        Deletion average length |	1.01
                        Insertion rate per base |	0.09%
                       Insertion average length |	11.32
                             MULTI-MAPPING READS:
        Number of reads mapped to multiple loci |	189
             % of reads mapped to multiple loci |	0.07%
        Number of reads mapped to too many loci |	7
             % of reads mapped to too many loci |	0.00%
                                  UNMAPPED READS:
       % of reads unmapped: too many mismatches |	0.55%
                 % of reads unmapped: too short |	70.22%
                     % of reads unmapped: other |	0.00%
                                  CHIMERIC READS:
                       Number of chimeric reads |	13
                            % of chimeric reads |	0.00%
