                                 Started job on |	May 08 18:53:26
                             Started mapping on |	May 08 18:53:27
                                    Finished on |	May 08 18:56:40
       Mapping speed, Million of reads per hour |	3.20

                          Number of input reads |	171821
                      Average input read length |	202
                                    UNIQUE READS:
                   Uniquely mapped reads number |	37046
                        Uniquely mapped reads % |	21.56%
                          Average mapped length |	195.01
                       Number of splices: Total |	108838
            Number of splices: Annotated (sjdb) |	108345
                       Number of splices: GT/AG |	108766
                       Number of splices: GC/AG |	72
                       Number of splices: AT/AC |	0
               Number of splices: Non-canonical |	0
                      Mismatch rate per base, % |	0.71%
                         Deletion rate per base |	0.32%
                        Deletion average length |	1.00
                        Insertion rate per base |	0.09%
                       Insertion average length |	11.25
                             MULTI-MAPPING READS:
        Number of reads mapped to multiple loci |	70
             % of reads mapped to multiple loci |	0.04%
        Number of reads mapped to too many loci |	9
             % of reads mapped to too many loci |	0.01%
                                  UNMAPPED READS:
       % of reads unmapped: too many mismatches |	0.42%
                 % of reads unmapped: too short |	77.97%
                     % of reads unmapped: other |	0.00%
                                  CHIMERIC READS:
                       Number of chimeric reads |	10
                            % of chimeric reads |	0.01%
