                                 Started job on |	May 10 22:19:30
                             Started mapping on |	May 10 22:19:31
                                    Finished on |	May 10 22:21:58
       Mapping speed, Million of reads per hour |	8.94

                          Number of input reads |	364887
                      Average input read length |	202
                                    UNIQUE READS:
                   Uniquely mapped reads number |	83467
                        Uniquely mapped reads % |	22.87%
                          Average mapped length |	196.47
                       Number of splices: Total |	180716
            Number of splices: Annotated (sjdb) |	178867
                       Number of splices: GT/AG |	180602
                       Number of splices: GC/AG |	114
                       Number of splices: AT/AC |	0
               Number of splices: Non-canonical |	0
                      Mismatch rate per base, % |	0.68%
                         Deletion rate per base |	0.36%
                        Deletion average length |	1.00
                        Insertion rate per base |	0.00%
                       Insertion average length |	1.16
                             MULTI-MAPPING READS:
        Number of reads mapped to multiple loci |	120
             % of reads mapped to multiple loci |	0.03%
        Number of reads mapped to too many loci |	16
             % of reads mapped to too many loci |	0.00%
                                  UNMAPPED READS:
       % of reads unmapped: too many mismatches |	0.37%
                 % of reads unmapped: too short |	76.71%
                     % of reads unmapped: other |	0.00%
                                  CHIMERIC READS:
                       Number of chimeric reads |	6
                            % of chimeric reads |	0.00%
