                                 Started job on |	May 04 20:16:37
                             Started mapping on |	May 04 20:16:38
                                    Finished on |	May 04 20:18:04
       Mapping speed, Million of reads per hour |	12.30

                          Number of input reads |	293885
                      Average input read length |	202
                                    UNIQUE READS:
                   Uniquely mapped reads number |	67855
                        Uniquely mapped reads % |	23.09%
                          Average mapped length |	196.41
                       Number of splices: Total |	145191
            Number of splices: Annotated (sjdb) |	143473
                       Number of splices: GT/AG |	145118
                       Number of splices: GC/AG |	73
                       Number of splices: AT/AC |	0
               Number of splices: Non-canonical |	0
                      Mismatch rate per base, % |	0.68%
                         Deletion rate per base |	0.37%
                        Deletion average length |	1.00
                        Insertion rate per base |	0.00%
                       Insertion average length |	1.22
                             MULTI-MAPPING READS:
        Number of reads mapped to multiple loci |	80
             % of reads mapped to multiple loci |	0.03%
        Number of reads mapped to too many loci |	15
             % of reads mapped to too many loci |	0.01%
                                  UNMAPPED READS:
       % of reads unmapped: too many mismatches |	0.34%
                 % of reads unmapped: too short |	76.54%
                     % of reads unmapped: other |	0.00%
                                  CHIMERIC READS:
                       Number of chimeric reads |	5
                            % of chimeric reads |	0.00%
