                                 Started job on |	May 10 20:20:29
                             Started mapping on |	May 10 20:20:30
                                    Finished on |	May 10 20:22:01
       Mapping speed, Million of reads per hour |	11.75

                          Number of input reads |	296944
                      Average input read length |	202
                                    UNIQUE READS:
                   Uniquely mapped reads number |	50969
                        Uniquely mapped reads % |	17.16%
                          Average mapped length |	196.51
                       Number of splices: Total |	110228
            Number of splices: Annotated (sjdb) |	109231
                       Number of splices: GT/AG |	110149
                       Number of splices: GC/AG |	79
                       Number of splices: AT/AC |	0
               Number of splices: Non-canonical |	0
                      Mismatch rate per base, % |	0.70%
                         Deletion rate per base |	0.36%
                        Deletion average length |	1.00
                        Insertion rate per base |	0.00%
                       Insertion average length |	1.02
                             MULTI-MAPPING READS:
        Number of reads mapped to multiple loci |	61
             % of reads mapped to multiple loci |	0.02%
        Number of reads mapped to too many loci |	13
             % of reads mapped to too many loci |	0.00%
                                  UNMAPPED READS:
       % of reads unmapped: too many mismatches |	0.31%
                 % of reads unmapped: too short |	82.50%
                     % of reads unmapped: other |	0.00%
                                  CHIMERIC READS:
                       Number of chimeric reads |	3
                            % of chimeric reads |	0.00%
