                                 Started job on |	May 06 18:04:34
                             Started mapping on |	May 06 18:04:35
                                    Finished on |	May 06 18:07:14
       Mapping speed, Million of reads per hour |	5.80

                          Number of input reads |	256046
                      Average input read length |	202
                                    UNIQUE READS:
                   Uniquely mapped reads number |	70862
                        Uniquely mapped reads % |	27.68%
                          Average mapped length |	195.89
                       Number of splices: Total |	153036
            Number of splices: Annotated (sjdb) |	151485
                       Number of splices: GT/AG |	152951
                       Number of splices: GC/AG |	85
                       Number of splices: AT/AC |	0
               Number of splices: Non-canonical |	0
                      Mismatch rate per base, % |	0.74%
                         Deletion rate per base |	0.34%
                        Deletion average length |	1.00
                        Insertion rate per base |	0.00%
                       Insertion average length |	1.04
                             MULTI-MAPPING READS:
        Number of reads mapped to multiple loci |	104
             % of reads mapped to multiple loci |	0.04%
        Number of reads mapped to too many loci |	14
             % of reads mapped to too many loci |	0.01%
                                  UNMAPPED READS:
       % of reads unmapped: too many mismatches |	0.45%
                 % of reads unmapped: too short |	71.83%
                     % of reads unmapped: other |	0.00%
                                  CHIMERIC READS:
                       Number of chimeric reads |	2
                            % of chimeric reads |	0.00%
