                                 Started job on |	May 09 05:18:01
                             Started mapping on |	May 09 05:18:02
                                    Finished on |	May 09 05:20:38
       Mapping speed, Million of reads per hour |	6.26

                          Number of input reads |	271355
                      Average input read length |	202
                                    UNIQUE READS:
                   Uniquely mapped reads number |	69162
                        Uniquely mapped reads % |	25.49%
                          Average mapped length |	195.41
                       Number of splices: Total |	204622
            Number of splices: Annotated (sjdb) |	203616
                       Number of splices: GT/AG |	204489
                       Number of splices: GC/AG |	133
                       Number of splices: AT/AC |	0
               Number of splices: Non-canonical |	0
                      Mismatch rate per base, % |	0.69%
                         Deletion rate per base |	0.32%
                        Deletion average length |	1.00
                        Insertion rate per base |	0.07%
                       Insertion average length |	10.94
                             MULTI-MAPPING READS:
        Number of reads mapped to multiple loci |	123
             % of reads mapped to multiple loci |	0.05%
        Number of reads mapped to too many loci |	4
             % of reads mapped to too many loci |	0.00%
                                  UNMAPPED READS:
       % of reads unmapped: too many mismatches |	0.39%
                 % of reads unmapped: too short |	74.07%
                     % of reads unmapped: other |	0.00%
                                  CHIMERIC READS:
                       Number of chimeric reads |	8
                            % of chimeric reads |	0.00%
