                                 Started job on |	May 04 20:49:56
                             Started mapping on |	May 04 20:49:57
                                    Finished on |	May 04 20:52:20
       Mapping speed, Million of reads per hour |	5.37

                          Number of input reads |	213409
                      Average input read length |	202
                                    UNIQUE READS:
                   Uniquely mapped reads number |	35172
                        Uniquely mapped reads % |	16.48%
                          Average mapped length |	196.65
                       Number of splices: Total |	74169
            Number of splices: Annotated (sjdb) |	73446
                       Number of splices: GT/AG |	74156
                       Number of splices: GC/AG |	13
                       Number of splices: AT/AC |	0
               Number of splices: Non-canonical |	0
                      Mismatch rate per base, % |	0.66%
                         Deletion rate per base |	0.38%
                        Deletion average length |	1.00
                        Insertion rate per base |	0.00%
                       Insertion average length |	1.00
                             MULTI-MAPPING READS:
        Number of reads mapped to multiple loci |	39
             % of reads mapped to multiple loci |	0.02%
        Number of reads mapped to too many loci |	3
             % of reads mapped to too many loci |	0.00%
                                  UNMAPPED READS:
       % of reads unmapped: too many mismatches |	0.25%
                 % of reads unmapped: too short |	83.25%
                     % of reads unmapped: other |	0.00%
                                  CHIMERIC READS:
                       Number of chimeric reads |	2
                            % of chimeric reads |	0.00%
