                                 Started job on |	May 07 18:54:27
                             Started mapping on |	May 07 18:54:28
                                    Finished on |	May 07 18:57:33
       Mapping speed, Million of reads per hour |	4.68

                          Number of input reads |	240386
                      Average input read length |	202
                                    UNIQUE READS:
                   Uniquely mapped reads number |	69598
                        Uniquely mapped reads % |	28.95%
                          Average mapped length |	194.60
                       Number of splices: Total |	199111
            Number of splices: Annotated (sjdb) |	198007
                       Number of splices: GT/AG |	198971
                       Number of splices: GC/AG |	140
                       Number of splices: AT/AC |	0
               Number of splices: Non-canonical |	0
                      Mismatch rate per base, % |	0.75%
                         Deletion rate per base |	0.31%
                        Deletion average length |	1.00
                        Insertion rate per base |	0.09%
                       Insertion average length |	11.34
                             MULTI-MAPPING READS:
        Number of reads mapped to multiple loci |	163
             % of reads mapped to multiple loci |	0.07%
        Number of reads mapped to too many loci |	7
             % of reads mapped to too many loci |	0.00%
                                  UNMAPPED READS:
       % of reads unmapped: too many mismatches |	0.51%
                 % of reads unmapped: too short |	70.46%
                     % of reads unmapped: other |	0.00%
                                  CHIMERIC READS:
                       Number of chimeric reads |	20
                            % of chimeric reads |	0.01%
