                                 Started job on |	May 08 08:56:30
                             Started mapping on |	May 08 08:56:31
                                    Finished on |	May 08 08:58:35
       Mapping speed, Million of reads per hour |	6.02

                          Number of input reads |	207474
                      Average input read length |	202
                                    UNIQUE READS:
                   Uniquely mapped reads number |	58889
                        Uniquely mapped reads % |	28.38%
                          Average mapped length |	195.62
                       Number of splices: Total |	174498
            Number of splices: Annotated (sjdb) |	173766
                       Number of splices: GT/AG |	174382
                       Number of splices: GC/AG |	116
                       Number of splices: AT/AC |	0
               Number of splices: Non-canonical |	0
                      Mismatch rate per base, % |	0.69%
                         Deletion rate per base |	0.32%
                        Deletion average length |	1.00
                        Insertion rate per base |	0.08%
                       Insertion average length |	11.20
                             MULTI-MAPPING READS:
        Number of reads mapped to multiple loci |	113
             % of reads mapped to multiple loci |	0.05%
        Number of reads mapped to too many loci |	2
             % of reads mapped to too many loci |	0.00%
                                  UNMAPPED READS:
       % of reads unmapped: too many mismatches |	0.46%
                 % of reads unmapped: too short |	71.10%
                     % of reads unmapped: other |	0.00%
                                  CHIMERIC READS:
                       Number of chimeric reads |	10
                            % of chimeric reads |	0.00%
