                                 Started job on |	May 11 13:12:26
                             Started mapping on |	May 11 13:12:28
                                    Finished on |	May 11 13:15:10
       Mapping speed, Million of reads per hour |	5.25

                          Number of input reads |	236088
                      Average input read length |	202
                                    UNIQUE READS:
                   Uniquely mapped reads number |	61662
                        Uniquely mapped reads % |	26.12%
                          Average mapped length |	196.48
                       Number of splices: Total |	132761
            Number of splices: Annotated (sjdb) |	131242
                       Number of splices: GT/AG |	132659
                       Number of splices: GC/AG |	102
                       Number of splices: AT/AC |	0
               Number of splices: Non-canonical |	0
                      Mismatch rate per base, % |	0.71%
                         Deletion rate per base |	0.36%
                        Deletion average length |	1.00
                        Insertion rate per base |	0.00%
                       Insertion average length |	1.17
                             MULTI-MAPPING READS:
        Number of reads mapped to multiple loci |	82
             % of reads mapped to multiple loci |	0.03%
        Number of reads mapped to too many loci |	11
             % of reads mapped to too many loci |	0.00%
                                  UNMAPPED READS:
       % of reads unmapped: too many mismatches |	0.41%
                 % of reads unmapped: too short |	73.43%
                     % of reads unmapped: other |	0.00%
                                  CHIMERIC READS:
                       Number of chimeric reads |	4
                            % of chimeric reads |	0.00%
