                                 Started job on |	May 11 13:06:37
                             Started mapping on |	May 11 13:06:39
                                    Finished on |	May 11 13:08:58
       Mapping speed, Million of reads per hour |	8.48

                          Number of input reads |	327404
                      Average input read length |	202
                                    UNIQUE READS:
                   Uniquely mapped reads number |	88972
                        Uniquely mapped reads % |	27.17%
                          Average mapped length |	196.39
                       Number of splices: Total |	191677
            Number of splices: Annotated (sjdb) |	189638
                       Number of splices: GT/AG |	191537
                       Number of splices: GC/AG |	140
                       Number of splices: AT/AC |	0
               Number of splices: Non-canonical |	0
                      Mismatch rate per base, % |	0.72%
                         Deletion rate per base |	0.36%
                        Deletion average length |	1.00
                        Insertion rate per base |	0.00%
                       Insertion average length |	1.18
                             MULTI-MAPPING READS:
        Number of reads mapped to multiple loci |	119
             % of reads mapped to multiple loci |	0.04%
        Number of reads mapped to too many loci |	18
             % of reads mapped to too many loci |	0.01%
                                  UNMAPPED READS:
       % of reads unmapped: too many mismatches |	0.47%
                 % of reads unmapped: too short |	72.31%
                     % of reads unmapped: other |	0.00%
                                  CHIMERIC READS:
                       Number of chimeric reads |	7
                            % of chimeric reads |	0.00%
