                                 Started job on |	May 09 05:54:57
                             Started mapping on |	May 09 05:54:57
                                    Finished on |	May 09 05:57:49
       Mapping speed, Million of reads per hour |	5.28

                          Number of input reads |	252462
                      Average input read length |	202
                                    UNIQUE READS:
                   Uniquely mapped reads number |	58748
                        Uniquely mapped reads % |	23.27%
                          Average mapped length |	195.20
                       Number of splices: Total |	176403
            Number of splices: Annotated (sjdb) |	175460
                       Number of splices: GT/AG |	176317
                       Number of splices: GC/AG |	86
                       Number of splices: AT/AC |	0
               Number of splices: Non-canonical |	0
                      Mismatch rate per base, % |	0.70%
                         Deletion rate per base |	0.31%
                        Deletion average length |	1.00
                        Insertion rate per base |	0.08%
                       Insertion average length |	11.24
                             MULTI-MAPPING READS:
        Number of reads mapped to multiple loci |	107
             % of reads mapped to multiple loci |	0.04%
        Number of reads mapped to too many loci |	10
             % of reads mapped to too many loci |	0.00%
                                  UNMAPPED READS:
       % of reads unmapped: too many mismatches |	0.38%
                 % of reads unmapped: too short |	76.31%
                     % of reads unmapped: other |	0.00%
                                  CHIMERIC READS:
                       Number of chimeric reads |	10
                            % of chimeric reads |	0.00%
