                                 Started job on |	May 06 09:30:39
                             Started mapping on |	May 06 09:30:41
                                    Finished on |	May 06 09:32:31
       Mapping speed, Million of reads per hour |	9.28

                          Number of input reads |	283624
                      Average input read length |	202
                                    UNIQUE READS:
                   Uniquely mapped reads number |	79731
                        Uniquely mapped reads % |	28.11%
                          Average mapped length |	195.83
                       Number of splices: Total |	172205
            Number of splices: Annotated (sjdb) |	170227
                       Number of splices: GT/AG |	172130
                       Number of splices: GC/AG |	75
                       Number of splices: AT/AC |	0
               Number of splices: Non-canonical |	0
                      Mismatch rate per base, % |	0.74%
                         Deletion rate per base |	0.34%
                        Deletion average length |	1.00
                        Insertion rate per base |	0.00%
                       Insertion average length |	1.09
                             MULTI-MAPPING READS:
        Number of reads mapped to multiple loci |	99
             % of reads mapped to multiple loci |	0.03%
        Number of reads mapped to too many loci |	15
             % of reads mapped to too many loci |	0.01%
                                  UNMAPPED READS:
       % of reads unmapped: too many mismatches |	0.51%
                 % of reads unmapped: too short |	71.34%
                     % of reads unmapped: other |	0.00%
                                  CHIMERIC READS:
                       Number of chimeric reads |	2
                            % of chimeric reads |	0.00%
