                                 Started job on |	May 06 09:55:36
                             Started mapping on |	May 06 09:55:37
                                    Finished on |	May 06 09:58:17
       Mapping speed, Million of reads per hour |	5.46

                          Number of input reads |	242583
                      Average input read length |	202
                                    UNIQUE READS:
                   Uniquely mapped reads number |	52032
                        Uniquely mapped reads % |	21.45%
                          Average mapped length |	196.08
                       Number of splices: Total |	111678
            Number of splices: Annotated (sjdb) |	110627
                       Number of splices: GT/AG |	111622
                       Number of splices: GC/AG |	56
                       Number of splices: AT/AC |	0
               Number of splices: Non-canonical |	0
                      Mismatch rate per base, % |	0.75%
                         Deletion rate per base |	0.35%
                        Deletion average length |	1.00
                        Insertion rate per base |	0.00%
                       Insertion average length |	1.13
                             MULTI-MAPPING READS:
        Number of reads mapped to multiple loci |	73
             % of reads mapped to multiple loci |	0.03%
        Number of reads mapped to too many loci |	7
             % of reads mapped to too many loci |	0.00%
                                  UNMAPPED READS:
       % of reads unmapped: too many mismatches |	0.39%
                 % of reads unmapped: too short |	78.13%
                     % of reads unmapped: other |	0.00%
                                  CHIMERIC READS:
                       Number of chimeric reads |	2
                            % of chimeric reads |	0.00%
