                                 Started job on |	May 07 20:58:14
                             Started mapping on |	May 07 20:58:15
                                    Finished on |	May 07 21:00:58
       Mapping speed, Million of reads per hour |	7.78

                          Number of input reads |	352239
                      Average input read length |	202
                                    UNIQUE READS:
                   Uniquely mapped reads number |	86553
                        Uniquely mapped reads % |	24.57%
                          Average mapped length |	195.08
                       Number of splices: Total |	249443
            Number of splices: Annotated (sjdb) |	247989
                       Number of splices: GT/AG |	249199
                       Number of splices: GC/AG |	244
                       Number of splices: AT/AC |	0
               Number of splices: Non-canonical |	0
                      Mismatch rate per base, % |	0.74%
                         Deletion rate per base |	0.32%
                        Deletion average length |	1.00
                        Insertion rate per base |	0.09%
                       Insertion average length |	11.35
                             MULTI-MAPPING READS:
        Number of reads mapped to multiple loci |	247
             % of reads mapped to multiple loci |	0.07%
        Number of reads mapped to too many loci |	13
             % of reads mapped to too many loci |	0.00%
                                  UNMAPPED READS:
       % of reads unmapped: too many mismatches |	0.44%
                 % of reads unmapped: too short |	74.91%
                     % of reads unmapped: other |	0.00%
                                  CHIMERIC READS:
                       Number of chimeric reads |	18
                            % of chimeric reads |	0.01%
