                                 Started job on |	May 04 22:37:57
                             Started mapping on |	May 04 22:37:58
                                    Finished on |	May 04 22:40:23
       Mapping speed, Million of reads per hour |	8.31

                          Number of input reads |	334741
                      Average input read length |	202
                                    UNIQUE READS:
                   Uniquely mapped reads number |	95096
                        Uniquely mapped reads % |	28.41%
                          Average mapped length |	196.38
                       Number of splices: Total |	205494
            Number of splices: Annotated (sjdb) |	203109
                       Number of splices: GT/AG |	205387
                       Number of splices: GC/AG |	107
                       Number of splices: AT/AC |	0
               Number of splices: Non-canonical |	0
                      Mismatch rate per base, % |	0.68%
                         Deletion rate per base |	0.36%
                        Deletion average length |	1.00
                        Insertion rate per base |	0.00%
                       Insertion average length |	1.18
                             MULTI-MAPPING READS:
        Number of reads mapped to multiple loci |	83
             % of reads mapped to multiple loci |	0.02%
        Number of reads mapped to too many loci |	17
             % of reads mapped to too many loci |	0.01%
                                  UNMAPPED READS:
       % of reads unmapped: too many mismatches |	0.38%
                 % of reads unmapped: too short |	71.18%
                     % of reads unmapped: other |	0.00%
                                  CHIMERIC READS:
                       Number of chimeric reads |	5
                            % of chimeric reads |	0.00%
