                                 Started job on |	May 10 21:24:33
                             Started mapping on |	May 10 21:24:34
                                    Finished on |	May 10 21:27:03
       Mapping speed, Million of reads per hour |	7.77

                          Number of input reads |	321395
                      Average input read length |	202
                                    UNIQUE READS:
                   Uniquely mapped reads number |	50700
                        Uniquely mapped reads % |	15.77%
                          Average mapped length |	196.50
                       Number of splices: Total |	110310
            Number of splices: Annotated (sjdb) |	109208
                       Number of splices: GT/AG |	110245
                       Number of splices: GC/AG |	65
                       Number of splices: AT/AC |	0
               Number of splices: Non-canonical |	0
                      Mismatch rate per base, % |	0.70%
                         Deletion rate per base |	0.36%
                        Deletion average length |	1.00
                        Insertion rate per base |	0.00%
                       Insertion average length |	1.03
                             MULTI-MAPPING READS:
        Number of reads mapped to multiple loci |	39
             % of reads mapped to multiple loci |	0.01%
        Number of reads mapped to too many loci |	12
             % of reads mapped to too many loci |	0.00%
                                  UNMAPPED READS:
       % of reads unmapped: too many mismatches |	0.27%
                 % of reads unmapped: too short |	83.94%
                     % of reads unmapped: other |	0.00%
                                  CHIMERIC READS:
                       Number of chimeric reads |	4
                            % of chimeric reads |	0.00%
