                                 Started job on |	May 10 01:15:55
                             Started mapping on |	May 10 01:15:56
                                    Finished on |	May 10 01:18:11
       Mapping speed, Million of reads per hour |	8.58

                          Number of input reads |	321590
                      Average input read length |	202
                                    UNIQUE READS:
                   Uniquely mapped reads number |	87495
                        Uniquely mapped reads % |	27.21%
                          Average mapped length |	194.73
                       Number of splices: Total |	253537
            Number of splices: Annotated (sjdb) |	252178
                       Number of splices: GT/AG |	253392
                       Number of splices: GC/AG |	145
                       Number of splices: AT/AC |	0
               Number of splices: Non-canonical |	0
                      Mismatch rate per base, % |	0.76%
                         Deletion rate per base |	0.31%
                        Deletion average length |	1.00
                        Insertion rate per base |	0.09%
                       Insertion average length |	11.27
                             MULTI-MAPPING READS:
        Number of reads mapped to multiple loci |	165
             % of reads mapped to multiple loci |	0.05%
        Number of reads mapped to too many loci |	12
             % of reads mapped to too many loci |	0.00%
                                  UNMAPPED READS:
       % of reads unmapped: too many mismatches |	0.53%
                 % of reads unmapped: too short |	72.20%
                     % of reads unmapped: other |	0.00%
                                  CHIMERIC READS:
                       Number of chimeric reads |	21
                            % of chimeric reads |	0.01%
