                                 Started job on |	May 10 23:03:51
                             Started mapping on |	May 10 23:03:52
                                    Finished on |	May 10 23:06:49
       Mapping speed, Million of reads per hour |	7.14

                          Number of input reads |	350985
                      Average input read length |	202
                                    UNIQUE READS:
                   Uniquely mapped reads number |	81733
                        Uniquely mapped reads % |	23.29%
                          Average mapped length |	196.28
                       Number of splices: Total |	177582
            Number of splices: Annotated (sjdb) |	175562
                       Number of splices: GT/AG |	177432
                       Number of splices: GC/AG |	150
                       Number of splices: AT/AC |	0
               Number of splices: Non-canonical |	0
                      Mismatch rate per base, % |	0.70%
                         Deletion rate per base |	0.35%
                        Deletion average length |	1.00
                        Insertion rate per base |	0.00%
                       Insertion average length |	1.10
                             MULTI-MAPPING READS:
        Number of reads mapped to multiple loci |	106
             % of reads mapped to multiple loci |	0.03%
        Number of reads mapped to too many loci |	17
             % of reads mapped to too many loci |	0.00%
                                  UNMAPPED READS:
       % of reads unmapped: too many mismatches |	0.40%
                 % of reads unmapped: too short |	76.28%
                     % of reads unmapped: other |	0.00%
                                  CHIMERIC READS:
                       Number of chimeric reads |	11
                            % of chimeric reads |	0.00%
