                                 Started job on |	May 11 15:36:09
                             Started mapping on |	May 11 15:36:10
                                    Finished on |	May 11 15:38:45
       Mapping speed, Million of reads per hour |	9.37

                          Number of input reads |	403534
                      Average input read length |	202
                                    UNIQUE READS:
                   Uniquely mapped reads number |	127840
                        Uniquely mapped reads % |	31.68%
                          Average mapped length |	196.15
                       Number of splices: Total |	276291
            Number of splices: Annotated (sjdb) |	273201
                       Number of splices: GT/AG |	276071
                       Number of splices: GC/AG |	220
                       Number of splices: AT/AC |	0
               Number of splices: Non-canonical |	0
                      Mismatch rate per base, % |	0.75%
                         Deletion rate per base |	0.36%
                        Deletion average length |	1.00
                        Insertion rate per base |	0.00%
                       Insertion average length |	1.12
                             MULTI-MAPPING READS:
        Number of reads mapped to multiple loci |	169
             % of reads mapped to multiple loci |	0.04%
        Number of reads mapped to too many loci |	33
             % of reads mapped to too many loci |	0.01%
                                  UNMAPPED READS:
       % of reads unmapped: too many mismatches |	0.62%
                 % of reads unmapped: too short |	67.65%
                     % of reads unmapped: other |	0.00%
                                  CHIMERIC READS:
                       Number of chimeric reads |	15
                            % of chimeric reads |	0.00%
