                                 Started job on |	May 10 01:12:55
                             Started mapping on |	May 10 01:12:56
                                    Finished on |	May 10 01:15:53
       Mapping speed, Million of reads per hour |	7.28

                          Number of input reads |	357835
                      Average input read length |	202
                                    UNIQUE READS:
                   Uniquely mapped reads number |	93478
                        Uniquely mapped reads % |	26.12%
                          Average mapped length |	195.15
                       Number of splices: Total |	273690
            Number of splices: Annotated (sjdb) |	272436
                       Number of splices: GT/AG |	273550
                       Number of splices: GC/AG |	140
                       Number of splices: AT/AC |	0
               Number of splices: Non-canonical |	0
                      Mismatch rate per base, % |	0.73%
                         Deletion rate per base |	0.32%
                        Deletion average length |	1.00
                        Insertion rate per base |	0.08%
                       Insertion average length |	11.33
                             MULTI-MAPPING READS:
        Number of reads mapped to multiple loci |	206
             % of reads mapped to multiple loci |	0.06%
        Number of reads mapped to too many loci |	6
             % of reads mapped to too many loci |	0.00%
                                  UNMAPPED READS:
       % of reads unmapped: too many mismatches |	0.51%
                 % of reads unmapped: too short |	73.31%
                     % of reads unmapped: other |	0.00%
                                  CHIMERIC READS:
                       Number of chimeric reads |	13
                            % of chimeric reads |	0.00%
