                                 Started job on |	May 06 06:58:40
                             Started mapping on |	May 06 06:58:41
                                    Finished on |	May 06 07:00:50
       Mapping speed, Million of reads per hour |	6.93

                          Number of input reads |	248496
                      Average input read length |	202
                                    UNIQUE READS:
                   Uniquely mapped reads number |	71432
                        Uniquely mapped reads % |	28.75%
                          Average mapped length |	195.61
                       Number of splices: Total |	152893
            Number of splices: Annotated (sjdb) |	151096
                       Number of splices: GT/AG |	152826
                       Number of splices: GC/AG |	67
                       Number of splices: AT/AC |	0
               Number of splices: Non-canonical |	0
                      Mismatch rate per base, % |	0.78%
                         Deletion rate per base |	0.34%
                        Deletion average length |	1.00
                        Insertion rate per base |	0.00%
                       Insertion average length |	1.05
                             MULTI-MAPPING READS:
        Number of reads mapped to multiple loci |	112
             % of reads mapped to multiple loci |	0.05%
        Number of reads mapped to too many loci |	13
             % of reads mapped to too many loci |	0.01%
                                  UNMAPPED READS:
       % of reads unmapped: too many mismatches |	0.53%
                 % of reads unmapped: too short |	70.67%
                     % of reads unmapped: other |	0.00%
                                  CHIMERIC READS:
                       Number of chimeric reads |	6
                            % of chimeric reads |	0.00%
