                                 Started job on |	May 05 14:13:40
                             Started mapping on |	May 05 14:13:41
                                    Finished on |	May 05 14:15:46
       Mapping speed, Million of reads per hour |	9.56

                          Number of input reads |	332081
                      Average input read length |	202
                                    UNIQUE READS:
                   Uniquely mapped reads number |	84353
                        Uniquely mapped reads % |	25.40%
                          Average mapped length |	195.91
                       Number of splices: Total |	183774
            Number of splices: Annotated (sjdb) |	181692
                       Number of splices: GT/AG |	183703
                       Number of splices: GC/AG |	71
                       Number of splices: AT/AC |	0
               Number of splices: Non-canonical |	0
                      Mismatch rate per base, % |	0.75%
                         Deletion rate per base |	0.35%
                        Deletion average length |	1.00
                        Insertion rate per base |	0.00%
                       Insertion average length |	1.16
                             MULTI-MAPPING READS:
        Number of reads mapped to multiple loci |	128
             % of reads mapped to multiple loci |	0.04%
        Number of reads mapped to too many loci |	16
             % of reads mapped to too many loci |	0.00%
                                  UNMAPPED READS:
       % of reads unmapped: too many mismatches |	0.44%
                 % of reads unmapped: too short |	74.11%
                     % of reads unmapped: other |	0.00%
                                  CHIMERIC READS:
                       Number of chimeric reads |	9
                            % of chimeric reads |	0.00%
