                                 Started job on |	May 11 06:30:34
                             Started mapping on |	May 11 06:30:35
                                    Finished on |	May 11 06:32:51
       Mapping speed, Million of reads per hour |	7.78

                          Number of input reads |	294010
                      Average input read length |	202
                                    UNIQUE READS:
                   Uniquely mapped reads number |	68840
                        Uniquely mapped reads % |	23.41%
                          Average mapped length |	196.55
                       Number of splices: Total |	148469
            Number of splices: Annotated (sjdb) |	146889
                       Number of splices: GT/AG |	148398
                       Number of splices: GC/AG |	71
                       Number of splices: AT/AC |	0
               Number of splices: Non-canonical |	0
                      Mismatch rate per base, % |	0.70%
                         Deletion rate per base |	0.36%
                        Deletion average length |	1.00
                        Insertion rate per base |	0.00%
                       Insertion average length |	1.24
                             MULTI-MAPPING READS:
        Number of reads mapped to multiple loci |	75
             % of reads mapped to multiple loci |	0.03%
        Number of reads mapped to too many loci |	13
             % of reads mapped to too many loci |	0.00%
                                  UNMAPPED READS:
       % of reads unmapped: too many mismatches |	0.40%
                 % of reads unmapped: too short |	76.16%
                     % of reads unmapped: other |	0.00%
                                  CHIMERIC READS:
                       Number of chimeric reads |	7
                            % of chimeric reads |	0.00%
