                                 Started job on |	May 08 14:57:50
                             Started mapping on |	May 08 14:57:51
                                    Finished on |	May 08 15:01:01
       Mapping speed, Million of reads per hour |	5.19

                          Number of input reads |	273752
                      Average input read length |	202
                                    UNIQUE READS:
                   Uniquely mapped reads number |	58060
                        Uniquely mapped reads % |	21.21%
                          Average mapped length |	195.10
                       Number of splices: Total |	170464
            Number of splices: Annotated (sjdb) |	169547
                       Number of splices: GT/AG |	170351
                       Number of splices: GC/AG |	113
                       Number of splices: AT/AC |	0
               Number of splices: Non-canonical |	0
                      Mismatch rate per base, % |	0.69%
                         Deletion rate per base |	0.32%
                        Deletion average length |	1.00
                        Insertion rate per base |	0.09%
                       Insertion average length |	11.31
                             MULTI-MAPPING READS:
        Number of reads mapped to multiple loci |	125
             % of reads mapped to multiple loci |	0.05%
        Number of reads mapped to too many loci |	12
             % of reads mapped to too many loci |	0.00%
                                  UNMAPPED READS:
       % of reads unmapped: too many mismatches |	0.35%
                 % of reads unmapped: too short |	78.39%
                     % of reads unmapped: other |	0.00%
                                  CHIMERIC READS:
                       Number of chimeric reads |	19
                            % of chimeric reads |	0.01%
