                                 Started job on |	May 09 22:37:34
                             Started mapping on |	May 09 22:37:35
                                    Finished on |	May 09 22:39:58
       Mapping speed, Million of reads per hour |	7.03

                          Number of input reads |	279394
                      Average input read length |	202
                                    UNIQUE READS:
                   Uniquely mapped reads number |	76413
                        Uniquely mapped reads % |	27.35%
                          Average mapped length |	194.86
                       Number of splices: Total |	221218
            Number of splices: Annotated (sjdb) |	219945
                       Number of splices: GT/AG |	221027
                       Number of splices: GC/AG |	191
                       Number of splices: AT/AC |	0
               Number of splices: Non-canonical |	0
                      Mismatch rate per base, % |	0.76%
                         Deletion rate per base |	0.31%
                        Deletion average length |	1.00
                        Insertion rate per base |	0.08%
                       Insertion average length |	11.25
                             MULTI-MAPPING READS:
        Number of reads mapped to multiple loci |	178
             % of reads mapped to multiple loci |	0.06%
        Number of reads mapped to too many loci |	16
             % of reads mapped to too many loci |	0.01%
                                  UNMAPPED READS:
       % of reads unmapped: too many mismatches |	0.48%
                 % of reads unmapped: too short |	72.10%
                     % of reads unmapped: other |	0.00%
                                  CHIMERIC READS:
                       Number of chimeric reads |	13
                            % of chimeric reads |	0.00%
