                                 Started job on |	May 08 09:03:05
                             Started mapping on |	May 08 09:03:07
                                    Finished on |	May 08 09:05:37
       Mapping speed, Million of reads per hour |	4.89

                          Number of input reads |	203878
                      Average input read length |	202
                                    UNIQUE READS:
                   Uniquely mapped reads number |	52913
                        Uniquely mapped reads % |	25.95%
                          Average mapped length |	195.37
                       Number of splices: Total |	152066
            Number of splices: Annotated (sjdb) |	151333
                       Number of splices: GT/AG |	151971
                       Number of splices: GC/AG |	95
                       Number of splices: AT/AC |	0
               Number of splices: Non-canonical |	0
                      Mismatch rate per base, % |	0.70%
                         Deletion rate per base |	0.32%
                        Deletion average length |	1.00
                        Insertion rate per base |	0.05%
                       Insertion average length |	10.57
                             MULTI-MAPPING READS:
        Number of reads mapped to multiple loci |	94
             % of reads mapped to multiple loci |	0.05%
        Number of reads mapped to too many loci |	2
             % of reads mapped to too many loci |	0.00%
                                  UNMAPPED READS:
       % of reads unmapped: too many mismatches |	0.47%
                 % of reads unmapped: too short |	73.53%
                     % of reads unmapped: other |	0.00%
                                  CHIMERIC READS:
                       Number of chimeric reads |	10
                            % of chimeric reads |	0.00%
