                                 Started job on |	May 10 01:59:55
                             Started mapping on |	May 10 01:59:56
                                    Finished on |	May 10 02:01:43
       Mapping speed, Million of reads per hour |	10.28

                          Number of input reads |	305667
                      Average input read length |	202
                                    UNIQUE READS:
                   Uniquely mapped reads number |	89552
                        Uniquely mapped reads % |	29.30%
                          Average mapped length |	194.67
                       Number of splices: Total |	254089
            Number of splices: Annotated (sjdb) |	252293
                       Number of splices: GT/AG |	253895
                       Number of splices: GC/AG |	194
                       Number of splices: AT/AC |	0
               Number of splices: Non-canonical |	0
                      Mismatch rate per base, % |	0.75%
                         Deletion rate per base |	0.31%
                        Deletion average length |	1.01
                        Insertion rate per base |	0.09%
                       Insertion average length |	11.34
                             MULTI-MAPPING READS:
        Number of reads mapped to multiple loci |	232
             % of reads mapped to multiple loci |	0.08%
        Number of reads mapped to too many loci |	7
             % of reads mapped to too many loci |	0.00%
                                  UNMAPPED READS:
       % of reads unmapped: too many mismatches |	0.53%
                 % of reads unmapped: too short |	70.09%
                     % of reads unmapped: other |	0.00%
                                  CHIMERIC READS:
                       Number of chimeric reads |	13
                            % of chimeric reads |	0.00%
