                                 Started job on |	May 11 05:36:09
                             Started mapping on |	May 11 05:36:10
                                    Finished on |	May 11 05:38:11
       Mapping speed, Million of reads per hour |	6.15

                          Number of input reads |	206655
                      Average input read length |	202
                                    UNIQUE READS:
                   Uniquely mapped reads number |	49653
                        Uniquely mapped reads % |	24.03%
                          Average mapped length |	196.42
                       Number of splices: Total |	106800
            Number of splices: Annotated (sjdb) |	105609
                       Number of splices: GT/AG |	106741
                       Number of splices: GC/AG |	59
                       Number of splices: AT/AC |	0
               Number of splices: Non-canonical |	0
                      Mismatch rate per base, % |	0.71%
                         Deletion rate per base |	0.36%
                        Deletion average length |	1.00
                        Insertion rate per base |	0.00%
                       Insertion average length |	1.23
                             MULTI-MAPPING READS:
        Number of reads mapped to multiple loci |	54
             % of reads mapped to multiple loci |	0.03%
        Number of reads mapped to too many loci |	4
             % of reads mapped to too many loci |	0.00%
                                  UNMAPPED READS:
       % of reads unmapped: too many mismatches |	0.44%
                 % of reads unmapped: too short |	75.51%
                     % of reads unmapped: other |	0.00%
                                  CHIMERIC READS:
                       Number of chimeric reads |	6
                            % of chimeric reads |	0.00%
