                                 Started job on |	May 11 07:55:23
                             Started mapping on |	May 11 07:55:24
                                    Finished on |	May 11 07:57:44
       Mapping speed, Million of reads per hour |	6.89

                          Number of input reads |	268138
                      Average input read length |	202
                                    UNIQUE READS:
                   Uniquely mapped reads number |	74346
                        Uniquely mapped reads % |	27.73%
                          Average mapped length |	196.31
                       Number of splices: Total |	160377
            Number of splices: Annotated (sjdb) |	158618
                       Number of splices: GT/AG |	160317
                       Number of splices: GC/AG |	60
                       Number of splices: AT/AC |	0
               Number of splices: Non-canonical |	0
                      Mismatch rate per base, % |	0.73%
                         Deletion rate per base |	0.36%
                        Deletion average length |	1.00
                        Insertion rate per base |	0.00%
                       Insertion average length |	1.31
                             MULTI-MAPPING READS:
        Number of reads mapped to multiple loci |	86
             % of reads mapped to multiple loci |	0.03%
        Number of reads mapped to too many loci |	21
             % of reads mapped to too many loci |	0.01%
                                  UNMAPPED READS:
       % of reads unmapped: too many mismatches |	0.50%
                 % of reads unmapped: too short |	71.74%
                     % of reads unmapped: other |	0.00%
                                  CHIMERIC READS:
                       Number of chimeric reads |	7
                            % of chimeric reads |	0.00%
