                                 Started job on |	May 08 09:13:43
                             Started mapping on |	May 08 09:13:44
                                    Finished on |	May 08 09:16:16
       Mapping speed, Million of reads per hour |	5.77

                          Number of input reads |	243484
                      Average input read length |	202
                                    UNIQUE READS:
                   Uniquely mapped reads number |	77844
                        Uniquely mapped reads % |	31.97%
                          Average mapped length |	194.78
                       Number of splices: Total |	224179
            Number of splices: Annotated (sjdb) |	222780
                       Number of splices: GT/AG |	224009
                       Number of splices: GC/AG |	169
                       Number of splices: AT/AC |	0
               Number of splices: Non-canonical |	1
                      Mismatch rate per base, % |	0.71%
                         Deletion rate per base |	0.31%
                        Deletion average length |	1.00
                        Insertion rate per base |	0.10%
                       Insertion average length |	11.38
                             MULTI-MAPPING READS:
        Number of reads mapped to multiple loci |	171
             % of reads mapped to multiple loci |	0.07%
        Number of reads mapped to too many loci |	8
             % of reads mapped to too many loci |	0.00%
                                  UNMAPPED READS:
       % of reads unmapped: too many mismatches |	0.57%
                 % of reads unmapped: too short |	67.38%
                     % of reads unmapped: other |	0.00%
                                  CHIMERIC READS:
                       Number of chimeric reads |	20
                            % of chimeric reads |	0.01%
