                                 Started job on |	May 06 10:00:38
                             Started mapping on |	May 06 10:00:39
                                    Finished on |	May 06 10:03:14
       Mapping speed, Million of reads per hour |	6.14

                          Number of input reads |	264213
                      Average input read length |	202
                                    UNIQUE READS:
                   Uniquely mapped reads number |	68974
                        Uniquely mapped reads % |	26.11%
                          Average mapped length |	195.85
                       Number of splices: Total |	148213
            Number of splices: Annotated (sjdb) |	146754
                       Number of splices: GT/AG |	148140
                       Number of splices: GC/AG |	73
                       Number of splices: AT/AC |	0
               Number of splices: Non-canonical |	0
                      Mismatch rate per base, % |	0.75%
                         Deletion rate per base |	0.34%
                        Deletion average length |	1.00
                        Insertion rate per base |	0.00%
                       Insertion average length |	1.06
                             MULTI-MAPPING READS:
        Number of reads mapped to multiple loci |	91
             % of reads mapped to multiple loci |	0.03%
        Number of reads mapped to too many loci |	13
             % of reads mapped to too many loci |	0.00%
                                  UNMAPPED READS:
       % of reads unmapped: too many mismatches |	0.46%
                 % of reads unmapped: too short |	73.40%
                     % of reads unmapped: other |	0.00%
                                  CHIMERIC READS:
                       Number of chimeric reads |	5
                            % of chimeric reads |	0.00%
