                                 Started job on |	May 10 21:15:00
                             Started mapping on |	May 10 21:15:01
                                    Finished on |	May 10 21:17:20
       Mapping speed, Million of reads per hour |	9.17

                          Number of input reads |	353949
                      Average input read length |	202
                                    UNIQUE READS:
                   Uniquely mapped reads number |	61594
                        Uniquely mapped reads % |	17.40%
                          Average mapped length |	196.66
                       Number of splices: Total |	133068
            Number of splices: Annotated (sjdb) |	131964
                       Number of splices: GT/AG |	133015
                       Number of splices: GC/AG |	53
                       Number of splices: AT/AC |	0
               Number of splices: Non-canonical |	0
                      Mismatch rate per base, % |	0.68%
                         Deletion rate per base |	0.36%
                        Deletion average length |	1.00
                        Insertion rate per base |	0.00%
                       Insertion average length |	1.06
                             MULTI-MAPPING READS:
        Number of reads mapped to multiple loci |	64
             % of reads mapped to multiple loci |	0.02%
        Number of reads mapped to too many loci |	5
             % of reads mapped to too many loci |	0.00%
                                  UNMAPPED READS:
       % of reads unmapped: too many mismatches |	0.32%
                 % of reads unmapped: too short |	82.26%
                     % of reads unmapped: other |	0.00%
                                  CHIMERIC READS:
                       Number of chimeric reads |	0
                            % of chimeric reads |	0.00%
