                                 Started job on |	May 06 08:42:09
                             Started mapping on |	May 06 08:42:10
                                    Finished on |	May 06 08:44:56
       Mapping speed, Million of reads per hour |	3.63

                          Number of input reads |	167264
                      Average input read length |	202
                                    UNIQUE READS:
                   Uniquely mapped reads number |	39648
                        Uniquely mapped reads % |	23.70%
                          Average mapped length |	196.12
                       Number of splices: Total |	85426
            Number of splices: Annotated (sjdb) |	84530
                       Number of splices: GT/AG |	85386
                       Number of splices: GC/AG |	40
                       Number of splices: AT/AC |	0
               Number of splices: Non-canonical |	0
                      Mismatch rate per base, % |	0.74%
                         Deletion rate per base |	0.35%
                        Deletion average length |	1.00
                        Insertion rate per base |	0.00%
                       Insertion average length |	1.00
                             MULTI-MAPPING READS:
        Number of reads mapped to multiple loci |	52
             % of reads mapped to multiple loci |	0.03%
        Number of reads mapped to too many loci |	4
             % of reads mapped to too many loci |	0.00%
                                  UNMAPPED READS:
       % of reads unmapped: too many mismatches |	0.42%
                 % of reads unmapped: too short |	75.84%
                     % of reads unmapped: other |	0.00%
                                  CHIMERIC READS:
                       Number of chimeric reads |	4
                            % of chimeric reads |	0.00%
