                                 Started job on |	May 11 10:22:26
                             Started mapping on |	May 11 10:22:27
                                    Finished on |	May 11 10:25:14
       Mapping speed, Million of reads per hour |	3.16

                          Number of input reads |	146433
                      Average input read length |	202
                                    UNIQUE READS:
                   Uniquely mapped reads number |	23069
                        Uniquely mapped reads % |	15.75%
                          Average mapped length |	196.46
                       Number of splices: Total |	50252
            Number of splices: Annotated (sjdb) |	49717
                       Number of splices: GT/AG |	50216
                       Number of splices: GC/AG |	36
                       Number of splices: AT/AC |	0
               Number of splices: Non-canonical |	0
                      Mismatch rate per base, % |	0.70%
                         Deletion rate per base |	0.36%
                        Deletion average length |	1.00
                        Insertion rate per base |	0.00%
                       Insertion average length |	1.22
                             MULTI-MAPPING READS:
        Number of reads mapped to multiple loci |	30
             % of reads mapped to multiple loci |	0.02%
        Number of reads mapped to too many loci |	2
             % of reads mapped to too many loci |	0.00%
                                  UNMAPPED READS:
       % of reads unmapped: too many mismatches |	0.27%
                 % of reads unmapped: too short |	83.95%
                     % of reads unmapped: other |	0.00%
                                  CHIMERIC READS:
                       Number of chimeric reads |	1
                            % of chimeric reads |	0.00%
