                                 Started job on |	May 08 08:45:00
                             Started mapping on |	May 08 08:45:02
                                    Finished on |	May 08 08:48:09
       Mapping speed, Million of reads per hour |	4.92

                          Number of input reads |	255482
                      Average input read length |	202
                                    UNIQUE READS:
                   Uniquely mapped reads number |	53820
                        Uniquely mapped reads % |	21.07%
                          Average mapped length |	195.08
                       Number of splices: Total |	155227
            Number of splices: Annotated (sjdb) |	154381
                       Number of splices: GT/AG |	155089
                       Number of splices: GC/AG |	138
                       Number of splices: AT/AC |	0
               Number of splices: Non-canonical |	0
                      Mismatch rate per base, % |	0.74%
                         Deletion rate per base |	0.32%
                        Deletion average length |	1.00
                        Insertion rate per base |	0.06%
                       Insertion average length |	11.08
                             MULTI-MAPPING READS:
        Number of reads mapped to multiple loci |	118
             % of reads mapped to multiple loci |	0.05%
        Number of reads mapped to too many loci |	9
             % of reads mapped to too many loci |	0.00%
                                  UNMAPPED READS:
       % of reads unmapped: too many mismatches |	0.36%
                 % of reads unmapped: too short |	78.52%
                     % of reads unmapped: other |	0.00%
                                  CHIMERIC READS:
                       Number of chimeric reads |	8
                            % of chimeric reads |	0.00%
