                                 Started job on |	May 08 08:05:42
                             Started mapping on |	May 08 08:05:43
                                    Finished on |	May 08 08:08:39
       Mapping speed, Million of reads per hour |	3.48

                          Number of input reads |	169890
                      Average input read length |	202
                                    UNIQUE READS:
                   Uniquely mapped reads number |	49334
                        Uniquely mapped reads % |	29.04%
                          Average mapped length |	195.27
                       Number of splices: Total |	146479
            Number of splices: Annotated (sjdb) |	145770
                       Number of splices: GT/AG |	146369
                       Number of splices: GC/AG |	110
                       Number of splices: AT/AC |	0
               Number of splices: Non-canonical |	0
                      Mismatch rate per base, % |	0.71%
                         Deletion rate per base |	0.32%
                        Deletion average length |	1.00
                        Insertion rate per base |	0.09%
                       Insertion average length |	11.33
                             MULTI-MAPPING READS:
        Number of reads mapped to multiple loci |	92
             % of reads mapped to multiple loci |	0.05%
        Number of reads mapped to too many loci |	0
             % of reads mapped to too many loci |	0.00%
                                  UNMAPPED READS:
       % of reads unmapped: too many mismatches |	0.46%
                 % of reads unmapped: too short |	70.45%
                     % of reads unmapped: other |	0.00%
                                  CHIMERIC READS:
                       Number of chimeric reads |	8
                            % of chimeric reads |	0.00%
