                                 Started job on |	May 09 14:12:22
                             Started mapping on |	May 09 14:12:24
                                    Finished on |	May 09 14:15:21
       Mapping speed, Million of reads per hour |	4.08

                          Number of input reads |	200754
                      Average input read length |	202
                                    UNIQUE READS:
                   Uniquely mapped reads number |	57193
                        Uniquely mapped reads % |	28.49%
                          Average mapped length |	194.91
                       Number of splices: Total |	165013
            Number of splices: Annotated (sjdb) |	164045
                       Number of splices: GT/AG |	164871
                       Number of splices: GC/AG |	142
                       Number of splices: AT/AC |	0
               Number of splices: Non-canonical |	0
                      Mismatch rate per base, % |	0.70%
                         Deletion rate per base |	0.31%
                        Deletion average length |	1.00
                        Insertion rate per base |	0.10%
                       Insertion average length |	11.43
                             MULTI-MAPPING READS:
        Number of reads mapped to multiple loci |	140
             % of reads mapped to multiple loci |	0.07%
        Number of reads mapped to too many loci |	15
             % of reads mapped to too many loci |	0.01%
                                  UNMAPPED READS:
       % of reads unmapped: too many mismatches |	0.51%
                 % of reads unmapped: too short |	70.92%
                     % of reads unmapped: other |	0.00%
                                  CHIMERIC READS:
                       Number of chimeric reads |	9
                            % of chimeric reads |	0.00%
