                                 Started job on |	May 09 07:44:19
                             Started mapping on |	May 09 07:44:20
                                    Finished on |	May 09 07:47:04
       Mapping speed, Million of reads per hour |	3.15

                          Number of input reads |	143380
                      Average input read length |	202
                                    UNIQUE READS:
                   Uniquely mapped reads number |	37635
                        Uniquely mapped reads % |	26.25%
                          Average mapped length |	194.91
                       Number of splices: Total |	107654
            Number of splices: Annotated (sjdb) |	107050
                       Number of splices: GT/AG |	107518
                       Number of splices: GC/AG |	136
                       Number of splices: AT/AC |	0
               Number of splices: Non-canonical |	0
                      Mismatch rate per base, % |	0.75%
                         Deletion rate per base |	0.31%
                        Deletion average length |	1.00
                        Insertion rate per base |	0.09%
                       Insertion average length |	11.30
                             MULTI-MAPPING READS:
        Number of reads mapped to multiple loci |	89
             % of reads mapped to multiple loci |	0.06%
        Number of reads mapped to too many loci |	6
             % of reads mapped to too many loci |	0.00%
                                  UNMAPPED READS:
       % of reads unmapped: too many mismatches |	0.49%
                 % of reads unmapped: too short |	73.20%
                     % of reads unmapped: other |	0.00%
                                  CHIMERIC READS:
                       Number of chimeric reads |	7
                            % of chimeric reads |	0.00%
