                                 Started job on |	May 07 20:14:38
                             Started mapping on |	May 07 20:14:39
                                    Finished on |	May 07 20:17:20
       Mapping speed, Million of reads per hour |	7.50

                          Number of input reads |	335295
                      Average input read length |	202
                                    UNIQUE READS:
                   Uniquely mapped reads number |	86308
                        Uniquely mapped reads % |	25.74%
                          Average mapped length |	195.11
                       Number of splices: Total |	240170
            Number of splices: Annotated (sjdb) |	238657
                       Number of splices: GT/AG |	240037
                       Number of splices: GC/AG |	133
                       Number of splices: AT/AC |	0
               Number of splices: Non-canonical |	0
                      Mismatch rate per base, % |	0.75%
                         Deletion rate per base |	0.32%
                        Deletion average length |	1.00
                        Insertion rate per base |	0.06%
                       Insertion average length |	11.02
                             MULTI-MAPPING READS:
        Number of reads mapped to multiple loci |	182
             % of reads mapped to multiple loci |	0.05%
        Number of reads mapped to too many loci |	16
             % of reads mapped to too many loci |	0.00%
                                  UNMAPPED READS:
       % of reads unmapped: too many mismatches |	0.43%
                 % of reads unmapped: too short |	73.77%
                     % of reads unmapped: other |	0.00%
                                  CHIMERIC READS:
                       Number of chimeric reads |	18
                            % of chimeric reads |	0.01%
