                                 Started job on |	May 06 09:17:45
                             Started mapping on |	May 06 09:17:46
                                    Finished on |	May 06 09:20:43
       Mapping speed, Million of reads per hour |	5.43

                          Number of input reads |	266838
                      Average input read length |	202
                                    UNIQUE READS:
                   Uniquely mapped reads number |	68190
                        Uniquely mapped reads % |	25.55%
                          Average mapped length |	195.89
                       Number of splices: Total |	147200
            Number of splices: Annotated (sjdb) |	145678
                       Number of splices: GT/AG |	147132
                       Number of splices: GC/AG |	68
                       Number of splices: AT/AC |	0
               Number of splices: Non-canonical |	0
                      Mismatch rate per base, % |	0.75%
                         Deletion rate per base |	0.35%
                        Deletion average length |	1.00
                        Insertion rate per base |	0.00%
                       Insertion average length |	1.12
                             MULTI-MAPPING READS:
        Number of reads mapped to multiple loci |	94
             % of reads mapped to multiple loci |	0.04%
        Number of reads mapped to too many loci |	8
             % of reads mapped to too many loci |	0.00%
                                  UNMAPPED READS:
       % of reads unmapped: too many mismatches |	0.45%
                 % of reads unmapped: too short |	73.96%
                     % of reads unmapped: other |	0.00%
                                  CHIMERIC READS:
                       Number of chimeric reads |	3
                            % of chimeric reads |	0.00%
