                                 Started job on |	May 11 01:36:19
                             Started mapping on |	May 11 01:36:20
                                    Finished on |	May 11 01:38:50
       Mapping speed, Million of reads per hour |	9.00

                          Number of input reads |	375144
                      Average input read length |	202
                                    UNIQUE READS:
                   Uniquely mapped reads number |	106235
                        Uniquely mapped reads % |	28.32%
                          Average mapped length |	196.15
                       Number of splices: Total |	227596
            Number of splices: Annotated (sjdb) |	224751
                       Number of splices: GT/AG |	227454
                       Number of splices: GC/AG |	142
                       Number of splices: AT/AC |	0
               Number of splices: Non-canonical |	0
                      Mismatch rate per base, % |	0.79%
                         Deletion rate per base |	0.37%
                        Deletion average length |	1.00
                        Insertion rate per base |	0.00%
                       Insertion average length |	1.01
                             MULTI-MAPPING READS:
        Number of reads mapped to multiple loci |	156
             % of reads mapped to multiple loci |	0.04%
        Number of reads mapped to too many loci |	36
             % of reads mapped to too many loci |	0.01%
                                  UNMAPPED READS:
       % of reads unmapped: too many mismatches |	0.71%
                 % of reads unmapped: too short |	70.92%
                     % of reads unmapped: other |	0.00%
                                  CHIMERIC READS:
                       Number of chimeric reads |	12
                            % of chimeric reads |	0.00%
