                                 Started job on |	May 11 06:34:36
                             Started mapping on |	May 11 06:34:37
                                    Finished on |	May 11 06:37:26
       Mapping speed, Million of reads per hour |	6.33

                          Number of input reads |	297382
                      Average input read length |	202
                                    UNIQUE READS:
                   Uniquely mapped reads number |	76574
                        Uniquely mapped reads % |	25.75%
                          Average mapped length |	196.55
                       Number of splices: Total |	165370
            Number of splices: Annotated (sjdb) |	163945
                       Number of splices: GT/AG |	165284
                       Number of splices: GC/AG |	86
                       Number of splices: AT/AC |	0
               Number of splices: Non-canonical |	0
                      Mismatch rate per base, % |	0.73%
                         Deletion rate per base |	0.36%
                        Deletion average length |	1.00
                        Insertion rate per base |	0.00%
                       Insertion average length |	1.21
                             MULTI-MAPPING READS:
        Number of reads mapped to multiple loci |	95
             % of reads mapped to multiple loci |	0.03%
        Number of reads mapped to too many loci |	7
             % of reads mapped to too many loci |	0.00%
                                  UNMAPPED READS:
       % of reads unmapped: too many mismatches |	0.48%
                 % of reads unmapped: too short |	73.74%
                     % of reads unmapped: other |	0.00%
                                  CHIMERIC READS:
                       Number of chimeric reads |	5
                            % of chimeric reads |	0.00%
