                                 Started job on |	May 11 04:29:25
                             Started mapping on |	May 11 04:29:26
                                    Finished on |	May 11 04:31:45
       Mapping speed, Million of reads per hour |	5.63

                          Number of input reads |	217259
                      Average input read length |	202
                                    UNIQUE READS:
                   Uniquely mapped reads number |	64261
                        Uniquely mapped reads % |	29.58%
                          Average mapped length |	196.33
                       Number of splices: Total |	138165
            Number of splices: Annotated (sjdb) |	136700
                       Number of splices: GT/AG |	138108
                       Number of splices: GC/AG |	57
                       Number of splices: AT/AC |	0
               Number of splices: Non-canonical |	0
                      Mismatch rate per base, % |	0.72%
                         Deletion rate per base |	0.36%
                        Deletion average length |	1.00
                        Insertion rate per base |	0.00%
                       Insertion average length |	1.11
                             MULTI-MAPPING READS:
        Number of reads mapped to multiple loci |	98
             % of reads mapped to multiple loci |	0.05%
        Number of reads mapped to too many loci |	10
             % of reads mapped to too many loci |	0.00%
                                  UNMAPPED READS:
       % of reads unmapped: too many mismatches |	0.53%
                 % of reads unmapped: too short |	69.84%
                     % of reads unmapped: other |	0.00%
                                  CHIMERIC READS:
                       Number of chimeric reads |	3
                            % of chimeric reads |	0.00%
