                                 Started job on |	May 08 05:04:14
                             Started mapping on |	May 08 05:04:15
                                    Finished on |	May 08 05:06:20
       Mapping speed, Million of reads per hour |	8.51

                          Number of input reads |	295530
                      Average input read length |	202
                                    UNIQUE READS:
                   Uniquely mapped reads number |	74054
                        Uniquely mapped reads % |	25.06%
                          Average mapped length |	195.79
                       Number of splices: Total |	225396
            Number of splices: Annotated (sjdb) |	224447
                       Number of splices: GT/AG |	225320
                       Number of splices: GC/AG |	76
                       Number of splices: AT/AC |	0
               Number of splices: Non-canonical |	0
                      Mismatch rate per base, % |	0.68%
                         Deletion rate per base |	0.33%
                        Deletion average length |	1.00
                        Insertion rate per base |	0.07%
                       Insertion average length |	11.17
                             MULTI-MAPPING READS:
        Number of reads mapped to multiple loci |	123
             % of reads mapped to multiple loci |	0.04%
        Number of reads mapped to too many loci |	5
             % of reads mapped to too many loci |	0.00%
                                  UNMAPPED READS:
       % of reads unmapped: too many mismatches |	0.40%
                 % of reads unmapped: too short |	74.50%
                     % of reads unmapped: other |	0.00%
                                  CHIMERIC READS:
                       Number of chimeric reads |	7
                            % of chimeric reads |	0.00%
