                                 Started job on |	May 05 00:47:58
                             Started mapping on |	May 05 00:48:00
                                    Finished on |	May 05 00:50:54
       Mapping speed, Million of reads per hour |	6.13

                          Number of input reads |	296129
                      Average input read length |	202
                                    UNIQUE READS:
                   Uniquely mapped reads number |	75217
                        Uniquely mapped reads % |	25.40%
                          Average mapped length |	196.36
                       Number of splices: Total |	163047
            Number of splices: Annotated (sjdb) |	161240
                       Number of splices: GT/AG |	162960
                       Number of splices: GC/AG |	87
                       Number of splices: AT/AC |	0
               Number of splices: Non-canonical |	0
                      Mismatch rate per base, % |	0.69%
                         Deletion rate per base |	0.36%
                        Deletion average length |	1.00
                        Insertion rate per base |	0.00%
                       Insertion average length |	1.26
                             MULTI-MAPPING READS:
        Number of reads mapped to multiple loci |	101
             % of reads mapped to multiple loci |	0.03%
        Number of reads mapped to too many loci |	16
             % of reads mapped to too many loci |	0.01%
                                  UNMAPPED READS:
       % of reads unmapped: too many mismatches |	0.39%
                 % of reads unmapped: too short |	74.17%
                     % of reads unmapped: other |	0.00%
                                  CHIMERIC READS:
                       Number of chimeric reads |	5
                            % of chimeric reads |	0.00%
