                                 Started job on |	May 11 19:17:27
                             Started mapping on |	May 11 19:17:28
                                    Finished on |	May 11 19:19:27
       Mapping speed, Million of reads per hour |	5.46

                          Number of input reads |	180476
                      Average input read length |	202
                                    UNIQUE READS:
                   Uniquely mapped reads number |	56214
                        Uniquely mapped reads % |	31.15%
                          Average mapped length |	196.02
                       Number of splices: Total |	120983
            Number of splices: Annotated (sjdb) |	119481
                       Number of splices: GT/AG |	120872
                       Number of splices: GC/AG |	111
                       Number of splices: AT/AC |	0
               Number of splices: Non-canonical |	0
                      Mismatch rate per base, % |	0.75%
                         Deletion rate per base |	0.35%
                        Deletion average length |	1.00
                        Insertion rate per base |	0.00%
                       Insertion average length |	1.00
                             MULTI-MAPPING READS:
        Number of reads mapped to multiple loci |	74
             % of reads mapped to multiple loci |	0.04%
        Number of reads mapped to too many loci |	10
             % of reads mapped to too many loci |	0.01%
                                  UNMAPPED READS:
       % of reads unmapped: too many mismatches |	0.64%
                 % of reads unmapped: too short |	68.16%
                     % of reads unmapped: other |	0.00%
                                  CHIMERIC READS:
                       Number of chimeric reads |	3
                            % of chimeric reads |	0.00%
