                                 Started job on |	May 11 19:26:59
                             Started mapping on |	May 11 19:27:00
                                    Finished on |	May 11 19:29:12
       Mapping speed, Million of reads per hour |	5.47

                          Number of input reads |	200570
                      Average input read length |	202
                                    UNIQUE READS:
                   Uniquely mapped reads number |	66251
                        Uniquely mapped reads % |	33.03%
                          Average mapped length |	196.07
                       Number of splices: Total |	143232
            Number of splices: Annotated (sjdb) |	141534
                       Number of splices: GT/AG |	143118
                       Number of splices: GC/AG |	114
                       Number of splices: AT/AC |	0
               Number of splices: Non-canonical |	0
                      Mismatch rate per base, % |	0.74%
                         Deletion rate per base |	0.36%
                        Deletion average length |	1.00
                        Insertion rate per base |	0.00%
                       Insertion average length |	1.25
                             MULTI-MAPPING READS:
        Number of reads mapped to multiple loci |	97
             % of reads mapped to multiple loci |	0.05%
        Number of reads mapped to too many loci |	22
             % of reads mapped to too many loci |	0.01%
                                  UNMAPPED READS:
       % of reads unmapped: too many mismatches |	0.60%
                 % of reads unmapped: too short |	66.31%
                     % of reads unmapped: other |	0.00%
                                  CHIMERIC READS:
                       Number of chimeric reads |	3
                            % of chimeric reads |	0.00%
