                                 Started job on |	May 09 22:42:35
                             Started mapping on |	May 09 22:42:45
                                    Finished on |	May 09 22:45:51
       Mapping speed, Million of reads per hour |	7.36

                          Number of input reads |	380097
                      Average input read length |	202
                                    UNIQUE READS:
                   Uniquely mapped reads number |	101943
                        Uniquely mapped reads % |	26.82%
                          Average mapped length |	194.63
                       Number of splices: Total |	293407
            Number of splices: Annotated (sjdb) |	292001
                       Number of splices: GT/AG |	293151
                       Number of splices: GC/AG |	256
                       Number of splices: AT/AC |	0
               Number of splices: Non-canonical |	0
                      Mismatch rate per base, % |	0.75%
                         Deletion rate per base |	0.31%
                        Deletion average length |	1.00
                        Insertion rate per base |	0.08%
                       Insertion average length |	11.12
                             MULTI-MAPPING READS:
        Number of reads mapped to multiple loci |	194
             % of reads mapped to multiple loci |	0.05%
        Number of reads mapped to too many loci |	8
             % of reads mapped to too many loci |	0.00%
                                  UNMAPPED READS:
       % of reads unmapped: too many mismatches |	0.49%
                 % of reads unmapped: too short |	72.63%
                     % of reads unmapped: other |	0.00%
                                  CHIMERIC READS:
                       Number of chimeric reads |	25
                            % of chimeric reads |	0.01%
