                                 Started job on |	May 08 13:05:44
                             Started mapping on |	May 08 13:05:45
                                    Finished on |	May 08 13:09:04
       Mapping speed, Million of reads per hour |	5.66

                          Number of input reads |	313103
                      Average input read length |	202
                                    UNIQUE READS:
                   Uniquely mapped reads number |	68472
                        Uniquely mapped reads % |	21.87%
                          Average mapped length |	194.94
                       Number of splices: Total |	198852
            Number of splices: Annotated (sjdb) |	197841
                       Number of splices: GT/AG |	198729
                       Number of splices: GC/AG |	123
                       Number of splices: AT/AC |	0
               Number of splices: Non-canonical |	0
                      Mismatch rate per base, % |	0.71%
                         Deletion rate per base |	0.32%
                        Deletion average length |	1.01
                        Insertion rate per base |	0.08%
                       Insertion average length |	11.17
                             MULTI-MAPPING READS:
        Number of reads mapped to multiple loci |	181
             % of reads mapped to multiple loci |	0.06%
        Number of reads mapped to too many loci |	5
             % of reads mapped to too many loci |	0.00%
                                  UNMAPPED READS:
       % of reads unmapped: too many mismatches |	0.39%
                 % of reads unmapped: too short |	77.68%
                     % of reads unmapped: other |	0.00%
                                  CHIMERIC READS:
                       Number of chimeric reads |	7
                            % of chimeric reads |	0.00%
