                                 Started job on |	May 10 05:54:30
                             Started mapping on |	May 10 05:54:32
                                    Finished on |	May 10 05:57:15
       Mapping speed, Million of reads per hour |	5.94

                          Number of input reads |	268999
                      Average input read length |	202
                                    UNIQUE READS:
                   Uniquely mapped reads number |	71623
                        Uniquely mapped reads % |	26.63%
                          Average mapped length |	196.29
                       Number of splices: Total |	154899
            Number of splices: Annotated (sjdb) |	153246
                       Number of splices: GT/AG |	154786
                       Number of splices: GC/AG |	113
                       Number of splices: AT/AC |	0
               Number of splices: Non-canonical |	0
                      Mismatch rate per base, % |	0.69%
                         Deletion rate per base |	0.36%
                        Deletion average length |	1.00
                        Insertion rate per base |	0.00%
                       Insertion average length |	1.04
                             MULTI-MAPPING READS:
        Number of reads mapped to multiple loci |	95
             % of reads mapped to multiple loci |	0.04%
        Number of reads mapped to too many loci |	20
             % of reads mapped to too many loci |	0.01%
                                  UNMAPPED READS:
       % of reads unmapped: too many mismatches |	0.44%
                 % of reads unmapped: too short |	72.89%
                     % of reads unmapped: other |	0.00%
                                  CHIMERIC READS:
                       Number of chimeric reads |	6
                            % of chimeric reads |	0.00%
