                                 Started job on |	May 07 20:45:15
                             Started mapping on |	May 07 20:45:17
                                    Finished on |	May 07 20:48:22
       Mapping speed, Million of reads per hour |	6.83

                          Number of input reads |	351177
                      Average input read length |	202
                                    UNIQUE READS:
                   Uniquely mapped reads number |	99617
                        Uniquely mapped reads % |	28.37%
                          Average mapped length |	194.72
                       Number of splices: Total |	285539
            Number of splices: Annotated (sjdb) |	284123
                       Number of splices: GT/AG |	285279
                       Number of splices: GC/AG |	260
                       Number of splices: AT/AC |	0
               Number of splices: Non-canonical |	0
                      Mismatch rate per base, % |	0.74%
                         Deletion rate per base |	0.31%
                        Deletion average length |	1.00
                        Insertion rate per base |	0.08%
                       Insertion average length |	11.22
                             MULTI-MAPPING READS:
        Number of reads mapped to multiple loci |	251
             % of reads mapped to multiple loci |	0.07%
        Number of reads mapped to too many loci |	13
             % of reads mapped to too many loci |	0.00%
                                  UNMAPPED READS:
       % of reads unmapped: too many mismatches |	0.50%
                 % of reads unmapped: too short |	71.06%
                     % of reads unmapped: other |	0.00%
                                  CHIMERIC READS:
                       Number of chimeric reads |	23
                            % of chimeric reads |	0.01%
