                                 Started job on |	May 10 23:56:52
                             Started mapping on |	May 10 23:56:53
                                    Finished on |	May 10 23:59:19
       Mapping speed, Million of reads per hour |	6.34

                          Number of input reads |	257018
                      Average input read length |	202
                                    UNIQUE READS:
                   Uniquely mapped reads number |	79899
                        Uniquely mapped reads % |	31.09%
                          Average mapped length |	196.20
                       Number of splices: Total |	173377
            Number of splices: Annotated (sjdb) |	171212
                       Number of splices: GT/AG |	173250
                       Number of splices: GC/AG |	127
                       Number of splices: AT/AC |	0
               Number of splices: Non-canonical |	0
                      Mismatch rate per base, % |	0.71%
                         Deletion rate per base |	0.36%
                        Deletion average length |	1.00
                        Insertion rate per base |	0.00%
                       Insertion average length |	1.03
                             MULTI-MAPPING READS:
        Number of reads mapped to multiple loci |	105
             % of reads mapped to multiple loci |	0.04%
        Number of reads mapped to too many loci |	11
             % of reads mapped to too many loci |	0.00%
                                  UNMAPPED READS:
       % of reads unmapped: too many mismatches |	0.52%
                 % of reads unmapped: too short |	68.34%
                     % of reads unmapped: other |	0.00%
                                  CHIMERIC READS:
                       Number of chimeric reads |	6
                            % of chimeric reads |	0.00%
