                                 Started job on |	May 06 12:20:33
                             Started mapping on |	May 06 12:20:36
                                    Finished on |	May 06 12:22:19
       Mapping speed, Million of reads per hour |	12.39

                          Number of input reads |	354389
                      Average input read length |	202
                                    UNIQUE READS:
                   Uniquely mapped reads number |	80041
                        Uniquely mapped reads % |	22.59%
                          Average mapped length |	196.32
                       Number of splices: Total |	170862
            Number of splices: Annotated (sjdb) |	168788
                       Number of splices: GT/AG |	170803
                       Number of splices: GC/AG |	59
                       Number of splices: AT/AC |	0
               Number of splices: Non-canonical |	0
                      Mismatch rate per base, % |	0.72%
                         Deletion rate per base |	0.35%
                        Deletion average length |	1.00
                        Insertion rate per base |	0.00%
                       Insertion average length |	1.19
                             MULTI-MAPPING READS:
        Number of reads mapped to multiple loci |	108
             % of reads mapped to multiple loci |	0.03%
        Number of reads mapped to too many loci |	6
             % of reads mapped to too many loci |	0.00%
                                  UNMAPPED READS:
       % of reads unmapped: too many mismatches |	0.35%
                 % of reads unmapped: too short |	77.03%
                     % of reads unmapped: other |	0.00%
                                  CHIMERIC READS:
                       Number of chimeric reads |	4
                            % of chimeric reads |	0.00%
