                                 Started job on |	May 10 01:57:15
                             Started mapping on |	May 10 01:57:16
                                    Finished on |	May 10 01:59:53
       Mapping speed, Million of reads per hour |	7.33

                          Number of input reads |	319765
                      Average input read length |	202
                                    UNIQUE READS:
                   Uniquely mapped reads number |	57955
                        Uniquely mapped reads % |	18.12%
                          Average mapped length |	195.11
                       Number of splices: Total |	144430
            Number of splices: Annotated (sjdb) |	142862
                       Number of splices: GT/AG |	144346
                       Number of splices: GC/AG |	84
                       Number of splices: AT/AC |	0
               Number of splices: Non-canonical |	0
                      Mismatch rate per base, % |	0.79%
                         Deletion rate per base |	0.34%
                        Deletion average length |	1.00
                        Insertion rate per base |	0.02%
                       Insertion average length |	10.07
                             MULTI-MAPPING READS:
        Number of reads mapped to multiple loci |	111
             % of reads mapped to multiple loci |	0.03%
        Number of reads mapped to too many loci |	15
             % of reads mapped to too many loci |	0.00%
                                  UNMAPPED READS:
       % of reads unmapped: too many mismatches |	0.38%
                 % of reads unmapped: too short |	81.46%
                     % of reads unmapped: other |	0.00%
                                  CHIMERIC READS:
                       Number of chimeric reads |	9
                            % of chimeric reads |	0.00%
