                                 Started job on |	May 05 20:37:18
                             Started mapping on |	May 05 20:37:19
                                    Finished on |	May 05 20:40:13
       Mapping speed, Million of reads per hour |	3.78

                          Number of input reads |	182542
                      Average input read length |	202
                                    UNIQUE READS:
                   Uniquely mapped reads number |	18510
                        Uniquely mapped reads % |	10.14%
                          Average mapped length |	196.79
                       Number of splices: Total |	40444
            Number of splices: Annotated (sjdb) |	40001
                       Number of splices: GT/AG |	40437
                       Number of splices: GC/AG |	7
                       Number of splices: AT/AC |	0
               Number of splices: Non-canonical |	0
                      Mismatch rate per base, % |	0.73%
                         Deletion rate per base |	0.36%
                        Deletion average length |	1.00
                        Insertion rate per base |	0.00%
                       Insertion average length |	1.00
                             MULTI-MAPPING READS:
        Number of reads mapped to multiple loci |	22
             % of reads mapped to multiple loci |	0.01%
        Number of reads mapped to too many loci |	3
             % of reads mapped to too many loci |	0.00%
                                  UNMAPPED READS:
       % of reads unmapped: too many mismatches |	0.16%
                 % of reads unmapped: too short |	89.69%
                     % of reads unmapped: other |	0.00%
                                  CHIMERIC READS:
                       Number of chimeric reads |	1
                            % of chimeric reads |	0.00%
