                                 Started job on |	May 09 19:58:28
                             Started mapping on |	May 09 19:58:29
                                    Finished on |	May 09 20:00:43
       Mapping speed, Million of reads per hour |	8.91

                          Number of input reads |	331524
                      Average input read length |	202
                                    UNIQUE READS:
                   Uniquely mapped reads number |	50835
                        Uniquely mapped reads % |	15.33%
                          Average mapped length |	195.90
                       Number of splices: Total |	133139
            Number of splices: Annotated (sjdb) |	132131
                       Number of splices: GT/AG |	133084
                       Number of splices: GC/AG |	55
                       Number of splices: AT/AC |	0
               Number of splices: Non-canonical |	0
                      Mismatch rate per base, % |	0.71%
                         Deletion rate per base |	0.35%
                        Deletion average length |	1.00
                        Insertion rate per base |	0.04%
                       Insertion average length |	9.94
                             MULTI-MAPPING READS:
        Number of reads mapped to multiple loci |	107
             % of reads mapped to multiple loci |	0.03%
        Number of reads mapped to too many loci |	10
             % of reads mapped to too many loci |	0.00%
                                  UNMAPPED READS:
       % of reads unmapped: too many mismatches |	0.25%
                 % of reads unmapped: too short |	84.39%
                     % of reads unmapped: other |	0.00%
                                  CHIMERIC READS:
                       Number of chimeric reads |	5
                            % of chimeric reads |	0.00%
