                                 Started job on |	May 11 02:55:02
                             Started mapping on |	May 11 02:55:03
                                    Finished on |	May 11 02:56:59
       Mapping speed, Million of reads per hour |	9.86

                          Number of input reads |	317786
                      Average input read length |	202
                                    UNIQUE READS:
                   Uniquely mapped reads number |	69508
                        Uniquely mapped reads % |	21.87%
                          Average mapped length |	196.87
                       Number of splices: Total |	148288
            Number of splices: Annotated (sjdb) |	146732
                       Number of splices: GT/AG |	148230
                       Number of splices: GC/AG |	58
                       Number of splices: AT/AC |	0
               Number of splices: Non-canonical |	0
                      Mismatch rate per base, % |	0.70%
                         Deletion rate per base |	0.37%
                        Deletion average length |	1.00
                        Insertion rate per base |	0.00%
                       Insertion average length |	1.09
                             MULTI-MAPPING READS:
        Number of reads mapped to multiple loci |	109
             % of reads mapped to multiple loci |	0.03%
        Number of reads mapped to too many loci |	9
             % of reads mapped to too many loci |	0.00%
                                  UNMAPPED READS:
       % of reads unmapped: too many mismatches |	0.37%
                 % of reads unmapped: too short |	77.72%
                     % of reads unmapped: other |	0.00%
                                  CHIMERIC READS:
                       Number of chimeric reads |	3
                            % of chimeric reads |	0.00%
