                                 Started job on |	May 11 05:41:04
                             Started mapping on |	May 11 05:41:05
                                    Finished on |	May 11 05:43:48
       Mapping speed, Million of reads per hour |	3.92

                          Number of input reads |	177388
                      Average input read length |	202
                                    UNIQUE READS:
                   Uniquely mapped reads number |	48193
                        Uniquely mapped reads % |	27.17%
                          Average mapped length |	196.33
                       Number of splices: Total |	104025
            Number of splices: Annotated (sjdb) |	102795
                       Number of splices: GT/AG |	103957
                       Number of splices: GC/AG |	68
                       Number of splices: AT/AC |	0
               Number of splices: Non-canonical |	0
                      Mismatch rate per base, % |	0.72%
                         Deletion rate per base |	0.36%
                        Deletion average length |	1.00
                        Insertion rate per base |	0.00%
                       Insertion average length |	1.21
                             MULTI-MAPPING READS:
        Number of reads mapped to multiple loci |	37
             % of reads mapped to multiple loci |	0.02%
        Number of reads mapped to too many loci |	8
             % of reads mapped to too many loci |	0.00%
                                  UNMAPPED READS:
       % of reads unmapped: too many mismatches |	0.45%
                 % of reads unmapped: too short |	72.36%
                     % of reads unmapped: other |	0.00%
                                  CHIMERIC READS:
                       Number of chimeric reads |	3
                            % of chimeric reads |	0.00%
