                                 Started job on |	May 10 00:51:25
                             Started mapping on |	May 10 00:51:26
                                    Finished on |	May 10 00:54:35
       Mapping speed, Million of reads per hour |	6.17

                          Number of input reads |	324032
                      Average input read length |	202
                                    UNIQUE READS:
                   Uniquely mapped reads number |	84649
                        Uniquely mapped reads % |	26.12%
                          Average mapped length |	194.61
                       Number of splices: Total |	244237
            Number of splices: Annotated (sjdb) |	242819
                       Number of splices: GT/AG |	244111
                       Number of splices: GC/AG |	126
                       Number of splices: AT/AC |	0
               Number of splices: Non-canonical |	0
                      Mismatch rate per base, % |	0.75%
                         Deletion rate per base |	0.31%
                        Deletion average length |	1.01
                        Insertion rate per base |	0.06%
                       Insertion average length |	10.96
                             MULTI-MAPPING READS:
        Number of reads mapped to multiple loci |	159
             % of reads mapped to multiple loci |	0.05%
        Number of reads mapped to too many loci |	4
             % of reads mapped to too many loci |	0.00%
                                  UNMAPPED READS:
       % of reads unmapped: too many mismatches |	0.52%
                 % of reads unmapped: too short |	73.30%
                     % of reads unmapped: other |	0.00%
                                  CHIMERIC READS:
                       Number of chimeric reads |	24
                            % of chimeric reads |	0.01%
