                                 Started job on |	May 06 13:21:28
                             Started mapping on |	May 06 13:21:29
                                    Finished on |	May 06 13:24:48
       Mapping speed, Million of reads per hour |	7.66

                          Number of input reads |	423575
                      Average input read length |	202
                                    UNIQUE READS:
                   Uniquely mapped reads number |	92366
                        Uniquely mapped reads % |	21.81%
                          Average mapped length |	196.19
                       Number of splices: Total |	198590
            Number of splices: Annotated (sjdb) |	196707
                       Number of splices: GT/AG |	198527
                       Number of splices: GC/AG |	63
                       Number of splices: AT/AC |	0
               Number of splices: Non-canonical |	0
                      Mismatch rate per base, % |	0.82%
                         Deletion rate per base |	0.37%
                        Deletion average length |	1.00
                        Insertion rate per base |	0.00%
                       Insertion average length |	1.16
                             MULTI-MAPPING READS:
        Number of reads mapped to multiple loci |	108
             % of reads mapped to multiple loci |	0.03%
        Number of reads mapped to too many loci |	12
             % of reads mapped to too many loci |	0.00%
                                  UNMAPPED READS:
       % of reads unmapped: too many mismatches |	0.56%
                 % of reads unmapped: too short |	77.61%
                     % of reads unmapped: other |	0.00%
                                  CHIMERIC READS:
                       Number of chimeric reads |	3
                            % of chimeric reads |	0.00%
