                                 Started job on |	May 10 04:14:33
                             Started mapping on |	May 10 04:14:33
                                    Finished on |	May 10 04:17:37
       Mapping speed, Million of reads per hour |	6.19

                          Number of input reads |	316343
                      Average input read length |	202
                                    UNIQUE READS:
                   Uniquely mapped reads number |	71387
                        Uniquely mapped reads % |	22.57%
                          Average mapped length |	195.27
                       Number of splices: Total |	193136
            Number of splices: Annotated (sjdb) |	191646
                       Number of splices: GT/AG |	192806
                       Number of splices: GC/AG |	330
                       Number of splices: AT/AC |	0
               Number of splices: Non-canonical |	0
                      Mismatch rate per base, % |	0.74%
                         Deletion rate per base |	0.33%
                        Deletion average length |	1.00
                        Insertion rate per base |	0.06%
                       Insertion average length |	10.75
                             MULTI-MAPPING READS:
        Number of reads mapped to multiple loci |	140
             % of reads mapped to multiple loci |	0.04%
        Number of reads mapped to too many loci |	10
             % of reads mapped to too many loci |	0.00%
                                  UNMAPPED READS:
       % of reads unmapped: too many mismatches |	0.42%
                 % of reads unmapped: too short |	76.97%
                     % of reads unmapped: other |	0.00%
                                  CHIMERIC READS:
                       Number of chimeric reads |	11
                            % of chimeric reads |	0.00%
