                                 Started job on |	May 04 09:00:00
                             Started mapping on |	May 04 09:00:02
                                    Finished on |	May 04 09:02:18
       Mapping speed, Million of reads per hour |	4.92

                          Number of input reads |	185768
                      Average input read length |	202
                                    UNIQUE READS:
                   Uniquely mapped reads number |	40291
                        Uniquely mapped reads % |	21.69%
                          Average mapped length |	196.04
                       Number of splices: Total |	84391
            Number of splices: Annotated (sjdb) |	83139
                       Number of splices: GT/AG |	84346
                       Number of splices: GC/AG |	45
                       Number of splices: AT/AC |	0
               Number of splices: Non-canonical |	0
                      Mismatch rate per base, % |	0.69%
                         Deletion rate per base |	0.35%
                        Deletion average length |	1.00
                        Insertion rate per base |	0.00%
                       Insertion average length |	1.00
                             MULTI-MAPPING READS:
        Number of reads mapped to multiple loci |	52
             % of reads mapped to multiple loci |	0.03%
        Number of reads mapped to too many loci |	4
             % of reads mapped to too many loci |	0.00%
                                  UNMAPPED READS:
       % of reads unmapped: too many mismatches |	0.31%
                 % of reads unmapped: too short |	77.97%
                     % of reads unmapped: other |	0.00%
                                  CHIMERIC READS:
                       Number of chimeric reads |	0
                            % of chimeric reads |	0.00%
