                                 Started job on |	May 08 05:13:47
                             Started mapping on |	May 08 05:13:49
                                    Finished on |	May 08 05:17:26
       Mapping speed, Million of reads per hour |	6.69

                          Number of input reads |	403141
                      Average input read length |	202
                                    UNIQUE READS:
                   Uniquely mapped reads number |	85241
                        Uniquely mapped reads % |	21.14%
                          Average mapped length |	195.28
                       Number of splices: Total |	232503
            Number of splices: Annotated (sjdb) |	230891
                       Number of splices: GT/AG |	232269
                       Number of splices: GC/AG |	234
                       Number of splices: AT/AC |	0
               Number of splices: Non-canonical |	0
                      Mismatch rate per base, % |	0.81%
                         Deletion rate per base |	0.34%
                        Deletion average length |	1.00
                        Insertion rate per base |	0.05%
                       Insertion average length |	10.88
                             MULTI-MAPPING READS:
        Number of reads mapped to multiple loci |	170
             % of reads mapped to multiple loci |	0.04%
        Number of reads mapped to too many loci |	19
             % of reads mapped to too many loci |	0.00%
                                  UNMAPPED READS:
       % of reads unmapped: too many mismatches |	0.52%
                 % of reads unmapped: too short |	78.29%
                     % of reads unmapped: other |	0.00%
                                  CHIMERIC READS:
                       Number of chimeric reads |	18
                            % of chimeric reads |	0.00%
