                                 Started job on |	May 06 01:23:33
                             Started mapping on |	May 06 01:23:34
                                    Finished on |	May 06 01:26:15
       Mapping speed, Million of reads per hour |	7.09

                          Number of input reads |	317145
                      Average input read length |	202
                                    UNIQUE READS:
                   Uniquely mapped reads number |	63762
                        Uniquely mapped reads % |	20.10%
                          Average mapped length |	196.34
                       Number of splices: Total |	136976
            Number of splices: Annotated (sjdb) |	135577
                       Number of splices: GT/AG |	136941
                       Number of splices: GC/AG |	35
                       Number of splices: AT/AC |	0
               Number of splices: Non-canonical |	0
                      Mismatch rate per base, % |	0.74%
                         Deletion rate per base |	0.36%
                        Deletion average length |	1.00
                        Insertion rate per base |	0.00%
                       Insertion average length |	1.05
                             MULTI-MAPPING READS:
        Number of reads mapped to multiple loci |	87
             % of reads mapped to multiple loci |	0.03%
        Number of reads mapped to too many loci |	10
             % of reads mapped to too many loci |	0.00%
                                  UNMAPPED READS:
       % of reads unmapped: too many mismatches |	0.35%
                 % of reads unmapped: too short |	79.51%
                     % of reads unmapped: other |	0.00%
                                  CHIMERIC READS:
                       Number of chimeric reads |	4
                            % of chimeric reads |	0.00%
