                                 Started job on |	May 08 16:42:59
                             Started mapping on |	May 08 16:43:00
                                    Finished on |	May 08 16:45:49
       Mapping speed, Million of reads per hour |	5.05

                          Number of input reads |	237029
                      Average input read length |	202
                                    UNIQUE READS:
                   Uniquely mapped reads number |	52027
                        Uniquely mapped reads % |	21.95%
                          Average mapped length |	195.33
                       Number of splices: Total |	141937
            Number of splices: Annotated (sjdb) |	140971
                       Number of splices: GT/AG |	141766
                       Number of splices: GC/AG |	171
                       Number of splices: AT/AC |	0
               Number of splices: Non-canonical |	0
                      Mismatch rate per base, % |	0.72%
                         Deletion rate per base |	0.32%
                        Deletion average length |	1.00
                        Insertion rate per base |	0.05%
                       Insertion average length |	10.90
                             MULTI-MAPPING READS:
        Number of reads mapped to multiple loci |	88
             % of reads mapped to multiple loci |	0.04%
        Number of reads mapped to too many loci |	3
             % of reads mapped to too many loci |	0.00%
                                  UNMAPPED READS:
       % of reads unmapped: too many mismatches |	0.36%
                 % of reads unmapped: too short |	77.65%
                     % of reads unmapped: other |	0.00%
                                  CHIMERIC READS:
                       Number of chimeric reads |	6
                            % of chimeric reads |	0.00%
