                                 Started job on |	May 09 09:54:23
                             Started mapping on |	May 09 09:54:25
                                    Finished on |	May 09 09:56:30
       Mapping speed, Million of reads per hour |	7.96

                          Number of input reads |	276362
                      Average input read length |	202
                                    UNIQUE READS:
                   Uniquely mapped reads number |	67395
                        Uniquely mapped reads % |	24.39%
                          Average mapped length |	195.49
                       Number of splices: Total |	186442
            Number of splices: Annotated (sjdb) |	185169
                       Number of splices: GT/AG |	186310
                       Number of splices: GC/AG |	132
                       Number of splices: AT/AC |	0
               Number of splices: Non-canonical |	0
                      Mismatch rate per base, % |	0.70%
                         Deletion rate per base |	0.33%
                        Deletion average length |	1.00
                        Insertion rate per base |	0.06%
                       Insertion average length |	10.75
                             MULTI-MAPPING READS:
        Number of reads mapped to multiple loci |	113
             % of reads mapped to multiple loci |	0.04%
        Number of reads mapped to too many loci |	12
             % of reads mapped to too many loci |	0.00%
                                  UNMAPPED READS:
       % of reads unmapped: too many mismatches |	0.43%
                 % of reads unmapped: too short |	75.14%
                     % of reads unmapped: other |	0.00%
                                  CHIMERIC READS:
                       Number of chimeric reads |	13
                            % of chimeric reads |	0.00%
