                                 Started job on |	May 11 20:18:25
                             Started mapping on |	May 11 20:18:26
                                    Finished on |	May 11 20:20:43
       Mapping speed, Million of reads per hour |	4.84

                          Number of input reads |	184184
                      Average input read length |	202
                                    UNIQUE READS:
                   Uniquely mapped reads number |	51430
                        Uniquely mapped reads % |	27.92%
                          Average mapped length |	196.29
                       Number of splices: Total |	109369
            Number of splices: Annotated (sjdb) |	108008
                       Number of splices: GT/AG |	109288
                       Number of splices: GC/AG |	81
                       Number of splices: AT/AC |	0
               Number of splices: Non-canonical |	0
                      Mismatch rate per base, % |	0.74%
                         Deletion rate per base |	0.36%
                        Deletion average length |	1.00
                        Insertion rate per base |	0.00%
                       Insertion average length |	1.10
                             MULTI-MAPPING READS:
        Number of reads mapped to multiple loci |	77
             % of reads mapped to multiple loci |	0.04%
        Number of reads mapped to too many loci |	8
             % of reads mapped to too many loci |	0.00%
                                  UNMAPPED READS:
       % of reads unmapped: too many mismatches |	0.54%
                 % of reads unmapped: too short |	71.49%
                     % of reads unmapped: other |	0.00%
                                  CHIMERIC READS:
                       Number of chimeric reads |	7
                            % of chimeric reads |	0.00%
