                                 Started job on |	May 07 19:10:03
                             Started mapping on |	May 07 19:10:05
                                    Finished on |	May 07 19:12:15
       Mapping speed, Million of reads per hour |	7.95

                          Number of input reads |	287033
                      Average input read length |	202
                                    UNIQUE READS:
                   Uniquely mapped reads number |	59389
                        Uniquely mapped reads % |	20.69%
                          Average mapped length |	195.37
                       Number of splices: Total |	161705
            Number of splices: Annotated (sjdb) |	160485
                       Number of splices: GT/AG |	161580
                       Number of splices: GC/AG |	125
                       Number of splices: AT/AC |	0
               Number of splices: Non-canonical |	0
                      Mismatch rate per base, % |	0.74%
                         Deletion rate per base |	0.34%
                        Deletion average length |	1.00
                        Insertion rate per base |	0.05%
                       Insertion average length |	10.90
                             MULTI-MAPPING READS:
        Number of reads mapped to multiple loci |	108
             % of reads mapped to multiple loci |	0.04%
        Number of reads mapped to too many loci |	9
             % of reads mapped to too many loci |	0.00%
                                  UNMAPPED READS:
       % of reads unmapped: too many mismatches |	0.36%
                 % of reads unmapped: too short |	78.91%
                     % of reads unmapped: other |	0.00%
                                  CHIMERIC READS:
                       Number of chimeric reads |	14
                            % of chimeric reads |	0.00%
