                                 Started job on |	May 08 12:40:43
                             Started mapping on |	May 08 12:40:43
                                    Finished on |	May 08 12:42:44
       Mapping speed, Million of reads per hour |	7.76

                          Number of input reads |	260988
                      Average input read length |	202
                                    UNIQUE READS:
                   Uniquely mapped reads number |	65455
                        Uniquely mapped reads % |	25.08%
                          Average mapped length |	195.72
                       Number of splices: Total |	181966
            Number of splices: Annotated (sjdb) |	180842
                       Number of splices: GT/AG |	181838
                       Number of splices: GC/AG |	128
                       Number of splices: AT/AC |	0
               Number of splices: Non-canonical |	0
                      Mismatch rate per base, % |	0.70%
                         Deletion rate per base |	0.33%
                        Deletion average length |	1.00
                        Insertion rate per base |	0.04%
                       Insertion average length |	10.29
                             MULTI-MAPPING READS:
        Number of reads mapped to multiple loci |	94
             % of reads mapped to multiple loci |	0.04%
        Number of reads mapped to too many loci |	3
             % of reads mapped to too many loci |	0.00%
                                  UNMAPPED READS:
       % of reads unmapped: too many mismatches |	0.39%
                 % of reads unmapped: too short |	74.49%
                     % of reads unmapped: other |	0.00%
                                  CHIMERIC READS:
                       Number of chimeric reads |	9
                            % of chimeric reads |	0.00%
