                                 Started job on |	May 06 12:51:07
                             Started mapping on |	May 06 12:51:08
                                    Finished on |	May 06 12:54:43
       Mapping speed, Million of reads per hour |	6.81

                          Number of input reads |	406659
                      Average input read length |	202
                                    UNIQUE READS:
                   Uniquely mapped reads number |	92374
                        Uniquely mapped reads % |	22.72%
                          Average mapped length |	196.08
                       Number of splices: Total |	195683
            Number of splices: Annotated (sjdb) |	193455
                       Number of splices: GT/AG |	195613
                       Number of splices: GC/AG |	70
                       Number of splices: AT/AC |	0
               Number of splices: Non-canonical |	0
                      Mismatch rate per base, % |	0.81%
                         Deletion rate per base |	0.36%
                        Deletion average length |	1.00
                        Insertion rate per base |	0.00%
                       Insertion average length |	1.04
                             MULTI-MAPPING READS:
        Number of reads mapped to multiple loci |	109
             % of reads mapped to multiple loci |	0.03%
        Number of reads mapped to too many loci |	12
             % of reads mapped to too many loci |	0.00%
                                  UNMAPPED READS:
       % of reads unmapped: too many mismatches |	0.57%
                 % of reads unmapped: too short |	76.69%
                     % of reads unmapped: other |	0.00%
                                  CHIMERIC READS:
                       Number of chimeric reads |	4
                            % of chimeric reads |	0.00%
