                                 Started job on |	May 09 16:13:29
                             Started mapping on |	May 09 16:13:30
                                    Finished on |	May 09 16:17:15
       Mapping speed, Million of reads per hour |	3.79

                          Number of input reads |	236680
                      Average input read length |	202
                                    UNIQUE READS:
                   Uniquely mapped reads number |	63355
                        Uniquely mapped reads % |	26.77%
                          Average mapped length |	195.36
                       Number of splices: Total |	175029
            Number of splices: Annotated (sjdb) |	173676
                       Number of splices: GT/AG |	174885
                       Number of splices: GC/AG |	144
                       Number of splices: AT/AC |	0
               Number of splices: Non-canonical |	0
                      Mismatch rate per base, % |	0.70%
                         Deletion rate per base |	0.33%
                        Deletion average length |	1.00
                        Insertion rate per base |	0.06%
                       Insertion average length |	10.74
                             MULTI-MAPPING READS:
        Number of reads mapped to multiple loci |	125
             % of reads mapped to multiple loci |	0.05%
        Number of reads mapped to too many loci |	5
             % of reads mapped to too many loci |	0.00%
                                  UNMAPPED READS:
       % of reads unmapped: too many mismatches |	0.47%
                 % of reads unmapped: too short |	72.71%
                     % of reads unmapped: other |	0.00%
                                  CHIMERIC READS:
                       Number of chimeric reads |	4
                            % of chimeric reads |	0.00%
