                                 Started job on |	May 09 00:12:43
                             Started mapping on |	May 09 00:12:49
                                    Finished on |	May 09 00:15:51
       Mapping speed, Million of reads per hour |	3.53

                          Number of input reads |	178682
                      Average input read length |	202
                                    UNIQUE READS:
                   Uniquely mapped reads number |	40851
                        Uniquely mapped reads % |	22.86%
                          Average mapped length |	195.23
                       Number of splices: Total |	111385
            Number of splices: Annotated (sjdb) |	110556
                       Number of splices: GT/AG |	111187
                       Number of splices: GC/AG |	198
                       Number of splices: AT/AC |	0
               Number of splices: Non-canonical |	0
                      Mismatch rate per base, % |	0.72%
                         Deletion rate per base |	0.32%
                        Deletion average length |	1.00
                        Insertion rate per base |	0.05%
                       Insertion average length |	10.55
                             MULTI-MAPPING READS:
        Number of reads mapped to multiple loci |	79
             % of reads mapped to multiple loci |	0.04%
        Number of reads mapped to too many loci |	12
             % of reads mapped to too many loci |	0.01%
                                  UNMAPPED READS:
       % of reads unmapped: too many mismatches |	0.43%
                 % of reads unmapped: too short |	76.65%
                     % of reads unmapped: other |	0.00%
                                  CHIMERIC READS:
                       Number of chimeric reads |	6
                            % of chimeric reads |	0.00%
