                                 Started job on |	May 05 09:41:00
                             Started mapping on |	May 05 09:41:01
                                    Finished on |	May 05 09:43:58
       Mapping speed, Million of reads per hour |	4.34

                          Number of input reads |	213336
                      Average input read length |	202
                                    UNIQUE READS:
                   Uniquely mapped reads number |	37751
                        Uniquely mapped reads % |	17.70%
                          Average mapped length |	196.47
                       Number of splices: Total |	81313
            Number of splices: Annotated (sjdb) |	80225
                       Number of splices: GT/AG |	81271
                       Number of splices: GC/AG |	42
                       Number of splices: AT/AC |	0
               Number of splices: Non-canonical |	0
                      Mismatch rate per base, % |	0.69%
                         Deletion rate per base |	0.37%
                        Deletion average length |	1.00
                        Insertion rate per base |	0.00%
                       Insertion average length |	1.07
                             MULTI-MAPPING READS:
        Number of reads mapped to multiple loci |	45
             % of reads mapped to multiple loci |	0.02%
        Number of reads mapped to too many loci |	9
             % of reads mapped to too many loci |	0.00%
                                  UNMAPPED READS:
       % of reads unmapped: too many mismatches |	0.26%
                 % of reads unmapped: too short |	82.02%
                     % of reads unmapped: other |	0.00%
                                  CHIMERIC READS:
                       Number of chimeric reads |	4
                            % of chimeric reads |	0.00%
