                                 Started job on |	May 11 06:39:39
                             Started mapping on |	May 11 06:39:40
                                    Finished on |	May 11 06:41:46
       Mapping speed, Million of reads per hour |	6.46

                          Number of input reads |	226159
                      Average input read length |	202
                                    UNIQUE READS:
                   Uniquely mapped reads number |	59686
                        Uniquely mapped reads % |	26.39%
                          Average mapped length |	196.39
                       Number of splices: Total |	126614
            Number of splices: Annotated (sjdb) |	125342
                       Number of splices: GT/AG |	126552
                       Number of splices: GC/AG |	62
                       Number of splices: AT/AC |	0
               Number of splices: Non-canonical |	0
                      Mismatch rate per base, % |	0.73%
                         Deletion rate per base |	0.36%
                        Deletion average length |	1.00
                        Insertion rate per base |	0.00%
                       Insertion average length |	1.16
                             MULTI-MAPPING READS:
        Number of reads mapped to multiple loci |	81
             % of reads mapped to multiple loci |	0.04%
        Number of reads mapped to too many loci |	6
             % of reads mapped to too many loci |	0.00%
                                  UNMAPPED READS:
       % of reads unmapped: too many mismatches |	0.49%
                 % of reads unmapped: too short |	73.08%
                     % of reads unmapped: other |	0.00%
                                  CHIMERIC READS:
                       Number of chimeric reads |	5
                            % of chimeric reads |	0.00%
