                                 Started job on |	May 05 00:43:36
                             Started mapping on |	May 05 00:43:38
                                    Finished on |	May 05 00:45:42
       Mapping speed, Million of reads per hour |	5.66

                          Number of input reads |	195100
                      Average input read length |	202
                                    UNIQUE READS:
                   Uniquely mapped reads number |	58360
                        Uniquely mapped reads % |	29.91%
                          Average mapped length |	196.12
                       Number of splices: Total |	124480
            Number of splices: Annotated (sjdb) |	122792
                       Number of splices: GT/AG |	124383
                       Number of splices: GC/AG |	97
                       Number of splices: AT/AC |	0
               Number of splices: Non-canonical |	0
                      Mismatch rate per base, % |	0.70%
                         Deletion rate per base |	0.35%
                        Deletion average length |	1.01
                        Insertion rate per base |	0.00%
                       Insertion average length |	1.35
                             MULTI-MAPPING READS:
        Number of reads mapped to multiple loci |	105
             % of reads mapped to multiple loci |	0.05%
        Number of reads mapped to too many loci |	10
             % of reads mapped to too many loci |	0.01%
                                  UNMAPPED READS:
       % of reads unmapped: too many mismatches |	0.46%
                 % of reads unmapped: too short |	69.56%
                     % of reads unmapped: other |	0.00%
                                  CHIMERIC READS:
                       Number of chimeric reads |	1
                            % of chimeric reads |	0.00%
