                                 Started job on |	May 06 05:08:52
                             Started mapping on |	May 06 05:08:53
                                    Finished on |	May 06 05:11:35
       Mapping speed, Million of reads per hour |	9.06

                          Number of input reads |	407516
                      Average input read length |	202
                                    UNIQUE READS:
                   Uniquely mapped reads number |	92731
                        Uniquely mapped reads % |	22.76%
                          Average mapped length |	196.25
                       Number of splices: Total |	196132
            Number of splices: Annotated (sjdb) |	194200
                       Number of splices: GT/AG |	196063
                       Number of splices: GC/AG |	69
                       Number of splices: AT/AC |	0
               Number of splices: Non-canonical |	0
                      Mismatch rate per base, % |	0.72%
                         Deletion rate per base |	0.35%
                        Deletion average length |	1.00
                        Insertion rate per base |	0.00%
                       Insertion average length |	1.19
                             MULTI-MAPPING READS:
        Number of reads mapped to multiple loci |	122
             % of reads mapped to multiple loci |	0.03%
        Number of reads mapped to too many loci |	19
             % of reads mapped to too many loci |	0.00%
                                  UNMAPPED READS:
       % of reads unmapped: too many mismatches |	0.35%
                 % of reads unmapped: too short |	76.86%
                     % of reads unmapped: other |	0.00%
                                  CHIMERIC READS:
                       Number of chimeric reads |	4
                            % of chimeric reads |	0.00%
