                                 Started job on |	May 09 20:52:34
                             Started mapping on |	May 09 20:52:35
                                    Finished on |	May 09 20:56:21
       Mapping speed, Million of reads per hour |	6.43

                          Number of input reads |	403839
                      Average input read length |	202
                                    UNIQUE READS:
                   Uniquely mapped reads number |	87976
                        Uniquely mapped reads % |	21.78%
                          Average mapped length |	195.41
                       Number of splices: Total |	244673
            Number of splices: Annotated (sjdb) |	242898
                       Number of splices: GT/AG |	244445
                       Number of splices: GC/AG |	228
                       Number of splices: AT/AC |	0
               Number of splices: Non-canonical |	0
                      Mismatch rate per base, % |	0.76%
                         Deletion rate per base |	0.34%
                        Deletion average length |	1.00
                        Insertion rate per base |	0.05%
                       Insertion average length |	10.67
                             MULTI-MAPPING READS:
        Number of reads mapped to multiple loci |	163
             % of reads mapped to multiple loci |	0.04%
        Number of reads mapped to too many loci |	17
             % of reads mapped to too many loci |	0.00%
                                  UNMAPPED READS:
       % of reads unmapped: too many mismatches |	0.52%
                 % of reads unmapped: too short |	77.65%
                     % of reads unmapped: other |	0.00%
                                  CHIMERIC READS:
                       Number of chimeric reads |	9
                            % of chimeric reads |	0.00%
