                                 Started job on |	May 07 21:48:27
                             Started mapping on |	May 07 21:48:29
                                    Finished on |	May 07 21:50:33
       Mapping speed, Million of reads per hour |	7.39

                          Number of input reads |	254628
                      Average input read length |	202
                                    UNIQUE READS:
                   Uniquely mapped reads number |	61527
                        Uniquely mapped reads % |	24.16%
                          Average mapped length |	194.74
                       Number of splices: Total |	176811
            Number of splices: Annotated (sjdb) |	175777
                       Number of splices: GT/AG |	176657
                       Number of splices: GC/AG |	154
                       Number of splices: AT/AC |	0
               Number of splices: Non-canonical |	0
                      Mismatch rate per base, % |	0.76%
                         Deletion rate per base |	0.31%
                        Deletion average length |	1.00
                        Insertion rate per base |	0.09%
                       Insertion average length |	11.38
                             MULTI-MAPPING READS:
        Number of reads mapped to multiple loci |	159
             % of reads mapped to multiple loci |	0.06%
        Number of reads mapped to too many loci |	10
             % of reads mapped to too many loci |	0.00%
                                  UNMAPPED READS:
       % of reads unmapped: too many mismatches |	0.45%
                 % of reads unmapped: too short |	75.32%
                     % of reads unmapped: other |	0.00%
                                  CHIMERIC READS:
                       Number of chimeric reads |	11
                            % of chimeric reads |	0.00%
