                                 Started job on |	May 09 20:11:17
                             Started mapping on |	May 09 20:11:18
                                    Finished on |	May 09 20:13:41
       Mapping speed, Million of reads per hour |	8.11

                          Number of input reads |	321981
                      Average input read length |	202
                                    UNIQUE READS:
                   Uniquely mapped reads number |	77503
                        Uniquely mapped reads % |	24.07%
                          Average mapped length |	195.15
                       Number of splices: Total |	228115
            Number of splices: Annotated (sjdb) |	226974
                       Number of splices: GT/AG |	227971
                       Number of splices: GC/AG |	144
                       Number of splices: AT/AC |	0
               Number of splices: Non-canonical |	0
                      Mismatch rate per base, % |	0.69%
                         Deletion rate per base |	0.33%
                        Deletion average length |	1.00
                        Insertion rate per base |	0.06%
                       Insertion average length |	10.98
                             MULTI-MAPPING READS:
        Number of reads mapped to multiple loci |	146
             % of reads mapped to multiple loci |	0.05%
        Number of reads mapped to too many loci |	9
             % of reads mapped to too many loci |	0.00%
                                  UNMAPPED READS:
       % of reads unmapped: too many mismatches |	0.42%
                 % of reads unmapped: too short |	75.47%
                     % of reads unmapped: other |	0.00%
                                  CHIMERIC READS:
                       Number of chimeric reads |	10
                            % of chimeric reads |	0.00%
