                                 Started job on |	May 10 23:37:36
                             Started mapping on |	May 10 23:37:38
                                    Finished on |	May 10 23:39:34
       Mapping speed, Million of reads per hour |	8.09

                          Number of input reads |	260615
                      Average input read length |	202
                                    UNIQUE READS:
                   Uniquely mapped reads number |	72634
                        Uniquely mapped reads % |	27.87%
                          Average mapped length |	196.23
                       Number of splices: Total |	155742
            Number of splices: Annotated (sjdb) |	153815
                       Number of splices: GT/AG |	155653
                       Number of splices: GC/AG |	89
                       Number of splices: AT/AC |	0
               Number of splices: Non-canonical |	0
                      Mismatch rate per base, % |	0.70%
                         Deletion rate per base |	0.35%
                        Deletion average length |	1.00
                        Insertion rate per base |	0.00%
                       Insertion average length |	1.03
                             MULTI-MAPPING READS:
        Number of reads mapped to multiple loci |	99
             % of reads mapped to multiple loci |	0.04%
        Number of reads mapped to too many loci |	12
             % of reads mapped to too many loci |	0.00%
                                  UNMAPPED READS:
       % of reads unmapped: too many mismatches |	0.50%
                 % of reads unmapped: too short |	71.59%
                     % of reads unmapped: other |	0.00%
                                  CHIMERIC READS:
                       Number of chimeric reads |	6
                            % of chimeric reads |	0.00%
