                                 Started job on |	May 11 07:51:01
                             Started mapping on |	May 11 07:51:02
                                    Finished on |	May 11 07:53:03
       Mapping speed, Million of reads per hour |	7.56

                          Number of input reads |	254039
                      Average input read length |	202
                                    UNIQUE READS:
                   Uniquely mapped reads number |	75009
                        Uniquely mapped reads % |	29.53%
                          Average mapped length |	196.36
                       Number of splices: Total |	162200
            Number of splices: Annotated (sjdb) |	160462
                       Number of splices: GT/AG |	162090
                       Number of splices: GC/AG |	110
                       Number of splices: AT/AC |	0
               Number of splices: Non-canonical |	0
                      Mismatch rate per base, % |	0.70%
                         Deletion rate per base |	0.35%
                        Deletion average length |	1.00
                        Insertion rate per base |	0.00%
                       Insertion average length |	1.01
                             MULTI-MAPPING READS:
        Number of reads mapped to multiple loci |	109
             % of reads mapped to multiple loci |	0.04%
        Number of reads mapped to too many loci |	16
             % of reads mapped to too many loci |	0.01%
                                  UNMAPPED READS:
       % of reads unmapped: too many mismatches |	0.51%
                 % of reads unmapped: too short |	69.91%
                     % of reads unmapped: other |	0.00%
                                  CHIMERIC READS:
                       Number of chimeric reads |	7
                            % of chimeric reads |	0.00%
