                                 Started job on |	May 10 09:07:17
                             Started mapping on |	May 10 09:07:19
                                    Finished on |	May 10 09:09:26
       Mapping speed, Million of reads per hour |	3.91

                          Number of input reads |	137995
                      Average input read length |	202
                                    UNIQUE READS:
                   Uniquely mapped reads number |	35739
                        Uniquely mapped reads % |	25.90%
                          Average mapped length |	196.28
                       Number of splices: Total |	76945
            Number of splices: Annotated (sjdb) |	76091
                       Number of splices: GT/AG |	76869
                       Number of splices: GC/AG |	76
                       Number of splices: AT/AC |	0
               Number of splices: Non-canonical |	0
                      Mismatch rate per base, % |	0.71%
                         Deletion rate per base |	0.35%
                        Deletion average length |	1.00
                        Insertion rate per base |	0.00%
                       Insertion average length |	1.36
                             MULTI-MAPPING READS:
        Number of reads mapped to multiple loci |	36
             % of reads mapped to multiple loci |	0.03%
        Number of reads mapped to too many loci |	7
             % of reads mapped to too many loci |	0.01%
                                  UNMAPPED READS:
       % of reads unmapped: too many mismatches |	0.44%
                 % of reads unmapped: too short |	73.63%
                     % of reads unmapped: other |	0.00%
                                  CHIMERIC READS:
                       Number of chimeric reads |	4
                            % of chimeric reads |	0.00%
