                                 Started job on |	May 10 09:53:25
                             Started mapping on |	May 10 09:53:25
                                    Finished on |	May 10 09:55:39
       Mapping speed, Million of reads per hour |	6.40

                          Number of input reads |	238359
                      Average input read length |	202
                                    UNIQUE READS:
                   Uniquely mapped reads number |	58390
                        Uniquely mapped reads % |	24.50%
                          Average mapped length |	194.95
                       Number of splices: Total |	171920
            Number of splices: Annotated (sjdb) |	171000
                       Number of splices: GT/AG |	171854
                       Number of splices: GC/AG |	66
                       Number of splices: AT/AC |	0
               Number of splices: Non-canonical |	0
                      Mismatch rate per base, % |	0.75%
                         Deletion rate per base |	0.32%
                        Deletion average length |	1.00
                        Insertion rate per base |	0.06%
                       Insertion average length |	11.22
                             MULTI-MAPPING READS:
        Number of reads mapped to multiple loci |	113
             % of reads mapped to multiple loci |	0.05%
        Number of reads mapped to too many loci |	6
             % of reads mapped to too many loci |	0.00%
                                  UNMAPPED READS:
       % of reads unmapped: too many mismatches |	0.45%
                 % of reads unmapped: too short |	75.00%
                     % of reads unmapped: other |	0.00%
                                  CHIMERIC READS:
                       Number of chimeric reads |	8
                            % of chimeric reads |	0.00%
