                                 Started job on |	May 07 14:33:22
                             Started mapping on |	May 07 14:33:24
                                    Finished on |	May 07 14:38:15
       Mapping speed, Million of reads per hour |	4.38

                          Number of input reads |	354339
                      Average input read length |	202
                                    UNIQUE READS:
                   Uniquely mapped reads number |	61991
                        Uniquely mapped reads % |	17.49%
                          Average mapped length |	194.95
                       Number of splices: Total |	182953
            Number of splices: Annotated (sjdb) |	182048
                       Number of splices: GT/AG |	182818
                       Number of splices: GC/AG |	135
                       Number of splices: AT/AC |	0
               Number of splices: Non-canonical |	0
                      Mismatch rate per base, % |	0.73%
                         Deletion rate per base |	0.33%
                        Deletion average length |	1.00
                        Insertion rate per base |	0.08%
                       Insertion average length |	11.29
                             MULTI-MAPPING READS:
        Number of reads mapped to multiple loci |	155
             % of reads mapped to multiple loci |	0.04%
        Number of reads mapped to too many loci |	3
             % of reads mapped to too many loci |	0.00%
                                  UNMAPPED READS:
       % of reads unmapped: too many mismatches |	0.29%
                 % of reads unmapped: too short |	82.17%
                     % of reads unmapped: other |	0.00%
                                  CHIMERIC READS:
                       Number of chimeric reads |	12
                            % of chimeric reads |	0.00%
