                                 Started job on |	May 07 23:55:07
                             Started mapping on |	May 07 23:55:08
                                    Finished on |	May 07 23:57:48
       Mapping speed, Million of reads per hour |	5.70

                          Number of input reads |	253340
                      Average input read length |	202
                                    UNIQUE READS:
                   Uniquely mapped reads number |	71822
                        Uniquely mapped reads % |	28.35%
                          Average mapped length |	195.46
                       Number of splices: Total |	216423
            Number of splices: Annotated (sjdb) |	215486
                       Number of splices: GT/AG |	216313
                       Number of splices: GC/AG |	110
                       Number of splices: AT/AC |	0
               Number of splices: Non-canonical |	0
                      Mismatch rate per base, % |	0.69%
                         Deletion rate per base |	0.32%
                        Deletion average length |	1.00
                        Insertion rate per base |	0.08%
                       Insertion average length |	11.23
                             MULTI-MAPPING READS:
        Number of reads mapped to multiple loci |	140
             % of reads mapped to multiple loci |	0.06%
        Number of reads mapped to too many loci |	3
             % of reads mapped to too many loci |	0.00%
                                  UNMAPPED READS:
       % of reads unmapped: too many mismatches |	0.47%
                 % of reads unmapped: too short |	71.12%
                     % of reads unmapped: other |	0.00%
                                  CHIMERIC READS:
                       Number of chimeric reads |	15
                            % of chimeric reads |	0.01%
