                                 Started job on |	May 08 21:21:20
                             Started mapping on |	May 08 21:21:22
                                    Finished on |	May 08 21:24:13
       Mapping speed, Million of reads per hour |	6.14

                          Number of input reads |	291692
                      Average input read length |	202
                                    UNIQUE READS:
                   Uniquely mapped reads number |	71562
                        Uniquely mapped reads % |	24.53%
                          Average mapped length |	194.96
                       Number of splices: Total |	207705
            Number of splices: Annotated (sjdb) |	206656
                       Number of splices: GT/AG |	207551
                       Number of splices: GC/AG |	154
                       Number of splices: AT/AC |	0
               Number of splices: Non-canonical |	0
                      Mismatch rate per base, % |	0.71%
                         Deletion rate per base |	0.32%
                        Deletion average length |	1.00
                        Insertion rate per base |	0.10%
                       Insertion average length |	11.35
                             MULTI-MAPPING READS:
        Number of reads mapped to multiple loci |	163
             % of reads mapped to multiple loci |	0.06%
        Number of reads mapped to too many loci |	19
             % of reads mapped to too many loci |	0.01%
                                  UNMAPPED READS:
       % of reads unmapped: too many mismatches |	0.43%
                 % of reads unmapped: too short |	74.97%
                     % of reads unmapped: other |	0.00%
                                  CHIMERIC READS:
                       Number of chimeric reads |	11
                            % of chimeric reads |	0.00%
