                                 Started job on |	May 07 17:21:18
                             Started mapping on |	May 07 17:21:20
                                    Finished on |	May 07 17:23:41
       Mapping speed, Million of reads per hour |	8.81

                          Number of input reads |	345217
                      Average input read length |	202
                                    UNIQUE READS:
                   Uniquely mapped reads number |	105160
                        Uniquely mapped reads % |	30.46%
                          Average mapped length |	194.59
                       Number of splices: Total |	298586
            Number of splices: Annotated (sjdb) |	296895
                       Number of splices: GT/AG |	298335
                       Number of splices: GC/AG |	251
                       Number of splices: AT/AC |	0
               Number of splices: Non-canonical |	0
                      Mismatch rate per base, % |	0.78%
                         Deletion rate per base |	0.31%
                        Deletion average length |	1.01
                        Insertion rate per base |	0.10%
                       Insertion average length |	11.48
                             MULTI-MAPPING READS:
        Number of reads mapped to multiple loci |	315
             % of reads mapped to multiple loci |	0.09%
        Number of reads mapped to too many loci |	37
             % of reads mapped to too many loci |	0.01%
                                  UNMAPPED READS:
       % of reads unmapped: too many mismatches |	0.58%
                 % of reads unmapped: too short |	68.85%
                     % of reads unmapped: other |	0.00%
                                  CHIMERIC READS:
                       Number of chimeric reads |	12
                            % of chimeric reads |	0.00%
