                                 Started job on |	May 06 16:35:52
                             Started mapping on |	May 06 16:35:55
                                    Finished on |	May 06 16:38:14
       Mapping speed, Million of reads per hour |	7.63

                          Number of input reads |	294674
                      Average input read length |	202
                                    UNIQUE READS:
                   Uniquely mapped reads number |	74039
                        Uniquely mapped reads % |	25.13%
                          Average mapped length |	196.14
                       Number of splices: Total |	160223
            Number of splices: Annotated (sjdb) |	158626
                       Number of splices: GT/AG |	160159
                       Number of splices: GC/AG |	64
                       Number of splices: AT/AC |	0
               Number of splices: Non-canonical |	0
                      Mismatch rate per base, % |	0.73%
                         Deletion rate per base |	0.35%
                        Deletion average length |	1.00
                        Insertion rate per base |	0.00%
                       Insertion average length |	1.24
                             MULTI-MAPPING READS:
        Number of reads mapped to multiple loci |	99
             % of reads mapped to multiple loci |	0.03%
        Number of reads mapped to too many loci |	5
             % of reads mapped to too many loci |	0.00%
                                  UNMAPPED READS:
       % of reads unmapped: too many mismatches |	0.42%
                 % of reads unmapped: too short |	74.42%
                     % of reads unmapped: other |	0.00%
                                  CHIMERIC READS:
                       Number of chimeric reads |	5
                            % of chimeric reads |	0.00%
