                                 Started job on |	May 08 12:15:09
                             Started mapping on |	May 08 12:15:10
                                    Finished on |	May 08 12:17:49
       Mapping speed, Million of reads per hour |	6.94

                          Number of input reads |	306640
                      Average input read length |	202
                                    UNIQUE READS:
                   Uniquely mapped reads number |	66944
                        Uniquely mapped reads % |	21.83%
                          Average mapped length |	194.97
                       Number of splices: Total |	196705
            Number of splices: Annotated (sjdb) |	195669
                       Number of splices: GT/AG |	196573
                       Number of splices: GC/AG |	132
                       Number of splices: AT/AC |	0
               Number of splices: Non-canonical |	0
                      Mismatch rate per base, % |	0.71%
                         Deletion rate per base |	0.32%
                        Deletion average length |	1.00
                        Insertion rate per base |	0.09%
                       Insertion average length |	11.17
                             MULTI-MAPPING READS:
        Number of reads mapped to multiple loci |	166
             % of reads mapped to multiple loci |	0.05%
        Number of reads mapped to too many loci |	9
             % of reads mapped to too many loci |	0.00%
                                  UNMAPPED READS:
       % of reads unmapped: too many mismatches |	0.38%
                 % of reads unmapped: too short |	77.73%
                     % of reads unmapped: other |	0.00%
                                  CHIMERIC READS:
                       Number of chimeric reads |	16
                            % of chimeric reads |	0.01%
