                                 Started job on |	May 09 08:17:31
                             Started mapping on |	May 09 08:17:33
                                    Finished on |	May 09 08:20:23
       Mapping speed, Million of reads per hour |	7.11

                          Number of input reads |	335722
                      Average input read length |	202
                                    UNIQUE READS:
                   Uniquely mapped reads number |	95446
                        Uniquely mapped reads % |	28.43%
                          Average mapped length |	194.95
                       Number of splices: Total |	275323
            Number of splices: Annotated (sjdb) |	273903
                       Number of splices: GT/AG |	275147
                       Number of splices: GC/AG |	176
                       Number of splices: AT/AC |	0
               Number of splices: Non-canonical |	0
                      Mismatch rate per base, % |	0.72%
                         Deletion rate per base |	0.31%
                        Deletion average length |	1.00
                        Insertion rate per base |	0.09%
                       Insertion average length |	11.26
                             MULTI-MAPPING READS:
        Number of reads mapped to multiple loci |	238
             % of reads mapped to multiple loci |	0.07%
        Number of reads mapped to too many loci |	18
             % of reads mapped to too many loci |	0.01%
                                  UNMAPPED READS:
       % of reads unmapped: too many mismatches |	0.55%
                 % of reads unmapped: too short |	70.95%
                     % of reads unmapped: other |	0.00%
                                  CHIMERIC READS:
                       Number of chimeric reads |	20
                            % of chimeric reads |	0.01%
