                                 Started job on |	May 04 11:23:49
                             Started mapping on |	May 04 11:23:50
                                    Finished on |	May 04 11:26:21
       Mapping speed, Million of reads per hour |	6.93

                          Number of input reads |	290480
                      Average input read length |	202
                                    UNIQUE READS:
                   Uniquely mapped reads number |	70501
                        Uniquely mapped reads % |	24.27%
                          Average mapped length |	196.52
                       Number of splices: Total |	151303
            Number of splices: Annotated (sjdb) |	149619
                       Number of splices: GT/AG |	151214
                       Number of splices: GC/AG |	89
                       Number of splices: AT/AC |	0
               Number of splices: Non-canonical |	0
                      Mismatch rate per base, % |	0.69%
                         Deletion rate per base |	0.36%
                        Deletion average length |	1.00
                        Insertion rate per base |	0.00%
                       Insertion average length |	1.09
                             MULTI-MAPPING READS:
        Number of reads mapped to multiple loci |	85
             % of reads mapped to multiple loci |	0.03%
        Number of reads mapped to too many loci |	11
             % of reads mapped to too many loci |	0.00%
                                  UNMAPPED READS:
       % of reads unmapped: too many mismatches |	0.33%
                 % of reads unmapped: too short |	75.36%
                     % of reads unmapped: other |	0.00%
                                  CHIMERIC READS:
                       Number of chimeric reads |	9
                            % of chimeric reads |	0.00%
