                                 Started job on |	May 07 05:21:12
                             Started mapping on |	May 07 05:21:13
                                    Finished on |	May 07 05:25:31
       Mapping speed, Million of reads per hour |	4.13

                          Number of input reads |	295904
                      Average input read length |	202
                                    UNIQUE READS:
                   Uniquely mapped reads number |	57207
                        Uniquely mapped reads % |	19.33%
                          Average mapped length |	195.00
                       Number of splices: Total |	169182
            Number of splices: Annotated (sjdb) |	168336
                       Number of splices: GT/AG |	169051
                       Number of splices: GC/AG |	131
                       Number of splices: AT/AC |	0
               Number of splices: Non-canonical |	0
                      Mismatch rate per base, % |	0.74%
                         Deletion rate per base |	0.33%
                        Deletion average length |	1.00
                        Insertion rate per base |	0.09%
                       Insertion average length |	11.14
                             MULTI-MAPPING READS:
        Number of reads mapped to multiple loci |	135
             % of reads mapped to multiple loci |	0.05%
        Number of reads mapped to too many loci |	4
             % of reads mapped to too many loci |	0.00%
                                  UNMAPPED READS:
       % of reads unmapped: too many mismatches |	0.33%
                 % of reads unmapped: too short |	80.29%
                     % of reads unmapped: other |	0.00%
                                  CHIMERIC READS:
                       Number of chimeric reads |	12
                            % of chimeric reads |	0.00%
