                                 Started job on |	May 04 05:36:08
                             Started mapping on |	May 04 05:36:09
                                    Finished on |	May 04 05:38:07
       Mapping speed, Million of reads per hour |	7.21

                          Number of input reads |	236457
                      Average input read length |	202
                                    UNIQUE READS:
                   Uniquely mapped reads number |	51568
                        Uniquely mapped reads % |	21.81%
                          Average mapped length |	196.51
                       Number of splices: Total |	110620
            Number of splices: Annotated (sjdb) |	109383
                       Number of splices: GT/AG |	110576
                       Number of splices: GC/AG |	44
                       Number of splices: AT/AC |	0
               Number of splices: Non-canonical |	0
                      Mismatch rate per base, % |	0.68%
                         Deletion rate per base |	0.36%
                        Deletion average length |	1.00
                        Insertion rate per base |	0.00%
                       Insertion average length |	1.11
                             MULTI-MAPPING READS:
        Number of reads mapped to multiple loci |	48
             % of reads mapped to multiple loci |	0.02%
        Number of reads mapped to too many loci |	12
             % of reads mapped to too many loci |	0.01%
                                  UNMAPPED READS:
       % of reads unmapped: too many mismatches |	0.30%
                 % of reads unmapped: too short |	77.86%
                     % of reads unmapped: other |	0.00%
                                  CHIMERIC READS:
                       Number of chimeric reads |	3
                            % of chimeric reads |	0.00%
