                                 Started job on |	May 10 15:28:56
                             Started mapping on |	May 10 15:28:57
                                    Finished on |	May 10 15:31:33
       Mapping speed, Million of reads per hour |	4.78

                          Number of input reads |	207349
                      Average input read length |	202
                                    UNIQUE READS:
                   Uniquely mapped reads number |	51674
                        Uniquely mapped reads % |	24.92%
                          Average mapped length |	196.35
                       Number of splices: Total |	111599
            Number of splices: Annotated (sjdb) |	110471
                       Number of splices: GT/AG |	111488
                       Number of splices: GC/AG |	111
                       Number of splices: AT/AC |	0
               Number of splices: Non-canonical |	0
                      Mismatch rate per base, % |	0.71%
                         Deletion rate per base |	0.35%
                        Deletion average length |	1.00
                        Insertion rate per base |	0.00%
                       Insertion average length |	1.17
                             MULTI-MAPPING READS:
        Number of reads mapped to multiple loci |	78
             % of reads mapped to multiple loci |	0.04%
        Number of reads mapped to too many loci |	18
             % of reads mapped to too many loci |	0.01%
                                  UNMAPPED READS:
       % of reads unmapped: too many mismatches |	0.40%
                 % of reads unmapped: too short |	74.63%
                     % of reads unmapped: other |	0.00%
                                  CHIMERIC READS:
                       Number of chimeric reads |	3
                            % of chimeric reads |	0.00%
