                                 Started job on |	May 11 05:25:39
                             Started mapping on |	May 11 05:25:41
                                    Finished on |	May 11 05:27:56
       Mapping speed, Million of reads per hour |	9.40

                          Number of input reads |	352642
                      Average input read length |	202
                                    UNIQUE READS:
                   Uniquely mapped reads number |	79619
                        Uniquely mapped reads % |	22.58%
                          Average mapped length |	196.54
                       Number of splices: Total |	171735
            Number of splices: Annotated (sjdb) |	169837
                       Number of splices: GT/AG |	171673
                       Number of splices: GC/AG |	62
                       Number of splices: AT/AC |	0
               Number of splices: Non-canonical |	0
                      Mismatch rate per base, % |	0.69%
                         Deletion rate per base |	0.36%
                        Deletion average length |	1.00
                        Insertion rate per base |	0.00%
                       Insertion average length |	1.03
                             MULTI-MAPPING READS:
        Number of reads mapped to multiple loci |	82
             % of reads mapped to multiple loci |	0.02%
        Number of reads mapped to too many loci |	8
             % of reads mapped to too many loci |	0.00%
                                  UNMAPPED READS:
       % of reads unmapped: too many mismatches |	0.36%
                 % of reads unmapped: too short |	77.04%
                     % of reads unmapped: other |	0.00%
                                  CHIMERIC READS:
                       Number of chimeric reads |	8
                            % of chimeric reads |	0.00%
