                                 Started job on |	May 08 18:31:48
                             Started mapping on |	May 08 18:31:49
                                    Finished on |	May 08 18:34:07
       Mapping speed, Million of reads per hour |	3.45

                          Number of input reads |	132312
                      Average input read length |	202
                                    UNIQUE READS:
                   Uniquely mapped reads number |	29628
                        Uniquely mapped reads % |	22.39%
                          Average mapped length |	194.99
                       Number of splices: Total |	86475
            Number of splices: Annotated (sjdb) |	86018
                       Number of splices: GT/AG |	86417
                       Number of splices: GC/AG |	58
                       Number of splices: AT/AC |	0
               Number of splices: Non-canonical |	0
                      Mismatch rate per base, % |	0.70%
                         Deletion rate per base |	0.32%
                        Deletion average length |	1.01
                        Insertion rate per base |	0.09%
                       Insertion average length |	11.48
                             MULTI-MAPPING READS:
        Number of reads mapped to multiple loci |	68
             % of reads mapped to multiple loci |	0.05%
        Number of reads mapped to too many loci |	6
             % of reads mapped to too many loci |	0.00%
                                  UNMAPPED READS:
       % of reads unmapped: too many mismatches |	0.44%
                 % of reads unmapped: too short |	77.11%
                     % of reads unmapped: other |	0.00%
                                  CHIMERIC READS:
                       Number of chimeric reads |	3
                            % of chimeric reads |	0.00%
