                                 Started job on |	May 10 05:19:55
                             Started mapping on |	May 10 05:19:57
                                    Finished on |	May 10 05:21:59
       Mapping speed, Million of reads per hour |	7.79

                          Number of input reads |	264089
                      Average input read length |	202
                                    UNIQUE READS:
                   Uniquely mapped reads number |	66438
                        Uniquely mapped reads % |	25.16%
                          Average mapped length |	196.44
                       Number of splices: Total |	143686
            Number of splices: Annotated (sjdb) |	142077
                       Number of splices: GT/AG |	143620
                       Number of splices: GC/AG |	66
                       Number of splices: AT/AC |	0
               Number of splices: Non-canonical |	0
                      Mismatch rate per base, % |	0.71%
                         Deletion rate per base |	0.35%
                        Deletion average length |	1.00
                        Insertion rate per base |	0.00%
                       Insertion average length |	1.19
                             MULTI-MAPPING READS:
        Number of reads mapped to multiple loci |	74
             % of reads mapped to multiple loci |	0.03%
        Number of reads mapped to too many loci |	6
             % of reads mapped to too many loci |	0.00%
                                  UNMAPPED READS:
       % of reads unmapped: too many mismatches |	0.42%
                 % of reads unmapped: too short |	74.40%
                     % of reads unmapped: other |	0.00%
                                  CHIMERIC READS:
                       Number of chimeric reads |	6
                            % of chimeric reads |	0.00%
