                                 Started job on |	May 06 20:50:46
                             Started mapping on |	May 06 20:50:47
                                    Finished on |	May 06 20:53:19
       Mapping speed, Million of reads per hour |	6.20

                          Number of input reads |	261718
                      Average input read length |	202
                                    UNIQUE READS:
                   Uniquely mapped reads number |	53241
                        Uniquely mapped reads % |	20.34%
                          Average mapped length |	194.95
                       Number of splices: Total |	157744
            Number of splices: Annotated (sjdb) |	157094
                       Number of splices: GT/AG |	157601
                       Number of splices: GC/AG |	143
                       Number of splices: AT/AC |	0
               Number of splices: Non-canonical |	0
                      Mismatch rate per base, % |	0.73%
                         Deletion rate per base |	0.33%
                        Deletion average length |	1.00
                        Insertion rate per base |	0.09%
                       Insertion average length |	11.18
                             MULTI-MAPPING READS:
        Number of reads mapped to multiple loci |	142
             % of reads mapped to multiple loci |	0.05%
        Number of reads mapped to too many loci |	7
             % of reads mapped to too many loci |	0.00%
                                  UNMAPPED READS:
       % of reads unmapped: too many mismatches |	0.35%
                 % of reads unmapped: too short |	79.25%
                     % of reads unmapped: other |	0.00%
                                  CHIMERIC READS:
                       Number of chimeric reads |	11
                            % of chimeric reads |	0.00%
