                                 Started job on |	May 10 19:44:35
                             Started mapping on |	May 10 19:44:36
                                    Finished on |	May 10 19:46:46
       Mapping speed, Million of reads per hour |	9.22

                          Number of input reads |	333052
                      Average input read length |	202
                                    UNIQUE READS:
                   Uniquely mapped reads number |	56597
                        Uniquely mapped reads % |	16.99%
                          Average mapped length |	196.34
                       Number of splices: Total |	123123
            Number of splices: Annotated (sjdb) |	121974
                       Number of splices: GT/AG |	123062
                       Number of splices: GC/AG |	61
                       Number of splices: AT/AC |	0
               Number of splices: Non-canonical |	0
                      Mismatch rate per base, % |	0.72%
                         Deletion rate per base |	0.36%
                        Deletion average length |	1.00
                        Insertion rate per base |	0.00%
                       Insertion average length |	1.54
                             MULTI-MAPPING READS:
        Number of reads mapped to multiple loci |	76
             % of reads mapped to multiple loci |	0.02%
        Number of reads mapped to too many loci |	11
             % of reads mapped to too many loci |	0.00%
                                  UNMAPPED READS:
       % of reads unmapped: too many mismatches |	0.31%
                 % of reads unmapped: too short |	82.67%
                     % of reads unmapped: other |	0.00%
                                  CHIMERIC READS:
                       Number of chimeric reads |	3
                            % of chimeric reads |	0.00%
