                                 Started job on |	May 11 19:38:42
                             Started mapping on |	May 11 19:38:43
                                    Finished on |	May 11 19:41:06
       Mapping speed, Million of reads per hour |	7.94

                          Number of input reads |	315229
                      Average input read length |	202
                                    UNIQUE READS:
                   Uniquely mapped reads number |	112917
                        Uniquely mapped reads % |	35.82%
                          Average mapped length |	196.00
                       Number of splices: Total |	243543
            Number of splices: Annotated (sjdb) |	240557
                       Number of splices: GT/AG |	243324
                       Number of splices: GC/AG |	219
                       Number of splices: AT/AC |	0
               Number of splices: Non-canonical |	0
                      Mismatch rate per base, % |	0.74%
                         Deletion rate per base |	0.35%
                        Deletion average length |	1.00
                        Insertion rate per base |	0.00%
                       Insertion average length |	1.02
                             MULTI-MAPPING READS:
        Number of reads mapped to multiple loci |	169
             % of reads mapped to multiple loci |	0.05%
        Number of reads mapped to too many loci |	22
             % of reads mapped to too many loci |	0.01%
                                  UNMAPPED READS:
       % of reads unmapped: too many mismatches |	0.62%
                 % of reads unmapped: too short |	63.50%
                     % of reads unmapped: other |	0.00%
                                  CHIMERIC READS:
                       Number of chimeric reads |	13
                            % of chimeric reads |	0.00%
