                                 Started job on |	May 07 11:17:46
                             Started mapping on |	May 07 11:17:47
                                    Finished on |	May 07 11:21:06
       Mapping speed, Million of reads per hour |	3.21

                          Number of input reads |	177252
                      Average input read length |	202
                                    UNIQUE READS:
                   Uniquely mapped reads number |	30259
                        Uniquely mapped reads % |	17.07%
                          Average mapped length |	194.49
                       Number of splices: Total |	87670
            Number of splices: Annotated (sjdb) |	87146
                       Number of splices: GT/AG |	87625
                       Number of splices: GC/AG |	45
                       Number of splices: AT/AC |	0
               Number of splices: Non-canonical |	0
                      Mismatch rate per base, % |	0.73%
                         Deletion rate per base |	0.33%
                        Deletion average length |	1.00
                        Insertion rate per base |	0.12%
                       Insertion average length |	11.51
                             MULTI-MAPPING READS:
        Number of reads mapped to multiple loci |	84
             % of reads mapped to multiple loci |	0.05%
        Number of reads mapped to too many loci |	6
             % of reads mapped to too many loci |	0.00%
                                  UNMAPPED READS:
       % of reads unmapped: too many mismatches |	0.26%
                 % of reads unmapped: too short |	82.61%
                     % of reads unmapped: other |	0.00%
                                  CHIMERIC READS:
                       Number of chimeric reads |	10
                            % of chimeric reads |	0.01%
