                                 Started job on |	May 06 04:40:00
                             Started mapping on |	May 06 04:40:01
                                    Finished on |	May 06 04:41:48
       Mapping speed, Million of reads per hour |	12.72

                          Number of input reads |	378055
                      Average input read length |	202
                                    UNIQUE READS:
                   Uniquely mapped reads number |	93176
                        Uniquely mapped reads % |	24.65%
                          Average mapped length |	196.07
                       Number of splices: Total |	199736
            Number of splices: Annotated (sjdb) |	197860
                       Number of splices: GT/AG |	199685
                       Number of splices: GC/AG |	51
                       Number of splices: AT/AC |	0
               Number of splices: Non-canonical |	0
                      Mismatch rate per base, % |	0.73%
                         Deletion rate per base |	0.35%
                        Deletion average length |	1.00
                        Insertion rate per base |	0.00%
                       Insertion average length |	1.17
                             MULTI-MAPPING READS:
        Number of reads mapped to multiple loci |	115
             % of reads mapped to multiple loci |	0.03%
        Number of reads mapped to too many loci |	10
             % of reads mapped to too many loci |	0.00%
                                  UNMAPPED READS:
       % of reads unmapped: too many mismatches |	0.43%
                 % of reads unmapped: too short |	74.89%
                     % of reads unmapped: other |	0.00%
                                  CHIMERIC READS:
                       Number of chimeric reads |	10
                            % of chimeric reads |	0.00%
