                                 Started job on |	May 11 00:04:37
                             Started mapping on |	May 11 00:04:39
                                    Finished on |	May 11 00:07:21
       Mapping speed, Million of reads per hour |	5.23

                          Number of input reads |	235165
                      Average input read length |	202
                                    UNIQUE READS:
                   Uniquely mapped reads number |	56535
                        Uniquely mapped reads % |	24.04%
                          Average mapped length |	196.39
                       Number of splices: Total |	121484
            Number of splices: Annotated (sjdb) |	120319
                       Number of splices: GT/AG |	121396
                       Number of splices: GC/AG |	88
                       Number of splices: AT/AC |	0
               Number of splices: Non-canonical |	0
                      Mismatch rate per base, % |	0.70%
                         Deletion rate per base |	0.36%
                        Deletion average length |	1.00
                        Insertion rate per base |	0.00%
                       Insertion average length |	1.00
                             MULTI-MAPPING READS:
        Number of reads mapped to multiple loci |	70
             % of reads mapped to multiple loci |	0.03%
        Number of reads mapped to too many loci |	10
             % of reads mapped to too many loci |	0.00%
                                  UNMAPPED READS:
       % of reads unmapped: too many mismatches |	0.38%
                 % of reads unmapped: too short |	75.55%
                     % of reads unmapped: other |	0.00%
                                  CHIMERIC READS:
                       Number of chimeric reads |	1
                            % of chimeric reads |	0.00%
