                                 Started job on |	May 09 19:32:09
                             Started mapping on |	May 09 19:32:13
                                    Finished on |	May 09 19:34:50
       Mapping speed, Million of reads per hour |	8.40

                          Number of input reads |	366202
                      Average input read length |	202
                                    UNIQUE READS:
                   Uniquely mapped reads number |	101690
                        Uniquely mapped reads % |	27.77%
                          Average mapped length |	195.08
                       Number of splices: Total |	295345
            Number of splices: Annotated (sjdb) |	293713
                       Number of splices: GT/AG |	295136
                       Number of splices: GC/AG |	209
                       Number of splices: AT/AC |	0
               Number of splices: Non-canonical |	0
                      Mismatch rate per base, % |	0.69%
                         Deletion rate per base |	0.32%
                        Deletion average length |	1.00
                        Insertion rate per base |	0.08%
                       Insertion average length |	11.21
                             MULTI-MAPPING READS:
        Number of reads mapped to multiple loci |	225
             % of reads mapped to multiple loci |	0.06%
        Number of reads mapped to too many loci |	10
             % of reads mapped to too many loci |	0.00%
                                  UNMAPPED READS:
       % of reads unmapped: too many mismatches |	0.46%
                 % of reads unmapped: too short |	71.71%
                     % of reads unmapped: other |	0.00%
                                  CHIMERIC READS:
                       Number of chimeric reads |	20
                            % of chimeric reads |	0.01%
