                                 Started job on |	May 08 15:25:55
                             Started mapping on |	May 08 15:25:57
                                    Finished on |	May 08 15:29:11
       Mapping speed, Million of reads per hour |	5.69

                          Number of input reads |	306678
                      Average input read length |	202
                                    UNIQUE READS:
                   Uniquely mapped reads number |	65098
                        Uniquely mapped reads % |	21.23%
                          Average mapped length |	195.13
                       Number of splices: Total |	192293
            Number of splices: Annotated (sjdb) |	191306
                       Number of splices: GT/AG |	192162
                       Number of splices: GC/AG |	131
                       Number of splices: AT/AC |	0
               Number of splices: Non-canonical |	0
                      Mismatch rate per base, % |	0.69%
                         Deletion rate per base |	0.32%
                        Deletion average length |	1.01
                        Insertion rate per base |	0.07%
                       Insertion average length |	11.22
                             MULTI-MAPPING READS:
        Number of reads mapped to multiple loci |	154
             % of reads mapped to multiple loci |	0.05%
        Number of reads mapped to too many loci |	5
             % of reads mapped to too many loci |	0.00%
                                  UNMAPPED READS:
       % of reads unmapped: too many mismatches |	0.34%
                 % of reads unmapped: too short |	78.38%
                     % of reads unmapped: other |	0.00%
                                  CHIMERIC READS:
                       Number of chimeric reads |	13
                            % of chimeric reads |	0.00%
