                                 Started job on |	May 08 00:03:43
                             Started mapping on |	May 08 00:03:45
                                    Finished on |	May 08 00:06:38
       Mapping speed, Million of reads per hour |	4.47

                          Number of input reads |	214795
                      Average input read length |	202
                                    UNIQUE READS:
                   Uniquely mapped reads number |	45758
                        Uniquely mapped reads % |	21.30%
                          Average mapped length |	194.82
                       Number of splices: Total |	133043
            Number of splices: Annotated (sjdb) |	132336
                       Number of splices: GT/AG |	132913
                       Number of splices: GC/AG |	130
                       Number of splices: AT/AC |	0
               Number of splices: Non-canonical |	0
                      Mismatch rate per base, % |	0.75%
                         Deletion rate per base |	0.32%
                        Deletion average length |	1.00
                        Insertion rate per base |	0.08%
                       Insertion average length |	11.13
                             MULTI-MAPPING READS:
        Number of reads mapped to multiple loci |	136
             % of reads mapped to multiple loci |	0.06%
        Number of reads mapped to too many loci |	9
             % of reads mapped to too many loci |	0.00%
                                  UNMAPPED READS:
       % of reads unmapped: too many mismatches |	0.37%
                 % of reads unmapped: too short |	78.26%
                     % of reads unmapped: other |	0.00%
                                  CHIMERIC READS:
                       Number of chimeric reads |	11
                            % of chimeric reads |	0.01%
