                                 Started job on |	May 08 20:18:14
                             Started mapping on |	May 08 20:18:15
                                    Finished on |	May 08 20:20:49
       Mapping speed, Million of reads per hour |	6.66

                          Number of input reads |	285097
                      Average input read length |	202
                                    UNIQUE READS:
                   Uniquely mapped reads number |	67537
                        Uniquely mapped reads % |	23.69%
                          Average mapped length |	195.20
                       Number of splices: Total |	198401
            Number of splices: Annotated (sjdb) |	197164
                       Number of splices: GT/AG |	198239
                       Number of splices: GC/AG |	162
                       Number of splices: AT/AC |	0
               Number of splices: Non-canonical |	0
                      Mismatch rate per base, % |	0.69%
                         Deletion rate per base |	0.32%
                        Deletion average length |	1.00
                        Insertion rate per base |	0.07%
                       Insertion average length |	11.16
                             MULTI-MAPPING READS:
        Number of reads mapped to multiple loci |	122
             % of reads mapped to multiple loci |	0.04%
        Number of reads mapped to too many loci |	5
             % of reads mapped to too many loci |	0.00%
                                  UNMAPPED READS:
       % of reads unmapped: too many mismatches |	0.40%
                 % of reads unmapped: too short |	75.86%
                     % of reads unmapped: other |	0.00%
                                  CHIMERIC READS:
                       Number of chimeric reads |	12
                            % of chimeric reads |	0.00%
