                                 Started job on |	May 09 00:02:19
                             Started mapping on |	May 09 00:02:21
                                    Finished on |	May 09 00:05:31
       Mapping speed, Million of reads per hour |	6.19

                          Number of input reads |	326523
                      Average input read length |	202
                                    UNIQUE READS:
                   Uniquely mapped reads number |	65848
                        Uniquely mapped reads % |	20.17%
                          Average mapped length |	195.19
                       Number of splices: Total |	192430
            Number of splices: Annotated (sjdb) |	191140
                       Number of splices: GT/AG |	192329
                       Number of splices: GC/AG |	101
                       Number of splices: AT/AC |	0
               Number of splices: Non-canonical |	0
                      Mismatch rate per base, % |	0.68%
                         Deletion rate per base |	0.33%
                        Deletion average length |	1.00
                        Insertion rate per base |	0.07%
                       Insertion average length |	11.03
                             MULTI-MAPPING READS:
        Number of reads mapped to multiple loci |	129
             % of reads mapped to multiple loci |	0.04%
        Number of reads mapped to too many loci |	7
             % of reads mapped to too many loci |	0.00%
                                  UNMAPPED READS:
       % of reads unmapped: too many mismatches |	0.33%
                 % of reads unmapped: too short |	79.46%
                     % of reads unmapped: other |	0.00%
                                  CHIMERIC READS:
                       Number of chimeric reads |	16
                            % of chimeric reads |	0.00%
