                                 Started job on |	May 05 21:02:56
                             Started mapping on |	May 05 21:02:57
                                    Finished on |	May 05 21:05:22
       Mapping speed, Million of reads per hour |	8.65

                          Number of input reads |	348319
                      Average input read length |	202
                                    UNIQUE READS:
                   Uniquely mapped reads number |	64547
                        Uniquely mapped reads % |	18.53%
                          Average mapped length |	196.50
                       Number of splices: Total |	140170
            Number of splices: Annotated (sjdb) |	138717
                       Number of splices: GT/AG |	140152
                       Number of splices: GC/AG |	18
                       Number of splices: AT/AC |	0
               Number of splices: Non-canonical |	0
                      Mismatch rate per base, % |	0.71%
                         Deletion rate per base |	0.36%
                        Deletion average length |	1.00
                        Insertion rate per base |	0.00%
                       Insertion average length |	1.15
                             MULTI-MAPPING READS:
        Number of reads mapped to multiple loci |	71
             % of reads mapped to multiple loci |	0.02%
        Number of reads mapped to too many loci |	9
             % of reads mapped to too many loci |	0.00%
                                  UNMAPPED READS:
       % of reads unmapped: too many mismatches |	0.29%
                 % of reads unmapped: too short |	81.16%
                     % of reads unmapped: other |	0.00%
                                  CHIMERIC READS:
                       Number of chimeric reads |	5
                            % of chimeric reads |	0.00%
