                                 Started job on |	May 11 16:56:52
                             Started mapping on |	May 11 16:56:52
                                    Finished on |	May 11 16:58:36
       Mapping speed, Million of reads per hour |	9.80

                          Number of input reads |	283117
                      Average input read length |	202
                                    UNIQUE READS:
                   Uniquely mapped reads number |	83075
                        Uniquely mapped reads % |	29.34%
                          Average mapped length |	196.44
                       Number of splices: Total |	179163
            Number of splices: Annotated (sjdb) |	177293
                       Number of splices: GT/AG |	179075
                       Number of splices: GC/AG |	88
                       Number of splices: AT/AC |	0
               Number of splices: Non-canonical |	0
                      Mismatch rate per base, % |	0.70%
                         Deletion rate per base |	0.36%
                        Deletion average length |	1.00
                        Insertion rate per base |	0.00%
                       Insertion average length |	1.05
                             MULTI-MAPPING READS:
        Number of reads mapped to multiple loci |	87
             % of reads mapped to multiple loci |	0.03%
        Number of reads mapped to too many loci |	10
             % of reads mapped to too many loci |	0.00%
                                  UNMAPPED READS:
       % of reads unmapped: too many mismatches |	0.50%
                 % of reads unmapped: too short |	70.12%
                     % of reads unmapped: other |	0.00%
                                  CHIMERIC READS:
                       Number of chimeric reads |	5
                            % of chimeric reads |	0.00%
