                                 Started job on |	May 05 02:57:02
                             Started mapping on |	May 05 02:57:04
                                    Finished on |	May 05 02:59:27
       Mapping speed, Million of reads per hour |	4.22

                          Number of input reads |	167773
                      Average input read length |	202
                                    UNIQUE READS:
                   Uniquely mapped reads number |	50476
                        Uniquely mapped reads % |	30.09%
                          Average mapped length |	196.38
                       Number of splices: Total |	109643
            Number of splices: Annotated (sjdb) |	108465
                       Number of splices: GT/AG |	109570
                       Number of splices: GC/AG |	73
                       Number of splices: AT/AC |	0
               Number of splices: Non-canonical |	0
                      Mismatch rate per base, % |	0.69%
                         Deletion rate per base |	0.36%
                        Deletion average length |	1.00
                        Insertion rate per base |	0.00%
                       Insertion average length |	1.48
                             MULTI-MAPPING READS:
        Number of reads mapped to multiple loci |	61
             % of reads mapped to multiple loci |	0.04%
        Number of reads mapped to too many loci |	9
             % of reads mapped to too many loci |	0.01%
                                  UNMAPPED READS:
       % of reads unmapped: too many mismatches |	0.50%
                 % of reads unmapped: too short |	69.38%
                     % of reads unmapped: other |	0.00%
                                  CHIMERIC READS:
                       Number of chimeric reads |	2
                            % of chimeric reads |	0.00%
