                                 Started job on |	May 04 20:59:52
                             Started mapping on |	May 04 20:59:53
                                    Finished on |	May 04 21:01:58
       Mapping speed, Million of reads per hour |	8.70

                          Number of input reads |	302253
                      Average input read length |	202
                                    UNIQUE READS:
                   Uniquely mapped reads number |	76943
                        Uniquely mapped reads % |	25.46%
                          Average mapped length |	196.40
                       Number of splices: Total |	165959
            Number of splices: Annotated (sjdb) |	163950
                       Number of splices: GT/AG |	165856
                       Number of splices: GC/AG |	103
                       Number of splices: AT/AC |	0
               Number of splices: Non-canonical |	0
                      Mismatch rate per base, % |	0.70%
                         Deletion rate per base |	0.36%
                        Deletion average length |	1.00
                        Insertion rate per base |	0.00%
                       Insertion average length |	1.01
                             MULTI-MAPPING READS:
        Number of reads mapped to multiple loci |	103
             % of reads mapped to multiple loci |	0.03%
        Number of reads mapped to too many loci |	12
             % of reads mapped to too many loci |	0.00%
                                  UNMAPPED READS:
       % of reads unmapped: too many mismatches |	0.38%
                 % of reads unmapped: too short |	74.13%
                     % of reads unmapped: other |	0.00%
                                  CHIMERIC READS:
                       Number of chimeric reads |	5
                            % of chimeric reads |	0.00%
