                                 Started job on |	May 10 02:04:30
                             Started mapping on |	May 10 02:04:33
                                    Finished on |	May 10 02:07:49
       Mapping speed, Million of reads per hour |	5.18

                          Number of input reads |	282243
                      Average input read length |	202
                                    UNIQUE READS:
                   Uniquely mapped reads number |	77988
                        Uniquely mapped reads % |	27.63%
                          Average mapped length |	194.42
                       Number of splices: Total |	228067
            Number of splices: Annotated (sjdb) |	226934
                       Number of splices: GT/AG |	227895
                       Number of splices: GC/AG |	172
                       Number of splices: AT/AC |	0
               Number of splices: Non-canonical |	0
                      Mismatch rate per base, % |	0.77%
                         Deletion rate per base |	0.30%
                        Deletion average length |	1.01
                        Insertion rate per base |	0.09%
                       Insertion average length |	11.44
                             MULTI-MAPPING READS:
        Number of reads mapped to multiple loci |	178
             % of reads mapped to multiple loci |	0.06%
        Number of reads mapped to too many loci |	8
             % of reads mapped to too many loci |	0.00%
                                  UNMAPPED READS:
       % of reads unmapped: too many mismatches |	0.52%
                 % of reads unmapped: too short |	71.78%
                     % of reads unmapped: other |	0.00%
                                  CHIMERIC READS:
                       Number of chimeric reads |	18
                            % of chimeric reads |	0.01%
