                                 Started job on |	May 10 21:06:23
                             Started mapping on |	May 10 21:06:24
                                    Finished on |	May 10 21:08:40
       Mapping speed, Million of reads per hour |	8.26

                          Number of input reads |	312153
                      Average input read length |	202
                                    UNIQUE READS:
                   Uniquely mapped reads number |	69651
                        Uniquely mapped reads % |	22.31%
                          Average mapped length |	196.63
                       Number of splices: Total |	150566
            Number of splices: Annotated (sjdb) |	149222
                       Number of splices: GT/AG |	150474
                       Number of splices: GC/AG |	92
                       Number of splices: AT/AC |	0
               Number of splices: Non-canonical |	0
                      Mismatch rate per base, % |	0.69%
                         Deletion rate per base |	0.36%
                        Deletion average length |	1.00
                        Insertion rate per base |	0.00%
                       Insertion average length |	1.07
                             MULTI-MAPPING READS:
        Number of reads mapped to multiple loci |	83
             % of reads mapped to multiple loci |	0.03%
        Number of reads mapped to too many loci |	9
             % of reads mapped to too many loci |	0.00%
                                  UNMAPPED READS:
       % of reads unmapped: too many mismatches |	0.39%
                 % of reads unmapped: too short |	77.27%
                     % of reads unmapped: other |	0.00%
                                  CHIMERIC READS:
                       Number of chimeric reads |	2
                            % of chimeric reads |	0.00%
