                                 Started job on |	May 06 13:39:58
                             Started mapping on |	May 06 13:40:00
                                    Finished on |	May 06 13:42:38
       Mapping speed, Million of reads per hour |	8.58

                          Number of input reads |	376468
                      Average input read length |	202
                                    UNIQUE READS:
                   Uniquely mapped reads number |	78007
                        Uniquely mapped reads % |	20.72%
                          Average mapped length |	196.24
                       Number of splices: Total |	167585
            Number of splices: Annotated (sjdb) |	166065
                       Number of splices: GT/AG |	167510
                       Number of splices: GC/AG |	75
                       Number of splices: AT/AC |	0
               Number of splices: Non-canonical |	0
                      Mismatch rate per base, % |	0.82%
                         Deletion rate per base |	0.37%
                        Deletion average length |	1.00
                        Insertion rate per base |	0.00%
                       Insertion average length |	1.00
                             MULTI-MAPPING READS:
        Number of reads mapped to multiple loci |	95
             % of reads mapped to multiple loci |	0.03%
        Number of reads mapped to too many loci |	9
             % of reads mapped to too many loci |	0.00%
                                  UNMAPPED READS:
       % of reads unmapped: too many mismatches |	0.56%
                 % of reads unmapped: too short |	78.69%
                     % of reads unmapped: other |	0.00%
                                  CHIMERIC READS:
                       Number of chimeric reads |	5
                            % of chimeric reads |	0.00%
