                                 Started job on |	May 11 01:33:44
                             Started mapping on |	May 11 01:33:45
                                    Finished on |	May 11 01:36:14
       Mapping speed, Million of reads per hour |	9.10

                          Number of input reads |	376750
                      Average input read length |	202
                                    UNIQUE READS:
                   Uniquely mapped reads number |	104364
                        Uniquely mapped reads % |	27.70%
                          Average mapped length |	196.33
                       Number of splices: Total |	224679
            Number of splices: Annotated (sjdb) |	222361
                       Number of splices: GT/AG |	224581
                       Number of splices: GC/AG |	98
                       Number of splices: AT/AC |	0
               Number of splices: Non-canonical |	0
                      Mismatch rate per base, % |	0.79%
                         Deletion rate per base |	0.37%
                        Deletion average length |	1.00
                        Insertion rate per base |	0.00%
                       Insertion average length |	1.07
                             MULTI-MAPPING READS:
        Number of reads mapped to multiple loci |	115
             % of reads mapped to multiple loci |	0.03%
        Number of reads mapped to too many loci |	21
             % of reads mapped to too many loci |	0.01%
                                  UNMAPPED READS:
       % of reads unmapped: too many mismatches |	0.70%
                 % of reads unmapped: too short |	71.56%
                     % of reads unmapped: other |	0.00%
                                  CHIMERIC READS:
                       Number of chimeric reads |	1
                            % of chimeric reads |	0.00%
