                                 Started job on |	May 09 21:44:40
                             Started mapping on |	May 09 21:44:42
                                    Finished on |	May 09 21:47:47
       Mapping speed, Million of reads per hour |	7.18

                          Number of input reads |	369089
                      Average input read length |	202
                                    UNIQUE READS:
                   Uniquely mapped reads number |	102670
                        Uniquely mapped reads % |	27.82%
                          Average mapped length |	195.06
                       Number of splices: Total |	290158
            Number of splices: Annotated (sjdb) |	288541
                       Number of splices: GT/AG |	289924
                       Number of splices: GC/AG |	234
                       Number of splices: AT/AC |	0
               Number of splices: Non-canonical |	0
                      Mismatch rate per base, % |	0.78%
                         Deletion rate per base |	0.33%
                        Deletion average length |	1.00
                        Insertion rate per base |	0.09%
                       Insertion average length |	11.44
                             MULTI-MAPPING READS:
        Number of reads mapped to multiple loci |	247
             % of reads mapped to multiple loci |	0.07%
        Number of reads mapped to too many loci |	34
             % of reads mapped to too many loci |	0.01%
                                  UNMAPPED READS:
       % of reads unmapped: too many mismatches |	0.68%
                 % of reads unmapped: too short |	71.42%
                     % of reads unmapped: other |	0.00%
                                  CHIMERIC READS:
                       Number of chimeric reads |	18
                            % of chimeric reads |	0.00%
