                                 Started job on |	May 09 01:43:43
                             Started mapping on |	May 09 01:43:45
                                    Finished on |	May 09 01:46:01
       Mapping speed, Million of reads per hour |	7.32

                          Number of input reads |	276389
                      Average input read length |	202
                                    UNIQUE READS:
                   Uniquely mapped reads number |	57158
                        Uniquely mapped reads % |	20.68%
                          Average mapped length |	194.71
                       Number of splices: Total |	164454
            Number of splices: Annotated (sjdb) |	163361
                       Number of splices: GT/AG |	164321
                       Number of splices: GC/AG |	133
                       Number of splices: AT/AC |	0
               Number of splices: Non-canonical |	0
                      Mismatch rate per base, % |	0.72%
                         Deletion rate per base |	0.32%
                        Deletion average length |	1.00
                        Insertion rate per base |	0.08%
                       Insertion average length |	11.02
                             MULTI-MAPPING READS:
        Number of reads mapped to multiple loci |	132
             % of reads mapped to multiple loci |	0.05%
        Number of reads mapped to too many loci |	10
             % of reads mapped to too many loci |	0.00%
                                  UNMAPPED READS:
       % of reads unmapped: too many mismatches |	0.38%
                 % of reads unmapped: too short |	78.88%
                     % of reads unmapped: other |	0.00%
                                  CHIMERIC READS:
                       Number of chimeric reads |	13
                            % of chimeric reads |	0.00%
