                                 Started job on |	May 11 15:29:52
                             Started mapping on |	May 11 15:29:53
                                    Finished on |	May 11 15:31:41
       Mapping speed, Million of reads per hour |	9.84

                          Number of input reads |	295079
                      Average input read length |	202
                                    UNIQUE READS:
                   Uniquely mapped reads number |	92921
                        Uniquely mapped reads % |	31.49%
                          Average mapped length |	196.06
                       Number of splices: Total |	200554
            Number of splices: Annotated (sjdb) |	198223
                       Number of splices: GT/AG |	200372
                       Number of splices: GC/AG |	182
                       Number of splices: AT/AC |	0
               Number of splices: Non-canonical |	0
                      Mismatch rate per base, % |	0.74%
                         Deletion rate per base |	0.35%
                        Deletion average length |	1.00
                        Insertion rate per base |	0.00%
                       Insertion average length |	1.07
                             MULTI-MAPPING READS:
        Number of reads mapped to multiple loci |	143
             % of reads mapped to multiple loci |	0.05%
        Number of reads mapped to too many loci |	19
             % of reads mapped to too many loci |	0.01%
                                  UNMAPPED READS:
       % of reads unmapped: too many mismatches |	0.56%
                 % of reads unmapped: too short |	67.89%
                     % of reads unmapped: other |	0.00%
                                  CHIMERIC READS:
                       Number of chimeric reads |	7
                            % of chimeric reads |	0.00%
