                                 Started job on |	May 11 03:05:54
                             Started mapping on |	May 11 03:05:55
                                    Finished on |	May 11 03:08:14
       Mapping speed, Million of reads per hour |	7.97

                          Number of input reads |	307870
                      Average input read length |	202
                                    UNIQUE READS:
                   Uniquely mapped reads number |	91304
                        Uniquely mapped reads % |	29.66%
                          Average mapped length |	196.34
                       Number of splices: Total |	197724
            Number of splices: Annotated (sjdb) |	195441
                       Number of splices: GT/AG |	197594
                       Number of splices: GC/AG |	130
                       Number of splices: AT/AC |	0
               Number of splices: Non-canonical |	0
                      Mismatch rate per base, % |	0.71%
                         Deletion rate per base |	0.36%
                        Deletion average length |	1.00
                        Insertion rate per base |	0.00%
                       Insertion average length |	1.05
                             MULTI-MAPPING READS:
        Number of reads mapped to multiple loci |	120
             % of reads mapped to multiple loci |	0.04%
        Number of reads mapped to too many loci |	12
             % of reads mapped to too many loci |	0.00%
                                  UNMAPPED READS:
       % of reads unmapped: too many mismatches |	0.48%
                 % of reads unmapped: too short |	69.82%
                     % of reads unmapped: other |	0.00%
                                  CHIMERIC READS:
                       Number of chimeric reads |	9
                            % of chimeric reads |	0.00%
