                                 Started job on |	May 06 11:57:54
                             Started mapping on |	May 06 11:57:56
                                    Finished on |	May 06 12:00:23
       Mapping speed, Million of reads per hour |	7.91

                          Number of input reads |	323056
                      Average input read length |	202
                                    UNIQUE READS:
                   Uniquely mapped reads number |	80886
                        Uniquely mapped reads % |	25.04%
                          Average mapped length |	195.90
                       Number of splices: Total |	174688
            Number of splices: Annotated (sjdb) |	172857
                       Number of splices: GT/AG |	174602
                       Number of splices: GC/AG |	86
                       Number of splices: AT/AC |	0
               Number of splices: Non-canonical |	0
                      Mismatch rate per base, % |	0.73%
                         Deletion rate per base |	0.35%
                        Deletion average length |	1.00
                        Insertion rate per base |	0.00%
                       Insertion average length |	1.06
                             MULTI-MAPPING READS:
        Number of reads mapped to multiple loci |	106
             % of reads mapped to multiple loci |	0.03%
        Number of reads mapped to too many loci |	11
             % of reads mapped to too many loci |	0.00%
                                  UNMAPPED READS:
       % of reads unmapped: too many mismatches |	0.43%
                 % of reads unmapped: too short |	74.50%
                     % of reads unmapped: other |	0.00%
                                  CHIMERIC READS:
                       Number of chimeric reads |	2
                            % of chimeric reads |	0.00%
