                                 Started job on |	May 06 13:54:44
                             Started mapping on |	May 06 13:54:45
                                    Finished on |	May 06 13:56:57
       Mapping speed, Million of reads per hour |	7.52

                          Number of input reads |	275780
                      Average input read length |	202
                                    UNIQUE READS:
                   Uniquely mapped reads number |	68026
                        Uniquely mapped reads % |	24.67%
                          Average mapped length |	195.97
                       Number of splices: Total |	146200
            Number of splices: Annotated (sjdb) |	144803
                       Number of splices: GT/AG |	146149
                       Number of splices: GC/AG |	51
                       Number of splices: AT/AC |	0
               Number of splices: Non-canonical |	0
                      Mismatch rate per base, % |	0.82%
                         Deletion rate per base |	0.36%
                        Deletion average length |	1.00
                        Insertion rate per base |	0.00%
                       Insertion average length |	1.08
                             MULTI-MAPPING READS:
        Number of reads mapped to multiple loci |	81
             % of reads mapped to multiple loci |	0.03%
        Number of reads mapped to too many loci |	14
             % of reads mapped to too many loci |	0.01%
                                  UNMAPPED READS:
       % of reads unmapped: too many mismatches |	0.66%
                 % of reads unmapped: too short |	74.64%
                     % of reads unmapped: other |	0.00%
                                  CHIMERIC READS:
                       Number of chimeric reads |	4
                            % of chimeric reads |	0.00%
