                                 Started job on |	May 11 01:21:18
                             Started mapping on |	May 11 01:21:19
                                    Finished on |	May 11 01:23:13
       Mapping speed, Million of reads per hour |	9.88

                          Number of input reads |	312977
                      Average input read length |	202
                                    UNIQUE READS:
                   Uniquely mapped reads number |	78896
                        Uniquely mapped reads % |	25.21%
                          Average mapped length |	196.36
                       Number of splices: Total |	168359
            Number of splices: Annotated (sjdb) |	166346
                       Number of splices: GT/AG |	168261
                       Number of splices: GC/AG |	98
                       Number of splices: AT/AC |	0
               Number of splices: Non-canonical |	0
                      Mismatch rate per base, % |	0.78%
                         Deletion rate per base |	0.38%
                        Deletion average length |	1.00
                        Insertion rate per base |	0.00%
                       Insertion average length |	1.15
                             MULTI-MAPPING READS:
        Number of reads mapped to multiple loci |	112
             % of reads mapped to multiple loci |	0.04%
        Number of reads mapped to too many loci |	17
             % of reads mapped to too many loci |	0.01%
                                  UNMAPPED READS:
       % of reads unmapped: too many mismatches |	0.63%
                 % of reads unmapped: too short |	74.12%
                     % of reads unmapped: other |	0.00%
                                  CHIMERIC READS:
                       Number of chimeric reads |	8
                            % of chimeric reads |	0.00%
