                                 Started job on |	May 11 03:19:50
                             Started mapping on |	May 11 03:19:51
                                    Finished on |	May 11 03:22:28
       Mapping speed, Million of reads per hour |	7.79

                          Number of input reads |	339636
                      Average input read length |	202
                                    UNIQUE READS:
                   Uniquely mapped reads number |	86616
                        Uniquely mapped reads % |	25.50%
                          Average mapped length |	196.72
                       Number of splices: Total |	185290
            Number of splices: Annotated (sjdb) |	183418
                       Number of splices: GT/AG |	185236
                       Number of splices: GC/AG |	54
                       Number of splices: AT/AC |	0
               Number of splices: Non-canonical |	0
                      Mismatch rate per base, % |	0.70%
                         Deletion rate per base |	0.36%
                        Deletion average length |	1.00
                        Insertion rate per base |	0.00%
                       Insertion average length |	1.04
                             MULTI-MAPPING READS:
        Number of reads mapped to multiple loci |	113
             % of reads mapped to multiple loci |	0.03%
        Number of reads mapped to too many loci |	13
             % of reads mapped to too many loci |	0.00%
                                  UNMAPPED READS:
       % of reads unmapped: too many mismatches |	0.41%
                 % of reads unmapped: too short |	74.05%
                     % of reads unmapped: other |	0.00%
                                  CHIMERIC READS:
                       Number of chimeric reads |	7
                            % of chimeric reads |	0.00%
