                                 Started job on |	May 09 20:56:23
                             Started mapping on |	May 09 20:56:25
                                    Finished on |	May 09 20:59:49
       Mapping speed, Million of reads per hour |	5.00

                          Number of input reads |	283481
                      Average input read length |	202
                                    UNIQUE READS:
                   Uniquely mapped reads number |	69790
                        Uniquely mapped reads % |	24.62%
                          Average mapped length |	194.98
                       Number of splices: Total |	204975
            Number of splices: Annotated (sjdb) |	203849
                       Number of splices: GT/AG |	204819
                       Number of splices: GC/AG |	156
                       Number of splices: AT/AC |	0
               Number of splices: Non-canonical |	0
                      Mismatch rate per base, % |	0.76%
                         Deletion rate per base |	0.33%
                        Deletion average length |	1.00
                        Insertion rate per base |	0.10%
                       Insertion average length |	11.43
                             MULTI-MAPPING READS:
        Number of reads mapped to multiple loci |	165
             % of reads mapped to multiple loci |	0.06%
        Number of reads mapped to too many loci |	16
             % of reads mapped to too many loci |	0.01%
                                  UNMAPPED READS:
       % of reads unmapped: too many mismatches |	0.57%
                 % of reads unmapped: too short |	74.75%
                     % of reads unmapped: other |	0.00%
                                  CHIMERIC READS:
                       Number of chimeric reads |	15
                            % of chimeric reads |	0.01%
