                                 Started job on |	May 11 16:33:29
                             Started mapping on |	May 11 16:33:30
                                    Finished on |	May 11 16:35:30
       Mapping speed, Million of reads per hour |	11.14

                          Number of input reads |	371205
                      Average input read length |	202
                                    UNIQUE READS:
                   Uniquely mapped reads number |	122098
                        Uniquely mapped reads % |	32.89%
                          Average mapped length |	196.06
                       Number of splices: Total |	261478
            Number of splices: Annotated (sjdb) |	258559
                       Number of splices: GT/AG |	261221
                       Number of splices: GC/AG |	257
                       Number of splices: AT/AC |	0
               Number of splices: Non-canonical |	0
                      Mismatch rate per base, % |	0.73%
                         Deletion rate per base |	0.35%
                        Deletion average length |	1.00
                        Insertion rate per base |	0.00%
                       Insertion average length |	1.27
                             MULTI-MAPPING READS:
        Number of reads mapped to multiple loci |	180
             % of reads mapped to multiple loci |	0.05%
        Number of reads mapped to too many loci |	29
             % of reads mapped to too many loci |	0.01%
                                  UNMAPPED READS:
       % of reads unmapped: too many mismatches |	0.58%
                 % of reads unmapped: too short |	66.47%
                     % of reads unmapped: other |	0.00%
                                  CHIMERIC READS:
                       Number of chimeric reads |	8
                            % of chimeric reads |	0.00%
