                                 Started job on |	May 06 12:15:56
                             Started mapping on |	May 06 12:15:59
                                    Finished on |	May 06 12:18:19
       Mapping speed, Million of reads per hour |	9.79

                          Number of input reads |	380554
                      Average input read length |	202
                                    UNIQUE READS:
                   Uniquely mapped reads number |	84670
                        Uniquely mapped reads % |	22.25%
                          Average mapped length |	196.30
                       Number of splices: Total |	183214
            Number of splices: Annotated (sjdb) |	181627
                       Number of splices: GT/AG |	183166
                       Number of splices: GC/AG |	48
                       Number of splices: AT/AC |	0
               Number of splices: Non-canonical |	0
                      Mismatch rate per base, % |	0.72%
                         Deletion rate per base |	0.35%
                        Deletion average length |	1.00
                        Insertion rate per base |	0.00%
                       Insertion average length |	1.20
                             MULTI-MAPPING READS:
        Number of reads mapped to multiple loci |	115
             % of reads mapped to multiple loci |	0.03%
        Number of reads mapped to too many loci |	6
             % of reads mapped to too many loci |	0.00%
                                  UNMAPPED READS:
       % of reads unmapped: too many mismatches |	0.35%
                 % of reads unmapped: too short |	77.37%
                     % of reads unmapped: other |	0.00%
                                  CHIMERIC READS:
                       Number of chimeric reads |	3
                            % of chimeric reads |	0.00%
