                                 Started job on |	May 09 20:13:43
                             Started mapping on |	May 09 20:13:44
                                    Finished on |	May 09 20:16:33
       Mapping speed, Million of reads per hour |	7.82

                          Number of input reads |	367163
                      Average input read length |	202
                                    UNIQUE READS:
                   Uniquely mapped reads number |	93293
                        Uniquely mapped reads % |	25.41%
                          Average mapped length |	195.06
                       Number of splices: Total |	267503
            Number of splices: Annotated (sjdb) |	265914
                       Number of splices: GT/AG |	267386
                       Number of splices: GC/AG |	117
                       Number of splices: AT/AC |	0
               Number of splices: Non-canonical |	0
                      Mismatch rate per base, % |	0.70%
                         Deletion rate per base |	0.32%
                        Deletion average length |	1.00
                        Insertion rate per base |	0.07%
                       Insertion average length |	11.16
                             MULTI-MAPPING READS:
        Number of reads mapped to multiple loci |	194
             % of reads mapped to multiple loci |	0.05%
        Number of reads mapped to too many loci |	4
             % of reads mapped to too many loci |	0.00%
                                  UNMAPPED READS:
       % of reads unmapped: too many mismatches |	0.45%
                 % of reads unmapped: too short |	74.08%
                     % of reads unmapped: other |	0.00%
                                  CHIMERIC READS:
                       Number of chimeric reads |	19
                            % of chimeric reads |	0.01%
