                                 Started job on |	May 11 13:46:10
                             Started mapping on |	May 11 13:46:11
                                    Finished on |	May 11 13:48:13
       Mapping speed, Million of reads per hour |	8.78

                          Number of input reads |	297558
                      Average input read length |	202
                                    UNIQUE READS:
                   Uniquely mapped reads number |	97727
                        Uniquely mapped reads % |	32.84%
                          Average mapped length |	196.18
                       Number of splices: Total |	209859
            Number of splices: Annotated (sjdb) |	207493
                       Number of splices: GT/AG |	209721
                       Number of splices: GC/AG |	138
                       Number of splices: AT/AC |	0
               Number of splices: Non-canonical |	0
                      Mismatch rate per base, % |	0.73%
                         Deletion rate per base |	0.36%
                        Deletion average length |	1.00
                        Insertion rate per base |	0.00%
                       Insertion average length |	1.35
                             MULTI-MAPPING READS:
        Number of reads mapped to multiple loci |	137
             % of reads mapped to multiple loci |	0.05%
        Number of reads mapped to too many loci |	23
             % of reads mapped to too many loci |	0.01%
                                  UNMAPPED READS:
       % of reads unmapped: too many mismatches |	0.57%
                 % of reads unmapped: too short |	66.54%
                     % of reads unmapped: other |	0.00%
                                  CHIMERIC READS:
                       Number of chimeric reads |	8
                            % of chimeric reads |	0.00%
