                                 Started job on |	May 10 19:55:38
                             Started mapping on |	May 10 19:55:39
                                    Finished on |	May 10 19:57:43
       Mapping speed, Million of reads per hour |	9.36

                          Number of input reads |	322281
                      Average input read length |	202
                                    UNIQUE READS:
                   Uniquely mapped reads number |	75171
                        Uniquely mapped reads % |	23.32%
                          Average mapped length |	194.74
                       Number of splices: Total |	215334
            Number of splices: Annotated (sjdb) |	214049
                       Number of splices: GT/AG |	215133
                       Number of splices: GC/AG |	201
                       Number of splices: AT/AC |	0
               Number of splices: Non-canonical |	0
                      Mismatch rate per base, % |	0.75%
                         Deletion rate per base |	0.32%
                        Deletion average length |	1.01
                        Insertion rate per base |	0.09%
                       Insertion average length |	11.29
                             MULTI-MAPPING READS:
        Number of reads mapped to multiple loci |	177
             % of reads mapped to multiple loci |	0.05%
        Number of reads mapped to too many loci |	14
             % of reads mapped to too many loci |	0.00%
                                  UNMAPPED READS:
       % of reads unmapped: too many mismatches |	0.44%
                 % of reads unmapped: too short |	76.17%
                     % of reads unmapped: other |	0.00%
                                  CHIMERIC READS:
                       Number of chimeric reads |	12
                            % of chimeric reads |	0.00%
