                                 Started job on |	May 09 01:12:25
                             Started mapping on |	May 09 01:12:27
                                    Finished on |	May 09 01:14:25
       Mapping speed, Million of reads per hour |	8.41

                          Number of input reads |	275712
                      Average input read length |	202
                                    UNIQUE READS:
                   Uniquely mapped reads number |	63898
                        Uniquely mapped reads % |	23.18%
                          Average mapped length |	195.20
                       Number of splices: Total |	186373
            Number of splices: Annotated (sjdb) |	185428
                       Number of splices: GT/AG |	186277
                       Number of splices: GC/AG |	96
                       Number of splices: AT/AC |	0
               Number of splices: Non-canonical |	0
                      Mismatch rate per base, % |	0.70%
                         Deletion rate per base |	0.31%
                        Deletion average length |	1.00
                        Insertion rate per base |	0.09%
                       Insertion average length |	11.14
                             MULTI-MAPPING READS:
        Number of reads mapped to multiple loci |	121
             % of reads mapped to multiple loci |	0.04%
        Number of reads mapped to too many loci |	6
             % of reads mapped to too many loci |	0.00%
                                  UNMAPPED READS:
       % of reads unmapped: too many mismatches |	0.36%
                 % of reads unmapped: too short |	76.42%
                     % of reads unmapped: other |	0.00%
                                  CHIMERIC READS:
                       Number of chimeric reads |	6
                            % of chimeric reads |	0.00%
