                                 Started job on |	May 11 02:48:28
                             Started mapping on |	May 11 02:48:28
                                    Finished on |	May 11 02:50:44
       Mapping speed, Million of reads per hour |	9.53

                          Number of input reads |	359934
                      Average input read length |	202
                                    UNIQUE READS:
                   Uniquely mapped reads number |	86508
                        Uniquely mapped reads % |	24.03%
                          Average mapped length |	196.83
                       Number of splices: Total |	187857
            Number of splices: Annotated (sjdb) |	186153
                       Number of splices: GT/AG |	187786
                       Number of splices: GC/AG |	71
                       Number of splices: AT/AC |	0
               Number of splices: Non-canonical |	0
                      Mismatch rate per base, % |	0.70%
                         Deletion rate per base |	0.36%
                        Deletion average length |	1.00
                        Insertion rate per base |	0.00%
                       Insertion average length |	1.03
                             MULTI-MAPPING READS:
        Number of reads mapped to multiple loci |	127
             % of reads mapped to multiple loci |	0.04%
        Number of reads mapped to too many loci |	17
             % of reads mapped to too many loci |	0.00%
                                  UNMAPPED READS:
       % of reads unmapped: too many mismatches |	0.42%
                 % of reads unmapped: too short |	75.51%
                     % of reads unmapped: other |	0.00%
                                  CHIMERIC READS:
                       Number of chimeric reads |	11
                            % of chimeric reads |	0.00%
