                                 Started job on |	May 10 05:38:36
                             Started mapping on |	May 10 05:38:37
                                    Finished on |	May 10 05:40:26
       Mapping speed, Million of reads per hour |	11.65

                          Number of input reads |	352758
                      Average input read length |	202
                                    UNIQUE READS:
                   Uniquely mapped reads number |	85212
                        Uniquely mapped reads % |	24.16%
                          Average mapped length |	196.39
                       Number of splices: Total |	181419
            Number of splices: Annotated (sjdb) |	179609
                       Number of splices: GT/AG |	181284
                       Number of splices: GC/AG |	135
                       Number of splices: AT/AC |	0
               Number of splices: Non-canonical |	0
                      Mismatch rate per base, % |	0.71%
                         Deletion rate per base |	0.36%
                        Deletion average length |	1.00
                        Insertion rate per base |	0.00%
                       Insertion average length |	1.37
                             MULTI-MAPPING READS:
        Number of reads mapped to multiple loci |	128
             % of reads mapped to multiple loci |	0.04%
        Number of reads mapped to too many loci |	8
             % of reads mapped to too many loci |	0.00%
                                  UNMAPPED READS:
       % of reads unmapped: too many mismatches |	0.41%
                 % of reads unmapped: too short |	75.39%
                     % of reads unmapped: other |	0.00%
                                  CHIMERIC READS:
                       Number of chimeric reads |	5
                            % of chimeric reads |	0.00%
