                                 Started job on |	May 05 08:29:34
                             Started mapping on |	May 05 08:29:35
                                    Finished on |	May 05 08:31:40
       Mapping speed, Million of reads per hour |	10.33

                          Number of input reads |	358773
                      Average input read length |	202
                                    UNIQUE READS:
                   Uniquely mapped reads number |	72319
                        Uniquely mapped reads % |	20.16%
                          Average mapped length |	196.73
                       Number of splices: Total |	156876
            Number of splices: Annotated (sjdb) |	155361
                       Number of splices: GT/AG |	156808
                       Number of splices: GC/AG |	68
                       Number of splices: AT/AC |	0
               Number of splices: Non-canonical |	0
                      Mismatch rate per base, % |	0.69%
                         Deletion rate per base |	0.37%
                        Deletion average length |	1.00
                        Insertion rate per base |	0.00%
                       Insertion average length |	1.03
                             MULTI-MAPPING READS:
        Number of reads mapped to multiple loci |	76
             % of reads mapped to multiple loci |	0.02%
        Number of reads mapped to too many loci |	18
             % of reads mapped to too many loci |	0.01%
                                  UNMAPPED READS:
       % of reads unmapped: too many mismatches |	0.31%
                 % of reads unmapped: too short |	79.51%
                     % of reads unmapped: other |	0.00%
                                  CHIMERIC READS:
                       Number of chimeric reads |	5
                            % of chimeric reads |	0.00%
