                                 Started job on |	May 09 10:39:22
                             Started mapping on |	May 09 10:39:23
                                    Finished on |	May 09 10:41:56
       Mapping speed, Million of reads per hour |	7.63

                          Number of input reads |	324326
                      Average input read length |	202
                                    UNIQUE READS:
                   Uniquely mapped reads number |	76925
                        Uniquely mapped reads % |	23.72%
                          Average mapped length |	195.05
                       Number of splices: Total |	223045
            Number of splices: Annotated (sjdb) |	221669
                       Number of splices: GT/AG |	222841
                       Number of splices: GC/AG |	204
                       Number of splices: AT/AC |	0
               Number of splices: Non-canonical |	0
                      Mismatch rate per base, % |	0.74%
                         Deletion rate per base |	0.32%
                        Deletion average length |	1.00
                        Insertion rate per base |	0.08%
                       Insertion average length |	11.14
                             MULTI-MAPPING READS:
        Number of reads mapped to multiple loci |	166
             % of reads mapped to multiple loci |	0.05%
        Number of reads mapped to too many loci |	9
             % of reads mapped to too many loci |	0.00%
                                  UNMAPPED READS:
       % of reads unmapped: too many mismatches |	0.43%
                 % of reads unmapped: too short |	75.80%
                     % of reads unmapped: other |	0.00%
                                  CHIMERIC READS:
                       Number of chimeric reads |	11
                            % of chimeric reads |	0.00%
