                                 Started job on |	May 06 19:45:29
                             Started mapping on |	May 06 19:45:30
                                    Finished on |	May 06 19:47:44
       Mapping speed, Million of reads per hour |	8.84

                          Number of input reads |	329113
                      Average input read length |	202
                                    UNIQUE READS:
                   Uniquely mapped reads number |	67704
                        Uniquely mapped reads % |	20.57%
                          Average mapped length |	195.06
                       Number of splices: Total |	199222
            Number of splices: Annotated (sjdb) |	198251
                       Number of splices: GT/AG |	199030
                       Number of splices: GC/AG |	192
                       Number of splices: AT/AC |	0
               Number of splices: Non-canonical |	0
                      Mismatch rate per base, % |	0.74%
                         Deletion rate per base |	0.33%
                        Deletion average length |	1.00
                        Insertion rate per base |	0.10%
                       Insertion average length |	11.46
                             MULTI-MAPPING READS:
        Number of reads mapped to multiple loci |	160
             % of reads mapped to multiple loci |	0.05%
        Number of reads mapped to too many loci |	14
             % of reads mapped to too many loci |	0.00%
                                  UNMAPPED READS:
       % of reads unmapped: too many mismatches |	0.38%
                 % of reads unmapped: too short |	79.00%
                     % of reads unmapped: other |	0.00%
                                  CHIMERIC READS:
                       Number of chimeric reads |	17
                            % of chimeric reads |	0.01%
