                                 Started job on |	May 11 04:06:23
                             Started mapping on |	May 11 04:06:24
                                    Finished on |	May 11 04:07:49
       Mapping speed, Million of reads per hour |	14.03

                          Number of input reads |	331266
                      Average input read length |	202
                                    UNIQUE READS:
                   Uniquely mapped reads number |	107341
                        Uniquely mapped reads % |	32.40%
                          Average mapped length |	196.37
                       Number of splices: Total |	231969
            Number of splices: Annotated (sjdb) |	229872
                       Number of splices: GT/AG |	231819
                       Number of splices: GC/AG |	150
                       Number of splices: AT/AC |	0
               Number of splices: Non-canonical |	0
                      Mismatch rate per base, % |	0.72%
                         Deletion rate per base |	0.35%
                        Deletion average length |	1.00
                        Insertion rate per base |	0.00%
                       Insertion average length |	1.09
                             MULTI-MAPPING READS:
        Number of reads mapped to multiple loci |	162
             % of reads mapped to multiple loci |	0.05%
        Number of reads mapped to too many loci |	20
             % of reads mapped to too many loci |	0.01%
                                  UNMAPPED READS:
       % of reads unmapped: too many mismatches |	0.55%
                 % of reads unmapped: too short |	67.00%
                     % of reads unmapped: other |	0.00%
                                  CHIMERIC READS:
                       Number of chimeric reads |	8
                            % of chimeric reads |	0.00%
