                                 Started job on |	May 06 11:28:26
                             Started mapping on |	May 06 11:28:27
                                    Finished on |	May 06 11:30:03
       Mapping speed, Million of reads per hour |	10.80

                          Number of input reads |	288123
                      Average input read length |	202
                                    UNIQUE READS:
                   Uniquely mapped reads number |	82986
                        Uniquely mapped reads % |	28.80%
                          Average mapped length |	195.87
                       Number of splices: Total |	179094
            Number of splices: Annotated (sjdb) |	176792
                       Number of splices: GT/AG |	179007
                       Number of splices: GC/AG |	87
                       Number of splices: AT/AC |	0
               Number of splices: Non-canonical |	0
                      Mismatch rate per base, % |	0.74%
                         Deletion rate per base |	0.35%
                        Deletion average length |	1.00
                        Insertion rate per base |	0.00%
                       Insertion average length |	1.11
                             MULTI-MAPPING READS:
        Number of reads mapped to multiple loci |	127
             % of reads mapped to multiple loci |	0.04%
        Number of reads mapped to too many loci |	18
             % of reads mapped to too many loci |	0.01%
                                  UNMAPPED READS:
       % of reads unmapped: too many mismatches |	0.45%
                 % of reads unmapped: too short |	70.70%
                     % of reads unmapped: other |	0.00%
                                  CHIMERIC READS:
                       Number of chimeric reads |	8
                            % of chimeric reads |	0.00%
