                                 Started job on |	May 05 02:00:45
                             Started mapping on |	May 05 02:00:47
                                    Finished on |	May 05 02:03:27
       Mapping speed, Million of reads per hour |	5.05

                          Number of input reads |	224654
                      Average input read length |	202
                                    UNIQUE READS:
                   Uniquely mapped reads number |	63735
                        Uniquely mapped reads % |	28.37%
                          Average mapped length |	196.42
                       Number of splices: Total |	137346
            Number of splices: Annotated (sjdb) |	135638
                       Number of splices: GT/AG |	137290
                       Number of splices: GC/AG |	56
                       Number of splices: AT/AC |	0
               Number of splices: Non-canonical |	0
                      Mismatch rate per base, % |	0.68%
                         Deletion rate per base |	0.36%
                        Deletion average length |	1.00
                        Insertion rate per base |	0.00%
                       Insertion average length |	1.15
                             MULTI-MAPPING READS:
        Number of reads mapped to multiple loci |	79
             % of reads mapped to multiple loci |	0.04%
        Number of reads mapped to too many loci |	5
             % of reads mapped to too many loci |	0.00%
                                  UNMAPPED READS:
       % of reads unmapped: too many mismatches |	0.42%
                 % of reads unmapped: too short |	71.17%
                     % of reads unmapped: other |	0.00%
                                  CHIMERIC READS:
                       Number of chimeric reads |	5
                            % of chimeric reads |	0.00%
