                                 Started job on |	May 09 21:50:21
                             Started mapping on |	May 09 21:50:22
                                    Finished on |	May 09 21:53:42
       Mapping speed, Million of reads per hour |	6.11

                          Number of input reads |	339430
                      Average input read length |	202
                                    UNIQUE READS:
                   Uniquely mapped reads number |	88712
                        Uniquely mapped reads % |	26.14%
                          Average mapped length |	194.97
                       Number of splices: Total |	254964
            Number of splices: Annotated (sjdb) |	253523
                       Number of splices: GT/AG |	254742
                       Number of splices: GC/AG |	222
                       Number of splices: AT/AC |	0
               Number of splices: Non-canonical |	0
                      Mismatch rate per base, % |	0.77%
                         Deletion rate per base |	0.33%
                        Deletion average length |	1.00
                        Insertion rate per base |	0.09%
                       Insertion average length |	11.13
                             MULTI-MAPPING READS:
        Number of reads mapped to multiple loci |	211
             % of reads mapped to multiple loci |	0.06%
        Number of reads mapped to too many loci |	19
             % of reads mapped to too many loci |	0.01%
                                  UNMAPPED READS:
       % of reads unmapped: too many mismatches |	0.63%
                 % of reads unmapped: too short |	73.17%
                     % of reads unmapped: other |	0.00%
                                  CHIMERIC READS:
                       Number of chimeric reads |	14
                            % of chimeric reads |	0.00%
