                                 Started job on |	May 08 04:01:37
                             Started mapping on |	May 08 04:01:38
                                    Finished on |	May 08 04:03:45
       Mapping speed, Million of reads per hour |	8.20

                          Number of input reads |	289237
                      Average input read length |	202
                                    UNIQUE READS:
                   Uniquely mapped reads number |	63553
                        Uniquely mapped reads % |	21.97%
                          Average mapped length |	195.94
                       Number of splices: Total |	182889
            Number of splices: Annotated (sjdb) |	181981
                       Number of splices: GT/AG |	182827
                       Number of splices: GC/AG |	62
                       Number of splices: AT/AC |	0
               Number of splices: Non-canonical |	0
                      Mismatch rate per base, % |	0.75%
                         Deletion rate per base |	0.35%
                        Deletion average length |	1.00
                        Insertion rate per base |	0.04%
                       Insertion average length |	10.56
                             MULTI-MAPPING READS:
        Number of reads mapped to multiple loci |	90
             % of reads mapped to multiple loci |	0.03%
        Number of reads mapped to too many loci |	2
             % of reads mapped to too many loci |	0.00%
                                  UNMAPPED READS:
       % of reads unmapped: too many mismatches |	0.49%
                 % of reads unmapped: too short |	77.50%
                     % of reads unmapped: other |	0.00%
                                  CHIMERIC READS:
                       Number of chimeric reads |	6
                            % of chimeric reads |	0.00%
