                                 Started job on |	May 06 14:05:36
                             Started mapping on |	May 06 14:05:37
                                    Finished on |	May 06 14:08:48
       Mapping speed, Million of reads per hour |	6.92

                          Number of input reads |	367000
                      Average input read length |	202
                                    UNIQUE READS:
                   Uniquely mapped reads number |	71645
                        Uniquely mapped reads % |	19.52%
                          Average mapped length |	196.43
                       Number of splices: Total |	153669
            Number of splices: Annotated (sjdb) |	152433
                       Number of splices: GT/AG |	153625
                       Number of splices: GC/AG |	44
                       Number of splices: AT/AC |	0
               Number of splices: Non-canonical |	0
                      Mismatch rate per base, % |	0.82%
                         Deletion rate per base |	0.37%
                        Deletion average length |	1.00
                        Insertion rate per base |	0.00%
                       Insertion average length |	1.13
                             MULTI-MAPPING READS:
        Number of reads mapped to multiple loci |	79
             % of reads mapped to multiple loci |	0.02%
        Number of reads mapped to too many loci |	14
             % of reads mapped to too many loci |	0.00%
                                  UNMAPPED READS:
       % of reads unmapped: too many mismatches |	0.49%
                 % of reads unmapped: too short |	79.96%
                     % of reads unmapped: other |	0.00%
                                  CHIMERIC READS:
                       Number of chimeric reads |	4
                            % of chimeric reads |	0.00%
