                                 Started job on |	May 11 01:29:05
                             Started mapping on |	May 11 01:29:06
                                    Finished on |	May 11 01:31:48
       Mapping speed, Million of reads per hour |	8.07

                          Number of input reads |	362972
                      Average input read length |	202
                                    UNIQUE READS:
                   Uniquely mapped reads number |	106119
                        Uniquely mapped reads % |	29.24%
                          Average mapped length |	196.35
                       Number of splices: Total |	228716
            Number of splices: Annotated (sjdb) |	225881
                       Number of splices: GT/AG |	228577
                       Number of splices: GC/AG |	139
                       Number of splices: AT/AC |	0
               Number of splices: Non-canonical |	0
                      Mismatch rate per base, % |	0.79%
                         Deletion rate per base |	0.37%
                        Deletion average length |	1.00
                        Insertion rate per base |	0.00%
                       Insertion average length |	1.02
                             MULTI-MAPPING READS:
        Number of reads mapped to multiple loci |	124
             % of reads mapped to multiple loci |	0.03%
        Number of reads mapped to too many loci |	27
             % of reads mapped to too many loci |	0.01%
                                  UNMAPPED READS:
       % of reads unmapped: too many mismatches |	0.69%
                 % of reads unmapped: too short |	70.03%
                     % of reads unmapped: other |	0.00%
                                  CHIMERIC READS:
                       Number of chimeric reads |	8
                            % of chimeric reads |	0.00%
