                                 Started job on |	May 08 04:09:23
                             Started mapping on |	May 08 04:09:24
                                    Finished on |	May 08 04:12:48
       Mapping speed, Million of reads per hour |	4.38

                          Number of input reads |	248206
                      Average input read length |	202
                                    UNIQUE READS:
                   Uniquely mapped reads number |	54291
                        Uniquely mapped reads % |	21.87%
                          Average mapped length |	195.91
                       Number of splices: Total |	157159
            Number of splices: Annotated (sjdb) |	156294
                       Number of splices: GT/AG |	157089
                       Number of splices: GC/AG |	70
                       Number of splices: AT/AC |	0
               Number of splices: Non-canonical |	0
                      Mismatch rate per base, % |	0.68%
                         Deletion rate per base |	0.34%
                        Deletion average length |	1.00
                        Insertion rate per base |	0.06%
                       Insertion average length |	10.89
                             MULTI-MAPPING READS:
        Number of reads mapped to multiple loci |	93
             % of reads mapped to multiple loci |	0.04%
        Number of reads mapped to too many loci |	2
             % of reads mapped to too many loci |	0.00%
                                  UNMAPPED READS:
       % of reads unmapped: too many mismatches |	0.35%
                 % of reads unmapped: too short |	77.73%
                     % of reads unmapped: other |	0.00%
                                  CHIMERIC READS:
                       Number of chimeric reads |	6
                            % of chimeric reads |	0.00%
