                                 Started job on |	May 11 02:34:37
                             Started mapping on |	May 11 02:34:38
                                    Finished on |	May 11 02:36:39
       Mapping speed, Million of reads per hour |	9.51

                          Number of input reads |	319527
                      Average input read length |	202
                                    UNIQUE READS:
                   Uniquely mapped reads number |	71765
                        Uniquely mapped reads % |	22.46%
                          Average mapped length |	196.63
                       Number of splices: Total |	153509
            Number of splices: Annotated (sjdb) |	152082
                       Number of splices: GT/AG |	153421
                       Number of splices: GC/AG |	88
                       Number of splices: AT/AC |	0
               Number of splices: Non-canonical |	0
                      Mismatch rate per base, % |	0.78%
                         Deletion rate per base |	0.38%
                        Deletion average length |	1.00
                        Insertion rate per base |	0.00%
                       Insertion average length |	1.09
                             MULTI-MAPPING READS:
        Number of reads mapped to multiple loci |	90
             % of reads mapped to multiple loci |	0.03%
        Number of reads mapped to too many loci |	14
             % of reads mapped to too many loci |	0.00%
                                  UNMAPPED READS:
       % of reads unmapped: too many mismatches |	0.54%
                 % of reads unmapped: too short |	76.97%
                     % of reads unmapped: other |	0.00%
                                  CHIMERIC READS:
                       Number of chimeric reads |	13
                            % of chimeric reads |	0.00%
