                                 Started job on |	May 06 10:55:14
                             Started mapping on |	May 06 10:55:15
                                    Finished on |	May 06 10:56:51
       Mapping speed, Million of reads per hour |	12.69

                          Number of input reads |	338526
                      Average input read length |	202
                                    UNIQUE READS:
                   Uniquely mapped reads number |	93114
                        Uniquely mapped reads % |	27.51%
                          Average mapped length |	195.93
                       Number of splices: Total |	201394
            Number of splices: Annotated (sjdb) |	199287
                       Number of splices: GT/AG |	201313
                       Number of splices: GC/AG |	81
                       Number of splices: AT/AC |	0
               Number of splices: Non-canonical |	0
                      Mismatch rate per base, % |	0.73%
                         Deletion rate per base |	0.34%
                        Deletion average length |	1.00
                        Insertion rate per base |	0.00%
                       Insertion average length |	1.45
                             MULTI-MAPPING READS:
        Number of reads mapped to multiple loci |	122
             % of reads mapped to multiple loci |	0.04%
        Number of reads mapped to too many loci |	18
             % of reads mapped to too many loci |	0.01%
                                  UNMAPPED READS:
       % of reads unmapped: too many mismatches |	0.42%
                 % of reads unmapped: too short |	72.03%
                     % of reads unmapped: other |	0.00%
                                  CHIMERIC READS:
                       Number of chimeric reads |	8
                            % of chimeric reads |	0.00%
