                                 Started job on |	May 11 02:36:41
                             Started mapping on |	May 11 02:36:42
                                    Finished on |	May 11 02:39:14
       Mapping speed, Million of reads per hour |	9.04

                          Number of input reads |	381495
                      Average input read length |	202
                                    UNIQUE READS:
                   Uniquely mapped reads number |	88391
                        Uniquely mapped reads % |	23.17%
                          Average mapped length |	196.63
                       Number of splices: Total |	188617
            Number of splices: Annotated (sjdb) |	186415
                       Number of splices: GT/AG |	188531
                       Number of splices: GC/AG |	86
                       Number of splices: AT/AC |	0
               Number of splices: Non-canonical |	0
                      Mismatch rate per base, % |	0.78%
                         Deletion rate per base |	0.38%
                        Deletion average length |	1.00
                        Insertion rate per base |	0.00%
                       Insertion average length |	1.10
                             MULTI-MAPPING READS:
        Number of reads mapped to multiple loci |	114
             % of reads mapped to multiple loci |	0.03%
        Number of reads mapped to too many loci |	22
             % of reads mapped to too many loci |	0.01%
                                  UNMAPPED READS:
       % of reads unmapped: too many mismatches |	0.57%
                 % of reads unmapped: too short |	76.22%
                     % of reads unmapped: other |	0.00%
                                  CHIMERIC READS:
                       Number of chimeric reads |	8
                            % of chimeric reads |	0.00%
