                                 Started job on |	May 09 22:39:22
                             Started mapping on |	May 09 22:39:23
                                    Finished on |	May 09 22:42:37
       Mapping speed, Million of reads per hour |	6.99

                          Number of input reads |	376840
                      Average input read length |	202
                                    UNIQUE READS:
                   Uniquely mapped reads number |	74947
                        Uniquely mapped reads % |	19.89%
                          Average mapped length |	195.59
                       Number of splices: Total |	209356
            Number of splices: Annotated (sjdb) |	208066
                       Number of splices: GT/AG |	209295
                       Number of splices: GC/AG |	59
                       Number of splices: AT/AC |	0
               Number of splices: Non-canonical |	2
                      Mismatch rate per base, % |	0.76%
                         Deletion rate per base |	0.35%
                        Deletion average length |	1.00
                        Insertion rate per base |	0.05%
                       Insertion average length |	10.77
                             MULTI-MAPPING READS:
        Number of reads mapped to multiple loci |	143
             % of reads mapped to multiple loci |	0.04%
        Number of reads mapped to too many loci |	14
             % of reads mapped to too many loci |	0.00%
                                  UNMAPPED READS:
       % of reads unmapped: too many mismatches |	0.48%
                 % of reads unmapped: too short |	79.59%
                     % of reads unmapped: other |	0.00%
                                  CHIMERIC READS:
                       Number of chimeric reads |	17
                            % of chimeric reads |	0.00%
