                                 Started job on |	May 09 18:14:59
                             Started mapping on |	May 09 18:15:06
                                    Finished on |	May 09 18:18:37
       Mapping speed, Million of reads per hour |	4.11

                          Number of input reads |	241103
                      Average input read length |	202
                                    UNIQUE READS:
                   Uniquely mapped reads number |	66164
                        Uniquely mapped reads % |	27.44%
                          Average mapped length |	195.14
                       Number of splices: Total |	192255
            Number of splices: Annotated (sjdb) |	191141
                       Number of splices: GT/AG |	192203
                       Number of splices: GC/AG |	52
                       Number of splices: AT/AC |	0
               Number of splices: Non-canonical |	0
                      Mismatch rate per base, % |	0.75%
                         Deletion rate per base |	0.32%
                        Deletion average length |	1.00
                        Insertion rate per base |	0.09%
                       Insertion average length |	11.22
                             MULTI-MAPPING READS:
        Number of reads mapped to multiple loci |	148
             % of reads mapped to multiple loci |	0.06%
        Number of reads mapped to too many loci |	10
             % of reads mapped to too many loci |	0.00%
                                  UNMAPPED READS:
       % of reads unmapped: too many mismatches |	0.53%
                 % of reads unmapped: too short |	71.96%
                     % of reads unmapped: other |	0.00%
                                  CHIMERIC READS:
                       Number of chimeric reads |	9
                            % of chimeric reads |	0.00%
