                                 Started job on |	May 10 21:17:24
                             Started mapping on |	May 10 21:17:25
                                    Finished on |	May 10 21:20:01
       Mapping speed, Million of reads per hour |	7.19

                          Number of input reads |	311379
                      Average input read length |	202
                                    UNIQUE READS:
                   Uniquely mapped reads number |	60907
                        Uniquely mapped reads % |	19.56%
                          Average mapped length |	196.57
                       Number of splices: Total |	131753
            Number of splices: Annotated (sjdb) |	130676
                       Number of splices: GT/AG |	131697
                       Number of splices: GC/AG |	56
                       Number of splices: AT/AC |	0
               Number of splices: Non-canonical |	0
                      Mismatch rate per base, % |	0.70%
                         Deletion rate per base |	0.36%
                        Deletion average length |	1.00
                        Insertion rate per base |	0.00%
                       Insertion average length |	1.12
                             MULTI-MAPPING READS:
        Number of reads mapped to multiple loci |	73
             % of reads mapped to multiple loci |	0.02%
        Number of reads mapped to too many loci |	9
             % of reads mapped to too many loci |	0.00%
                                  UNMAPPED READS:
       % of reads unmapped: too many mismatches |	0.36%
                 % of reads unmapped: too short |	80.05%
                     % of reads unmapped: other |	0.00%
                                  CHIMERIC READS:
                       Number of chimeric reads |	8
                            % of chimeric reads |	0.00%
