                                 Started job on |	May 09 05:20:40
                             Started mapping on |	May 09 05:20:41
                                    Finished on |	May 09 05:23:29
       Mapping speed, Million of reads per hour |	6.07

                          Number of input reads |	283255
                      Average input read length |	202
                                    UNIQUE READS:
                   Uniquely mapped reads number |	69390
                        Uniquely mapped reads % |	24.50%
                          Average mapped length |	195.17
                       Number of splices: Total |	205014
            Number of splices: Annotated (sjdb) |	204072
                       Number of splices: GT/AG |	204914
                       Number of splices: GC/AG |	100
                       Number of splices: AT/AC |	0
               Number of splices: Non-canonical |	0
                      Mismatch rate per base, % |	0.69%
                         Deletion rate per base |	0.31%
                        Deletion average length |	1.00
                        Insertion rate per base |	0.06%
                       Insertion average length |	11.04
                             MULTI-MAPPING READS:
        Number of reads mapped to multiple loci |	110
             % of reads mapped to multiple loci |	0.04%
        Number of reads mapped to too many loci |	6
             % of reads mapped to too many loci |	0.00%
                                  UNMAPPED READS:
       % of reads unmapped: too many mismatches |	0.39%
                 % of reads unmapped: too short |	75.07%
                     % of reads unmapped: other |	0.00%
                                  CHIMERIC READS:
                       Number of chimeric reads |	15
                            % of chimeric reads |	0.01%
