                                 Started job on |	May 09 18:53:17
                             Started mapping on |	May 09 18:53:18
                                    Finished on |	May 09 18:56:34
       Mapping speed, Million of reads per hour |	4.60

                          Number of input reads |	250513
                      Average input read length |	202
                                    UNIQUE READS:
                   Uniquely mapped reads number |	61789
                        Uniquely mapped reads % |	24.66%
                          Average mapped length |	195.09
                       Number of splices: Total |	181322
            Number of splices: Annotated (sjdb) |	180361
                       Number of splices: GT/AG |	181192
                       Number of splices: GC/AG |	130
                       Number of splices: AT/AC |	0
               Number of splices: Non-canonical |	0
                      Mismatch rate per base, % |	0.74%
                         Deletion rate per base |	0.32%
                        Deletion average length |	1.01
                        Insertion rate per base |	0.07%
                       Insertion average length |	11.21
                             MULTI-MAPPING READS:
        Number of reads mapped to multiple loci |	127
             % of reads mapped to multiple loci |	0.05%
        Number of reads mapped to too many loci |	4
             % of reads mapped to too many loci |	0.00%
                                  UNMAPPED READS:
       % of reads unmapped: too many mismatches |	0.48%
                 % of reads unmapped: too short |	74.80%
                     % of reads unmapped: other |	0.00%
                                  CHIMERIC READS:
                       Number of chimeric reads |	18
                            % of chimeric reads |	0.01%
