                                 Started job on |	May 05 01:29:30
                             Started mapping on |	May 05 01:29:32
                                    Finished on |	May 05 01:32:00
       Mapping speed, Million of reads per hour |	5.62

                          Number of input reads |	231013
                      Average input read length |	202
                                    UNIQUE READS:
                   Uniquely mapped reads number |	68382
                        Uniquely mapped reads % |	29.60%
                          Average mapped length |	196.25
                       Number of splices: Total |	148107
            Number of splices: Annotated (sjdb) |	146324
                       Number of splices: GT/AG |	148026
                       Number of splices: GC/AG |	81
                       Number of splices: AT/AC |	0
               Number of splices: Non-canonical |	0
                      Mismatch rate per base, % |	0.70%
                         Deletion rate per base |	0.36%
                        Deletion average length |	1.00
                        Insertion rate per base |	0.00%
                       Insertion average length |	1.19
                             MULTI-MAPPING READS:
        Number of reads mapped to multiple loci |	89
             % of reads mapped to multiple loci |	0.04%
        Number of reads mapped to too many loci |	12
             % of reads mapped to too many loci |	0.01%
                                  UNMAPPED READS:
       % of reads unmapped: too many mismatches |	0.47%
                 % of reads unmapped: too short |	69.88%
                     % of reads unmapped: other |	0.00%
                                  CHIMERIC READS:
                       Number of chimeric reads |	3
                            % of chimeric reads |	0.00%
