                                 Started job on |	May 11 00:47:24
                             Started mapping on |	May 11 00:47:25
                                    Finished on |	May 11 00:49:42
       Mapping speed, Million of reads per hour |	6.66

                          Number of input reads |	253456
                      Average input read length |	202
                                    UNIQUE READS:
                   Uniquely mapped reads number |	48098
                        Uniquely mapped reads % |	18.98%
                          Average mapped length |	196.52
                       Number of splices: Total |	104490
            Number of splices: Annotated (sjdb) |	103459
                       Number of splices: GT/AG |	104415
                       Number of splices: GC/AG |	75
                       Number of splices: AT/AC |	0
               Number of splices: Non-canonical |	0
                      Mismatch rate per base, % |	0.67%
                         Deletion rate per base |	0.36%
                        Deletion average length |	1.01
                        Insertion rate per base |	0.00%
                       Insertion average length |	1.25
                             MULTI-MAPPING READS:
        Number of reads mapped to multiple loci |	53
             % of reads mapped to multiple loci |	0.02%
        Number of reads mapped to too many loci |	16
             % of reads mapped to too many loci |	0.01%
                                  UNMAPPED READS:
       % of reads unmapped: too many mismatches |	0.31%
                 % of reads unmapped: too short |	80.69%
                     % of reads unmapped: other |	0.00%
                                  CHIMERIC READS:
                       Number of chimeric reads |	3
                            % of chimeric reads |	0.00%
