                                 Started job on |	May 05 01:18:54
                             Started mapping on |	May 05 01:18:56
                                    Finished on |	May 05 01:21:25
       Mapping speed, Million of reads per hour |	5.64

                          Number of input reads |	233411
                      Average input read length |	202
                                    UNIQUE READS:
                   Uniquely mapped reads number |	51443
                        Uniquely mapped reads % |	22.04%
                          Average mapped length |	196.50
                       Number of splices: Total |	111695
            Number of splices: Annotated (sjdb) |	110298
                       Number of splices: GT/AG |	111626
                       Number of splices: GC/AG |	69
                       Number of splices: AT/AC |	0
               Number of splices: Non-canonical |	0
                      Mismatch rate per base, % |	0.67%
                         Deletion rate per base |	0.36%
                        Deletion average length |	1.00
                        Insertion rate per base |	0.00%
                       Insertion average length |	1.22
                             MULTI-MAPPING READS:
        Number of reads mapped to multiple loci |	60
             % of reads mapped to multiple loci |	0.03%
        Number of reads mapped to too many loci |	9
             % of reads mapped to too many loci |	0.00%
                                  UNMAPPED READS:
       % of reads unmapped: too many mismatches |	0.34%
                 % of reads unmapped: too short |	77.59%
                     % of reads unmapped: other |	0.00%
                                  CHIMERIC READS:
                       Number of chimeric reads |	6
                            % of chimeric reads |	0.00%
