                                 Started job on |	May 06 13:33:42
                             Started mapping on |	May 06 13:33:43
                                    Finished on |	May 06 13:36:57
       Mapping speed, Million of reads per hour |	5.15

                          Number of input reads |	277312
                      Average input read length |	202
                                    UNIQUE READS:
                   Uniquely mapped reads number |	65481
                        Uniquely mapped reads % |	23.61%
                          Average mapped length |	196.15
                       Number of splices: Total |	141649
            Number of splices: Annotated (sjdb) |	140232
                       Number of splices: GT/AG |	141603
                       Number of splices: GC/AG |	46
                       Number of splices: AT/AC |	0
               Number of splices: Non-canonical |	0
                      Mismatch rate per base, % |	0.82%
                         Deletion rate per base |	0.37%
                        Deletion average length |	1.00
                        Insertion rate per base |	0.00%
                       Insertion average length |	1.12
                             MULTI-MAPPING READS:
        Number of reads mapped to multiple loci |	75
             % of reads mapped to multiple loci |	0.03%
        Number of reads mapped to too many loci |	11
             % of reads mapped to too many loci |	0.00%
                                  UNMAPPED READS:
       % of reads unmapped: too many mismatches |	0.61%
                 % of reads unmapped: too short |	75.75%
                     % of reads unmapped: other |	0.00%
                                  CHIMERIC READS:
                       Number of chimeric reads |	4
                            % of chimeric reads |	0.00%
