                                 Started job on |	May 09 03:32:52
                             Started mapping on |	May 09 03:32:58
                                    Finished on |	May 09 03:35:42
       Mapping speed, Million of reads per hour |	6.42

                          Number of input reads |	292655
                      Average input read length |	202
                                    UNIQUE READS:
                   Uniquely mapped reads number |	82737
                        Uniquely mapped reads % |	28.27%
                          Average mapped length |	194.99
                       Number of splices: Total |	235831
            Number of splices: Annotated (sjdb) |	234433
                       Number of splices: GT/AG |	235489
                       Number of splices: GC/AG |	342
                       Number of splices: AT/AC |	0
               Number of splices: Non-canonical |	0
                      Mismatch rate per base, % |	0.74%
                         Deletion rate per base |	0.30%
                        Deletion average length |	1.00
                        Insertion rate per base |	0.09%
                       Insertion average length |	11.21
                             MULTI-MAPPING READS:
        Number of reads mapped to multiple loci |	174
             % of reads mapped to multiple loci |	0.06%
        Number of reads mapped to too many loci |	5
             % of reads mapped to too many loci |	0.00%
                                  UNMAPPED READS:
       % of reads unmapped: too many mismatches |	0.50%
                 % of reads unmapped: too short |	71.17%
                     % of reads unmapped: other |	0.00%
                                  CHIMERIC READS:
                       Number of chimeric reads |	15
                            % of chimeric reads |	0.01%
