                                 Started job on |	May 05 14:27:36
                             Started mapping on |	May 05 14:27:38
                                    Finished on |	May 05 14:30:09
       Mapping speed, Million of reads per hour |	6.84

                          Number of input reads |	286701
                      Average input read length |	202
                                    UNIQUE READS:
                   Uniquely mapped reads number |	62754
                        Uniquely mapped reads % |	21.89%
                          Average mapped length |	196.02
                       Number of splices: Total |	137013
            Number of splices: Annotated (sjdb) |	135441
                       Number of splices: GT/AG |	136969
                       Number of splices: GC/AG |	44
                       Number of splices: AT/AC |	0
               Number of splices: Non-canonical |	0
                      Mismatch rate per base, % |	0.77%
                         Deletion rate per base |	0.35%
                        Deletion average length |	1.00
                        Insertion rate per base |	0.00%
                       Insertion average length |	1.06
                             MULTI-MAPPING READS:
        Number of reads mapped to multiple loci |	93
             % of reads mapped to multiple loci |	0.03%
        Number of reads mapped to too many loci |	8
             % of reads mapped to too many loci |	0.00%
                                  UNMAPPED READS:
       % of reads unmapped: too many mismatches |	0.41%
                 % of reads unmapped: too short |	77.66%
                     % of reads unmapped: other |	0.00%
                                  CHIMERIC READS:
                       Number of chimeric reads |	4
                            % of chimeric reads |	0.00%
