                                 Started job on |	May 08 23:00:34
                             Started mapping on |	May 08 23:00:35
                                    Finished on |	May 08 23:01:53
       Mapping speed, Million of reads per hour |	3.24

                          Number of input reads |	70244
                      Average input read length |	202
                                    UNIQUE READS:
                   Uniquely mapped reads number |	19825
                        Uniquely mapped reads % |	28.22%
                          Average mapped length |	194.74
                       Number of splices: Total |	56418
            Number of splices: Annotated (sjdb) |	56142
                       Number of splices: GT/AG |	56353
                       Number of splices: GC/AG |	65
                       Number of splices: AT/AC |	0
               Number of splices: Non-canonical |	0
                      Mismatch rate per base, % |	0.74%
                         Deletion rate per base |	0.30%
                        Deletion average length |	1.01
                        Insertion rate per base |	0.10%
                       Insertion average length |	11.42
                             MULTI-MAPPING READS:
        Number of reads mapped to multiple loci |	41
             % of reads mapped to multiple loci |	0.06%
        Number of reads mapped to too many loci |	2
             % of reads mapped to too many loci |	0.00%
                                  UNMAPPED READS:
       % of reads unmapped: too many mismatches |	0.51%
                 % of reads unmapped: too short |	71.20%
                     % of reads unmapped: other |	0.00%
                                  CHIMERIC READS:
                       Number of chimeric reads |	2
                            % of chimeric reads |	0.00%
