                                 Started job on |	May 08 23:51:59
                             Started mapping on |	May 08 23:52:00
                                    Finished on |	May 08 23:54:22
       Mapping speed, Million of reads per hour |	4.24

                          Number of input reads |	167318
                      Average input read length |	202
                                    UNIQUE READS:
                   Uniquely mapped reads number |	44637
                        Uniquely mapped reads % |	26.68%
                          Average mapped length |	194.91
                       Number of splices: Total |	130266
            Number of splices: Annotated (sjdb) |	129629
                       Number of splices: GT/AG |	130151
                       Number of splices: GC/AG |	115
                       Number of splices: AT/AC |	0
               Number of splices: Non-canonical |	0
                      Mismatch rate per base, % |	0.71%
                         Deletion rate per base |	0.31%
                        Deletion average length |	1.01
                        Insertion rate per base |	0.09%
                       Insertion average length |	11.32
                             MULTI-MAPPING READS:
        Number of reads mapped to multiple loci |	84
             % of reads mapped to multiple loci |	0.05%
        Number of reads mapped to too many loci |	7
             % of reads mapped to too many loci |	0.00%
                                  UNMAPPED READS:
       % of reads unmapped: too many mismatches |	0.45%
                 % of reads unmapped: too short |	72.82%
                     % of reads unmapped: other |	0.00%
                                  CHIMERIC READS:
                       Number of chimeric reads |	6
                            % of chimeric reads |	0.00%
