                                 Started job on |	May 08 07:33:51
                             Started mapping on |	May 08 07:33:52
                                    Finished on |	May 08 07:36:47
       Mapping speed, Million of reads per hour |	4.89

                          Number of input reads |	237504
                      Average input read length |	202
                                    UNIQUE READS:
                   Uniquely mapped reads number |	57470
                        Uniquely mapped reads % |	24.20%
                          Average mapped length |	195.11
                       Number of splices: Total |	165583
            Number of splices: Annotated (sjdb) |	164670
                       Number of splices: GT/AG |	165395
                       Number of splices: GC/AG |	188
                       Number of splices: AT/AC |	0
               Number of splices: Non-canonical |	0
                      Mismatch rate per base, % |	0.74%
                         Deletion rate per base |	0.32%
                        Deletion average length |	1.00
                        Insertion rate per base |	0.08%
                       Insertion average length |	11.32
                             MULTI-MAPPING READS:
        Number of reads mapped to multiple loci |	148
             % of reads mapped to multiple loci |	0.06%
        Number of reads mapped to too many loci |	5
             % of reads mapped to too many loci |	0.00%
                                  UNMAPPED READS:
       % of reads unmapped: too many mismatches |	0.41%
                 % of reads unmapped: too short |	75.32%
                     % of reads unmapped: other |	0.00%
                                  CHIMERIC READS:
                       Number of chimeric reads |	7
                            % of chimeric reads |	0.00%
