                                 Started job on |	May 09 12:02:16
                             Started mapping on |	May 09 12:02:17
                                    Finished on |	May 09 12:05:18
       Mapping speed, Million of reads per hour |	6.37

                          Number of input reads |	320049
                      Average input read length |	202
                                    UNIQUE READS:
                   Uniquely mapped reads number |	85606
                        Uniquely mapped reads % |	26.75%
                          Average mapped length |	194.82
                       Number of splices: Total |	245524
            Number of splices: Annotated (sjdb) |	244334
                       Number of splices: GT/AG |	245324
                       Number of splices: GC/AG |	200
                       Number of splices: AT/AC |	0
               Number of splices: Non-canonical |	0
                      Mismatch rate per base, % |	0.75%
                         Deletion rate per base |	0.31%
                        Deletion average length |	1.01
                        Insertion rate per base |	0.06%
                       Insertion average length |	10.88
                             MULTI-MAPPING READS:
        Number of reads mapped to multiple loci |	203
             % of reads mapped to multiple loci |	0.06%
        Number of reads mapped to too many loci |	6
             % of reads mapped to too many loci |	0.00%
                                  UNMAPPED READS:
       % of reads unmapped: too many mismatches |	0.52%
                 % of reads unmapped: too short |	72.67%
                     % of reads unmapped: other |	0.00%
                                  CHIMERIC READS:
                       Number of chimeric reads |	20
                            % of chimeric reads |	0.01%
