                                 Started job on |	May 04 21:50:42
                             Started mapping on |	May 04 21:50:44
                                    Finished on |	May 04 21:52:36
       Mapping speed, Million of reads per hour |	7.29

                          Number of input reads |	226919
                      Average input read length |	202
                                    UNIQUE READS:
                   Uniquely mapped reads number |	40234
                        Uniquely mapped reads % |	17.73%
                          Average mapped length |	196.48
                       Number of splices: Total |	87134
            Number of splices: Annotated (sjdb) |	86112
                       Number of splices: GT/AG |	87118
                       Number of splices: GC/AG |	16
                       Number of splices: AT/AC |	0
               Number of splices: Non-canonical |	0
                      Mismatch rate per base, % |	0.65%
                         Deletion rate per base |	0.37%
                        Deletion average length |	1.00
                        Insertion rate per base |	0.00%
                       Insertion average length |	1.29
                             MULTI-MAPPING READS:
        Number of reads mapped to multiple loci |	43
             % of reads mapped to multiple loci |	0.02%
        Number of reads mapped to too many loci |	1
             % of reads mapped to too many loci |	0.00%
                                  UNMAPPED READS:
       % of reads unmapped: too many mismatches |	0.23%
                 % of reads unmapped: too short |	82.02%
                     % of reads unmapped: other |	0.00%
                                  CHIMERIC READS:
                       Number of chimeric reads |	2
                            % of chimeric reads |	0.00%
