                                 Started job on |	May 10 10:26:51
                             Started mapping on |	May 10 10:26:52
                                    Finished on |	May 10 10:29:10
       Mapping speed, Million of reads per hour |	8.73

                          Number of input reads |	334561
                      Average input read length |	202
                                    UNIQUE READS:
                   Uniquely mapped reads number |	91381
                        Uniquely mapped reads % |	27.31%
                          Average mapped length |	194.74
                       Number of splices: Total |	260610
            Number of splices: Annotated (sjdb) |	258981
                       Number of splices: GT/AG |	260385
                       Number of splices: GC/AG |	225
                       Number of splices: AT/AC |	0
               Number of splices: Non-canonical |	0
                      Mismatch rate per base, % |	0.74%
                         Deletion rate per base |	0.31%
                        Deletion average length |	1.00
                        Insertion rate per base |	0.07%
                       Insertion average length |	11.18
                             MULTI-MAPPING READS:
        Number of reads mapped to multiple loci |	199
             % of reads mapped to multiple loci |	0.06%
        Number of reads mapped to too many loci |	14
             % of reads mapped to too many loci |	0.00%
                                  UNMAPPED READS:
       % of reads unmapped: too many mismatches |	0.52%
                 % of reads unmapped: too short |	72.11%
                     % of reads unmapped: other |	0.00%
                                  CHIMERIC READS:
                       Number of chimeric reads |	24
                            % of chimeric reads |	0.01%
