                                 Started job on |	May 04 12:54:13
                             Started mapping on |	May 04 12:54:14
                                    Finished on |	May 04 12:56:12
       Mapping speed, Million of reads per hour |	9.77

                          Number of input reads |	320286
                      Average input read length |	202
                                    UNIQUE READS:
                   Uniquely mapped reads number |	69602
                        Uniquely mapped reads % |	21.73%
                          Average mapped length |	196.54
                       Number of splices: Total |	149557
            Number of splices: Annotated (sjdb) |	147692
                       Number of splices: GT/AG |	149453
                       Number of splices: GC/AG |	104
                       Number of splices: AT/AC |	0
               Number of splices: Non-canonical |	0
                      Mismatch rate per base, % |	0.67%
                         Deletion rate per base |	0.36%
                        Deletion average length |	1.00
                        Insertion rate per base |	0.00%
                       Insertion average length |	1.25
                             MULTI-MAPPING READS:
        Number of reads mapped to multiple loci |	76
             % of reads mapped to multiple loci |	0.02%
        Number of reads mapped to too many loci |	13
             % of reads mapped to too many loci |	0.00%
                                  UNMAPPED READS:
       % of reads unmapped: too many mismatches |	0.30%
                 % of reads unmapped: too short |	77.94%
                     % of reads unmapped: other |	0.00%
                                  CHIMERIC READS:
                       Number of chimeric reads |	5
                            % of chimeric reads |	0.00%
