                                 Started job on |	May 09 18:54:07
                             Started mapping on |	May 09 18:54:08
                                    Finished on |	May 09 18:56:58
       Mapping speed, Million of reads per hour |	6.43

                          Number of input reads |	303486
                      Average input read length |	202
                                    UNIQUE READS:
                   Uniquely mapped reads number |	80092
                        Uniquely mapped reads % |	26.39%
                          Average mapped length |	194.91
                       Number of splices: Total |	233350
            Number of splices: Annotated (sjdb) |	232124
                       Number of splices: GT/AG |	233162
                       Number of splices: GC/AG |	188
                       Number of splices: AT/AC |	0
               Number of splices: Non-canonical |	0
                      Mismatch rate per base, % |	0.72%
                         Deletion rate per base |	0.32%
                        Deletion average length |	1.01
                        Insertion rate per base |	0.08%
                       Insertion average length |	11.12
                             MULTI-MAPPING READS:
        Number of reads mapped to multiple loci |	192
             % of reads mapped to multiple loci |	0.06%
        Number of reads mapped to too many loci |	8
             % of reads mapped to too many loci |	0.00%
                                  UNMAPPED READS:
       % of reads unmapped: too many mismatches |	0.44%
                 % of reads unmapped: too short |	73.10%
                     % of reads unmapped: other |	0.00%
                                  CHIMERIC READS:
                       Number of chimeric reads |	23
                            % of chimeric reads |	0.01%
