                                 Started job on |	May 11 03:13:22
                             Started mapping on |	May 11 03:13:23
                                    Finished on |	May 11 03:15:04
       Mapping speed, Million of reads per hour |	10.89

                          Number of input reads |	305580
                      Average input read length |	202
                                    UNIQUE READS:
                   Uniquely mapped reads number |	87950
                        Uniquely mapped reads % |	28.78%
                          Average mapped length |	196.43
                       Number of splices: Total |	190051
            Number of splices: Annotated (sjdb) |	187979
                       Number of splices: GT/AG |	189948
                       Number of splices: GC/AG |	103
                       Number of splices: AT/AC |	0
               Number of splices: Non-canonical |	0
                      Mismatch rate per base, % |	0.72%
                         Deletion rate per base |	0.36%
                        Deletion average length |	1.00
                        Insertion rate per base |	0.00%
                       Insertion average length |	1.18
                             MULTI-MAPPING READS:
        Number of reads mapped to multiple loci |	120
             % of reads mapped to multiple loci |	0.04%
        Number of reads mapped to too many loci |	15
             % of reads mapped to too many loci |	0.00%
                                  UNMAPPED READS:
       % of reads unmapped: too many mismatches |	0.50%
                 % of reads unmapped: too short |	70.68%
                     % of reads unmapped: other |	0.00%
                                  CHIMERIC READS:
                       Number of chimeric reads |	7
                            % of chimeric reads |	0.00%
