                                 Started job on |	May 09 23:32:31
                             Started mapping on |	May 09 23:32:32
                                    Finished on |	May 09 23:35:40
       Mapping speed, Million of reads per hour |	7.00

                          Number of input reads |	365653
                      Average input read length |	202
                                    UNIQUE READS:
                   Uniquely mapped reads number |	85439
                        Uniquely mapped reads % |	23.37%
                          Average mapped length |	194.10
                       Number of splices: Total |	240062
            Number of splices: Annotated (sjdb) |	238813
                       Number of splices: GT/AG |	239931
                       Number of splices: GC/AG |	131
                       Number of splices: AT/AC |	0
               Number of splices: Non-canonical |	0
                      Mismatch rate per base, % |	0.74%
                         Deletion rate per base |	0.31%
                        Deletion average length |	1.01
                        Insertion rate per base |	0.10%
                       Insertion average length |	11.36
                             MULTI-MAPPING READS:
        Number of reads mapped to multiple loci |	206
             % of reads mapped to multiple loci |	0.06%
        Number of reads mapped to too many loci |	13
             % of reads mapped to too many loci |	0.00%
                                  UNMAPPED READS:
       % of reads unmapped: too many mismatches |	0.45%
                 % of reads unmapped: too short |	76.13%
                     % of reads unmapped: other |	0.00%
                                  CHIMERIC READS:
                       Number of chimeric reads |	42
                            % of chimeric reads |	0.01%
