                                 Started job on |	May 06 14:02:07
                             Started mapping on |	May 06 14:02:09
                                    Finished on |	May 06 14:05:30
       Mapping speed, Million of reads per hour |	6.60

                          Number of input reads |	368224
                      Average input read length |	202
                                    UNIQUE READS:
                   Uniquely mapped reads number |	87842
                        Uniquely mapped reads % |	23.86%
                          Average mapped length |	196.08
                       Number of splices: Total |	189149
            Number of splices: Annotated (sjdb) |	187369
                       Number of splices: GT/AG |	189070
                       Number of splices: GC/AG |	79
                       Number of splices: AT/AC |	0
               Number of splices: Non-canonical |	0
                      Mismatch rate per base, % |	0.83%
                         Deletion rate per base |	0.37%
                        Deletion average length |	1.00
                        Insertion rate per base |	0.00%
                       Insertion average length |	1.19
                             MULTI-MAPPING READS:
        Number of reads mapped to multiple loci |	103
             % of reads mapped to multiple loci |	0.03%
        Number of reads mapped to too many loci |	10
             % of reads mapped to too many loci |	0.00%
                                  UNMAPPED READS:
       % of reads unmapped: too many mismatches |	0.61%
                 % of reads unmapped: too short |	75.50%
                     % of reads unmapped: other |	0.00%
                                  CHIMERIC READS:
                       Number of chimeric reads |	7
                            % of chimeric reads |	0.00%
