                                 Started job on |	May 04 05:04:02
                             Started mapping on |	May 04 05:04:04
                                    Finished on |	May 04 05:06:01
       Mapping speed, Million of reads per hour |	10.18

                          Number of input reads |	330914
                      Average input read length |	202
                                    UNIQUE READS:
                   Uniquely mapped reads number |	74312
                        Uniquely mapped reads % |	22.46%
                          Average mapped length |	196.56
                       Number of splices: Total |	158382
            Number of splices: Annotated (sjdb) |	156543
                       Number of splices: GT/AG |	158292
                       Number of splices: GC/AG |	90
                       Number of splices: AT/AC |	0
               Number of splices: Non-canonical |	0
                      Mismatch rate per base, % |	0.69%
                         Deletion rate per base |	0.36%
                        Deletion average length |	1.00
                        Insertion rate per base |	0.00%
                       Insertion average length |	1.16
                             MULTI-MAPPING READS:
        Number of reads mapped to multiple loci |	81
             % of reads mapped to multiple loci |	0.02%
        Number of reads mapped to too many loci |	12
             % of reads mapped to too many loci |	0.00%
                                  UNMAPPED READS:
       % of reads unmapped: too many mismatches |	0.33%
                 % of reads unmapped: too short |	77.18%
                     % of reads unmapped: other |	0.00%
                                  CHIMERIC READS:
                       Number of chimeric reads |	6
                            % of chimeric reads |	0.00%
