                                 Started job on |	May 08 02:34:40
                             Started mapping on |	May 08 02:34:40
                                    Finished on |	May 08 02:37:51
       Mapping speed, Million of reads per hour |	6.24

                          Number of input reads |	331090
                      Average input read length |	202
                                    UNIQUE READS:
                   Uniquely mapped reads number |	99517
                        Uniquely mapped reads % |	30.06%
                          Average mapped length |	195.35
                       Number of splices: Total |	286480
            Number of splices: Annotated (sjdb) |	284773
                       Number of splices: GT/AG |	286216
                       Number of splices: GC/AG |	264
                       Number of splices: AT/AC |	0
               Number of splices: Non-canonical |	0
                      Mismatch rate per base, % |	0.77%
                         Deletion rate per base |	0.33%
                        Deletion average length |	1.00
                        Insertion rate per base |	0.07%
                       Insertion average length |	11.23
                             MULTI-MAPPING READS:
        Number of reads mapped to multiple loci |	154
             % of reads mapped to multiple loci |	0.05%
        Number of reads mapped to too many loci |	7
             % of reads mapped to too many loci |	0.00%
                                  UNMAPPED READS:
       % of reads unmapped: too many mismatches |	0.69%
                 % of reads unmapped: too short |	69.20%
                     % of reads unmapped: other |	0.00%
                                  CHIMERIC READS:
                       Number of chimeric reads |	8
                            % of chimeric reads |	0.00%
