                                 Started job on |	May 11 02:21:56
                             Started mapping on |	May 11 02:21:57
                                    Finished on |	May 11 02:23:58
       Mapping speed, Million of reads per hour |	12.58

                          Number of input reads |	422824
                      Average input read length |	202
                                    UNIQUE READS:
                   Uniquely mapped reads number |	92964
                        Uniquely mapped reads % |	21.99%
                          Average mapped length |	196.64
                       Number of splices: Total |	198877
            Number of splices: Annotated (sjdb) |	196935
                       Number of splices: GT/AG |	198790
                       Number of splices: GC/AG |	87
                       Number of splices: AT/AC |	0
               Number of splices: Non-canonical |	0
                      Mismatch rate per base, % |	0.77%
                         Deletion rate per base |	0.38%
                        Deletion average length |	1.00
                        Insertion rate per base |	0.00%
                       Insertion average length |	1.20
                             MULTI-MAPPING READS:
        Number of reads mapped to multiple loci |	103
             % of reads mapped to multiple loci |	0.02%
        Number of reads mapped to too many loci |	20
             % of reads mapped to too many loci |	0.00%
                                  UNMAPPED READS:
       % of reads unmapped: too many mismatches |	0.55%
                 % of reads unmapped: too short |	77.44%
                     % of reads unmapped: other |	0.00%
                                  CHIMERIC READS:
                       Number of chimeric reads |	6
                            % of chimeric reads |	0.00%
