                                 Started job on |	May 10 11:43:10
                             Started mapping on |	May 10 11:43:11
                                    Finished on |	May 10 11:46:12
       Mapping speed, Million of reads per hour |	6.27

                          Number of input reads |	315303
                      Average input read length |	202
                                    UNIQUE READS:
                   Uniquely mapped reads number |	84719
                        Uniquely mapped reads % |	26.87%
                          Average mapped length |	196.23
                       Number of splices: Total |	183224
            Number of splices: Annotated (sjdb) |	181169
                       Number of splices: GT/AG |	183063
                       Number of splices: GC/AG |	161
                       Number of splices: AT/AC |	0
               Number of splices: Non-canonical |	0
                      Mismatch rate per base, % |	0.70%
                         Deletion rate per base |	0.35%
                        Deletion average length |	1.00
                        Insertion rate per base |	0.00%
                       Insertion average length |	1.07
                             MULTI-MAPPING READS:
        Number of reads mapped to multiple loci |	98
             % of reads mapped to multiple loci |	0.03%
        Number of reads mapped to too many loci |	15
             % of reads mapped to too many loci |	0.00%
                                  UNMAPPED READS:
       % of reads unmapped: too many mismatches |	0.47%
                 % of reads unmapped: too short |	72.62%
                     % of reads unmapped: other |	0.00%
                                  CHIMERIC READS:
                       Number of chimeric reads |	5
                            % of chimeric reads |	0.00%
