                                 Started job on |	May 11 00:39:17
                             Started mapping on |	May 11 00:39:18
                                    Finished on |	May 11 00:41:44
       Mapping speed, Million of reads per hour |	6.79

                          Number of input reads |	275310
                      Average input read length |	202
                                    UNIQUE READS:
                   Uniquely mapped reads number |	82484
                        Uniquely mapped reads % |	29.96%
                          Average mapped length |	196.22
                       Number of splices: Total |	176837
            Number of splices: Annotated (sjdb) |	174759
                       Number of splices: GT/AG |	176724
                       Number of splices: GC/AG |	113
                       Number of splices: AT/AC |	0
               Number of splices: Non-canonical |	0
                      Mismatch rate per base, % |	0.79%
                         Deletion rate per base |	0.37%
                        Deletion average length |	1.00
                        Insertion rate per base |	0.00%
                       Insertion average length |	1.06
                             MULTI-MAPPING READS:
        Number of reads mapped to multiple loci |	111
             % of reads mapped to multiple loci |	0.04%
        Number of reads mapped to too many loci |	25
             % of reads mapped to too many loci |	0.01%
                                  UNMAPPED READS:
       % of reads unmapped: too many mismatches |	0.77%
                 % of reads unmapped: too short |	69.22%
                     % of reads unmapped: other |	0.00%
                                  CHIMERIC READS:
                       Number of chimeric reads |	4
                            % of chimeric reads |	0.00%
