                                 Started job on |	May 06 12:25:34
                             Started mapping on |	May 06 12:25:36
                                    Finished on |	May 06 12:28:13
       Mapping speed, Million of reads per hour |	6.60

                          Number of input reads |	287985
                      Average input read length |	202
                                    UNIQUE READS:
                   Uniquely mapped reads number |	64701
                        Uniquely mapped reads % |	22.47%
                          Average mapped length |	196.08
                       Number of splices: Total |	140061
            Number of splices: Annotated (sjdb) |	138631
                       Number of splices: GT/AG |	140011
                       Number of splices: GC/AG |	50
                       Number of splices: AT/AC |	0
               Number of splices: Non-canonical |	0
                      Mismatch rate per base, % |	0.73%
                         Deletion rate per base |	0.35%
                        Deletion average length |	1.00
                        Insertion rate per base |	0.00%
                       Insertion average length |	1.10
                             MULTI-MAPPING READS:
        Number of reads mapped to multiple loci |	88
             % of reads mapped to multiple loci |	0.03%
        Number of reads mapped to too many loci |	4
             % of reads mapped to too many loci |	0.00%
                                  UNMAPPED READS:
       % of reads unmapped: too many mismatches |	0.38%
                 % of reads unmapped: too short |	77.12%
                     % of reads unmapped: other |	0.00%
                                  CHIMERIC READS:
                       Number of chimeric reads |	1
                            % of chimeric reads |	0.00%
