                                 Started job on |	May 11 03:31:29
                             Started mapping on |	May 11 03:31:30
                                    Finished on |	May 11 03:33:47
       Mapping speed, Million of reads per hour |	9.21

                          Number of input reads |	350394
                      Average input read length |	202
                                    UNIQUE READS:
                   Uniquely mapped reads number |	117568
                        Uniquely mapped reads % |	33.55%
                          Average mapped length |	196.07
                       Number of splices: Total |	252660
            Number of splices: Annotated (sjdb) |	249621
                       Number of splices: GT/AG |	252467
                       Number of splices: GC/AG |	193
                       Number of splices: AT/AC |	0
               Number of splices: Non-canonical |	0
                      Mismatch rate per base, % |	0.72%
                         Deletion rate per base |	0.36%
                        Deletion average length |	1.00
                        Insertion rate per base |	0.00%
                       Insertion average length |	1.12
                             MULTI-MAPPING READS:
        Number of reads mapped to multiple loci |	173
             % of reads mapped to multiple loci |	0.05%
        Number of reads mapped to too many loci |	31
             % of reads mapped to too many loci |	0.01%
                                  UNMAPPED READS:
       % of reads unmapped: too many mismatches |	0.58%
                 % of reads unmapped: too short |	65.81%
                     % of reads unmapped: other |	0.00%
                                  CHIMERIC READS:
                       Number of chimeric reads |	9
                            % of chimeric reads |	0.00%
