                                 Started job on |	May 09 19:20:44
                             Started mapping on |	May 09 19:20:46
                                    Finished on |	May 09 19:23:37
       Mapping speed, Million of reads per hour |	7.15

                          Number of input reads |	339538
                      Average input read length |	202
                                    UNIQUE READS:
                   Uniquely mapped reads number |	93291
                        Uniquely mapped reads % |	27.48%
                          Average mapped length |	195.16
                       Number of splices: Total |	266443
            Number of splices: Annotated (sjdb) |	265054
                       Number of splices: GT/AG |	266217
                       Number of splices: GC/AG |	226
                       Number of splices: AT/AC |	0
               Number of splices: Non-canonical |	0
                      Mismatch rate per base, % |	0.71%
                         Deletion rate per base |	0.32%
                        Deletion average length |	1.00
                        Insertion rate per base |	0.09%
                       Insertion average length |	11.10
                             MULTI-MAPPING READS:
        Number of reads mapped to multiple loci |	211
             % of reads mapped to multiple loci |	0.06%
        Number of reads mapped to too many loci |	9
             % of reads mapped to too many loci |	0.00%
                                  UNMAPPED READS:
       % of reads unmapped: too many mismatches |	0.47%
                 % of reads unmapped: too short |	71.98%
                     % of reads unmapped: other |	0.00%
                                  CHIMERIC READS:
                       Number of chimeric reads |	19
                            % of chimeric reads |	0.01%
