                                 Started job on |	May 11 02:39:16
                             Started mapping on |	May 11 02:39:17
                                    Finished on |	May 11 02:41:38
       Mapping speed, Million of reads per hour |	7.49

                          Number of input reads |	293462
                      Average input read length |	202
                                    UNIQUE READS:
                   Uniquely mapped reads number |	89539
                        Uniquely mapped reads % |	30.51%
                          Average mapped length |	196.40
                       Number of splices: Total |	193799
            Number of splices: Annotated (sjdb) |	191573
                       Number of splices: GT/AG |	193686
                       Number of splices: GC/AG |	113
                       Number of splices: AT/AC |	0
               Number of splices: Non-canonical |	0
                      Mismatch rate per base, % |	0.71%
                         Deletion rate per base |	0.36%
                        Deletion average length |	1.00
                        Insertion rate per base |	0.00%
                       Insertion average length |	1.07
                             MULTI-MAPPING READS:
        Number of reads mapped to multiple loci |	101
             % of reads mapped to multiple loci |	0.03%
        Number of reads mapped to too many loci |	14
             % of reads mapped to too many loci |	0.00%
                                  UNMAPPED READS:
       % of reads unmapped: too many mismatches |	0.51%
                 % of reads unmapped: too short |	68.94%
                     % of reads unmapped: other |	0.00%
                                  CHIMERIC READS:
                       Number of chimeric reads |	5
                            % of chimeric reads |	0.00%
