                                 Started job on |	May 11 12:31:06
                             Started mapping on |	May 11 12:31:08
                                    Finished on |	May 11 12:32:50
       Mapping speed, Million of reads per hour |	10.91

                          Number of input reads |	309219
                      Average input read length |	202
                                    UNIQUE READS:
                   Uniquely mapped reads number |	101949
                        Uniquely mapped reads % |	32.97%
                          Average mapped length |	196.09
                       Number of splices: Total |	218947
            Number of splices: Annotated (sjdb) |	216493
                       Number of splices: GT/AG |	218749
                       Number of splices: GC/AG |	198
                       Number of splices: AT/AC |	0
               Number of splices: Non-canonical |	0
                      Mismatch rate per base, % |	0.73%
                         Deletion rate per base |	0.35%
                        Deletion average length |	1.00
                        Insertion rate per base |	0.00%
                       Insertion average length |	1.30
                             MULTI-MAPPING READS:
        Number of reads mapped to multiple loci |	146
             % of reads mapped to multiple loci |	0.05%
        Number of reads mapped to too many loci |	22
             % of reads mapped to too many loci |	0.01%
                                  UNMAPPED READS:
       % of reads unmapped: too many mismatches |	0.56%
                 % of reads unmapped: too short |	66.42%
                     % of reads unmapped: other |	0.00%
                                  CHIMERIC READS:
                       Number of chimeric reads |	10
                            % of chimeric reads |	0.00%
