                                 Started job on |	May 11 03:41:54
                             Started mapping on |	May 11 03:41:54
                                    Finished on |	May 11 03:43:50
       Mapping speed, Million of reads per hour |	10.14

                          Number of input reads |	326607
                      Average input read length |	202
                                    UNIQUE READS:
                   Uniquely mapped reads number |	91931
                        Uniquely mapped reads % |	28.15%
                          Average mapped length |	196.34
                       Number of splices: Total |	198258
            Number of splices: Annotated (sjdb) |	195926
                       Number of splices: GT/AG |	198130
                       Number of splices: GC/AG |	128
                       Number of splices: AT/AC |	0
               Number of splices: Non-canonical |	0
                      Mismatch rate per base, % |	0.72%
                         Deletion rate per base |	0.36%
                        Deletion average length |	1.00
                        Insertion rate per base |	0.00%
                       Insertion average length |	1.13
                             MULTI-MAPPING READS:
        Number of reads mapped to multiple loci |	130
             % of reads mapped to multiple loci |	0.04%
        Number of reads mapped to too many loci |	25
             % of reads mapped to too many loci |	0.01%
                                  UNMAPPED READS:
       % of reads unmapped: too many mismatches |	0.48%
                 % of reads unmapped: too short |	71.33%
                     % of reads unmapped: other |	0.00%
                                  CHIMERIC READS:
                       Number of chimeric reads |	8
                            % of chimeric reads |	0.00%
