                                 Started job on |	May 06 11:13:49
                             Started mapping on |	May 06 11:13:50
                                    Finished on |	May 06 11:16:38
       Mapping speed, Million of reads per hour |	6.33

                          Number of input reads |	295254
                      Average input read length |	202
                                    UNIQUE READS:
                   Uniquely mapped reads number |	77232
                        Uniquely mapped reads % |	26.16%
                          Average mapped length |	196.02
                       Number of splices: Total |	166922
            Number of splices: Annotated (sjdb) |	165131
                       Number of splices: GT/AG |	166858
                       Number of splices: GC/AG |	64
                       Number of splices: AT/AC |	0
               Number of splices: Non-canonical |	0
                      Mismatch rate per base, % |	0.73%
                         Deletion rate per base |	0.35%
                        Deletion average length |	1.00
                        Insertion rate per base |	0.00%
                       Insertion average length |	1.06
                             MULTI-MAPPING READS:
        Number of reads mapped to multiple loci |	122
             % of reads mapped to multiple loci |	0.04%
        Number of reads mapped to too many loci |	13
             % of reads mapped to too many loci |	0.00%
                                  UNMAPPED READS:
       % of reads unmapped: too many mismatches |	0.39%
                 % of reads unmapped: too short |	73.40%
                     % of reads unmapped: other |	0.00%
                                  CHIMERIC READS:
                       Number of chimeric reads |	7
                            % of chimeric reads |	0.00%
