                                 Started job on |	May 04 20:47:47
                             Started mapping on |	May 04 20:47:48
                                    Finished on |	May 04 20:49:55
       Mapping speed, Million of reads per hour |	9.28

                          Number of input reads |	327383
                      Average input read length |	202
                                    UNIQUE READS:
                   Uniquely mapped reads number |	73164
                        Uniquely mapped reads % |	22.35%
                          Average mapped length |	196.46
                       Number of splices: Total |	156894
            Number of splices: Annotated (sjdb) |	155142
                       Number of splices: GT/AG |	156817
                       Number of splices: GC/AG |	77
                       Number of splices: AT/AC |	0
               Number of splices: Non-canonical |	0
                      Mismatch rate per base, % |	0.67%
                         Deletion rate per base |	0.37%
                        Deletion average length |	1.00
                        Insertion rate per base |	0.00%
                       Insertion average length |	1.04
                             MULTI-MAPPING READS:
        Number of reads mapped to multiple loci |	86
             % of reads mapped to multiple loci |	0.03%
        Number of reads mapped to too many loci |	4
             % of reads mapped to too many loci |	0.00%
                                  UNMAPPED READS:
       % of reads unmapped: too many mismatches |	0.34%
                 % of reads unmapped: too short |	77.28%
                     % of reads unmapped: other |	0.00%
                                  CHIMERIC READS:
                       Number of chimeric reads |	5
                            % of chimeric reads |	0.00%
