                                 Started job on |	May 11 01:16:33
                             Started mapping on |	May 11 01:16:34
                                    Finished on |	May 11 01:18:34
       Mapping speed, Million of reads per hour |	11.07

                          Number of input reads |	368941
                      Average input read length |	202
                                    UNIQUE READS:
                   Uniquely mapped reads number |	88877
                        Uniquely mapped reads % |	24.09%
                          Average mapped length |	196.38
                       Number of splices: Total |	190012
            Number of splices: Annotated (sjdb) |	187782
                       Number of splices: GT/AG |	189890
                       Number of splices: GC/AG |	122
                       Number of splices: AT/AC |	0
               Number of splices: Non-canonical |	0
                      Mismatch rate per base, % |	0.78%
                         Deletion rate per base |	0.38%
                        Deletion average length |	1.00
                        Insertion rate per base |	0.00%
                       Insertion average length |	1.06
                             MULTI-MAPPING READS:
        Number of reads mapped to multiple loci |	113
             % of reads mapped to multiple loci |	0.03%
        Number of reads mapped to too many loci |	21
             % of reads mapped to too many loci |	0.01%
                                  UNMAPPED READS:
       % of reads unmapped: too many mismatches |	0.60%
                 % of reads unmapped: too short |	75.27%
                     % of reads unmapped: other |	0.00%
                                  CHIMERIC READS:
                       Number of chimeric reads |	6
                            % of chimeric reads |	0.00%
