                                 Started job on |	May 08 02:29:08
                             Started mapping on |	May 08 02:29:09
                                    Finished on |	May 08 02:31:43
       Mapping speed, Million of reads per hour |	6.79

                          Number of input reads |	290504
                      Average input read length |	202
                                    UNIQUE READS:
                   Uniquely mapped reads number |	71824
                        Uniquely mapped reads % |	24.72%
                          Average mapped length |	195.39
                       Number of splices: Total |	210740
            Number of splices: Annotated (sjdb) |	209903
                       Number of splices: GT/AG |	210505
                       Number of splices: GC/AG |	235
                       Number of splices: AT/AC |	0
               Number of splices: Non-canonical |	0
                      Mismatch rate per base, % |	0.77%
                         Deletion rate per base |	0.34%
                        Deletion average length |	1.00
                        Insertion rate per base |	0.09%
                       Insertion average length |	11.33
                             MULTI-MAPPING READS:
        Number of reads mapped to multiple loci |	160
             % of reads mapped to multiple loci |	0.06%
        Number of reads mapped to too many loci |	2
             % of reads mapped to too many loci |	0.00%
                                  UNMAPPED READS:
       % of reads unmapped: too many mismatches |	0.59%
                 % of reads unmapped: too short |	74.63%
                     % of reads unmapped: other |	0.00%
                                  CHIMERIC READS:
                       Number of chimeric reads |	12
                            % of chimeric reads |	0.00%
