                                 Started job on |	May 09 02:10:51
                             Started mapping on |	May 09 02:10:53
                                    Finished on |	May 09 02:13:08
       Mapping speed, Million of reads per hour |	8.49

                          Number of input reads |	318428
                      Average input read length |	202
                                    UNIQUE READS:
                   Uniquely mapped reads number |	80799
                        Uniquely mapped reads % |	25.37%
                          Average mapped length |	195.18
                       Number of splices: Total |	236672
            Number of splices: Annotated (sjdb) |	235493
                       Number of splices: GT/AG |	236489
                       Number of splices: GC/AG |	183
                       Number of splices: AT/AC |	0
               Number of splices: Non-canonical |	0
                      Mismatch rate per base, % |	0.71%
                         Deletion rate per base |	0.31%
                        Deletion average length |	1.01
                        Insertion rate per base |	0.09%
                       Insertion average length |	11.22
                             MULTI-MAPPING READS:
        Number of reads mapped to multiple loci |	180
             % of reads mapped to multiple loci |	0.06%
        Number of reads mapped to too many loci |	8
             % of reads mapped to too many loci |	0.00%
                                  UNMAPPED READS:
       % of reads unmapped: too many mismatches |	0.41%
                 % of reads unmapped: too short |	74.15%
                     % of reads unmapped: other |	0.00%
                                  CHIMERIC READS:
                       Number of chimeric reads |	12
                            % of chimeric reads |	0.00%
