                                 Started job on |	May 05 15:39:44
                             Started mapping on |	May 05 15:39:45
                                    Finished on |	May 05 15:41:32
       Mapping speed, Million of reads per hour |	11.80

                          Number of input reads |	350769
                      Average input read length |	202
                                    UNIQUE READS:
                   Uniquely mapped reads number |	72828
                        Uniquely mapped reads % |	20.76%
                          Average mapped length |	195.90
                       Number of splices: Total |	158685
            Number of splices: Annotated (sjdb) |	156954
                       Number of splices: GT/AG |	158620
                       Number of splices: GC/AG |	65
                       Number of splices: AT/AC |	0
               Number of splices: Non-canonical |	0
                      Mismatch rate per base, % |	0.76%
                         Deletion rate per base |	0.35%
                        Deletion average length |	1.00
                        Insertion rate per base |	0.00%
                       Insertion average length |	1.12
                             MULTI-MAPPING READS:
        Number of reads mapped to multiple loci |	104
             % of reads mapped to multiple loci |	0.03%
        Number of reads mapped to too many loci |	13
             % of reads mapped to too many loci |	0.00%
                                  UNMAPPED READS:
       % of reads unmapped: too many mismatches |	0.35%
                 % of reads unmapped: too short |	78.86%
                     % of reads unmapped: other |	0.00%
                                  CHIMERIC READS:
                       Number of chimeric reads |	5
                            % of chimeric reads |	0.00%
