                                 Started job on |	May 11 01:58:04
                             Started mapping on |	May 11 01:58:05
                                    Finished on |	May 11 02:00:46
       Mapping speed, Million of reads per hour |	9.00

                          Number of input reads |	402510
                      Average input read length |	202
                                    UNIQUE READS:
                   Uniquely mapped reads number |	88767
                        Uniquely mapped reads % |	22.05%
                          Average mapped length |	196.51
                       Number of splices: Total |	192459
            Number of splices: Annotated (sjdb) |	190750
                       Number of splices: GT/AG |	192397
                       Number of splices: GC/AG |	62
                       Number of splices: AT/AC |	0
               Number of splices: Non-canonical |	0
                      Mismatch rate per base, % |	0.79%
                         Deletion rate per base |	0.38%
                        Deletion average length |	1.00
                        Insertion rate per base |	0.00%
                       Insertion average length |	1.32
                             MULTI-MAPPING READS:
        Number of reads mapped to multiple loci |	92
             % of reads mapped to multiple loci |	0.02%
        Number of reads mapped to too many loci |	6
             % of reads mapped to too many loci |	0.00%
                                  UNMAPPED READS:
       % of reads unmapped: too many mismatches |	0.55%
                 % of reads unmapped: too short |	77.37%
                     % of reads unmapped: other |	0.00%
                                  CHIMERIC READS:
                       Number of chimeric reads |	5
                            % of chimeric reads |	0.00%
