                                 Started job on |	May 09 21:15:31
                             Started mapping on |	May 09 21:15:32
                                    Finished on |	May 09 21:18:39
       Mapping speed, Million of reads per hour |	7.70

                          Number of input reads |	399892
                      Average input read length |	202
                                    UNIQUE READS:
                   Uniquely mapped reads number |	97330
                        Uniquely mapped reads % |	24.34%
                          Average mapped length |	194.92
                       Number of splices: Total |	283349
            Number of splices: Annotated (sjdb) |	281715
                       Number of splices: GT/AG |	283167
                       Number of splices: GC/AG |	182
                       Number of splices: AT/AC |	0
               Number of splices: Non-canonical |	0
                      Mismatch rate per base, % |	0.77%
                         Deletion rate per base |	0.33%
                        Deletion average length |	1.00
                        Insertion rate per base |	0.08%
                       Insertion average length |	11.12
                             MULTI-MAPPING READS:
        Number of reads mapped to multiple loci |	233
             % of reads mapped to multiple loci |	0.06%
        Number of reads mapped to too many loci |	14
             % of reads mapped to too many loci |	0.00%
                                  UNMAPPED READS:
       % of reads unmapped: too many mismatches |	0.60%
                 % of reads unmapped: too short |	74.99%
                     % of reads unmapped: other |	0.00%
                                  CHIMERIC READS:
                       Number of chimeric reads |	13
                            % of chimeric reads |	0.00%
