                                 Started job on |	May 05 01:41:36
                             Started mapping on |	May 05 01:41:37
                                    Finished on |	May 05 01:43:35
       Mapping speed, Million of reads per hour |	5.82

                          Number of input reads |	190675
                      Average input read length |	202
                                    UNIQUE READS:
                   Uniquely mapped reads number |	51610
                        Uniquely mapped reads % |	27.07%
                          Average mapped length |	196.42
                       Number of splices: Total |	110801
            Number of splices: Annotated (sjdb) |	109319
                       Number of splices: GT/AG |	110738
                       Number of splices: GC/AG |	63
                       Number of splices: AT/AC |	0
               Number of splices: Non-canonical |	0
                      Mismatch rate per base, % |	0.69%
                         Deletion rate per base |	0.36%
                        Deletion average length |	1.00
                        Insertion rate per base |	0.00%
                       Insertion average length |	1.23
                             MULTI-MAPPING READS:
        Number of reads mapped to multiple loci |	58
             % of reads mapped to multiple loci |	0.03%
        Number of reads mapped to too many loci |	5
             % of reads mapped to too many loci |	0.00%
                                  UNMAPPED READS:
       % of reads unmapped: too many mismatches |	0.43%
                 % of reads unmapped: too short |	72.46%
                     % of reads unmapped: other |	0.00%
                                  CHIMERIC READS:
                       Number of chimeric reads |	8
                            % of chimeric reads |	0.00%
