                                 Started job on |	May 07 02:38:14
                             Started mapping on |	May 07 02:38:16
                                    Finished on |	May 07 02:41:43
       Mapping speed, Million of reads per hour |	5.98

                          Number of input reads |	343863
                      Average input read length |	202
                                    UNIQUE READS:
                   Uniquely mapped reads number |	67236
                        Uniquely mapped reads % |	19.55%
                          Average mapped length |	194.86
                       Number of splices: Total |	197054
            Number of splices: Annotated (sjdb) |	196142
                       Number of splices: GT/AG |	196885
                       Number of splices: GC/AG |	169
                       Number of splices: AT/AC |	0
               Number of splices: Non-canonical |	0
                      Mismatch rate per base, % |	0.74%
                         Deletion rate per base |	0.32%
                        Deletion average length |	1.00
                        Insertion rate per base |	0.08%
                       Insertion average length |	11.31
                             MULTI-MAPPING READS:
        Number of reads mapped to multiple loci |	152
             % of reads mapped to multiple loci |	0.04%
        Number of reads mapped to too many loci |	17
             % of reads mapped to too many loci |	0.00%
                                  UNMAPPED READS:
       % of reads unmapped: too many mismatches |	0.36%
                 % of reads unmapped: too short |	80.03%
                     % of reads unmapped: other |	0.00%
                                  CHIMERIC READS:
                       Number of chimeric reads |	17
                            % of chimeric reads |	0.00%
