                                 Started job on |	May 11 13:20:49
                             Started mapping on |	May 11 13:20:51
                                    Finished on |	May 11 13:23:13
       Mapping speed, Million of reads per hour |	8.09

                          Number of input reads |	319090
                      Average input read length |	202
                                    UNIQUE READS:
                   Uniquely mapped reads number |	97913
                        Uniquely mapped reads % |	30.69%
                          Average mapped length |	196.20
                       Number of splices: Total |	210668
            Number of splices: Annotated (sjdb) |	208249
                       Number of splices: GT/AG |	210507
                       Number of splices: GC/AG |	161
                       Number of splices: AT/AC |	0
               Number of splices: Non-canonical |	0
                      Mismatch rate per base, % |	0.72%
                         Deletion rate per base |	0.36%
                        Deletion average length |	1.00
                        Insertion rate per base |	0.00%
                       Insertion average length |	1.05
                             MULTI-MAPPING READS:
        Number of reads mapped to multiple loci |	131
             % of reads mapped to multiple loci |	0.04%
        Number of reads mapped to too many loci |	15
             % of reads mapped to too many loci |	0.00%
                                  UNMAPPED READS:
       % of reads unmapped: too many mismatches |	0.51%
                 % of reads unmapped: too short |	68.76%
                     % of reads unmapped: other |	0.00%
                                  CHIMERIC READS:
                       Number of chimeric reads |	10
                            % of chimeric reads |	0.00%
