                                 Started job on |	May 08 13:52:51
                             Started mapping on |	May 08 13:52:53
                                    Finished on |	May 08 13:55:32
       Mapping speed, Million of reads per hour |	6.93

                          Number of input reads |	305914
                      Average input read length |	202
                                    UNIQUE READS:
                   Uniquely mapped reads number |	72933
                        Uniquely mapped reads % |	23.84%
                          Average mapped length |	195.10
                       Number of splices: Total |	211430
            Number of splices: Annotated (sjdb) |	210375
                       Number of splices: GT/AG |	211275
                       Number of splices: GC/AG |	155
                       Number of splices: AT/AC |	0
               Number of splices: Non-canonical |	0
                      Mismatch rate per base, % |	0.70%
                         Deletion rate per base |	0.32%
                        Deletion average length |	1.00
                        Insertion rate per base |	0.07%
                       Insertion average length |	11.17
                             MULTI-MAPPING READS:
        Number of reads mapped to multiple loci |	177
             % of reads mapped to multiple loci |	0.06%
        Number of reads mapped to too many loci |	6
             % of reads mapped to too many loci |	0.00%
                                  UNMAPPED READS:
       % of reads unmapped: too many mismatches |	0.38%
                 % of reads unmapped: too short |	75.72%
                     % of reads unmapped: other |	0.00%
                                  CHIMERIC READS:
                       Number of chimeric reads |	17
                            % of chimeric reads |	0.01%
