                                 Started job on |	May 09 19:03:16
                             Started mapping on |	May 09 19:03:21
                                    Finished on |	May 09 19:06:00
       Mapping speed, Million of reads per hour |	5.21

                          Number of input reads |	230274
                      Average input read length |	202
                                    UNIQUE READS:
                   Uniquely mapped reads number |	59801
                        Uniquely mapped reads % |	25.97%
                          Average mapped length |	195.01
                       Number of splices: Total |	171221
            Number of splices: Annotated (sjdb) |	170091
                       Number of splices: GT/AG |	171053
                       Number of splices: GC/AG |	168
                       Number of splices: AT/AC |	0
               Number of splices: Non-canonical |	0
                      Mismatch rate per base, % |	0.74%
                         Deletion rate per base |	0.32%
                        Deletion average length |	1.00
                        Insertion rate per base |	0.08%
                       Insertion average length |	11.34
                             MULTI-MAPPING READS:
        Number of reads mapped to multiple loci |	137
             % of reads mapped to multiple loci |	0.06%
        Number of reads mapped to too many loci |	4
             % of reads mapped to too many loci |	0.00%
                                  UNMAPPED READS:
       % of reads unmapped: too many mismatches |	0.51%
                 % of reads unmapped: too short |	73.46%
                     % of reads unmapped: other |	0.00%
                                  CHIMERIC READS:
                       Number of chimeric reads |	2
                            % of chimeric reads |	0.00%
