                                 Started job on |	May 11 01:47:08
                             Started mapping on |	May 11 01:47:09
                                    Finished on |	May 11 01:49:45
       Mapping speed, Million of reads per hour |	5.39

                          Number of input reads |	233612
                      Average input read length |	202
                                    UNIQUE READS:
                   Uniquely mapped reads number |	48760
                        Uniquely mapped reads % |	20.87%
                          Average mapped length |	196.50
                       Number of splices: Total |	105604
            Number of splices: Annotated (sjdb) |	104659
                       Number of splices: GT/AG |	105550
                       Number of splices: GC/AG |	54
                       Number of splices: AT/AC |	0
               Number of splices: Non-canonical |	0
                      Mismatch rate per base, % |	0.69%
                         Deletion rate per base |	0.36%
                        Deletion average length |	1.00
                        Insertion rate per base |	0.00%
                       Insertion average length |	1.00
                             MULTI-MAPPING READS:
        Number of reads mapped to multiple loci |	68
             % of reads mapped to multiple loci |	0.03%
        Number of reads mapped to too many loci |	6
             % of reads mapped to too many loci |	0.00%
                                  UNMAPPED READS:
       % of reads unmapped: too many mismatches |	0.38%
                 % of reads unmapped: too short |	78.72%
                     % of reads unmapped: other |	0.00%
                                  CHIMERIC READS:
                       Number of chimeric reads |	3
                            % of chimeric reads |	0.00%
