                                 Started job on |	May 08 01:41:02
                             Started mapping on |	May 08 01:41:03
                                    Finished on |	May 08 01:44:29
       Mapping speed, Million of reads per hour |	4.11

                          Number of input reads |	235322
                      Average input read length |	202
                                    UNIQUE READS:
                   Uniquely mapped reads number |	54084
                        Uniquely mapped reads % |	22.98%
                          Average mapped length |	194.95
                       Number of splices: Total |	154332
            Number of splices: Annotated (sjdb) |	153419
                       Number of splices: GT/AG |	154222
                       Number of splices: GC/AG |	110
                       Number of splices: AT/AC |	0
               Number of splices: Non-canonical |	0
                      Mismatch rate per base, % |	0.76%
                         Deletion rate per base |	0.32%
                        Deletion average length |	1.00
                        Insertion rate per base |	0.10%
                       Insertion average length |	11.33
                             MULTI-MAPPING READS:
        Number of reads mapped to multiple loci |	153
             % of reads mapped to multiple loci |	0.07%
        Number of reads mapped to too many loci |	17
             % of reads mapped to too many loci |	0.01%
                                  UNMAPPED READS:
       % of reads unmapped: too many mismatches |	0.41%
                 % of reads unmapped: too short |	76.53%
                     % of reads unmapped: other |	0.00%
                                  CHIMERIC READS:
                       Number of chimeric reads |	9
                            % of chimeric reads |	0.00%
