                                 Started job on |	May 09 20:36:42
                             Started mapping on |	May 09 20:36:43
                                    Finished on |	May 09 20:39:18
       Mapping speed, Million of reads per hour |	6.49

                          Number of input reads |	279509
                      Average input read length |	202
                                    UNIQUE READS:
                   Uniquely mapped reads number |	79718
                        Uniquely mapped reads % |	28.52%
                          Average mapped length |	194.67
                       Number of splices: Total |	230461
            Number of splices: Annotated (sjdb) |	229304
                       Number of splices: GT/AG |	230257
                       Number of splices: GC/AG |	204
                       Number of splices: AT/AC |	0
               Number of splices: Non-canonical |	0
                      Mismatch rate per base, % |	0.77%
                         Deletion rate per base |	0.31%
                        Deletion average length |	1.00
                        Insertion rate per base |	0.09%
                       Insertion average length |	11.24
                             MULTI-MAPPING READS:
        Number of reads mapped to multiple loci |	194
             % of reads mapped to multiple loci |	0.07%
        Number of reads mapped to too many loci |	11
             % of reads mapped to too many loci |	0.00%
                                  UNMAPPED READS:
       % of reads unmapped: too many mismatches |	0.56%
                 % of reads unmapped: too short |	70.85%
                     % of reads unmapped: other |	0.00%
                                  CHIMERIC READS:
                       Number of chimeric reads |	17
                            % of chimeric reads |	0.01%
