                                 Started job on |	May 11 03:21:15
                             Started mapping on |	May 11 03:21:16
                                    Finished on |	May 11 03:23:38
       Mapping speed, Million of reads per hour |	6.07

                          Number of input reads |	239392
                      Average input read length |	202
                                    UNIQUE READS:
                   Uniquely mapped reads number |	67014
                        Uniquely mapped reads % |	27.99%
                          Average mapped length |	196.06
                       Number of splices: Total |	145032
            Number of splices: Annotated (sjdb) |	143370
                       Number of splices: GT/AG |	144886
                       Number of splices: GC/AG |	146
                       Number of splices: AT/AC |	0
               Number of splices: Non-canonical |	0
                      Mismatch rate per base, % |	0.71%
                         Deletion rate per base |	0.35%
                        Deletion average length |	1.00
                        Insertion rate per base |	0.00%
                       Insertion average length |	1.26
                             MULTI-MAPPING READS:
        Number of reads mapped to multiple loci |	94
             % of reads mapped to multiple loci |	0.04%
        Number of reads mapped to too many loci |	9
             % of reads mapped to too many loci |	0.00%
                                  UNMAPPED READS:
       % of reads unmapped: too many mismatches |	0.48%
                 % of reads unmapped: too short |	71.48%
                     % of reads unmapped: other |	0.00%
                                  CHIMERIC READS:
                       Number of chimeric reads |	2
                            % of chimeric reads |	0.00%
