                                 Started job on |	May 05 01:54:01
                             Started mapping on |	May 05 01:54:03
                                    Finished on |	May 05 01:56:53
       Mapping speed, Million of reads per hour |	4.40

                          Number of input reads |	207579
                      Average input read length |	202
                                    UNIQUE READS:
                   Uniquely mapped reads number |	59205
                        Uniquely mapped reads % |	28.52%
                          Average mapped length |	196.29
                       Number of splices: Total |	128371
            Number of splices: Annotated (sjdb) |	126726
                       Number of splices: GT/AG |	128285
                       Number of splices: GC/AG |	86
                       Number of splices: AT/AC |	0
               Number of splices: Non-canonical |	0
                      Mismatch rate per base, % |	0.69%
                         Deletion rate per base |	0.36%
                        Deletion average length |	1.01
                        Insertion rate per base |	0.00%
                       Insertion average length |	1.12
                             MULTI-MAPPING READS:
        Number of reads mapped to multiple loci |	85
             % of reads mapped to multiple loci |	0.04%
        Number of reads mapped to too many loci |	10
             % of reads mapped to too many loci |	0.00%
                                  UNMAPPED READS:
       % of reads unmapped: too many mismatches |	0.43%
                 % of reads unmapped: too short |	71.00%
                     % of reads unmapped: other |	0.00%
                                  CHIMERIC READS:
                       Number of chimeric reads |	4
                            % of chimeric reads |	0.00%
