                                 Started job on |	May 09 18:45:25
                             Started mapping on |	May 09 18:45:26
                                    Finished on |	May 09 18:48:01
       Mapping speed, Million of reads per hour |	3.97

                          Number of input reads |	171112
                      Average input read length |	202
                                    UNIQUE READS:
                   Uniquely mapped reads number |	47857
                        Uniquely mapped reads % |	27.97%
                          Average mapped length |	194.92
                       Number of splices: Total |	138657
            Number of splices: Annotated (sjdb) |	138010
                       Number of splices: GT/AG |	138554
                       Number of splices: GC/AG |	103
                       Number of splices: AT/AC |	0
               Number of splices: Non-canonical |	0
                      Mismatch rate per base, % |	0.75%
                         Deletion rate per base |	0.31%
                        Deletion average length |	1.00
                        Insertion rate per base |	0.07%
                       Insertion average length |	11.03
                             MULTI-MAPPING READS:
        Number of reads mapped to multiple loci |	74
             % of reads mapped to multiple loci |	0.04%
        Number of reads mapped to too many loci |	8
             % of reads mapped to too many loci |	0.00%
                                  UNMAPPED READS:
       % of reads unmapped: too many mismatches |	0.53%
                 % of reads unmapped: too short |	71.45%
                     % of reads unmapped: other |	0.00%
                                  CHIMERIC READS:
                       Number of chimeric reads |	11
                            % of chimeric reads |	0.01%
