                                 Started job on |	May 04 23:35:37
                             Started mapping on |	May 04 23:35:38
                                    Finished on |	May 04 23:38:07
       Mapping speed, Million of reads per hour |	5.43

                          Number of input reads |	224542
                      Average input read length |	202
                                    UNIQUE READS:
                   Uniquely mapped reads number |	69664
                        Uniquely mapped reads % |	31.02%
                          Average mapped length |	195.83
                       Number of splices: Total |	149941
            Number of splices: Annotated (sjdb) |	147869
                       Number of splices: GT/AG |	149847
                       Number of splices: GC/AG |	94
                       Number of splices: AT/AC |	0
               Number of splices: Non-canonical |	0
                      Mismatch rate per base, % |	0.71%
                         Deletion rate per base |	0.35%
                        Deletion average length |	1.00
                        Insertion rate per base |	0.00%
                       Insertion average length |	1.00
                             MULTI-MAPPING READS:
        Number of reads mapped to multiple loci |	115
             % of reads mapped to multiple loci |	0.05%
        Number of reads mapped to too many loci |	25
             % of reads mapped to too many loci |	0.01%
                                  UNMAPPED READS:
       % of reads unmapped: too many mismatches |	0.51%
                 % of reads unmapped: too short |	68.40%
                     % of reads unmapped: other |	0.00%
                                  CHIMERIC READS:
                       Number of chimeric reads |	3
                            % of chimeric reads |	0.00%
