                                 Started job on |	May 04 23:30:43
                             Started mapping on |	May 04 23:30:45
                                    Finished on |	May 04 23:33:23
       Mapping speed, Million of reads per hour |	3.75

                          Number of input reads |	164665
                      Average input read length |	202
                                    UNIQUE READS:
                   Uniquely mapped reads number |	46444
                        Uniquely mapped reads % |	28.21%
                          Average mapped length |	196.18
                       Number of splices: Total |	100125
            Number of splices: Annotated (sjdb) |	98955
                       Number of splices: GT/AG |	100066
                       Number of splices: GC/AG |	59
                       Number of splices: AT/AC |	0
               Number of splices: Non-canonical |	0
                      Mismatch rate per base, % |	0.68%
                         Deletion rate per base |	0.36%
                        Deletion average length |	1.00
                        Insertion rate per base |	0.00%
                       Insertion average length |	1.63
                             MULTI-MAPPING READS:
        Number of reads mapped to multiple loci |	56
             % of reads mapped to multiple loci |	0.03%
        Number of reads mapped to too many loci |	16
             % of reads mapped to too many loci |	0.01%
                                  UNMAPPED READS:
       % of reads unmapped: too many mismatches |	0.41%
                 % of reads unmapped: too short |	71.34%
                     % of reads unmapped: other |	0.00%
                                  CHIMERIC READS:
                       Number of chimeric reads |	7
                            % of chimeric reads |	0.00%
