                                 Started job on |	May 11 00:13:44
                             Started mapping on |	May 11 00:13:45
                                    Finished on |	May 11 00:16:48
       Mapping speed, Million of reads per hour |	5.36

                          Number of input reads |	272676
                      Average input read length |	202
                                    UNIQUE READS:
                   Uniquely mapped reads number |	54420
                        Uniquely mapped reads % |	19.96%
                          Average mapped length |	196.23
                       Number of splices: Total |	118024
            Number of splices: Annotated (sjdb) |	116813
                       Number of splices: GT/AG |	117928
                       Number of splices: GC/AG |	96
                       Number of splices: AT/AC |	0
               Number of splices: Non-canonical |	0
                      Mismatch rate per base, % |	0.71%
                         Deletion rate per base |	0.36%
                        Deletion average length |	1.00
                        Insertion rate per base |	0.00%
                       Insertion average length |	1.00
                             MULTI-MAPPING READS:
        Number of reads mapped to multiple loci |	71
             % of reads mapped to multiple loci |	0.03%
        Number of reads mapped to too many loci |	11
             % of reads mapped to too many loci |	0.00%
                                  UNMAPPED READS:
       % of reads unmapped: too many mismatches |	0.37%
                 % of reads unmapped: too short |	79.64%
                     % of reads unmapped: other |	0.00%
                                  CHIMERIC READS:
                       Number of chimeric reads |	3
                            % of chimeric reads |	0.00%
