                                 Started job on |	May 09 17:38:50
                             Started mapping on |	May 09 17:38:51
                                    Finished on |	May 09 17:41:50
       Mapping speed, Million of reads per hour |	4.63

                          Number of input reads |	230208
                      Average input read length |	202
                                    UNIQUE READS:
                   Uniquely mapped reads number |	61969
                        Uniquely mapped reads % |	26.92%
                          Average mapped length |	194.60
                       Number of splices: Total |	180673
            Number of splices: Annotated (sjdb) |	179821
                       Number of splices: GT/AG |	180474
                       Number of splices: GC/AG |	199
                       Number of splices: AT/AC |	0
               Number of splices: Non-canonical |	0
                      Mismatch rate per base, % |	0.75%
                         Deletion rate per base |	0.31%
                        Deletion average length |	1.00
                        Insertion rate per base |	0.11%
                       Insertion average length |	11.50
                             MULTI-MAPPING READS:
        Number of reads mapped to multiple loci |	147
             % of reads mapped to multiple loci |	0.06%
        Number of reads mapped to too many loci |	18
             % of reads mapped to too many loci |	0.01%
                                  UNMAPPED READS:
       % of reads unmapped: too many mismatches |	0.53%
                 % of reads unmapped: too short |	72.48%
                     % of reads unmapped: other |	0.00%
                                  CHIMERIC READS:
                       Number of chimeric reads |	10
                            % of chimeric reads |	0.00%
