                                 Started job on |	May 09 19:59:30
                             Started mapping on |	May 09 19:59:31
                                    Finished on |	May 09 20:02:11
       Mapping speed, Million of reads per hour |	4.67

                          Number of input reads |	207350
                      Average input read length |	202
                                    UNIQUE READS:
                   Uniquely mapped reads number |	56906
                        Uniquely mapped reads % |	27.44%
                          Average mapped length |	194.69
                       Number of splices: Total |	161793
            Number of splices: Annotated (sjdb) |	160927
                       Number of splices: GT/AG |	161602
                       Number of splices: GC/AG |	191
                       Number of splices: AT/AC |	0
               Number of splices: Non-canonical |	0
                      Mismatch rate per base, % |	0.78%
                         Deletion rate per base |	0.31%
                        Deletion average length |	1.00
                        Insertion rate per base |	0.09%
                       Insertion average length |	11.20
                             MULTI-MAPPING READS:
        Number of reads mapped to multiple loci |	131
             % of reads mapped to multiple loci |	0.06%
        Number of reads mapped to too many loci |	10
             % of reads mapped to too many loci |	0.00%
                                  UNMAPPED READS:
       % of reads unmapped: too many mismatches |	0.52%
                 % of reads unmapped: too short |	71.97%
                     % of reads unmapped: other |	0.00%
                                  CHIMERIC READS:
                       Number of chimeric reads |	15
                            % of chimeric reads |	0.01%
