                                 Started job on |	May 07 23:11:56
                             Started mapping on |	May 07 23:11:58
                                    Finished on |	May 07 23:14:21
       Mapping speed, Million of reads per hour |	5.44

                          Number of input reads |	216216
                      Average input read length |	202
                                    UNIQUE READS:
                   Uniquely mapped reads number |	49475
                        Uniquely mapped reads % |	22.88%
                          Average mapped length |	194.90
                       Number of splices: Total |	141391
            Number of splices: Annotated (sjdb) |	140659
                       Number of splices: GT/AG |	141268
                       Number of splices: GC/AG |	123
                       Number of splices: AT/AC |	0
               Number of splices: Non-canonical |	0
                      Mismatch rate per base, % |	0.76%
                         Deletion rate per base |	0.32%
                        Deletion average length |	1.00
                        Insertion rate per base |	0.08%
                       Insertion average length |	11.39
                             MULTI-MAPPING READS:
        Number of reads mapped to multiple loci |	106
             % of reads mapped to multiple loci |	0.05%
        Number of reads mapped to too many loci |	7
             % of reads mapped to too many loci |	0.00%
                                  UNMAPPED READS:
       % of reads unmapped: too many mismatches |	0.43%
                 % of reads unmapped: too short |	76.64%
                     % of reads unmapped: other |	0.00%
                                  CHIMERIC READS:
                       Number of chimeric reads |	10
                            % of chimeric reads |	0.00%
