                                 Started job on |	May 07 22:43:17
                             Started mapping on |	May 07 22:43:18
                                    Finished on |	May 07 22:45:50
       Mapping speed, Million of reads per hour |	7.49

                          Number of input reads |	316078
                      Average input read length |	202
                                    UNIQUE READS:
                   Uniquely mapped reads number |	82538
                        Uniquely mapped reads % |	26.11%
                          Average mapped length |	194.89
                       Number of splices: Total |	231065
            Number of splices: Annotated (sjdb) |	229647
                       Number of splices: GT/AG |	230791
                       Number of splices: GC/AG |	274
                       Number of splices: AT/AC |	0
               Number of splices: Non-canonical |	0
                      Mismatch rate per base, % |	0.76%
                         Deletion rate per base |	0.32%
                        Deletion average length |	1.01
                        Insertion rate per base |	0.11%
                       Insertion average length |	11.60
                             MULTI-MAPPING READS:
        Number of reads mapped to multiple loci |	259
             % of reads mapped to multiple loci |	0.08%
        Number of reads mapped to too many loci |	14
             % of reads mapped to too many loci |	0.00%
                                  UNMAPPED READS:
       % of reads unmapped: too many mismatches |	0.47%
                 % of reads unmapped: too short |	73.33%
                     % of reads unmapped: other |	0.00%
                                  CHIMERIC READS:
                       Number of chimeric reads |	8
                            % of chimeric reads |	0.00%
