                                 Started job on |	May 07 22:09:06
                             Started mapping on |	May 07 22:09:07
                                    Finished on |	May 07 22:11:31
       Mapping speed, Million of reads per hour |	6.03

                          Number of input reads |	241136
                      Average input read length |	202
                                    UNIQUE READS:
                   Uniquely mapped reads number |	58781
                        Uniquely mapped reads % |	24.38%
                          Average mapped length |	194.83
                       Number of splices: Total |	165920
            Number of splices: Annotated (sjdb) |	164909
                       Number of splices: GT/AG |	165739
                       Number of splices: GC/AG |	181
                       Number of splices: AT/AC |	0
               Number of splices: Non-canonical |	0
                      Mismatch rate per base, % |	0.75%
                         Deletion rate per base |	0.31%
                        Deletion average length |	1.00
                        Insertion rate per base |	0.10%
                       Insertion average length |	11.44
                             MULTI-MAPPING READS:
        Number of reads mapped to multiple loci |	164
             % of reads mapped to multiple loci |	0.07%
        Number of reads mapped to too many loci |	8
             % of reads mapped to too many loci |	0.00%
                                  UNMAPPED READS:
       % of reads unmapped: too many mismatches |	0.44%
                 % of reads unmapped: too short |	75.11%
                     % of reads unmapped: other |	0.00%
                                  CHIMERIC READS:
                       Number of chimeric reads |	14
                            % of chimeric reads |	0.01%
