                                 Started job on |	May 11 00:29:38
                             Started mapping on |	May 11 00:29:39
                                    Finished on |	May 11 00:31:59
       Mapping speed, Million of reads per hour |	8.22

                          Number of input reads |	319799
                      Average input read length |	202
                                    UNIQUE READS:
                   Uniquely mapped reads number |	81677
                        Uniquely mapped reads % |	25.54%
                          Average mapped length |	196.05
                       Number of splices: Total |	176146
            Number of splices: Annotated (sjdb) |	174041
                       Number of splices: GT/AG |	175988
                       Number of splices: GC/AG |	158
                       Number of splices: AT/AC |	0
               Number of splices: Non-canonical |	0
                      Mismatch rate per base, % |	0.71%
                         Deletion rate per base |	0.35%
                        Deletion average length |	1.00
                        Insertion rate per base |	0.00%
                       Insertion average length |	1.30
                             MULTI-MAPPING READS:
        Number of reads mapped to multiple loci |	107
             % of reads mapped to multiple loci |	0.03%
        Number of reads mapped to too many loci |	20
             % of reads mapped to too many loci |	0.01%
                                  UNMAPPED READS:
       % of reads unmapped: too many mismatches |	0.48%
                 % of reads unmapped: too short |	73.93%
                     % of reads unmapped: other |	0.00%
                                  CHIMERIC READS:
                       Number of chimeric reads |	10
                            % of chimeric reads |	0.00%
