                                 Started job on |	May 04 23:26:42
                             Started mapping on |	May 04 23:26:43
                                    Finished on |	May 04 23:28:33
       Mapping speed, Million of reads per hour |	8.10

                          Number of input reads |	247413
                      Average input read length |	202
                                    UNIQUE READS:
                   Uniquely mapped reads number |	77486
                        Uniquely mapped reads % |	31.32%
                          Average mapped length |	195.95
                       Number of splices: Total |	167771
            Number of splices: Annotated (sjdb) |	165463
                       Number of splices: GT/AG |	167638
                       Number of splices: GC/AG |	133
                       Number of splices: AT/AC |	0
               Number of splices: Non-canonical |	0
                      Mismatch rate per base, % |	0.69%
                         Deletion rate per base |	0.35%
                        Deletion average length |	1.00
                        Insertion rate per base |	0.00%
                       Insertion average length |	1.08
                             MULTI-MAPPING READS:
        Number of reads mapped to multiple loci |	102
             % of reads mapped to multiple loci |	0.04%
        Number of reads mapped to too many loci |	10
             % of reads mapped to too many loci |	0.00%
                                  UNMAPPED READS:
       % of reads unmapped: too many mismatches |	0.50%
                 % of reads unmapped: too short |	68.14%
                     % of reads unmapped: other |	0.00%
                                  CHIMERIC READS:
                       Number of chimeric reads |	8
                            % of chimeric reads |	0.00%
