                                 Started job on |	May 11 03:39:28
                             Started mapping on |	May 11 03:39:29
                                    Finished on |	May 11 03:41:52
       Mapping speed, Million of reads per hour |	6.32

                          Number of input reads |	251092
                      Average input read length |	202
                                    UNIQUE READS:
                   Uniquely mapped reads number |	77046
                        Uniquely mapped reads % |	30.68%
                          Average mapped length |	196.41
                       Number of splices: Total |	165995
            Number of splices: Annotated (sjdb) |	164270
                       Number of splices: GT/AG |	165889
                       Number of splices: GC/AG |	106
                       Number of splices: AT/AC |	0
               Number of splices: Non-canonical |	0
                      Mismatch rate per base, % |	0.72%
                         Deletion rate per base |	0.36%
                        Deletion average length |	1.00
                        Insertion rate per base |	0.00%
                       Insertion average length |	1.05
                             MULTI-MAPPING READS:
        Number of reads mapped to multiple loci |	120
             % of reads mapped to multiple loci |	0.05%
        Number of reads mapped to too many loci |	23
             % of reads mapped to too many loci |	0.01%
                                  UNMAPPED READS:
       % of reads unmapped: too many mismatches |	0.52%
                 % of reads unmapped: too short |	68.74%
                     % of reads unmapped: other |	0.00%
                                  CHIMERIC READS:
                       Number of chimeric reads |	5
                            % of chimeric reads |	0.00%
