                                 Started job on |	May 09 18:42:03
                             Started mapping on |	May 09 18:42:04
                                    Finished on |	May 09 18:45:24
       Mapping speed, Million of reads per hour |	4.67

                          Number of input reads |	259510
                      Average input read length |	202
                                    UNIQUE READS:
                   Uniquely mapped reads number |	64050
                        Uniquely mapped reads % |	24.68%
                          Average mapped length |	195.10
                       Number of splices: Total |	189282
            Number of splices: Annotated (sjdb) |	188425
                       Number of splices: GT/AG |	189146
                       Number of splices: GC/AG |	136
                       Number of splices: AT/AC |	0
               Number of splices: Non-canonical |	0
                      Mismatch rate per base, % |	0.74%
                         Deletion rate per base |	0.32%
                        Deletion average length |	1.00
                        Insertion rate per base |	0.08%
                       Insertion average length |	11.35
                             MULTI-MAPPING READS:
        Number of reads mapped to multiple loci |	117
             % of reads mapped to multiple loci |	0.05%
        Number of reads mapped to too many loci |	8
             % of reads mapped to too many loci |	0.00%
                                  UNMAPPED READS:
       % of reads unmapped: too many mismatches |	0.46%
                 % of reads unmapped: too short |	74.81%
                     % of reads unmapped: other |	0.00%
                                  CHIMERIC READS:
                       Number of chimeric reads |	13
                            % of chimeric reads |	0.01%
