                                 Started job on |	May 05 01:01:48
                             Started mapping on |	May 05 01:01:50
                                    Finished on |	May 05 01:04:33
       Mapping speed, Million of reads per hour |	6.61

                          Number of input reads |	299083
                      Average input read length |	202
                                    UNIQUE READS:
                   Uniquely mapped reads number |	83053
                        Uniquely mapped reads % |	27.77%
                          Average mapped length |	196.43
                       Number of splices: Total |	178917
            Number of splices: Annotated (sjdb) |	176956
                       Number of splices: GT/AG |	178835
                       Number of splices: GC/AG |	82
                       Number of splices: AT/AC |	0
               Number of splices: Non-canonical |	0
                      Mismatch rate per base, % |	0.68%
                         Deletion rate per base |	0.36%
                        Deletion average length |	1.00
                        Insertion rate per base |	0.00%
                       Insertion average length |	1.06
                             MULTI-MAPPING READS:
        Number of reads mapped to multiple loci |	91
             % of reads mapped to multiple loci |	0.03%
        Number of reads mapped to too many loci |	9
             % of reads mapped to too many loci |	0.00%
                                  UNMAPPED READS:
       % of reads unmapped: too many mismatches |	0.42%
                 % of reads unmapped: too short |	71.78%
                     % of reads unmapped: other |	0.00%
                                  CHIMERIC READS:
                       Number of chimeric reads |	6
                            % of chimeric reads |	0.00%
