                                 Started job on |	May 09 19:27:03
                             Started mapping on |	May 09 19:27:04
                                    Finished on |	May 09 19:30:14
       Mapping speed, Million of reads per hour |	5.81

                          Number of input reads |	306544
                      Average input read length |	202
                                    UNIQUE READS:
                   Uniquely mapped reads number |	80437
                        Uniquely mapped reads % |	26.24%
                          Average mapped length |	195.06
                       Number of splices: Total |	234966
            Number of splices: Annotated (sjdb) |	233784
                       Number of splices: GT/AG |	234812
                       Number of splices: GC/AG |	154
                       Number of splices: AT/AC |	0
               Number of splices: Non-canonical |	0
                      Mismatch rate per base, % |	0.74%
                         Deletion rate per base |	0.32%
                        Deletion average length |	1.00
                        Insertion rate per base |	0.07%
                       Insertion average length |	11.05
                             MULTI-MAPPING READS:
        Number of reads mapped to multiple loci |	164
             % of reads mapped to multiple loci |	0.05%
        Number of reads mapped to too many loci |	11
             % of reads mapped to too many loci |	0.00%
                                  UNMAPPED READS:
       % of reads unmapped: too many mismatches |	0.49%
                 % of reads unmapped: too short |	73.21%
                     % of reads unmapped: other |	0.00%
                                  CHIMERIC READS:
                       Number of chimeric reads |	14
                            % of chimeric reads |	0.00%
