                                 Started job on |	May 05 02:59:28
                             Started mapping on |	May 05 02:59:30
                                    Finished on |	May 05 03:01:48
       Mapping speed, Million of reads per hour |	4.02

                          Number of input reads |	154112
                      Average input read length |	202
                                    UNIQUE READS:
                   Uniquely mapped reads number |	48952
                        Uniquely mapped reads % |	31.76%
                          Average mapped length |	196.04
                       Number of splices: Total |	106229
            Number of splices: Annotated (sjdb) |	104860
                       Number of splices: GT/AG |	106150
                       Number of splices: GC/AG |	79
                       Number of splices: AT/AC |	0
               Number of splices: Non-canonical |	0
                      Mismatch rate per base, % |	0.70%
                         Deletion rate per base |	0.35%
                        Deletion average length |	1.00
                        Insertion rate per base |	0.00%
                       Insertion average length |	1.38
                             MULTI-MAPPING READS:
        Number of reads mapped to multiple loci |	64
             % of reads mapped to multiple loci |	0.04%
        Number of reads mapped to too many loci |	9
             % of reads mapped to too many loci |	0.01%
                                  UNMAPPED READS:
       % of reads unmapped: too many mismatches |	0.49%
                 % of reads unmapped: too short |	67.70%
                     % of reads unmapped: other |	0.00%
                                  CHIMERIC READS:
                       Number of chimeric reads |	9
                            % of chimeric reads |	0.01%
