                                 Started job on |	May 08 02:22:12
                             Started mapping on |	May 08 02:22:13
                                    Finished on |	May 08 02:25:35
       Mapping speed, Million of reads per hour |	3.25

                          Number of input reads |	182143
                      Average input read length |	202
                                    UNIQUE READS:
                   Uniquely mapped reads number |	46699
                        Uniquely mapped reads % |	25.64%
                          Average mapped length |	194.80
                       Number of splices: Total |	134620
            Number of splices: Annotated (sjdb) |	133858
                       Number of splices: GT/AG |	134493
                       Number of splices: GC/AG |	127
                       Number of splices: AT/AC |	0
               Number of splices: Non-canonical |	0
                      Mismatch rate per base, % |	0.76%
                         Deletion rate per base |	0.31%
                        Deletion average length |	1.01
                        Insertion rate per base |	0.11%
                       Insertion average length |	11.28
                             MULTI-MAPPING READS:
        Number of reads mapped to multiple loci |	143
             % of reads mapped to multiple loci |	0.08%
        Number of reads mapped to too many loci |	7
             % of reads mapped to too many loci |	0.00%
                                  UNMAPPED READS:
       % of reads unmapped: too many mismatches |	0.48%
                 % of reads unmapped: too short |	73.80%
                     % of reads unmapped: other |	0.00%
                                  CHIMERIC READS:
                       Number of chimeric reads |	8
                            % of chimeric reads |	0.00%
