                                 Started job on |	May 08 06:01:00
                             Started mapping on |	May 08 06:01:01
                                    Finished on |	May 08 06:03:06
       Mapping speed, Million of reads per hour |	5.05

                          Number of input reads |	175317
                      Average input read length |	202
                                    UNIQUE READS:
                   Uniquely mapped reads number |	59373
                        Uniquely mapped reads % |	33.87%
                          Average mapped length |	195.23
                       Number of splices: Total |	170793
            Number of splices: Annotated (sjdb) |	169905
                       Number of splices: GT/AG |	170689
                       Number of splices: GC/AG |	104
                       Number of splices: AT/AC |	0
               Number of splices: Non-canonical |	0
                      Mismatch rate per base, % |	0.69%
                         Deletion rate per base |	0.31%
                        Deletion average length |	1.00
                        Insertion rate per base |	0.09%
                       Insertion average length |	11.30
                             MULTI-MAPPING READS:
        Number of reads mapped to multiple loci |	113
             % of reads mapped to multiple loci |	0.06%
        Number of reads mapped to too many loci |	4
             % of reads mapped to too many loci |	0.00%
                                  UNMAPPED READS:
       % of reads unmapped: too many mismatches |	0.54%
                 % of reads unmapped: too short |	65.53%
                     % of reads unmapped: other |	0.00%
                                  CHIMERIC READS:
                       Number of chimeric reads |	5
                            % of chimeric reads |	0.00%
