                                 Started job on |	May 10 16:08:48
                             Started mapping on |	May 10 16:08:51
                                    Finished on |	May 10 16:12:00
       Mapping speed, Million of reads per hour |	4.58

                          Number of input reads |	240659
                      Average input read length |	202
                                    UNIQUE READS:
                   Uniquely mapped reads number |	58371
                        Uniquely mapped reads % |	24.25%
                          Average mapped length |	196.25
                       Number of splices: Total |	126281
            Number of splices: Annotated (sjdb) |	124848
                       Number of splices: GT/AG |	126166
                       Number of splices: GC/AG |	115
                       Number of splices: AT/AC |	0
               Number of splices: Non-canonical |	0
                      Mismatch rate per base, % |	0.70%
                         Deletion rate per base |	0.35%
                        Deletion average length |	1.00
                        Insertion rate per base |	0.00%
                       Insertion average length |	1.10
                             MULTI-MAPPING READS:
        Number of reads mapped to multiple loci |	86
             % of reads mapped to multiple loci |	0.04%
        Number of reads mapped to too many loci |	8
             % of reads mapped to too many loci |	0.00%
                                  UNMAPPED READS:
       % of reads unmapped: too many mismatches |	0.40%
                 % of reads unmapped: too short |	75.30%
                     % of reads unmapped: other |	0.00%
                                  CHIMERIC READS:
                       Number of chimeric reads |	5
                            % of chimeric reads |	0.00%
