                                 Started job on |	May 09 22:32:24
                             Started mapping on |	May 09 22:32:25
                                    Finished on |	May 09 22:36:06
       Mapping speed, Million of reads per hour |	5.56

                          Number of input reads |	341258
                      Average input read length |	202
                                    UNIQUE READS:
                   Uniquely mapped reads number |	91116
                        Uniquely mapped reads % |	26.70%
                          Average mapped length |	195.02
                       Number of splices: Total |	264797
            Number of splices: Annotated (sjdb) |	263350
                       Number of splices: GT/AG |	264578
                       Number of splices: GC/AG |	219
                       Number of splices: AT/AC |	0
               Number of splices: Non-canonical |	0
                      Mismatch rate per base, % |	0.78%
                         Deletion rate per base |	0.33%
                        Deletion average length |	1.00
                        Insertion rate per base |	0.08%
                       Insertion average length |	11.08
                             MULTI-MAPPING READS:
        Number of reads mapped to multiple loci |	209
             % of reads mapped to multiple loci |	0.06%
        Number of reads mapped to too many loci |	23
             % of reads mapped to too many loci |	0.01%
                                  UNMAPPED READS:
       % of reads unmapped: too many mismatches |	0.64%
                 % of reads unmapped: too short |	72.59%
                     % of reads unmapped: other |	0.00%
                                  CHIMERIC READS:
                       Number of chimeric reads |	14
                            % of chimeric reads |	0.00%
