                                 Started job on |	May 09 19:29:07
                             Started mapping on |	May 09 19:29:09
                                    Finished on |	May 09 19:32:08
       Mapping speed, Million of reads per hour |	6.89

                          Number of input reads |	342711
                      Average input read length |	202
                                    UNIQUE READS:
                   Uniquely mapped reads number |	86380
                        Uniquely mapped reads % |	25.20%
                          Average mapped length |	195.28
                       Number of splices: Total |	251871
            Number of splices: Annotated (sjdb) |	250542
                       Number of splices: GT/AG |	251677
                       Number of splices: GC/AG |	194
                       Number of splices: AT/AC |	0
               Number of splices: Non-canonical |	0
                      Mismatch rate per base, % |	0.69%
                         Deletion rate per base |	0.33%
                        Deletion average length |	1.00
                        Insertion rate per base |	0.08%
                       Insertion average length |	10.92
                             MULTI-MAPPING READS:
        Number of reads mapped to multiple loci |	189
             % of reads mapped to multiple loci |	0.06%
        Number of reads mapped to too many loci |	14
             % of reads mapped to too many loci |	0.00%
                                  UNMAPPED READS:
       % of reads unmapped: too many mismatches |	0.43%
                 % of reads unmapped: too short |	74.31%
                     % of reads unmapped: other |	0.00%
                                  CHIMERIC READS:
                       Number of chimeric reads |	13
                            % of chimeric reads |	0.00%
