                                 Started job on |	May 11 03:24:39
                             Started mapping on |	May 11 03:24:40
                                    Finished on |	May 11 03:27:10
       Mapping speed, Million of reads per hour |	6.88

                          Number of input reads |	286596
                      Average input read length |	202
                                    UNIQUE READS:
                   Uniquely mapped reads number |	63545
                        Uniquely mapped reads % |	22.17%
                          Average mapped length |	196.70
                       Number of splices: Total |	135260
            Number of splices: Annotated (sjdb) |	133760
                       Number of splices: GT/AG |	135211
                       Number of splices: GC/AG |	49
                       Number of splices: AT/AC |	0
               Number of splices: Non-canonical |	0
                      Mismatch rate per base, % |	0.68%
                         Deletion rate per base |	0.37%
                        Deletion average length |	1.00
                        Insertion rate per base |	0.00%
                       Insertion average length |	1.22
                             MULTI-MAPPING READS:
        Number of reads mapped to multiple loci |	71
             % of reads mapped to multiple loci |	0.02%
        Number of reads mapped to too many loci |	7
             % of reads mapped to too many loci |	0.00%
                                  UNMAPPED READS:
       % of reads unmapped: too many mismatches |	0.34%
                 % of reads unmapped: too short |	77.46%
                     % of reads unmapped: other |	0.00%
                                  CHIMERIC READS:
                       Number of chimeric reads |	6
                            % of chimeric reads |	0.00%
