                                 Started job on |	May 11 11:28:07
                             Started mapping on |	May 11 11:28:08
                                    Finished on |	May 11 11:30:41
       Mapping speed, Million of reads per hour |	3.27

                          Number of input reads |	139055
                      Average input read length |	202
                                    UNIQUE READS:
                   Uniquely mapped reads number |	35173
                        Uniquely mapped reads % |	25.29%
                          Average mapped length |	196.22
                       Number of splices: Total |	75715
            Number of splices: Annotated (sjdb) |	74908
                       Number of splices: GT/AG |	75633
                       Number of splices: GC/AG |	82
                       Number of splices: AT/AC |	0
               Number of splices: Non-canonical |	0
                      Mismatch rate per base, % |	0.71%
                         Deletion rate per base |	0.36%
                        Deletion average length |	1.00
                        Insertion rate per base |	0.00%
                       Insertion average length |	1.07
                             MULTI-MAPPING READS:
        Number of reads mapped to multiple loci |	52
             % of reads mapped to multiple loci |	0.04%
        Number of reads mapped to too many loci |	7
             % of reads mapped to too many loci |	0.01%
                                  UNMAPPED READS:
       % of reads unmapped: too many mismatches |	0.37%
                 % of reads unmapped: too short |	74.29%
                     % of reads unmapped: other |	0.00%
                                  CHIMERIC READS:
                       Number of chimeric reads |	6
                            % of chimeric reads |	0.00%
