                                 Started job on |	May 07 21:46:13
                             Started mapping on |	May 07 21:46:15
                                    Finished on |	May 07 21:48:26
       Mapping speed, Million of reads per hour |	7.69

                          Number of input reads |	279671
                      Average input read length |	202
                                    UNIQUE READS:
                   Uniquely mapped reads number |	67538
                        Uniquely mapped reads % |	24.15%
                          Average mapped length |	194.69
                       Number of splices: Total |	194868
            Number of splices: Annotated (sjdb) |	193850
                       Number of splices: GT/AG |	194686
                       Number of splices: GC/AG |	182
                       Number of splices: AT/AC |	0
               Number of splices: Non-canonical |	0
                      Mismatch rate per base, % |	0.77%
                         Deletion rate per base |	0.31%
                        Deletion average length |	1.00
                        Insertion rate per base |	0.09%
                       Insertion average length |	11.38
                             MULTI-MAPPING READS:
        Number of reads mapped to multiple loci |	184
             % of reads mapped to multiple loci |	0.07%
        Number of reads mapped to too many loci |	17
             % of reads mapped to too many loci |	0.01%
                                  UNMAPPED READS:
       % of reads unmapped: too many mismatches |	0.46%
                 % of reads unmapped: too short |	75.32%
                     % of reads unmapped: other |	0.00%
                                  CHIMERIC READS:
                       Number of chimeric reads |	10
                            % of chimeric reads |	0.00%
