                                 Started job on |	May 10 23:35:33
                             Started mapping on |	May 10 23:35:34
                                    Finished on |	May 10 23:37:34
       Mapping speed, Million of reads per hour |	8.35

                          Number of input reads |	278183
                      Average input read length |	202
                                    UNIQUE READS:
                   Uniquely mapped reads number |	74064
                        Uniquely mapped reads % |	26.62%
                          Average mapped length |	196.12
                       Number of splices: Total |	159794
            Number of splices: Annotated (sjdb) |	158019
                       Number of splices: GT/AG |	159675
                       Number of splices: GC/AG |	119
                       Number of splices: AT/AC |	0
               Number of splices: Non-canonical |	0
                      Mismatch rate per base, % |	0.72%
                         Deletion rate per base |	0.35%
                        Deletion average length |	1.00
                        Insertion rate per base |	0.00%
                       Insertion average length |	1.06
                             MULTI-MAPPING READS:
        Number of reads mapped to multiple loci |	86
             % of reads mapped to multiple loci |	0.03%
        Number of reads mapped to too many loci |	21
             % of reads mapped to too many loci |	0.01%
                                  UNMAPPED READS:
       % of reads unmapped: too many mismatches |	0.49%
                 % of reads unmapped: too short |	72.85%
                     % of reads unmapped: other |	0.00%
                                  CHIMERIC READS:
                       Number of chimeric reads |	6
                            % of chimeric reads |	0.00%
