                                 Started job on |	May 06 14:28:08
                             Started mapping on |	May 06 14:28:09
                                    Finished on |	May 06 14:30:54
       Mapping speed, Million of reads per hour |	8.24

                          Number of input reads |	377756
                      Average input read length |	202
                                    UNIQUE READS:
                   Uniquely mapped reads number |	89426
                        Uniquely mapped reads % |	23.67%
                          Average mapped length |	195.99
                       Number of splices: Total |	192181
            Number of splices: Annotated (sjdb) |	190378
                       Number of splices: GT/AG |	192081
                       Number of splices: GC/AG |	100
                       Number of splices: AT/AC |	0
               Number of splices: Non-canonical |	0
                      Mismatch rate per base, % |	0.83%
                         Deletion rate per base |	0.37%
                        Deletion average length |	1.00
                        Insertion rate per base |	0.00%
                       Insertion average length |	1.07
                             MULTI-MAPPING READS:
        Number of reads mapped to multiple loci |	117
             % of reads mapped to multiple loci |	0.03%
        Number of reads mapped to too many loci |	15
             % of reads mapped to too many loci |	0.00%
                                  UNMAPPED READS:
       % of reads unmapped: too many mismatches |	0.66%
                 % of reads unmapped: too short |	75.64%
                     % of reads unmapped: other |	0.00%
                                  CHIMERIC READS:
                       Number of chimeric reads |	10
                            % of chimeric reads |	0.00%
