                                 Started job on |	May 09 21:02:26
                             Started mapping on |	May 09 21:02:27
                                    Finished on |	May 09 21:05:10
       Mapping speed, Million of reads per hour |	5.53

                          Number of input reads |	250578
                      Average input read length |	202
                                    UNIQUE READS:
                   Uniquely mapped reads number |	74528
                        Uniquely mapped reads % |	29.74%
                          Average mapped length |	194.77
                       Number of splices: Total |	212967
            Number of splices: Annotated (sjdb) |	211864
                       Number of splices: GT/AG |	212754
                       Number of splices: GC/AG |	213
                       Number of splices: AT/AC |	0
               Number of splices: Non-canonical |	0
                      Mismatch rate per base, % |	0.76%
                         Deletion rate per base |	0.31%
                        Deletion average length |	1.01
                        Insertion rate per base |	0.10%
                       Insertion average length |	11.34
                             MULTI-MAPPING READS:
        Number of reads mapped to multiple loci |	173
             % of reads mapped to multiple loci |	0.07%
        Number of reads mapped to too many loci |	7
             % of reads mapped to too many loci |	0.00%
                                  UNMAPPED READS:
       % of reads unmapped: too many mismatches |	0.56%
                 % of reads unmapped: too short |	69.62%
                     % of reads unmapped: other |	0.00%
                                  CHIMERIC READS:
                       Number of chimeric reads |	20
                            % of chimeric reads |	0.01%
