                                 Started job on |	May 09 17:50:58
                             Started mapping on |	May 09 17:50:59
                                    Finished on |	May 09 17:53:56
       Mapping speed, Million of reads per hour |	3.81

                          Number of input reads |	187402
                      Average input read length |	202
                                    UNIQUE READS:
                   Uniquely mapped reads number |	46362
                        Uniquely mapped reads % |	24.74%
                          Average mapped length |	195.03
                       Number of splices: Total |	133994
            Number of splices: Annotated (sjdb) |	133311
                       Number of splices: GT/AG |	133837
                       Number of splices: GC/AG |	157
                       Number of splices: AT/AC |	0
               Number of splices: Non-canonical |	0
                      Mismatch rate per base, % |	0.74%
                         Deletion rate per base |	0.32%
                        Deletion average length |	1.00
                        Insertion rate per base |	0.09%
                       Insertion average length |	11.07
                             MULTI-MAPPING READS:
        Number of reads mapped to multiple loci |	123
             % of reads mapped to multiple loci |	0.07%
        Number of reads mapped to too many loci |	3
             % of reads mapped to too many loci |	0.00%
                                  UNMAPPED READS:
       % of reads unmapped: too many mismatches |	0.45%
                 % of reads unmapped: too short |	74.74%
                     % of reads unmapped: other |	0.00%
                                  CHIMERIC READS:
                       Number of chimeric reads |	11
                            % of chimeric reads |	0.01%
