                                 Started job on |	May 08 00:40:31
                             Started mapping on |	May 08 00:40:33
                                    Finished on |	May 08 00:44:14
       Mapping speed, Million of reads per hour |	3.03

                          Number of input reads |	186235
                      Average input read length |	202
                                    UNIQUE READS:
                   Uniquely mapped reads number |	44866
                        Uniquely mapped reads % |	24.09%
                          Average mapped length |	195.02
                       Number of splices: Total |	128611
            Number of splices: Annotated (sjdb) |	127877
                       Number of splices: GT/AG |	128491
                       Number of splices: GC/AG |	120
                       Number of splices: AT/AC |	0
               Number of splices: Non-canonical |	0
                      Mismatch rate per base, % |	0.75%
                         Deletion rate per base |	0.32%
                        Deletion average length |	1.00
                        Insertion rate per base |	0.07%
                       Insertion average length |	11.40
                             MULTI-MAPPING READS:
        Number of reads mapped to multiple loci |	123
             % of reads mapped to multiple loci |	0.07%
        Number of reads mapped to too many loci |	8
             % of reads mapped to too many loci |	0.00%
                                  UNMAPPED READS:
       % of reads unmapped: too many mismatches |	0.39%
                 % of reads unmapped: too short |	75.45%
                     % of reads unmapped: other |	0.00%
                                  CHIMERIC READS:
                       Number of chimeric reads |	7
                            % of chimeric reads |	0.00%
