                                 Started job on |	May 09 17:33:17
                             Started mapping on |	May 09 17:33:18
                                    Finished on |	May 09 17:36:24
       Mapping speed, Million of reads per hour |	4.98

                          Number of input reads |	257521
                      Average input read length |	202
                                    UNIQUE READS:
                   Uniquely mapped reads number |	84041
                        Uniquely mapped reads % |	32.63%
                          Average mapped length |	194.63
                       Number of splices: Total |	240918
            Number of splices: Annotated (sjdb) |	239591
                       Number of splices: GT/AG |	240660
                       Number of splices: GC/AG |	258
                       Number of splices: AT/AC |	0
               Number of splices: Non-canonical |	0
                      Mismatch rate per base, % |	0.75%
                         Deletion rate per base |	0.30%
                        Deletion average length |	1.00
                        Insertion rate per base |	0.09%
                       Insertion average length |	11.48
                             MULTI-MAPPING READS:
        Number of reads mapped to multiple loci |	194
             % of reads mapped to multiple loci |	0.08%
        Number of reads mapped to too many loci |	12
             % of reads mapped to too many loci |	0.00%
                                  UNMAPPED READS:
       % of reads unmapped: too many mismatches |	0.58%
                 % of reads unmapped: too short |	66.71%
                     % of reads unmapped: other |	0.00%
                                  CHIMERIC READS:
                       Number of chimeric reads |	18
                            % of chimeric reads |	0.01%
