                                 Started job on |	May 10 23:54:20
                             Started mapping on |	May 10 23:54:22
                                    Finished on |	May 10 23:56:58
       Mapping speed, Million of reads per hour |	5.15

                          Number of input reads |	223013
                      Average input read length |	202
                                    UNIQUE READS:
                   Uniquely mapped reads number |	53393
                        Uniquely mapped reads % |	23.94%
                          Average mapped length |	196.17
                       Number of splices: Total |	114568
            Number of splices: Annotated (sjdb) |	113314
                       Number of splices: GT/AG |	114517
                       Number of splices: GC/AG |	51
                       Number of splices: AT/AC |	0
               Number of splices: Non-canonical |	0
                      Mismatch rate per base, % |	0.70%
                         Deletion rate per base |	0.36%
                        Deletion average length |	1.00
                        Insertion rate per base |	0.00%
                       Insertion average length |	1.15
                             MULTI-MAPPING READS:
        Number of reads mapped to multiple loci |	78
             % of reads mapped to multiple loci |	0.03%
        Number of reads mapped to too many loci |	9
             % of reads mapped to too many loci |	0.00%
                                  UNMAPPED READS:
       % of reads unmapped: too many mismatches |	0.43%
                 % of reads unmapped: too short |	75.59%
                     % of reads unmapped: other |	0.00%
                                  CHIMERIC READS:
                       Number of chimeric reads |	4
                            % of chimeric reads |	0.00%
