                                 Started job on |	May 07 22:06:24
                             Started mapping on |	May 07 22:06:25
                                    Finished on |	May 07 22:09:04
       Mapping speed, Million of reads per hour |	5.33

                          Number of input reads |	235505
                      Average input read length |	202
                                    UNIQUE READS:
                   Uniquely mapped reads number |	58256
                        Uniquely mapped reads % |	24.74%
                          Average mapped length |	194.64
                       Number of splices: Total |	163682
            Number of splices: Annotated (sjdb) |	162723
                       Number of splices: GT/AG |	163530
                       Number of splices: GC/AG |	152
                       Number of splices: AT/AC |	0
               Number of splices: Non-canonical |	0
                      Mismatch rate per base, % |	0.76%
                         Deletion rate per base |	0.31%
                        Deletion average length |	1.00
                        Insertion rate per base |	0.10%
                       Insertion average length |	11.40
                             MULTI-MAPPING READS:
        Number of reads mapped to multiple loci |	162
             % of reads mapped to multiple loci |	0.07%
        Number of reads mapped to too many loci |	12
             % of reads mapped to too many loci |	0.01%
                                  UNMAPPED READS:
       % of reads unmapped: too many mismatches |	0.45%
                 % of reads unmapped: too short |	74.74%
                     % of reads unmapped: other |	0.00%
                                  CHIMERIC READS:
                       Number of chimeric reads |	9
                            % of chimeric reads |	0.00%
