                                 Started job on |	May 06 14:11:36
                             Started mapping on |	May 06 14:11:38
                                    Finished on |	May 06 14:14:15
       Mapping speed, Million of reads per hour |	7.31

                          Number of input reads |	318698
                      Average input read length |	202
                                    UNIQUE READS:
                   Uniquely mapped reads number |	78274
                        Uniquely mapped reads % |	24.56%
                          Average mapped length |	195.95
                       Number of splices: Total |	169035
            Number of splices: Annotated (sjdb) |	167221
                       Number of splices: GT/AG |	168976
                       Number of splices: GC/AG |	59
                       Number of splices: AT/AC |	0
               Number of splices: Non-canonical |	0
                      Mismatch rate per base, % |	0.82%
                         Deletion rate per base |	0.36%
                        Deletion average length |	1.00
                        Insertion rate per base |	0.00%
                       Insertion average length |	1.16
                             MULTI-MAPPING READS:
        Number of reads mapped to multiple loci |	109
             % of reads mapped to multiple loci |	0.03%
        Number of reads mapped to too many loci |	21
             % of reads mapped to too many loci |	0.01%
                                  UNMAPPED READS:
       % of reads unmapped: too many mismatches |	0.62%
                 % of reads unmapped: too short |	74.78%
                     % of reads unmapped: other |	0.00%
                                  CHIMERIC READS:
                       Number of chimeric reads |	4
                            % of chimeric reads |	0.00%
