                                 Started job on |	May 09 22:18:04
                             Started mapping on |	May 09 22:18:05
                                    Finished on |	May 09 22:20:47
       Mapping speed, Million of reads per hour |	6.69

                          Number of input reads |	301238
                      Average input read length |	202
                                    UNIQUE READS:
                   Uniquely mapped reads number |	81354
                        Uniquely mapped reads % |	27.01%
                          Average mapped length |	195.00
                       Number of splices: Total |	231036
            Number of splices: Annotated (sjdb) |	229655
                       Number of splices: GT/AG |	230830
                       Number of splices: GC/AG |	206
                       Number of splices: AT/AC |	0
               Number of splices: Non-canonical |	0
                      Mismatch rate per base, % |	0.78%
                         Deletion rate per base |	0.33%
                        Deletion average length |	1.00
                        Insertion rate per base |	0.08%
                       Insertion average length |	11.13
                             MULTI-MAPPING READS:
        Number of reads mapped to multiple loci |	163
             % of reads mapped to multiple loci |	0.05%
        Number of reads mapped to too many loci |	18
             % of reads mapped to too many loci |	0.01%
                                  UNMAPPED READS:
       % of reads unmapped: too many mismatches |	0.65%
                 % of reads unmapped: too short |	72.29%
                     % of reads unmapped: other |	0.00%
                                  CHIMERIC READS:
                       Number of chimeric reads |	17
                            % of chimeric reads |	0.01%
