                                 Started job on |	May 05 03:11:15
                             Started mapping on |	May 05 03:11:16
                                    Finished on |	May 05 03:13:13
       Mapping speed, Million of reads per hour |	10.68

                          Number of input reads |	347063
                      Average input read length |	202
                                    UNIQUE READS:
                   Uniquely mapped reads number |	75038
                        Uniquely mapped reads % |	21.62%
                          Average mapped length |	196.65
                       Number of splices: Total |	162132
            Number of splices: Annotated (sjdb) |	160360
                       Number of splices: GT/AG |	162062
                       Number of splices: GC/AG |	70
                       Number of splices: AT/AC |	0
               Number of splices: Non-canonical |	0
                      Mismatch rate per base, % |	0.67%
                         Deletion rate per base |	0.37%
                        Deletion average length |	1.00
                        Insertion rate per base |	0.00%
                       Insertion average length |	1.07
                             MULTI-MAPPING READS:
        Number of reads mapped to multiple loci |	77
             % of reads mapped to multiple loci |	0.02%
        Number of reads mapped to too many loci |	15
             % of reads mapped to too many loci |	0.00%
                                  UNMAPPED READS:
       % of reads unmapped: too many mismatches |	0.31%
                 % of reads unmapped: too short |	78.04%
                     % of reads unmapped: other |	0.00%
                                  CHIMERIC READS:
                       Number of chimeric reads |	4
                            % of chimeric reads |	0.00%
