                                 Started job on |	May 11 00:41:46
                             Started mapping on |	May 11 00:41:47
                                    Finished on |	May 11 00:43:46
       Mapping speed, Million of reads per hour |	10.21

                          Number of input reads |	337593
                      Average input read length |	202
                                    UNIQUE READS:
                   Uniquely mapped reads number |	98698
                        Uniquely mapped reads % |	29.24%
                          Average mapped length |	195.98
                       Number of splices: Total |	212089
            Number of splices: Annotated (sjdb) |	209409
                       Number of splices: GT/AG |	211962
                       Number of splices: GC/AG |	127
                       Number of splices: AT/AC |	0
               Number of splices: Non-canonical |	0
                      Mismatch rate per base, % |	0.80%
                         Deletion rate per base |	0.37%
                        Deletion average length |	1.00
                        Insertion rate per base |	0.00%
                       Insertion average length |	1.09
                             MULTI-MAPPING READS:
        Number of reads mapped to multiple loci |	131
             % of reads mapped to multiple loci |	0.04%
        Number of reads mapped to too many loci |	38
             % of reads mapped to too many loci |	0.01%
                                  UNMAPPED READS:
       % of reads unmapped: too many mismatches |	0.75%
                 % of reads unmapped: too short |	69.96%
                     % of reads unmapped: other |	0.00%
                                  CHIMERIC READS:
                       Number of chimeric reads |	10
                            % of chimeric reads |	0.00%
