                                 Started job on |	May 08 02:00:06
                             Started mapping on |	May 08 02:00:07
                                    Finished on |	May 08 02:02:21
       Mapping speed, Million of reads per hour |	8.91

                          Number of input reads |	331712
                      Average input read length |	202
                                    UNIQUE READS:
                   Uniquely mapped reads number |	102983
                        Uniquely mapped reads % |	31.05%
                          Average mapped length |	194.97
                       Number of splices: Total |	303218
            Number of splices: Annotated (sjdb) |	301841
                       Number of splices: GT/AG |	302973
                       Number of splices: GC/AG |	245
                       Number of splices: AT/AC |	0
               Number of splices: Non-canonical |	0
                      Mismatch rate per base, % |	0.76%
                         Deletion rate per base |	0.33%
                        Deletion average length |	1.00
                        Insertion rate per base |	0.08%
                       Insertion average length |	11.12
                             MULTI-MAPPING READS:
        Number of reads mapped to multiple loci |	208
             % of reads mapped to multiple loci |	0.06%
        Number of reads mapped to too many loci |	9
             % of reads mapped to too many loci |	0.00%
                                  UNMAPPED READS:
       % of reads unmapped: too many mismatches |	0.74%
                 % of reads unmapped: too short |	68.15%
                     % of reads unmapped: other |	0.00%
                                  CHIMERIC READS:
                       Number of chimeric reads |	21
                            % of chimeric reads |	0.01%
