                                 Started job on |	May 05 12:31:35
                             Started mapping on |	May 05 12:31:37
                                    Finished on |	May 05 12:33:35
       Mapping speed, Million of reads per hour |	11.43

                          Number of input reads |	374506
                      Average input read length |	202
                                    UNIQUE READS:
                   Uniquely mapped reads number |	95290
                        Uniquely mapped reads % |	25.44%
                          Average mapped length |	196.02
                       Number of splices: Total |	209250
            Number of splices: Annotated (sjdb) |	207123
                       Number of splices: GT/AG |	209216
                       Number of splices: GC/AG |	34
                       Number of splices: AT/AC |	0
               Number of splices: Non-canonical |	0
                      Mismatch rate per base, % |	0.74%
                         Deletion rate per base |	0.35%
                        Deletion average length |	1.00
                        Insertion rate per base |	0.00%
                       Insertion average length |	1.02
                             MULTI-MAPPING READS:
        Number of reads mapped to multiple loci |	112
             % of reads mapped to multiple loci |	0.03%
        Number of reads mapped to too many loci |	7
             % of reads mapped to too many loci |	0.00%
                                  UNMAPPED READS:
       % of reads unmapped: too many mismatches |	0.43%
                 % of reads unmapped: too short |	74.09%
                     % of reads unmapped: other |	0.00%
                                  CHIMERIC READS:
                       Number of chimeric reads |	3
                            % of chimeric reads |	0.00%
