                                 Started job on |	May 10 20:31:19
                             Started mapping on |	May 10 20:31:20
                                    Finished on |	May 10 20:33:25
       Mapping speed, Million of reads per hour |	6.14

                          Number of input reads |	213032
                      Average input read length |	202
                                    UNIQUE READS:
                   Uniquely mapped reads number |	42589
                        Uniquely mapped reads % |	19.99%
                          Average mapped length |	194.21
                       Number of splices: Total |	123470
            Number of splices: Annotated (sjdb) |	122818
                       Number of splices: GT/AG |	123415
                       Number of splices: GC/AG |	55
                       Number of splices: AT/AC |	0
               Number of splices: Non-canonical |	0
                      Mismatch rate per base, % |	0.73%
                         Deletion rate per base |	0.31%
                        Deletion average length |	1.01
                        Insertion rate per base |	0.10%
                       Insertion average length |	11.54
                             MULTI-MAPPING READS:
        Number of reads mapped to multiple loci |	96
             % of reads mapped to multiple loci |	0.05%
        Number of reads mapped to too many loci |	2
             % of reads mapped to too many loci |	0.00%
                                  UNMAPPED READS:
       % of reads unmapped: too many mismatches |	0.35%
                 % of reads unmapped: too short |	79.61%
                     % of reads unmapped: other |	0.00%
                                  CHIMERIC READS:
                       Number of chimeric reads |	11
                            % of chimeric reads |	0.01%
