                                 Started job on |	May 10 17:39:45
                             Started mapping on |	May 10 17:39:46
                                    Finished on |	May 10 17:42:39
       Mapping speed, Million of reads per hour |	6.55

                          Number of input reads |	314877
                      Average input read length |	202
                                    UNIQUE READS:
                   Uniquely mapped reads number |	83956
                        Uniquely mapped reads % |	26.66%
                          Average mapped length |	194.82
                       Number of splices: Total |	244528
            Number of splices: Annotated (sjdb) |	243370
                       Number of splices: GT/AG |	244290
                       Number of splices: GC/AG |	238
                       Number of splices: AT/AC |	0
               Number of splices: Non-canonical |	0
                      Mismatch rate per base, % |	0.76%
                         Deletion rate per base |	0.31%
                        Deletion average length |	1.00
                        Insertion rate per base |	0.09%
                       Insertion average length |	11.22
                             MULTI-MAPPING READS:
        Number of reads mapped to multiple loci |	216
             % of reads mapped to multiple loci |	0.07%
        Number of reads mapped to too many loci |	12
             % of reads mapped to too many loci |	0.00%
                                  UNMAPPED READS:
       % of reads unmapped: too many mismatches |	0.54%
                 % of reads unmapped: too short |	72.73%
                     % of reads unmapped: other |	0.00%
                                  CHIMERIC READS:
                       Number of chimeric reads |	18
                            % of chimeric reads |	0.01%
