                                 Started job on |	May 05 01:32:01
                             Started mapping on |	May 05 01:32:03
                                    Finished on |	May 05 01:33:51
       Mapping speed, Million of reads per hour |	6.31

                          Number of input reads |	189435
                      Average input read length |	202
                                    UNIQUE READS:
                   Uniquely mapped reads number |	47801
                        Uniquely mapped reads % |	25.23%
                          Average mapped length |	196.44
                       Number of splices: Total |	102987
            Number of splices: Annotated (sjdb) |	101805
                       Number of splices: GT/AG |	102895
                       Number of splices: GC/AG |	92
                       Number of splices: AT/AC |	0
               Number of splices: Non-canonical |	0
                      Mismatch rate per base, % |	0.68%
                         Deletion rate per base |	0.36%
                        Deletion average length |	1.00
                        Insertion rate per base |	0.00%
                       Insertion average length |	1.03
                             MULTI-MAPPING READS:
        Number of reads mapped to multiple loci |	56
             % of reads mapped to multiple loci |	0.03%
        Number of reads mapped to too many loci |	7
             % of reads mapped to too many loci |	0.00%
                                  UNMAPPED READS:
       % of reads unmapped: too many mismatches |	0.40%
                 % of reads unmapped: too short |	74.33%
                     % of reads unmapped: other |	0.00%
                                  CHIMERIC READS:
                       Number of chimeric reads |	4
                            % of chimeric reads |	0.00%
