                                 Started job on |	May 10 23:39:36
                             Started mapping on |	May 10 23:39:37
                                    Finished on |	May 10 23:42:05
       Mapping speed, Million of reads per hour |	6.50

                          Number of input reads |	267350
                      Average input read length |	202
                                    UNIQUE READS:
                   Uniquely mapped reads number |	67337
                        Uniquely mapped reads % |	25.19%
                          Average mapped length |	196.18
                       Number of splices: Total |	145137
            Number of splices: Annotated (sjdb) |	143450
                       Number of splices: GT/AG |	145028
                       Number of splices: GC/AG |	109
                       Number of splices: AT/AC |	0
               Number of splices: Non-canonical |	0
                      Mismatch rate per base, % |	0.71%
                         Deletion rate per base |	0.35%
                        Deletion average length |	1.00
                        Insertion rate per base |	0.00%
                       Insertion average length |	1.06
                             MULTI-MAPPING READS:
        Number of reads mapped to multiple loci |	92
             % of reads mapped to multiple loci |	0.03%
        Number of reads mapped to too many loci |	27
             % of reads mapped to too many loci |	0.01%
                                  UNMAPPED READS:
       % of reads unmapped: too many mismatches |	0.46%
                 % of reads unmapped: too short |	74.30%
                     % of reads unmapped: other |	0.00%
                                  CHIMERIC READS:
                       Number of chimeric reads |	7
                            % of chimeric reads |	0.00%
