                                 Started job on |	May 09 13:25:58
                             Started mapping on |	May 09 13:25:59
                                    Finished on |	May 09 13:28:54
       Mapping speed, Million of reads per hour |	7.45

                          Number of input reads |	362060
                      Average input read length |	202
                                    UNIQUE READS:
                   Uniquely mapped reads number |	96170
                        Uniquely mapped reads % |	26.56%
                          Average mapped length |	195.00
                       Number of splices: Total |	278923
            Number of splices: Annotated (sjdb) |	277346
                       Number of splices: GT/AG |	278732
                       Number of splices: GC/AG |	191
                       Number of splices: AT/AC |	0
               Number of splices: Non-canonical |	0
                      Mismatch rate per base, % |	0.82%
                         Deletion rate per base |	0.33%
                        Deletion average length |	1.00
                        Insertion rate per base |	0.08%
                       Insertion average length |	11.18
                             MULTI-MAPPING READS:
        Number of reads mapped to multiple loci |	196
             % of reads mapped to multiple loci |	0.05%
        Number of reads mapped to too many loci |	13
             % of reads mapped to too many loci |	0.00%
                                  UNMAPPED READS:
       % of reads unmapped: too many mismatches |	0.71%
                 % of reads unmapped: too short |	72.67%
                     % of reads unmapped: other |	0.00%
                                  CHIMERIC READS:
                       Number of chimeric reads |	12
                            % of chimeric reads |	0.00%
