                                 Started job on |	May 05 03:41:59
                             Started mapping on |	May 05 03:42:00
                                    Finished on |	May 05 03:45:10
       Mapping speed, Million of reads per hour |	8.06

                          Number of input reads |	425140
                      Average input read length |	202
                                    UNIQUE READS:
                   Uniquely mapped reads number |	72477
                        Uniquely mapped reads % |	17.05%
                          Average mapped length |	196.70
                       Number of splices: Total |	156014
            Number of splices: Annotated (sjdb) |	154169
                       Number of splices: GT/AG |	155960
                       Number of splices: GC/AG |	54
                       Number of splices: AT/AC |	0
               Number of splices: Non-canonical |	0
                      Mismatch rate per base, % |	0.66%
                         Deletion rate per base |	0.38%
                        Deletion average length |	1.00
                        Insertion rate per base |	0.00%
                       Insertion average length |	1.06
                             MULTI-MAPPING READS:
        Number of reads mapped to multiple loci |	88
             % of reads mapped to multiple loci |	0.02%
        Number of reads mapped to too many loci |	6
             % of reads mapped to too many loci |	0.00%
                                  UNMAPPED READS:
       % of reads unmapped: too many mismatches |	0.23%
                 % of reads unmapped: too short |	82.70%
                     % of reads unmapped: other |	0.00%
                                  CHIMERIC READS:
                       Number of chimeric reads |	9
                            % of chimeric reads |	0.00%
