                                 Started job on |	May 08 22:30:01
                             Started mapping on |	May 08 22:30:03
                                    Finished on |	May 08 22:32:39
       Mapping speed, Million of reads per hour |	7.09

                          Number of input reads |	307271
                      Average input read length |	202
                                    UNIQUE READS:
                   Uniquely mapped reads number |	69741
                        Uniquely mapped reads % |	22.70%
                          Average mapped length |	194.93
                       Number of splices: Total |	201811
            Number of splices: Annotated (sjdb) |	200658
                       Number of splices: GT/AG |	201643
                       Number of splices: GC/AG |	168
                       Number of splices: AT/AC |	0
               Number of splices: Non-canonical |	0
                      Mismatch rate per base, % |	0.72%
                         Deletion rate per base |	0.32%
                        Deletion average length |	1.00
                        Insertion rate per base |	0.09%
                       Insertion average length |	11.14
                             MULTI-MAPPING READS:
        Number of reads mapped to multiple loci |	165
             % of reads mapped to multiple loci |	0.05%
        Number of reads mapped to too many loci |	13
             % of reads mapped to too many loci |	0.00%
                                  UNMAPPED READS:
       % of reads unmapped: too many mismatches |	0.39%
                 % of reads unmapped: too short |	76.86%
                     % of reads unmapped: other |	0.00%
                                  CHIMERIC READS:
                       Number of chimeric reads |	11
                            % of chimeric reads |	0.00%
