                                 Started job on |	May 09 16:38:10
                             Started mapping on |	May 09 16:38:11
                                    Finished on |	May 09 16:40:21
       Mapping speed, Million of reads per hour |	8.74

                          Number of input reads |	315776
                      Average input read length |	202
                                    UNIQUE READS:
                   Uniquely mapped reads number |	91378
                        Uniquely mapped reads % |	28.94%
                          Average mapped length |	194.97
                       Number of splices: Total |	258330
            Number of splices: Annotated (sjdb) |	256849
                       Number of splices: GT/AG |	258023
                       Number of splices: GC/AG |	307
                       Number of splices: AT/AC |	0
               Number of splices: Non-canonical |	0
                      Mismatch rate per base, % |	0.75%
                         Deletion rate per base |	0.31%
                        Deletion average length |	1.00
                        Insertion rate per base |	0.09%
                       Insertion average length |	11.43
                             MULTI-MAPPING READS:
        Number of reads mapped to multiple loci |	211
             % of reads mapped to multiple loci |	0.07%
        Number of reads mapped to too many loci |	12
             % of reads mapped to too many loci |	0.00%
                                  UNMAPPED READS:
       % of reads unmapped: too many mismatches |	0.54%
                 % of reads unmapped: too short |	70.45%
                     % of reads unmapped: other |	0.00%
                                  CHIMERIC READS:
                       Number of chimeric reads |	18
                            % of chimeric reads |	0.01%
