                                 Started job on |	May 11 13:18:02
                             Started mapping on |	May 11 13:18:03
                                    Finished on |	May 11 13:20:34
       Mapping speed, Million of reads per hour |	6.43

                          Number of input reads |	269596
                      Average input read length |	202
                                    UNIQUE READS:
                   Uniquely mapped reads number |	69297
                        Uniquely mapped reads % |	25.70%
                          Average mapped length |	196.39
                       Number of splices: Total |	150198
            Number of splices: Annotated (sjdb) |	148553
                       Number of splices: GT/AG |	150097
                       Number of splices: GC/AG |	101
                       Number of splices: AT/AC |	0
               Number of splices: Non-canonical |	0
                      Mismatch rate per base, % |	0.72%
                         Deletion rate per base |	0.36%
                        Deletion average length |	1.00
                        Insertion rate per base |	0.00%
                       Insertion average length |	1.07
                             MULTI-MAPPING READS:
        Number of reads mapped to multiple loci |	85
             % of reads mapped to multiple loci |	0.03%
        Number of reads mapped to too many loci |	9
             % of reads mapped to too many loci |	0.00%
                                  UNMAPPED READS:
       % of reads unmapped: too many mismatches |	0.45%
                 % of reads unmapped: too short |	73.81%
                     % of reads unmapped: other |	0.00%
                                  CHIMERIC READS:
                       Number of chimeric reads |	6
                            % of chimeric reads |	0.00%
