                                 Started job on |	May 08 04:26:54
                             Started mapping on |	May 08 04:26:55
                                    Finished on |	May 08 04:28:49
       Mapping speed, Million of reads per hour |	10.08

                          Number of input reads |	319229
                      Average input read length |	202
                                    UNIQUE READS:
                   Uniquely mapped reads number |	75465
                        Uniquely mapped reads % |	23.64%
                          Average mapped length |	195.79
                       Number of splices: Total |	229443
            Number of splices: Annotated (sjdb) |	228597
                       Number of splices: GT/AG |	229321
                       Number of splices: GC/AG |	122
                       Number of splices: AT/AC |	0
               Number of splices: Non-canonical |	0
                      Mismatch rate per base, % |	0.68%
                         Deletion rate per base |	0.33%
                        Deletion average length |	1.00
                        Insertion rate per base |	0.06%
                       Insertion average length |	11.08
                             MULTI-MAPPING READS:
        Number of reads mapped to multiple loci |	107
             % of reads mapped to multiple loci |	0.03%
        Number of reads mapped to too many loci |	7
             % of reads mapped to too many loci |	0.00%
                                  UNMAPPED READS:
       % of reads unmapped: too many mismatches |	0.38%
                 % of reads unmapped: too short |	75.95%
                     % of reads unmapped: other |	0.00%
                                  CHIMERIC READS:
                       Number of chimeric reads |	13
                            % of chimeric reads |	0.00%
