                                 Started job on |	May 08 04:47:03
                             Started mapping on |	May 08 04:47:04
                                    Finished on |	May 08 04:50:03
       Mapping speed, Million of reads per hour |	5.87

                          Number of input reads |	291696
                      Average input read length |	202
                                    UNIQUE READS:
                   Uniquely mapped reads number |	76553
                        Uniquely mapped reads % |	26.24%
                          Average mapped length |	194.77
                       Number of splices: Total |	225461
            Number of splices: Annotated (sjdb) |	224309
                       Number of splices: GT/AG |	225281
                       Number of splices: GC/AG |	180
                       Number of splices: AT/AC |	0
               Number of splices: Non-canonical |	0
                      Mismatch rate per base, % |	0.75%
                         Deletion rate per base |	0.31%
                        Deletion average length |	1.00
                        Insertion rate per base |	0.10%
                       Insertion average length |	11.35
                             MULTI-MAPPING READS:
        Number of reads mapped to multiple loci |	207
             % of reads mapped to multiple loci |	0.07%
        Number of reads mapped to too many loci |	9
             % of reads mapped to too many loci |	0.00%
                                  UNMAPPED READS:
       % of reads unmapped: too many mismatches |	0.44%
                 % of reads unmapped: too short |	73.24%
                     % of reads unmapped: other |	0.00%
                                  CHIMERIC READS:
                       Number of chimeric reads |	8
                            % of chimeric reads |	0.00%
