                                 Started job on |	May 09 14:43:26
                             Started mapping on |	May 09 14:43:27
                                    Finished on |	May 09 14:46:46
       Mapping speed, Million of reads per hour |	5.22

                          Number of input reads |	288583
                      Average input read length |	202
                                    UNIQUE READS:
                   Uniquely mapped reads number |	76133
                        Uniquely mapped reads % |	26.38%
                          Average mapped length |	194.76
                       Number of splices: Total |	228612
            Number of splices: Annotated (sjdb) |	227615
                       Number of splices: GT/AG |	228461
                       Number of splices: GC/AG |	151
                       Number of splices: AT/AC |	0
               Number of splices: Non-canonical |	0
                      Mismatch rate per base, % |	0.75%
                         Deletion rate per base |	0.31%
                        Deletion average length |	1.00
                        Insertion rate per base |	0.09%
                       Insertion average length |	11.22
                             MULTI-MAPPING READS:
        Number of reads mapped to multiple loci |	140
             % of reads mapped to multiple loci |	0.05%
        Number of reads mapped to too many loci |	3
             % of reads mapped to too many loci |	0.00%
                                  UNMAPPED READS:
       % of reads unmapped: too many mismatches |	0.46%
                 % of reads unmapped: too short |	73.10%
                     % of reads unmapped: other |	0.00%
                                  CHIMERIC READS:
                       Number of chimeric reads |	13
                            % of chimeric reads |	0.00%
