                                 Started job on |	May 05 04:59:59
                             Started mapping on |	May 05 05:00:01
                                    Finished on |	May 05 05:02:40
       Mapping speed, Million of reads per hour |	5.95

                          Number of input reads |	262933
                      Average input read length |	202
                                    UNIQUE READS:
                   Uniquely mapped reads number |	56617
                        Uniquely mapped reads % |	21.53%
                          Average mapped length |	196.42
                       Number of splices: Total |	123051
            Number of splices: Annotated (sjdb) |	121682
                       Number of splices: GT/AG |	122983
                       Number of splices: GC/AG |	68
                       Number of splices: AT/AC |	0
               Number of splices: Non-canonical |	0
                      Mismatch rate per base, % |	0.69%
                         Deletion rate per base |	0.37%
                        Deletion average length |	1.00
                        Insertion rate per base |	0.00%
                       Insertion average length |	1.13
                             MULTI-MAPPING READS:
        Number of reads mapped to multiple loci |	88
             % of reads mapped to multiple loci |	0.03%
        Number of reads mapped to too many loci |	6
             % of reads mapped to too many loci |	0.00%
                                  UNMAPPED READS:
       % of reads unmapped: too many mismatches |	0.32%
                 % of reads unmapped: too short |	78.11%
                     % of reads unmapped: other |	0.00%
                                  CHIMERIC READS:
                       Number of chimeric reads |	5
                            % of chimeric reads |	0.00%
