                                 Started job on |	May 05 19:17:16
                             Started mapping on |	May 05 19:17:18
                                    Finished on |	May 05 19:20:05
       Mapping speed, Million of reads per hour |	6.88

                          Number of input reads |	319307
                      Average input read length |	202
                                    UNIQUE READS:
                   Uniquely mapped reads number |	78795
                        Uniquely mapped reads % |	24.68%
                          Average mapped length |	195.88
                       Number of splices: Total |	170200
            Number of splices: Annotated (sjdb) |	168342
                       Number of splices: GT/AG |	170139
                       Number of splices: GC/AG |	61
                       Number of splices: AT/AC |	0
               Number of splices: Non-canonical |	0
                      Mismatch rate per base, % |	0.75%
                         Deletion rate per base |	0.35%
                        Deletion average length |	1.00
                        Insertion rate per base |	0.00%
                       Insertion average length |	1.16
                             MULTI-MAPPING READS:
        Number of reads mapped to multiple loci |	137
             % of reads mapped to multiple loci |	0.04%
        Number of reads mapped to too many loci |	10
             % of reads mapped to too many loci |	0.00%
                                  UNMAPPED READS:
       % of reads unmapped: too many mismatches |	0.43%
                 % of reads unmapped: too short |	74.84%
                     % of reads unmapped: other |	0.00%
                                  CHIMERIC READS:
                       Number of chimeric reads |	9
                            % of chimeric reads |	0.00%
