                                 Started job on |	May 10 00:27:31
                             Started mapping on |	May 10 00:27:32
                                    Finished on |	May 10 00:30:24
       Mapping speed, Million of reads per hour |	6.71

                          Number of input reads |	320587
                      Average input read length |	202
                                    UNIQUE READS:
                   Uniquely mapped reads number |	82935
                        Uniquely mapped reads % |	25.87%
                          Average mapped length |	194.89
                       Number of splices: Total |	232278
            Number of splices: Annotated (sjdb) |	230264
                       Number of splices: GT/AG |	232148
                       Number of splices: GC/AG |	130
                       Number of splices: AT/AC |	0
               Number of splices: Non-canonical |	0
                      Mismatch rate per base, % |	0.71%
                         Deletion rate per base |	0.33%
                        Deletion average length |	1.00
                        Insertion rate per base |	0.08%
                       Insertion average length |	10.98
                             MULTI-MAPPING READS:
        Number of reads mapped to multiple loci |	174
             % of reads mapped to multiple loci |	0.05%
        Number of reads mapped to too many loci |	11
             % of reads mapped to too many loci |	0.00%
                                  UNMAPPED READS:
       % of reads unmapped: too many mismatches |	0.47%
                 % of reads unmapped: too short |	73.61%
                     % of reads unmapped: other |	0.00%
                                  CHIMERIC READS:
                       Number of chimeric reads |	21
                            % of chimeric reads |	0.01%
