                                 Started job on |	May 10 23:24:04
                             Started mapping on |	May 10 23:24:05
                                    Finished on |	May 10 23:26:28
       Mapping speed, Million of reads per hour |	7.91

                          Number of input reads |	314128
                      Average input read length |	202
                                    UNIQUE READS:
                   Uniquely mapped reads number |	88960
                        Uniquely mapped reads % |	28.32%
                          Average mapped length |	196.22
                       Number of splices: Total |	188542
            Number of splices: Annotated (sjdb) |	185944
                       Number of splices: GT/AG |	188451
                       Number of splices: GC/AG |	91
                       Number of splices: AT/AC |	0
               Number of splices: Non-canonical |	0
                      Mismatch rate per base, % |	0.71%
                         Deletion rate per base |	0.36%
                        Deletion average length |	1.00
                        Insertion rate per base |	0.00%
                       Insertion average length |	1.04
                             MULTI-MAPPING READS:
        Number of reads mapped to multiple loci |	107
             % of reads mapped to multiple loci |	0.03%
        Number of reads mapped to too many loci |	8
             % of reads mapped to too many loci |	0.00%
                                  UNMAPPED READS:
       % of reads unmapped: too many mismatches |	0.49%
                 % of reads unmapped: too short |	71.16%
                     % of reads unmapped: other |	0.00%
                                  CHIMERIC READS:
                       Number of chimeric reads |	5
                            % of chimeric reads |	0.00%
