                                 Started job on |	May 08 02:02:23
                             Started mapping on |	May 08 02:02:24
                                    Finished on |	May 08 02:05:12
       Mapping speed, Million of reads per hour |	5.29

                          Number of input reads |	246749
                      Average input read length |	202
                                    UNIQUE READS:
                   Uniquely mapped reads number |	74056
                        Uniquely mapped reads % |	30.01%
                          Average mapped length |	195.38
                       Number of splices: Total |	208973
            Number of splices: Annotated (sjdb) |	207664
                       Number of splices: GT/AG |	208814
                       Number of splices: GC/AG |	159
                       Number of splices: AT/AC |	0
               Number of splices: Non-canonical |	0
                      Mismatch rate per base, % |	0.77%
                         Deletion rate per base |	0.33%
                        Deletion average length |	1.00
                        Insertion rate per base |	0.05%
                       Insertion average length |	10.82
                             MULTI-MAPPING READS:
        Number of reads mapped to multiple loci |	119
             % of reads mapped to multiple loci |	0.05%
        Number of reads mapped to too many loci |	5
             % of reads mapped to too many loci |	0.00%
                                  UNMAPPED READS:
       % of reads unmapped: too many mismatches |	0.70%
                 % of reads unmapped: too short |	69.23%
                     % of reads unmapped: other |	0.00%
                                  CHIMERIC READS:
                       Number of chimeric reads |	10
                            % of chimeric reads |	0.00%
