                                 Started job on |	May 09 15:41:48
                             Started mapping on |	May 09 15:41:50
                                    Finished on |	May 09 15:44:32
       Mapping speed, Million of reads per hour |	7.49

                          Number of input reads |	336886
                      Average input read length |	202
                                    UNIQUE READS:
                   Uniquely mapped reads number |	82251
                        Uniquely mapped reads % |	24.42%
                          Average mapped length |	195.27
                       Number of splices: Total |	240003
            Number of splices: Annotated (sjdb) |	238703
                       Number of splices: GT/AG |	239858
                       Number of splices: GC/AG |	145
                       Number of splices: AT/AC |	0
               Number of splices: Non-canonical |	0
                      Mismatch rate per base, % |	0.73%
                         Deletion rate per base |	0.33%
                        Deletion average length |	1.00
                        Insertion rate per base |	0.06%
                       Insertion average length |	11.06
                             MULTI-MAPPING READS:
        Number of reads mapped to multiple loci |	168
             % of reads mapped to multiple loci |	0.05%
        Number of reads mapped to too many loci |	4
             % of reads mapped to too many loci |	0.00%
                                  UNMAPPED READS:
       % of reads unmapped: too many mismatches |	0.46%
                 % of reads unmapped: too short |	75.07%
                     % of reads unmapped: other |	0.00%
                                  CHIMERIC READS:
                       Number of chimeric reads |	16
                            % of chimeric reads |	0.00%
