                                 Started job on |	May 11 04:32:25
                             Started mapping on |	May 11 04:32:26
                                    Finished on |	May 11 04:34:05
       Mapping speed, Million of reads per hour |	10.39

                          Number of input reads |	285858
                      Average input read length |	202
                                    UNIQUE READS:
                   Uniquely mapped reads number |	80332
                        Uniquely mapped reads % |	28.10%
                          Average mapped length |	196.34
                       Number of splices: Total |	173305
            Number of splices: Annotated (sjdb) |	171223
                       Number of splices: GT/AG |	173134
                       Number of splices: GC/AG |	171
                       Number of splices: AT/AC |	0
               Number of splices: Non-canonical |	0
                      Mismatch rate per base, % |	0.70%
                         Deletion rate per base |	0.36%
                        Deletion average length |	1.00
                        Insertion rate per base |	0.00%
                       Insertion average length |	1.07
                             MULTI-MAPPING READS:
        Number of reads mapped to multiple loci |	93
             % of reads mapped to multiple loci |	0.03%
        Number of reads mapped to too many loci |	17
             % of reads mapped to too many loci |	0.01%
                                  UNMAPPED READS:
       % of reads unmapped: too many mismatches |	0.44%
                 % of reads unmapped: too short |	71.42%
                     % of reads unmapped: other |	0.00%
                                  CHIMERIC READS:
                       Number of chimeric reads |	4
                            % of chimeric reads |	0.00%
