                                 Started job on |	May 11 06:24:31
                             Started mapping on |	May 11 06:24:32
                                    Finished on |	May 11 06:27:26
       Mapping speed, Million of reads per hour |	7.51

                          Number of input reads |	363108
                      Average input read length |	202
                                    UNIQUE READS:
                   Uniquely mapped reads number |	87771
                        Uniquely mapped reads % |	24.17%
                          Average mapped length |	196.39
                       Number of splices: Total |	188807
            Number of splices: Annotated (sjdb) |	186836
                       Number of splices: GT/AG |	188665
                       Number of splices: GC/AG |	142
                       Number of splices: AT/AC |	0
               Number of splices: Non-canonical |	0
                      Mismatch rate per base, % |	0.76%
                         Deletion rate per base |	0.37%
                        Deletion average length |	1.00
                        Insertion rate per base |	0.00%
                       Insertion average length |	1.31
                             MULTI-MAPPING READS:
        Number of reads mapped to multiple loci |	92
             % of reads mapped to multiple loci |	0.03%
        Number of reads mapped to too many loci |	20
             % of reads mapped to too many loci |	0.01%
                                  UNMAPPED READS:
       % of reads unmapped: too many mismatches |	0.58%
                 % of reads unmapped: too short |	75.21%
                     % of reads unmapped: other |	0.00%
                                  CHIMERIC READS:
                       Number of chimeric reads |	4
                            % of chimeric reads |	0.00%
