                                 Started job on |	May 10 18:20:59
                             Started mapping on |	May 10 18:21:00
                                    Finished on |	May 10 18:23:06
       Mapping speed, Million of reads per hour |	11.21

                          Number of input reads |	392402
                      Average input read length |	202
                                    UNIQUE READS:
                   Uniquely mapped reads number |	102279
                        Uniquely mapped reads % |	26.06%
                          Average mapped length |	194.86
                       Number of splices: Total |	297413
            Number of splices: Annotated (sjdb) |	295952
                       Number of splices: GT/AG |	297172
                       Number of splices: GC/AG |	241
                       Number of splices: AT/AC |	0
               Number of splices: Non-canonical |	0
                      Mismatch rate per base, % |	0.74%
                         Deletion rate per base |	0.32%
                        Deletion average length |	1.00
                        Insertion rate per base |	0.08%
                       Insertion average length |	11.29
                             MULTI-MAPPING READS:
        Number of reads mapped to multiple loci |	210
             % of reads mapped to multiple loci |	0.05%
        Number of reads mapped to too many loci |	13
             % of reads mapped to too many loci |	0.00%
                                  UNMAPPED READS:
       % of reads unmapped: too many mismatches |	0.48%
                 % of reads unmapped: too short |	73.40%
                     % of reads unmapped: other |	0.00%
                                  CHIMERIC READS:
                       Number of chimeric reads |	22
                            % of chimeric reads |	0.01%
