                                 Started job on |	May 06 22:04:18
                             Started mapping on |	May 06 22:04:19
                                    Finished on |	May 06 22:07:20
       Mapping speed, Million of reads per hour |	5.82

                          Number of input reads |	292524
                      Average input read length |	202
                                    UNIQUE READS:
                   Uniquely mapped reads number |	65684
                        Uniquely mapped reads % |	22.45%
                          Average mapped length |	194.84
                       Number of splices: Total |	191393
            Number of splices: Annotated (sjdb) |	190437
                       Number of splices: GT/AG |	191186
                       Number of splices: GC/AG |	207
                       Number of splices: AT/AC |	0
               Number of splices: Non-canonical |	0
                      Mismatch rate per base, % |	0.75%
                         Deletion rate per base |	0.32%
                        Deletion average length |	1.00
                        Insertion rate per base |	0.11%
                       Insertion average length |	11.46
                             MULTI-MAPPING READS:
        Number of reads mapped to multiple loci |	154
             % of reads mapped to multiple loci |	0.05%
        Number of reads mapped to too many loci |	6
             % of reads mapped to too many loci |	0.00%
                                  UNMAPPED READS:
       % of reads unmapped: too many mismatches |	0.39%
                 % of reads unmapped: too short |	77.10%
                     % of reads unmapped: other |	0.00%
                                  CHIMERIC READS:
                       Number of chimeric reads |	14
                            % of chimeric reads |	0.00%
