                                 Started job on |	May 08 05:29:26
                             Started mapping on |	May 08 05:29:27
                                    Finished on |	May 08 05:32:25
       Mapping speed, Million of reads per hour |	7.16

                          Number of input reads |	354202
                      Average input read length |	202
                                    UNIQUE READS:
                   Uniquely mapped reads number |	94225
                        Uniquely mapped reads % |	26.60%
                          Average mapped length |	194.86
                       Number of splices: Total |	274806
            Number of splices: Annotated (sjdb) |	273440
                       Number of splices: GT/AG |	274611
                       Number of splices: GC/AG |	195
                       Number of splices: AT/AC |	0
               Number of splices: Non-canonical |	0
                      Mismatch rate per base, % |	0.81%
                         Deletion rate per base |	0.33%
                        Deletion average length |	1.00
                        Insertion rate per base |	0.07%
                       Insertion average length |	11.18
                             MULTI-MAPPING READS:
        Number of reads mapped to multiple loci |	231
             % of reads mapped to multiple loci |	0.07%
        Number of reads mapped to too many loci |	13
             % of reads mapped to too many loci |	0.00%
                                  UNMAPPED READS:
       % of reads unmapped: too many mismatches |	0.64%
                 % of reads unmapped: too short |	72.69%
                     % of reads unmapped: other |	0.00%
                                  CHIMERIC READS:
                       Number of chimeric reads |	19
                            % of chimeric reads |	0.01%
