                                 Started job on |	May 09 15:48:06
                             Started mapping on |	May 09 15:48:07
                                    Finished on |	May 09 15:50:32
       Mapping speed, Million of reads per hour |	7.99

                          Number of input reads |	322014
                      Average input read length |	202
                                    UNIQUE READS:
                   Uniquely mapped reads number |	84189
                        Uniquely mapped reads % |	26.14%
                          Average mapped length |	194.79
                       Number of splices: Total |	246863
            Number of splices: Annotated (sjdb) |	245703
                       Number of splices: GT/AG |	246554
                       Number of splices: GC/AG |	309
                       Number of splices: AT/AC |	0
               Number of splices: Non-canonical |	0
                      Mismatch rate per base, % |	0.74%
                         Deletion rate per base |	0.32%
                        Deletion average length |	1.00
                        Insertion rate per base |	0.11%
                       Insertion average length |	11.37
                             MULTI-MAPPING READS:
        Number of reads mapped to multiple loci |	198
             % of reads mapped to multiple loci |	0.06%
        Number of reads mapped to too many loci |	5
             % of reads mapped to too many loci |	0.00%
                                  UNMAPPED READS:
       % of reads unmapped: too many mismatches |	0.45%
                 % of reads unmapped: too short |	73.34%
                     % of reads unmapped: other |	0.00%
                                  CHIMERIC READS:
                       Number of chimeric reads |	17
                            % of chimeric reads |	0.01%
