                                 Started job on |	May 11 04:35:49
                             Started mapping on |	May 11 04:35:50
                                    Finished on |	May 11 04:38:27
       Mapping speed, Million of reads per hour |	7.52

                          Number of input reads |	327975
                      Average input read length |	202
                                    UNIQUE READS:
                   Uniquely mapped reads number |	84592
                        Uniquely mapped reads % |	25.79%
                          Average mapped length |	196.34
                       Number of splices: Total |	181944
            Number of splices: Annotated (sjdb) |	180153
                       Number of splices: GT/AG |	181845
                       Number of splices: GC/AG |	99
                       Number of splices: AT/AC |	0
               Number of splices: Non-canonical |	0
                      Mismatch rate per base, % |	0.70%
                         Deletion rate per base |	0.36%
                        Deletion average length |	1.00
                        Insertion rate per base |	0.00%
                       Insertion average length |	1.00
                             MULTI-MAPPING READS:
        Number of reads mapped to multiple loci |	136
             % of reads mapped to multiple loci |	0.04%
        Number of reads mapped to too many loci |	17
             % of reads mapped to too many loci |	0.01%
                                  UNMAPPED READS:
       % of reads unmapped: too many mismatches |	0.43%
                 % of reads unmapped: too short |	73.73%
                     % of reads unmapped: other |	0.00%
                                  CHIMERIC READS:
                       Number of chimeric reads |	7
                            % of chimeric reads |	0.00%
