                                 Started job on |	May 05 13:10:49
                             Started mapping on |	May 05 13:10:51
                                    Finished on |	May 05 13:13:09
       Mapping speed, Million of reads per hour |	8.11

                          Number of input reads |	310866
                      Average input read length |	202
                                    UNIQUE READS:
                   Uniquely mapped reads number |	76497
                        Uniquely mapped reads % |	24.61%
                          Average mapped length |	195.94
                       Number of splices: Total |	165443
            Number of splices: Annotated (sjdb) |	163537
                       Number of splices: GT/AG |	165398
                       Number of splices: GC/AG |	45
                       Number of splices: AT/AC |	0
               Number of splices: Non-canonical |	0
                      Mismatch rate per base, % |	0.75%
                         Deletion rate per base |	0.35%
                        Deletion average length |	1.00
                        Insertion rate per base |	0.00%
                       Insertion average length |	1.01
                             MULTI-MAPPING READS:
        Number of reads mapped to multiple loci |	93
             % of reads mapped to multiple loci |	0.03%
        Number of reads mapped to too many loci |	16
             % of reads mapped to too many loci |	0.01%
                                  UNMAPPED READS:
       % of reads unmapped: too many mismatches |	0.43%
                 % of reads unmapped: too short |	74.92%
                     % of reads unmapped: other |	0.00%
                                  CHIMERIC READS:
                       Number of chimeric reads |	7
                            % of chimeric reads |	0.00%
