                                 Started job on |	May 09 05:02:05
                             Started mapping on |	May 09 05:02:06
                                    Finished on |	May 09 05:04:39
       Mapping speed, Million of reads per hour |	6.83

                          Number of input reads |	290442
                      Average input read length |	202
                                    UNIQUE READS:
                   Uniquely mapped reads number |	78516
                        Uniquely mapped reads % |	27.03%
                          Average mapped length |	194.95
                       Number of splices: Total |	225684
            Number of splices: Annotated (sjdb) |	224431
                       Number of splices: GT/AG |	225536
                       Number of splices: GC/AG |	148
                       Number of splices: AT/AC |	0
               Number of splices: Non-canonical |	0
                      Mismatch rate per base, % |	0.71%
                         Deletion rate per base |	0.30%
                        Deletion average length |	1.00
                        Insertion rate per base |	0.06%
                       Insertion average length |	11.05
                             MULTI-MAPPING READS:
        Number of reads mapped to multiple loci |	150
             % of reads mapped to multiple loci |	0.05%
        Number of reads mapped to too many loci |	7
             % of reads mapped to too many loci |	0.00%
                                  UNMAPPED READS:
       % of reads unmapped: too many mismatches |	0.46%
                 % of reads unmapped: too short |	72.45%
                     % of reads unmapped: other |	0.00%
                                  CHIMERIC READS:
                       Number of chimeric reads |	12
                            % of chimeric reads |	0.00%
