                                 Started job on |	May 11 06:15:17
                             Started mapping on |	May 11 06:15:19
                                    Finished on |	May 11 06:18:29
       Mapping speed, Million of reads per hour |	6.66

                          Number of input reads |	351243
                      Average input read length |	202
                                    UNIQUE READS:
                   Uniquely mapped reads number |	70052
                        Uniquely mapped reads % |	19.94%
                          Average mapped length |	196.51
                       Number of splices: Total |	150905
            Number of splices: Annotated (sjdb) |	149269
                       Number of splices: GT/AG |	150822
                       Number of splices: GC/AG |	83
                       Number of splices: AT/AC |	0
               Number of splices: Non-canonical |	0
                      Mismatch rate per base, % |	0.76%
                         Deletion rate per base |	0.38%
                        Deletion average length |	1.00
                        Insertion rate per base |	0.00%
                       Insertion average length |	1.25
                             MULTI-MAPPING READS:
        Number of reads mapped to multiple loci |	73
             % of reads mapped to multiple loci |	0.02%
        Number of reads mapped to too many loci |	13
             % of reads mapped to too many loci |	0.00%
                                  UNMAPPED READS:
       % of reads unmapped: too many mismatches |	0.49%
                 % of reads unmapped: too short |	79.54%
                     % of reads unmapped: other |	0.00%
                                  CHIMERIC READS:
                       Number of chimeric reads |	2
                            % of chimeric reads |	0.00%
