                                 Started job on |	May 10 01:50:37
                             Started mapping on |	May 10 01:50:38
                                    Finished on |	May 10 01:52:34
       Mapping speed, Million of reads per hour |	3.69

                          Number of input reads |	118892
                      Average input read length |	202
                                    UNIQUE READS:
                   Uniquely mapped reads number |	29012
                        Uniquely mapped reads % |	24.40%
                          Average mapped length |	194.95
                       Number of splices: Total |	84964
            Number of splices: Annotated (sjdb) |	84528
                       Number of splices: GT/AG |	84881
                       Number of splices: GC/AG |	83
                       Number of splices: AT/AC |	0
               Number of splices: Non-canonical |	0
                      Mismatch rate per base, % |	0.71%
                         Deletion rate per base |	0.32%
                        Deletion average length |	1.00
                        Insertion rate per base |	0.10%
                       Insertion average length |	11.32
                             MULTI-MAPPING READS:
        Number of reads mapped to multiple loci |	74
             % of reads mapped to multiple loci |	0.06%
        Number of reads mapped to too many loci |	5
             % of reads mapped to too many loci |	0.00%
                                  UNMAPPED READS:
       % of reads unmapped: too many mismatches |	0.44%
                 % of reads unmapped: too short |	75.10%
                     % of reads unmapped: other |	0.00%
                                  CHIMERIC READS:
                       Number of chimeric reads |	4
                            % of chimeric reads |	0.00%
