                                 Started job on |	May 10 02:53:47
                             Started mapping on |	May 10 02:53:48
                                    Finished on |	May 10 02:56:38
       Mapping speed, Million of reads per hour |	4.73

                          Number of input reads |	223353
                      Average input read length |	202
                                    UNIQUE READS:
                   Uniquely mapped reads number |	59049
                        Uniquely mapped reads % |	26.44%
                          Average mapped length |	194.98
                       Number of splices: Total |	172537
            Number of splices: Annotated (sjdb) |	171631
                       Number of splices: GT/AG |	172363
                       Number of splices: GC/AG |	174
                       Number of splices: AT/AC |	0
               Number of splices: Non-canonical |	0
                      Mismatch rate per base, % |	0.71%
                         Deletion rate per base |	0.32%
                        Deletion average length |	1.00
                        Insertion rate per base |	0.11%
                       Insertion average length |	11.42
                             MULTI-MAPPING READS:
        Number of reads mapped to multiple loci |	152
             % of reads mapped to multiple loci |	0.07%
        Number of reads mapped to too many loci |	11
             % of reads mapped to too many loci |	0.00%
                                  UNMAPPED READS:
       % of reads unmapped: too many mismatches |	0.45%
                 % of reads unmapped: too short |	73.04%
                     % of reads unmapped: other |	0.00%
                                  CHIMERIC READS:
                       Number of chimeric reads |	7
                            % of chimeric reads |	0.00%
