                                 Started job on |	May 10 20:53:29
                             Started mapping on |	May 10 20:53:30
                                    Finished on |	May 10 20:56:04
       Mapping speed, Million of reads per hour |	4.36

                          Number of input reads |	186398
                      Average input read length |	202
                                    UNIQUE READS:
                   Uniquely mapped reads number |	64750
                        Uniquely mapped reads % |	34.74%
                          Average mapped length |	195.64
                       Number of splices: Total |	139560
            Number of splices: Annotated (sjdb) |	137547
                       Number of splices: GT/AG |	139429
                       Number of splices: GC/AG |	131
                       Number of splices: AT/AC |	0
               Number of splices: Non-canonical |	0
                      Mismatch rate per base, % |	0.75%
                         Deletion rate per base |	0.35%
                        Deletion average length |	1.00
                        Insertion rate per base |	0.00%
                       Insertion average length |	1.14
                             MULTI-MAPPING READS:
        Number of reads mapped to multiple loci |	86
             % of reads mapped to multiple loci |	0.05%
        Number of reads mapped to too many loci |	18
             % of reads mapped to too many loci |	0.01%
                                  UNMAPPED READS:
       % of reads unmapped: too many mismatches |	0.63%
                 % of reads unmapped: too short |	64.57%
                     % of reads unmapped: other |	0.00%
                                  CHIMERIC READS:
                       Number of chimeric reads |	8
                            % of chimeric reads |	0.00%
