                                 Started job on |	May 07 23:47:17
                             Started mapping on |	May 07 23:47:18
                                    Finished on |	May 07 23:49:49
       Mapping speed, Million of reads per hour |	6.97

                          Number of input reads |	292458
                      Average input read length |	202
                                    UNIQUE READS:
                   Uniquely mapped reads number |	87571
                        Uniquely mapped reads % |	29.94%
                          Average mapped length |	195.10
                       Number of splices: Total |	260013
            Number of splices: Annotated (sjdb) |	258812
                       Number of splices: GT/AG |	259825
                       Number of splices: GC/AG |	188
                       Number of splices: AT/AC |	0
               Number of splices: Non-canonical |	0
                      Mismatch rate per base, % |	0.71%
                         Deletion rate per base |	0.32%
                        Deletion average length |	1.00
                        Insertion rate per base |	0.10%
                       Insertion average length |	11.30
                             MULTI-MAPPING READS:
        Number of reads mapped to multiple loci |	191
             % of reads mapped to multiple loci |	0.07%
        Number of reads mapped to too many loci |	4
             % of reads mapped to too many loci |	0.00%
                                  UNMAPPED READS:
       % of reads unmapped: too many mismatches |	0.55%
                 % of reads unmapped: too short |	69.44%
                     % of reads unmapped: other |	0.00%
                                  CHIMERIC READS:
                       Number of chimeric reads |	17
                            % of chimeric reads |	0.01%
