                                 Started job on |	May 10 03:26:45
                             Started mapping on |	May 10 03:26:46
                                    Finished on |	May 10 03:30:01
       Mapping speed, Million of reads per hour |	3.33

                          Number of input reads |	180331
                      Average input read length |	202
                                    UNIQUE READS:
                   Uniquely mapped reads number |	45845
                        Uniquely mapped reads % |	25.42%
                          Average mapped length |	194.87
                       Number of splices: Total |	133055
            Number of splices: Annotated (sjdb) |	132371
                       Number of splices: GT/AG |	132934
                       Number of splices: GC/AG |	121
                       Number of splices: AT/AC |	0
               Number of splices: Non-canonical |	0
                      Mismatch rate per base, % |	0.70%
                         Deletion rate per base |	0.32%
                        Deletion average length |	1.01
                        Insertion rate per base |	0.11%
                       Insertion average length |	11.42
                             MULTI-MAPPING READS:
        Number of reads mapped to multiple loci |	130
             % of reads mapped to multiple loci |	0.07%
        Number of reads mapped to too many loci |	3
             % of reads mapped to too many loci |	0.00%
                                  UNMAPPED READS:
       % of reads unmapped: too many mismatches |	0.44%
                 % of reads unmapped: too short |	74.07%
                     % of reads unmapped: other |	0.00%
                                  CHIMERIC READS:
                       Number of chimeric reads |	11
                            % of chimeric reads |	0.01%
