                                 Started job on |	May 10 22:17:45
                             Started mapping on |	May 10 22:17:45
                                    Finished on |	May 10 22:19:18
       Mapping speed, Million of reads per hour |	4.65

                          Number of input reads |	120074
                      Average input read length |	202
                                    UNIQUE READS:
                   Uniquely mapped reads number |	37164
                        Uniquely mapped reads % |	30.95%
                          Average mapped length |	195.95
                       Number of splices: Total |	80502
            Number of splices: Annotated (sjdb) |	79481
                       Number of splices: GT/AG |	80440
                       Number of splices: GC/AG |	62
                       Number of splices: AT/AC |	0
               Number of splices: Non-canonical |	0
                      Mismatch rate per base, % |	0.74%
                         Deletion rate per base |	0.35%
                        Deletion average length |	1.00
                        Insertion rate per base |	0.00%
                       Insertion average length |	1.18
                             MULTI-MAPPING READS:
        Number of reads mapped to multiple loci |	59
             % of reads mapped to multiple loci |	0.05%
        Number of reads mapped to too many loci |	5
             % of reads mapped to too many loci |	0.00%
                                  UNMAPPED READS:
       % of reads unmapped: too many mismatches |	0.56%
                 % of reads unmapped: too short |	68.44%
                     % of reads unmapped: other |	0.00%
                                  CHIMERIC READS:
                       Number of chimeric reads |	6
                            % of chimeric reads |	0.00%
