                                 Started job on |	May 10 02:56:39
                             Started mapping on |	May 10 02:56:41
                                    Finished on |	May 10 02:59:44
       Mapping speed, Million of reads per hour |	2.84

                          Number of input reads |	144381
                      Average input read length |	202
                                    UNIQUE READS:
                   Uniquely mapped reads number |	36010
                        Uniquely mapped reads % |	24.94%
                          Average mapped length |	194.99
                       Number of splices: Total |	105154
            Number of splices: Annotated (sjdb) |	104628
                       Number of splices: GT/AG |	105062
                       Number of splices: GC/AG |	92
                       Number of splices: AT/AC |	0
               Number of splices: Non-canonical |	0
                      Mismatch rate per base, % |	0.71%
                         Deletion rate per base |	0.32%
                        Deletion average length |	1.01
                        Insertion rate per base |	0.09%
                       Insertion average length |	11.23
                             MULTI-MAPPING READS:
        Number of reads mapped to multiple loci |	96
             % of reads mapped to multiple loci |	0.07%
        Number of reads mapped to too many loci |	8
             % of reads mapped to too many loci |	0.01%
                                  UNMAPPED READS:
       % of reads unmapped: too many mismatches |	0.44%
                 % of reads unmapped: too short |	74.54%
                     % of reads unmapped: other |	0.00%
                                  CHIMERIC READS:
                       Number of chimeric reads |	5
                            % of chimeric reads |	0.00%
