                                 Started job on |	May 07 22:50:24
                             Started mapping on |	May 07 22:50:25
                                    Finished on |	May 07 22:53:07
       Mapping speed, Million of reads per hour |	4.22

                          Number of input reads |	190114
                      Average input read length |	202
                                    UNIQUE READS:
                   Uniquely mapped reads number |	61265
                        Uniquely mapped reads % |	32.23%
                          Average mapped length |	195.02
                       Number of splices: Total |	180260
            Number of splices: Annotated (sjdb) |	179445
                       Number of splices: GT/AG |	180118
                       Number of splices: GC/AG |	142
                       Number of splices: AT/AC |	0
               Number of splices: Non-canonical |	0
                      Mismatch rate per base, % |	0.71%
                         Deletion rate per base |	0.31%
                        Deletion average length |	1.00
                        Insertion rate per base |	0.10%
                       Insertion average length |	11.33
                             MULTI-MAPPING READS:
        Number of reads mapped to multiple loci |	110
             % of reads mapped to multiple loci |	0.06%
        Number of reads mapped to too many loci |	0
             % of reads mapped to too many loci |	0.00%
                                  UNMAPPED READS:
       % of reads unmapped: too many mismatches |	0.53%
                 % of reads unmapped: too short |	67.18%
                     % of reads unmapped: other |	0.00%
                                  CHIMERIC READS:
                       Number of chimeric reads |	9
                            % of chimeric reads |	0.00%
