                                 Started job on |	May 06 16:07:41
                             Started mapping on |	May 06 16:07:42
                                    Finished on |	May 06 16:10:22
       Mapping speed, Million of reads per hour |	5.15

                          Number of input reads |	229079
                      Average input read length |	202
                                    UNIQUE READS:
                   Uniquely mapped reads number |	62764
                        Uniquely mapped reads % |	27.40%
                          Average mapped length |	195.86
                       Number of splices: Total |	135244
            Number of splices: Annotated (sjdb) |	133935
                       Number of splices: GT/AG |	135168
                       Number of splices: GC/AG |	76
                       Number of splices: AT/AC |	0
               Number of splices: Non-canonical |	0
                      Mismatch rate per base, % |	0.75%
                         Deletion rate per base |	0.34%
                        Deletion average length |	1.00
                        Insertion rate per base |	0.00%
                       Insertion average length |	1.19
                             MULTI-MAPPING READS:
        Number of reads mapped to multiple loci |	74
             % of reads mapped to multiple loci |	0.03%
        Number of reads mapped to too many loci |	16
             % of reads mapped to too many loci |	0.01%
                                  UNMAPPED READS:
       % of reads unmapped: too many mismatches |	0.50%
                 % of reads unmapped: too short |	72.06%
                     % of reads unmapped: other |	0.00%
                                  CHIMERIC READS:
                       Number of chimeric reads |	4
                            % of chimeric reads |	0.00%
