                                 Started job on |	May 08 00:50:12
                             Started mapping on |	May 08 00:50:13
                                    Finished on |	May 08 00:53:15
       Mapping speed, Million of reads per hour |	4.98

                          Number of input reads |	251802
                      Average input read length |	202
                                    UNIQUE READS:
                   Uniquely mapped reads number |	80999
                        Uniquely mapped reads % |	32.17%
                          Average mapped length |	195.29
                       Number of splices: Total |	239776
            Number of splices: Annotated (sjdb) |	238609
                       Number of splices: GT/AG |	239637
                       Number of splices: GC/AG |	139
                       Number of splices: AT/AC |	0
               Number of splices: Non-canonical |	0
                      Mismatch rate per base, % |	0.70%
                         Deletion rate per base |	0.32%
                        Deletion average length |	1.00
                        Insertion rate per base |	0.09%
                       Insertion average length |	11.29
                             MULTI-MAPPING READS:
        Number of reads mapped to multiple loci |	147
             % of reads mapped to multiple loci |	0.06%
        Number of reads mapped to too many loci |	2
             % of reads mapped to too many loci |	0.00%
                                  UNMAPPED READS:
       % of reads unmapped: too many mismatches |	0.53%
                 % of reads unmapped: too short |	67.24%
                     % of reads unmapped: other |	0.00%
                                  CHIMERIC READS:
                       Number of chimeric reads |	10
                            % of chimeric reads |	0.00%
