                                 Started job on |	May 09 23:24:27
                             Started mapping on |	May 09 23:24:28
                                    Finished on |	May 09 23:27:33
       Mapping speed, Million of reads per hour |	5.84

                          Number of input reads |	300086
                      Average input read length |	202
                                    UNIQUE READS:
                   Uniquely mapped reads number |	88222
                        Uniquely mapped reads % |	29.40%
                          Average mapped length |	194.85
                       Number of splices: Total |	255005
            Number of splices: Annotated (sjdb) |	253538
                       Number of splices: GT/AG |	254785
                       Number of splices: GC/AG |	220
                       Number of splices: AT/AC |	0
               Number of splices: Non-canonical |	0
                      Mismatch rate per base, % |	0.72%
                         Deletion rate per base |	0.31%
                        Deletion average length |	1.00
                        Insertion rate per base |	0.10%
                       Insertion average length |	11.35
                             MULTI-MAPPING READS:
        Number of reads mapped to multiple loci |	185
             % of reads mapped to multiple loci |	0.06%
        Number of reads mapped to too many loci |	17
             % of reads mapped to too many loci |	0.01%
                                  UNMAPPED READS:
       % of reads unmapped: too many mismatches |	0.53%
                 % of reads unmapped: too short |	70.01%
                     % of reads unmapped: other |	0.00%
                                  CHIMERIC READS:
                       Number of chimeric reads |	17
                            % of chimeric reads |	0.01%
