                                 Started job on |	May 08 00:25:30
                             Started mapping on |	May 08 00:25:31
                                    Finished on |	May 08 00:28:25
       Mapping speed, Million of reads per hour |	4.36

                          Number of input reads |	210700
                      Average input read length |	202
                                    UNIQUE READS:
                   Uniquely mapped reads number |	62182
                        Uniquely mapped reads % |	29.51%
                          Average mapped length |	195.45
                       Number of splices: Total |	185482
            Number of splices: Annotated (sjdb) |	184774
                       Number of splices: GT/AG |	185384
                       Number of splices: GC/AG |	98
                       Number of splices: AT/AC |	0
               Number of splices: Non-canonical |	0
                      Mismatch rate per base, % |	0.69%
                         Deletion rate per base |	0.32%
                        Deletion average length |	1.00
                        Insertion rate per base |	0.07%
                       Insertion average length |	11.21
                             MULTI-MAPPING READS:
        Number of reads mapped to multiple loci |	102
             % of reads mapped to multiple loci |	0.05%
        Number of reads mapped to too many loci |	6
             % of reads mapped to too many loci |	0.00%
                                  UNMAPPED READS:
       % of reads unmapped: too many mismatches |	0.51%
                 % of reads unmapped: too short |	69.93%
                     % of reads unmapped: other |	0.00%
                                  CHIMERIC READS:
                       Number of chimeric reads |	4
                            % of chimeric reads |	0.00%
