                                 Started job on |	May 06 13:00:03
                             Started mapping on |	May 06 13:00:05
                                    Finished on |	May 06 13:02:43
       Mapping speed, Million of reads per hour |	7.69

                          Number of input reads |	337349
                      Average input read length |	202
                                    UNIQUE READS:
                   Uniquely mapped reads number |	77927
                        Uniquely mapped reads % |	23.10%
                          Average mapped length |	196.07
                       Number of splices: Total |	167986
            Number of splices: Annotated (sjdb) |	166271
                       Number of splices: GT/AG |	167919
                       Number of splices: GC/AG |	67
                       Number of splices: AT/AC |	0
               Number of splices: Non-canonical |	0
                      Mismatch rate per base, % |	0.83%
                         Deletion rate per base |	0.37%
                        Deletion average length |	1.00
                        Insertion rate per base |	0.00%
                       Insertion average length |	1.20
                             MULTI-MAPPING READS:
        Number of reads mapped to multiple loci |	96
             % of reads mapped to multiple loci |	0.03%
        Number of reads mapped to too many loci |	19
             % of reads mapped to too many loci |	0.01%
                                  UNMAPPED READS:
       % of reads unmapped: too many mismatches |	0.60%
                 % of reads unmapped: too short |	76.27%
                     % of reads unmapped: other |	0.00%
                                  CHIMERIC READS:
                       Number of chimeric reads |	4
                            % of chimeric reads |	0.00%
