                                 Started job on |	May 11 04:11:48
                             Started mapping on |	May 11 04:11:49
                                    Finished on |	May 11 04:14:12
       Mapping speed, Million of reads per hour |	7.56

                          Number of input reads |	300298
                      Average input read length |	202
                                    UNIQUE READS:
                   Uniquely mapped reads number |	87970
                        Uniquely mapped reads % |	29.29%
                          Average mapped length |	196.34
                       Number of splices: Total |	189691
            Number of splices: Annotated (sjdb) |	187399
                       Number of splices: GT/AG |	189554
                       Number of splices: GC/AG |	137
                       Number of splices: AT/AC |	0
               Number of splices: Non-canonical |	0
                      Mismatch rate per base, % |	0.70%
                         Deletion rate per base |	0.35%
                        Deletion average length |	1.00
                        Insertion rate per base |	0.00%
                       Insertion average length |	2.40
                             MULTI-MAPPING READS:
        Number of reads mapped to multiple loci |	112
             % of reads mapped to multiple loci |	0.04%
        Number of reads mapped to too many loci |	14
             % of reads mapped to too many loci |	0.00%
                                  UNMAPPED READS:
       % of reads unmapped: too many mismatches |	0.50%
                 % of reads unmapped: too short |	70.16%
                     % of reads unmapped: other |	0.00%
                                  CHIMERIC READS:
                       Number of chimeric reads |	9
                            % of chimeric reads |	0.00%
