                                 Started job on |	May 07 23:03:54
                             Started mapping on |	May 07 23:03:55
                                    Finished on |	May 07 23:05:56
       Mapping speed, Million of reads per hour |	4.93

                          Number of input reads |	165711
                      Average input read length |	202
                                    UNIQUE READS:
                   Uniquely mapped reads number |	48529
                        Uniquely mapped reads % |	29.29%
                          Average mapped length |	195.15
                       Number of splices: Total |	142418
            Number of splices: Annotated (sjdb) |	141697
                       Number of splices: GT/AG |	142326
                       Number of splices: GC/AG |	92
                       Number of splices: AT/AC |	0
               Number of splices: Non-canonical |	0
                      Mismatch rate per base, % |	0.71%
                         Deletion rate per base |	0.31%
                        Deletion average length |	1.00
                        Insertion rate per base |	0.07%
                       Insertion average length |	11.10
                             MULTI-MAPPING READS:
        Number of reads mapped to multiple loci |	74
             % of reads mapped to multiple loci |	0.04%
        Number of reads mapped to too many loci |	1
             % of reads mapped to too many loci |	0.00%
                                  UNMAPPED READS:
       % of reads unmapped: too many mismatches |	0.45%
                 % of reads unmapped: too short |	70.22%
                     % of reads unmapped: other |	0.00%
                                  CHIMERIC READS:
                       Number of chimeric reads |	4
                            % of chimeric reads |	0.00%
