                                 Started job on |	May 06 17:26:01
                             Started mapping on |	May 06 17:26:03
                                    Finished on |	May 06 17:27:53
       Mapping speed, Million of reads per hour |	5.87

                          Number of input reads |	179425
                      Average input read length |	202
                                    UNIQUE READS:
                   Uniquely mapped reads number |	44108
                        Uniquely mapped reads % |	24.58%
                          Average mapped length |	195.85
                       Number of splices: Total |	94708
            Number of splices: Annotated (sjdb) |	93646
                       Number of splices: GT/AG |	94678
                       Number of splices: GC/AG |	30
                       Number of splices: AT/AC |	0
               Number of splices: Non-canonical |	0
                      Mismatch rate per base, % |	0.75%
                         Deletion rate per base |	0.34%
                        Deletion average length |	1.00
                        Insertion rate per base |	0.00%
                       Insertion average length |	1.13
                             MULTI-MAPPING READS:
        Number of reads mapped to multiple loci |	55
             % of reads mapped to multiple loci |	0.03%
        Number of reads mapped to too many loci |	2
             % of reads mapped to too many loci |	0.00%
                                  UNMAPPED READS:
       % of reads unmapped: too many mismatches |	0.42%
                 % of reads unmapped: too short |	74.96%
                     % of reads unmapped: other |	0.00%
                                  CHIMERIC READS:
                       Number of chimeric reads |	4
                            % of chimeric reads |	0.00%
