                                 Started job on |	May 10 02:05:11
                             Started mapping on |	May 10 02:05:16
                                    Finished on |	May 10 02:07:34
       Mapping speed, Million of reads per hour |	4.61

                          Number of input reads |	176605
                      Average input read length |	202
                                    UNIQUE READS:
                   Uniquely mapped reads number |	44065
                        Uniquely mapped reads % |	24.95%
                          Average mapped length |	194.98
                       Number of splices: Total |	127317
            Number of splices: Annotated (sjdb) |	126554
                       Number of splices: GT/AG |	127201
                       Number of splices: GC/AG |	116
                       Number of splices: AT/AC |	0
               Number of splices: Non-canonical |	0
                      Mismatch rate per base, % |	0.71%
                         Deletion rate per base |	0.32%
                        Deletion average length |	1.00
                        Insertion rate per base |	0.06%
                       Insertion average length |	10.89
                             MULTI-MAPPING READS:
        Number of reads mapped to multiple loci |	99
             % of reads mapped to multiple loci |	0.06%
        Number of reads mapped to too many loci |	7
             % of reads mapped to too many loci |	0.00%
                                  UNMAPPED READS:
       % of reads unmapped: too many mismatches |	0.44%
                 % of reads unmapped: too short |	74.55%
                     % of reads unmapped: other |	0.00%
                                  CHIMERIC READS:
                       Number of chimeric reads |	3
                            % of chimeric reads |	0.00%
