                                 Started job on |	May 08 06:25:22
                             Started mapping on |	May 08 06:25:24
                                    Finished on |	May 08 06:27:49
       Mapping speed, Million of reads per hour |	9.11

                          Number of input reads |	366981
                      Average input read length |	202
                                    UNIQUE READS:
                   Uniquely mapped reads number |	89555
                        Uniquely mapped reads % |	24.40%
                          Average mapped length |	195.27
                       Number of splices: Total |	258915
            Number of splices: Annotated (sjdb) |	257598
                       Number of splices: GT/AG |	258711
                       Number of splices: GC/AG |	204
                       Number of splices: AT/AC |	0
               Number of splices: Non-canonical |	0
                      Mismatch rate per base, % |	0.82%
                         Deletion rate per base |	0.34%
                        Deletion average length |	1.00
                        Insertion rate per base |	0.07%
                       Insertion average length |	11.06
                             MULTI-MAPPING READS:
        Number of reads mapped to multiple loci |	204
             % of reads mapped to multiple loci |	0.06%
        Number of reads mapped to too many loci |	19
             % of reads mapped to too many loci |	0.01%
                                  UNMAPPED READS:
       % of reads unmapped: too many mismatches |	0.59%
                 % of reads unmapped: too short |	74.94%
                     % of reads unmapped: other |	0.00%
                                  CHIMERIC READS:
                       Number of chimeric reads |	13
                            % of chimeric reads |	0.00%
