                                 Started job on |	May 11 04:34:07
                             Started mapping on |	May 11 04:34:08
                                    Finished on |	May 11 04:35:47
       Mapping speed, Million of reads per hour |	9.67

                          Number of input reads |	265905
                      Average input read length |	202
                                    UNIQUE READS:
                   Uniquely mapped reads number |	79503
                        Uniquely mapped reads % |	29.90%
                          Average mapped length |	196.03
                       Number of splices: Total |	170412
            Number of splices: Annotated (sjdb) |	168333
                       Number of splices: GT/AG |	170269
                       Number of splices: GC/AG |	143
                       Number of splices: AT/AC |	0
               Number of splices: Non-canonical |	0
                      Mismatch rate per base, % |	0.71%
                         Deletion rate per base |	0.35%
                        Deletion average length |	1.00
                        Insertion rate per base |	0.00%
                       Insertion average length |	1.14
                             MULTI-MAPPING READS:
        Number of reads mapped to multiple loci |	117
             % of reads mapped to multiple loci |	0.04%
        Number of reads mapped to too many loci |	14
             % of reads mapped to too many loci |	0.01%
                                  UNMAPPED READS:
       % of reads unmapped: too many mismatches |	0.52%
                 % of reads unmapped: too short |	69.53%
                     % of reads unmapped: other |	0.00%
                                  CHIMERIC READS:
                       Number of chimeric reads |	5
                            % of chimeric reads |	0.00%
