                                 Started job on |	May 06 17:30:34
                             Started mapping on |	May 06 17:30:35
                                    Finished on |	May 06 17:32:30
       Mapping speed, Million of reads per hour |	7.80

                          Number of input reads |	249159
                      Average input read length |	202
                                    UNIQUE READS:
                   Uniquely mapped reads number |	50469
                        Uniquely mapped reads % |	20.26%
                          Average mapped length |	196.25
                       Number of splices: Total |	108338
            Number of splices: Annotated (sjdb) |	107342
                       Number of splices: GT/AG |	108296
                       Number of splices: GC/AG |	42
                       Number of splices: AT/AC |	0
               Number of splices: Non-canonical |	0
                      Mismatch rate per base, % |	0.73%
                         Deletion rate per base |	0.35%
                        Deletion average length |	1.00
                        Insertion rate per base |	0.00%
                       Insertion average length |	1.38
                             MULTI-MAPPING READS:
        Number of reads mapped to multiple loci |	72
             % of reads mapped to multiple loci |	0.03%
        Number of reads mapped to too many loci |	6
             % of reads mapped to too many loci |	0.00%
                                  UNMAPPED READS:
       % of reads unmapped: too many mismatches |	0.34%
                 % of reads unmapped: too short |	79.38%
                     % of reads unmapped: other |	0.00%
                                  CHIMERIC READS:
                       Number of chimeric reads |	2
                            % of chimeric reads |	0.00%
