                                 Started job on |	May 11 04:09:53
                             Started mapping on |	May 11 04:09:54
                                    Finished on |	May 11 04:11:47
       Mapping speed, Million of reads per hour |	8.13

                          Number of input reads |	255273
                      Average input read length |	202
                                    UNIQUE READS:
                   Uniquely mapped reads number |	75728
                        Uniquely mapped reads % |	29.67%
                          Average mapped length |	196.14
                       Number of splices: Total |	162895
            Number of splices: Annotated (sjdb) |	160702
                       Number of splices: GT/AG |	162740
                       Number of splices: GC/AG |	155
                       Number of splices: AT/AC |	0
               Number of splices: Non-canonical |	0
                      Mismatch rate per base, % |	0.70%
                         Deletion rate per base |	0.35%
                        Deletion average length |	1.00
                        Insertion rate per base |	0.00%
                       Insertion average length |	1.32
                             MULTI-MAPPING READS:
        Number of reads mapped to multiple loci |	108
             % of reads mapped to multiple loci |	0.04%
        Number of reads mapped to too many loci |	10
             % of reads mapped to too many loci |	0.00%
                                  UNMAPPED READS:
       % of reads unmapped: too many mismatches |	0.52%
                 % of reads unmapped: too short |	69.77%
                     % of reads unmapped: other |	0.00%
                                  CHIMERIC READS:
                       Number of chimeric reads |	3
                            % of chimeric reads |	0.00%
