                                 Started job on |	May 11 07:01:21
                             Started mapping on |	May 11 07:01:22
                                    Finished on |	May 11 07:04:22
       Mapping speed, Million of reads per hour |	7.69

                          Number of input reads |	384340
                      Average input read length |	202
                                    UNIQUE READS:
                   Uniquely mapped reads number |	79093
                        Uniquely mapped reads % |	20.58%
                          Average mapped length |	196.46
                       Number of splices: Total |	170147
            Number of splices: Annotated (sjdb) |	168226
                       Number of splices: GT/AG |	170006
                       Number of splices: GC/AG |	141
                       Number of splices: AT/AC |	0
               Number of splices: Non-canonical |	0
                      Mismatch rate per base, % |	0.77%
                         Deletion rate per base |	0.38%
                        Deletion average length |	1.00
                        Insertion rate per base |	0.00%
                       Insertion average length |	1.05
                             MULTI-MAPPING READS:
        Number of reads mapped to multiple loci |	97
             % of reads mapped to multiple loci |	0.03%
        Number of reads mapped to too many loci |	19
             % of reads mapped to too many loci |	0.00%
                                  UNMAPPED READS:
       % of reads unmapped: too many mismatches |	0.52%
                 % of reads unmapped: too short |	78.87%
                     % of reads unmapped: other |	0.00%
                                  CHIMERIC READS:
                       Number of chimeric reads |	5
                            % of chimeric reads |	0.00%
