                                 Started job on |	May 08 06:22:10
                             Started mapping on |	May 08 06:22:11
                                    Finished on |	May 08 06:25:21
       Mapping speed, Million of reads per hour |	7.49

                          Number of input reads |	395500
                      Average input read length |	202
                                    UNIQUE READS:
                   Uniquely mapped reads number |	82145
                        Uniquely mapped reads % |	20.77%
                          Average mapped length |	195.11
                       Number of splices: Total |	236331
            Number of splices: Annotated (sjdb) |	234899
                       Number of splices: GT/AG |	236123
                       Number of splices: GC/AG |	208
                       Number of splices: AT/AC |	0
               Number of splices: Non-canonical |	0
                      Mismatch rate per base, % |	0.82%
                         Deletion rate per base |	0.34%
                        Deletion average length |	1.00
                        Insertion rate per base |	0.05%
                       Insertion average length |	10.80
                             MULTI-MAPPING READS:
        Number of reads mapped to multiple loci |	178
             % of reads mapped to multiple loci |	0.05%
        Number of reads mapped to too many loci |	16
             % of reads mapped to too many loci |	0.00%
                                  UNMAPPED READS:
       % of reads unmapped: too many mismatches |	0.52%
                 % of reads unmapped: too short |	78.66%
                     % of reads unmapped: other |	0.00%
                                  CHIMERIC READS:
                       Number of chimeric reads |	5
                            % of chimeric reads |	0.00%
