                                 Started job on |	May 05 06:52:43
                             Started mapping on |	May 05 06:52:45
                                    Finished on |	May 05 06:55:50
       Mapping speed, Million of reads per hour |	6.46

                          Number of input reads |	332020
                      Average input read length |	202
                                    UNIQUE READS:
                   Uniquely mapped reads number |	78472
                        Uniquely mapped reads % |	23.63%
                          Average mapped length |	196.57
                       Number of splices: Total |	169358
            Number of splices: Annotated (sjdb) |	167572
                       Number of splices: GT/AG |	169298
                       Number of splices: GC/AG |	60
                       Number of splices: AT/AC |	0
               Number of splices: Non-canonical |	0
                      Mismatch rate per base, % |	0.76%
                         Deletion rate per base |	0.38%
                        Deletion average length |	1.00
                        Insertion rate per base |	0.00%
                       Insertion average length |	1.06
                             MULTI-MAPPING READS:
        Number of reads mapped to multiple loci |	97
             % of reads mapped to multiple loci |	0.03%
        Number of reads mapped to too many loci |	25
             % of reads mapped to too many loci |	0.01%
                                  UNMAPPED READS:
       % of reads unmapped: too many mismatches |	0.53%
                 % of reads unmapped: too short |	75.80%
                     % of reads unmapped: other |	0.00%
                                  CHIMERIC READS:
                       Number of chimeric reads |	11
                            % of chimeric reads |	0.00%
