                                 Started job on |	May 07 21:15:34
                             Started mapping on |	May 07 21:15:35
                                    Finished on |	May 07 21:18:07
       Mapping speed, Million of reads per hour |	7.31

                          Number of input reads |	308853
                      Average input read length |	202
                                    UNIQUE READS:
                   Uniquely mapped reads number |	92839
                        Uniquely mapped reads % |	30.06%
                          Average mapped length |	194.72
                       Number of splices: Total |	262327
            Number of splices: Annotated (sjdb) |	260635
                       Number of splices: GT/AG |	262094
                       Number of splices: GC/AG |	233
                       Number of splices: AT/AC |	0
               Number of splices: Non-canonical |	0
                      Mismatch rate per base, % |	0.74%
                         Deletion rate per base |	0.31%
                        Deletion average length |	1.01
                        Insertion rate per base |	0.08%
                       Insertion average length |	11.45
                             MULTI-MAPPING READS:
        Number of reads mapped to multiple loci |	226
             % of reads mapped to multiple loci |	0.07%
        Number of reads mapped to too many loci |	21
             % of reads mapped to too many loci |	0.01%
                                  UNMAPPED READS:
       % of reads unmapped: too many mismatches |	0.53%
                 % of reads unmapped: too short |	69.33%
                     % of reads unmapped: other |	0.00%
                                  CHIMERIC READS:
                       Number of chimeric reads |	22
                            % of chimeric reads |	0.01%
