                                 Started job on |	May 05 11:35:28
                             Started mapping on |	May 05 11:35:29
                                    Finished on |	May 05 11:37:16
       Mapping speed, Million of reads per hour |	10.10

                          Number of input reads |	300155
                      Average input read length |	202
                                    UNIQUE READS:
                   Uniquely mapped reads number |	78613
                        Uniquely mapped reads % |	26.19%
                          Average mapped length |	195.81
                       Number of splices: Total |	171185
            Number of splices: Annotated (sjdb) |	169373
                       Number of splices: GT/AG |	171126
                       Number of splices: GC/AG |	59
                       Number of splices: AT/AC |	0
               Number of splices: Non-canonical |	0
                      Mismatch rate per base, % |	0.74%
                         Deletion rate per base |	0.34%
                        Deletion average length |	1.00
                        Insertion rate per base |	0.00%
                       Insertion average length |	1.58
                             MULTI-MAPPING READS:
        Number of reads mapped to multiple loci |	110
             % of reads mapped to multiple loci |	0.04%
        Number of reads mapped to too many loci |	8
             % of reads mapped to too many loci |	0.00%
                                  UNMAPPED READS:
       % of reads unmapped: too many mismatches |	0.44%
                 % of reads unmapped: too short |	73.33%
                     % of reads unmapped: other |	0.00%
                                  CHIMERIC READS:
                       Number of chimeric reads |	7
                            % of chimeric reads |	0.00%
