                                 Started job on |	May 10 23:06:51
                             Started mapping on |	May 10 23:06:52
                                    Finished on |	May 10 23:09:11
       Mapping speed, Million of reads per hour |	8.48

                          Number of input reads |	327597
                      Average input read length |	202
                                    UNIQUE READS:
                   Uniquely mapped reads number |	73025
                        Uniquely mapped reads % |	22.29%
                          Average mapped length |	196.42
                       Number of splices: Total |	158286
            Number of splices: Annotated (sjdb) |	156728
                       Number of splices: GT/AG |	158161
                       Number of splices: GC/AG |	125
                       Number of splices: AT/AC |	0
               Number of splices: Non-canonical |	0
                      Mismatch rate per base, % |	0.69%
                         Deletion rate per base |	0.36%
                        Deletion average length |	1.00
                        Insertion rate per base |	0.00%
                       Insertion average length |	1.08
                             MULTI-MAPPING READS:
        Number of reads mapped to multiple loci |	101
             % of reads mapped to multiple loci |	0.03%
        Number of reads mapped to too many loci |	21
             % of reads mapped to too many loci |	0.01%
                                  UNMAPPED READS:
       % of reads unmapped: too many mismatches |	0.37%
                 % of reads unmapped: too short |	77.31%
                     % of reads unmapped: other |	0.00%
                                  CHIMERIC READS:
                       Number of chimeric reads |	10
                            % of chimeric reads |	0.00%
