                                 Started job on |	May 08 18:40:42
                             Started mapping on |	May 08 18:40:43
                                    Finished on |	May 08 18:43:32
       Mapping speed, Million of reads per hour |	7.04

                          Number of input reads |	330581
                      Average input read length |	202
                                    UNIQUE READS:
                   Uniquely mapped reads number |	73259
                        Uniquely mapped reads % |	22.16%
                          Average mapped length |	194.97
                       Number of splices: Total |	213864
            Number of splices: Annotated (sjdb) |	212671
                       Number of splices: GT/AG |	213711
                       Number of splices: GC/AG |	153
                       Number of splices: AT/AC |	0
               Number of splices: Non-canonical |	0
                      Mismatch rate per base, % |	0.70%
                         Deletion rate per base |	0.32%
                        Deletion average length |	1.00
                        Insertion rate per base |	0.09%
                       Insertion average length |	11.15
                             MULTI-MAPPING READS:
        Number of reads mapped to multiple loci |	164
             % of reads mapped to multiple loci |	0.05%
        Number of reads mapped to too many loci |	16
             % of reads mapped to too many loci |	0.00%
                                  UNMAPPED READS:
       % of reads unmapped: too many mismatches |	0.39%
                 % of reads unmapped: too short |	77.39%
                     % of reads unmapped: other |	0.00%
                                  CHIMERIC READS:
                       Number of chimeric reads |	10
                            % of chimeric reads |	0.00%
