                                 Started job on |	May 10 03:05:35
                             Started mapping on |	May 10 03:05:36
                                    Finished on |	May 10 03:08:34
       Mapping speed, Million of reads per hour |	2.82

                          Number of input reads |	139407
                      Average input read length |	202
                                    UNIQUE READS:
                   Uniquely mapped reads number |	37935
                        Uniquely mapped reads % |	27.21%
                          Average mapped length |	195.02
                       Number of splices: Total |	109827
            Number of splices: Annotated (sjdb) |	109211
                       Number of splices: GT/AG |	109734
                       Number of splices: GC/AG |	93
                       Number of splices: AT/AC |	0
               Number of splices: Non-canonical |	0
                      Mismatch rate per base, % |	0.71%
                         Deletion rate per base |	0.31%
                        Deletion average length |	1.00
                        Insertion rate per base |	0.11%
                       Insertion average length |	11.38
                             MULTI-MAPPING READS:
        Number of reads mapped to multiple loci |	98
             % of reads mapped to multiple loci |	0.07%
        Number of reads mapped to too many loci |	7
             % of reads mapped to too many loci |	0.01%
                                  UNMAPPED READS:
       % of reads unmapped: too many mismatches |	0.49%
                 % of reads unmapped: too short |	72.22%
                     % of reads unmapped: other |	0.00%
                                  CHIMERIC READS:
                       Number of chimeric reads |	4
                            % of chimeric reads |	0.00%
