                                 Started job on |	May 05 20:08:25
                             Started mapping on |	May 05 20:08:27
                                    Finished on |	May 05 20:11:18
       Mapping speed, Million of reads per hour |	5.73

                          Number of input reads |	272277
                      Average input read length |	202
                                    UNIQUE READS:
                   Uniquely mapped reads number |	51354
                        Uniquely mapped reads % |	18.86%
                          Average mapped length |	196.33
                       Number of splices: Total |	111672
            Number of splices: Annotated (sjdb) |	110346
                       Number of splices: GT/AG |	111635
                       Number of splices: GC/AG |	37
                       Number of splices: AT/AC |	0
               Number of splices: Non-canonical |	0
                      Mismatch rate per base, % |	0.72%
                         Deletion rate per base |	0.36%
                        Deletion average length |	1.00
                        Insertion rate per base |	0.00%
                       Insertion average length |	1.06
                             MULTI-MAPPING READS:
        Number of reads mapped to multiple loci |	48
             % of reads mapped to multiple loci |	0.02%
        Number of reads mapped to too many loci |	2
             % of reads mapped to too many loci |	0.00%
                                  UNMAPPED READS:
       % of reads unmapped: too many mismatches |	0.31%
                 % of reads unmapped: too short |	80.81%
                     % of reads unmapped: other |	0.00%
                                  CHIMERIC READS:
                       Number of chimeric reads |	2
                            % of chimeric reads |	0.00%
