                                 Started job on |	May 11 20:53:18
                             Started mapping on |	May 11 20:53:19
                                    Finished on |	May 11 20:56:03
       Mapping speed, Million of reads per hour |	5.93

                          Number of input reads |	270202
                      Average input read length |	202
                                    UNIQUE READS:
                   Uniquely mapped reads number |	74756
                        Uniquely mapped reads % |	27.67%
                          Average mapped length |	196.50
                       Number of splices: Total |	161380
            Number of splices: Annotated (sjdb) |	159734
                       Number of splices: GT/AG |	161271
                       Number of splices: GC/AG |	109
                       Number of splices: AT/AC |	0
               Number of splices: Non-canonical |	0
                      Mismatch rate per base, % |	0.70%
                         Deletion rate per base |	0.36%
                        Deletion average length |	1.00
                        Insertion rate per base |	0.00%
                       Insertion average length |	1.80
                             MULTI-MAPPING READS:
        Number of reads mapped to multiple loci |	92
             % of reads mapped to multiple loci |	0.03%
        Number of reads mapped to too many loci |	8
             % of reads mapped to too many loci |	0.00%
                                  UNMAPPED READS:
       % of reads unmapped: too many mismatches |	0.47%
                 % of reads unmapped: too short |	71.83%
                     % of reads unmapped: other |	0.00%
                                  CHIMERIC READS:
                       Number of chimeric reads |	7
                            % of chimeric reads |	0.00%
