                                 Started job on |	May 08 02:56:29
                             Started mapping on |	May 08 02:56:31
                                    Finished on |	May 08 02:58:48
       Mapping speed, Million of reads per hour |	8.73

                          Number of input reads |	332206
                      Average input read length |	202
                                    UNIQUE READS:
                   Uniquely mapped reads number |	87899
                        Uniquely mapped reads % |	26.46%
                          Average mapped length |	194.95
                       Number of splices: Total |	254068
            Number of splices: Annotated (sjdb) |	252709
                       Number of splices: GT/AG |	253894
                       Number of splices: GC/AG |	174
                       Number of splices: AT/AC |	0
               Number of splices: Non-canonical |	0
                      Mismatch rate per base, % |	0.74%
                         Deletion rate per base |	0.31%
                        Deletion average length |	1.00
                        Insertion rate per base |	0.09%
                       Insertion average length |	11.15
                             MULTI-MAPPING READS:
        Number of reads mapped to multiple loci |	217
             % of reads mapped to multiple loci |	0.07%
        Number of reads mapped to too many loci |	8
             % of reads mapped to too many loci |	0.00%
                                  UNMAPPED READS:
       % of reads unmapped: too many mismatches |	0.43%
                 % of reads unmapped: too short |	73.04%
                     % of reads unmapped: other |	0.00%
                                  CHIMERIC READS:
                       Number of chimeric reads |	13
                            % of chimeric reads |	0.00%
