                                 Started job on |	May 07 22:28:36
                             Started mapping on |	May 07 22:28:37
                                    Finished on |	May 07 22:31:10
       Mapping speed, Million of reads per hour |	4.30

                          Number of input reads |	182543
                      Average input read length |	202
                                    UNIQUE READS:
                   Uniquely mapped reads number |	57382
                        Uniquely mapped reads % |	31.43%
                          Average mapped length |	195.12
                       Number of splices: Total |	166282
            Number of splices: Annotated (sjdb) |	165561
                       Number of splices: GT/AG |	166181
                       Number of splices: GC/AG |	101
                       Number of splices: AT/AC |	0
               Number of splices: Non-canonical |	0
                      Mismatch rate per base, % |	0.70%
                         Deletion rate per base |	0.31%
                        Deletion average length |	1.00
                        Insertion rate per base |	0.08%
                       Insertion average length |	11.22
                             MULTI-MAPPING READS:
        Number of reads mapped to multiple loci |	111
             % of reads mapped to multiple loci |	0.06%
        Number of reads mapped to too many loci |	5
             % of reads mapped to too many loci |	0.00%
                                  UNMAPPED READS:
       % of reads unmapped: too many mismatches |	0.52%
                 % of reads unmapped: too short |	67.98%
                     % of reads unmapped: other |	0.00%
                                  CHIMERIC READS:
                       Number of chimeric reads |	17
                            % of chimeric reads |	0.01%
