                                 Started job on |	May 06 16:50:18
                             Started mapping on |	May 06 16:50:20
                                    Finished on |	May 06 16:53:05
       Mapping speed, Million of reads per hour |	3.31

                          Number of input reads |	151547
                      Average input read length |	202
                                    UNIQUE READS:
                   Uniquely mapped reads number |	34075
                        Uniquely mapped reads % |	22.48%
                          Average mapped length |	196.06
                       Number of splices: Total |	73640
            Number of splices: Annotated (sjdb) |	72918
                       Number of splices: GT/AG |	73613
                       Number of splices: GC/AG |	27
                       Number of splices: AT/AC |	0
               Number of splices: Non-canonical |	0
                      Mismatch rate per base, % |	0.72%
                         Deletion rate per base |	0.35%
                        Deletion average length |	1.00
                        Insertion rate per base |	0.00%
                       Insertion average length |	1.00
                             MULTI-MAPPING READS:
        Number of reads mapped to multiple loci |	44
             % of reads mapped to multiple loci |	0.03%
        Number of reads mapped to too many loci |	3
             % of reads mapped to too many loci |	0.00%
                                  UNMAPPED READS:
       % of reads unmapped: too many mismatches |	0.38%
                 % of reads unmapped: too short |	77.11%
                     % of reads unmapped: other |	0.00%
                                  CHIMERIC READS:
                       Number of chimeric reads |	2
                            % of chimeric reads |	0.00%
