                                 Started job on |	May 09 00:22:52
                             Started mapping on |	May 09 00:22:53
                                    Finished on |	May 09 00:26:13
       Mapping speed, Million of reads per hour |	3.32

                          Number of input reads |	184306
                      Average input read length |	202
                                    UNIQUE READS:
                   Uniquely mapped reads number |	42778
                        Uniquely mapped reads % |	23.21%
                          Average mapped length |	195.07
                       Number of splices: Total |	127453
            Number of splices: Annotated (sjdb) |	126844
                       Number of splices: GT/AG |	127368
                       Number of splices: GC/AG |	85
                       Number of splices: AT/AC |	0
               Number of splices: Non-canonical |	0
                      Mismatch rate per base, % |	0.71%
                         Deletion rate per base |	0.31%
                        Deletion average length |	1.00
                        Insertion rate per base |	0.08%
                       Insertion average length |	11.16
                             MULTI-MAPPING READS:
        Number of reads mapped to multiple loci |	86
             % of reads mapped to multiple loci |	0.05%
        Number of reads mapped to too many loci |	2
             % of reads mapped to too many loci |	0.00%
                                  UNMAPPED READS:
       % of reads unmapped: too many mismatches |	0.43%
                 % of reads unmapped: too short |	76.31%
                     % of reads unmapped: other |	0.00%
                                  CHIMERIC READS:
                       Number of chimeric reads |	8
                            % of chimeric reads |	0.00%
