                                 Started job on |	May 05 14:42:15
                             Started mapping on |	May 05 14:42:16
                                    Finished on |	May 05 14:44:15
       Mapping speed, Million of reads per hour |	8.30

                          Number of input reads |	274307
                      Average input read length |	202
                                    UNIQUE READS:
                   Uniquely mapped reads number |	64150
                        Uniquely mapped reads % |	23.39%
                          Average mapped length |	195.83
                       Number of splices: Total |	138390
            Number of splices: Annotated (sjdb) |	136685
                       Number of splices: GT/AG |	138351
                       Number of splices: GC/AG |	39
                       Number of splices: AT/AC |	0
               Number of splices: Non-canonical |	0
                      Mismatch rate per base, % |	0.74%
                         Deletion rate per base |	0.35%
                        Deletion average length |	1.00
                        Insertion rate per base |	0.00%
                       Insertion average length |	1.13
                             MULTI-MAPPING READS:
        Number of reads mapped to multiple loci |	94
             % of reads mapped to multiple loci |	0.03%
        Number of reads mapped to too many loci |	13
             % of reads mapped to too many loci |	0.00%
                                  UNMAPPED READS:
       % of reads unmapped: too many mismatches |	0.40%
                 % of reads unmapped: too short |	76.17%
                     % of reads unmapped: other |	0.00%
                                  CHIMERIC READS:
                       Number of chimeric reads |	5
                            % of chimeric reads |	0.00%
