                                 Started job on |	May 08 16:59:12
                             Started mapping on |	May 08 16:59:14
                                    Finished on |	May 08 17:01:59
       Mapping speed, Million of reads per hour |	7.92

                          Number of input reads |	363173
                      Average input read length |	202
                                    UNIQUE READS:
                   Uniquely mapped reads number |	94000
                        Uniquely mapped reads % |	25.88%
                          Average mapped length |	194.64
                       Number of splices: Total |	269123
            Number of splices: Annotated (sjdb) |	267749
                       Number of splices: GT/AG |	268900
                       Number of splices: GC/AG |	223
                       Number of splices: AT/AC |	0
               Number of splices: Non-canonical |	0
                      Mismatch rate per base, % |	0.72%
                         Deletion rate per base |	0.31%
                        Deletion average length |	1.00
                        Insertion rate per base |	0.10%
                       Insertion average length |	11.31
                             MULTI-MAPPING READS:
        Number of reads mapped to multiple loci |	250
             % of reads mapped to multiple loci |	0.07%
        Number of reads mapped to too many loci |	18
             % of reads mapped to too many loci |	0.00%
                                  UNMAPPED READS:
       % of reads unmapped: too many mismatches |	0.43%
                 % of reads unmapped: too short |	73.62%
                     % of reads unmapped: other |	0.00%
                                  CHIMERIC READS:
                       Number of chimeric reads |	20
                            % of chimeric reads |	0.01%
