                                 Started job on |	May 08 19:00:47
                             Started mapping on |	May 08 19:00:48
                                    Finished on |	May 08 19:04:42
       Mapping speed, Million of reads per hour |	2.89

                          Number of input reads |	187731
                      Average input read length |	202
                                    UNIQUE READS:
                   Uniquely mapped reads number |	38952
                        Uniquely mapped reads % |	20.75%
                          Average mapped length |	195.06
                       Number of splices: Total |	115518
            Number of splices: Annotated (sjdb) |	114939
                       Number of splices: GT/AG |	115441
                       Number of splices: GC/AG |	77
                       Number of splices: AT/AC |	0
               Number of splices: Non-canonical |	0
                      Mismatch rate per base, % |	0.72%
                         Deletion rate per base |	0.33%
                        Deletion average length |	1.01
                        Insertion rate per base |	0.08%
                       Insertion average length |	11.27
                             MULTI-MAPPING READS:
        Number of reads mapped to multiple loci |	94
             % of reads mapped to multiple loci |	0.05%
        Number of reads mapped to too many loci |	7
             % of reads mapped to too many loci |	0.00%
                                  UNMAPPED READS:
       % of reads unmapped: too many mismatches |	0.39%
                 % of reads unmapped: too short |	78.81%
                     % of reads unmapped: other |	0.00%
                                  CHIMERIC READS:
                       Number of chimeric reads |	11
                            % of chimeric reads |	0.01%
