                                 Started job on |	May 08 15:29:13
                             Started mapping on |	May 08 15:29:14
                                    Finished on |	May 08 15:32:11
       Mapping speed, Million of reads per hour |	6.38

                          Number of input reads |	313500
                      Average input read length |	202
                                    UNIQUE READS:
                   Uniquely mapped reads number |	70890
                        Uniquely mapped reads % |	22.61%
                          Average mapped length |	195.00
                       Number of splices: Total |	207699
            Number of splices: Annotated (sjdb) |	206622
                       Number of splices: GT/AG |	207567
                       Number of splices: GC/AG |	132
                       Number of splices: AT/AC |	0
               Number of splices: Non-canonical |	0
                      Mismatch rate per base, % |	0.69%
                         Deletion rate per base |	0.32%
                        Deletion average length |	1.00
                        Insertion rate per base |	0.07%
                       Insertion average length |	11.21
                             MULTI-MAPPING READS:
        Number of reads mapped to multiple loci |	150
             % of reads mapped to multiple loci |	0.05%
        Number of reads mapped to too many loci |	10
             % of reads mapped to too many loci |	0.00%
                                  UNMAPPED READS:
       % of reads unmapped: too many mismatches |	0.39%
                 % of reads unmapped: too short |	76.95%
                     % of reads unmapped: other |	0.00%
                                  CHIMERIC READS:
                       Number of chimeric reads |	12
                            % of chimeric reads |	0.00%
