                                 Started job on |	May 05 11:11:25
                             Started mapping on |	May 05 11:11:27
                                    Finished on |	May 05 11:13:59
       Mapping speed, Million of reads per hour |	3.19

                          Number of input reads |	134640
                      Average input read length |	202
                                    UNIQUE READS:
                   Uniquely mapped reads number |	34237
                        Uniquely mapped reads % |	25.43%
                          Average mapped length |	196.42
                       Number of splices: Total |	74464
            Number of splices: Annotated (sjdb) |	73528
                       Number of splices: GT/AG |	74422
                       Number of splices: GC/AG |	42
                       Number of splices: AT/AC |	0
               Number of splices: Non-canonical |	0
                      Mismatch rate per base, % |	0.69%
                         Deletion rate per base |	0.36%
                        Deletion average length |	1.00
                        Insertion rate per base |	0.00%
                       Insertion average length |	1.30
                             MULTI-MAPPING READS:
        Number of reads mapped to multiple loci |	47
             % of reads mapped to multiple loci |	0.03%
        Number of reads mapped to too many loci |	10
             % of reads mapped to too many loci |	0.01%
                                  UNMAPPED READS:
       % of reads unmapped: too many mismatches |	0.36%
                 % of reads unmapped: too short |	74.17%
                     % of reads unmapped: other |	0.00%
                                  CHIMERIC READS:
                       Number of chimeric reads |	6
                            % of chimeric reads |	0.00%
