                                 Started job on |	May 11 15:36:39
                             Started mapping on |	May 11 15:36:40
                                    Finished on |	May 11 15:38:50
       Mapping speed, Million of reads per hour |	8.48

                          Number of input reads |	306303
                      Average input read length |	202
                                    UNIQUE READS:
                   Uniquely mapped reads number |	93883
                        Uniquely mapped reads % |	30.65%
                          Average mapped length |	196.35
                       Number of splices: Total |	202716
            Number of splices: Annotated (sjdb) |	200617
                       Number of splices: GT/AG |	202569
                       Number of splices: GC/AG |	147
                       Number of splices: AT/AC |	0
               Number of splices: Non-canonical |	0
                      Mismatch rate per base, % |	0.71%
                         Deletion rate per base |	0.36%
                        Deletion average length |	1.00
                        Insertion rate per base |	0.00%
                       Insertion average length |	1.28
                             MULTI-MAPPING READS:
        Number of reads mapped to multiple loci |	114
             % of reads mapped to multiple loci |	0.04%
        Number of reads mapped to too many loci |	12
             % of reads mapped to too many loci |	0.00%
                                  UNMAPPED READS:
       % of reads unmapped: too many mismatches |	0.57%
                 % of reads unmapped: too short |	68.74%
                     % of reads unmapped: other |	0.00%
                                  CHIMERIC READS:
                       Number of chimeric reads |	7
                            % of chimeric reads |	0.00%
