                                 Started job on |	May 05 14:55:40
                             Started mapping on |	May 05 14:55:41
                                    Finished on |	May 05 14:57:50
       Mapping speed, Million of reads per hour |	9.22

                          Number of input reads |	330217
                      Average input read length |	202
                                    UNIQUE READS:
                   Uniquely mapped reads number |	76748
                        Uniquely mapped reads % |	23.24%
                          Average mapped length |	195.95
                       Number of splices: Total |	167771
            Number of splices: Annotated (sjdb) |	165941
                       Number of splices: GT/AG |	167729
                       Number of splices: GC/AG |	42
                       Number of splices: AT/AC |	0
               Number of splices: Non-canonical |	0
                      Mismatch rate per base, % |	0.74%
                         Deletion rate per base |	0.35%
                        Deletion average length |	1.00
                        Insertion rate per base |	0.00%
                       Insertion average length |	1.25
                             MULTI-MAPPING READS:
        Number of reads mapped to multiple loci |	109
             % of reads mapped to multiple loci |	0.03%
        Number of reads mapped to too many loci |	14
             % of reads mapped to too many loci |	0.00%
                                  UNMAPPED READS:
       % of reads unmapped: too many mismatches |	0.41%
                 % of reads unmapped: too short |	76.32%
                     % of reads unmapped: other |	0.00%
                                  CHIMERIC READS:
                       Number of chimeric reads |	6
                            % of chimeric reads |	0.00%
