                                 Started job on |	May 05 05:55:11
                             Started mapping on |	May 05 05:55:13
                                    Finished on |	May 05 05:58:25
       Mapping speed, Million of reads per hour |	8.74

                          Number of input reads |	466341
                      Average input read length |	202
                                    UNIQUE READS:
                   Uniquely mapped reads number |	76438
                        Uniquely mapped reads % |	16.39%
                          Average mapped length |	196.66
                       Number of splices: Total |	165898
            Number of splices: Annotated (sjdb) |	163907
                       Number of splices: GT/AG |	165828
                       Number of splices: GC/AG |	70
                       Number of splices: AT/AC |	0
               Number of splices: Non-canonical |	0
                      Mismatch rate per base, % |	0.78%
                         Deletion rate per base |	0.39%
                        Deletion average length |	1.00
                        Insertion rate per base |	0.00%
                       Insertion average length |	1.17
                             MULTI-MAPPING READS:
        Number of reads mapped to multiple loci |	69
             % of reads mapped to multiple loci |	0.01%
        Number of reads mapped to too many loci |	22
             % of reads mapped to too many loci |	0.00%
                                  UNMAPPED READS:
       % of reads unmapped: too many mismatches |	0.38%
                 % of reads unmapped: too short |	83.21%
                     % of reads unmapped: other |	0.00%
                                  CHIMERIC READS:
                       Number of chimeric reads |	4
                            % of chimeric reads |	0.00%
