                                 Started job on |	May 06 03:32:06
                             Started mapping on |	May 06 03:32:07
                                    Finished on |	May 06 03:33:53
       Mapping speed, Million of reads per hour |	7.42

                          Number of input reads |	218336
                      Average input read length |	202
                                    UNIQUE READS:
                   Uniquely mapped reads number |	35533
                        Uniquely mapped reads % |	16.27%
                          Average mapped length |	196.07
                       Number of splices: Total |	74313
            Number of splices: Annotated (sjdb) |	73625
                       Number of splices: GT/AG |	74305
                       Number of splices: GC/AG |	8
                       Number of splices: AT/AC |	0
               Number of splices: Non-canonical |	0
                      Mismatch rate per base, % |	0.71%
                         Deletion rate per base |	0.36%
                        Deletion average length |	1.00
                        Insertion rate per base |	0.00%
                       Insertion average length |	1.32
                             MULTI-MAPPING READS:
        Number of reads mapped to multiple loci |	41
             % of reads mapped to multiple loci |	0.02%
        Number of reads mapped to too many loci |	3
             % of reads mapped to too many loci |	0.00%
                                  UNMAPPED READS:
       % of reads unmapped: too many mismatches |	0.30%
                 % of reads unmapped: too short |	83.41%
                     % of reads unmapped: other |	0.00%
                                  CHIMERIC READS:
                       Number of chimeric reads |	5
                            % of chimeric reads |	0.00%
