                                 Started job on |	May 05 20:50:34
                             Started mapping on |	May 05 20:50:35
                                    Finished on |	May 05 20:52:41
       Mapping speed, Million of reads per hour |	7.88

                          Number of input reads |	275971
                      Average input read length |	202
                                    UNIQUE READS:
                   Uniquely mapped reads number |	38535
                        Uniquely mapped reads % |	13.96%
                          Average mapped length |	196.00
                       Number of splices: Total |	81718
            Number of splices: Annotated (sjdb) |	80694
                       Number of splices: GT/AG |	81705
                       Number of splices: GC/AG |	13
                       Number of splices: AT/AC |	0
               Number of splices: Non-canonical |	0
                      Mismatch rate per base, % |	0.68%
                         Deletion rate per base |	0.37%
                        Deletion average length |	1.00
                        Insertion rate per base |	0.00%
                       Insertion average length |	1.00
                             MULTI-MAPPING READS:
        Number of reads mapped to multiple loci |	37
             % of reads mapped to multiple loci |	0.01%
        Number of reads mapped to too many loci |	0
             % of reads mapped to too many loci |	0.00%
                                  UNMAPPED READS:
       % of reads unmapped: too many mismatches |	0.24%
                 % of reads unmapped: too short |	85.79%
                     % of reads unmapped: other |	0.00%
                                  CHIMERIC READS:
                       Number of chimeric reads |	7
                            % of chimeric reads |	0.00%
