                                 Started job on |	May 10 22:29:30
                             Started mapping on |	May 10 22:29:31
                                    Finished on |	May 10 22:32:02
       Mapping speed, Million of reads per hour |	3.73

                          Number of input reads |	156347
                      Average input read length |	202
                                    UNIQUE READS:
                   Uniquely mapped reads number |	46624
                        Uniquely mapped reads % |	29.82%
                          Average mapped length |	196.33
                       Number of splices: Total |	101005
            Number of splices: Annotated (sjdb) |	99854
                       Number of splices: GT/AG |	100939
                       Number of splices: GC/AG |	66
                       Number of splices: AT/AC |	0
               Number of splices: Non-canonical |	0
                      Mismatch rate per base, % |	0.71%
                         Deletion rate per base |	0.36%
                        Deletion average length |	1.00
                        Insertion rate per base |	0.00%
                       Insertion average length |	1.03
                             MULTI-MAPPING READS:
        Number of reads mapped to multiple loci |	64
             % of reads mapped to multiple loci |	0.04%
        Number of reads mapped to too many loci |	5
             % of reads mapped to too many loci |	0.00%
                                  UNMAPPED READS:
       % of reads unmapped: too many mismatches |	0.45%
                 % of reads unmapped: too short |	69.69%
                     % of reads unmapped: other |	0.00%
                                  CHIMERIC READS:
                       Number of chimeric reads |	5
                            % of chimeric reads |	0.00%
