                                 Started job on |	May 08 00:17:48
                             Started mapping on |	May 08 00:17:49
                                    Finished on |	May 08 00:20:14
       Mapping speed, Million of reads per hour |	5.63

                          Number of input reads |	226818
                      Average input read length |	202
                                    UNIQUE READS:
                   Uniquely mapped reads number |	70617
                        Uniquely mapped reads % |	31.13%
                          Average mapped length |	195.33
                       Number of splices: Total |	205108
            Number of splices: Annotated (sjdb) |	203817
                       Number of splices: GT/AG |	204969
                       Number of splices: GC/AG |	139
                       Number of splices: AT/AC |	0
               Number of splices: Non-canonical |	0
                      Mismatch rate per base, % |	0.71%
                         Deletion rate per base |	0.32%
                        Deletion average length |	1.00
                        Insertion rate per base |	0.08%
                       Insertion average length |	11.11
                             MULTI-MAPPING READS:
        Number of reads mapped to multiple loci |	118
             % of reads mapped to multiple loci |	0.05%
        Number of reads mapped to too many loci |	2
             % of reads mapped to too many loci |	0.00%
                                  UNMAPPED READS:
       % of reads unmapped: too many mismatches |	0.59%
                 % of reads unmapped: too short |	68.23%
                     % of reads unmapped: other |	0.00%
                                  CHIMERIC READS:
                       Number of chimeric reads |	9
                            % of chimeric reads |	0.00%
