                                 Started job on |	May 10 21:11:47
                             Started mapping on |	May 10 21:11:48
                                    Finished on |	May 10 21:14:15
       Mapping speed, Million of reads per hour |	4.38

                          Number of input reads |	178857
                      Average input read length |	202
                                    UNIQUE READS:
                   Uniquely mapped reads number |	54410
                        Uniquely mapped reads % |	30.42%
                          Average mapped length |	196.21
                       Number of splices: Total |	116562
            Number of splices: Annotated (sjdb) |	115232
                       Number of splices: GT/AG |	116480
                       Number of splices: GC/AG |	82
                       Number of splices: AT/AC |	0
               Number of splices: Non-canonical |	0
                      Mismatch rate per base, % |	0.71%
                         Deletion rate per base |	0.35%
                        Deletion average length |	1.00
                        Insertion rate per base |	0.00%
                       Insertion average length |	1.04
                             MULTI-MAPPING READS:
        Number of reads mapped to multiple loci |	73
             % of reads mapped to multiple loci |	0.04%
        Number of reads mapped to too many loci |	8
             % of reads mapped to too many loci |	0.00%
                                  UNMAPPED READS:
       % of reads unmapped: too many mismatches |	0.51%
                 % of reads unmapped: too short |	69.02%
                     % of reads unmapped: other |	0.00%
                                  CHIMERIC READS:
                       Number of chimeric reads |	7
                            % of chimeric reads |	0.00%
