                                 Started job on |	May 10 23:10:16
                             Started mapping on |	May 10 23:10:17
                                    Finished on |	May 10 23:12:32
       Mapping speed, Million of reads per hour |	6.72

                          Number of input reads |	252164
                      Average input read length |	202
                                    UNIQUE READS:
                   Uniquely mapped reads number |	80634
                        Uniquely mapped reads % |	31.98%
                          Average mapped length |	196.27
                       Number of splices: Total |	173482
            Number of splices: Annotated (sjdb) |	171297
                       Number of splices: GT/AG |	173362
                       Number of splices: GC/AG |	120
                       Number of splices: AT/AC |	0
               Number of splices: Non-canonical |	0
                      Mismatch rate per base, % |	0.72%
                         Deletion rate per base |	0.36%
                        Deletion average length |	1.00
                        Insertion rate per base |	0.00%
                       Insertion average length |	1.04
                             MULTI-MAPPING READS:
        Number of reads mapped to multiple loci |	123
             % of reads mapped to multiple loci |	0.05%
        Number of reads mapped to too many loci |	12
             % of reads mapped to too many loci |	0.00%
                                  UNMAPPED READS:
       % of reads unmapped: too many mismatches |	0.59%
                 % of reads unmapped: too short |	67.38%
                     % of reads unmapped: other |	0.00%
                                  CHIMERIC READS:
                       Number of chimeric reads |	4
                            % of chimeric reads |	0.00%
