                                 Started job on |	May 10 23:05:10
                             Started mapping on |	May 10 23:05:11
                                    Finished on |	May 10 23:07:45
       Mapping speed, Million of reads per hour |	8.15

                          Number of input reads |	348815
                      Average input read length |	202
                                    UNIQUE READS:
                   Uniquely mapped reads number |	108271
                        Uniquely mapped reads % |	31.04%
                          Average mapped length |	196.28
                       Number of splices: Total |	232865
            Number of splices: Annotated (sjdb) |	230050
                       Number of splices: GT/AG |	232715
                       Number of splices: GC/AG |	150
                       Number of splices: AT/AC |	0
               Number of splices: Non-canonical |	0
                      Mismatch rate per base, % |	0.72%
                         Deletion rate per base |	0.36%
                        Deletion average length |	1.00
                        Insertion rate per base |	0.00%
                       Insertion average length |	1.08
                             MULTI-MAPPING READS:
        Number of reads mapped to multiple loci |	137
             % of reads mapped to multiple loci |	0.04%
        Number of reads mapped to too many loci |	12
             % of reads mapped to too many loci |	0.00%
                                  UNMAPPED READS:
       % of reads unmapped: too many mismatches |	0.56%
                 % of reads unmapped: too short |	68.35%
                     % of reads unmapped: other |	0.00%
                                  CHIMERIC READS:
                       Number of chimeric reads |	8
                            % of chimeric reads |	0.00%
