                                 Started job on |	May 10 21:42:07
                             Started mapping on |	May 10 21:42:08
                                    Finished on |	May 10 21:44:38
       Mapping speed, Million of reads per hour |	4.84

                          Number of input reads |	201534
                      Average input read length |	202
                                    UNIQUE READS:
                   Uniquely mapped reads number |	63007
                        Uniquely mapped reads % |	31.26%
                          Average mapped length |	196.12
                       Number of splices: Total |	136006
            Number of splices: Annotated (sjdb) |	134351
                       Number of splices: GT/AG |	135902
                       Number of splices: GC/AG |	104
                       Number of splices: AT/AC |	0
               Number of splices: Non-canonical |	0
                      Mismatch rate per base, % |	0.73%
                         Deletion rate per base |	0.35%
                        Deletion average length |	1.00
                        Insertion rate per base |	0.00%
                       Insertion average length |	1.09
                             MULTI-MAPPING READS:
        Number of reads mapped to multiple loci |	92
             % of reads mapped to multiple loci |	0.05%
        Number of reads mapped to too many loci |	12
             % of reads mapped to too many loci |	0.01%
                                  UNMAPPED READS:
       % of reads unmapped: too many mismatches |	0.53%
                 % of reads unmapped: too short |	68.16%
                     % of reads unmapped: other |	0.00%
                                  CHIMERIC READS:
                       Number of chimeric reads |	5
                            % of chimeric reads |	0.00%
