                                 Started job on |	May 06 17:50:05
                             Started mapping on |	May 06 17:50:07
                                    Finished on |	May 06 17:52:49
       Mapping speed, Million of reads per hour |	4.51

                          Number of input reads |	203108
                      Average input read length |	202
                                    UNIQUE READS:
                   Uniquely mapped reads number |	50280
                        Uniquely mapped reads % |	24.76%
                          Average mapped length |	195.90
                       Number of splices: Total |	108536
            Number of splices: Annotated (sjdb) |	107338
                       Number of splices: GT/AG |	108472
                       Number of splices: GC/AG |	64
                       Number of splices: AT/AC |	0
               Number of splices: Non-canonical |	0
                      Mismatch rate per base, % |	0.75%
                         Deletion rate per base |	0.35%
                        Deletion average length |	1.00
                        Insertion rate per base |	0.00%
                       Insertion average length |	1.09
                             MULTI-MAPPING READS:
        Number of reads mapped to multiple loci |	68
             % of reads mapped to multiple loci |	0.03%
        Number of reads mapped to too many loci |	9
             % of reads mapped to too many loci |	0.00%
                                  UNMAPPED READS:
       % of reads unmapped: too many mismatches |	0.42%
                 % of reads unmapped: too short |	74.79%
                     % of reads unmapped: other |	0.00%
                                  CHIMERIC READS:
                       Number of chimeric reads |	2
                            % of chimeric reads |	0.00%
