                                 Started job on |	May 06 16:22:20
                             Started mapping on |	May 06 16:22:22
                                    Finished on |	May 06 16:25:02
       Mapping speed, Million of reads per hour |	7.45

                          Number of input reads |	331259
                      Average input read length |	202
                                    UNIQUE READS:
                   Uniquely mapped reads number |	84357
                        Uniquely mapped reads % |	25.47%
                          Average mapped length |	196.05
                       Number of splices: Total |	181784
            Number of splices: Annotated (sjdb) |	179867
                       Number of splices: GT/AG |	181730
                       Number of splices: GC/AG |	54
                       Number of splices: AT/AC |	0
               Number of splices: Non-canonical |	0
                      Mismatch rate per base, % |	0.74%
                         Deletion rate per base |	0.35%
                        Deletion average length |	1.00
                        Insertion rate per base |	0.00%
                       Insertion average length |	1.10
                             MULTI-MAPPING READS:
        Number of reads mapped to multiple loci |	111
             % of reads mapped to multiple loci |	0.03%
        Number of reads mapped to too many loci |	14
             % of reads mapped to too many loci |	0.00%
                                  UNMAPPED READS:
       % of reads unmapped: too many mismatches |	0.47%
                 % of reads unmapped: too short |	74.03%
                     % of reads unmapped: other |	0.00%
                                  CHIMERIC READS:
                       Number of chimeric reads |	3
                            % of chimeric reads |	0.00%
