                                 Started job on |	May 07 22:35:44
                             Started mapping on |	May 07 22:35:45
                                    Finished on |	May 07 22:37:31
       Mapping speed, Million of reads per hour |	6.39

                          Number of input reads |	188180
                      Average input read length |	202
                                    UNIQUE READS:
                   Uniquely mapped reads number |	57539
                        Uniquely mapped reads % |	30.58%
                          Average mapped length |	195.07
                       Number of splices: Total |	167859
            Number of splices: Annotated (sjdb) |	167104
                       Number of splices: GT/AG |	167674
                       Number of splices: GC/AG |	185
                       Number of splices: AT/AC |	0
               Number of splices: Non-canonical |	0
                      Mismatch rate per base, % |	0.69%
                         Deletion rate per base |	0.32%
                        Deletion average length |	1.00
                        Insertion rate per base |	0.10%
                       Insertion average length |	11.24
                             MULTI-MAPPING READS:
        Number of reads mapped to multiple loci |	129
             % of reads mapped to multiple loci |	0.07%
        Number of reads mapped to too many loci |	1
             % of reads mapped to too many loci |	0.00%
                                  UNMAPPED READS:
       % of reads unmapped: too many mismatches |	0.51%
                 % of reads unmapped: too short |	68.84%
                     % of reads unmapped: other |	0.00%
                                  CHIMERIC READS:
                       Number of chimeric reads |	20
                            % of chimeric reads |	0.01%
