                                 Started job on |	May 10 02:33:34
                             Started mapping on |	May 10 02:33:35
                                    Finished on |	May 10 02:36:40
       Mapping speed, Million of reads per hour |	3.91

                          Number of input reads |	200716
                      Average input read length |	202
                                    UNIQUE READS:
                   Uniquely mapped reads number |	51993
                        Uniquely mapped reads % |	25.90%
                          Average mapped length |	194.98
                       Number of splices: Total |	149680
            Number of splices: Annotated (sjdb) |	148813
                       Number of splices: GT/AG |	149562
                       Number of splices: GC/AG |	118
                       Number of splices: AT/AC |	0
               Number of splices: Non-canonical |	0
                      Mismatch rate per base, % |	0.71%
                         Deletion rate per base |	0.32%
                        Deletion average length |	1.00
                        Insertion rate per base |	0.10%
                       Insertion average length |	11.22
                             MULTI-MAPPING READS:
        Number of reads mapped to multiple loci |	118
             % of reads mapped to multiple loci |	0.06%
        Number of reads mapped to too many loci |	2
             % of reads mapped to too many loci |	0.00%
                                  UNMAPPED READS:
       % of reads unmapped: too many mismatches |	0.46%
                 % of reads unmapped: too short |	73.58%
                     % of reads unmapped: other |	0.00%
                                  CHIMERIC READS:
                       Number of chimeric reads |	6
                            % of chimeric reads |	0.00%
