                                 Started job on |	May 09 16:40:22
                             Started mapping on |	May 09 16:40:23
                                    Finished on |	May 09 16:43:09
       Mapping speed, Million of reads per hour |	7.28

                          Number of input reads |	335560
                      Average input read length |	202
                                    UNIQUE READS:
                   Uniquely mapped reads number |	96485
                        Uniquely mapped reads % |	28.75%
                          Average mapped length |	194.87
                       Number of splices: Total |	283171
            Number of splices: Annotated (sjdb) |	281823
                       Number of splices: GT/AG |	282958
                       Number of splices: GC/AG |	213
                       Number of splices: AT/AC |	0
               Number of splices: Non-canonical |	0
                      Mismatch rate per base, % |	0.75%
                         Deletion rate per base |	0.31%
                        Deletion average length |	1.00
                        Insertion rate per base |	0.08%
                       Insertion average length |	11.29
                             MULTI-MAPPING READS:
        Number of reads mapped to multiple loci |	205
             % of reads mapped to multiple loci |	0.06%
        Number of reads mapped to too many loci |	11
             % of reads mapped to too many loci |	0.00%
                                  UNMAPPED READS:
       % of reads unmapped: too many mismatches |	0.52%
                 % of reads unmapped: too short |	70.66%
                     % of reads unmapped: other |	0.00%
                                  CHIMERIC READS:
                       Number of chimeric reads |	18
                            % of chimeric reads |	0.01%
