                                 Started job on |	May 06 17:52:52
                             Started mapping on |	May 06 17:52:53
                                    Finished on |	May 06 17:54:35
       Mapping speed, Million of reads per hour |	7.28

                          Number of input reads |	206284
                      Average input read length |	202
                                    UNIQUE READS:
                   Uniquely mapped reads number |	53920
                        Uniquely mapped reads % |	26.14%
                          Average mapped length |	195.71
                       Number of splices: Total |	115686
            Number of splices: Annotated (sjdb) |	114339
                       Number of splices: GT/AG |	115626
                       Number of splices: GC/AG |	60
                       Number of splices: AT/AC |	0
               Number of splices: Non-canonical |	0
                      Mismatch rate per base, % |	0.74%
                         Deletion rate per base |	0.34%
                        Deletion average length |	1.00
                        Insertion rate per base |	0.00%
                       Insertion average length |	1.09
                             MULTI-MAPPING READS:
        Number of reads mapped to multiple loci |	65
             % of reads mapped to multiple loci |	0.03%
        Number of reads mapped to too many loci |	8
             % of reads mapped to too many loci |	0.00%
                                  UNMAPPED READS:
       % of reads unmapped: too many mismatches |	0.42%
                 % of reads unmapped: too short |	73.41%
                     % of reads unmapped: other |	0.00%
                                  CHIMERIC READS:
                       Number of chimeric reads |	2
                            % of chimeric reads |	0.00%
