                                 Started job on |	May 08 00:15:08
                             Started mapping on |	May 08 00:15:09
                                    Finished on |	May 08 00:17:46
       Mapping speed, Million of reads per hour |	5.38

                          Number of input reads |	234686
                      Average input read length |	202
                                    UNIQUE READS:
                   Uniquely mapped reads number |	68622
                        Uniquely mapped reads % |	29.24%
                          Average mapped length |	195.04
                       Number of splices: Total |	201216
            Number of splices: Annotated (sjdb) |	200327
                       Number of splices: GT/AG |	201048
                       Number of splices: GC/AG |	168
                       Number of splices: AT/AC |	0
               Number of splices: Non-canonical |	0
                      Mismatch rate per base, % |	0.71%
                         Deletion rate per base |	0.32%
                        Deletion average length |	1.00
                        Insertion rate per base |	0.09%
                       Insertion average length |	11.26
                             MULTI-MAPPING READS:
        Number of reads mapped to multiple loci |	151
             % of reads mapped to multiple loci |	0.06%
        Number of reads mapped to too many loci |	3
             % of reads mapped to too many loci |	0.00%
                                  UNMAPPED READS:
       % of reads unmapped: too many mismatches |	0.51%
                 % of reads unmapped: too short |	70.18%
                     % of reads unmapped: other |	0.00%
                                  CHIMERIC READS:
                       Number of chimeric reads |	18
                            % of chimeric reads |	0.01%
