                                 Started job on |	May 10 00:17:40
                             Started mapping on |	May 10 00:17:42
                                    Finished on |	May 10 00:19:56
       Mapping speed, Million of reads per hour |	5.29

                          Number of input reads |	196857
                      Average input read length |	202
                                    UNIQUE READS:
                   Uniquely mapped reads number |	51807
                        Uniquely mapped reads % |	26.32%
                          Average mapped length |	194.94
                       Number of splices: Total |	150957
            Number of splices: Annotated (sjdb) |	150130
                       Number of splices: GT/AG |	150834
                       Number of splices: GC/AG |	123
                       Number of splices: AT/AC |	0
               Number of splices: Non-canonical |	0
                      Mismatch rate per base, % |	0.72%
                         Deletion rate per base |	0.32%
                        Deletion average length |	1.01
                        Insertion rate per base |	0.10%
                       Insertion average length |	11.43
                             MULTI-MAPPING READS:
        Number of reads mapped to multiple loci |	130
             % of reads mapped to multiple loci |	0.07%
        Number of reads mapped to too many loci |	12
             % of reads mapped to too many loci |	0.01%
                                  UNMAPPED READS:
       % of reads unmapped: too many mismatches |	0.47%
                 % of reads unmapped: too short |	73.14%
                     % of reads unmapped: other |	0.00%
                                  CHIMERIC READS:
                       Number of chimeric reads |	6
                            % of chimeric reads |	0.00%
