                                 Started job on |	May 10 23:00:10
                             Started mapping on |	May 10 23:00:11
                                    Finished on |	May 10 23:02:29
       Mapping speed, Million of reads per hour |	9.23

                          Number of input reads |	353668
                      Average input read length |	202
                                    UNIQUE READS:
                   Uniquely mapped reads number |	109310
                        Uniquely mapped reads % |	30.91%
                          Average mapped length |	196.29
                       Number of splices: Total |	236174
            Number of splices: Annotated (sjdb) |	233389
                       Number of splices: GT/AG |	236038
                       Number of splices: GC/AG |	136
                       Number of splices: AT/AC |	0
               Number of splices: Non-canonical |	0
                      Mismatch rate per base, % |	0.73%
                         Deletion rate per base |	0.36%
                        Deletion average length |	1.00
                        Insertion rate per base |	0.00%
                       Insertion average length |	1.01
                             MULTI-MAPPING READS:
        Number of reads mapped to multiple loci |	139
             % of reads mapped to multiple loci |	0.04%
        Number of reads mapped to too many loci |	14
             % of reads mapped to too many loci |	0.00%
                                  UNMAPPED READS:
       % of reads unmapped: too many mismatches |	0.55%
                 % of reads unmapped: too short |	68.49%
                     % of reads unmapped: other |	0.00%
                                  CHIMERIC READS:
                       Number of chimeric reads |	7
                            % of chimeric reads |	0.00%
