                                 Started job on |	May 10 01:20:31
                             Started mapping on |	May 10 01:20:33
                                    Finished on |	May 10 01:23:42
       Mapping speed, Million of reads per hour |	3.13

                          Number of input reads |	164359
                      Average input read length |	202
                                    UNIQUE READS:
                   Uniquely mapped reads number |	40736
                        Uniquely mapped reads % |	24.78%
                          Average mapped length |	195.09
                       Number of splices: Total |	118452
            Number of splices: Annotated (sjdb) |	117797
                       Number of splices: GT/AG |	118346
                       Number of splices: GC/AG |	106
                       Number of splices: AT/AC |	0
               Number of splices: Non-canonical |	0
                      Mismatch rate per base, % |	0.71%
                         Deletion rate per base |	0.32%
                        Deletion average length |	1.00
                        Insertion rate per base |	0.10%
                       Insertion average length |	11.29
                             MULTI-MAPPING READS:
        Number of reads mapped to multiple loci |	107
             % of reads mapped to multiple loci |	0.07%
        Number of reads mapped to too many loci |	5
             % of reads mapped to too many loci |	0.00%
                                  UNMAPPED READS:
       % of reads unmapped: too many mismatches |	0.43%
                 % of reads unmapped: too short |	74.72%
                     % of reads unmapped: other |	0.00%
                                  CHIMERIC READS:
                       Number of chimeric reads |	7
                            % of chimeric reads |	0.00%
