                                 Started job on |	May 10 23:30:33
                             Started mapping on |	May 10 23:30:33
                                    Finished on |	May 10 23:32:28
       Mapping speed, Million of reads per hour |	11.50

                          Number of input reads |	367281
                      Average input read length |	202
                                    UNIQUE READS:
                   Uniquely mapped reads number |	118727
                        Uniquely mapped reads % |	32.33%
                          Average mapped length |	196.32
                       Number of splices: Total |	255640
            Number of splices: Annotated (sjdb) |	252631
                       Number of splices: GT/AG |	255480
                       Number of splices: GC/AG |	159
                       Number of splices: AT/AC |	0
               Number of splices: Non-canonical |	1
                      Mismatch rate per base, % |	0.72%
                         Deletion rate per base |	0.36%
                        Deletion average length |	1.00
                        Insertion rate per base |	0.00%
                       Insertion average length |	1.40
                             MULTI-MAPPING READS:
        Number of reads mapped to multiple loci |	153
             % of reads mapped to multiple loci |	0.04%
        Number of reads mapped to too many loci |	14
             % of reads mapped to too many loci |	0.00%
                                  UNMAPPED READS:
       % of reads unmapped: too many mismatches |	0.59%
                 % of reads unmapped: too short |	67.04%
                     % of reads unmapped: other |	0.00%
                                  CHIMERIC READS:
                       Number of chimeric reads |	9
                            % of chimeric reads |	0.00%
