                                 Started job on |	May 10 02:12:53
                             Started mapping on |	May 10 02:12:55
                                    Finished on |	May 10 02:16:06
       Mapping speed, Million of reads per hour |	2.65

                          Number of input reads |	140497
                      Average input read length |	202
                                    UNIQUE READS:
                   Uniquely mapped reads number |	38632
                        Uniquely mapped reads % |	27.50%
                          Average mapped length |	194.91
                       Number of splices: Total |	111849
            Number of splices: Annotated (sjdb) |	111338
                       Number of splices: GT/AG |	111753
                       Number of splices: GC/AG |	96
                       Number of splices: AT/AC |	0
               Number of splices: Non-canonical |	0
                      Mismatch rate per base, % |	0.71%
                         Deletion rate per base |	0.32%
                        Deletion average length |	1.01
                        Insertion rate per base |	0.10%
                       Insertion average length |	11.29
                             MULTI-MAPPING READS:
        Number of reads mapped to multiple loci |	108
             % of reads mapped to multiple loci |	0.08%
        Number of reads mapped to too many loci |	2
             % of reads mapped to too many loci |	0.00%
                                  UNMAPPED READS:
       % of reads unmapped: too many mismatches |	0.48%
                 % of reads unmapped: too short |	71.94%
                     % of reads unmapped: other |	0.00%
                                  CHIMERIC READS:
                       Number of chimeric reads |	4
                            % of chimeric reads |	0.00%
