                                 Started job on |	May 10 23:59:21
                             Started mapping on |	May 10 23:59:22
                                    Finished on |	May 11 00:01:43
       Mapping speed, Million of reads per hour |	4.97

                          Number of input reads |	194744
                      Average input read length |	202
                                    UNIQUE READS:
                   Uniquely mapped reads number |	63376
                        Uniquely mapped reads % |	32.54%
                          Average mapped length |	196.11
                       Number of splices: Total |	137134
            Number of splices: Annotated (sjdb) |	135284
                       Number of splices: GT/AG |	137041
                       Number of splices: GC/AG |	93
                       Number of splices: AT/AC |	0
               Number of splices: Non-canonical |	0
                      Mismatch rate per base, % |	0.72%
                         Deletion rate per base |	0.36%
                        Deletion average length |	1.00
                        Insertion rate per base |	0.00%
                       Insertion average length |	1.35
                             MULTI-MAPPING READS:
        Number of reads mapped to multiple loci |	85
             % of reads mapped to multiple loci |	0.04%
        Number of reads mapped to too many loci |	9
             % of reads mapped to too many loci |	0.00%
                                  UNMAPPED READS:
       % of reads unmapped: too many mismatches |	0.58%
                 % of reads unmapped: too short |	66.83%
                     % of reads unmapped: other |	0.00%
                                  CHIMERIC READS:
                       Number of chimeric reads |	3
                            % of chimeric reads |	0.00%
