                                 Started job on |	May 08 00:03:39
                             Started mapping on |	May 08 00:03:40
                                    Finished on |	May 08 00:06:21
       Mapping speed, Million of reads per hour |	6.60

                          Number of input reads |	295279
                      Average input read length |	202
                                    UNIQUE READS:
                   Uniquely mapped reads number |	78356
                        Uniquely mapped reads % |	26.54%
                          Average mapped length |	195.63
                       Number of splices: Total |	233582
            Number of splices: Annotated (sjdb) |	232545
                       Number of splices: GT/AG |	233459
                       Number of splices: GC/AG |	123
                       Number of splices: AT/AC |	0
               Number of splices: Non-canonical |	0
                      Mismatch rate per base, % |	0.70%
                         Deletion rate per base |	0.32%
                        Deletion average length |	1.00
                        Insertion rate per base |	0.06%
                       Insertion average length |	11.11
                             MULTI-MAPPING READS:
        Number of reads mapped to multiple loci |	116
             % of reads mapped to multiple loci |	0.04%
        Number of reads mapped to too many loci |	4
             % of reads mapped to too many loci |	0.00%
                                  UNMAPPED READS:
       % of reads unmapped: too many mismatches |	0.44%
                 % of reads unmapped: too short |	72.98%
                     % of reads unmapped: other |	0.00%
                                  CHIMERIC READS:
                       Number of chimeric reads |	14
                            % of chimeric reads |	0.00%
