                                 Started job on |	May 06 14:59:49
                             Started mapping on |	May 06 14:59:50
                                    Finished on |	May 06 15:01:42
       Mapping speed, Million of reads per hour |	8.32

                          Number of input reads |	258813
                      Average input read length |	202
                                    UNIQUE READS:
                   Uniquely mapped reads number |	75520
                        Uniquely mapped reads % |	29.18%
                          Average mapped length |	195.65
                       Number of splices: Total |	162940
            Number of splices: Annotated (sjdb) |	161212
                       Number of splices: GT/AG |	162869
                       Number of splices: GC/AG |	71
                       Number of splices: AT/AC |	0
               Number of splices: Non-canonical |	0
                      Mismatch rate per base, % |	0.74%
                         Deletion rate per base |	0.34%
                        Deletion average length |	1.00
                        Insertion rate per base |	0.00%
                       Insertion average length |	1.05
                             MULTI-MAPPING READS:
        Number of reads mapped to multiple loci |	88
             % of reads mapped to multiple loci |	0.03%
        Number of reads mapped to too many loci |	13
             % of reads mapped to too many loci |	0.01%
                                  UNMAPPED READS:
       % of reads unmapped: too many mismatches |	0.52%
                 % of reads unmapped: too short |	70.26%
                     % of reads unmapped: other |	0.00%
                                  CHIMERIC READS:
                       Number of chimeric reads |	4
                            % of chimeric reads |	0.00%
