                                 Started job on |	May 06 16:47:34
                             Started mapping on |	May 06 16:47:37
                                    Finished on |	May 06 16:50:17
       Mapping speed, Million of reads per hour |	3.79

                          Number of input reads |	168284
                      Average input read length |	202
                                    UNIQUE READS:
                   Uniquely mapped reads number |	36909
                        Uniquely mapped reads % |	21.93%
                          Average mapped length |	196.15
                       Number of splices: Total |	79784
            Number of splices: Annotated (sjdb) |	79053
                       Number of splices: GT/AG |	79762
                       Number of splices: GC/AG |	22
                       Number of splices: AT/AC |	0
               Number of splices: Non-canonical |	0
                      Mismatch rate per base, % |	0.73%
                         Deletion rate per base |	0.35%
                        Deletion average length |	1.00
                        Insertion rate per base |	0.00%
                       Insertion average length |	1.15
                             MULTI-MAPPING READS:
        Number of reads mapped to multiple loci |	45
             % of reads mapped to multiple loci |	0.03%
        Number of reads mapped to too many loci |	3
             % of reads mapped to too many loci |	0.00%
                                  UNMAPPED READS:
       % of reads unmapped: too many mismatches |	0.35%
                 % of reads unmapped: too short |	77.68%
                     % of reads unmapped: other |	0.00%
                                  CHIMERIC READS:
                       Number of chimeric reads |	1
                            % of chimeric reads |	0.00%
