                                 Started job on |	May 10 00:19:58
                             Started mapping on |	May 10 00:19:59
                                    Finished on |	May 10 00:22:24
       Mapping speed, Million of reads per hour |	8.47

                          Number of input reads |	341204
                      Average input read length |	202
                                    UNIQUE READS:
                   Uniquely mapped reads number |	90487
                        Uniquely mapped reads % |	26.52%
                          Average mapped length |	195.05
                       Number of splices: Total |	263169
            Number of splices: Annotated (sjdb) |	261844
                       Number of splices: GT/AG |	262940
                       Number of splices: GC/AG |	229
                       Number of splices: AT/AC |	0
               Number of splices: Non-canonical |	0
                      Mismatch rate per base, % |	0.71%
                         Deletion rate per base |	0.32%
                        Deletion average length |	1.00
                        Insertion rate per base |	0.09%
                       Insertion average length |	11.29
                             MULTI-MAPPING READS:
        Number of reads mapped to multiple loci |	213
             % of reads mapped to multiple loci |	0.06%
        Number of reads mapped to too many loci |	16
             % of reads mapped to too many loci |	0.00%
                                  UNMAPPED READS:
       % of reads unmapped: too many mismatches |	0.49%
                 % of reads unmapped: too short |	72.93%
                     % of reads unmapped: other |	0.00%
                                  CHIMERIC READS:
                       Number of chimeric reads |	14
                            % of chimeric reads |	0.00%
