                                 Started job on |	May 08 05:20:46
                             Started mapping on |	May 08 05:20:47
                                    Finished on |	May 08 05:22:55
       Mapping speed, Million of reads per hour |	7.70

                          Number of input reads |	273905
                      Average input read length |	202
                                    UNIQUE READS:
                   Uniquely mapped reads number |	67755
                        Uniquely mapped reads % |	24.74%
                          Average mapped length |	194.85
                       Number of splices: Total |	196738
            Number of splices: Annotated (sjdb) |	195726
                       Number of splices: GT/AG |	196567
                       Number of splices: GC/AG |	171
                       Number of splices: AT/AC |	0
               Number of splices: Non-canonical |	0
                      Mismatch rate per base, % |	0.82%
                         Deletion rate per base |	0.32%
                        Deletion average length |	1.00
                        Insertion rate per base |	0.08%
                       Insertion average length |	11.41
                             MULTI-MAPPING READS:
        Number of reads mapped to multiple loci |	152
             % of reads mapped to multiple loci |	0.06%
        Number of reads mapped to too many loci |	18
             % of reads mapped to too many loci |	0.01%
                                  UNMAPPED READS:
       % of reads unmapped: too many mismatches |	0.63%
                 % of reads unmapped: too short |	74.57%
                     % of reads unmapped: other |	0.00%
                                  CHIMERIC READS:
                       Number of chimeric reads |	14
                            % of chimeric reads |	0.01%
