                                 Started job on |	May 09 23:49:18
                             Started mapping on |	May 09 23:49:19
                                    Finished on |	May 09 23:51:50
       Mapping speed, Million of reads per hour |	6.90

                          Number of input reads |	289219
                      Average input read length |	202
                                    UNIQUE READS:
                   Uniquely mapped reads number |	76527
                        Uniquely mapped reads % |	26.46%
                          Average mapped length |	195.08
                       Number of splices: Total |	223774
            Number of splices: Annotated (sjdb) |	222734
                       Number of splices: GT/AG |	223621
                       Number of splices: GC/AG |	153
                       Number of splices: AT/AC |	0
               Number of splices: Non-canonical |	0
                      Mismatch rate per base, % |	0.71%
                         Deletion rate per base |	0.32%
                        Deletion average length |	1.00
                        Insertion rate per base |	0.09%
                       Insertion average length |	11.38
                             MULTI-MAPPING READS:
        Number of reads mapped to multiple loci |	205
             % of reads mapped to multiple loci |	0.07%
        Number of reads mapped to too many loci |	9
             % of reads mapped to too many loci |	0.00%
                                  UNMAPPED READS:
       % of reads unmapped: too many mismatches |	0.46%
                 % of reads unmapped: too short |	73.01%
                     % of reads unmapped: other |	0.00%
                                  CHIMERIC READS:
                       Number of chimeric reads |	12
                            % of chimeric reads |	0.00%
