                                 Started job on |	May 11 15:14:53
                             Started mapping on |	May 11 15:14:54
                                    Finished on |	May 11 15:16:41
       Mapping speed, Million of reads per hour |	11.70

                          Number of input reads |	347802
                      Average input read length |	202
                                    UNIQUE READS:
                   Uniquely mapped reads number |	107052
                        Uniquely mapped reads % |	30.78%
                          Average mapped length |	196.39
                       Number of splices: Total |	231427
            Number of splices: Annotated (sjdb) |	228858
                       Number of splices: GT/AG |	231248
                       Number of splices: GC/AG |	179
                       Number of splices: AT/AC |	0
               Number of splices: Non-canonical |	0
                      Mismatch rate per base, % |	0.72%
                         Deletion rate per base |	0.36%
                        Deletion average length |	1.00
                        Insertion rate per base |	0.00%
                       Insertion average length |	1.32
                             MULTI-MAPPING READS:
        Number of reads mapped to multiple loci |	145
             % of reads mapped to multiple loci |	0.04%
        Number of reads mapped to too many loci |	17
             % of reads mapped to too many loci |	0.00%
                                  UNMAPPED READS:
       % of reads unmapped: too many mismatches |	0.53%
                 % of reads unmapped: too short |	68.64%
                     % of reads unmapped: other |	0.00%
                                  CHIMERIC READS:
                       Number of chimeric reads |	12
                            % of chimeric reads |	0.00%
