                                 Started job on |	May 09 13:28:55
                             Started mapping on |	May 09 13:28:56
                                    Finished on |	May 09 13:32:17
       Mapping speed, Million of reads per hour |	5.03

                          Number of input reads |	281030
                      Average input read length |	202
                                    UNIQUE READS:
                   Uniquely mapped reads number |	69791
                        Uniquely mapped reads % |	24.83%
                          Average mapped length |	194.76
                       Number of splices: Total |	203144
            Number of splices: Annotated (sjdb) |	201995
                       Number of splices: GT/AG |	202931
                       Number of splices: GC/AG |	213
                       Number of splices: AT/AC |	0
               Number of splices: Non-canonical |	0
                      Mismatch rate per base, % |	0.82%
                         Deletion rate per base |	0.33%
                        Deletion average length |	1.00
                        Insertion rate per base |	0.09%
                       Insertion average length |	11.40
                             MULTI-MAPPING READS:
        Number of reads mapped to multiple loci |	145
             % of reads mapped to multiple loci |	0.05%
        Number of reads mapped to too many loci |	10
             % of reads mapped to too many loci |	0.00%
                                  UNMAPPED READS:
       % of reads unmapped: too many mismatches |	0.65%
                 % of reads unmapped: too short |	74.46%
                     % of reads unmapped: other |	0.00%
                                  CHIMERIC READS:
                       Number of chimeric reads |	13
                            % of chimeric reads |	0.00%
