                                 Started job on |	May 10 23:52:22
                             Started mapping on |	May 10 23:52:23
                                    Finished on |	May 10 23:54:51
       Mapping speed, Million of reads per hour |	7.46

                          Number of input reads |	306852
                      Average input read length |	202
                                    UNIQUE READS:
                   Uniquely mapped reads number |	101260
                        Uniquely mapped reads % |	33.00%
                          Average mapped length |	196.00
                       Number of splices: Total |	218114
            Number of splices: Annotated (sjdb) |	215256
                       Number of splices: GT/AG |	217961
                       Number of splices: GC/AG |	153
                       Number of splices: AT/AC |	0
               Number of splices: Non-canonical |	0
                      Mismatch rate per base, % |	0.73%
                         Deletion rate per base |	0.36%
                        Deletion average length |	1.00
                        Insertion rate per base |	0.00%
                       Insertion average length |	1.09
                             MULTI-MAPPING READS:
        Number of reads mapped to multiple loci |	164
             % of reads mapped to multiple loci |	0.05%
        Number of reads mapped to too many loci |	25
             % of reads mapped to too many loci |	0.01%
                                  UNMAPPED READS:
       % of reads unmapped: too many mismatches |	0.59%
                 % of reads unmapped: too short |	66.35%
                     % of reads unmapped: other |	0.00%
                                  CHIMERIC READS:
                       Number of chimeric reads |	7
                            % of chimeric reads |	0.00%
