                                 Started job on |	May 05 18:44:11
                             Started mapping on |	May 05 18:44:12
                                    Finished on |	May 05 18:46:37
       Mapping speed, Million of reads per hour |	3.63

                          Number of input reads |	146041
                      Average input read length |	202
                                    UNIQUE READS:
                   Uniquely mapped reads number |	42131
                        Uniquely mapped reads % |	28.85%
                          Average mapped length |	195.58
                       Number of splices: Total |	90987
            Number of splices: Annotated (sjdb) |	89853
                       Number of splices: GT/AG |	90958
                       Number of splices: GC/AG |	29
                       Number of splices: AT/AC |	0
               Number of splices: Non-canonical |	0
                      Mismatch rate per base, % |	0.79%
                         Deletion rate per base |	0.34%
                        Deletion average length |	1.00
                        Insertion rate per base |	0.00%
                       Insertion average length |	1.24
                             MULTI-MAPPING READS:
        Number of reads mapped to multiple loci |	51
             % of reads mapped to multiple loci |	0.03%
        Number of reads mapped to too many loci |	16
             % of reads mapped to too many loci |	0.01%
                                  UNMAPPED READS:
       % of reads unmapped: too many mismatches |	0.55%
                 % of reads unmapped: too short |	70.56%
                     % of reads unmapped: other |	0.00%
                                  CHIMERIC READS:
                       Number of chimeric reads |	5
                            % of chimeric reads |	0.00%
