                                 Started job on |	May 08 01:03:18
                             Started mapping on |	May 08 01:03:19
                                    Finished on |	May 08 01:05:54
       Mapping speed, Million of reads per hour |	6.17

                          Number of input reads |	265483
                      Average input read length |	202
                                    UNIQUE READS:
                   Uniquely mapped reads number |	81129
                        Uniquely mapped reads % |	30.56%
                          Average mapped length |	194.91
                       Number of splices: Total |	238900
            Number of splices: Annotated (sjdb) |	237944
                       Number of splices: GT/AG |	238725
                       Number of splices: GC/AG |	175
                       Number of splices: AT/AC |	0
               Number of splices: Non-canonical |	0
                      Mismatch rate per base, % |	0.72%
                         Deletion rate per base |	0.31%
                        Deletion average length |	1.00
                        Insertion rate per base |	0.10%
                       Insertion average length |	11.41
                             MULTI-MAPPING READS:
        Number of reads mapped to multiple loci |	139
             % of reads mapped to multiple loci |	0.05%
        Number of reads mapped to too many loci |	6
             % of reads mapped to too many loci |	0.00%
                                  UNMAPPED READS:
       % of reads unmapped: too many mismatches |	0.51%
                 % of reads unmapped: too short |	68.87%
                     % of reads unmapped: other |	0.00%
                                  CHIMERIC READS:
                       Number of chimeric reads |	12
                            % of chimeric reads |	0.00%
