                                 Started job on |	May 11 19:29:18
                             Started mapping on |	May 11 19:29:19
                                    Finished on |	May 11 19:31:50
       Mapping speed, Million of reads per hour |	3.34

                          Number of input reads |	140094
                      Average input read length |	202
                                    UNIQUE READS:
                   Uniquely mapped reads number |	41326
                        Uniquely mapped reads % |	29.50%
                          Average mapped length |	196.22
                       Number of splices: Total |	88850
            Number of splices: Annotated (sjdb) |	87654
                       Number of splices: GT/AG |	88781
                       Number of splices: GC/AG |	69
                       Number of splices: AT/AC |	0
               Number of splices: Non-canonical |	0
                      Mismatch rate per base, % |	0.75%
                         Deletion rate per base |	0.36%
                        Deletion average length |	1.00
                        Insertion rate per base |	0.00%
                       Insertion average length |	1.09
                             MULTI-MAPPING READS:
        Number of reads mapped to multiple loci |	76
             % of reads mapped to multiple loci |	0.05%
        Number of reads mapped to too many loci |	7
             % of reads mapped to too many loci |	0.00%
                                  UNMAPPED READS:
       % of reads unmapped: too many mismatches |	0.56%
                 % of reads unmapped: too short |	69.88%
                     % of reads unmapped: other |	0.00%
                                  CHIMERIC READS:
                       Number of chimeric reads |	2
                            % of chimeric reads |	0.00%
