                                 Started job on |	May 06 17:23:15
                             Started mapping on |	May 06 17:23:16
                                    Finished on |	May 06 17:25:58
       Mapping speed, Million of reads per hour |	3.00

                          Number of input reads |	135213
                      Average input read length |	202
                                    UNIQUE READS:
                   Uniquely mapped reads number |	33136
                        Uniquely mapped reads % |	24.51%
                          Average mapped length |	196.02
                       Number of splices: Total |	71485
            Number of splices: Annotated (sjdb) |	70745
                       Number of splices: GT/AG |	71467
                       Number of splices: GC/AG |	18
                       Number of splices: AT/AC |	0
               Number of splices: Non-canonical |	0
                      Mismatch rate per base, % |	0.73%
                         Deletion rate per base |	0.35%
                        Deletion average length |	1.00
                        Insertion rate per base |	0.00%
                       Insertion average length |	1.00
                             MULTI-MAPPING READS:
        Number of reads mapped to multiple loci |	46
             % of reads mapped to multiple loci |	0.03%
        Number of reads mapped to too many loci |	4
             % of reads mapped to too many loci |	0.00%
                                  UNMAPPED READS:
       % of reads unmapped: too many mismatches |	0.41%
                 % of reads unmapped: too short |	75.04%
                     % of reads unmapped: other |	0.00%
                                  CHIMERIC READS:
                       Number of chimeric reads |	2
                            % of chimeric reads |	0.00%
