                                 Started job on |	May 10 21:03:54
                             Started mapping on |	May 10 21:03:54
                                    Finished on |	May 10 21:06:19
       Mapping speed, Million of reads per hour |	5.43

                          Number of input reads |	218572
                      Average input read length |	202
                                    UNIQUE READS:
                   Uniquely mapped reads number |	70099
                        Uniquely mapped reads % |	32.07%
                          Average mapped length |	196.04
                       Number of splices: Total |	150856
            Number of splices: Annotated (sjdb) |	148877
                       Number of splices: GT/AG |	150754
                       Number of splices: GC/AG |	102
                       Number of splices: AT/AC |	0
               Number of splices: Non-canonical |	0
                      Mismatch rate per base, % |	0.73%
                         Deletion rate per base |	0.35%
                        Deletion average length |	1.00
                        Insertion rate per base |	0.00%
                       Insertion average length |	1.01
                             MULTI-MAPPING READS:
        Number of reads mapped to multiple loci |	110
             % of reads mapped to multiple loci |	0.05%
        Number of reads mapped to too many loci |	18
             % of reads mapped to too many loci |	0.01%
                                  UNMAPPED READS:
       % of reads unmapped: too many mismatches |	0.57%
                 % of reads unmapped: too short |	67.31%
                     % of reads unmapped: other |	0.00%
                                  CHIMERIC READS:
                       Number of chimeric reads |	10
                            % of chimeric reads |	0.00%
