                                 Started job on |	May 11 20:53:50
                             Started mapping on |	May 11 20:53:50
                                    Finished on |	May 11 20:56:08
       Mapping speed, Million of reads per hour |	7.86

                          Number of input reads |	301444
                      Average input read length |	202
                                    UNIQUE READS:
                   Uniquely mapped reads number |	79466
                        Uniquely mapped reads % |	26.36%
                          Average mapped length |	196.48
                       Number of splices: Total |	171300
            Number of splices: Annotated (sjdb) |	169652
                       Number of splices: GT/AG |	171167
                       Number of splices: GC/AG |	133
                       Number of splices: AT/AC |	0
               Number of splices: Non-canonical |	0
                      Mismatch rate per base, % |	0.72%
                         Deletion rate per base |	0.36%
                        Deletion average length |	1.00
                        Insertion rate per base |	0.00%
                       Insertion average length |	1.53
                             MULTI-MAPPING READS:
        Number of reads mapped to multiple loci |	115
             % of reads mapped to multiple loci |	0.04%
        Number of reads mapped to too many loci |	12
             % of reads mapped to too many loci |	0.00%
                                  UNMAPPED READS:
       % of reads unmapped: too many mismatches |	0.47%
                 % of reads unmapped: too short |	73.13%
                     % of reads unmapped: other |	0.00%
                                  CHIMERIC READS:
                       Number of chimeric reads |	14
                            % of chimeric reads |	0.00%
