                                 Started job on |	May 09 23:00:14
                             Started mapping on |	May 09 23:00:15
                                    Finished on |	May 09 23:03:07
       Mapping speed, Million of reads per hour |	6.42

                          Number of input reads |	306850
                      Average input read length |	202
                                    UNIQUE READS:
                   Uniquely mapped reads number |	84513
                        Uniquely mapped reads % |	27.54%
                          Average mapped length |	194.94
                       Number of splices: Total |	242955
            Number of splices: Annotated (sjdb) |	241611
                       Number of splices: GT/AG |	242721
                       Number of splices: GC/AG |	234
                       Number of splices: AT/AC |	0
               Number of splices: Non-canonical |	0
                      Mismatch rate per base, % |	0.71%
                         Deletion rate per base |	0.32%
                        Deletion average length |	1.00
                        Insertion rate per base |	0.10%
                       Insertion average length |	11.32
                             MULTI-MAPPING READS:
        Number of reads mapped to multiple loci |	212
             % of reads mapped to multiple loci |	0.07%
        Number of reads mapped to too many loci |	10
             % of reads mapped to too many loci |	0.00%
                                  UNMAPPED READS:
       % of reads unmapped: too many mismatches |	0.49%
                 % of reads unmapped: too short |	71.90%
                     % of reads unmapped: other |	0.00%
                                  CHIMERIC READS:
                       Number of chimeric reads |	13
                            % of chimeric reads |	0.00%
