                                 Started job on |	May 08 18:07:07
                             Started mapping on |	May 08 18:07:09
                                    Finished on |	May 08 18:09:55
       Mapping speed, Million of reads per hour |	6.24

                          Number of input reads |	287603
                      Average input read length |	202
                                    UNIQUE READS:
                   Uniquely mapped reads number |	68020
                        Uniquely mapped reads % |	23.65%
                          Average mapped length |	194.75
                       Number of splices: Total |	200569
            Number of splices: Annotated (sjdb) |	199411
                       Number of splices: GT/AG |	200417
                       Number of splices: GC/AG |	152
                       Number of splices: AT/AC |	0
               Number of splices: Non-canonical |	0
                      Mismatch rate per base, % |	0.71%
                         Deletion rate per base |	0.32%
                        Deletion average length |	1.00
                        Insertion rate per base |	0.10%
                       Insertion average length |	11.34
                             MULTI-MAPPING READS:
        Number of reads mapped to multiple loci |	134
             % of reads mapped to multiple loci |	0.05%
        Number of reads mapped to too many loci |	14
             % of reads mapped to too many loci |	0.00%
                                  UNMAPPED READS:
       % of reads unmapped: too many mismatches |	0.39%
                 % of reads unmapped: too short |	75.91%
                     % of reads unmapped: other |	0.00%
                                  CHIMERIC READS:
                       Number of chimeric reads |	21
                            % of chimeric reads |	0.01%
