                                 Started job on |	May 08 11:14:00
                             Started mapping on |	May 08 11:14:01
                                    Finished on |	May 08 11:16:40
       Mapping speed, Million of reads per hour |	7.08

                          Number of input reads |	312867
                      Average input read length |	202
                                    UNIQUE READS:
                   Uniquely mapped reads number |	106946
                        Uniquely mapped reads % |	34.18%
                          Average mapped length |	195.15
                       Number of splices: Total |	313280
            Number of splices: Annotated (sjdb) |	311533
                       Number of splices: GT/AG |	313086
                       Number of splices: GC/AG |	194
                       Number of splices: AT/AC |	0
               Number of splices: Non-canonical |	0
                      Mismatch rate per base, % |	0.70%
                         Deletion rate per base |	0.32%
                        Deletion average length |	1.00
                        Insertion rate per base |	0.10%
                       Insertion average length |	11.42
                             MULTI-MAPPING READS:
        Number of reads mapped to multiple loci |	227
             % of reads mapped to multiple loci |	0.07%
        Number of reads mapped to too many loci |	5
             % of reads mapped to too many loci |	0.00%
                                  UNMAPPED READS:
       % of reads unmapped: too many mismatches |	0.52%
                 % of reads unmapped: too short |	65.22%
                     % of reads unmapped: other |	0.00%
                                  CHIMERIC READS:
                       Number of chimeric reads |	14
                            % of chimeric reads |	0.00%
