                                 Started job on |	May 09 00:34:57
                             Started mapping on |	May 09 00:34:58
                                    Finished on |	May 09 00:37:28
       Mapping speed, Million of reads per hour |	2.52

                          Number of input reads |	105083
                      Average input read length |	202
                                    UNIQUE READS:
                   Uniquely mapped reads number |	26087
                        Uniquely mapped reads % |	24.83%
                          Average mapped length |	194.92
                       Number of splices: Total |	78337
            Number of splices: Annotated (sjdb) |	77951
                       Number of splices: GT/AG |	78279
                       Number of splices: GC/AG |	58
                       Number of splices: AT/AC |	0
               Number of splices: Non-canonical |	0
                      Mismatch rate per base, % |	0.71%
                         Deletion rate per base |	0.31%
                        Deletion average length |	1.00
                        Insertion rate per base |	0.09%
                       Insertion average length |	11.35
                             MULTI-MAPPING READS:
        Number of reads mapped to multiple loci |	54
             % of reads mapped to multiple loci |	0.05%
        Number of reads mapped to too many loci |	5
             % of reads mapped to too many loci |	0.00%
                                  UNMAPPED READS:
       % of reads unmapped: too many mismatches |	0.43%
                 % of reads unmapped: too short |	74.69%
                     % of reads unmapped: other |	0.00%
                                  CHIMERIC READS:
                       Number of chimeric reads |	4
                            % of chimeric reads |	0.00%
