                                 Started job on |	May 06 16:33:01
                             Started mapping on |	May 06 16:33:03
                                    Finished on |	May 06 16:35:45
       Mapping speed, Million of reads per hour |	4.04

                          Number of input reads |	181631
                      Average input read length |	202
                                    UNIQUE READS:
                   Uniquely mapped reads number |	45118
                        Uniquely mapped reads % |	24.84%
                          Average mapped length |	196.02
                       Number of splices: Total |	97058
            Number of splices: Annotated (sjdb) |	96065
                       Number of splices: GT/AG |	97029
                       Number of splices: GC/AG |	29
                       Number of splices: AT/AC |	0
               Number of splices: Non-canonical |	0
                      Mismatch rate per base, % |	0.73%
                         Deletion rate per base |	0.35%
                        Deletion average length |	1.00
                        Insertion rate per base |	0.00%
                       Insertion average length |	1.16
                             MULTI-MAPPING READS:
        Number of reads mapped to multiple loci |	56
             % of reads mapped to multiple loci |	0.03%
        Number of reads mapped to too many loci |	5
             % of reads mapped to too many loci |	0.00%
                                  UNMAPPED READS:
       % of reads unmapped: too many mismatches |	0.44%
                 % of reads unmapped: too short |	74.69%
                     % of reads unmapped: other |	0.00%
                                  CHIMERIC READS:
                       Number of chimeric reads |	3
                            % of chimeric reads |	0.00%
