                                 Started job on |	May 08 19:20:05
                             Started mapping on |	May 08 19:20:06
                                    Finished on |	May 08 19:23:41
       Mapping speed, Million of reads per hour |	2.83

                          Number of input reads |	168916
                      Average input read length |	202
                                    UNIQUE READS:
                   Uniquely mapped reads number |	35701
                        Uniquely mapped reads % |	21.14%
                          Average mapped length |	195.15
                       Number of splices: Total |	104000
            Number of splices: Annotated (sjdb) |	103475
                       Number of splices: GT/AG |	103913
                       Number of splices: GC/AG |	87
                       Number of splices: AT/AC |	0
               Number of splices: Non-canonical |	0
                      Mismatch rate per base, % |	0.71%
                         Deletion rate per base |	0.32%
                        Deletion average length |	1.00
                        Insertion rate per base |	0.09%
                       Insertion average length |	11.21
                             MULTI-MAPPING READS:
        Number of reads mapped to multiple loci |	77
             % of reads mapped to multiple loci |	0.05%
        Number of reads mapped to too many loci |	13
             % of reads mapped to too many loci |	0.01%
                                  UNMAPPED READS:
       % of reads unmapped: too many mismatches |	0.40%
                 % of reads unmapped: too short |	78.41%
                     % of reads unmapped: other |	0.00%
                                  CHIMERIC READS:
                       Number of chimeric reads |	2
                            % of chimeric reads |	0.00%
