                                 Started job on |	May 10 02:38:48
                             Started mapping on |	May 10 02:38:49
                                    Finished on |	May 10 02:41:49
       Mapping speed, Million of reads per hour |	4.20

                          Number of input reads |	210002
                      Average input read length |	202
                                    UNIQUE READS:
                   Uniquely mapped reads number |	56631
                        Uniquely mapped reads % |	26.97%
                          Average mapped length |	194.92
                       Number of splices: Total |	163375
            Number of splices: Annotated (sjdb) |	162473
                       Number of splices: GT/AG |	163191
                       Number of splices: GC/AG |	184
                       Number of splices: AT/AC |	0
               Number of splices: Non-canonical |	0
                      Mismatch rate per base, % |	0.72%
                         Deletion rate per base |	0.32%
                        Deletion average length |	1.01
                        Insertion rate per base |	0.10%
                       Insertion average length |	11.28
                             MULTI-MAPPING READS:
        Number of reads mapped to multiple loci |	138
             % of reads mapped to multiple loci |	0.07%
        Number of reads mapped to too many loci |	7
             % of reads mapped to too many loci |	0.00%
                                  UNMAPPED READS:
       % of reads unmapped: too many mismatches |	0.48%
                 % of reads unmapped: too short |	72.49%
                     % of reads unmapped: other |	0.00%
                                  CHIMERIC READS:
                       Number of chimeric reads |	7
                            % of chimeric reads |	0.00%
