                                 Started job on |	May 08 18:47:01
                             Started mapping on |	May 08 18:47:02
                                    Finished on |	May 08 18:50:05
       Mapping speed, Million of reads per hour |	2.18

                          Number of input reads |	110907
                      Average input read length |	202
                                    UNIQUE READS:
                   Uniquely mapped reads number |	25167
                        Uniquely mapped reads % |	22.69%
                          Average mapped length |	195.13
                       Number of splices: Total |	74634
            Number of splices: Annotated (sjdb) |	74305
                       Number of splices: GT/AG |	74578
                       Number of splices: GC/AG |	56
                       Number of splices: AT/AC |	0
               Number of splices: Non-canonical |	0
                      Mismatch rate per base, % |	0.71%
                         Deletion rate per base |	0.33%
                        Deletion average length |	1.00
                        Insertion rate per base |	0.09%
                       Insertion average length |	11.20
                             MULTI-MAPPING READS:
        Number of reads mapped to multiple loci |	56
             % of reads mapped to multiple loci |	0.05%
        Number of reads mapped to too many loci |	2
             % of reads mapped to too many loci |	0.00%
                                  UNMAPPED READS:
       % of reads unmapped: too many mismatches |	0.40%
                 % of reads unmapped: too short |	76.85%
                     % of reads unmapped: other |	0.00%
                                  CHIMERIC READS:
                       Number of chimeric reads |	6
                            % of chimeric reads |	0.01%
