                                 Started job on |	May 09 00:06:11
                             Started mapping on |	May 09 00:06:12
                                    Finished on |	May 09 00:09:15
       Mapping speed, Million of reads per hour |	3.54

                          Number of input reads |	180152
                      Average input read length |	202
                                    UNIQUE READS:
                   Uniquely mapped reads number |	43364
                        Uniquely mapped reads % |	24.07%
                          Average mapped length |	195.10
                       Number of splices: Total |	125815
            Number of splices: Annotated (sjdb) |	125163
                       Number of splices: GT/AG |	125714
                       Number of splices: GC/AG |	101
                       Number of splices: AT/AC |	0
               Number of splices: Non-canonical |	0
                      Mismatch rate per base, % |	0.73%
                         Deletion rate per base |	0.31%
                        Deletion average length |	1.01
                        Insertion rate per base |	0.09%
                       Insertion average length |	11.26
                             MULTI-MAPPING READS:
        Number of reads mapped to multiple loci |	93
             % of reads mapped to multiple loci |	0.05%
        Number of reads mapped to too many loci |	9
             % of reads mapped to too many loci |	0.00%
                                  UNMAPPED READS:
       % of reads unmapped: too many mismatches |	0.44%
                 % of reads unmapped: too short |	75.43%
                     % of reads unmapped: other |	0.00%
                                  CHIMERIC READS:
                       Number of chimeric reads |	6
                            % of chimeric reads |	0.00%
