                                 Started job on |	May 11 13:58:40
                             Started mapping on |	May 11 13:58:41
                                    Finished on |	May 11 14:01:36
       Mapping speed, Million of reads per hour |	4.32

                          Number of input reads |	210085
                      Average input read length |	202
                                    UNIQUE READS:
                   Uniquely mapped reads number |	57720
                        Uniquely mapped reads % |	27.47%
                          Average mapped length |	196.36
                       Number of splices: Total |	124664
            Number of splices: Annotated (sjdb) |	123308
                       Number of splices: GT/AG |	124594
                       Number of splices: GC/AG |	70
                       Number of splices: AT/AC |	0
               Number of splices: Non-canonical |	0
                      Mismatch rate per base, % |	0.71%
                         Deletion rate per base |	0.36%
                        Deletion average length |	1.00
                        Insertion rate per base |	0.00%
                       Insertion average length |	1.38
                             MULTI-MAPPING READS:
        Number of reads mapped to multiple loci |	71
             % of reads mapped to multiple loci |	0.03%
        Number of reads mapped to too many loci |	14
             % of reads mapped to too many loci |	0.01%
                                  UNMAPPED READS:
       % of reads unmapped: too many mismatches |	0.47%
                 % of reads unmapped: too short |	72.02%
                     % of reads unmapped: other |	0.00%
                                  CHIMERIC READS:
                       Number of chimeric reads |	3
                            % of chimeric reads |	0.00%
