                                 Started job on |	May 09 04:48:20
                             Started mapping on |	May 09 04:48:21
                                    Finished on |	May 09 04:50:33
       Mapping speed, Million of reads per hour |	9.64

                          Number of input reads |	353366
                      Average input read length |	202
                                    UNIQUE READS:
                   Uniquely mapped reads number |	83603
                        Uniquely mapped reads % |	23.66%
                          Average mapped length |	195.20
                       Number of splices: Total |	249402
            Number of splices: Annotated (sjdb) |	248292
                       Number of splices: GT/AG |	249259
                       Number of splices: GC/AG |	143
                       Number of splices: AT/AC |	0
               Number of splices: Non-canonical |	0
                      Mismatch rate per base, % |	0.69%
                         Deletion rate per base |	0.32%
                        Deletion average length |	1.00
                        Insertion rate per base |	0.08%
                       Insertion average length |	11.27
                             MULTI-MAPPING READS:
        Number of reads mapped to multiple loci |	146
             % of reads mapped to multiple loci |	0.04%
        Number of reads mapped to too many loci |	6
             % of reads mapped to too many loci |	0.00%
                                  UNMAPPED READS:
       % of reads unmapped: too many mismatches |	0.38%
                 % of reads unmapped: too short |	75.91%
                     % of reads unmapped: other |	0.00%
                                  CHIMERIC READS:
                       Number of chimeric reads |	12
                            % of chimeric reads |	0.00%
