                                 Started job on |	May 05 19:12:12
                             Started mapping on |	May 05 19:12:14
                                    Finished on |	May 05 19:14:29
       Mapping speed, Million of reads per hour |	7.15

                          Number of input reads |	268273
                      Average input read length |	202
                                    UNIQUE READS:
                   Uniquely mapped reads number |	66543
                        Uniquely mapped reads % |	24.80%
                          Average mapped length |	195.88
                       Number of splices: Total |	144580
            Number of splices: Annotated (sjdb) |	142796
                       Number of splices: GT/AG |	144540
                       Number of splices: GC/AG |	40
                       Number of splices: AT/AC |	0
               Number of splices: Non-canonical |	0
                      Mismatch rate per base, % |	0.77%
                         Deletion rate per base |	0.35%
                        Deletion average length |	1.00
                        Insertion rate per base |	0.00%
                       Insertion average length |	1.00
                             MULTI-MAPPING READS:
        Number of reads mapped to multiple loci |	98
             % of reads mapped to multiple loci |	0.04%
        Number of reads mapped to too many loci |	12
             % of reads mapped to too many loci |	0.00%
                                  UNMAPPED READS:
       % of reads unmapped: too many mismatches |	0.46%
                 % of reads unmapped: too short |	74.70%
                     % of reads unmapped: other |	0.00%
                                  CHIMERIC READS:
                       Number of chimeric reads |	5
                            % of chimeric reads |	0.00%
