                                 Started job on |	May 11 19:58:35
                             Started mapping on |	May 11 19:58:36
                                    Finished on |	May 11 20:00:48
       Mapping speed, Million of reads per hour |	7.27

                          Number of input reads |	266469
                      Average input read length |	202
                                    UNIQUE READS:
                   Uniquely mapped reads number |	90177
                        Uniquely mapped reads % |	33.84%
                          Average mapped length |	195.91
                       Number of splices: Total |	193916
            Number of splices: Annotated (sjdb) |	191517
                       Number of splices: GT/AG |	193776
                       Number of splices: GC/AG |	140
                       Number of splices: AT/AC |	0
               Number of splices: Non-canonical |	0
                      Mismatch rate per base, % |	0.74%
                         Deletion rate per base |	0.35%
                        Deletion average length |	1.00
                        Insertion rate per base |	0.00%
                       Insertion average length |	1.19
                             MULTI-MAPPING READS:
        Number of reads mapped to multiple loci |	131
             % of reads mapped to multiple loci |	0.05%
        Number of reads mapped to too many loci |	14
             % of reads mapped to too many loci |	0.01%
                                  UNMAPPED READS:
       % of reads unmapped: too many mismatches |	0.62%
                 % of reads unmapped: too short |	65.49%
                     % of reads unmapped: other |	0.00%
                                  CHIMERIC READS:
                       Number of chimeric reads |	11
                            % of chimeric reads |	0.00%
