                                 Started job on |	May 05 15:43:49
                             Started mapping on |	May 05 15:43:50
                                    Finished on |	May 05 15:46:01
       Mapping speed, Million of reads per hour |	10.59

                          Number of input reads |	385226
                      Average input read length |	202
                                    UNIQUE READS:
                   Uniquely mapped reads number |	73183
                        Uniquely mapped reads % |	19.00%
                          Average mapped length |	195.83
                       Number of splices: Total |	160418
            Number of splices: Annotated (sjdb) |	158465
                       Number of splices: GT/AG |	160361
                       Number of splices: GC/AG |	57
                       Number of splices: AT/AC |	0
               Number of splices: Non-canonical |	0
                      Mismatch rate per base, % |	0.77%
                         Deletion rate per base |	0.35%
                        Deletion average length |	1.00
                        Insertion rate per base |	0.00%
                       Insertion average length |	1.18
                             MULTI-MAPPING READS:
        Number of reads mapped to multiple loci |	139
             % of reads mapped to multiple loci |	0.04%
        Number of reads mapped to too many loci |	16
             % of reads mapped to too many loci |	0.00%
                                  UNMAPPED READS:
       % of reads unmapped: too many mismatches |	0.33%
                 % of reads unmapped: too short |	80.63%
                     % of reads unmapped: other |	0.00%
                                  CHIMERIC READS:
                       Number of chimeric reads |	5
                            % of chimeric reads |	0.00%
