                                 Started job on |	May 08 16:38:23
                             Started mapping on |	May 08 16:38:24
                                    Finished on |	May 08 16:40:38
       Mapping speed, Million of reads per hour |	9.63

                          Number of input reads |	358622
                      Average input read length |	202
                                    UNIQUE READS:
                   Uniquely mapped reads number |	78590
                        Uniquely mapped reads % |	21.91%
                          Average mapped length |	194.70
                       Number of splices: Total |	227977
            Number of splices: Annotated (sjdb) |	226746
                       Number of splices: GT/AG |	227802
                       Number of splices: GC/AG |	175
                       Number of splices: AT/AC |	0
               Number of splices: Non-canonical |	0
                      Mismatch rate per base, % |	0.71%
                         Deletion rate per base |	0.32%
                        Deletion average length |	1.00
                        Insertion rate per base |	0.10%
                       Insertion average length |	11.47
                             MULTI-MAPPING READS:
        Number of reads mapped to multiple loci |	227
             % of reads mapped to multiple loci |	0.06%
        Number of reads mapped to too many loci |	15
             % of reads mapped to too many loci |	0.00%
                                  UNMAPPED READS:
       % of reads unmapped: too many mismatches |	0.39%
                 % of reads unmapped: too short |	77.63%
                     % of reads unmapped: other |	0.00%
                                  CHIMERIC READS:
                       Number of chimeric reads |	20
                            % of chimeric reads |	0.01%
