                                 Started job on |	May 06 21:37:27
                             Started mapping on |	May 06 21:37:29
                                    Finished on |	May 06 21:40:11
       Mapping speed, Million of reads per hour |	6.85

                          Number of input reads |	308305
                      Average input read length |	202
                                    UNIQUE READS:
                   Uniquely mapped reads number |	51172
                        Uniquely mapped reads % |	16.60%
                          Average mapped length |	195.35
                       Number of splices: Total |	154093
            Number of splices: Annotated (sjdb) |	153558
                       Number of splices: GT/AG |	153980
                       Number of splices: GC/AG |	113
                       Number of splices: AT/AC |	0
               Number of splices: Non-canonical |	0
                      Mismatch rate per base, % |	0.71%
                         Deletion rate per base |	0.34%
                        Deletion average length |	1.00
                        Insertion rate per base |	0.09%
                       Insertion average length |	11.37
                             MULTI-MAPPING READS:
        Number of reads mapped to multiple loci |	101
             % of reads mapped to multiple loci |	0.03%
        Number of reads mapped to too many loci |	4
             % of reads mapped to too many loci |	0.00%
                                  UNMAPPED READS:
       % of reads unmapped: too many mismatches |	0.28%
                 % of reads unmapped: too short |	83.09%
                     % of reads unmapped: other |	0.00%
                                  CHIMERIC READS:
                       Number of chimeric reads |	13
                            % of chimeric reads |	0.00%
