                                 Started job on |	May 09 02:05:15
                             Started mapping on |	May 09 02:05:17
                                    Finished on |	May 09 02:08:05
       Mapping speed, Million of reads per hour |	6.79

                          Number of input reads |	316976
                      Average input read length |	202
                                    UNIQUE READS:
                   Uniquely mapped reads number |	82327
                        Uniquely mapped reads % |	25.97%
                          Average mapped length |	195.04
                       Number of splices: Total |	242207
            Number of splices: Annotated (sjdb) |	240981
                       Number of splices: GT/AG |	242008
                       Number of splices: GC/AG |	199
                       Number of splices: AT/AC |	0
               Number of splices: Non-canonical |	0
                      Mismatch rate per base, % |	0.73%
                         Deletion rate per base |	0.31%
                        Deletion average length |	1.00
                        Insertion rate per base |	0.09%
                       Insertion average length |	11.42
                             MULTI-MAPPING READS:
        Number of reads mapped to multiple loci |	171
             % of reads mapped to multiple loci |	0.05%
        Number of reads mapped to too many loci |	13
             % of reads mapped to too many loci |	0.00%
                                  UNMAPPED READS:
       % of reads unmapped: too many mismatches |	0.46%
                 % of reads unmapped: too short |	73.51%
                     % of reads unmapped: other |	0.00%
                                  CHIMERIC READS:
                       Number of chimeric reads |	17
                            % of chimeric reads |	0.01%
