                                 Started job on |	May 09 02:49:37
                             Started mapping on |	May 09 02:49:38
                                    Finished on |	May 09 02:51:49
       Mapping speed, Million of reads per hour |	5.45

                          Number of input reads |	198447
                      Average input read length |	202
                                    UNIQUE READS:
                   Uniquely mapped reads number |	53255
                        Uniquely mapped reads % |	26.84%
                          Average mapped length |	194.83
                       Number of splices: Total |	155641
            Number of splices: Annotated (sjdb) |	154801
                       Number of splices: GT/AG |	155551
                       Number of splices: GC/AG |	90
                       Number of splices: AT/AC |	0
               Number of splices: Non-canonical |	0
                      Mismatch rate per base, % |	0.71%
                         Deletion rate per base |	0.30%
                        Deletion average length |	1.00
                        Insertion rate per base |	0.09%
                       Insertion average length |	11.39
                             MULTI-MAPPING READS:
        Number of reads mapped to multiple loci |	112
             % of reads mapped to multiple loci |	0.06%
        Number of reads mapped to too many loci |	6
             % of reads mapped to too many loci |	0.00%
                                  UNMAPPED READS:
       % of reads unmapped: too many mismatches |	0.44%
                 % of reads unmapped: too short |	72.66%
                     % of reads unmapped: other |	0.00%
                                  CHIMERIC READS:
                       Number of chimeric reads |	15
                            % of chimeric reads |	0.01%
