                                 Started job on |	May 05 07:33:03
                             Started mapping on |	May 05 07:33:05
                                    Finished on |	May 05 07:35:30
       Mapping speed, Million of reads per hour |	4.63

                          Number of input reads |	186521
                      Average input read length |	202
                                    UNIQUE READS:
                   Uniquely mapped reads number |	39557
                        Uniquely mapped reads % |	21.21%
                          Average mapped length |	196.51
                       Number of splices: Total |	85048
            Number of splices: Annotated (sjdb) |	84156
                       Number of splices: GT/AG |	85022
                       Number of splices: GC/AG |	26
                       Number of splices: AT/AC |	0
               Number of splices: Non-canonical |	0
                      Mismatch rate per base, % |	0.69%
                         Deletion rate per base |	0.37%
                        Deletion average length |	1.00
                        Insertion rate per base |	0.00%
                       Insertion average length |	1.58
                             MULTI-MAPPING READS:
        Number of reads mapped to multiple loci |	45
             % of reads mapped to multiple loci |	0.02%
        Number of reads mapped to too many loci |	4
             % of reads mapped to too many loci |	0.00%
                                  UNMAPPED READS:
       % of reads unmapped: too many mismatches |	0.32%
                 % of reads unmapped: too short |	78.44%
                     % of reads unmapped: other |	0.00%
                                  CHIMERIC READS:
                       Number of chimeric reads |	4
                            % of chimeric reads |	0.00%
