                                 Started job on |	May 08 11:06:34
                             Started mapping on |	May 08 11:06:35
                                    Finished on |	May 08 11:08:38
       Mapping speed, Million of reads per hour |	7.34

                          Number of input reads |	250682
                      Average input read length |	202
                                    UNIQUE READS:
                   Uniquely mapped reads number |	80468
                        Uniquely mapped reads % |	32.10%
                          Average mapped length |	195.30
                       Number of splices: Total |	236263
            Number of splices: Annotated (sjdb) |	235107
                       Number of splices: GT/AG |	236101
                       Number of splices: GC/AG |	162
                       Number of splices: AT/AC |	0
               Number of splices: Non-canonical |	0
                      Mismatch rate per base, % |	0.70%
                         Deletion rate per base |	0.31%
                        Deletion average length |	1.00
                        Insertion rate per base |	0.07%
                       Insertion average length |	11.17
                             MULTI-MAPPING READS:
        Number of reads mapped to multiple loci |	152
             % of reads mapped to multiple loci |	0.06%
        Number of reads mapped to too many loci |	2
             % of reads mapped to too many loci |	0.00%
                                  UNMAPPED READS:
       % of reads unmapped: too many mismatches |	0.53%
                 % of reads unmapped: too short |	67.31%
                     % of reads unmapped: other |	0.00%
                                  CHIMERIC READS:
                       Number of chimeric reads |	6
                            % of chimeric reads |	0.00%
