                                 Started job on |	May 10 05:59:14
                             Started mapping on |	May 10 05:59:15
                                    Finished on |	May 10 06:01:29
       Mapping speed, Million of reads per hour |	8.50

                          Number of input reads |	316547
                      Average input read length |	202
                                    UNIQUE READS:
                   Uniquely mapped reads number |	92173
                        Uniquely mapped reads % |	29.12%
                          Average mapped length |	196.30
                       Number of splices: Total |	199472
            Number of splices: Annotated (sjdb) |	197152
                       Number of splices: GT/AG |	199276
                       Number of splices: GC/AG |	196
                       Number of splices: AT/AC |	0
               Number of splices: Non-canonical |	0
                      Mismatch rate per base, % |	0.71%
                         Deletion rate per base |	0.35%
                        Deletion average length |	1.00
                        Insertion rate per base |	0.00%
                       Insertion average length |	1.17
                             MULTI-MAPPING READS:
        Number of reads mapped to multiple loci |	131
             % of reads mapped to multiple loci |	0.04%
        Number of reads mapped to too many loci |	18
             % of reads mapped to too many loci |	0.01%
                                  UNMAPPED READS:
       % of reads unmapped: too many mismatches |	0.49%
                 % of reads unmapped: too short |	70.34%
                     % of reads unmapped: other |	0.00%
                                  CHIMERIC READS:
                       Number of chimeric reads |	7
                            % of chimeric reads |	0.00%
