                                 Started job on |	May 06 05:58:11
                             Started mapping on |	May 06 05:58:12
                                    Finished on |	May 06 06:00:14
       Mapping speed, Million of reads per hour |	7.11

                          Number of input reads |	241032
                      Average input read length |	202
                                    UNIQUE READS:
                   Uniquely mapped reads number |	67586
                        Uniquely mapped reads % |	28.04%
                          Average mapped length |	195.74
                       Number of splices: Total |	144922
            Number of splices: Annotated (sjdb) |	143236
                       Number of splices: GT/AG |	144846
                       Number of splices: GC/AG |	76
                       Number of splices: AT/AC |	0
               Number of splices: Non-canonical |	0
                      Mismatch rate per base, % |	0.75%
                         Deletion rate per base |	0.34%
                        Deletion average length |	1.00
                        Insertion rate per base |	0.00%
                       Insertion average length |	1.14
                             MULTI-MAPPING READS:
        Number of reads mapped to multiple loci |	98
             % of reads mapped to multiple loci |	0.04%
        Number of reads mapped to too many loci |	10
             % of reads mapped to too many loci |	0.00%
                                  UNMAPPED READS:
       % of reads unmapped: too many mismatches |	0.46%
                 % of reads unmapped: too short |	71.45%
                     % of reads unmapped: other |	0.00%
                                  CHIMERIC READS:
                       Number of chimeric reads |	6
                            % of chimeric reads |	0.00%
