                                 Started job on |	May 09 00:32:10
                             Started mapping on |	May 09 00:32:11
                                    Finished on |	May 09 00:34:55
       Mapping speed, Million of reads per hour |	3.34

                          Number of input reads |	152355
                      Average input read length |	202
                                    UNIQUE READS:
                   Uniquely mapped reads number |	33814
                        Uniquely mapped reads % |	22.19%
                          Average mapped length |	195.03
                       Number of splices: Total |	99063
            Number of splices: Annotated (sjdb) |	98562
                       Number of splices: GT/AG |	98999
                       Number of splices: GC/AG |	64
                       Number of splices: AT/AC |	0
               Number of splices: Non-canonical |	0
                      Mismatch rate per base, % |	0.72%
                         Deletion rate per base |	0.31%
                        Deletion average length |	1.00
                        Insertion rate per base |	0.06%
                       Insertion average length |	11.06
                             MULTI-MAPPING READS:
        Number of reads mapped to multiple loci |	66
             % of reads mapped to multiple loci |	0.04%
        Number of reads mapped to too many loci |	6
             % of reads mapped to too many loci |	0.00%
                                  UNMAPPED READS:
       % of reads unmapped: too many mismatches |	0.38%
                 % of reads unmapped: too short |	77.37%
                     % of reads unmapped: other |	0.00%
                                  CHIMERIC READS:
                       Number of chimeric reads |	9
                            % of chimeric reads |	0.01%
