                                 Started job on |	May 10 01:58:44
                             Started mapping on |	May 10 01:58:46
                                    Finished on |	May 10 02:01:55
       Mapping speed, Million of reads per hour |	3.05

                          Number of input reads |	160364
                      Average input read length |	202
                                    UNIQUE READS:
                   Uniquely mapped reads number |	43510
                        Uniquely mapped reads % |	27.13%
                          Average mapped length |	194.97
                       Number of splices: Total |	125195
            Number of splices: Annotated (sjdb) |	124493
                       Number of splices: GT/AG |	125071
                       Number of splices: GC/AG |	124
                       Number of splices: AT/AC |	0
               Number of splices: Non-canonical |	0
                      Mismatch rate per base, % |	0.69%
                         Deletion rate per base |	0.31%
                        Deletion average length |	1.00
                        Insertion rate per base |	0.09%
                       Insertion average length |	11.09
                             MULTI-MAPPING READS:
        Number of reads mapped to multiple loci |	109
             % of reads mapped to multiple loci |	0.07%
        Number of reads mapped to too many loci |	7
             % of reads mapped to too many loci |	0.00%
                                  UNMAPPED READS:
       % of reads unmapped: too many mismatches |	0.42%
                 % of reads unmapped: too short |	72.38%
                     % of reads unmapped: other |	0.00%
                                  CHIMERIC READS:
                       Number of chimeric reads |	5
                            % of chimeric reads |	0.00%
