                                 Started job on |	May 08 19:41:12
                             Started mapping on |	May 08 19:41:13
                                    Finished on |	May 08 19:44:51
       Mapping speed, Million of reads per hour |	3.07

                          Number of input reads |	185817
                      Average input read length |	202
                                    UNIQUE READS:
                   Uniquely mapped reads number |	37356
                        Uniquely mapped reads % |	20.10%
                          Average mapped length |	195.40
                       Number of splices: Total |	108506
            Number of splices: Annotated (sjdb) |	107964
                       Number of splices: GT/AG |	108424
                       Number of splices: GC/AG |	82
                       Number of splices: AT/AC |	0
               Number of splices: Non-canonical |	0
                      Mismatch rate per base, % |	0.71%
                         Deletion rate per base |	0.33%
                        Deletion average length |	1.00
                        Insertion rate per base |	0.07%
                       Insertion average length |	10.83
                             MULTI-MAPPING READS:
        Number of reads mapped to multiple loci |	81
             % of reads mapped to multiple loci |	0.04%
        Number of reads mapped to too many loci |	3
             % of reads mapped to too many loci |	0.00%
                                  UNMAPPED READS:
       % of reads unmapped: too many mismatches |	0.37%
                 % of reads unmapped: too short |	79.48%
                     % of reads unmapped: other |	0.00%
                                  CHIMERIC READS:
                       Number of chimeric reads |	7
                            % of chimeric reads |	0.00%
