                                 Started job on |	May 07 23:08:36
                             Started mapping on |	May 07 23:08:36
                                    Finished on |	May 07 23:11:24
       Mapping speed, Million of reads per hour |	3.13

                          Number of input reads |	146092
                      Average input read length |	202
                                    UNIQUE READS:
                   Uniquely mapped reads number |	45058
                        Uniquely mapped reads % |	30.84%
                          Average mapped length |	195.19
                       Number of splices: Total |	130004
            Number of splices: Annotated (sjdb) |	129400
                       Number of splices: GT/AG |	129863
                       Number of splices: GC/AG |	141
                       Number of splices: AT/AC |	0
               Number of splices: Non-canonical |	0
                      Mismatch rate per base, % |	0.70%
                         Deletion rate per base |	0.31%
                        Deletion average length |	1.00
                        Insertion rate per base |	0.08%
                       Insertion average length |	11.25
                             MULTI-MAPPING READS:
        Number of reads mapped to multiple loci |	70
             % of reads mapped to multiple loci |	0.05%
        Number of reads mapped to too many loci |	3
             % of reads mapped to too many loci |	0.00%
                                  UNMAPPED READS:
       % of reads unmapped: too many mismatches |	0.48%
                 % of reads unmapped: too short |	68.62%
                     % of reads unmapped: other |	0.00%
                                  CHIMERIC READS:
                       Number of chimeric reads |	10
                            % of chimeric reads |	0.01%
