                                 Started job on |	May 08 00:33:37
                             Started mapping on |	May 08 00:33:38
                                    Finished on |	May 08 00:36:20
       Mapping speed, Million of reads per hour |	4.58

                          Number of input reads |	206230
                      Average input read length |	202
                                    UNIQUE READS:
                   Uniquely mapped reads number |	60785
                        Uniquely mapped reads % |	29.47%
                          Average mapped length |	195.33
                       Number of splices: Total |	174391
            Number of splices: Annotated (sjdb) |	173642
                       Number of splices: GT/AG |	174248
                       Number of splices: GC/AG |	143
                       Number of splices: AT/AC |	0
               Number of splices: Non-canonical |	0
                      Mismatch rate per base, % |	0.70%
                         Deletion rate per base |	0.32%
                        Deletion average length |	1.00
                        Insertion rate per base |	0.09%
                       Insertion average length |	11.41
                             MULTI-MAPPING READS:
        Number of reads mapped to multiple loci |	103
             % of reads mapped to multiple loci |	0.05%
        Number of reads mapped to too many loci |	3
             % of reads mapped to too many loci |	0.00%
                                  UNMAPPED READS:
       % of reads unmapped: too many mismatches |	0.47%
                 % of reads unmapped: too short |	70.00%
                     % of reads unmapped: other |	0.00%
                                  CHIMERIC READS:
                       Number of chimeric reads |	12
                            % of chimeric reads |	0.01%
