                                 Started job on |	May 10 00:24:36
                             Started mapping on |	May 10 00:24:37
                                    Finished on |	May 10 00:27:29
       Mapping speed, Million of reads per hour |	4.99

                          Number of input reads |	238602
                      Average input read length |	202
                                    UNIQUE READS:
                   Uniquely mapped reads number |	60800
                        Uniquely mapped reads % |	25.48%
                          Average mapped length |	195.16
                       Number of splices: Total |	174140
            Number of splices: Annotated (sjdb) |	173291
                       Number of splices: GT/AG |	174021
                       Number of splices: GC/AG |	119
                       Number of splices: AT/AC |	0
               Number of splices: Non-canonical |	0
                      Mismatch rate per base, % |	0.70%
                         Deletion rate per base |	0.32%
                        Deletion average length |	1.00
                        Insertion rate per base |	0.09%
                       Insertion average length |	11.13
                             MULTI-MAPPING READS:
        Number of reads mapped to multiple loci |	150
             % of reads mapped to multiple loci |	0.06%
        Number of reads mapped to too many loci |	8
             % of reads mapped to too many loci |	0.00%
                                  UNMAPPED READS:
       % of reads unmapped: too many mismatches |	0.45%
                 % of reads unmapped: too short |	74.01%
                     % of reads unmapped: other |	0.00%
                                  CHIMERIC READS:
                       Number of chimeric reads |	17
                            % of chimeric reads |	0.01%
