                                 Started job on |	May 05 03:29:27
                             Started mapping on |	May 05 03:29:28
                                    Finished on |	May 05 03:32:03
       Mapping speed, Million of reads per hour |	6.41

                          Number of input reads |	276123
                      Average input read length |	202
                                    UNIQUE READS:
                   Uniquely mapped reads number |	53646
                        Uniquely mapped reads % |	19.43%
                          Average mapped length |	196.74
                       Number of splices: Total |	117170
            Number of splices: Annotated (sjdb) |	116033
                       Number of splices: GT/AG |	117097
                       Number of splices: GC/AG |	73
                       Number of splices: AT/AC |	0
               Number of splices: Non-canonical |	0
                      Mismatch rate per base, % |	0.69%
                         Deletion rate per base |	0.37%
                        Deletion average length |	1.00
                        Insertion rate per base |	0.00%
                       Insertion average length |	1.07
                             MULTI-MAPPING READS:
        Number of reads mapped to multiple loci |	99
             % of reads mapped to multiple loci |	0.04%
        Number of reads mapped to too many loci |	23
             % of reads mapped to too many loci |	0.01%
                                  UNMAPPED READS:
       % of reads unmapped: too many mismatches |	0.28%
                 % of reads unmapped: too short |	80.25%
                     % of reads unmapped: other |	0.00%
                                  CHIMERIC READS:
                       Number of chimeric reads |	7
                            % of chimeric reads |	0.00%
