                                 Started job on |	May 05 18:21:47
                             Started mapping on |	May 05 18:21:49
                                    Finished on |	May 05 18:23:53
       Mapping speed, Million of reads per hour |	5.43

                          Number of input reads |	187098
                      Average input read length |	202
                                    UNIQUE READS:
                   Uniquely mapped reads number |	46530
                        Uniquely mapped reads % |	24.87%
                          Average mapped length |	196.04
                       Number of splices: Total |	101524
            Number of splices: Annotated (sjdb) |	100408
                       Number of splices: GT/AG |	101490
                       Number of splices: GC/AG |	34
                       Number of splices: AT/AC |	0
               Number of splices: Non-canonical |	0
                      Mismatch rate per base, % |	0.78%
                         Deletion rate per base |	0.35%
                        Deletion average length |	1.00
                        Insertion rate per base |	0.00%
                       Insertion average length |	1.04
                             MULTI-MAPPING READS:
        Number of reads mapped to multiple loci |	59
             % of reads mapped to multiple loci |	0.03%
        Number of reads mapped to too many loci |	7
             % of reads mapped to too many loci |	0.00%
                                  UNMAPPED READS:
       % of reads unmapped: too many mismatches |	0.46%
                 % of reads unmapped: too short |	74.63%
                     % of reads unmapped: other |	0.00%
                                  CHIMERIC READS:
                       Number of chimeric reads |	1
                            % of chimeric reads |	0.00%
