                                 Started job on |	May 08 07:09:00
                             Started mapping on |	May 08 07:09:02
                                    Finished on |	May 08 07:11:55
       Mapping speed, Million of reads per hour |	4.63

                          Number of input reads |	222257
                      Average input read length |	202
                                    UNIQUE READS:
                   Uniquely mapped reads number |	57956
                        Uniquely mapped reads % |	26.08%
                          Average mapped length |	194.71
                       Number of splices: Total |	166134
            Number of splices: Annotated (sjdb) |	165200
                       Number of splices: GT/AG |	165965
                       Number of splices: GC/AG |	169
                       Number of splices: AT/AC |	0
               Number of splices: Non-canonical |	0
                      Mismatch rate per base, % |	0.82%
                         Deletion rate per base |	0.33%
                        Deletion average length |	1.00
                        Insertion rate per base |	0.09%
                       Insertion average length |	11.26
                             MULTI-MAPPING READS:
        Number of reads mapped to multiple loci |	170
             % of reads mapped to multiple loci |	0.08%
        Number of reads mapped to too many loci |	15
             % of reads mapped to too many loci |	0.01%
                                  UNMAPPED READS:
       % of reads unmapped: too many mismatches |	0.65%
                 % of reads unmapped: too short |	73.18%
                     % of reads unmapped: other |	0.00%
                                  CHIMERIC READS:
                       Number of chimeric reads |	10
                            % of chimeric reads |	0.00%
