                                 Started job on |	May 11 12:23:41
                             Started mapping on |	May 11 12:23:42
                                    Finished on |	May 11 12:26:00
       Mapping speed, Million of reads per hour |	6.61

                          Number of input reads |	253477
                      Average input read length |	202
                                    UNIQUE READS:
                   Uniquely mapped reads number |	72278
                        Uniquely mapped reads % |	28.51%
                          Average mapped length |	196.19
                       Number of splices: Total |	153833
            Number of splices: Annotated (sjdb) |	152261
                       Number of splices: GT/AG |	153702
                       Number of splices: GC/AG |	131
                       Number of splices: AT/AC |	0
               Number of splices: Non-canonical |	0
                      Mismatch rate per base, % |	0.73%
                         Deletion rate per base |	0.36%
                        Deletion average length |	1.00
                        Insertion rate per base |	0.00%
                       Insertion average length |	1.05
                             MULTI-MAPPING READS:
        Number of reads mapped to multiple loci |	97
             % of reads mapped to multiple loci |	0.04%
        Number of reads mapped to too many loci |	10
             % of reads mapped to too many loci |	0.00%
                                  UNMAPPED READS:
       % of reads unmapped: too many mismatches |	0.51%
                 % of reads unmapped: too short |	70.93%
                     % of reads unmapped: other |	0.00%
                                  CHIMERIC READS:
                       Number of chimeric reads |	11
                            % of chimeric reads |	0.00%
