                                 Started job on |	May 05 14:15:47
                             Started mapping on |	May 05 14:15:49
                                    Finished on |	May 05 14:18:38
       Mapping speed, Million of reads per hour |	5.83

                          Number of input reads |	273571
                      Average input read length |	202
                                    UNIQUE READS:
                   Uniquely mapped reads number |	64720
                        Uniquely mapped reads % |	23.66%
                          Average mapped length |	196.12
                       Number of splices: Total |	140647
            Number of splices: Annotated (sjdb) |	138848
                       Number of splices: GT/AG |	140606
                       Number of splices: GC/AG |	41
                       Number of splices: AT/AC |	0
               Number of splices: Non-canonical |	0
                      Mismatch rate per base, % |	0.74%
                         Deletion rate per base |	0.35%
                        Deletion average length |	1.00
                        Insertion rate per base |	0.00%
                       Insertion average length |	1.22
                             MULTI-MAPPING READS:
        Number of reads mapped to multiple loci |	96
             % of reads mapped to multiple loci |	0.04%
        Number of reads mapped to too many loci |	11
             % of reads mapped to too many loci |	0.00%
                                  UNMAPPED READS:
       % of reads unmapped: too many mismatches |	0.36%
                 % of reads unmapped: too short |	75.95%
                     % of reads unmapped: other |	0.00%
                                  CHIMERIC READS:
                       Number of chimeric reads |	5
                            % of chimeric reads |	0.00%
