                                 Started job on |	May 11 05:03:40
                             Started mapping on |	May 11 05:03:42
                                    Finished on |	May 11 05:06:12
       Mapping speed, Million of reads per hour |	7.26

                          Number of input reads |	302628
                      Average input read length |	202
                                    UNIQUE READS:
                   Uniquely mapped reads number |	104358
                        Uniquely mapped reads % |	34.48%
                          Average mapped length |	196.01
                       Number of splices: Total |	224802
            Number of splices: Annotated (sjdb) |	221970
                       Number of splices: GT/AG |	224610
                       Number of splices: GC/AG |	192
                       Number of splices: AT/AC |	0
               Number of splices: Non-canonical |	0
                      Mismatch rate per base, % |	0.70%
                         Deletion rate per base |	0.35%
                        Deletion average length |	1.00
                        Insertion rate per base |	0.00%
                       Insertion average length |	1.04
                             MULTI-MAPPING READS:
        Number of reads mapped to multiple loci |	160
             % of reads mapped to multiple loci |	0.05%
        Number of reads mapped to too many loci |	15
             % of reads mapped to too many loci |	0.00%
                                  UNMAPPED READS:
       % of reads unmapped: too many mismatches |	0.58%
                 % of reads unmapped: too short |	64.88%
                     % of reads unmapped: other |	0.00%
                                  CHIMERIC READS:
                       Number of chimeric reads |	4
                            % of chimeric reads |	0.00%
