                                 Started job on |	May 09 15:18:18
                             Started mapping on |	May 09 15:18:18
                                    Finished on |	May 09 15:21:08
       Mapping speed, Million of reads per hour |	6.27

                          Number of input reads |	296287
                      Average input read length |	202
                                    UNIQUE READS:
                   Uniquely mapped reads number |	86682
                        Uniquely mapped reads % |	29.26%
                          Average mapped length |	194.86
                       Number of splices: Total |	256989
            Number of splices: Annotated (sjdb) |	255736
                       Number of splices: GT/AG |	256715
                       Number of splices: GC/AG |	274
                       Number of splices: AT/AC |	0
               Number of splices: Non-canonical |	0
                      Mismatch rate per base, % |	0.75%
                         Deletion rate per base |	0.32%
                        Deletion average length |	1.00
                        Insertion rate per base |	0.10%
                       Insertion average length |	11.37
                             MULTI-MAPPING READS:
        Number of reads mapped to multiple loci |	190
             % of reads mapped to multiple loci |	0.06%
        Number of reads mapped to too many loci |	11
             % of reads mapped to too many loci |	0.00%
                                  UNMAPPED READS:
       % of reads unmapped: too many mismatches |	0.50%
                 % of reads unmapped: too short |	70.18%
                     % of reads unmapped: other |	0.00%
                                  CHIMERIC READS:
                       Number of chimeric reads |	14
                            % of chimeric reads |	0.00%
