                                 Started job on |	May 09 01:20:45
                             Started mapping on |	May 09 01:20:46
                                    Finished on |	May 09 01:22:57
       Mapping speed, Million of reads per hour |	6.16

                          Number of input reads |	224335
                      Average input read length |	202
                                    UNIQUE READS:
                   Uniquely mapped reads number |	55646
                        Uniquely mapped reads % |	24.80%
                          Average mapped length |	195.04
                       Number of splices: Total |	162630
            Number of splices: Annotated (sjdb) |	161695
                       Number of splices: GT/AG |	162486
                       Number of splices: GC/AG |	144
                       Number of splices: AT/AC |	0
               Number of splices: Non-canonical |	0
                      Mismatch rate per base, % |	0.72%
                         Deletion rate per base |	0.31%
                        Deletion average length |	1.00
                        Insertion rate per base |	0.08%
                       Insertion average length |	11.41
                             MULTI-MAPPING READS:
        Number of reads mapped to multiple loci |	119
             % of reads mapped to multiple loci |	0.05%
        Number of reads mapped to too many loci |	13
             % of reads mapped to too many loci |	0.01%
                                  UNMAPPED READS:
       % of reads unmapped: too many mismatches |	0.41%
                 % of reads unmapped: too short |	74.72%
                     % of reads unmapped: other |	0.00%
                                  CHIMERIC READS:
                       Number of chimeric reads |	5
                            % of chimeric reads |	0.00%
