                                 Started job on |	May 11 21:11:27
                             Started mapping on |	May 11 21:11:28
                                    Finished on |	May 11 21:13:15
       Mapping speed, Million of reads per hour |	8.78

                          Number of input reads |	260818
                      Average input read length |	202
                                    UNIQUE READS:
                   Uniquely mapped reads number |	76149
                        Uniquely mapped reads % |	29.20%
                          Average mapped length |	196.20
                       Number of splices: Total |	164049
            Number of splices: Annotated (sjdb) |	162061
                       Number of splices: GT/AG |	163914
                       Number of splices: GC/AG |	135
                       Number of splices: AT/AC |	0
               Number of splices: Non-canonical |	0
                      Mismatch rate per base, % |	0.71%
                         Deletion rate per base |	0.36%
                        Deletion average length |	1.00
                        Insertion rate per base |	0.00%
                       Insertion average length |	1.01
                             MULTI-MAPPING READS:
        Number of reads mapped to multiple loci |	88
             % of reads mapped to multiple loci |	0.03%
        Number of reads mapped to too many loci |	13
             % of reads mapped to too many loci |	0.00%
                                  UNMAPPED READS:
       % of reads unmapped: too many mismatches |	0.50%
                 % of reads unmapped: too short |	70.27%
                     % of reads unmapped: other |	0.00%
                                  CHIMERIC READS:
                       Number of chimeric reads |	10
                            % of chimeric reads |	0.00%
