                                 Started job on |	May 11 05:29:47
                             Started mapping on |	May 11 05:29:49
                                    Finished on |	May 11 05:33:05
       Mapping speed, Million of reads per hour |	5.17

                          Number of input reads |	281222
                      Average input read length |	202
                                    UNIQUE READS:
                   Uniquely mapped reads number |	80744
                        Uniquely mapped reads % |	28.71%
                          Average mapped length |	196.42
                       Number of splices: Total |	174575
            Number of splices: Annotated (sjdb) |	172610
                       Number of splices: GT/AG |	174467
                       Number of splices: GC/AG |	108
                       Number of splices: AT/AC |	0
               Number of splices: Non-canonical |	0
                      Mismatch rate per base, % |	0.68%
                         Deletion rate per base |	0.36%
                        Deletion average length |	1.00
                        Insertion rate per base |	0.00%
                       Insertion average length |	1.02
                             MULTI-MAPPING READS:
        Number of reads mapped to multiple loci |	92
             % of reads mapped to multiple loci |	0.03%
        Number of reads mapped to too many loci |	9
             % of reads mapped to too many loci |	0.00%
                                  UNMAPPED READS:
       % of reads unmapped: too many mismatches |	0.46%
                 % of reads unmapped: too short |	70.80%
                     % of reads unmapped: other |	0.00%
                                  CHIMERIC READS:
                       Number of chimeric reads |	5
                            % of chimeric reads |	0.00%
