                                 Started job on |	May 08 01:00:53
                             Started mapping on |	May 08 01:00:54
                                    Finished on |	May 08 01:03:17
       Mapping speed, Million of reads per hour |	6.39

                          Number of input reads |	254005
                      Average input read length |	202
                                    UNIQUE READS:
                   Uniquely mapped reads number |	71488
                        Uniquely mapped reads % |	28.14%
                          Average mapped length |	195.28
                       Number of splices: Total |	214944
            Number of splices: Annotated (sjdb) |	214022
                       Number of splices: GT/AG |	214764
                       Number of splices: GC/AG |	180
                       Number of splices: AT/AC |	0
               Number of splices: Non-canonical |	0
                      Mismatch rate per base, % |	0.71%
                         Deletion rate per base |	0.32%
                        Deletion average length |	1.00
                        Insertion rate per base |	0.09%
                       Insertion average length |	11.40
                             MULTI-MAPPING READS:
        Number of reads mapped to multiple loci |	173
             % of reads mapped to multiple loci |	0.07%
        Number of reads mapped to too many loci |	9
             % of reads mapped to too many loci |	0.00%
                                  UNMAPPED READS:
       % of reads unmapped: too many mismatches |	0.47%
                 % of reads unmapped: too short |	71.31%
                     % of reads unmapped: other |	0.00%
                                  CHIMERIC READS:
                       Number of chimeric reads |	10
                            % of chimeric reads |	0.00%
