                                 Started job on |	May 05 19:52:36
                             Started mapping on |	May 05 19:52:37
                                    Finished on |	May 05 19:55:31
       Mapping speed, Million of reads per hour |	6.82

                          Number of input reads |	329435
                      Average input read length |	202
                                    UNIQUE READS:
                   Uniquely mapped reads number |	59089
                        Uniquely mapped reads % |	17.94%
                          Average mapped length |	196.07
                       Number of splices: Total |	127615
            Number of splices: Annotated (sjdb) |	126096
                       Number of splices: GT/AG |	127567
                       Number of splices: GC/AG |	48
                       Number of splices: AT/AC |	0
               Number of splices: Non-canonical |	0
                      Mismatch rate per base, % |	0.76%
                         Deletion rate per base |	0.35%
                        Deletion average length |	1.00
                        Insertion rate per base |	0.00%
                       Insertion average length |	1.07
                             MULTI-MAPPING READS:
        Number of reads mapped to multiple loci |	84
             % of reads mapped to multiple loci |	0.03%
        Number of reads mapped to too many loci |	12
             % of reads mapped to too many loci |	0.00%
                                  UNMAPPED READS:
       % of reads unmapped: too many mismatches |	0.34%
                 % of reads unmapped: too short |	81.69%
                     % of reads unmapped: other |	0.00%
                                  CHIMERIC READS:
                       Number of chimeric reads |	3
                            % of chimeric reads |	0.00%
